Version identifier: 22.1.0.0 | 2022-03-09 | 1a383f8ce
CPXPARAM_Read_DataCheck                          1
CPXPARAM_Threads                                 1
CPXPARAM_TimeLimit                               3600
Tried aggregator 2 times.
MIP Presolve eliminated 6458 rows and 216 columns.
MIP Presolve modified 104404 coefficients.
Aggregator did 370 substitutions.
Reduced MIP has 24163 rows, 1634 columns, and 199859 nonzeros.
Reduced MIP has 1211 binaries, 0 generals, 0 SOSs, and 0 indicators.
Presolve time = 0.35 sec. (306.72 ticks)
Probing fixed 1 vars, tightened 2 bounds.
Probing time = 0.04 sec. (35.43 ticks)
Tried aggregator 1 time.
Detecting symmetries...
MIP Presolve eliminated 4 rows and 1 columns.
MIP Presolve modified 112 coefficients.
Reduced MIP has 24159 rows, 1633 columns, and 199809 nonzeros.
Reduced MIP has 1210 binaries, 0 generals, 0 SOSs, and 0 indicators.
Presolve time = 0.12 sec. (83.84 ticks)
Probing time = 0.01 sec. (8.24 ticks)
Clique table members: 1025.
MIP emphasis: balance optimality and feasibility.
MIP search method: dynamic search.
Parallel mode: none, using 1 thread.
Root relaxation solution time = 0.11 sec. (132.86 ticks)

        Nodes                                         Cuts/
   Node  Left     Objective  IInf  Best Integer    Best Bound    ItCnt     Gap

      0     0      385.2526   304                    385.2526      950         
      0     0      385.2526   140                  Cuts: 1211     2086         
      0     0      385.2702   237                  Cuts: 1338     3275         
      0     0      385.3675   277                  Cuts: 2371     5279         
      0     0      385.7181   268                  Cuts: 3260     6251         
      0     0      385.9165   269                  Cuts: 3024     7112         
Detecting symmetries...
      0     0      386.2315   201                  Cuts: 3812     9135         
      0     0      386.3173   209                  Cuts: 2648     9825         
      0     0      386.8104   241                  Cuts: 2324    10647         
      0     0      386.9448   260                  Cuts: 2754    11246         
      0     0      387.2010   253                  Cuts: 1066    11811         
      0     0      387.3211   284                  Cuts: 1783    12440         
      0     0      387.3696   297                  Cuts: 2911    12922         
      0     0      387.4624   316                   Cuts: 736    13373         
      0     0      387.6290   325                   Cuts: 385    13692         
      0     0      387.6575   281                  Cuts: 1611    14118         
      0     0      387.6876   282                  Cuts: 2749    14646         
      0     0      387.7196   298                  Cuts: 2381    14910         
Detecting symmetries...
      0     2      387.7196   298                    387.7206    14910         
Elapsed time = 39.02 sec. (31728.13 ticks, tree = 0.01 MB, solutions = 0)
      2     4      387.9164   257                    387.9171    15507         
      3     5      389.4812   213                    387.9171    16085         
      4     6      393.6011   214                    387.9171    16604         
      9    11      399.2939   202                    388.2052    17735         
     10    12      388.3455   218                    388.2052    18121         
     12    14      397.0498   190                    388.2052    19481         
     14    16      388.5014   214                    388.2052    20367         
     18    16      388.9526   172                    388.2052    21258         
     25    23      390.6103   190                    388.2052    22402         
     28    26      393.2064   144                    388.2052    24329         
Elapsed time = 44.55 sec. (36612.48 ticks, tree = 0.48 MB, solutions = 0)
     30    28      395.1950   152                    388.2052    25228         
     39    37      474.4949    98                    388.2052    28316         
     50    48      400.0075   167                    388.2052    30687         
     68    66      402.1250   150                    388.2052    33341         
     90    80      406.5159   125                    388.2052    35396         
    101    87      408.8195    72                    388.2052    37568         
    108    94      419.6553    64                    388.2052    39668         
    120   106      419.3492    82                    388.2052    41633         
    140   126      431.7010    61                    388.2052    44161         
    153   135      458.3395    53                    388.2052    47135         
Elapsed time = 56.01 sec. (48643.64 ticks, tree = 0.87 MB, solutions = 0)
    180   162      466.0470    43                    388.2052    49099         
    197   171      390.2061   227                    388.4821    51634         
    214   184      402.8080   178                    388.4821    55166         
    219   189      412.9944   131                    388.4821    58320         
    229   199      392.6375   182                    388.4821    60769         
    240   210      396.2906   155                    388.4821    62417         
    258   226      394.2662   162                    388.4821    65305         
    262   230      395.6917   142                    388.4821    67476         
    278   244      400.6120   104                    388.4821    70425         
    284   244      390.8190   173                    388.5523    72725         
Elapsed time = 66.00 sec. (59146.63 ticks, tree = 1.27 MB, solutions = 0)
    299   257    infeasible                          388.5523    76873         
    302   260      596.1076   155                    388.5523    85478         
    305   261    infeasible                          388.5523    87339         
    320   276      389.8155   153                    388.5523    89988         
    334   290      395.7731   218                    388.5523    93111         
    347   303      389.2990   173                    388.5523    95911         
    355   311      469.4123   134                    388.5523    98684         
    363   319      391.5145   150                    388.5523   100843         
    375   329    infeasible                          388.5523   104069         
    381   335      476.6058   146                    388.5523   108985         
Elapsed time = 84.24 sec. (77745.39 ticks, tree = 1.62 MB, solutions = 0)
    386   340      388.7765   152                    388.5523   111493         
    391   343    infeasible                          388.5523   114884         
    397   349      419.2019   158                    388.5523   119073         
    414   366      393.4471   116                    388.6241   121929         
    431   379      406.7643   153                    388.6241   124761         
    440   388      498.2850   101                    388.6241   126071         
    480   416      546.1487    61                    388.6241   128943         
    490   417      416.5814   124                    388.6391   131724         
    501   426      457.5566   112                    388.6391   134958         
    516   439      427.8587    97                    388.6391   137929         
Elapsed time = 96.31 sec. (90286.32 ticks, tree = 2.00 MB, solutions = 0)
    525   448      430.6656    99                    388.6391   140654         
    540   463      428.8917    86                    388.6391   143732         
    552   475      430.4614    80                    388.6391   146759         
    558   477    infeasible                          388.6391   152292         
    560   479      430.4614    75                    388.6391   152717         
    570   489      452.6639   105                    388.6391   158168         
    577   496      441.6900   110                    388.6391   162099         
    582   501      533.6199   105                    388.6391   165679         
    589   508      434.4457   108                    388.6391   170236         
    597   516      430.4614    79                    388.6391   173416         
Elapsed time = 108.19 sec. (103307.34 ticks, tree = 2.30 MB, solutions = 0)
    600   519      485.7485   113                    388.6391   177677         
    605   524      550.1376    99                    388.6391   181896         
    613   532      430.4658    80                    388.6391   185102         
    620   539      448.6826   106                    388.6391   189103         
    626   545      438.2533   126                    388.6391   193678         
    634   553      430.4614    69                    388.6391   196913         
    640   559      430.4614    70                    388.6391   198671         
    646   565      432.5015    88                    388.6391   202871         
    653   572      432.2298   115                    388.6391   206057         
    661   580      430.4660    79                    388.6391   209558         
Elapsed time = 120.55 sec. (115762.08 ticks, tree = 2.53 MB, solutions = 0)
    665   584      434.3447   112                    388.6391   212720         
    673   592      430.4614    71                    388.6391   215524         
    680   599      434.0874   111                    388.6391   218927         
    689   606      430.4614    76                    388.6391   222146         
    694   611      433.1733   112                    388.6391   225887         
    712   627      433.1716    79                    388.6391   229077         
    729   642      434.6894   120                    388.6391   230901         
    739   652      435.7774    92                    388.6391   233063         
    773   680      452.0912    61                    388.6391   235726         
    777   680      388.9051   126                    388.7117   239276         
Elapsed time = 131.86 sec. (126582.08 ticks, tree = 2.90 MB, solutions = 0)
    787   690      470.8015   102                    388.7117   242448         
    800   703      391.7037   121                    388.7117   244523         
    811   712      397.7987   124                    388.7117   247554         
    818   717      428.5037   146                    388.7117   251052         
    837   736      398.5258   116                    388.7117   253632         
    844   743      490.2349   115                    388.7117   257649         
    853   752      401.2587   114                    388.7117   260092         
    866   763      430.8278    93                    388.7117   263436         
    874   765      400.6302   144                    388.7117   265519         
    881   772      392.8177   158                    388.7117   267321         
Elapsed time = 144.40 sec. (138192.05 ticks, tree = 3.24 MB, solutions = 0)
    890   781      391.3647   121                    388.7117   270152         
    904   793      397.2541   104                    388.7117   273249         
    912   801      400.3978   148                    388.7117   276801         
    934   823      449.6760   116                    388.7117   279857         
    944   833      419.9024   145                    388.7117   283984         
    952   841      405.6229   126                    388.7117   287823         
    960   849      399.0918    89                    388.7117   289577         
    964   853      457.2656   107                    388.7117   292668         
    994   883      399.3332   100                    388.7117   294753         
   1100   975    infeasible                          388.7117   304246         
Elapsed time = 156.78 sec. (151917.79 ticks, tree = 3.99 MB, solutions = 0)
   1120   985      404.6941   168                    388.7153   314793         
   1189  1054      413.0382    85                    388.7153   323430         
   1254  1103      390.8291   240                    388.7188   332262         
   1309  1158      472.4976    53                    388.7188   337270         
   1357  1200      419.6978    75                    388.7188   346870         
   1435  1264      481.5594   114                    388.7188   356738         
   1482  1307      404.2094   122                    388.7188   367246         
   1500  1313    infeasible                          388.7188   378228         
   1532  1343      425.6176    89                    388.7188   386753         
   1577  1381      395.7741   146                    388.7188   399102         
Elapsed time = 195.56 sec. (191536.62 ticks, tree = 5.52 MB, solutions = 0)

Performing restart 1

Repeating presolve.
Tried aggregator 1 time.
Reduced MIP has 24159 rows, 1633 columns, and 199809 nonzeros.
Reduced MIP has 1210 binaries, 0 generals, 0 SOSs, and 0 indicators.
Presolve time = 0.07 sec. (64.39 ticks)
Tried aggregator 1 time.
Reduced MIP has 24159 rows, 1633 columns, and 199809 nonzeros.
Reduced MIP has 1210 binaries, 0 generals, 0 SOSs, and 0 indicators.
Presolve time = 0.13 sec. (83.75 ticks)
Represolve time = 0.49 sec. (317.25 ticks)
   1578     0      387.7335   285                  Cuts: 4966   402441         
   1578     0      387.7858   364                  Cuts: 1946   402914         
   1578     0      387.8129   402                  Cuts: 4842   403231         
   1578     0      387.8334   424                  Cuts: 2726   403582         
   1578     0      387.8402   394                  Cuts: 2652   403762         
   1578     0      387.8420   403                  Cuts: 3109   403921         
   1578     2      387.8420   405                    388.7188   403921         
   1579     3      387.9263   334                    388.7188   404116         
   1580     4      392.1499   224                    388.7188   405676         
   1581     5      392.1499   219                    388.7188   405680         
   1582     5      392.1501   218                    388.7188   405681         
   1586     9      494.0323   119                    388.7188   407942         
   1595    18      435.8018   134                    388.7188   409740         
   1599    21      458.4842   134                    388.7188   411050         
   1610    32      488.6840   123                    388.7188   413211         
   1620    41      472.5213   140                    388.7188   414100         
Elapsed time = 303.63 sec. (289452.52 ticks, tree = 0.34 MB, solutions = 0)
   1629    48      473.0863   145                    388.7188   415644         
   1648    65      570.6641   131                    388.7188   417011         
   1671    83      609.9675   102                    388.7188   419356         
   1682    93      580.3726   109                    388.7188   423088         
   1706   116      607.1952    59                    388.7188   428505         
   1721   121      387.9263   332                    388.7188   430391         
   1722   122      387.9270   330                    388.7188   430394         
   1724   124      432.9243   124                    388.7188   432430         
   1729   129      451.8897   129                    388.7188   433758         
   1732   132      439.8138   125                    388.7188   435542         
Elapsed time = 350.86 sec. (340344.38 ticks, tree = 0.85 MB, solutions = 0)
   1739   139      437.8480   134                    388.7188   438107         
   1752   152      491.8570   122                    388.7188   441585         
   1774   168      478.1767   107                    388.7188   444398         
   1808   201      498.3305    90                    388.7188   448879         
   1838   227      545.2141    49                    388.7188   451791         
   1878   257      467.3051   156                    388.7188   457661         
   1885   264      489.5853   137                    388.7188   459402         
   1895   274      526.9393   123                    388.7188   462533         
   1911   290      489.6249   104                    388.7188   466260         
   1918   297      508.5906    85                    388.7188   469291         
Elapsed time = 394.15 sec. (386017.06 ticks, tree = 1.85 MB, solutions = 0)
   1934   311      518.9791    72                    388.7188   474018         
   1944   321      547.7344    74                    388.7188   476712         
   1980   353      387.9814   270                    388.7188   481611         
   1997   370      399.9957   133                    388.7188   485226         
   2030   403      522.2923    67                    388.7188   490012         
   2056   423      388.0666   229                    388.7188   494967         
   2071   436      417.8937   110                    388.7188   497755         
   2086   451      440.7709    98                    388.7188   502825         
   2116   481      442.1440    74                    388.7188   509038         
   2165   530      484.2326    48                    388.7188   515304         
Elapsed time = 433.41 sec. (426162.81 ticks, tree = 2.92 MB, solutions = 0)
   2204   555      426.2290   143                    388.7188   522308         
   2218   569      479.8188   116                    388.7188   525471         
   2229   579      483.6240   111                    388.7188   528980         
   2261   611      534.7033    81                    388.7188   534680         
   2295   644      564.3635    39                    388.7188   542465         
   2339   677      498.1896   106                    388.7188   549036         
   2378   714      556.0634    70                    388.7188   555240         
   2429   751      435.7766   223                    388.7188   562789         
   2459   779      568.3910    87                    388.7188   567400         
   2505   811      396.7790   144                    388.7188   573666         
Elapsed time = 474.96 sec. (467000.47 ticks, tree = 3.95 MB, solutions = 0)
   2538   839      603.0832    88                    388.7188   579043         
   2573   863      446.6834   144                    388.7188   586773         

Performing restart 2

Repeating presolve.
Tried aggregator 1 time.
MIP Presolve eliminated 5 rows and 1 columns.
MIP Presolve modified 48 coefficients.
Reduced MIP has 24154 rows, 1632 columns, and 207035 nonzeros.
Reduced MIP has 1209 binaries, 0 generals, 0 SOSs, and 0 indicators.
Presolve time = 0.18 sec. (113.99 ticks)
Tried aggregator 1 time.
Reduced MIP has 24154 rows, 1632 columns, and 207035 nonzeros.
Reduced MIP has 1209 binaries, 0 generals, 0 SOSs, and 0 indicators.
Presolve time = 0.21 sec. (89.77 ticks)
Represolve time = 0.87 sec. (429.77 ticks)
   2630     0      387.8432   381                  Cuts: 6138   595636         
   2630     0      387.8460   428                  Cuts: 1834   595846         
   2630     0      387.8491   424                  Cuts: 2460   596046         
   2630     0      387.8501   404                  Cuts: 3210   596203         
   2630     0      387.8504   422                  Cuts: 2144   596378         
   2630     0      387.8523   462                  Cuts: 1757   596561         
   2630     0      387.8530   423                  Cuts: 2929   596697         
   2630     0      387.8630   453                  Cuts: 1920   596863         
   2630     0      387.8947   484                  Cuts: 1080   597053         
   2630     2      387.8947   490                    388.7188   597053         
   2631     3      387.8947   487                    388.7188   597063         
   2632     4      387.8951   475                    388.7188   597081         
   2633     5      387.8960   472                    388.7188   597084         
   2635     7      397.3629   113                    388.7188   598957         
   2645    17      409.8923   135                    388.7188   602044         
   2647    19      397.5594   233                    388.7188   602300         
   2648    19      403.2296   108                    388.7188   605336         
Elapsed time = 674.29 sec. (628962.89 ticks, tree = 0.07 MB, solutions = 0)
   2660    30      601.1720    94                    388.7188   609021         
   2672    42      607.6186   107                    388.7188   614360         
   2707    64      735.2037    61                    388.7188   618832         
   2725    69      472.0065   127                    388.7188   624703         
   2736    80      528.5207   124                    388.7188   629592         
   2748    92      508.7985   124                    388.7188   632198         
   2768   112      551.1807   101                    388.7188   634929         
   2805   148      582.0381    76                    388.7188   640094         
   2840   163      387.8987   417                    388.7188   647109         
   2852   175      392.9050   185                    388.7188   652474         
Elapsed time = 720.52 sec. (673985.20 ticks, tree = 4.60 MB, solutions = 0)
   2860   183      393.3660   180                    388.7188   655381         
   2875   196      420.2550    95                    388.7188   665032         
   2886   207      456.7084    92                    388.7188   669256         
   2901   222      465.3818    80                    388.7188   672384         
   2942   263      495.5600    50                    388.7188   677301         
   2986   295      403.2434   114                    388.7188   682190         
   3015   324      420.4915    91                    388.7188   684908         
   3055   357      388.1702   307                    388.7188   689296         
   3067   369      418.5419   148                    388.7188   693689         
   3079   381      418.6246   153                    388.7188   697108         
Elapsed time = 769.48 sec. (722246.37 ticks, tree = 8.37 MB, solutions = 0)
   3093   395      425.2866   122                    388.7188   703506         
   3109   411      442.5294    97                    388.7188   709682         
   3118   420      440.2211   109                    388.7188   712336         
   3145   446      483.1984    59                    388.7188   718698         
   3179   466      440.1311   112                    388.7188   724602         
   3191   478      508.0224    87                    388.7188   728538         
   3212   498      522.4198    78                    388.7188   735050         
   3251   533      581.3104    39                    388.7188   741261         
   3271   544      394.4183   163                    388.7188   745448         
   3277   550      431.4387   154                    388.7188   749973         
Elapsed time = 811.90 sec. (762822.51 ticks, tree = 9.00 MB, solutions = 0)
   3293   565      448.4435   150                    388.7188   756379         
   3311   583      494.3011    89                    388.7188   762900         
   3358   624      616.7430    35                    388.7188   769742         
   3365   627      433.4692   149                    388.7188   775388         
   3415   677      473.4053   100                    388.7188   781352         
   3453   709      455.6534   154                    388.7188   789783         
   3473   729      572.1261   103                    388.7188   796303         
   3510   762      619.7269    59                    388.7188   803698         
   3541   785      422.1211   150                    388.7188   810358         
   3609   843      407.9950   176                    388.7188   816150         
Elapsed time = 857.31 sec. (803297.95 ticks, tree = 10.07 MB, solutions = 0)
   3628   862      479.1828    97                    388.7188   823476         
   3647   881      487.2943   114                    388.7188   830869         
   3670   904      543.9643    63                    388.7188   837694         
   3724   946      388.5602   230                    388.7188   843592         
   3750   972      493.8720    71                    388.7188   852345         
   3797  1015      444.3733   101                    388.7188   859367         
   3844  1056      392.4136   164                    388.7188   866048         
   3880  1086      392.3752   148                    388.7188   872029         
   3907  1113      401.1436   127                    388.7188   879619         
   3929  1135      451.2257    72                    388.7188   884173         
Elapsed time = 903.30 sec. (842926.10 ticks, tree = 11.17 MB, solutions = 0)
   3964  1164      388.8671   190                    388.7188   891203         
   3996  1196      488.7026    97                    388.7188   898879         
   4020  1220      570.4992    63                    388.7188   906972         
   4076  1270      438.8237   127                    388.7188   915754         
   4115  1309      466.7887    76                    388.7188   923041         
   4183  1369      388.5559   183                    388.7188   929222         
   4229  1405      397.1848   105                    388.7188   938016         
   4248  1422    infeasible                          388.7188   943678         
   4273  1443      554.4443    75                    388.7188   952218         
   4304  1468      407.7331   152                    388.7188   957974         
Elapsed time = 948.22 sec. (881686.59 ticks, tree = 12.39 MB, solutions = 0)
   4358  1518    infeasible                          388.7188   964633         
   4388  1546      464.7396    75                    388.7188   971730         
   4420  1574      473.7990    96                    388.7188   978569         
   4462  1616      610.9029    43                    388.7188   987137         
   4475  1623      447.9395   116                    388.7188   994412         
   4506  1650      389.0199   231                    388.7188  1000696         
   4535  1679      420.9740    84                    388.7188  1007274         
   4569  1703      432.7814    90                    388.7188  1013655         
   4616  1748      503.7811    43                    388.7188  1021939         
   4659  1779      492.7347   108                    388.7188  1030130         
Elapsed time = 991.51 sec. (920749.09 ticks, tree = 13.52 MB, solutions = 0)
   4691  1811      474.7135    78                    388.7188  1038152         
   4725  1842      526.9973    46                    388.7188  1047696         
   4763  1874      418.8856   106                    388.7188  1055575         
   4810  1913      417.7599   102                    388.7188  1064402         
   4835  1938      509.2783    50                    388.7188  1072461         
   4851  1948      421.2284   109                    388.7188  1080599         
   4877  1974      643.4383    86                    388.7188  1086287         
   4905  1993      432.0995   131                    388.7188  1095545         
   4924  2012      485.5274    79                    388.7188  1104779         
   4967  2047      389.5561   190                    388.7188  1111671         
Elapsed time = 1032.93 sec. (961575.18 ticks, tree = 14.50 MB, solutions = 0)
   5000  2080      444.0976    61                    388.7188  1117025         
   5038  2112      455.2140    97                    388.7188  1124850         
   5072  2144    infeasible                          388.7188  1133385         
   5116  2180      417.2322    79                    388.7188  1140092         
   5161  2217      389.8532   142                    388.7188  1147568         
   5192  2248      453.3461    81                    388.7188  1156841         
   5224  2274      402.3297   138                    388.7188  1164738         
   5262  2312      488.2011    62                    388.7188  1171762         
   5294  2336      395.9960   187                    388.7188  1179626         
   5323  2365      449.3282    87                    388.7188  1189018         
Elapsed time = 1073.87 sec. (1001558.27 ticks, tree = 15.75 MB, solutions = 0)
   5367  2409      538.9030    59                    388.7188  1197456         
   5411  2447      454.3206    80                    388.7188  1207331         
   5436  2468      393.2594   213                    388.7188  1213458         
   5445  2477      514.4039    97                    388.7188  1219586         
   5490  2522      501.7067    79                    388.7188  1227313         
   5529  2553      411.2561   160                    388.7188  1235809         
   5567  2585      388.7375   276                    388.7188  1242867         
   5587  2605      480.5200    94                    388.7188  1251133         
   5623  2641      492.0903    85                    388.7188  1259943         
   5651  2665      514.6851    66                    388.7188  1267159         
Elapsed time = 1115.66 sec. (1040250.51 ticks, tree = 16.83 MB, solutions = 0)
   5685  2693      482.6164   122                    388.7188  1275468         
   5727  2731      389.7628   210                    388.7188  1283934         
   5757  2761      444.2106    69                    388.7188  1291586         
   5801  2795      402.4500   137                    388.7188  1299118         
   5851  2835      388.9947   209                    388.7188  1304762         
   5877  2861      410.3474   138                    388.7188  1312956         
   5930  2910      549.4075    47                    388.7188  1319592         
   5966  2936      394.0914   129                    388.7188  1325836         
   6012  2982      501.6920    39                    388.7188  1333028         
   6048  3012      424.2396    90                    388.7188  1338614         
Elapsed time = 1163.93 sec. (1079737.86 ticks, tree = 18.11 MB, solutions = 0)
   6097  3053      398.6050   118                    388.7188  1345277         
   6149  3091      415.5160   104                    388.7188  1351272         
   6197  3133    infeasible                          388.7188  1358383         
   6215  3149      479.0960   112                    388.7188  1366998         
   6247  3175      389.4646   236                    388.7252  1374756         
   6272  3200      423.9163   107                    388.7252  1382100         
   6303  3225      396.2080   132                    388.7384  1390819         
   6346  3264      389.5086   285                    388.7612  1398184         
   6374  3292      502.9230    96                    388.7612  1406114         
   6417  3329      585.6918    52                    388.7612  1415514         
Elapsed time = 1208.29 sec. (1120239.98 ticks, tree = 19.27 MB, solutions = 0)
   6483  3378      398.2195   115                    388.7773  1420433         
   6541  3422      398.0221   133                    388.7830  1428263         
   6560  3439      435.2105    72                    388.7830  1437366         
   6603  3470      469.4985   105                    388.8052  1444670         
   6630  3497      460.2288    92                    388.8052  1451777         
   6661  3518      606.1404    49                    388.8052  1461650         
   6686  3539      434.9388    70                    388.8059  1469331         
   6718  3563      393.3482   100                    388.8128  1476821         
   6760  3597      389.9275   174                    388.8460  1483890         
   6809  3644      493.1074    52                    388.8460  1491767         
Elapsed time = 1255.16 sec. (1159419.25 ticks, tree = 20.42 MB, solutions = 0)
   6865  3691      447.2491    51                    388.8460  1497630         
   6900  3722      413.7674    99                    388.8782  1504198         
   6941  3757      432.3778   116                    388.9023  1511972         
   6962  3772      395.7669   208                    388.9142  1520088         
   6988  3798      517.4856    66                    388.9142  1528611         
   7019  3819      391.5613   131                    388.9201  1536934         
   7047  3839      402.1784   208                    388.9232  1543986         
   7073  3865      517.0084    95                    388.9232  1552056         
   7098  3890      551.7731    59                    388.9232  1560632         
   7124  3906      399.6316   156                    388.9382  1570139         
Elapsed time = 1302.93 sec. (1198345.07 ticks, tree = 21.38 MB, solutions = 0)
   7145  3927      448.2918   125                    388.9382  1578150         
   7157  3939      495.9333    93                    388.9382  1585722         
   7196  3964      392.6304   207                    388.9510  1592163         
   7231  3999      487.6744    53                    388.9510  1600589         
   7283  4043      435.4050    48                    388.9730  1606656         
   7319  4069      426.5195   109                    388.9812  1616148         
   7343  4093      445.8281    97                    388.9812  1625390         
   7387  4137      500.2970    69                    388.9812  1633108         
   7416  4156      444.8630   110                    388.9887  1641660         
   7440  4176      417.5727    89                    389.0199  1647922         
Elapsed time = 1350.99 sec. (1237539.32 ticks, tree = 22.51 MB, solutions = 0)
   7484  4204      487.7322   117                    389.0215  1655677         
   7510  4224      412.1265   153                    389.0250  1664636         
   7531  4245      431.6241    99                    389.0250  1671566         
   7567  4281      488.2509    84                    389.0250  1679121         
   7622  4324      394.3457   142                    389.0341  1685760         
   7663  4355      399.3114   127                    389.0426  1692128         
   7681  4369      402.2446   195                    389.0535  1700325         
   7699  4387      531.3229   110                    389.0535  1709364         
   7738  4426      573.4858    48                    389.0535  1717549         
   7773  4451      392.0203   176                    389.0870  1724957         
Elapsed time = 1397.64 sec. (1276297.71 ticks, tree = 23.51 MB, solutions = 0)
   7816  4488      409.1518   211                    389.0874  1732043         
   7854  4524      548.0373    44                    389.0874  1736761         
   7883  4545      499.1153    81                    389.0879  1744962         
   7920  4570      410.8169   218                    389.0994  1755293         
   7968  4614      566.7265    54                    389.0994  1761128         
   8001  4641      464.4737    74                    389.1070  1768327         
   8026  4666      519.5019    52                    389.1070  1776927         
   8074  4708      419.1198    88                    389.1085  1783352         
   8113  4741      425.6076    90                    389.1412  1790923         
   8134  4762      474.9509    65                    389.1412  1798921         
Elapsed time = 1444.10 sec. (1315112.35 ticks, tree = 24.66 MB, solutions = 0)
   8191  4803      399.2044   137                    389.1570  1806137         
   8238  4842      402.2343   135                    389.1744  1812206         
   8270  4874      461.7885    57                    389.1744  1820052         
   8302  4900      440.8268   107                    389.1762  1828013         
   8330  4924      390.0470   151                    389.1904  1837375         
   8360  4954      446.9166    68                    389.1904  1844293         
   8403  4985      389.6810   164                    389.2242  1852773         
   8446  5028      473.1789    52                    389.2242  1860511         
   8469  5045      503.5944    77                    389.2454  1869260         
   8507  5075      394.2947   122                    389.2456  1878290         
Elapsed time = 1491.40 sec. (1354346.33 ticks, tree = 25.81 MB, solutions = 0)
   8550  5112      404.7155   107                    389.2594  1885795         
   8597  5147      394.8783   160                    389.2606  1892468         
   8640  5186      395.7404   241                    389.2716  1897920         
   8667  5211      460.5777    98                    389.2716  1907182         
   8687  5231      565.0490    75                    389.2716  1915629         
   8733  5265      390.6084   282                    389.2816  1925577         
   8792  5318      389.7594   210                    389.2816  1931184         
   8830  5356      435.3633   100                    389.2816  1938972         
   8860  5382      401.0967    92                    389.2868  1947564         
   8891  5413      508.9782    68                    389.2868  1954489         
Elapsed time = 1540.03 sec. (1394637.35 ticks, tree = 27.04 MB, solutions = 0)
   8919  5433      540.6325    91                    389.2895  1962433         
   8964  5468      615.1432    40                    389.2895  1971089         
   9002  5492      471.9135   120                    389.3268  1979933         
   9029  5519      476.3460    74                    389.3268  1989206         
   9068  5554      574.9046    30                    389.3268  1994303         
   9110  5588      389.5261   201                    389.3481  2000250         
   9139  5617      456.2487    72                    389.3481  2007729         
   9187  5659      550.5560    55                    389.3483  2013719         
   9215  5683      442.5131    82                    389.3537  2021722         
   9250  5710      466.1080    83                    389.3636  2027280         
Elapsed time = 1587.31 sec. (1433268.35 ticks, tree = 28.13 MB, solutions = 0)
   9276  5732      440.5307   126                    389.3674  2035819         
   9314  5768      514.6359    49                    389.3674  2044455         
   9351  5801      395.3766   142                    389.3824  2051023         
   9384  5832      441.0949    72                    389.3824  2059241         
   9428  5862      423.7342   118                    389.3858  2065476         
   9451  5885      463.2882    65                    389.3858  2071647         
   9473  5902      390.6442   186                    389.4077  2076357         
   9498  5923      408.9675   153                    389.4159  2085954         
   9530  5955      422.9865    88                    389.4159  2093035         
   9584  5995      412.8558   239                    389.4177  2101538         
Elapsed time = 1634.04 sec. (1472945.52 ticks, tree = 29.18 MB, solutions = 0)
   9631  6034      391.2458   233                    389.4248  2108051         
   9665  6068      440.9277   102                    389.4248  2116397         
   9703  6106      519.8723    45                    389.4248  2124715         
   9771  6164      430.3095    80                    389.4443  2129863         
   9801  6188      434.0141    84                    389.4448  2139537         
   9851  6228      391.3714   124                    389.4653  2146764         
   9884  6253      402.0208    93                    389.4985  2154709         
   9921  6288      532.8919    38                    389.4985  2162538         
   9953  6312      487.0768   116                    389.5086  2170202         
   9981  6340      535.1597    69                    389.5086  2178224         
Elapsed time = 1681.48 sec. (1511982.06 ticks, tree = 30.45 MB, solutions = 0)
  10010  6365      521.1654    80                    389.5096  2186572         
  10039  6392      578.2606    43                    389.5096  2196210         
  10081  6424    infeasible                          389.5107  2203053         
  10117  6456      411.2806   137                    389.5110  2211237         
  10130  6465      511.0095    99                    389.5124  2219486         
  10162  6493      421.1665   165                    389.5472  2226513         
  10201  6532      503.4951    79                    389.5472  2235146         
  10247  6568      391.5223   241                    389.5561  2243959         
  10294  6613      626.4007    42                    389.5561  2251467         
  10314  6629      553.0698    71                    389.5898  2259735         
Elapsed time = 1728.72 sec. (1551369.52 ticks, tree = 31.50 MB, solutions = 0)
  10360  6665      423.5270   117                    389.5920  2267683         
  10394  6693      398.7057   175                    389.5935  2273860         
  10429  6728      480.0570    68                    389.5935  2280542         
  10465  6758      430.3088   117                    389.6071  2287909         
  10520  6807    infeasible                          389.6071  2296262         
  10549  6834      529.4896    67                    389.6119  2304087         
  10594  6873      466.2733    55                    389.6137  2310986         
  10628  6903      487.0109    78                    389.6424  2319263         
  10666  6939    infeasible                          389.6424  2328135         
  10710  6975      481.4437    60                    389.6465  2333903         
Elapsed time = 1775.30 sec. (1589877.33 ticks, tree = 32.78 MB, solutions = 0)
  10735  6996      490.3394    73                    389.6479  2341027         
  10775  7028      398.1625    97                    389.6488  2348989         
  10819  7066      393.1310   142                    389.6552  2355783         
  10844  7091      414.5514    89                    389.6552  2363872         
  10897  7124      391.0428   158                    389.6588  2372270         
  10946  7165    infeasible                          389.6588  2379252         
  10970  7189      461.0732   117                    389.6609  2387248         
  10998  7215      519.5470    40                    389.6609  2395214         
  11033  7240      442.8123    81                    389.6634  2403286         
  11078  7275      397.7360   112                    389.6692  2409730         
Elapsed time = 1822.05 sec. (1628611.64 ticks, tree = 33.88 MB, solutions = 0)
  11131  7320    infeasible                          389.6692  2417453         
  11174  7363      484.6765    55                    389.6714  2424135         
  11206  7391      398.6619    97                    389.6721  2430060         
  11265  7440      398.8079   111                    389.6725  2436421         
  11293  7464      393.2943   154                    389.6876  2443007         
  11323  7492    infeasible                          389.6876  2450972         
  11366  7531      422.8850   144                    389.6894  2458369         
  11392  7553      421.7300   152                    389.6900  2466264         
  11418  7577      436.1477    89                    389.6900  2475290         
  11446  7603      518.2940    66                    389.6900  2481718         
Elapsed time = 1870.18 sec. (1667921.08 ticks, tree = 35.08 MB, solutions = 0)
  11502  7647      450.6846    69                    389.6936  2489279         
  11525  7666      409.5463   139                    389.6986  2496537         
  11561  7702      541.4087    76                    389.6986  2504405         
  11599  7734      430.6626    78                    389.7035  2510874         
  11628  7759      420.5033   112                    389.7190  2518125         
  11671  7800      469.2926    66                    389.7190  2526191         
  11710  7831      408.2345   102                    389.7325  2533280         
  11754  7869      425.0365   103                    389.7382  2540369         
  11795  7906      391.6550   135                    389.7439  2547985         
  11830  7931      390.0130   254                    389.7518  2552848         
Elapsed time = 1917.15 sec. (1706623.40 ticks, tree = 36.28 MB, solutions = 0)
  11854  7955      450.0954   107                    389.7518  2563624         
  11882  7983      551.7900    89                    389.7518  2572340         
  11920  8013    infeasible                          389.7553  2579445         
  11952  8033      446.1384    75                    389.7630  2586061         
  11994  8065      454.0137    71                    389.7823  2592723         
  12032  8099      431.9632   109                    389.8100  2599399         
  12090  8149      393.0755   189                    389.8241  2606497         
  12126  8185      434.5105    89                    389.8241  2615049         
  12164  8209      401.8424   120                    389.8249  2621151         
  12209  8246      395.7366   129                    389.8250  2629942         
Elapsed time = 1964.30 sec. (1745619.43 ticks, tree = 37.77 MB, solutions = 0)
  12237  8268    infeasible                          389.8515  2637991         
  12278  8305      505.9734    50                    389.8515  2645799         
  12325  8342      411.4866    73                    389.8710  2651514         
  12367  8380      459.1109   106                    389.8745  2659099         
  12420  8421      392.4370   107                    389.8771  2667036         
  12456  8453      525.0460   153                    389.8835  2674488         
  12479  8475      566.7223    87                    389.8835  2682686         
  12511  8505      633.0912    50                    389.8835  2691759         
  12539  8527      399.5763    89                    389.8836  2698212         
  12576  8558    infeasible                          389.8893  2703835         
Elapsed time = 2007.77 sec. (1784764.30 ticks, tree = 38.91 MB, solutions = 0)
  12605  8587      493.1818    62                    389.8893  2710804         
  12634  8610      401.0999    95                    389.8985  2717384         
  12679  8647      391.5512   141                    389.9002  2724587         
  12714  8682      460.8298    64                    389.9002  2731902         
  12762  8720      392.2984   176                    389.9058  2738631         
  12785  8743      492.5506    95                    389.9058  2748187         
  12837  8777    infeasible                          389.9058  2757051         
  12887  8819      400.8594   196                    389.9066  2763355         
  12910  8842      497.9388    91                    389.9066  2772800         
  12935  8867      531.9067    73                    389.9066  2781636         
Elapsed time = 2049.80 sec. (1824235.20 ticks, tree = 40.05 MB, solutions = 0)
  12974  8898      423.8831    77                    389.9135  2788251         
  13019  8927      499.0970    85                    389.9143  2796266         
  13048  8956      517.2210    54                    389.9143  2802168         
  13090  8990    infeasible                          389.9185  2807745         
  13111  9005      458.2652   100                    389.9249  2814281         
  13135  9029      552.5636    65                    389.9249  2822961         
  13173  9051      464.5876    95                    389.9250  2831241         
  13216  9088      518.2763    48                    389.9250  2838351         
  13257  9123      402.0956   106                    389.9269  2845670         
  13294  9156      394.5224   107                    389.9276  2851453         
Elapsed time = 2100.45 sec. (1862949.85 ticks, tree = 41.11 MB, solutions = 0)
  13334  9188      392.4221   175                    389.9292  2859014         
  13362  9216      445.2679    79                    389.9292  2867006         
  13390  9240      464.8796    76                    389.9345  2875022         
  13423  9267      404.3636    93                    389.9350  2882648         
  13450  9290      400.8206   103                    389.9399  2890656         
  13487  9319      420.6691   111                    389.9464  2898514         
  13524  9346      492.2727    47                    389.9464  2906362         
  13561  9373      433.8889   141                    389.9573  2914564         
  13580  9392      454.6564    88                    389.9573  2922819         
  13615  9427      498.8582    63                    389.9573  2931629         
Elapsed time = 2143.09 sec. (1902094.09 ticks, tree = 42.11 MB, solutions = 0)
  13644  9450      431.9743    75                    389.9578  2938765         
  13676  9474      420.1581   102                    389.9627  2945900         
  13727  9517      393.8158   137                    389.9654  2951643         
  13757  9541      393.6479   121                    389.9658  2958678         
  13784  9568      431.0955    74                    389.9658  2965782         
  13833  9603    infeasible                          389.9845  2972343         
  13865  9625      427.3135    97                    389.9896  2981436         
  13888  9648      439.0980    87                    389.9896  2989736         
  13924  9676      411.6330    86                    389.9912  2996459         
  13954  9700      405.2080    97                    389.9926  3003228         
Elapsed time = 2190.34 sec. (1940735.90 ticks, tree = 43.10 MB, solutions = 0)
  13998  9744      520.4341    53                    389.9926  3011351         
  14047  9779    infeasible                          389.9938  3018740         
  14079  9811      401.8203   107                    389.9974  3026023         
  14123  9843      397.8930   134                    390.0027  3035573         
  14154  9874      462.3832    81                    390.0027  3043331         
  14187  9893      519.7909    78                    390.0073  3052239         
  14223  9927      572.0044    43                    390.0073  3060070         
  14272  9968      460.5850    59                    390.0097  3066233         
  14311 10001      441.8104    81                    390.0098  3072679         
  14358 10040      438.8006    79                    390.0105  3079037         
Elapsed time = 2238.09 sec. (1980008.78 ticks, tree = 44.35 MB, solutions = 0)
  14395 10069      488.6467    87                    390.0133  3086568         
  14438 10102      403.3543   112                    390.0154  3093673         
  14475 10129      418.5427   111                    390.0154  3100766         
  14512 10164      476.7011    59                    390.0154  3108659         
  14553 10195      441.9253   164                    390.0222  3116253         
  14587 10229      407.3672   106                    390.0222  3124052         
  14626 10262      393.3854   143                    390.0235  3130549         
  14649 10285      448.4972    63                    390.0235  3137085         
  14693 10317      415.3028   106                    390.0235  3144624         
  14732 10348      390.6280   188                    390.0248  3152257         
Elapsed time = 2286.12 sec. (2019257.45 ticks, tree = 45.48 MB, solutions = 0)
  14788 10396      417.1530   156                    390.0281  3158609         
  14823 10431      445.8248    79                    390.0281  3165749         
  14874 10462      414.3141   133                    390.0509  3174314         
  14910 10492      390.1643   209                    390.0511  3179935         
  14941 10523      435.7554    78                    390.0511  3188196         
  15000 10570      401.8055   146                    390.0576  3195529         
  15027 10589      439.7236    95                    390.0597  3203244         
  15049 10609      485.9692   102                    390.0597  3211089         
  15091 10645      392.4738   148                    390.0700  3218673         
  15132 10676      392.6946   149                    390.0720  3225593         
Elapsed time = 2333.50 sec. (2058069.28 ticks, tree = 46.68 MB, solutions = 0)
  15165 10709      455.5245    79                    390.0720  3234769         
  15204 10740      394.3305   190                    390.0731  3242184         
  15229 10763      471.3335    66                    390.0731  3251387         
  15264 10782      462.7268   113                    390.0737  3260645         
  15293 10811      508.0604    64                    390.0737  3269549         
  15343 10855      400.1341    99                    390.0755  3277024         
  15375 10879      417.8810   125                    390.0826  3285017         
  15410 10914      429.1237    84                    390.0826  3291268         
  15446 10946      399.1188   103                    390.0882  3296046         
  15475 10971      442.7442    72                    390.0924  3303754         
Elapsed time = 2381.13 sec. (2097238.09 ticks, tree = 47.76 MB, solutions = 0)
  15500 10990      457.2089   104                    390.0967  3313449         
  15549 11029      394.9611   132                    390.0971  3320412         
  15596 11066      391.2266   176                    390.0989  3327168         
  15641 11105      417.3467   131                    390.1006  3334944         
  15674 11138      453.6367    54                    390.1006  3341739         
  15720 11170      393.3743   122                    390.1031  3349434         
  15758 11204      395.8520   188                    390.1054  3357841         
  15786 11232      432.3953    82                    390.1054  3364539         
  15832 11268      392.5397   137                    390.1095  3370934         
  15869 11299      400.5857   141                    390.1107  3378420         
Elapsed time = 2429.23 sec. (2137204.72 ticks, tree = 48.97 MB, solutions = 0)
  15908 11338      459.8047    75                    390.1107  3386228         
  15954 11378      414.0854    99                    390.1107  3393086         
  15979 11399      419.7932   142                    390.1195  3402532         
  16011 11431      435.9489   108                    390.1195  3410764         
  16045 11463      460.9725    73                    390.1195  3419427         
  16101 11511      480.2924   146                    390.1233  3426806         
  16128 11528      434.8059    98                    390.1339  3435140         
  16165 11565      506.0889    74                    390.1339  3444650         
  16217 11607      403.7706    80                    390.1390  3451255         
  16250 11636      436.7630    74                    390.1405  3458794         
Elapsed time = 2476.73 sec. (2176291.94 ticks, tree = 50.21 MB, solutions = 0)
  16285 11659      406.7417   131                    390.1420  3467150         
  16315 11689      435.4587    84                    390.1420  3475310         
  16360 11728      411.2623    95                    390.1470  3483914         
  16391 11757      447.4193    62                    390.1470  3490978         
  16444 11800      398.4758   117                    390.1503  3499220         
  16480 11830      406.4350   205                    390.1539  3506711         
  16519 11869      399.9056   106                    390.1539  3513741         
  16565 11907      391.2562   169                    390.1539  3520748         
  16612 11948      401.8180   105                    390.1630  3527170         
  16630 11966      403.8988   117                    390.1630  3534117         
Elapsed time = 2523.98 sec. (2215273.00 ticks, tree = 51.41 MB, solutions = 0)
  16656 11992      502.2233    63                    390.1630  3543269         
  16706 12038      404.3543    88                    390.1637  3549531         
  16744 12062      418.0422   137                    390.1649  3558099         
  16769 12087      482.7782    74                    390.1649  3565456         
  16812 12120      399.0785   130                    390.1683  3573629         
  16849 12151      410.7602   131                    390.1710  3580417         
  16866 12168      555.0033   119                    390.1710  3588547         
  16899 12187      407.3301   188                    390.1743  3595435         
  16913 12201      426.1514    98                    390.1743  3602586         
  16955 12243      526.7433    46                    390.1743  3608848         
Elapsed time = 2578.11 sec. (2254934.71 ticks, tree = 52.43 MB, solutions = 0)
  16986 12270      429.2332   109                    390.1761  3616675         
  17041 12305      390.2412   170                    390.1775  3622790         
  17086 12346      500.2509    93                    390.1788  3631717         
  17114 12366      577.1046    68                    390.1788  3639881         
  17177 12419      548.1547    62                    390.1857  3645632         
  17206 12444      442.5930    80                    390.1878  3654108         
  17240 12474      409.3790   112                    390.1950  3662524         
  17287 12513      452.4920    93                    390.1962  3670589         
  17327 12553      465.6605    79                    390.1962  3679729         
  17380 12598      425.3066   119                    390.1962  3687243         
Elapsed time = 2625.72 sec. (2294323.24 ticks, tree = 53.73 MB, solutions = 0)
  17437 12643      417.1624   157                    390.2013  3694812         
  17468 12674      442.3902   106                    390.2013  3704265         
  17504 12710      555.3609    70                    390.2013  3714049         
  17535 12737      440.1206    89                    390.2078  3722259         
  17565 12767      485.1568    84                    390.2078  3731638         
  17596 12798      540.8513    57                    390.2078  3741874         
  17630 12822      437.2574   104                    390.2088  3750649         
  17660 12846      411.0011   123                    390.2122  3760359         
  17701 12883      391.9406   134                    390.2178  3768300         
  17730 12912      437.0397    81                    390.2178  3777179         
Elapsed time = 2672.45 sec. (2333731.04 ticks, tree = 54.88 MB, solutions = 0)
  17789 12959      393.4981   118                    390.2212  3785516         
  17841 13005      463.1484   105                    390.2303  3792340         
  17866 13028    infeasible                          390.2303  3802089         
  17900 13056      409.7302    75                    390.2390  3809148         
  17936 13088      531.9819    77                    390.2414  3816380         
  17980 13126      402.3922   107                    390.2423  3824499         
  18012 13150      404.5420   117                    390.2465  3831752         
  18048 13186      524.8734    53                    390.2465  3838118         
  18080 13204      524.5685   101                    390.2506  3846556         
  18100 13224      583.5959    65                    390.2506  3856050         
Elapsed time = 2718.92 sec. (2372520.34 ticks, tree = 56.02 MB, solutions = 0)
  18145 13253      426.0570   165                    390.2529  3865200         
  18181 13289      436.8135   108                    390.2529  3873006         
  18235 13331      390.8104   170                    390.2529  3879542         
  18295 13379      398.5764   150                    390.2534  3885965         
  18327 13411      421.5243    78                    390.2534  3895129         
  18375 13453      416.6610    97                    390.2554  3902112         
  18406 13478      473.7409    78                    390.2574  3910184         
  18445 13509      394.6936   109                    390.2579  3916443         
  18501 13561      442.7743    92                    390.2584  3923523         
  18541 13595    infeasible                          390.2584  3931742         
Elapsed time = 2769.02 sec. (2411797.41 ticks, tree = 57.39 MB, solutions = 0)
  18590 13632      392.7013   164                    390.2648  3939016         
  18629 13671      522.6058    66                    390.2648  3944987         
  18662 13700      413.8080    90                    390.2679  3952366         
  18698 13726      430.0743    91                    390.2710  3960558         
  18732 13760      443.2169    74                    390.2710  3969699         
  18783 13805      393.7407   147                    390.2759  3976616         
  18820 13838      391.5063   124                    390.2777  3982918         
  18861 13875      489.4155    59                    390.2777  3990027         
  18903 13905      462.0409    49                    390.2790  3996623         
  18937 13933      408.8249    94                    390.2823  4003349         
Elapsed time = 2817.53 sec. (2450762.19 ticks, tree = 58.63 MB, solutions = 0)
  18985 13969      402.0579   193                    390.2833  4011349         
  19030 14010      399.0946   179                    390.2835  4018345         
  19058 14038      519.1036    90                    390.2835  4028306         
  19101 14071      391.1443   125                    390.2835  4037031         
  19143 14109      396.4378    95                    390.2903  4042966         
  19189 14151      443.9430    92                    390.2920  4050989         
  19257 14201      395.2613   155                    390.2951  4061127         
  19292 14236      451.2959    72                    390.2951  4069116         
  19333 14273      502.2047    72                    390.2970  4077267         
  19380 14314      399.7281    94                    390.2978  4084459         
Elapsed time = 2864.75 sec. (2490025.02 ticks, tree = 60.04 MB, solutions = 0)
  19417 14349      511.9208    54                    390.2978  4092288         
  19464 14386      391.2028   145                    390.3096  4098626         
  19493 14415      407.5708    82                    390.3096  4106691         
  19539 14455      395.3878   177                    390.3167  4113279         
  19593 14499      530.2737    82                    390.3170  4120262         
  19628 14534      585.1826    67                    390.3170  4129862         
  19700 14602      393.8094   121                    390.3180  4135180         
  19744 14634      395.1445   126                    390.3184  4142188         
  19777 14663      453.2779    66                    390.3184  4150150         
  19807 14685      476.1116    65                    390.3185  4158177         
Elapsed time = 2911.75 sec. (2528830.06 ticks, tree = 61.41 MB, solutions = 0)
  19833 14701      451.8219   107                    390.3205  4164478         
  19884 14744      391.7451   145                    390.3213  4170593         
  19937 14793      431.1232   109                    390.3273  4177230         
  19965 14821      596.1797    45                    390.3273  4185891         
  20021 14861      392.7463   140                    390.3320  4192714         
  20056 14888      390.9499   175                    390.3366  4199722         
  20105 14935      488.8590    53                    390.3366  4206389         
  20128 14954      572.7651    74                    390.3435  4215493         
  20172 14994      423.3927    70                    390.3463  4222097         
  20206 15024      491.0432    96                    390.3465  4229907         
Elapsed time = 2955.40 sec. (2567760.67 ticks, tree = 62.65 MB, solutions = 0)
  20231 15043    infeasible                          390.3465  4238438         
  20269 15075      515.9839    93                    390.3470  4246913         
  20299 15105      533.8802    65                    390.3470  4255049         
  20344 15130      461.5333   101                    390.3486  4263128         
  20377 15163      527.9386    85                    390.3486  4272971         
  20427 15207      405.1832   109                    390.3505  4279649         
  20471 15247      404.5172   142                    390.3541  4285904         
  20518 15294      495.0266    54                    390.3541  4293567         
  20552 15322      424.1927    83                    390.3607  4300620         
  20596 15352      456.4279    90                    390.3607  4307298         
Elapsed time = 2996.97 sec. (2606631.46 ticks, tree = 63.86 MB, solutions = 0)
  20643 15383      460.3814   145                    390.3637  4313685         
  20677 15417      535.8438    54                    390.3637  4321907         
  20730 15454      391.1098   168                    390.3653  4328307         
  20756 15480      467.3867    79                    390.3653  4336218         
  20784 15504      410.6604   127                    390.3737  4345179         
  20798 15518      464.1636   101                    390.3737  4355539         
  20821 15541      445.4057    90                    390.3737  4365189         
  20847 15567      501.3573    84                    390.3737  4374861         
  20884 15598      460.0422    96                    390.3741  4383624         
  20940 15644      395.4227   159                    390.3773  4393502         
Elapsed time = 3038.59 sec. (2646614.67 ticks, tree = 64.93 MB, solutions = 0)
  20980 15680      396.2892   185                    390.3781  4398966         
  21023 15721    infeasible                          390.3781  4405660         
  21062 15748      562.1691    54                    390.3785  4412956         
  21102 15780      453.2734    72                    390.3834  4420310         
  21162 15834      395.8040   128                    390.3848  4425898         
  21198 15862    infeasible                          390.3896  4433317         
  21239 15899    infeasible                          390.3896  4440431         
  21282 15934    infeasible                          390.3929  4447662         
  21323 15969      450.2981   112                    390.3950  4454636         
  21384 16010      396.1615   161                    390.3990  4462953         
Elapsed time = 3085.62 sec. (2685593.87 ticks, tree = 66.28 MB, solutions = 0)
  21416 16042      425.0931    80                    390.3990  4470203         
  21469 16087      420.6470   133                    390.3990  4477916         
  21510 16126      470.9485    71                    390.3990  4484117         
  21563 16165      453.1906    63                    390.4033  4489026         
  21602 16198      400.2051   130                    390.4039  4495647         
  21651 16241      394.8461   127                    390.4043  4501943         
  21685 16265      421.5375   101                    390.4046  4509834         
  21714 16292      442.2005    61                    390.4046  4517078         
  21761 16327      407.2306   144                    390.4101  4525248         
  21802 16360      466.2273    80                    390.4125  4534967         
Elapsed time = 3134.00 sec. (2725308.36 ticks, tree = 67.56 MB, solutions = 0)
  21835 16391      542.6928    53                    390.4125  4542013         
  21873 16423      446.5149    96                    390.4145  4548720         
  21907 16453      482.4519   112                    390.4188  4557549         
  21950 16488      392.2331   192                    390.4328  4564295         
  21987 16525      457.4996    91                    390.4328  4572984         
  22024 16552      393.9124   120                    390.4334  4580914         
  22055 16583      418.5740    79                    390.4334  4589364         
  22092 16608      391.9257   161                    390.4408  4596935         
  22139 16647      527.7715    24                    390.4408  4603071         
  22165 16667      499.4831    70                    390.4459  4611256         
Elapsed time = 3181.19 sec. (2764040.96 ticks, tree = 69.37 MB, solutions = 0)
  22219 16713    infeasible                          390.4459  4619124         
  22250 16740      447.2455    78                    390.4464  4622846         
  22273 16759      451.2013   101                    390.4468  4631544         
  22291 16777      471.4483    97                    390.4468  4640762         
  22335 16817      391.4779   153                    390.4476  4648295         
  22369 16845      418.0653   111                    390.4496  4655388         
  22403 16875      399.8219   188                    390.4519  4662959         
  22448 16916      390.5405   188                    390.4535  4669000         
  22476 16942      458.6943    67                    390.4535  4676811         
  22518 16978      399.1738   103                    390.4547  4684419         
Elapsed time = 3222.49 sec. (2802953.19 ticks, tree = 70.51 MB, solutions = 0)
  22549 17009      435.1736    58                    390.4547  4694179         
  22584 17040      428.5309    99                    390.4557  4702897         
  22632 17078      390.8356   177                    390.4577  4707649         
  22678 17114      408.3035   118                    390.4593  4716182         
  22710 17146      423.3804    84                    390.4593  4723932         
  22756 17182      460.5700   111                    390.4600  4731622         
  22785 17207      424.2712   131                    390.4611  4739814         
  22809 17231      470.1855   103                    390.4611  4749117         
  22841 17263      560.2585    98                    390.4611  4757617         
  22893 17297      400.4174   106                    390.4629  4765568         
Elapsed time = 3268.39 sec. (2842042.83 ticks, tree = 71.69 MB, solutions = 0)
  22929 17327      441.5390   111                    390.4726  4774066         
  22950 17348      465.4606   101                    390.4726  4782397         
  22999 17385    infeasible                          390.4726  4789538         
  23037 17421      409.6927    81                    390.4729  4794582         
  23078 17458      411.3958   103                    390.4736  4801522         
  23127 17501      399.5119   130                    390.4755  4809737         
  23180 17551      525.0253    30                    390.4755  4818023         
  23210 17577      432.4093    65                    390.4790  4825804         
  23246 17607      425.7939    76                    390.4801  4832113         
  23267 17620      476.1783    84                    390.4855  4840322         
Elapsed time = 3316.44 sec. (2881544.87 ticks, tree = 72.88 MB, solutions = 0)
  23315 17664      391.9481   149                    390.4869  4847000         
  23357 17702      474.2223   127                    390.4881  4854649         
  23392 17737      564.7040    65                    390.4881  4864436         
  23430 17769      435.1157    74                    390.4907  4871499         
  23470 17803      440.0072    93                    390.4944  4878794         
  23527 17850      407.3710    83                    390.4948  4885754         
  23551 17870      486.4375    79                    390.4953  4894136         
  23603 17908    infeasible                          390.4953  4902179         
  23630 17933      435.0256    73                    390.4972  4911058         
  23674 17967      413.7176    85                    390.5004  4917192         
Elapsed time = 3363.64 sec. (2920335.48 ticks, tree = 74.15 MB, solutions = 0)
  23731 18018      400.4159    97                    390.5023  4922578         
  23756 18039      473.9344    79                    390.5028  4932503         
  23780 18063      509.4238    83                    390.5028  4942221         
  23824 18105      559.2707    42                    390.5028  4950237         
  23875 18152      492.7077    48                    390.5044  4956406         
  23916 18189      471.7400    79                    390.5052  4964189         
  23946 18213      493.4992    72                    390.5055  4971768         
  23997 18252      418.1972   125                    390.5160  4979786         
  24035 18286      472.9888    77                    390.5160  4988119         
  24096 18321      407.4500   106                    390.5234  4993848         
Elapsed time = 3411.84 sec. (2959459.67 ticks, tree = 75.45 MB, solutions = 0)
  24133 18352      410.8293    99                    390.5259  5002296         
  24170 18389      475.7141    70                    390.5259  5009747         
  24214 18423      397.8668   104                    390.5277  5016219         
  24270 18475      531.7260    27                    390.5277  5024210         
  24316 18513      448.5320    95                    390.5292  5032942         
  24353 18544      393.9083   160                    390.5295  5041608         
  24407 18592      418.1867   159                    390.5297  5047958         
  24443 18628      490.4846    98                    390.5297  5055193         
  24488 18665      393.0423   112                    390.5309  5062562         
  24538 18711      391.8895   168                    390.5319  5069308         
Elapsed time = 3459.97 sec. (2998158.85 ticks, tree = 76.88 MB, solutions = 0)
  24575 18748      511.9642    88                    390.5319  5077403         
  24621 18788      588.0556    44                    390.5319  5085415         
  24680 18835      451.4634    67                    390.5338  5091262         
  24718 18867      407.8741   100                    390.5338  5098622         
  24761 18900      390.7455   151                    390.5410  5105956         
  24815 18948      390.7994   157                    390.5410  5111889         
  24848 18981      428.9677    89                    390.5410  5120537         
  24895 19020      407.7047   124                    390.5416  5128382         
  24933 19058      417.6024    91                    390.5416  5136655         
  24974 19083      408.9407   114                    390.5463  5146615         
Elapsed time = 3506.15 sec. (3036946.08 ticks, tree = 78.25 MB, solutions = 0)
  24992 19099      484.8908    68                    390.5463  5155253         
  25051 19146      391.6657   153                    390.5467  5161014         
  25081 19174    infeasible                          390.5467  5169169         
  25136 19221      535.3584    50                    390.5580  5175870         
  25166 19247      431.6339    90                    390.5580  5184262         
  25208 19283      396.1880   176                    390.5580  5191580         
  25254 19323      425.3297   101                    390.5586  5199598         
  25273 19342      472.9889    96                    390.5586  5208454         
  25304 19369      648.4813    57                    390.5586  5218486         
  25362 19405      445.3023    86                    390.5600  5226361         
Elapsed time = 3553.26 sec. (3076263.96 ticks, tree = 79.43 MB, solutions = 0)
  25410 19449      400.2443   109                    390.5610  5233607         
  25451 19486      414.1221   108                    390.5673  5240962         
  25493 19526      472.9603    60                    390.5673  5249103         
  25532 19555      418.1682   131                    390.5677  5255903         
  25581 19600      391.0707   194                    390.5679  5262895         
  25639 19656    infeasible                          390.5679  5268505         
  25656 19671      435.1988   102                    390.5681  5279011         
  25700 19715      456.5755    79                    390.5681  5287152         
  25746 19749      405.0149    84                    390.5692  5293713         

GUB cover cuts applied:  62
Clique cuts applied:  6
Cover cuts applied:  9
Implied bound cuts applied:  60
Flow cuts applied:  16
Mixed integer rounding cuts applied:  614
Zero-half cuts applied:  3
Lift and project cuts applied:  6
Gomory fractional cuts applied:  5

Root node processing (before b&c):
  Real time             =   38.95 sec. (31654.06 ticks)
Sequential b&c:
  Real time             = 3561.06 sec. (3083824.31 ticks)
                          ------------
Total (root+branch&cut) = 3600.01 sec. (3115478.37 ticks)
