Version identifier: 22.1.0.0 | 2022-03-09 | 1a383f8ce
CPXPARAM_Read_DataCheck                          1
CPXPARAM_Threads                                 1
CPXPARAM_TimeLimit                               3600
Tried aggregator 2 times.
MIP Presolve eliminated 8551 rows and 303 columns.
MIP Presolve modified 101181 coefficients.
Aggregator did 339 substitutions.
Reduced MIP has 22101 rows, 1578 columns, and 180252 nonzeros.
Reduced MIP has 1176 binaries, 0 generals, 0 SOSs, and 0 indicators.
Presolve time = 0.41 sec. (319.23 ticks)
Probing fixed 0 vars, tightened 2 bounds.
Probing time = 0.03 sec. (21.75 ticks)
Tried aggregator 1 time.
Detecting symmetries...
MIP Presolve eliminated 2 rows and 0 columns.
MIP Presolve modified 102 coefficients.
Reduced MIP has 22099 rows, 1578 columns, and 180246 nonzeros.
Reduced MIP has 1176 binaries, 0 generals, 0 SOSs, and 0 indicators.
Presolve time = 0.15 sec. (89.11 ticks)
Probing time = 0.01 sec. (8.02 ticks)
Clique table members: 1490.
MIP emphasis: balance optimality and feasibility.
MIP search method: dynamic search.
Parallel mode: none, using 1 thread.
Root relaxation solution time = 0.09 sec. (104.60 ticks)

        Nodes                                         Cuts/
   Node  Left     Objective  IInf  Best Integer    Best Bound    ItCnt     Gap

      0     0      477.5318   211                    477.5318      570         
      0     0      477.5318    96                   Cuts: 882     1318         
      0     0      477.5318   111                   Cuts: 903     2228         
      0     0      477.5318   111                   Cuts: 306     2979         
Detecting symmetries...
      0     2      477.5318   111                    477.5318     2979         
Elapsed time = 11.18 sec. (11388.55 ticks, tree = 0.01 MB, solutions = 0)
      2     4      477.5327   136                    477.5330     4275         
      4     6      477.6398   121                    477.5331     4947         
      8    10      477.7134   113                    477.5333     6007         
     11    13      477.8461   129                    477.5338     6905         
     14    16      478.1579   108                    477.5338     7899         
     18    20      477.5627   138                    477.5338     8614         
     21    23      477.5652   131                    477.5338     9591         
     22    24      477.9952   111                    477.5338    10874         
     25    27      477.5656   127                    477.5338    11531         
     30    32      478.3051   106                    477.5338    14431         
Elapsed time = 15.61 sec. (15803.31 ticks, tree = 1.51 MB, solutions = 0)
     39    41      508.8147   121                    477.5338    17053         
     61    61      479.3092    93                    477.5338    20229         
     76    72      479.3268   101                    477.5338    24907         
     80    76      480.1032    97                    477.5338    27931         
     88    84      481.8504    90                    477.5338    29869         
    108   104      488.8493    89                    477.5338    33304         
    118   114      541.5666    95                    477.5338    37791         
    120   116      484.8019    81                    477.5338    37799         
    130   126      500.8736    76                    477.5338    39912         
    139   135      489.0359    70                    477.5338    42662         
Elapsed time = 25.13 sec. (26010.05 ticks, tree = 2.38 MB, solutions = 0)
    158   154      497.6032    61                    477.5338    44114         
    180   176      522.8779    53                    477.5338    47560         
    193   187      569.0755    44                    477.5338    50643         
    213   197      478.0718   108                    477.5374    53796         
    220   204      478.0718    94                    477.5374    55303         
    239   221      494.8702   108                    477.5374    60739         
    242   224      487.4918    92                    477.5374    61486         
    252   234      513.8692   115                    477.5374    66004         
    259   237      492.0387   118                    477.5374    69725         
    269   245      549.6677   142                    477.5374    73280         
Elapsed time = 36.67 sec. (38696.14 ticks, tree = 2.58 MB, solutions = 0)
    275   251      520.5318   145                    477.5374    76076         
    280   256      478.0719    90                    477.5374    78020         
    283   259      509.0988   112                    477.5374    80896         
    285   261      490.3490   126                    477.5374    83518         
    287   263      496.4383   109                    477.5374    86521         
    293   269      503.7772   122                    477.5374    90322         
    300   276      494.2595   119                    477.5374    94586         
    311   287      479.8885   104                    477.5374    98472         
    320   296      478.0719    92                    477.5374   101712         
    330   306      490.0104   140                    477.5374   105279         
Elapsed time = 48.23 sec. (50625.03 ticks, tree = 3.50 MB, solutions = 0)
    341   317      501.9406   122                    477.5374   111638         
    352   328      497.0826   101                    477.5374   115635         
    365   341      501.6529    84                    477.5374   119183         
    382   358      480.2672   104                    477.5374   123345         
    394   370      526.1758    81                    477.5374   127626         
    401   377      490.9146   116                    477.5374   130925         
    412   388      478.0908    88                    477.5374   134281         
    425   401      478.0908    82                    477.5374   138415         
    433   409      478.4068    92                    477.5374   142274         
    440   416      478.0908    78                    477.5374   145709         
Elapsed time = 59.06 sec. (62088.00 ticks, tree = 3.86 MB, solutions = 0)
    444   420      478.0908    78                    477.5374   149408         
    451   427      480.9061    96                    477.5374   152793         
    462   438      484.7669    71                    477.5374   156984         
    480   454    infeasible                          477.5374   160346         
    487   461      491.1820    93                    477.5374   164283         
    495   467      480.3114    73                    477.5374   168021         
    503   475      481.1597    68                    477.5374   171415         
    521   493      479.3432    70                    477.5374   175065         
    533   503      478.4401    76                    477.5374   178063         
    552   522      478.3752    70                    477.5374   181048         
Elapsed time = 68.16 sec. (72128.46 ticks, tree = 4.60 MB, solutions = 0)
    560   528      478.1023    75                    477.5374   181491         
    569   537      478.1142    83                    477.5374   184738         
    577   545      484.2823    92                    477.5374   188056         
    588   556      493.3078    78                    477.5374   192255         
    600   568      480.3096    73                    477.5374   195857         
    606   574      488.8449    94                    477.5374   201448         
    610   578      487.8832    77                    477.5374   204050         
    616   584      483.3244    94                    477.5374   209108         
    630   598      479.5864    69                    477.5374   212085         
    637   605      488.3765    89                    477.5374   215786         
Elapsed time = 78.59 sec. (83510.43 ticks, tree = 5.23 MB, solutions = 0)
    643   611      486.4697    88                    477.5374   218192         
    657   625      484.9609    82                    477.5374   222923         
    667   633    infeasible                          477.5374   225614         
    679   643      479.2708    77                    477.5374   229958         
    689   653      487.9044    87                    477.5374   234579         
    695   659      489.1084    88                    477.5374   238695         
    705   669      478.5399    69                    477.5374   242171         
    718   680      479.7816    63                    477.5374   246135         
    727   689      511.4352    77                    477.5374   250337         
    738   700      491.3499    58                    477.5374   253487         
Elapsed time = 91.94 sec. (94859.19 ticks, tree = 5.55 MB, solutions = 0)
    747   709      491.6937    73                    477.5374   257073         
    759   719      491.3499    51                    477.5374   260759         
    779   739      491.3522    51                    477.5374   264188         
    806   749    infeasible                          477.5374   267873         
    824   762      491.3522    52                    477.5374   271500         
    839   777      576.3360    68                    477.5374   275970         
    855   793      545.7698    61                    477.5374   279703         
    866   802    infeasible                          477.5374   284180         
    888   816      491.4635    49                    477.5374   287541         
    898   826      511.6576    64                    477.5374   291366         
Elapsed time = 100.83 sec. (105109.89 ticks, tree = 5.98 MB, solutions = 0)
    909   837      512.2257    46                    477.5374   294154         
    922   848      510.9134    43                    477.5374   297317         
    945   855    infeasible                          477.5374   300164         
    948   858      477.7669   130                    477.6398   303796         
    964   874      489.7894   111                    477.6398   307021         
    984   894      485.1117   100                    477.6398   310828         
    999   903      495.0879   120                    477.6398   315107         

Performing restart 1

Repeating presolve.
Tried aggregator 1 time.
MIP Presolve eliminated 16 rows and 1 columns.
Reduced MIP has 22083 rows, 1577 columns, and 180121 nonzeros.
Reduced MIP has 1175 binaries, 0 generals, 0 SOSs, and 0 indicators.
Presolve time = 0.08 sec. (59.76 ticks)
Tried aggregator 1 time.
MIP Presolve eliminated 4 rows and 0 columns.
MIP Presolve modified 73 coefficients.
Reduced MIP has 22079 rows, 1577 columns, and 180109 nonzeros.
Reduced MIP has 1175 binaries, 0 generals, 0 SOSs, and 0 indicators.
Presolve time = 0.13 sec. (78.12 ticks)
Represolve time = 0.40 sec. (286.82 ticks)
   1012     0      477.6209   238                  Cuts: 2791   319779         
   1012     0      477.7013   290                  Cuts: 2875   320515         
   1012     0      477.7345   273                  Cuts: 5482   321053         
   1012     0      477.8141   232                  Cuts: 2930   322141         
   1012     0      477.8750   252                  Cuts: 3039   322636         
   1012     0      477.8799   275                  Cuts: 1995   323380         
   1012     0      477.8820   297                  Cuts: 4730   323791         
   1012     0      477.8852   283                  Cuts: 2669   324123         
   1012     0      477.8855   306                  Cuts: 3896   324446         
   1012     0      477.8857   290                  Cuts: 3090   324789         
   1012     0      477.8933   272                  Cuts: 2487   325203         
   1012     0      477.9023   323                  Cuts: 3217   325515         
   1012     0      477.9037   217                  Cuts: 2089   325899         
   1012     0      477.9063   235                  Cuts: 3078   326368         
   1012     0      477.9075   256                  Cuts: 3023   326646         
   1012     0      477.9139   272                  Cuts: 3274   326976         
   1012     2      477.9139   272                    477.9139   326976         
   1013     3      477.9141   263                    477.9141   327012         
   1014     4      487.3215   113                    477.9141   328593         
Elapsed time = 203.19 sec. (196609.44 ticks, tree = 0.01 MB, solutions = 0)
   1015     5      477.9141   259                    477.9141   328611         
   1016     6      495.1164    93                    477.9141   329397         
   1019     9      495.1164    95                    477.9141   331256         
   1022    12      499.8832    96                    477.9141   333250         
   1026    16      499.8839   136                    477.9141   335439         
   1028    18      499.9087    92                    477.9141   336216         
   1041    31      500.0558   126                    477.9141   338668         
   1043    32      515.0991    94                    477.9141   339190         
   1053    39      515.1114    90                    477.9141   340826         
   1064    50      515.1393    76                    477.9141   343129         
Elapsed time = 267.89 sec. (253011.82 ticks, tree = 0.17 MB, solutions = 0)
   1075    61      515.1876    69                    477.9141   345618         
   1086    72      539.7757    83                    477.9141   347736         
   1113    98      515.6540    73                    477.9141   350855         
   1128   113      528.2240    66                    477.9141   352815         
   1131   116      517.3025   113                    477.9141   353096         
   1164   147      519.0750    54                    477.9141   356163         
   1202   185      529.8413    36                    477.9141   361146         
   1222   198      504.6626   179                    477.9217   364902         
   1229   205      492.1908    98                    477.9218   368189         
   1235   211      492.1908    90                    477.9218   370050         
Elapsed time = 337.38 sec. (304940.45 ticks, tree = 0.72 MB, solutions = 0)
   1239   215      492.2001   109                    477.9218   372316         
   1252   228      492.2155   101                    477.9218   375179         
   1257   233      496.7219    86                    477.9218   377382         
   1270   246      508.6928   106                    477.9218   380781         
   1292   268      496.8009   121                    477.9218   384097         
   1350   326      514.8236   107                    477.9218   390282         
   1401   377      518.3738    48                    477.9218   396179         
   1476   441      479.8871   152                    477.9221   398625         
   1550   515      490.9612    73                    477.9221   402074         
   1614   576      477.9392   210                    477.9237   405724         
Elapsed time = 399.35 sec. (351173.06 ticks, tree = 2.00 MB, solutions = 0)
   1632   594      489.0530   106                    477.9237   410642         
   1637   599      494.0348    85                    477.9237   412201         
   1656   616      494.3313   103                    477.9237   417964         
   1662   622      512.0526    84                    477.9237   420810         
   1703   662      498.0089    67                    477.9237   426159         
   1795   746      482.9103    96                    477.9259   433316         
   1834   785      523.0554    65                    477.9259   438880         
   1862   807      509.4974    97                    477.9299   445982         
   1876   821      495.0430   110                    477.9299   450655         
   1892   837      493.6703    78                    477.9299   456352         
Elapsed time = 452.99 sec. (394965.96 ticks, tree = 2.89 MB, solutions = 0)
   1945   890      497.0699    72                    477.9299   463338         
   1983   928      508.4124    58                    477.9299   471926         

Performing restart 2

Repeating presolve.
Tried aggregator 1 time.
MIP Presolve eliminated 7 rows and 1 columns.
MIP Presolve modified 70 coefficients.
Reduced MIP has 22072 rows, 1576 columns, and 188258 nonzeros.
Reduced MIP has 1174 binaries, 0 generals, 0 SOSs, and 0 indicators.
Presolve time = 0.29 sec. (115.81 ticks)
Tried aggregator 1 time.
Reduced MIP has 22072 rows, 1576 columns, and 188258 nonzeros.
Reduced MIP has 1174 binaries, 0 generals, 0 SOSs, and 0 indicators.
Presolve time = 0.28 sec. (83.86 ticks)
Represolve time = 1.35 sec. (406.35 ticks)
   2024     0      477.9228   256                  Cuts: 5618   479045         
   2024     0      477.9275   285                  Cuts: 2379   479539         
   2024     0      477.9319   269                  Cuts: 1165   479918         
   2024     0      477.9338   318                  Cuts: 1234   480200         
   2024     0      477.9355   358                   Cuts: 933   480448         
   2024     0      477.9358   373                  Cuts: 3335   480679         
   2024     0      477.9360   371                  Cuts: 3955   480841         
   2024     0      477.9365   352                  Cuts: 3393   481046         
   2024     0      477.9366   368                  Cuts: 3326   481191         
   2024     0      477.9366   375                  Cuts: 1989   481324         
   2024     0      477.9465   344                  Cuts: 1685   481688         
   2024     0      477.9544   418                  Cuts: 1546   481963         
   2024     0      477.9580   310                  Cuts: 1656   482448         
   2024     0      477.9897   267                  Cuts: 1232   482979         
   2024     0      477.9953   285                  Cuts: 2276   483580         
   2024     0      477.9961   253                  Cuts: 2549   483842         
   2024     0      477.9969   254                  Cuts: 1966   484027         
   2024     0      478.0011   307                   Cuts: 562   484349         
   2024     0      478.0086   281                  Cuts: 2768   484690         
   2024     0      478.0122   261                  Cuts: 2716   485018         
   2024     0      478.0239   304                  Cuts: 2813   485529         
   2024     0      478.0265   300                  Cuts: 2226   485792         
   2024     2      478.0265   328                    478.0265   485792         
   2025     3      478.0265   326                    478.0265   485796         
   2026     4      478.0268   320                    478.0265   485956         
   2027     5      495.1164    76                    478.0269   492114         
   2032    10      510.0921    94                    478.0269   494382         
   2036    14      496.2974    86                    478.0269   497759         
   2041    19      501.0642    90                    478.0269   504769         
   2046    24      496.3251   176                    478.0269   505275         
Elapsed time = 706.24 sec. (584788.70 ticks, tree = 0.96 MB, solutions = 0)
   2047    25      508.5374   109                    478.0269   507756         
   2051    29      508.5374   110                    478.0269   510507         
   2055    33      508.5374    97                    478.0269   513540         
   2062    40      511.5675   104                    478.0269   516459         
   2072    50      512.8315   111                    478.0269   519445         
   2084    62      513.6392    98                    478.0269   522273         
   2101    79      514.0917    79                    478.0269   526921         
   2108    86      514.0917    75                    478.0269   530803         
   2118    95      516.8988    77                    478.0269   533641         
   2134   111      519.0962   132                    478.0269   536413         
Elapsed time = 758.11 sec. (629999.42 ticks, tree = 2.50 MB, solutions = 0)
   2154   131      546.5798    71                    478.0269   539978         
   2187   163      575.1343    40                    478.0269   545245         
   2226   193      478.0269   319                    478.0269   547177         
   2238   205      497.2694   108                    478.0294   550023         
   2245   212      497.2749   101                    478.0294   552795         
   2258   225      497.3659    94                    478.0294   556912         
   2288   255      497.4045   108                    478.0294   560821         
   2336   303      500.8424    68                    478.0294   566599         
   2365   331      527.3202    54                    478.0294   573027         
   2399   355      504.8505   111                    478.0331   579134         
Elapsed time = 810.89 sec. (672369.36 ticks, tree = 3.35 MB, solutions = 0)
   2402   358      523.6265    96                    478.0331   582056         
   2407   363      522.5279    99                    478.0331   583942         
   2418   374      523.1628    87                    478.0331   587900         
   2443   399      485.4022   112                    478.0351   592660         
   2476   432      528.4805    58                    478.0351   598350         
   2526   472      511.9743   102                    478.0379   604431         
   2537   483      517.1376   130                    478.0379   610668         
   2550   496      521.0976    94                    478.0379   616774         
   2567   513      522.8667    89                    478.0379   623341         
   2578   524      533.2089    80                    478.0379   629178         
Elapsed time = 863.84 sec. (713250.82 ticks, tree = 3.95 MB, solutions = 0)
   2597   543      540.1271   124                    478.0379   636791         
   2652   595      578.3889    47                    478.0379   647111         
   2672   609      508.0846   106                    478.0631   654205         
   2686   623      519.1172   123                    478.0631   660002         
   2710   647      516.7969    70                    478.0631   665864         
   2735   672      519.4711    68                    478.0631   672439         
   2766   703      538.0766    50                    478.0631   678432         
   2784   717      491.3674   111                    478.0633   685056         
   2811   744      501.6092   101                    478.0633   693311         
   2838   771      501.0862   103                    478.0633   700714         
Elapsed time = 925.81 sec. (756169.13 ticks, tree = 4.79 MB, solutions = 0)
   2876   809      510.1282    64                    478.0633   708623         
   2947   872      566.8768    23                    478.0633   716528         
   2983   902      524.8967    78                    478.0634   722620         
   3024   937      492.9148   142                    478.0635   728585         
   3045   958      496.8172    94                    478.0635   736004         
   3087  1000      524.1164   106                    478.0635   744312         
   3126  1031      480.3142   115                    478.0646   750487         
   3142  1047      490.9844    76                    478.0646   759812         
   3207  1096      492.0651    92                    478.0653   768664         
   3215  1104      492.5628   110                    478.0653   775778         
Elapsed time = 990.79 sec. (798103.23 ticks, tree = 5.98 MB, solutions = 0)
   3227  1116      495.6899    81                    478.0653   783510         
   3253  1142      505.3080    87                    478.0653   791938         
   3298  1187      528.3510    99                    478.0653   800312         
   3390  1251      641.7439    19                    478.0653   807531         
   3451  1306      493.0144    82                    478.0659   813571         
   3496  1347      481.6558   116                    478.0666   821497         
   3522  1373      524.7111    67                    478.0666   830260         
   3561  1412      542.1838    52                    478.0666   839855         
   3670  1495      478.1399   185                    478.0669   847020         
   3709  1534      490.9459    89                    478.0669   852716         
Elapsed time = 1039.66 sec. (837572.41 ticks, tree = 7.45 MB, solutions = 0)
   3744  1563      487.9532    99                    478.0671   860985         
   3774  1593      491.1598    78                    478.0671   868970         
   3801  1620      491.5582    71                    478.0671   875848         
   3845  1664      521.6793    43                    478.0671   884747         
   3903  1710      500.2194   104                    478.0684   893371         
   3932  1739      486.7729    78                    478.0684   902635         
   3957  1764      487.6639    70                    478.0684   912397         
   3994  1793    infeasible                          478.0684   919776         
   4021  1814      486.9759    91                    478.0687   929460         
   4034  1827      489.8557    98                    478.0687   934340         
Elapsed time = 1089.95 sec. (876943.26 ticks, tree = 8.45 MB, solutions = 0)
   4069  1862      526.0710    60                    478.0687   944003         
   4136  1921      482.5844   120                    478.0777   951487         
   4173  1954      560.6462    49                    478.0777   958840         
   4216  1991      479.6057   107                    478.0795   966149         
   4239  2014      523.6023    70                    478.0795   975471         
   4289  2052      478.3540   168                    478.0804   984089         
   4317  2072      545.3605    71                    478.0804   993248         
   4351  2101      521.9421    94                    478.0846  1000673         
   4364  2114      508.5149    81                    478.0846  1009783         
   4390  2140      537.3966    57                    478.0846  1018803         
Elapsed time = 1138.88 sec. (915894.94 ticks, tree = 9.62 MB, solutions = 0)
   4422  2166      487.7108   114                    478.0851  1028328         
   4461  2203      503.5900    76                    478.0851  1032927         
   4512  2246      482.0548   121                    478.0897  1040621         
   4551  2285      535.5337    70                    478.0897  1049568         
   4584  2312      478.3007   187                    478.0900  1059516         
   4619  2347      492.4962    70                    478.0900  1068926         
   4658  2380      478.6140    90                    478.0901  1077049         
   4669  2391      479.2980   120                    478.0901  1087000         
   4701  2421      550.9387    54                    478.0901  1095951         
   4733  2442      508.8480   107                    478.1009  1104451         
Elapsed time = 1185.52 sec. (956386.39 ticks, tree = 10.66 MB, solutions = 0)
   4768  2477      516.9247    65                    478.1009  1110889         
   4823  2520      478.9356   117                    478.1066  1118199         
   4830  2527      488.8808    88                    478.1066  1125530         
   4856  2553      512.5783    75                    478.1066  1135510         
   4908  2605      561.4601    33                    478.1066  1145977         
   4940  2631      499.3902    84                    478.1093  1154611         
   4996  2675      478.1478   181                    478.1097  1160408         
   5003  2682      479.1322    93                    478.1097  1171508         
   5013  2692      480.7869    92                    478.1097  1180393         
   5042  2721      489.0143    80                    478.1097  1189620         
Elapsed time = 1228.95 sec. (995945.90 ticks, tree = 11.62 MB, solutions = 0)
   5087  2766      521.3338    55                    478.1097  1198739         
   5128  2797      500.5542    90                    478.1106  1207168         
   5160  2825      604.3005    50                    478.1106  1215492         
   5214  2868      482.0834   105                    478.1147  1221504         
   5224  2878      502.9762    91                    478.1147  1229283         
   5272  2926      528.8221    62                    478.1147  1236473         
   5350  2992      480.1767   165                    478.1155  1244258         
   5419  3051    infeasible                          478.1155  1252144         
   5454  3086      493.7082    94                    478.1248  1261090         
   5494  3126      568.0384    45                    478.1248  1269703         
Elapsed time = 1274.52 sec. (1035432.23 ticks, tree = 13.02 MB, solutions = 0)
   5545  3165      498.5934    89                    478.1254  1276966         
   5591  3209      551.2494    45                    478.1254  1285354         
   5626  3232      482.2882    99                    478.1256  1293498         
   5649  3255      522.4679    81                    478.1256  1303201         
   5689  3295      505.1761    57                    478.1256  1312365         
   5732  3330      480.8089   154                    478.1270  1319455         
   5746  3344      496.4823    89                    478.1270  1328010         
   5770  3368      527.6972    95                    478.1270  1338570         
   5801  3387      491.2203   114                    478.1284  1349453         
   5826  3412      508.7835    83                    478.1284  1359307         
Elapsed time = 1318.66 sec. (1074910.45 ticks, tree = 14.00 MB, solutions = 0)
   5864  3450      599.1238    70                    478.1284  1369834         
   5889  3469      504.1387   115                    478.1333  1378173         
   5926  3500      478.1446   164                    478.1358  1388299         
   5942  3516      488.0463    99                    478.1358  1398781         
   5988  3561      534.0028    62                    478.1358  1407014         
   6032  3597      478.2520   187                    478.1373  1413769         
   6080  3641      529.2087    49                    478.1373  1421918         
   6105  3656      488.7702    89                    478.1397  1429224         
   6138  3689      592.2355    44                    478.1397  1437954         
   6171  3710      481.9885   117                    478.1414  1447339         
Elapsed time = 1363.09 sec. (1114868.89 ticks, tree = 15.04 MB, solutions = 0)
   6216  3751      519.6503    65                    478.1414  1455765         
   6242  3767      482.5125    94                    478.1416  1463882         
   6252  3777      513.5838    78                    478.1416  1471986         
   6282  3807      520.7799    72                    478.1416  1482190         
   6314  3839      617.5810    40                    478.1416  1491466         
   6366  3877      482.8792   124                    478.1424  1499503         
   6404  3911      483.1785   101                    478.1424  1507552         
   6433  3940      508.3638    70                    478.1424  1516357         
   6486  3979      478.3189   187                    478.1446  1525036         
   6503  3996      484.5479    96                    478.1446  1533745         
Elapsed time = 1407.45 sec. (1154119.11 ticks, tree = 16.02 MB, solutions = 0)
   6544  4037      536.0812    47                    478.1446  1542790         
   6585  4064      478.6662   151                    478.1453  1552258         
   6593  4072      480.0662    87                    478.1453  1562167         
   6606  4085      501.1538    81                    478.1453  1570630         
   6635  4114      514.3239    77                    478.1453  1580185         
   6679  4152      478.1624   280                    478.1458  1589233         
   6730  4203      481.1277    91                    478.1458  1596137         
   6764  4231      487.7613   115                    478.1463  1602800         
   6785  4252      491.8731    79                    478.1463  1612160         
   6803  4270      505.9526    82                    478.1463  1621366         
Elapsed time = 1456.10 sec. (1194746.68 ticks, tree = 17.12 MB, solutions = 0)
   6852  4295      478.1894   229                    478.1474  1631062         
   6903  4346      482.7031   116                    478.1474  1637581         
   6945  4380      480.7605   112                    478.1475  1648995         
   6950  4385      480.7605   104                    478.1475  1658502         
   6957  4392      483.1433    91                    478.1475  1667355         
   6967  4402      483.9362    83                    478.1475  1675253         
   6994  4429      492.9266    82                    478.1475  1685236         
   7037  4472      527.0837    85                    478.1475  1695628         
   7061  4486      483.9030    95                    478.1478  1702203         
   7082  4507      526.9296    82                    478.1478  1710046         
Elapsed time = 1500.67 sec. (1236723.48 ticks, tree = 17.94 MB, solutions = 0)
   7139  4556      483.4766    94                    478.1505  1718372         
   7158  4575      492.9304    89                    478.1505  1727117         
   7183  4600      514.0540    65                    478.1505  1736496         
   7224  4627      499.3527   112                    478.1508  1745505         
   7266  4667    infeasible                          478.1508  1754245         
   7291  4686      484.0310   144                    478.1537  1760989         
   7300  4695      515.3703    91                    478.1537  1768543         
   7320  4715      587.6321    77                    478.1537  1778462         
   7350  4745      584.5476    63                    478.1537  1788135         
   7359  4750      492.7406    93                    478.1545  1796510         
Elapsed time = 1544.20 sec. (1278304.25 ticks, tree = 18.96 MB, solutions = 0)
   7373  4764      501.9234    93                    478.1545  1805824         
   7389  4780      499.1135    74                    478.1545  1814420         
   7401  4792      534.8988    75                    478.1545  1824765         
   7436  4827      540.4670    59                    478.1545  1833403         
   7477  4858      478.8511   210                    478.1545  1841724         
   7499  4880      491.3207    78                    478.1545  1850768         
   7530  4911      505.9488    66                    478.1545  1859332         
   7590  4965      479.6509   133                    478.1545  1866557         
   7613  4988      484.9480    97                    478.1545  1876159         
   7661  5034      549.3843    57                    478.1545  1884551         
Elapsed time = 1587.69 sec. (1317791.00 ticks, tree = 19.95 MB, solutions = 0)
   7683  5050      496.9720    98                    478.1575  1891997         
   7701  5068      490.5456    82                    478.1575  1900865         
   7727  5094      520.2702    64                    478.1575  1911622         
   7771  5134      479.3000   155                    478.1594  1917903         
   7810  5173      556.6525    53                    478.1594  1926432         
   7832  5187      490.6636    90                    478.1600  1933222         
   7865  5220      527.6916    83                    478.1600  1942178         
   7918  5269      497.9246    80                    478.1606  1950235         
   7945  5296      556.8042    67                    478.1606  1958928         
   7981  5332      603.1740    47                    478.1606  1968844         
Elapsed time = 1631.38 sec. (1357140.29 ticks, tree = 20.99 MB, solutions = 0)
   8005  5345      487.8085    87                    478.1630  1976048         
   8018  5358      492.2922   125                    478.1630  1985008         
   8067  5401      478.7541   237                    478.1647  1992374         
   8100  5434      572.2931    60                    478.1647  2000925         
   8159  5475      478.4726   284                    478.1658  2011634         
   8173  5489      497.5266   123                    478.1658  2020753         
   8190  5506      510.2397    86                    478.1658  2029787         
   8213  5529      547.9642    96                    478.1658  2039521         
   8248  5562      572.3790    57                    478.1658  2048206         
   8285  5589      503.0892   101                    478.1667  2059028         
Elapsed time = 1677.11 sec. (1397496.37 ticks, tree = 21.88 MB, solutions = 0)
   8300  5604      517.0263    95                    478.1667  2068180         
   8323  5627      515.2352    82                    478.1667  2078477         
   8351  5643      596.3817    68                    478.1667  2089112         
   8424  5688      481.1719   158                    478.1672  2096101         
   8481  5740      478.2335   180                    478.1677  2103460         
   8493  5752      499.3142    75                    478.1677  2114276         
   8515  5774      563.5550    89                    478.1677  2123940         
   8544  5795      478.3784   166                    478.1679  2132578         
   8596  5847      530.1405    47                    478.1679  2140029         
   8610  5857      490.6635   112                    478.1686  2148577         
Elapsed time = 1727.11 sec. (1437850.02 ticks, tree = 22.90 MB, solutions = 0)
   8628  5875      521.5923   104                    478.1686  2158871         
   8672  5911      486.8148   184                    478.1710  2167420         
   8725  5962      501.0347    79                    478.1710  2176413         
   8745  5978      487.4815    93                    478.1710  2184315         
   8759  5992      488.9719   106                    478.1710  2194629         
   8768  6001      488.4327   106                    478.1710  2204082         
   8793  6026      524.6832    76                    478.1710  2212544         
   8853  6079      478.1989   245                    478.1719  2222362         
   8897  6123      486.2096   108                    478.1719  2230939         
   8934  6156      493.5523    94                    478.1722  2240535         
Elapsed time = 1793.12 sec. (1478479.50 ticks, tree = 23.94 MB, solutions = 0)
   8961  6183      520.6574    80                    478.1722  2249155         
   9004  6220      488.4772   178                    478.1745  2259814         
   9013  6229      497.0573    83                    478.1745  2268198         
   9034  6250      498.1296    73                    478.1745  2277124         
   9060  6276      506.9568    99                    478.1745  2286104         
   9089  6305      552.9186    55                    478.1745  2294751         
   9119  6321      491.2315   135                    478.1769  2303685         
   9140  6342      504.3386    76                    478.1769  2312809         
   9174  6376      505.1061    71                    478.1769  2322683         
   9204  6406      551.5004    54                    478.1769  2332187         
Elapsed time = 1851.05 sec. (1517759.64 ticks, tree = 24.80 MB, solutions = 0)
   9237  6433      478.5428   159                    478.1796  2335723         
   9308  6498      482.2414   191                    478.1798  2343899         
   9326  6516      505.7488    99                    478.1798  2352281         
   9359  6549      510.8794    72                    478.1798  2363667         
   9426  6598      478.4434   190                    478.1830  2373985         
   9496  6668      487.5376    72                    478.1830  2381201         
   9535  6703      518.4843    80                    478.1842  2390180         
   9550  6718      545.3635    81                    478.1842  2398490         
   9589  6757      559.9267   111                    478.1842  2406799         
   9667  6827      479.5572   145                    478.1881  2413027         
Elapsed time = 1907.02 sec. (1557716.44 ticks, tree = 26.27 MB, solutions = 0)
   9719  6875      482.6759   235                    478.1889  2420542         
   9733  6889      495.7684    86                    478.1889  2429444         
   9775  6931      535.0118    93                    478.1889  2439766         
   9839  6984      482.3153   124                    478.1894  2448439         
   9884  7029      497.9916    79                    478.1894  2457590         
   9930  7071      480.6577   125                    478.1901  2465194         
   9951  7092      506.7662    85                    478.1901  2475779         
   9981  7122      585.2150    47                    478.1901  2486271         
   9997  7134      486.8496    90                    478.1936  2495275         
  10024  7161      506.2836    78                    478.1936  2504376         
Elapsed time = 1958.42 sec. (1597076.51 ticks, tree = 27.43 MB, solutions = 0)
  10084  7201      479.6957   160                    478.1936  2514866         
  10113  7230      490.7231    71                    478.1936  2522711         
  10142  7259      519.6853    68                    478.1936  2532391         
  10167  7280      571.1108    49                    478.1936  2541878         
  10248  7345      480.5668   117                    478.1942  2548478         
  10308  7397      480.9964   130                    478.1952  2557606         
  10348  7437      539.3734    87                    478.1952  2566590         
  10421  7500      478.4076   177                    478.1957  2573645         
  10481  7556      535.7248    45                    478.1957  2582234         
  10501  7572      502.6545   110                    478.1965  2589356         
Elapsed time = 2013.06 sec. (1636969.81 ticks, tree = 28.87 MB, solutions = 0)
  10535  7606      550.0866    76                    478.1965  2597973         
  10598  7659      478.4385   165                    478.1968  2604109         
  10642  7703      528.9924    50                    478.1968  2614258         
  10680  7735      489.9992   125                    478.2019  2622814         
  10709  7764      517.0946    80                    478.2019  2632228         
  10738  7793      520.8755    53                    478.2019  2641473         
  10749  7800      486.2619    96                    478.2035  2648634         
  10796  7839      510.0191    93                    478.2037  2658766         
  10813  7856      517.8497    67                    478.2037  2667064         
  10831  7874      527.2160   125                    478.2037  2676965         
Elapsed time = 2062.72 sec. (1676427.45 ticks, tree = 29.92 MB, solutions = 0)
  10853  7896      584.1986    61                    478.2037  2688617         
  10909  7938      487.5687    94                    478.2042  2700386         
  10924  7953      497.7414    81                    478.2042  2708688         
  10938  7967      507.9686   100                    478.2042  2718728         
  10966  7987      483.4974   152                    478.2056  2728156         
  10990  8011      492.8397    90                    478.2056  2737522         
  11002  8019      488.1714   137                    478.2079  2747116         
  11040  8053      485.8773   139                    478.2086  2755236         
  11072  8085      486.7233    84                    478.2086  2764419         
  11105  8112      480.9783   204                    478.2100  2774323         
Elapsed time = 2118.45 sec. (1716769.80 ticks, tree = 30.76 MB, solutions = 0)
  11151  8158      502.9560    78                    478.2100  2782086         
  11187  8186      485.3151    86                    478.2116  2789072         
  11202  8201      490.1064    89                    478.2116  2797260         
  11224  8223      509.0858    74                    478.2116  2805854         
  11254  8253      515.3198    64                    478.2116  2815368         
  11289  8288      525.8792    59                    478.2116  2825762         
  11327  8320      479.6519   187                    478.2120  2833710         
  11387  8380      484.4021   101                    478.2120  2841092         
  11432  8421      525.0261    94                    478.2144  2850405         
  11437  8426      507.5211   106                    478.2144  2856559         
Elapsed time = 2177.86 sec. (1756915.80 ticks, tree = 32.19 MB, solutions = 0)
  11446  8435      513.4331   102                    478.2144  2864275         
  11456  8445      520.3940    94                    478.2144  2873123         
  11466  8455      520.9994    83                    478.2144  2881959         
  11481  8470      528.8161    83                    478.2144  2890511         
  11512  8501      531.9187    78                    478.2144  2900103         
  11543  8528      636.6754    60                    478.2144  2910690         
  11599  8580      483.4568   112                    478.2147  2918414         
  11635  8610      490.4270   116                    478.2165  2927262         
  11665  8640      522.4974    68                    478.2165  2934381         
  11688  8657      490.2069    87                    478.2169  2943826         
Elapsed time = 2233.39 sec. (1797860.49 ticks, tree = 33.00 MB, solutions = 0)
  11702  8671      503.1361    81                    478.2169  2953348         
  11738  8707      502.7427    66                    478.2169  2961816         
  11788  8748      478.2879   140                    478.2197  2971531         
  11800  8760      483.4726    90                    478.2197  2981113         
  11812  8772      484.7154    89                    478.2197  2989958         
  11829  8789      532.5456    56                    478.2197  2999447         
  11891  8841      483.9955   118                    478.2206  3005986         
  11946  8888    infeasible                          478.2206  3014412         
  11963  8903      516.1665    72                    478.2214  3022942         
  12003  8941      576.7335    66                    478.2214  3033157         
Elapsed time = 2293.66 sec. (1837683.89 ticks, tree = 34.35 MB, solutions = 0)
  12052  8968      487.0078   120                    478.2219  3041583         
  12113  9029      587.6252    48                    478.2219  3049386         
  12139  9051      495.5439    84                    478.2224  3057393         
  12154  9066      533.3143    60                    478.2224  3066553         
  12178  9088      587.1808    59                    478.2224  3077149         
  12249  9143      480.1617   136                    478.2225  3085028         
  12301  9195      515.8758    49                    478.2225  3093359         
  12326  9214      496.6367    91                    478.2230  3102971         
  12346  9234      505.6432    84                    478.2230  3111035         
  12362  9250      581.8215    68                    478.2230  3121095         
Elapsed time = 2350.35 sec. (1877087.17 ticks, tree = 35.44 MB, solutions = 0)
  12410  9284      482.9762   122                    478.2263  3129404         
  12430  9304      483.1154   177                    478.2263  3133597         
  12494  9362      478.3404   174                    478.2275  3141449         
  12525  9393      485.8286    97                    478.2275  3149753         
  12552  9416      490.2480    87                    478.2281  3161295         
  12563  9427      507.4176    81                    478.2281  3170101         
  12575  9439      514.3952    70                    478.2281  3179548         
  12591  9453      534.9530    78                    478.2281  3189084         
  12617  9475      495.6991   164                    478.2317  3196788         
  12630  9488      509.3479    77                    478.2317  3205201         
Elapsed time = 2404.97 sec. (1917199.26 ticks, tree = 36.44 MB, solutions = 0)
  12656  9514      512.4126    61                    478.2317  3214712         
  12689  9547      551.5794    59                    478.2317  3224671         
  12710  9554      482.5166   175                    478.2319  3232310         
  12771  9615      522.6874    72                    478.2319  3238786         
  12816  9650      483.3516   152                    478.2324  3246775         
  12831  9665      501.8525    69                    478.2324  3256110         
  12857  9691      549.4448    59                    478.2324  3266155         
  12926  9750      485.0115    97                    478.2331  3273395         
  12954  9772      487.5699   103                    478.2335  3279619         
  12963  9781      495.6085   102                    478.2335  3287734         
Elapsed time = 2470.89 sec. (1957232.29 ticks, tree = 37.47 MB, solutions = 0)
  12982  9800      515.2241    80                    478.2335  3295443         
  13007  9825      519.3752    76                    478.2335  3305551         
  13035  9847      489.2173   119                    478.2349  3314817         
  13077  9887      549.8926    46                    478.2349  3322183         
  13084  9890      512.5626   111                    478.2359  3331556         
  13110  9910      478.3241   174                    478.2373  3338712         
  13169  9969      484.3305    95                    478.2373  3344798         
  13221 10009      497.2555    99                    478.2394  3355014         
  13243 10031      500.3456    79                    478.2394  3361450         
  13272 10060      529.8319    56                    478.2394  3371679         
Elapsed time = 2542.60 sec. (1997029.39 ticks, tree = 38.63 MB, solutions = 0)
  13299 10075      530.5427    86                    478.2456  3380223         
  13317 10093      540.5600    70                    478.2456  3388742         
  13333 10109      547.9484    62                    478.2456  3397316         
  13356 10132      651.0288    49                    478.2456  3407886         
  13384 10152      483.3576   130                    478.2462  3416473         
  13418 10186      519.0204    67                    478.2462  3426547         
  13461 10219      482.3830    98                    478.2476  3436042         
  13496 10254      483.9552   115                    478.2476  3442928         
  13544 10302      537.4902    42                    478.2476  3452141         
  13567 10321      489.9015    90                    478.2476  3461570         
Elapsed time = 2605.15 sec. (2036763.20 ticks, tree = 39.54 MB, solutions = 0)
  13587 10341      547.7588    71                    478.2476  3471938         
  13600 10342      482.4504   163                    478.2486  3481975         
  13634 10376      505.7345   103                    478.2486  3487460         
  13680 10414      479.5604   120                    478.2488  3495115         
  13699 10433      479.5303    86                    478.2488  3504865         
  13720 10454      503.2948    94                    478.2488  3515125         
  13764 10490      479.0804   132                    478.2508  3523507         
  13815 10541      499.8766    68                    478.2508  3531495         
  13851 10569      485.1506    97                    478.2520  3539948         
  13862 10580      488.1993    89                    478.2520  3547693         
Elapsed time = 2673.27 sec. (2076744.64 ticks, tree = 40.44 MB, solutions = 0)
  13872 10590      494.3818    75                    478.2520  3557071         
  13892 10610      497.0278    63                    478.2520  3567781         
  13931 10643      478.4366   176                    478.2521  3576581         
  13986 10694      480.3197   135                    478.2527  3585652         
  13998 10706      482.2549    83                    478.2527  3595226         
  14014 10722      482.5705    98                    478.2527  3604145         
  14024 10732      499.9359    88                    478.2527  3612446         
  14074 10776      538.8000    43                    478.2527  3620828         
  14112 10806      494.2424    98                    478.2531  3630186         
  14142 10828      480.6969    96                    478.2541  3639144         
Elapsed time = 2738.11 sec. (2117377.16 ticks, tree = 41.31 MB, solutions = 0)
  14158 10844      495.4660    98                    478.2541  3647389         
  14183 10869      498.8498    82                    478.2541  3656895         
  14221 10907      522.8353    41                    478.2541  3666711         
  14283 10965      482.7837   100                    478.2541  3674614         
  14330 11004      491.1333    92                    478.2547  3682888         
  14344 11018      501.8751    76                    478.2547  3691549         
  14371 11045      554.4130    69                    478.2547  3700882         
  14392 11062      485.9830   123                    478.2562  3710732         
  14440 11110      491.9182   120                    478.2562  3717168         
  14478 11138      487.6647   106                    478.2564  3724605         
Elapsed time = 2791.70 sec. (2156709.89 ticks, tree = 42.40 MB, solutions = 0)
  14495 11155      494.0596    94                    478.2564  3734592         
  14530 11190      516.8626    78                    478.2564  3744344         
  14561 11219      531.5772    51                    478.2564  3753309         
  14621 11266      489.7501    84                    478.2567  3761804         
  14659 11302      566.9997    80                    478.2567  3771245         
  14691 11330      507.6775   110                    478.2567  3779595         
  14717 11350    infeasible                          478.2567  3789879         
  14752 11385      478.4905    94                    478.2584  3796186         
  14807 11440      529.6296    71                    478.2584  3805112         
  14839 11464      488.1878    77                    478.2591  3812789         
Elapsed time = 2858.25 sec. (2195711.52 ticks, tree = 43.54 MB, solutions = 0)
  14855 11480      489.1399    91                    478.2591  3821291         
  14865 11490      491.5921    71                    478.2591  3830494         
  14885 11510      498.0124    91                    478.2591  3840653         
  14903 11528      564.2268    60                    478.2591  3849447         
  14932 11549      482.8367   106                    478.2598  3861828         
  14977 11594      519.8048    75                    478.2598  3870956         
  15017 11628      548.9345    66                    478.2598  3880444         
  15054 11657      491.2967   116                    478.2607  3888449         
  15074 11677      495.3663    86                    478.2607  3897637         
  15109 11712      509.7392    58                    478.2607  3908011         
Elapsed time = 2906.12 sec. (2235550.74 ticks, tree = 44.95 MB, solutions = 0)
  15164 11761      602.9050    27                    478.2607  3916528         
  15219 11810      486.3426    90                    478.2609  3923982         
  15261 11848      478.5441    98                    478.2626  3930126         
  15284 11871      500.6879   100                    478.2626  3939343         
  15314 11901      509.5090    74                    478.2626  3948048         
  15371 11954      580.1239    16                    478.2626  3957682         
  15422 12001      502.5244   105                    478.2629  3964348         
  15476 12051      484.4952   104                    478.2651  3971968         
  15502 12077      505.2214    78                    478.2651  3980669         
  15534 12101      551.9488    54                    478.2651  3992301         
Elapsed time = 2975.47 sec. (2274391.60 ticks, tree = 46.31 MB, solutions = 0)
  15611 12158      478.8216    93                    478.2674  4001703         
  15658 12205      530.3365    42                    478.2674  4010465         
  15678 12219      493.5368    87                    478.2703  4019562         
  15699 12240      494.0619    93                    478.2703  4028592         
  15726 12267      569.7175    67                    478.2703  4039314         
  15750 12281      480.7916   107                    478.2720  4049853         
  15786 12317      498.4611    79                    478.2720  4059031         
  15829 12354      490.8784   122                    478.2727  4068192         
  15865 12390      505.3682    72                    478.2727  4077521         
  15891 12414      551.5815    60                    478.2727  4087940         
Elapsed time = 3038.05 sec. (2313416.71 ticks, tree = 47.40 MB, solutions = 0)
  15906 12425      498.1537   100                    478.2741  4096773         
  15939 12458      519.9699    77                    478.2741  4105608         
  15961 12480      521.8422   107                    478.2741  4116842         
  16024 12525      499.0901   112                    478.2743  4124685         
  16051 12552      528.8385   102                    478.2743  4135390         
  16088 12585      521.4011   110                    478.2743  4145745         
  16125 12614      478.6456   150                    478.2765  4154583         
  16149 12638      531.4418    94                    478.2765  4164942         
  16171 12660      540.0565    76                    478.2765  4175208         
  16209 12692      644.6720    49                    478.2765  4185104         
Elapsed time = 3091.65 sec. (2355289.86 ticks, tree = 48.36 MB, solutions = 0)
  16265 12740      498.0882   112                    478.2774  4192092         
  16294 12763      490.9360    98                    478.2778  4201165         
  16303 12772      496.8368    86                    478.2778  4209757         
  16329 12798      540.5054    71                    478.2778  4219778         
  16378 12829      478.7010   132                    478.2787  4230691         
  16412 12863      490.3025    72                    478.2787  4240417         
  16444 12891      484.6099    90                    478.2797  4250073         
  16459 12906      493.8869    84                    478.2797  4259541         
  16482 12929      497.6619    76                    478.2797  4269111         
  16519 12960      575.6994    47                    478.2797  4278904         
Elapsed time = 3139.66 sec. (2395095.65 ticks, tree = 49.30 MB, solutions = 0)
  16592 13025      509.7823    66                    478.2797  4286413         
  16631 13060      525.5302    87                    478.2802  4295735         
  16677 13100      681.0161    45                    478.2802  4305765         
  16707 13118      499.5374   112                    478.2839  4315309         
  16719 13130      519.9536    80                    478.2839  4323731         
  16745 13156      513.1143    69                    478.2839  4332412         
  16766 13177      543.3410    59                    478.2839  4341886         
  16807 13208      488.2537    74                    478.2846  4350243         
  16864 13255    infeasible                          478.2846  4360634         
  16931 13314      482.1588   142                    478.2852  4367632         
Elapsed time = 3194.30 sec. (2434090.84 ticks, tree = 50.55 MB, solutions = 0)
  16983 13358      499.2019   104                    478.2858  4377180         
  17013 13384      553.1902    73                    478.2858  4386997         
  17072 13433      481.6544   139                    478.2863  4394634         
  17124 13479      482.3415   151                    478.2872  4401547         
  17161 13516      513.3332    76                    478.2872  4410397         
  17201 13554      537.0438    42                    478.2872  4418496         
  17252 13593      501.5801    93                    478.2897  4427661         
  17304 13634      479.1714   230                    478.2900  4435044         
  17318 13648      495.5873    86                    478.2900  4444039         
  17340 13670      495.1961    72                    478.2900  4453230         
Elapsed time = 3254.23 sec. (2473629.23 ticks, tree = 51.79 MB, solutions = 0)
  17369 13699      544.8361    56                    478.2900  4463381         
  17417 13738      482.8868    96                    478.2908  4471967         
  17468 13783      492.3704   125                    478.2918  4479841         
  17485 13800      494.1630    88                    478.2918  4488441         
  17499 13814      497.9128    76                    478.2918  4498018         
  17520 13833    infeasible                          478.2918  4507317         
  17563 13858      479.7025   115                    478.2937  4518807         
  17567 13862      487.4269    93                    478.2937  4526932         
  17573 13868      487.9603    96                    478.2937  4534627         
  17584 13879      494.6475   112                    478.2937  4542276         
Elapsed time = 3302.56 sec. (2517423.79 ticks, tree = 52.53 MB, solutions = 0)
  17597 13892      495.2885    86                    478.2937  4551380         
  17614 13909      497.9251    87                    478.2937  4561022         
  17624 13919      510.5662    81                    478.2937  4568673         
  17642 13937      525.7390    68                    478.2937  4577285         
  17698 13983      481.1705   161                    478.2938  4587528         
  17719 14004      494.4633    91                    478.2938  4596198         
  17743 14028      519.1261   115                    478.2938  4606950         
  17790 14069      502.2744    90                    478.2940  4615622         
  17831 14102      496.9569    91                    478.2942  4627135         
  17841 14112      500.9099    89                    478.2942  4635880         
Elapsed time = 3360.39 sec. (2558952.59 ticks, tree = 53.35 MB, solutions = 0)
  17858 14129      513.2858    72                    478.2942  4644378         
  17903 14166      589.5605    68                    478.2942  4654384         
  17933 14186      499.1131    75                    478.2942  4663209         
  17974 14217      488.8438   108                    478.2959  4671904         
  18000 14243      521.9351    73                    478.2959  4681662         
  18037 14270      485.2086   195                    478.2961  4690206         
  18095 14328      497.3560    85                    478.2961  4695839         
  18124 14349      497.5564    84                    478.2970  4705854         
  18134 14359      502.1969    64                    478.2970  4714333         
  18151 14376      577.3046    57                    478.2970  4723884         
Elapsed time = 3408.72 sec. (2597864.64 ticks, tree = 54.28 MB, solutions = 0)
  18172 14387      479.7689    90                    478.2979  4732966         
  18203 14418      500.4105   101                    478.2979  4741356         
  18265 14472      490.6062   177                    478.2986  4749775         
  18285 14492      499.9183    81                    478.2986  4758763         
  18307 14514      505.0010    88                    478.2986  4769143         
  18325 14532      516.1450    80                    478.2986  4779060         
  18352 14559      531.3614   120                    478.2986  4788589         
  18370 14567      484.7944   163                    478.2992  4799224         
  18395 14592      488.7619    98                    478.2992  4807391         
  18412 14609      490.0481   106                    478.2992  4816117         
Elapsed time = 3453.41 sec. (2638462.80 ticks, tree = 55.09 MB, solutions = 0)
  18434 14631      506.8114    62                    478.2992  4824381         
  18457 14652      579.2404    57                    478.2992  4834289         
  18496 14682      482.8082   104                    478.3012  4844836         
  18526 14707      607.3879    50                    478.3012  4854376         
  18564 14736      494.8133   132                    478.3014  4863057         
  18603 14759      484.3235   100                    478.3015  4872198         
  18632 14788      514.1756    73                    478.3015  4880899         
  18683 14827      479.2492   109                    478.3016  4888434         
  18724 14866      520.6744    42                    478.3016  4897603         
  18737 14875      484.9820   119                    478.3021  4905407         
Elapsed time = 3499.07 sec. (2677796.26 ticks, tree = 56.20 MB, solutions = 0)
  18757 14895      502.9019    81                    478.3021  4914238         
  18791 14919    infeasible                          478.3021  4925005         
  18824 14944      480.8168   102                    478.3022  4931115         
  18871 14991      526.9221    47                    478.3022  4939345         
  18898 15012      490.3182   122                    478.3030  4949040         
  18907 15021      486.9175   106                    478.3030  4958529         
  18917 15031      487.1558    86                    478.3030  4966940         
  18930 15044      487.6843    97                    478.3030  4976063         
  18965 15079      549.2451    53                    478.3030  4984898         
  18985 15089      491.6141   108                    478.3037  4993298         
Elapsed time = 3546.88 sec. (2718900.88 ticks, tree = 56.95 MB, solutions = 0)
  19029 15133      520.3844    81                    478.3037  5001555         
  19058 15152      496.7802    98                    478.3041  5010966         
  19078 15172      522.2433    78                    478.3041  5020835         
  19097 15191      592.0260    91                    478.3041  5030992         
  19140 15222      484.3400   114                    478.3045  5040574         
  19161 15243      513.0000    86                    478.3045  5049297         
  19183 15265      539.4436   111                    478.3045  5058132         
  19205 15279      503.2230   131                    478.3050  5067683         
  19221 15295      538.3845    91                    478.3050  5076121         
  19257 15329      559.7143    72                    478.3050  5085023         
Elapsed time = 3593.28 sec. (2758360.01 ticks, tree = 57.79 MB, solutions = 0)
  19354 15400      479.4516   144                    478.3057  5092809         

GUB cover cuts applied:  145
Clique cuts applied:  68
Cover cuts applied:  100
Implied bound cuts applied:  110
Flow cuts applied:  54
Mixed integer rounding cuts applied:  1138
Zero-half cuts applied:  6
Gomory fractional cuts applied:  6

Root node processing (before b&c):
  Real time             =   11.13 sec. (11330.74 ticks)
Sequential b&c:
  Real time             = 3588.87 sec. (2753221.11 ticks)
                          ------------
Total (root+branch&cut) = 3600.00 sec. (2764551.85 ticks)
