Version identifier: 22.1.0.0 | 2022-03-09 | 1a383f8ce
CPXPARAM_Read_DataCheck                          1
CPXPARAM_Threads                                 1
CPXPARAM_TimeLimit                               3600
Tried aggregator 2 times.
MIP Presolve eliminated 8177 rows and 289 columns.
MIP Presolve modified 104183 coefficients.
Aggregator did 347 substitutions.
Reduced MIP has 22467 rows, 1584 columns, and 184336 nonzeros.
Reduced MIP has 1181 binaries, 0 generals, 0 SOSs, and 0 indicators.
Presolve time = 0.50 sec. (323.74 ticks)
Probing time = 0.01 sec. (8.08 ticks)
Tried aggregator 1 time.
Detecting symmetries...
Reduced MIP has 22467 rows, 1584 columns, and 184336 nonzeros.
Reduced MIP has 1181 binaries, 0 generals, 0 SOSs, and 0 indicators.
Presolve time = 0.16 sec. (76.42 ticks)
Probing time = 0.01 sec. (8.20 ticks)
Clique table members: 558.
MIP emphasis: balance optimality and feasibility.
MIP search method: dynamic search.
Parallel mode: none, using 1 thread.
Root relaxation solution time = 0.11 sec. (99.27 ticks)

        Nodes                                         Cuts/
   Node  Left     Objective  IInf  Best Integer    Best Bound    ItCnt     Gap

      0     0      427.3896   230                    427.3896      619         
      0     0      427.3896   119                   Cuts: 700     1121         
      0     0      427.3896   126                  Cuts: 1317     1936         
      0     0      427.3896   125                   Cuts: 195     2424         
Detecting symmetries...
      0     2      427.3896   111                    427.3896     2424         
Elapsed time = 14.58 sec. (9660.45 ticks, tree = 0.01 MB, solutions = 0)
      3     5      431.1290   132                    427.3896     3249         
      8    10      448.0978   140                    427.3896     4413         
     11    13      427.3896   129                    427.3896     5302         
     14    16      427.3896   128                    427.3896     6628         
     18    20      427.3908   138                    427.3908     7795         
     20    22      446.0390   153                    427.3908    10265         
     25    27      427.3930   154                    427.3930    11484         
     30    32      443.9395   146                    427.3930    12743         
     31    33      429.7576   120                    427.3930    13331         
     42    44      432.4625   133                    427.3938    16502         
Elapsed time = 19.25 sec. (14701.77 ticks, tree = 0.50 MB, solutions = 0)
     53    55      429.1608   107                    427.3938    19879         
     60    62      446.5900   115                    427.3938    21878         
     76    78      432.8702   128                    427.3938    26545         
     82    82      427.3946   116                    427.3938    29623         
     91    91      458.4238   130                    427.3938    34286         
    100   100      427.3946   109                    427.3938    36020         
    111   111      440.4990   118                    427.3938    40402         
    122   122      440.3804   103                    427.3938    44238         
    131   131      427.3994    91                    427.3938    45568         
    140   140      427.4043    85                    427.3938    47889         
Elapsed time = 36.30 sec. (28412.81 ticks, tree = 1.38 MB, solutions = 0)
    150   150      472.0998    82                    427.3938    50997         
    165   165      485.3156    80                    427.3938    55031         
    176   176      428.3249    91                    427.3938    57712         
    180   180      427.4120    78                    427.3938    58917         
    190   190      430.2847    77                    427.3938    63124         
    202   202      440.9571    67                    427.3938    65875         
    234   232      446.3817    52                    427.3938    69029         
    251   243      429.5257   100                    427.3946    73352         
    260   252      430.9626    97                    427.3946    75581         
    267   253      430.0643    98                    427.3946    80478         
Elapsed time = 51.64 sec. (39796.53 ticks, tree = 2.37 MB, solutions = 0)
    276   262      443.6657    70                    427.3946    82321         
    330   316      470.4267    58                    427.3946    84650         
    361   347      470.4267    53                    427.3946    88635         
    413   395      476.5653   111                    427.3946    92082         
    420   398      441.4601    93                    427.3946    95119         
    437   415      452.1911    89                    427.3946    99224         
    460   434      443.9237    70                    427.3946   103541         
    472   434    infeasible                          427.3946   112945         
    476   436    infeasible                          427.3971   115488         
    482   438      448.2644    80                    427.3985   117932         
Elapsed time = 68.93 sec. (52041.17 ticks, tree = 2.92 MB, solutions = 0)
    489   443      435.8558    94                    427.3985   121208         
    497   451      455.8626   106                    427.3985   124771         
    505   459      428.0763   104                    427.3985   128175         
    511   463      447.7310   105                    427.3985   131560         
    517   469      463.2205   123                    427.3985   135600         
    521   473      481.1893   105                    427.3985   138520         
    551   501      428.7424   125                    427.3985   142239         
    566   516      447.8046    72                    427.3985   146194         
    581   531      430.1220    68                    427.3985   149817         
    601   551      431.0105    77                    427.3985   152965         
Elapsed time = 84.25 sec. (62503.63 ticks, tree = 3.33 MB, solutions = 0)
    625   571      439.5413    68                    427.3985   156351         
    640   584      456.0446    55                    427.3985   159334         
    675   619      445.1267    54                    427.3985   162450         
    704   642      504.3283    27                    427.3985   165400         
    734   662    infeasible                          427.3985   167625         
    738   660      446.2578    85                    427.3994   171623         
    754   676      461.1480    66                    427.3994   174711         
    783   701    infeasible                          427.3994   178236         
    823   735      450.9315    62                    427.3994   181441         
    867   769      432.3687    93                    427.4043   184920         
Elapsed time = 98.94 sec. (73053.00 ticks, tree = 4.08 MB, solutions = 0)
    885   787      441.9702    74                    427.4043   188443         
    900   802      441.9722    62                    427.4043   191796         
    913   815      453.6272    69                    427.4043   195398         
    940   841      445.5930    57                    427.4043   198483         
    964   859      457.2825    35                    427.4043   200827         
    989   876      457.2874    62                    427.4043   204307         
   1007   881    infeasible                          427.4043   208719         
   1011   880      430.7727    77                    427.4100   212697         
   1030   899      437.3053    57                    427.4100   215436         

Performing restart 1

Repeating presolve.
Tried aggregator 1 time.
Reduced MIP has 22467 rows, 1584 columns, and 184336 nonzeros.
Reduced MIP has 1181 binaries, 0 generals, 0 SOSs, and 0 indicators.
Presolve time = 0.10 sec. (60.21 ticks)
Tried aggregator 1 time.
MIP Presolve eliminated 20 rows and 3 columns.
Reduced MIP has 22447 rows, 1581 columns, and 184104 nonzeros.
Reduced MIP has 1178 binaries, 0 generals, 0 SOSs, and 0 indicators.
Presolve time = 0.18 sec. (78.87 ticks)
Represolve time = 0.56 sec. (300.45 ticks)
   1040     0      427.4172   231                  Cuts: 1490   220614         
   1040     0      427.4750   206                  Cuts: 2145   221848         
   1040     0      427.5321   224                  Cuts: 2962   222513         
   1040     0      427.5929   229                  Cuts: 2848   223293         
   1040     0      427.6098   273                  Cuts: 3788   223819         
   1040     0      427.6468   270                  Cuts: 3761   224272         
   1040     0      427.6976   353                  Cuts: 1270   224657         
   1040     0      427.7095   284                  Cuts: 4265   225361         
   1040     0      427.7169   260                  Cuts: 4311   225945         
   1040     0      427.7220   374                  Cuts: 2436   226412         
   1040     0      427.7363   323                  Cuts: 5613   226975         
   1040     0      427.7495   337                  Cuts: 2369   227383         
   1040     0      427.7610   324                  Cuts: 2497   227830         
   1040     0      427.8046   318                  Cuts: 2674   228938         
   1040     0      427.8147   336                  Cuts: 3458   229426         
   1040     0      427.8382   310                  Cuts: 4691   230143         
   1040     0      427.8394   341                  Cuts: 3763   230648         
   1040     0      427.8483   383                  Cuts: 2270   231293         
   1040     0      427.8513   342                  Cuts: 2442   231650         
   1040     0      427.8610   351                  Cuts: 2837   232094         
   1040     2      427.8610   351                    427.8610   232094         
Elapsed time = 230.76 sec. (146178.14 ticks, tree = 0.01 MB, solutions = 0)
   1041     3      427.8610   350                    427.8610   232097         
   1042     4      427.8610   348                    427.8611   232102         
   1043     5      427.8611   385                    427.8613   232179         
   1044     6      427.8613   384                    427.8614   232180         
   1045     7      427.8614   383                    427.8614   232181         
   1046     8      427.8614   382                    427.8614   232182         
   1057    14      444.2806   124                    427.8618   234197         
   1058    15      444.2806   121                    427.8618   234530         
   1060    17      444.2868   129                    427.8618   235394         
   1063    20      462.7447   107                    427.8618   236287         
Elapsed time = 293.94 sec. (198051.76 ticks, tree = 0.25 MB, solutions = 0)
   1070    27      448.2247   106                    427.8618   236482         
   1079    36      451.1037   103                    427.8618   237644         
   1084    41      459.5296   103                    427.8618   238254         
   1095    51      452.7814    93                    427.8618   239950         
   1100    56      453.9053    80                    427.8618   241612         
   1105    61      455.2367    81                    427.8618   242608         
   1114    69      462.9638    84                    427.8618   243847         
   1119    74      472.5405   112                    427.8618   246100         
   1123    78      464.7025   110                    427.8618   246796         
   1132    87      472.8378    98                    427.8618   247874         
Elapsed time = 312.58 sec. (217523.60 ticks, tree = 4.74 MB, solutions = 0)
   1144    99      473.0757    78                    427.8618   248940         
   1150   105      465.8849    82                    427.8618   250633         
   1160   115      469.5809    87                    427.8618   251903         
   1165   114      430.1006   224                    427.8618   253684         
   1170   119      442.8216   111                    427.8618   257715         
   1174   123      437.1463   101                    427.8618   259989         
   1181   130      433.6309   103                    427.8618   260770         
   1189   138      434.1861    98                    427.8618   262963         
   1191   140      433.6309    95                    427.8618   263436         
   1199   148      434.8313    97                    427.8618   266090         
Elapsed time = 340.29 sec. (242048.16 ticks, tree = 6.01 MB, solutions = 0)
   1220   169      434.3609    79                    427.8618   269698         
   1243   192      435.3282    70                    427.8618   273920         
   1282   231      440.3508    52                    427.8618   278610         
   1320   263      482.9052    31                    427.8618   284126         
   1340   279      432.1783   110                    427.8738   289051         
   1374   313      435.0851   108                    427.8738   293841         
   1419   357      439.0096    68                    427.8738   300465         
   1450   388      431.6404    97                    427.8787   305701         
   1469   407      440.7974    87                    427.8787   309906         
   1537   475      442.9410    64                    427.8787   313208         
Elapsed time = 380.37 sec. (282758.75 ticks, tree = 7.15 MB, solutions = 0)
   1589   518      441.1226   100                    427.8856   320518         
   1625   554      461.1279    81                    427.8856   327970         
   1666   594      477.7138    58                    427.8856   334215         
   1708   628      478.4155   119                    427.8909   338670         
   1727   647      470.3285    83                    427.8909   342718         
   1760   678      470.3441    82                    427.8909   349619         
   1830   741      438.3710   123                    427.9036   358701         
   1835   746      443.6670   117                    427.9036   361381         
   1855   765      443.6670   101                    427.9036   366027         
   1883   793      464.8544    66                    427.9036   373259         
Elapsed time = 423.42 sec. (328663.77 ticks, tree = 8.27 MB, solutions = 0)
   1918   824      429.5620   143                    427.9139   381184         
   1969   871      429.2200   193                    427.9160   389723         
   1997   899      450.9829   103                    427.9160   394560         
   2032   932      472.2655    67                    427.9160   403000         

Performing restart 2

Repeating presolve.
Tried aggregator 1 time.
MIP Presolve eliminated 7 rows and 0 columns.
MIP Presolve modified 57 coefficients.
Reduced MIP has 22440 rows, 1581 columns, and 190093 nonzeros.
Reduced MIP has 1178 binaries, 0 generals, 0 SOSs, and 0 indicators.
Presolve time = 0.13 sec. (100.17 ticks)
Tried aggregator 1 time.
Reduced MIP has 22440 rows, 1581 columns, and 190093 nonzeros.
Reduced MIP has 1178 binaries, 0 generals, 0 SOSs, and 0 indicators.
Presolve time = 0.14 sec. (83.19 ticks)
Represolve time = 0.74 sec. (412.87 ticks)
   2080     0      427.8636   360                  Cuts: 5710   409677         
   2080     0      427.8644   345                  Cuts: 2598   409954         
   2080     0      427.8647   326                  Cuts: 2585   410201         
   2080     0      427.8656   363                  Cuts: 2343   410464         
   2080     0      427.8660   396                  Cuts: 3105   410708         
   2080     0      427.8665   361                  Cuts: 3999   410960         
   2080     0      427.8668   384                  Cuts: 4334   411219         
   2080     0      427.8669   369                  Cuts: 3050   411587         
   2080     0      427.8671   392                  Cuts: 4131   411783         
   2080     0      427.8673   325                  Cuts: 3729   412154         
   2080     0      427.8700   336                  Cuts: 3162   412450         
   2080     2      427.8700   367                    427.9160   412450         
   2081     3      427.8700   366                    427.9160   412453         
   2083     5      427.8838   283                    427.9160   412793         
   2084     6      438.3710   109                    427.9160   419319         
   2085     7      427.8839   282                    427.9160   419320         
   2086     8      447.4460   106                    427.9160   424393         
Elapsed time = 631.38 sec. (528082.53 ticks, tree = 0.03 MB, solutions = 0)
   2098    20      464.2214   105                    427.9160   426614         
   2115    37      461.2290    81                    427.9160   429145         
   2132    54      461.2662    77                    427.9160   432803         
   2147    69      461.5973    60                    427.9160   434837         
   2169    91      476.9672    66                    427.9160   437848         
   2195   113      432.2766   206                    427.9160   443415         
   2203   121      468.5056   128                    427.9160   446535         
   2220   138      474.7664    97                    427.9160   449138         
   2238   156      475.3545    73                    427.9160   451990         
   2265   183      478.8130    59                    427.9160   455066         
Elapsed time = 676.68 sec. (574270.21 ticks, tree = 29.64 MB, solutions = 0)
   2326   232      427.8839   281                    427.9160   458314         
   2343   249      493.3471   110                    427.9160   461983         
   2364   270      469.9616    84                    427.9160   465099         
   2410   316      490.1141    61                    427.9160   468554         
   2464   369      480.0667    44                    427.9160   471433         
   2482   385      454.9376    88                    427.9160   476972         
   2495   398      469.3633    92                    427.9160   481515         
   2537   432      442.3582   130                    427.9160   486779         
   2558   453      455.9494    92                    427.9160   490441         
   2600   495      456.6241    79                    427.9160   494228         
Elapsed time = 719.32 sec. (622302.13 ticks, tree = 85.44 MB, solutions = 0)
   2669   558      508.2959    38                    427.9160   498767         
   2704   585      455.1778    96                    427.9160   507517         
   2708   589      436.8745   130                    427.9160   509139         
   2727   608      428.1542   126                    427.9160   512616         
   2739   620      432.0008   127                    427.9160   516866         
   2760   641      430.5139    78                    427.9160   520659         
   2790   671      435.5406    62                    427.9160   525368         
   2855   732    infeasible                          427.9160   529762         
   2873   746      476.7504    87                    427.9160   533957         
   2922   795      490.1355    54                    427.9160   538967         
Elapsed time = 762.06 sec. (669793.45 ticks, tree = 138.41 MB, solutions = 0)
*  2960+  829                          534.8343      427.9160            19.99%
   2983   846      431.4746    86      534.8343      427.9160   546427   19.99%
   3014   877      483.7159    63      534.8343      427.9160   549091   19.99%
   3052   906      447.7337   104      534.8343      427.9569   555570   19.98%
   3080   934      460.0990    58      534.8343      427.9569   557528   19.98%
   3110   953      446.9204    84      534.8343      427.9569   561150   19.98%
   3120   963      454.6706    73      534.8343      427.9569   562610   19.98%
   3171  1010      439.1220    96      534.8343      427.9715   566639   19.98%
   3209  1044      467.5478    76      534.8343      427.9715   571022   19.98%
   3264  1097      479.2492    45      534.8343      427.9715   575128   19.98%
   3295  1122      457.1837    83      534.8343      428.0221   579328   19.97%
Elapsed time = 815.61 sec. (727321.87 ticks, tree = 196.74 MB, solutions = 1)
   3319  1142      450.4262    72      534.8343      428.0221   583284   19.97%
   3376  1193      431.9760   105      534.8343      428.0229   586907   19.97%
   3414  1227      462.6042    87      534.8343      428.0379   590608   19.97%
   3461  1270      446.9871    96      534.8343      428.0385   594319   19.97%
   3527  1334      502.2445    29      534.8343      428.0385   598631   19.97%
   3568  1365      452.1108    59      534.8343      428.0573   602155   19.96%
   3625  1414      442.2080    79      534.8343      428.0757   606442   19.96%
   3657  1440      441.2534   105      534.8343      428.0886   609896   19.96%
   3703  1482      429.0775   119      534.8343      428.0994   613417   19.96%
   3750  1523      428.5456   134      534.8343      428.1048   617602   19.96%
Elapsed time = 855.59 sec. (766597.97 ticks, tree = 268.04 MB, solutions = 1)
   3773  1546      432.4428   117      534.8343      428.1048   621473   19.96%
   3813  1586      492.7082    42      534.8343      428.1048   626232   19.96%
   3831  1594      465.2737    82      534.8343      428.1251   631872   19.95%
   3868  1621      430.6332   259      534.8343      428.1256   635210   19.95%
   3873  1625      464.3325   128      534.8343      428.1256   642127   19.95%
   3908  1656      448.6129   107      534.8343      428.1306   647204   19.95%
   3937  1681      429.9014   166      534.8343      428.1425   650659   19.95%
   3993  1729      428.1425   188      534.8343      428.1426   655153   19.95%
   4018  1754      435.3487    68      534.8343      428.1431   659339   19.95%
   4055  1791      465.4660    33      534.8343      428.1431   663875   19.95%
Elapsed time = 899.10 sec. (808373.79 ticks, tree = 315.87 MB, solutions = 1)
   4085  1809      428.7140   106      534.8343      428.1552   665236   19.95%
   4134  1852      431.9899    97      534.8343      428.1638   669229   19.94%
   4194  1901      435.6094   142      534.8343      428.1654   673594   19.94%
   4255  1960      523.6948    36      534.8343      428.1654   676802   19.94%
   4283  1983      488.8898    75      534.8343      428.1671   681751   19.94%
   4328  2022      453.0892    80      534.8343      428.1682   685840   19.94%
   4373  2067      467.3943    46      534.8343      428.1682   690865   19.94%
   4433  2110      444.2799    76      534.8343      428.1829   694650   19.94%
   4510  2178      429.0687   115      534.8343      428.1861   697677   19.94%
   4572  2234      434.9250   219      534.8343      428.1989   701327   19.94%
Elapsed time = 941.85 sec. (847676.03 ticks, tree = 395.11 MB, solutions = 1)
   4609  2271      505.8520    59      534.8343      428.1989   705198   19.94%
   4644  2298      462.1665    99      534.8343      428.1993   709119   19.94%
   4674  2324      441.1030   106      534.8343      428.2094   714498   19.94%
   4696  2346      468.0780    81      534.8343      428.2094   720187   19.94%
   4739  2387      499.8901    42      534.8343      428.2094   725601   19.94%
   4768  2408      499.0187    59      534.8343      428.2106   730578   19.94%
   4797  2433      506.5486    64      534.8343      428.2132   735662   19.94%
   4830  2459      482.9935    60      534.8343      428.2220   740243   19.93%
   4880  2503      489.1280    52      534.8343      428.2303   744736   19.93%
   4942  2553      466.8760    74      534.8343      428.2359   748471   19.93%
Elapsed time = 986.61 sec. (887152.44 ticks, tree = 452.12 MB, solutions = 1)
   4988  2599      492.1274    30      534.8343      428.2359   752790   19.93%
*  5006  2524      integral     0      521.1919      428.2359   753614   17.84%
   5044  2562      436.7145    83      521.1919      428.2379   756266   17.83%
   5105  2619      435.2618    93      521.1919      428.2382   760104   17.83%
   5165  2674      429.7772   131      521.1919      428.2395   763879   17.83%
   5219  2724      431.5318   101      521.1919      428.2534   768591   17.83%
   5265  2768      497.6765    42      521.1919      428.2534   772873   17.83%
   5304  2795      472.8120    66      521.1919      428.2552   777050   17.83%
   5361  2836      434.8745   207      521.1919      428.2589   781510   17.83%
   5419  2892      483.0192    44      521.1919      428.2589   785223   17.83%
   5458  2924      468.5512    64      521.1919      428.2609   789864   17.83%
Elapsed time = 1035.98 sec. (926128.55 ticks, tree = 502.13 MB, solutions = 2)
   5500  2963      431.4672   109      521.1919      428.2676   793680   17.83%
   5576  3028      428.3619   137      521.1919      428.2704   797605   17.83%
   5629  3077      438.2030    87      521.1919      428.2755   801230   17.83%
   5676  3124      460.0643    54      521.1919      428.2755   807424   17.83%
   5733  3167      453.4979    79      521.1919      428.2786   811752   17.83%
   5807  3235      431.3158   109      521.1919      428.2930   814775   17.82%
   5883  3305      430.5480    77      521.1919      428.3235   818032   17.82%
   5930  3348      435.3318   102      521.1919      428.3244   822326   17.82%
   5968  3376      449.0230   130      521.1919      428.3319   828009   17.82%
   5999  3407      445.0142    88      521.1919      428.3319   833160   17.82%
Elapsed time = 1103.88 sec. (965572.95 ticks, tree = 588.29 MB, solutions = 2)
   6044  3446      493.7269    43      521.1919      428.3319   837942   17.82%
   6075  3473      441.5638    71      521.1919      428.3380   842423   17.82%
   6099  3497      480.8355    47      521.1919      428.3380   845464   17.82%
   6155  3549      502.9473    21      521.1919      428.3448   848941   17.81%
   6204  3588      429.3078   136      521.1919      428.3490   852934   17.81%
   6245  3624      466.7166    93      521.1919      428.3527   857555   17.81%
   6279  3658      476.3393    62      521.1919      428.3527   862474   17.81%
   6325  3692      428.8624    91      521.1919      428.3528   867438   17.81%
   6388  3745      456.7186    86      521.1919      428.3566   871822   17.81%
   6426  3777      436.4037    81      521.1919      428.3584   878237   17.81%
Elapsed time = 1162.43 sec. (1005026.85 ticks, tree = 654.61 MB, solutions = 2)
   6470  3817      489.9018    98      521.1919      428.3590   883112   17.81%
   6508  3849      440.2461    86      521.1919      428.3601   886796   17.81%
   6559  3896      479.4485    42      521.1919      428.3601   891224   17.81%
   6612  3937      459.3784    50      521.1919      428.3616   895254   17.81%
   6680  3995      432.8701    99      521.1919      428.3702   899486   17.81%
   6706  4019      490.6861    67      521.1919      428.3702   904208   17.81%
   6735  4038      449.2120    69      521.1919      428.3727   908565   17.81%
   6784  4079      460.5808    73      521.1919      428.3771   913838   17.81%
   6812  4099      429.7710   122      521.1919      428.3837   919323   17.81%
   6865  4146      437.0810   102      521.1919      428.3857   923032   17.81%
Elapsed time = 1219.57 sec. (1044402.16 ticks, tree = 720.71 MB, solutions = 2)
   6922  4199      497.5104    78      521.1919      428.3860   927753   17.81%
   6961  4227      445.8402    86      521.1919      428.3860   933854   17.81%
   7018  4278      428.4065    98      521.1919      428.3883   937583   17.81%
   7050  4310      455.1121    64      521.1919      428.3883   942459   17.81%
   7080  4340      491.8749    55      521.1919      428.3883   946555   17.81%
   7157  4391      433.7054    65      521.1919      428.3946   950308   17.80%
   7215  4443      483.7223    44      521.1919      428.4025   954727   17.80%
   7262  4486      477.0943    46      521.1919      428.4065   958429   17.80%
   7322  4539      516.0277    33      521.1919      428.4065   962032   17.80%
   7354  4567      440.5528    58      521.1919      428.4116   966333   17.80%
Elapsed time = 1279.89 sec. (1090508.56 ticks, tree = 795.60 MB, solutions = 2)
   7389  4600      453.3958    55      521.1919      428.4116   971824   17.80%
   7444  4639      450.0847    80      521.1919      428.4138   976006   17.80%
   7487  4676      445.6093    75      521.1919      428.4148   980802   17.80%
   7537  4722      431.6949    89      521.1919      428.4179   984502   17.80%
   7598  4775      440.2619    59      521.1919      428.4207   988220   17.80%
   7633  4806      448.2134    67      521.1919      428.4207   993028   17.80%
   7696  4867      492.4437    45      521.1919      428.4207   997763   17.80%
   7747  4908      428.6847    97      521.1919      428.4232  1001864   17.80%
   7822  4980      438.7136    62      521.1919      428.4255  1005695   17.80%
   7863  5015      454.2952    53      521.1919      428.4270  1010058   17.80%
Elapsed time = 1324.68 sec. (1129212.98 ticks, tree = 875.68 MB, solutions = 2)
   7896  5042      490.5230    59      521.1919      428.4304  1015158   17.80%
   7930  5070      455.7770    77      521.1919      428.4364  1019784   17.80%
   7970  5102      484.9552    77      521.1919      428.4364  1025007   17.80%
   8001  5125      433.5750    80      521.1919      428.4385  1029557   17.80%
   8050  5164      458.5781    79      521.1919      428.4407  1034618   17.80%
   8080  5194      497.2334    47      521.1919      428.4407  1036394   17.80%
   8103  5213      429.4646    95      521.1919      428.4407  1041589   17.80%
   8151  5259      491.1731    49      521.1919      428.4407  1045915   17.80%
   8208  5300      431.5888   106      521.1919      428.4427  1049415   17.80%
   8265  5357      491.8508    31      521.1919      428.4427  1053432   17.80%
Elapsed time = 1380.47 sec. (1171459.42 ticks, tree = 936.81 MB, solutions = 2)
   8314  5397      456.5778    72      521.1919      428.4462  1059945   17.79%
   8353  5432      434.4027    74      521.1919      428.4506  1064249   17.79%
   8393  5472      455.5147    59      521.1919      428.4506  1069085   17.79%
   8462  5531      431.1295   112      521.1919      428.4511  1072778   17.79%
   8536  5601      436.6735    64      521.1919      428.4744  1076035   17.79%
   8590  5651      485.3760    40      521.1919      428.4884  1080600   17.79%
   8628  5677      432.2158    81      521.1919      428.4941  1085988   17.79%
   8660  5709      446.9668    81      521.1919      428.4941  1090572   17.79%
   8721  5762      485.9247    32      521.1919      428.4963  1094730   17.79%
   8797  5826      452.5189    49      521.1919      428.4966  1098582   17.79%
Elapsed time = 1437.50 sec. (1211363.44 ticks, tree = 1020.65 MB, solutions = 2)
   8838  5859      441.0450    66      521.1919      428.5006  1102487   17.78%
   8908  5919      436.9225    80      521.1919      428.5006  1106467   17.78%
   8969  5974      463.9657    52      521.1919      428.5013  1110517   17.78%
   9022  6017      491.8902    75      521.1919      428.5057  1115169   17.78%
   9064  6054      498.6046    46      521.1919      428.5089  1120538   17.78%
   9080  6058      428.8038   126      521.1919      428.5095  1121061   17.78%
   9150  6122      467.2303    44      521.1919      428.5098  1124697   17.78%
   9193  6159      454.3338    64      521.1919      428.5119  1130086   17.78%
   9249  6209      433.6325    63      521.1919      428.5160  1133950   17.78%
   9319  6272      465.8330    49      521.1919      428.5169  1137266   17.78%
Elapsed time = 1497.17 sec. (1254583.31 ticks, tree = 1100.37 MB, solutions = 2)
   9376  6323      461.9451    47      521.1919      428.5197  1141159   17.78%
   9437  6374      446.0629   153      521.1919      428.5245  1146305   17.78%
   9468  6399    infeasible            521.1919      428.5245  1150782   17.78%
   9544  6471      429.0669   175      521.1919      428.5297  1154194   17.78%
   9573  6500      479.2701    59      521.1919      428.5297  1159204   17.78%
   9620  6532      428.5343   123      521.1919      428.5344  1163573   17.78%
   9683  6591      430.1856   138      521.1919      428.5371  1167988   17.78%
   9726  6632      492.1278    64      521.1919      428.5371  1173228   17.78%
   9806  6700      508.0863    21      521.1919      428.5372  1177721   17.78%
   9876  6753      430.3561    92      521.1919      428.5457  1180756   17.78%
Elapsed time = 1552.94 sec. (1293649.54 ticks, tree = 1186.35 MB, solutions = 2)
   9925  6798      428.9888   107      521.1919      428.5527  1184324   17.77%
   9992  6861      472.4228    74      521.1919      428.5586  1189833   17.77%
  10067  6925      429.1305    96      521.1919      428.5588  1193582   17.77%
  10118  6968      430.3040   103      521.1919      428.5646  1196257   17.77%
  10184  7026      431.2634   100      521.1919      428.5689  1199624   17.77%
  10240  7078      489.8545    58      521.1919      428.5695  1204734   17.77%
  10301  7127      429.8703   107      521.1919      428.5761  1208234   17.77%
  10367  7185      451.0070    72      521.1919      428.5829  1212060   17.77%
  10420  7232      456.7397    63      521.1919      428.5846  1217162   17.77%
  10441  7249      430.2146    72      521.1919      428.5846  1221287   17.77%
Elapsed time = 1613.36 sec. (1333387.06 ticks, tree = 1275.00 MB, solutions = 2)
  10480  7288      457.9750    60      521.1919      428.5846  1226449   17.77%
  10522  7322      455.7643    77      521.1919      428.5847  1231419   17.77%
  10596  7392      492.6717    16      521.1919      428.5859  1236106   17.77%
  10671  7457        cutoff            521.1919      428.5860  1239765   17.77%
  10723  7498        cutoff            521.1919      428.5873  1244209   17.77%
  10765  7540      457.3782    68      521.1919      428.5876  1248542   17.77%
  10823  7595      459.0778    50      521.1919      428.5884  1253078   17.77%
  10892  7654      441.6240    88      521.1919      428.5918  1257444   17.77%
  10951  7708      435.0300    81      521.1919      428.6001  1261598   17.77%
  10999  7750      444.3217    76      521.1919      428.6034  1266336   17.76%
Elapsed time = 1675.24 sec. (1372216.91 ticks, tree = 1363.68 MB, solutions = 2)
  11039  7787      437.5423    79      521.1919      428.6126  1271278   17.76%
  11080  7824      436.1841    79      521.1919      428.6161  1275612   17.76%
  11136  7874      444.2884    93      521.1919      428.6166  1279929   17.76%
  11216  7945      453.4717    48      521.1919      428.6171  1283877   17.76%
  11265  7990      456.2793    58      521.1919      428.6175  1288740   17.76%
  11335  8042      431.0616   106      521.1919      428.6194  1292529   17.76%
  11408  8111      433.3576    70      521.1919      428.6211  1296292   17.76%
  11481  8168      430.8467   102      521.1919      428.6219  1301086   17.76%
  11541  8213      430.8467    87      521.1919      428.6219  1306958   17.76%
  11597  8268      463.6904    42      521.1919      428.6219  1312207   17.76%
Elapsed time = 1745.54 sec. (1418905.75 ticks, tree = 1456.60 MB, solutions = 2)
  11666  8327      436.7274    71      521.1919      428.6228  1316360   17.76%
  11724  8379      435.5572    62      521.1919      428.6248  1320027   17.76%
  11791  8437      459.7130    82      521.1919      428.6252  1323520   17.76%
  11886  8525      461.0769    49      521.1919      428.6308  1327145   17.76%
  11937  8565        cutoff            521.1919      428.6318  1331350   17.76%
  11992  8608      473.4769    49      521.1919      428.6322  1335667   17.76%
  12042  8651      462.8125    46      521.1919      428.6375  1339499   17.76%
  12080  8684      472.9974    51      521.1919      428.6384  1342889   17.76%
  12113  8711      464.3222    81      521.1919      428.6434  1347822   17.76%
  12175  8762      508.1305    28      521.1919      428.6471  1352211   17.76%
Elapsed time = 1806.95 sec. (1459098.81 ticks, tree = 1545.08 MB, solutions = 2)
  12236  8814      430.2277   131      521.1919      428.6478  1356584   17.76%
  12308  8882      428.9366    92      521.1919      428.6478  1359827   17.76%
  12370  8932      428.8975   168      521.1919      428.6527  1364124   17.76%
  12393  8955      478.8985    55      521.1919      428.6527  1369106   17.76%
  12456  9007      435.5021    83      521.1919      428.6531  1373541   17.76%
  12491  9038      431.7628   110      521.1919      428.6546  1377811   17.75%
  12547  9087      429.9299   125      521.1919      428.6607  1381871   17.75%
  12615  9151      438.0079    73      521.1919      428.6633  1385238   17.75%
  12682  9208      429.1624   108      521.1919      428.6640  1388961   17.75%
  12743  9263      452.9272    64      521.1919      428.6640  1393534   17.75%
Elapsed time = 1864.88 sec. (1497752.77 ticks, tree = 1634.46 MB, solutions = 2)
  12816  9331      503.9720    48      521.1919      428.6685  1397860   17.75%
  12880  9391      464.8299    59      521.1919      428.6688  1401485   17.75%
  12924  9430      486.1477    49      521.1919      428.6689  1405630   17.75%
  12960  9457      467.2963    68      521.1919      428.6710  1410886   17.75%
  13045  9529      440.6949    71      521.1919      428.6738  1414472   17.75%
  13098  9573      514.7947    57      521.1919      428.6747  1419084   17.75%
  13131  9596      483.4563    64      521.1919      428.6752  1424065   17.75%
  13184  9639      444.2601    73      521.1919      428.6756  1429388   17.75%
  13258  9707      430.8183    97      521.1919      428.6758  1433046   17.75%
  13305  9746      430.0352   135      521.1919      428.6820  1436752   17.75%
Elapsed time = 1926.51 sec. (1536419.04 ticks, tree = 1720.80 MB, solutions = 2)
  13389  9811      430.1808    93      521.1919      428.6825  1441386   17.75%
  13444  9856      446.0391   122      521.1919      428.6838  1446658   17.75%
  13472  9884      470.6983    63      521.1919      428.6838  1451392   17.75%
  13524  9922      440.5614    64      521.1919      428.6854  1456373   17.75%
  13580  9974      449.1111    59      521.1919      428.6865  1460564   17.75%
  13639 10025    infeasible            521.1919      428.6865  1464866   17.75%
  13693 10074      456.2402    59      521.1919      428.6875  1468548   17.75%
  13735 10112      445.4217    68      521.1919      428.6886  1473365   17.75%
  13787 10164      479.7336    48      521.1919      428.6886  1477882   17.75%
  13864 10221      433.3734    83      521.1919      428.6890  1481960   17.75%
Elapsed time = 1974.74 sec. (1575370.54 ticks, tree = 1805.71 MB, solutions = 2)
  13928 10279      439.7106    78      521.1919      428.6894  1486008   17.75%
  13997 10340      463.3233    49      521.1919      428.6902  1490123   17.75%
  14049 10384      441.5251    67      521.1919      428.6913  1494125   17.75%
  14104 10433      430.4049   100      521.1919      428.6957  1498273   17.75%
  14150 10475      437.1912    87      521.1919      428.6976  1502737   17.75%
  14206 10526      439.7038    78      521.1919      428.6994  1507155   17.75%
  14257 10573      460.8323    64      521.1919      428.7017  1512060   17.75%
  14313 10622      520.2725    45      521.1919      428.7028  1516896   17.75%
  14366 10664      430.8817    93      521.1919      428.7039  1521307   17.75%
  14421 10713      433.4330    97      521.1919      428.7046  1525021   17.75%
Elapsed time = 2016.27 sec. (1614536.64 ticks, tree = 1893.65 MB, solutions = 2)
  14477 10765      442.8932    94      521.1919      428.7054  1528754   17.75%
  14524 10806      466.4989    55      521.1919      428.7062  1532743   17.75%
  14568 10850      486.1640    51      521.1919      428.7062  1537306   17.75%
  14636 10907      468.3540    30      521.1919      428.7064  1541053   17.75%
  14720 10982      432.9080    77      521.1919      428.7065  1544100   17.74%
  14789 11047      435.8450    71      521.1919      428.7065  1548081   17.74%
  14833 11085      472.7261    56      521.1919      428.7073  1552259   17.74%
  14866 11108      436.9303    78      521.1919      428.7076  1558668   17.74%
  14914 11154      503.0238    32      521.1919      428.7076  1562422   17.74%
  14980 11216      497.2496    29      521.1919      428.7079  1565496   17.74%
Elapsed time = 2061.11 sec. (1653165.98 ticks, tree = 1983.40 MB, solutions = 2)
  15043 11275      488.2604    33      521.1919      428.7114  1570508   17.74%
  15080 11306      432.9677    73      521.1919      428.7115  1571962   17.74%
  15136 11356      471.7348    60      521.1919      428.7118  1576563   17.74%
  15205 11415      431.5147   116      521.1919      428.7126  1581536   17.74%
  15261 11465      435.8510    86      521.1919      428.7140  1585986   17.74%
  15317 11511      431.0629    90      521.1919      428.7172  1590382   17.74%
  15382 11572      463.4188    81      521.1919      428.7173  1594823   17.74%
  15440 11624      437.7374    85      521.1919      428.7196  1599277   17.74%
  15470 11654      459.5727    69      521.1919      428.7196  1604769   17.74%
  15536 11712      474.1411    34      521.1919      428.7208  1608824   17.74%
Elapsed time = 2105.09 sec. (1695962.85 ticks, tree = 2072.06 MB, solutions = 2)
Nodefile size = 24.10 MB (24.08 MB after compression)
  15609 11775      436.2567    80      521.1919      428.7269  1612630   17.74%
  15648 11810      488.0722    80      521.1919      428.7269  1617579   17.74%
  15677 11834      456.9354    90      521.1919      428.7285  1622926   17.74%
  15717 11868      456.0866    60      521.1919      428.7296  1626757   17.74%
  15814 11951      429.0483    97      521.1919      428.7322  1630072   17.74%
  15883 12016      440.9831    86      521.1919      428.7329  1634317   17.74%
  15923 12048      440.0357    75      521.1919      428.7337  1637893   17.74%
  16015 12136      432.1266    75      521.1919      428.7365  1643480   17.74%
  16079 12196      429.1766    73      521.1919      428.7368  1647032   17.74%
  16129 12242      433.2269    74      521.1919      428.7383  1650134   17.74%
Elapsed time = 2146.28 sec. (1735382.86 ticks, tree = 2166.78 MB, solutions = 2)
Nodefile size = 119.29 MB (119.06 MB after compression)
  16195 12302      467.3706    42      521.1919      428.7422  1653941   17.74%
  16249 12352      446.6002    67      521.1919      428.7455  1658245   17.74%
  16300 12399      459.0336    60      521.1919      428.7457  1662897   17.74%
  16375 12467      437.9279    85      521.1919      428.7464  1667079   17.74%
  16423 12511      445.1578    74      521.1919      428.7470  1672198   17.74%
  16476 12560      476.6236    63      521.1919      428.7472  1676429   17.74%
  16546 12623      438.5244    71      521.1919      428.7485  1680897   17.74%
  16612 12683      479.2113    31      521.1919      428.7491  1684107   17.74%
  16694 12755      432.6258    76      521.1919      428.7518  1688145   17.74%
  16750 12807      453.1008    73      521.1919      428.7521  1692509   17.74%
Elapsed time = 2187.47 sec. (1774124.37 ticks, tree = 2267.72 MB, solutions = 2)
Nodefile size = 219.87 MB (219.54 MB after compression)
  16809 12858      429.0960   116      521.1919      428.7538  1696802   17.74%
  16881 12926      440.4241    80      521.1919      428.7541  1700309   17.74%
  16925 12959      432.8461    69      521.1919      428.7554  1705433   17.74%
  16974 13000      440.1922    73      521.1919      428.7562  1710441   17.74%
  17046 13067      451.3601    52      521.1919      428.7574  1714558   17.74%
  17089 13102      444.3012    61      521.1919      428.7579  1719220   17.74%
  17160 13161        cutoff            521.1919      428.7587  1722881   17.73%
  17207 13203      428.8127   117      521.1919      428.7607  1727056   17.73%
  17264 13256      430.3281   104      521.1919      428.7612  1731010   17.73%
  17311 13297      437.8621    66      521.1919      428.7622  1738157   17.73%
Elapsed time = 2228.55 sec. (1813695.21 ticks, tree = 2355.31 MB, solutions = 2)
Nodefile size = 308.10 MB (307.65 MB after compression)
  17360 13338      428.7640   138      521.1919      428.7624  1742212   17.73%
  17411 13385      435.7590    99      521.1919      428.7632  1746389   17.73%
  17463 13434      443.8120    79      521.1919      428.7637  1750351   17.73%
  17504 13472      429.7793    82      521.1919      428.7640  1754511   17.73%
  17541 13509      502.9618    44      521.1919      428.7640  1759599   17.73%
  17585 13541      434.0253    92      521.1919      428.7648  1762730   17.73%
  17635 13587      459.6129    77      521.1919      428.7667  1767525   17.73%
  17673 13621      430.8272   132      521.1919      428.7672  1772147   17.73%
  17711 13659      462.8184    50      521.1919      428.7672  1774362   17.73%
  17765 13705      438.8488    66      521.1919      428.7679  1778228   17.73%
Elapsed time = 2268.29 sec. (1852260.57 ticks, tree = 2428.35 MB, solutions = 2)
Nodefile size = 380.44 MB (379.83 MB after compression)
  17852 13774      448.0130    68      521.1919      428.7681  1783001   17.73%
  17901 13819      466.9862    70      521.1919      428.7684  1788008   17.73%
  17987 13896      472.3836    46      521.1919      428.7707  1792363   17.73%
  18037 13942      490.7496    54      521.1919      428.7707  1796692   17.73%
  18076 13977      520.7252    57      521.1919      428.7715  1801368   17.73%
  18101 13990      511.7105    45      521.1919      428.7715  1802771   17.73%
  18154 14032      430.1216    89      521.1919      428.7804  1806461   17.73%
  18230 14102      429.2186   119      521.1919      428.7816  1809780   17.73%
  18297 14165      451.4808    67      521.1919      428.7825  1813839   17.73%
  18344 14202      485.4537    63      521.1919      428.7855  1818337   17.73%
Elapsed time = 2309.90 sec. (1891204.03 ticks, tree = 2517.34 MB, solutions = 2)
Nodefile size = 469.83 MB (469.12 MB after compression)
  18406 14249      452.1502    79      521.1919      428.7859  1822405   17.73%
  18475 14312      455.3929    44      521.1919      428.7860  1826300   17.73%
  18533 14366      448.1270    64      521.1919      428.7872  1830857   17.73%
  18587 14412      438.2768    80      521.1919      428.7876  1835082   17.73%
  18646 14461      461.9092    74      521.1919      428.7900  1839698   17.73%
  18715 14516      430.0427    80      521.1919      428.7919  1844886   17.73%
  18767 14564      464.2198    63      521.1919      428.7922  1849333   17.73%
  18815 14608      440.0231    64      521.1919      428.7927  1853974   17.73%
  18848 14635      437.4644    70      521.1919      428.7935  1858402   17.73%
  18895 14676      482.5901    60      521.1919      428.7938  1863505   17.73%
Elapsed time = 2360.68 sec. (1929711.86 ticks, tree = 2602.21 MB, solutions = 2)
Nodefile size = 554.71 MB (553.75 MB after compression)
  18955 14722      433.7678    73      521.1919      428.7939  1868089   17.73%
  19009 14772      432.8550    92      521.1919      428.7943  1872461   17.73%
  19074 14829      431.4989    92      521.1919      428.7963  1876008   17.73%
  19127 14878      433.7919    89      521.1919      428.7987  1878366   17.73%
  19193 14938      454.5677    66      521.1919      428.7996  1882753   17.73%
  19241 14975      436.3672    90      521.1919      428.8014  1887504   17.73%
  19314 15036      429.2958   109      521.1919      428.8038  1890671   17.73%
  19377 15093      453.7775    55      521.1919      428.8043  1894509   17.73%
  19439 15149      475.8914    41      521.1919      428.8054  1898075   17.73%
  19483 15188      457.3791    62      521.1919      428.8056  1903246   17.73%
Elapsed time = 2400.97 sec. (1968444.22 ticks, tree = 2693.90 MB, solutions = 2)
Nodefile size = 646.18 MB (645.14 MB after compression)
  19536 15232      449.4239    72      521.1919      428.8069  1908336   17.73%
  19589 15281      459.6646    50      521.1919      428.8079  1912788   17.73%
  19640 15320        cutoff            521.1919      428.8079  1917037   17.73%
  19686 15363      452.5784    69      521.1919      428.8092  1920778   17.73%
  19724 15397      463.6966    77      521.1919      428.8105  1925672   17.73%
  19794 15463      447.7349    56      521.1919      428.8110  1930280   17.72%
  19844 15503      443.8131    77      521.1919      428.8133  1935301   17.72%
  19901 15554      448.7094    66      521.1919      428.8134  1939820   17.72%
  19938 15587      464.3118    70      521.1919      428.8142  1943889   17.72%
  20000 15631      434.5710    84      521.1919      428.8147  1948884   17.72%
Elapsed time = 2441.33 sec. (2007303.11 ticks, tree = 2773.21 MB, solutions = 2)
Nodefile size = 725.71 MB (724.64 MB after compression)
  20070 15697      438.4941    84      521.1919      428.8147  1952619   17.72%
  20089 15712      430.4610   127      521.1919      428.8150  1954239   17.72%
  20157 15772        cutoff            521.1919      428.8150  1957443   17.72%
  20207 15818      435.8063   112      521.1919      428.8213  1961879   17.72%
  20266 15871      436.3455    69      521.1919      428.8216  1965530   17.72%
  20318 15915      462.9679    53      521.1919      428.8223  1969689   17.72%
  20364 15957      465.8000    45      521.1919      428.8226  1974938   17.72%
  20423 16010      457.7125    57      521.1919      428.8234  1979106   17.72%
  20480 16061      480.3923    44      521.1919      428.8251  1983234   17.72%
  20528 16103      451.0013    80      521.1919      428.8256  1987632   17.72%
Elapsed time = 2492.72 sec. (2046174.40 ticks, tree = 2857.82 MB, solutions = 2)
Nodefile size = 810.28 MB (809.15 MB after compression)
  20587 16154      463.9544    89      521.1919      428.8290  1992209   17.72%
  20614 16175      436.6991    81      521.1919      428.8301  1998628   17.72%
  20662 16212      429.4644   112      521.1919      428.8325  2002902   17.72%
  20727 16268      431.4997    79      521.1919      428.8340  2007175   17.72%
  20765 16306      434.0121   105      521.1919      428.8340  2012068   17.72%
  20828 16367    infeasible            521.1919      428.8340  2016874   17.72%
  20884 16407      428.8978    90      521.1919      428.8356  2020762   17.72%
  20928 16447      436.7264   106      521.1919      428.8370  2024899   17.72%
  20970 16489      474.8411    61      521.1919      428.8370  2029327   17.72%
  21019 16525      428.8540   133      521.1919      428.8426  2034111   17.72%
Elapsed time = 2533.54 sec. (2085847.01 ticks, tree = 2933.52 MB, solutions = 2)
Nodefile size = 886.08 MB (884.89 MB after compression)
  21054 16560      472.1317    63      521.1919      428.8426  2039760   17.72%
  21080 16584      483.7405    64      521.1919      428.8426  2041185   17.72%
  21129 16625      439.7183    82      521.1919      428.8439  2044597   17.72%
  21179 16671      442.1165    60      521.1919      428.8463  2048727   17.72%
  21245 16728      433.4910    89      521.1919      428.8481  2053779   17.72%
  21295 16775      442.8708    77      521.1919      428.8485  2058986   17.72%
  21341 16821      462.5532    59      521.1919      428.8485  2063628   17.72%
  21383 16859      444.9653    73      521.1919      428.8489  2068708   17.72%
  21443 16911      473.7583    64      521.1919      428.8494  2072802   17.72%
  21509 16971      484.9883    36      521.1919      428.8503  2077724   17.72%
Elapsed time = 2579.49 sec. (2127457.92 ticks, tree = 3013.56 MB, solutions = 2)
Nodefile size = 966.08 MB (964.73 MB after compression)
  21576 17027      433.8646    91      521.1919      428.8525  2081768   17.72%
  21620 17059      435.6695    99      521.1919      428.8541  2086628   17.72%
  21669 17104      460.8593    68      521.1919      428.8548  2091398   17.72%
  21738 17169      444.7189    73      521.1919      428.8560  2095002   17.72%
  21809 17230        cutoff            521.1919      428.8574  2099472   17.72%
  21850 17263      515.1333    30      521.1919      428.8579  2105026   17.72%
  21888 17297      483.2067    65      521.1919      428.8624  2109579   17.72%
  21930 17333      452.9923    57      521.1919      428.8625  2113548   17.72%
  22008 17405      493.0675    30      521.1919      428.8639  2117414   17.71%
  22075 17462      450.0962    57      521.1919      428.8668  2121491   17.71%
Elapsed time = 2622.63 sec. (2166139.61 ticks, tree = 3101.67 MB, solutions = 2)
Nodefile size = 1053.92 MB (1052.56 MB after compression)
  22080 17467      457.7254    62      521.1919      428.8668  2122306   17.71%
  22143 17524      431.6524    91      521.1919      428.8686  2125996   17.71%
  22193 17568      442.2552    80      521.1919      428.8704  2130042   17.71%
  22255 17620      454.5039    57      521.1919      428.8741  2134196   17.71%
  22307 17662      431.1500    76      521.1919      428.8782  2139024   17.71%
  22323 17678      469.7356    58      521.1919      428.8782  2144800   17.71%
  22368 17709      437.5927    83      521.1919      428.8786  2150279   17.71%
  22434 17771      429.8463   111      521.1919      428.8793  2153592   17.71%
  22494 17825      437.8787    86      521.1919      428.8804  2157798   17.71%
  22568 17891      441.0409    65      521.1919      428.8805  2161075   17.71%
Elapsed time = 2668.39 sec. (2208931.35 ticks, tree = 3178.72 MB, solutions = 2)
Nodefile size = 1130.88 MB (1129.33 MB after compression)
  22610 17929      468.6077    54      521.1919      428.8814  2165326   17.71%
  22670 17985      504.9285    62      521.1919      428.8829  2169622   17.71%
  22729 18033      429.0011   129      521.1919      428.8851  2173203   17.71%
  22797 18095      432.9587    86      521.1919      428.8862  2176926   17.71%
  22835 18130      484.0960    71      521.1919      428.8872  2181166   17.71%
  22888 18163      432.3629   100      521.1919      428.8881  2184447   17.71%
  22955 18224      447.1727    66      521.1919      428.8906  2187793   17.71%
  23002 18267      449.5643    60      521.1919      428.8909  2192176   17.71%
  23049 18309      457.3657    77      521.1919      428.8913  2197136   17.71%
  23084 18334      439.4138    79      521.1919      428.8916  2200321   17.71%
Elapsed time = 2711.19 sec. (2247426.26 ticks, tree = 3258.41 MB, solutions = 2)
Nodefile size = 1210.42 MB (1208.84 MB after compression)
  23146 18388      430.3947   100      521.1919      428.8917  2204075   17.71%
  23224 18460      436.4983    82      521.1919      428.8919  2207201   17.71%
  23272 18502      499.3002    52      521.1919      428.8935  2213719   17.71%
  23297 18517      430.3064   103      521.1919      428.8940  2217591   17.71%
  23340 18560      454.4662    76      521.1919      428.8940  2223093   17.71%
  23397 18609      432.9218   100      521.1919      428.8946  2227132   17.71%
  23486 18694      434.3283    74      521.1919      428.8951  2230333   17.71%
  23558 18760      430.8112   112      521.1919      428.8954  2234444   17.71%
  23619 18811      434.8463    63      521.1919      428.8979  2238511   17.71%
  23638 18826      463.5036    86      521.1919      428.8999  2245682   17.71%
Elapsed time = 2754.86 sec. (2287019.71 ticks, tree = 3342.62 MB, solutions = 2)
Nodefile size = 1294.74 MB (1293.08 MB after compression)
  23663 18851      443.2088    73      521.1919      428.8999  2250173   17.71%
  23719 18907      506.5142    41      521.1919      428.8999  2254290   17.71%
  23788 18967      489.3556    38      521.1919      428.9009  2257384   17.71%
  23858 19029      428.9578   107      521.1919      428.9029  2261452   17.71%
  23934 19101        cutoff            521.1919      428.9029  2264990   17.71%
  23970 19130      429.1947   178      521.1919      428.9059  2269696   17.71%
  24005 19165      449.1751    73      521.1919      428.9059  2274547   17.71%
  24030 19182      437.2775    77      521.1919      428.9068  2279250   17.71%
  24075 19215      442.6168   133      521.1919      428.9069  2286543   17.71%
  24106 19244      472.2826    68      521.1919      428.9069  2288735   17.71%
Elapsed time = 2800.08 sec. (2327202.86 ticks, tree = 3418.09 MB, solutions = 2)
Nodefile size = 1370.52 MB (1368.49 MB after compression)
  24174 19300      451.1669    71      521.1919      428.9072  2292655   17.71%
  24217 19340      506.2243    58      521.1919      428.9075  2296957   17.71%
  24279 19392      478.5739    42      521.1919      428.9082  2301580   17.71%
  24333 19440      499.0627    39      521.1919      428.9090  2305973   17.71%
  24388 19485      429.1761   122      521.1919      428.9108  2310160   17.71%
  24437 19528      450.7070    78      521.1919      428.9189  2314118   17.70%
  24485 19572      520.3799    41      521.1919      428.9189  2318629   17.70%
  24541 19614      429.2963   137      521.1919      428.9287  2322512   17.70%
  24607 19672      429.7016   121      521.1919      428.9293  2326638   17.70%
  24671 19732      429.8900    79      521.1919      428.9317  2330401   17.70%
Elapsed time = 2843.20 sec. (2365677.37 ticks, tree = 3472.61 MB, solutions = 2)
Nodefile size = 1424.97 MB (1422.66 MB after compression)
  24731 19788      452.0810    59      521.1919      428.9328  2334974   17.70%
  24773 19826      448.3337    86      521.1919      428.9334  2339569   17.70%
  24812 19857      429.2711   101      521.1919      428.9342  2344025   17.70%
  24877 19914      449.2381    65      521.1919      428.9350  2347658   17.70%
  24897 19929      454.6264    66      521.1919      428.9355  2355482   17.70%
  24920 19952      461.4791    68      521.1919      428.9355  2359646   17.70%
  24978 20006    infeasible            521.1919      428.9355  2364222   17.70%
  25027 20039      429.6630   148      521.1919      428.9383  2369243   17.70%
  25080 20092      464.3303    60      521.1919      428.9383  2371428   17.70%
  25113 20122      449.6984    83      521.1919      428.9385  2377775   17.70%
Elapsed time = 2892.54 sec. (2409359.14 ticks, tree = 3542.87 MB, solutions = 2)
Nodefile size = 1495.48 MB (1493.15 MB after compression)
  25160 20161      430.6013   117      521.1919      428.9407  2381765   17.70%
  25238 20233      432.0921    67      521.1919      428.9412  2386198   17.70%
  25259 20252    infeasible            521.1919      428.9412  2391950   17.70%
  25302 20287      431.1073    98      521.1919      428.9427  2395664   17.70%
  25370 20349      440.5040    82      521.1919      428.9429  2399419   17.70%
  25434 20407      460.8290    57      521.1919      428.9447  2403385   17.70%
  25500 20467      465.3512    39      521.1919      428.9459  2407293   17.70%
  25539 20502      481.8231    60      521.1919      428.9459  2412134   17.70%
  25602 20559      440.2929    67      521.1919      428.9482  2416201   17.70%
  25666 20619      512.5787    34      521.1919      428.9494  2420263   17.70%
Elapsed time = 2936.50 sec. (2448255.95 ticks, tree = 3632.39 MB, solutions = 2)
Nodefile size = 1584.99 MB (1582.47 MB after compression)
  25714 20662      444.2705    63      521.1919      428.9502  2423033   17.70%
  25774 20719      459.6875    39      521.1919      428.9506  2427046   17.70%
  25811 20750      484.7828    63      521.1919      428.9514  2431784   17.70%
  25863 20796      448.2337    82      521.1919      428.9550  2435916   17.70%
  25945 20873      434.5354    50      521.1919      428.9551  2439494   17.70%
  26013 20933      432.3294   102      521.1919      428.9558  2443713   17.70%
  26080 21000      485.2921    33      521.1919      428.9558  2446820   17.70%
  26104 21010      448.3056    81      521.1919      428.9577  2451709   17.70%
  26166 21068      430.0970   112      521.1919      428.9606  2455793   17.70%
  26217 21113      430.4016   104      521.1919      428.9620  2460167   17.70%
Elapsed time = 2982.16 sec. (2489054.95 ticks, tree = 3721.42 MB, solutions = 2)
Nodefile size = 1673.55 MB (1671.01 MB after compression)
  26291 21183      457.7787    57      521.1919      428.9620  2463552   17.70%
  26350 21235      468.5504    63      521.1919      428.9641  2467992   17.70%
  26407 21278      428.9951   142      521.1919      428.9659  2472566   17.70%
  26480 21347      433.3269    91      521.1919      428.9671  2476842   17.69%
  26535 21395      443.5789    65      521.1919      428.9679  2480519   17.69%
  26592 21444      455.3019    60      521.1919      428.9688  2484712   17.69%
  26647 21487      429.0146    99      521.1919      428.9706  2489088   17.69%
  26715 21551      429.0921   158      521.1919      428.9706  2493483   17.69%
  26782 21612      429.5105   101      521.1919      428.9728  2496859   17.69%
  26845 21671      442.7793    73      521.1919      428.9736  2501218   17.69%
Elapsed time = 3026.77 sec. (2529291.92 ticks, tree = 3821.89 MB, solutions = 2)
Nodefile size = 1774.42 MB (1771.86 MB after compression)
  26901 21719      461.5508    66      521.1919      428.9737  2505702   17.69%
  26971 21773      441.9785   127      521.1919      428.9770  2510848   17.69%
  27034 21827      433.4572   112      521.1919      428.9793  2514069   17.69%
  27080 21873      486.4812    36      521.1919      428.9793  2517934   17.69%
  27127 21914      475.5238    47      521.1919      428.9804  2522050   17.69%
  27194 21973      442.0503    60      521.1919      428.9814  2526189   17.69%
  27265 22036      454.4581    32      521.1919      428.9822  2530494   17.69%
  27291 22056      433.0957    84      521.1919      428.9825  2535703   17.69%
  27335 22094      441.7262    66      521.1919      428.9829  2539540   17.69%
  27372 22127      450.6197    92      521.1919      428.9829  2545000   17.69%
Elapsed time = 3072.92 sec. (2570762.18 ticks, tree = 3904.35 MB, solutions = 2)
Nodefile size = 1856.71 MB (1854.06 MB after compression)
  27420 22169      438.6864    82      521.1919      428.9867  2549466   17.69%
  27477 22222      431.1920    83      521.1919      428.9880  2553865   17.69%
  27529 22270      439.4991    64      521.1919      428.9889  2558206   17.69%
  27569 22302      437.4439    83      521.1919      428.9900  2563053   17.69%
  27626 22352      445.8071    85      521.1919      428.9920  2567022   17.69%
  27680 22402      486.3238    47      521.1919      428.9920  2572093   17.69%
  27743 22449      433.2853   117      521.1919      428.9976  2576389   17.69%
  27801 22502      469.2463    63      521.1919      428.9983  2580884   17.69%
  27864 22555      504.1500    36      521.1919      429.0018  2585007   17.69%
  27916 22603      467.2715    55      521.1919      429.0027  2590042   17.69%
Elapsed time = 3115.90 sec. (2609812.96 ticks, tree = 3990.26 MB, solutions = 2)
Nodefile size = 1942.81 MB (1940.14 MB after compression)
  27988 22661      517.4275    17      521.1919      429.0032  2593941   17.69%
  28041 22704      429.5964    92      521.1919      429.0065  2597320   17.69%
  28080 22743      443.1145    66      521.1919      429.0065  2599568   17.69%
  28132 22787      433.8619    77      521.1919      429.0079  2603817   17.69%
  28161 22816      469.8565    50      521.1919      429.0079  2608402   17.69%
  28224 22865      446.7551    91      521.1919      429.0086  2612669   17.69%
  28271 22902      438.5091   102      521.1919      429.0088  2617031   17.69%
  28334 22958      438.6686    74      521.1919      429.0123  2620527   17.69%
  28402 23016      488.4937    43      521.1919      429.0138  2624047   17.69%
  28461 23063      430.3960   131      521.1919      429.0144  2628532   17.69%
Elapsed time = 3162.77 sec. (2652968.52 ticks, tree = 4073.38 MB, solutions = 2)
Nodefile size = 2026.41 MB (2023.66 MB after compression)
  28516 23112      440.6479    99      521.1919      429.0147  2632700   17.69%
  28575 23165      430.7201    79      521.1919      429.0150  2636696   17.69%
  28635 23221      429.4905    96      521.1919      429.0195  2640834   17.68%
  28693 23279      460.5935    42      521.1919      429.0195  2645236   17.68%
* 28714 23079      integral     0      518.3359      429.0195  2646544   17.23%
  28724 23089      443.2113    76      518.3359      429.0203  2650279   17.23%
  28792 23151      432.3115    97      518.3359      429.0207  2654192   17.23%
  28814 23173      441.8318    69      518.3359      429.0207  2655472   17.23%
  28872 23221      433.5002    95      518.3359      429.0231  2659413   17.23%
  28934 23275      451.8846    81      518.3359      429.0245  2663447   17.23%
  28994 23327      430.9876   145      518.3359      429.0257  2667266   17.23%
Elapsed time = 3209.13 sec. (2697712.08 ticks, tree = 4121.52 MB, solutions = 3)
Nodefile size = 2073.91 MB (2071.05 MB after compression)
  29054 23383      448.6824    66      518.3359      429.0276  2671339   17.23%
  29080 23406      436.7934    87      518.3359      429.0346  2673738   17.23%
  29142 23466      493.0616    31      518.3359      429.0346  2678056   17.23%
  29153 23470      466.0112   118      518.3359      429.0355  2683693   17.23%
  29200 23517      517.4154    52      518.3359      429.0355  2687141   17.23%
  29241 23552      461.9046    54      518.3359      429.0373  2691660   17.23%
  29297 23604      451.5092    65      518.3359      429.0375  2695256   17.23%
  29344 23647      501.0134    46      518.3359      429.0385  2699602   17.23%
  29390 23678      437.1940    89      518.3359      429.0412  2703940   17.23%
  29434 23718      448.2180    63      518.3359      429.0419  2708282   17.23%
Elapsed time = 3247.94 sec. (2737893.15 ticks, tree = 4192.00 MB, solutions = 3)
Nodefile size = 2144.35 MB (2141.46 MB after compression)
  29480 23752      444.0262    91      518.3359      429.0424  2713398   17.23%
  29506 23772      456.8094    73      518.3359      429.0450  2719873   17.23%
  29556 23813      432.9695    53      518.3359      429.0454  2723807   17.23%
  29580 23833      433.5737    97      518.3359      429.0458  2725588   17.23%
  29644 23891      494.1300    50      518.3359      429.0472  2729563   17.23%
  29689 23932      445.6093    71      518.3359      429.0472  2733121   17.23%
  29751 23982      441.3125    67      518.3359      429.0485  2737124   17.23%
  29814 24039      433.4860    84      518.3359      429.0486  2741121   17.23%
  29846 24067      441.9018    69      518.3359      429.0487  2745671   17.23%
  29880 24098      434.8499    73      518.3359      429.0487  2749986   17.23%
Elapsed time = 3304.21 sec. (2804428.11 ticks, tree = 4260.49 MB, solutions = 3)
Nodefile size = 2213.05 MB (2209.89 MB after compression)
  29936 24144      432.1572   100      518.3359      429.0495  2754019   17.23%
  29986 24190      437.6865    88      518.3359      429.0497  2758009   17.23%
  30030 24230      433.5404    80      518.3359      429.0500  2762065   17.23%
  30080 24274      439.5117    83      518.3359      429.0507  2764892   17.23%
  30122 24310      445.5822    89      518.3359      429.0515  2769730   17.23%
  30161 24345      487.4226    54      518.3359      429.0531  2774755   17.22%
  30198 24374      432.6800    92      518.3359      429.0549  2778865   17.22%
  30237 24405      442.1028    84      518.3359      429.0553  2784066   17.22%
  30280 24445      515.3473    25      518.3359      429.0553  2787272   17.22%
  30347 24506        cutoff            518.3359      429.0569  2790792   17.22%
Elapsed time = 3345.57 sec. (2850263.78 ticks, tree = 4334.57 MB, solutions = 3)
Nodefile size = 2287.32 MB (2283.70 MB after compression)
* 30380+24088                          509.9243      429.0572            15.86%
  30380 24090      504.9250    39      509.9243      429.0572  2793733   15.86%
  30444 24146      430.8835   109      509.9243      429.0588  2798050   15.86%
* 30480+23665                          502.9322      429.0588            14.69%
  30480 23667      444.0245    61      502.9322      429.0588  2799263   14.69%
  30521 23700      485.5304    75      502.9322      429.0591  2804292   14.69%
  30569 23741      472.7651    61      502.9322      429.0596  2809239   14.69%
* 30580+23455                          499.5527      429.0596            14.11%
  30580 23457      477.6790    46      499.5527      429.0596  2809867   14.11%
  30643 23510      429.8960   136      499.5527      429.0621  2813451   14.11%
  30707 23566      443.6798    85      499.5527      429.0652  2816892   14.11%
  30750 23605      450.5844    78      499.5527      429.0664  2821775   14.11%
* 30780+23215                          495.0158      429.0665            13.32%
  30780 23217      435.4145    77      495.0158      429.0665  2824786   13.32%
Elapsed time = 3397.07 sec. (2909248.82 ticks, tree = 4108.61 MB, solutions = 7)
Nodefile size = 2060.88 MB (2057.76 MB after compression)
  30835 23266      442.6402    63      495.0158      429.0669  2829171   13.32%
  30880 23308      439.1126    88      495.0158      429.0677  2833105   13.32%
  30933 23350      430.7911   153      495.0158      429.0677  2837959   13.32%
* 30980+23315                          494.4334      429.0677            13.22%
  30980 23317      484.2023    62      494.4334      429.0677  2839256   13.22%
  31020 23351      444.1680    80      494.4334      429.0677  2844149   13.22%
  31067 23385      453.7763   107      494.4334      429.0680  2849037   13.22%
  31096 23407      436.1766   101      494.4334      429.0682  2851604   13.22%
  31161 23464      453.9627    56      494.4334      429.0683  2855210   13.22%
  31180 23479      434.7598   100      494.4334      429.0715  2856480   13.22%
  31223 23518      475.7706    67      494.4334      429.0717  2861402   13.22%
Elapsed time = 3441.10 sec. (2958519.77 ticks, tree = 4163.14 MB, solutions = 8)
Nodefile size = 2115.44 MB (2112.27 MB after compression)
  31273 23558      448.2041    89      494.4334      429.0726  2866355   13.22%
  31280 23565      464.1607    72      494.4334      429.0726  2867669   13.22%
  31324 23603      490.5704    35      494.4334      429.0747  2871990   13.22%
  31380 23652      491.7944    39      494.4334      429.0747  2874951   13.22%
  31425 23691      480.5279    46      494.4334      429.0751  2879793   13.22%
  31480 23738      458.6602    40      494.4334      429.0752  2883618   13.22%
  31554 23804      430.4604   106      494.4334      429.0757  2888144   13.22%
  31631 23870      432.9724   108      494.4334      429.0766  2892283   13.22%
* 31680+23867                          493.8987      429.0766            13.12%
  31680 23869      487.0656    28      493.8987      429.0766  2895043   13.12%
  31710 23893      462.2081    55      493.8987      429.0777  2900387   13.12%
Elapsed time = 3498.05 sec. (3016433.83 ticks, tree = 4230.62 MB, solutions = 9)
Nodefile size = 2182.63 MB (2179.46 MB after compression)
  31775 23950      433.4722    76      493.8987      429.0782  2904570   13.12%
* 31780+23948                          493.8766      429.0782            13.12%
  31780 23950      440.5554    62      493.8766      429.0782  2905397   13.12%
  31850 24010      477.2195    39      493.8766      429.0799  2908910   13.12%
  31880 24034      450.4252    62      493.8766      429.0810  2911711   13.12%
  31935 24079      445.2208   110      493.8766      429.0829  2916485   13.12%
  31967 24111      477.2447    61      493.8766      429.0829  2920961   13.12%
* 31980+23942                          492.3182      429.0829            12.84%
  31980 23944      488.3548    74      492.3182      429.0829  2921735   12.84%
  32033 23985      442.6690    69      492.3182      429.0834  2926263   12.84%
  32080 24018      430.0210   111      492.3182      429.0857  2929070   12.84%
  32152 24086      487.0206    42      492.3182      429.0859  2932841   12.84%
Elapsed time = 3560.29 sec. (3078897.00 ticks, tree = 4266.18 MB, solutions = 11)
Nodefile size = 2219.04 MB (2215.85 MB after compression)
  32180 24111      463.6491    44      492.3182      429.0876  2934888   12.84%
  32208 24132      472.8560    67      492.3182      429.0883  2940223   12.84%
  32252 24166      429.2526   104      492.3182      429.0883  2945288   12.84%
  32280 24194      433.3400    81      492.3182      429.0883  2946867   12.84%
  32346 24256      441.4951    72      492.3182      429.0892  2950964   12.84%
  32380 24286      468.7270    55      492.3182      429.0892  2953125   12.84%

GUB cover cuts applied:  67
Clique cuts applied:  16
Cover cuts applied:  20
Implied bound cuts applied:  87
Flow cuts applied:  47
Mixed integer rounding cuts applied:  535
Zero-half cuts applied:  4
Gomory fractional cuts applied:  6

Root node processing (before b&c):
  Real time             =   14.53 sec. (9619.55 ticks)
Sequential b&c:
  Real time             = 3585.47 sec. (3110007.18 ticks)
                          ------------
Total (root+branch&cut) = 3600.01 sec. (3119626.73 ticks)
