Version identifier: 22.1.0.0 | 2022-03-09 | 1a383f8ce
CPXPARAM_Read_DataCheck                          1
CPXPARAM_Threads                                 1
CPXPARAM_TimeLimit                               3600
Tried aggregator 2 times.
MIP Presolve eliminated 1267 rows and 53 columns.
MIP Presolve modified 32189 coefficients.
Aggregator did 170 substitutions.
Reduced MIP has 8324 rows, 757 columns, and 64380 nonzeros.
Reduced MIP has 550 binaries, 0 generals, 0 SOSs, and 0 indicators.
Presolve time = 0.11 sec. (105.57 ticks)
Probing fixed 0 vars, tightened 3 bounds.
Probing time = 0.02 sec. (17.62 ticks)
Tried aggregator 1 time.
Detecting symmetries...
MIP Presolve eliminated 2 rows and 0 columns.
MIP Presolve modified 162 coefficients.
Reduced MIP has 8322 rows, 757 columns, and 64374 nonzeros.
Reduced MIP has 550 binaries, 0 generals, 0 SOSs, and 0 indicators.
Presolve time = 0.05 sec. (35.34 ticks)
Probing time = 0.01 sec. (5.76 ticks)
Clique table members: 535.
MIP emphasis: balance optimality and feasibility.
MIP search method: dynamic search.
Parallel mode: none, using 1 thread.
Root relaxation solution time = 0.03 sec. (33.40 ticks)

        Nodes                                         Cuts/
   Node  Left     Objective  IInf  Best Integer    Best Bound    ItCnt     Gap

      0     0      194.6828   136                    194.6828      344         
      0     0      194.6828    60                   Cuts: 309      580         
      0     0      194.6828    65                   Cuts: 503      910         
      0     0      194.6828    66                   Cuts: 171     1127         
Detecting symmetries...
      0     2      194.6828    55                    194.6828     1127         
Elapsed time = 2.35 sec. (2488.42 ticks, tree = 0.01 MB, solutions = 0)
     14    16      194.6850    67                    194.6850     2389         
     29    21    infeasible                          194.6850     3935         
     30    22      194.6850    73                    194.6850     3985         
     36    28      199.5386    70                    194.6851     5403         
     40    32      194.6877    83                    194.6911     6051         
     50    38      200.8894    71                    194.6939     7597         
     60    44      194.6945    70                    194.6939     9536         
     67    51      197.9990    69                    194.6939    10496         
     80    64      194.7234    63                    194.6939    11848         
    115    95      196.9514    61                    194.6939    18206         
Elapsed time = 5.75 sec. (6948.98 ticks, tree = 1.45 MB, solutions = 0)
    170   146      195.0212    41                    194.6939    23551         
    219   193      212.1281    32                    194.6939    28556         
    256   221      252.3528    37                    194.6945    33711         
    334   274      224.9450    69                    194.6945    37778         
    400   322      204.6267    37                    194.6963    43497         
    505   399      216.3385    31                    194.6963    49341         
    611   477      203.4366    41                    194.7137    54105         
    675   521      197.2603    47                    194.7137    60116         
    731   561      197.7630    40                    194.7137    63840         
    832   647      198.1993    48                    194.7137    68297         
Elapsed time = 13.27 sec. (16651.07 ticks, tree = 2.39 MB, solutions = 0)
    936   739      205.4198    47                    194.7234    73482         

Performing restart 1

Repeating presolve.
Tried aggregator 1 time.
Reduced MIP has 8322 rows, 757 columns, and 64374 nonzeros.
Reduced MIP has 550 binaries, 0 generals, 0 SOSs, and 0 indicators.
Presolve time = 0.02 sec. (21.08 ticks)
Tried aggregator 1 time.
Reduced MIP has 8322 rows, 757 columns, and 64374 nonzeros.
Reduced MIP has 550 binaries, 0 generals, 0 SOSs, and 0 indicators.
Presolve time = 0.04 sec. (27.48 ticks)
Represolve time = 0.10 sec. (76.73 ticks)
    986     0      194.6861    77                   Cuts: 370    78374         
    986     0      194.7075    95                   Cuts: 848    79011         
    986     0      194.7640    83                  Cuts: 1912    79273         
    986     0      194.7893   101                  Cuts: 1158    79474         
    986     0      194.8106    96                   Cuts: 931    79771         
    986     0      194.8155   140                  Cuts: 1241    79995         
    986     0      194.8214   108                  Cuts: 1536    80187         
    986     0      194.8240   105                  Cuts: 1059    80394         
    986     0      194.8313    94                   Cuts: 748    80557         
    986     0      194.8346    88                   Cuts: 414    80651         
    986     0      194.8405   109                  Cuts: 1050    80961         
    986     0      194.8434    85                  Cuts: 1340    81108         
    986     0      194.8478   117                   Cuts: 305    81284         
    986     0      194.8521   148                  Cuts: 1376    81433         
    986     0      194.8600   122                   Cuts: 835    81689         
    986     0      194.8612   129                  Cuts: 1042    81843         
    986     2      194.8612   103                    194.8612    81843         
    988     4      194.8612    86                    194.8612    81851         
    989     5      195.1892    51                    194.8612    82286         
    991     6      198.2508    46                    194.8612    82984         
    994     8      204.6804    53                    194.8612    83424         
    999    13      204.6804    49                    194.8612    83716         
   1006    20      205.0950    51                    194.8612    85102         
   1030    43      205.3280    57                    194.8612    86046         
   1038    48      239.3873    60                    194.8612    86526         
Elapsed time = 36.51 sec. (43990.28 ticks, tree = 0.55 MB, solutions = 0)
   1045    55      241.4827    65                    194.8612    87832         
   1054    64      252.2732    31                    194.8612    88840         
   1066    70      194.8614    81                    194.8614    89419         
   1077    81      196.4215    61                    194.8614    91492         
   1091    95      196.8469    53                    194.8614    93201         
   1106   110      220.0255    59                    194.8614    95166         
   1139   136      195.5977    54                    194.8711    97078         
   1146   142      196.3117    46                    194.8711    98610         
   1170   164      199.8221    54                    194.8711   100064         
   1212   200      195.2674    72                    194.8725   102134         
Elapsed time = 44.24 sec. (54660.92 ticks, tree = 1.51 MB, solutions = 0)
   1261   241      195.2955    54                    194.8809   103773         
   1303   270      205.5738    57                    194.8823   107889         
   1306   273      212.3553    65                    194.8823   108274         
   1319   286      216.9981    75                    194.8823   110849         
   1343   304      251.6305    28                    194.8823   113277         
   1390   337      202.4807    25                    194.8922   115739         
   1449   390      201.4391    31                    194.9155   118181         
   1477   413      196.9922    41                    194.9155   120725         
*  1523   411      integral     0      237.4915      194.9155   123411   17.93%
*  1529   412      integral     0      237.1705      194.9155   123467   17.82%
   1567   443      194.9331    65      237.1705      194.9392   125896   17.81%
Elapsed time = 53.02 sec. (65287.21 ticks, tree = 1.87 MB, solutions = 2)
   1597   473      203.2860    54      237.1705      194.9455   128568   17.80%
   1621   486      200.1353    43      237.1705      194.9455   132082   17.80%
   1669   530      198.1854    59      237.1705      194.9461   134386   17.80%
   1718   571      194.9472    60      237.1705      194.9494   137496   17.80%
   1771   618      200.2830    52      237.1705      194.9815   141733   17.79%
   1814   659      210.2245    28      237.1705      194.9815   145577   17.79%
   1866   696      195.2791    70      237.1705      195.0017   149143   17.78%
   1934   754      216.9231    21      237.1705      195.0066   152218   17.78%
*  1946+  739                          231.2485      195.0066            15.67%
   1990   774      220.1784    34      231.2485      195.0194   154684   15.67%
   2026   798      195.5828    77      231.2485      195.0368   157712   15.66%
Elapsed time = 61.58 sec. (75290.45 ticks, tree = 2.40 MB, solutions = 3)
*  2056+  793                          228.8215      195.0368            14.76%
   2056   795      222.8342    24      228.8215      195.0368   159489   14.76%
   2057   796      195.7277    60      228.8215      195.0368   159950   14.76%
   2058   797      195.1494    53      228.8215      195.0368   160663   14.76%
   2076   815      198.7207    51      228.8215      195.0368   164304   14.76%
   2141   862      225.2831    12      228.8215      195.0368   167611   14.76%
   2179   889      195.2302    59      228.8215      195.0375   170082   14.76%
   2187   897      196.7204    55      228.8215      195.0375   172199   14.76%
   2225   929      210.8386    25      228.8215      195.0432   175531   14.76%
   2285   979      198.5466    73      228.8215      195.0572   178889   14.76%
   2332  1016      202.3908    36      228.8215      195.0828   183087   14.74%
Elapsed time = 80.07 sec. (94839.40 ticks, tree = 2.71 MB, solutions = 4)
   2384  1059      195.7217    48      228.8215      195.0862   186278   14.74%
   2415  1081      195.3309    59      228.8215      195.0974   189278   14.74%
   2448  1109      200.1756    57      228.8215      195.0974   193161   14.74%
   2502  1153      195.2899    66      228.8215      195.1122   197785   14.73%
   2535  1178      199.0019    54      228.8215      195.1143   200687   14.73%
   2595  1228      200.2449    55      228.8215      195.1176   204426   14.73%
   2621  1244      198.9878    49      228.8215      195.1310   208322   14.72%
   2663  1278      196.7972    62      228.8215      195.1375   211841   14.72%
   2703  1313      198.4208    51      228.8215      195.1424   214961   14.72%
   2746  1344      220.6618    37      228.8215      195.1424   219337   14.72%
Elapsed time = 88.79 sec. (104799.49 ticks, tree = 3.50 MB, solutions = 4)
   2786  1365        cutoff            228.8215      195.1424   223886   14.72%
   2820  1391      208.3199    47      228.8215      195.1435   227408   14.72%
   2841  1407      196.0185    58      228.8215      195.1435   230634   14.72%
   2877  1439      195.3922    62      228.8215      195.1457   234504   14.72%
   2900  1460      207.9815    33      228.8215      195.1457   239255   14.72%
   2964  1515      218.1308    24      228.8215      195.1473   242676   14.72%
   3010  1551      198.2200    42      228.8215      195.1498   245896   14.72%
   3045  1582      216.1178    33      228.8215      195.1508   248825   14.71%
   3078  1609      210.0103    33      228.8215      195.1536   252878   14.71%
   3128  1645      197.6121    46      228.8215      195.1634   256473   14.71%
Elapsed time = 97.28 sec. (114442.49 ticks, tree = 4.01 MB, solutions = 4)
   3210  1709      207.5278    60      228.8215      195.1634   260581   14.71%
   3243  1727      226.2731    43      228.8215      195.1634   265868   14.71%
   3278  1752      225.5185    17      228.8215      195.1634   269416   14.71%
   3311  1769      201.6876    49      228.8215      195.1722   273887   14.71%

Performing restart 2

Repeating presolve.
Tried aggregator 1 time.
MIP Presolve eliminated 54 rows and 6 columns.
MIP Presolve modified 251 coefficients.
Reduced MIP has 8268 rows, 751 columns, and 67552 nonzeros.
Reduced MIP has 545 binaries, 0 generals, 0 SOSs, and 0 indicators.
Presolve time = 0.04 sec. (38.56 ticks)
Tried aggregator 1 time.
Reduced MIP has 8268 rows, 751 columns, and 67552 nonzeros.
Reduced MIP has 545 binaries, 0 generals, 0 SOSs, and 0 indicators.
Presolve time = 0.04 sec. (30.01 ticks)
Represolve time = 0.18 sec. (124.60 ticks)
   3346     0      194.8628   100      228.8215    Cuts: 1173   278040   14.70%
   3346     0      194.8630   100      228.8215    Cuts: 1608   278223   14.70%
   3346     0      194.8657   118      228.8215     Cuts: 778   278498   14.70%
   3346     0      194.8673    94      228.8215     Cuts: 156   278642   14.70%
   3346     0      194.8677   102      228.8215    Cuts: 2167   278730   14.70%
   3346     0      194.8679    96      228.8215     Cuts: 703   278819   14.70%
   3346     0      194.8744    73      228.8215     Cuts: 992   278932   14.70%
   3346     0      194.8754    68      228.8215     Cuts: 467   279045   14.70%
   3346     0      194.8765    91      228.8215     Cuts: 487   279168   14.70%
   3346     2      194.8765    90      228.8215      195.1787   279168   14.70%
   3349     5      195.1424    49      228.8215      195.1787   279671   14.70%
   3352     8      219.9656    52      228.8215      195.1787   280040   14.70%
   3357    13      197.0744    49      228.8215      195.1787   280652   14.70%
   3363    19      195.6287    69      228.8215      195.1787   281753   14.70%
   3405    52      208.6805    34      228.8215      195.1787   285243   14.70%
Elapsed time = 117.63 sec. (138391.67 ticks, tree = 0.79 MB, solutions = 4)
   3441    79      205.7337    40      228.8215      195.1787   289727   14.70%
   3555   169      194.9258    82      228.8215      195.1787   294617   14.70%
   3638   239      196.3198    97      228.8215      195.1787   301077   14.70%
   3691   281      195.6410    47      228.8215      195.1787   310128   14.70%
   3873   428      219.8309    48      228.8215      195.1787   319334   14.70%
   4004   537      195.4547    61      228.8215      195.1787   329164   14.70%
   4134   638      195.2015    68      228.8215      195.1787   340283   14.70%
   4346   821      210.8728    27      228.8215      195.1787   349557   14.70%
   4506   950      199.1086    44      228.8215      195.1787   361943   14.70%
   4699  1103      218.2778    51      228.8215      195.1787   373427   14.70%
Elapsed time = 149.30 sec. (177003.23 ticks, tree = 2.38 MB, solutions = 4)
   4885  1251      196.0306    75      228.8215      195.1787   385962   14.70%
   5202  1508      195.4322    62      228.8215      195.1787   397997   14.70%
   5362  1628      220.1096    65      228.8215      195.1787   411045   14.70%
   5503  1739      197.6801    58      228.8215      195.1787   426504   14.70%
   5704  1904      198.6381    43      228.8215      195.1787   441956   14.70%
   5915  2081      225.5249    49      228.8215      195.1787   456093   14.70%
   6165  2280      204.4577    55      228.8215      195.1787   469325   14.70%
   6362  2443      209.2883    62      228.8215      195.1787   480161   14.70%
   6670  2706      195.2211    67      228.8215      195.1787   493056   14.70%
   6857  2861      223.4417    42      228.8215      195.1787   507645   14.70%
Elapsed time = 184.04 sec. (215351.51 ticks, tree = 8.21 MB, solutions = 4)
   7114  3081        cutoff            228.8215      195.1787   522272   14.70%
   7377  3293      200.1797    47      228.8215      195.1787   534950   14.70%
   7572  3455      219.2392    30      228.8215      195.1787   551181   14.70%
   7755  3596      205.3268    40      228.8215      195.1787   567393   14.70%
   7971  3767      195.7475    75      228.8215      195.1787   583293   14.70%
   8183  3942      195.4691    60      228.8215      195.1787   598932   14.70%
   8446  4172      205.9090    48      228.8215      195.1787   610011   14.70%
   8695  4384      195.7240    54      228.8215      195.1787   623388   14.70%
   8888  4541      220.0482    73      228.8215      195.1787   639995   14.70%
   9068  4691      203.2338    49      228.8215      195.1787   654067   14.70%
Elapsed time = 219.99 sec. (254068.28 ticks, tree = 11.03 MB, solutions = 4)
   9261  4847      226.6193    46      228.8215      195.1787   668898   14.70%
   9433  4979      198.1829    60      228.8215      195.1787   684228   14.70%
   9603  5121      195.1515    69      228.8215      195.1787   700095   14.70%
   9806  5295    infeasible            228.8215      195.1787   714421   14.70%
   9974  5412      202.9234    41      228.8215      195.1787   730284   14.70%
  10184  5582      198.6047    59      228.8215      195.1787   746343   14.70%
  10346  5713      197.3398    57      228.8215      195.1787   761305   14.70%
  10571  5907      196.0535    54      228.8215      195.1796   776317   14.70%
  10776  6079      216.6491    35      228.8215      195.1796   789995   14.70%
  10961  6229      202.1403    42      228.8215      195.1796   804254   14.70%
Elapsed time = 256.15 sec. (292975.86 ticks, tree = 13.13 MB, solutions = 4)
  11138  6378      198.3740    62      228.8215      195.1796   819390   14.70%
  11346  6567      197.8342    59      228.8215      195.1902   832879   14.70%
  11551  6735      217.6222    39      228.8215      195.1959   848792   14.70%
  11770  6912      195.4016    52      228.8215      195.2141   863918   14.69%
  11973  7082      199.4532    48      228.8215      195.2177   878757   14.69%
  12158  7238      205.3070    25      228.8215      195.2228   894565   14.68%
  12346  7389      215.7927    36      228.8215      195.2314   905427   14.68%
  12575  7579      195.7758    54      228.8215      195.2373   919640   14.68%
  12791  7770      200.0951    42      228.8215      195.2454   934565   14.67%
  13027  7952      204.1363    50      228.8215      195.2593   950278   14.67%
Elapsed time = 293.38 sec. (333177.69 ticks, tree = 15.56 MB, solutions = 4)
  13254  8148      196.8122    55      228.8215      195.2632   964929   14.67%
  13500  8353      200.6668    51      228.8215      195.2733   978362   14.66%
  13732  8537      213.0205    39      228.8215      195.2739   995183   14.66%
  13966  8716      195.7463    59      228.8215      195.2807  1009964   14.66%
  14192  8898      202.9770    41      228.8215      195.2859  1024565   14.66%
  14396  9053      209.0950    32      228.8215      195.2922  1037713   14.65%
  14576  9189      226.8423    39      228.8215      195.3012  1053557   14.65%
  14769  9348      201.5588    36      228.8215      195.3065  1069123   14.65%
  14958  9488      195.9915    58      228.8215      195.3161  1084468   14.64%
  15136  9623      222.0894    64      228.8215      195.3222  1099881   14.64%
Elapsed time = 329.76 sec. (371494.39 ticks, tree = 18.12 MB, solutions = 4)
  15332  9779      203.1613    33      228.8215      195.3251  1115482   14.64%
  15533  9939      204.4658    40      228.8215      195.3298  1131171   14.64%
  15749 10123      228.0998    26      228.8215      195.3346  1146074   14.63%
  15922 10264      198.7191    48      228.8215      195.3378  1162556   14.63%
  16154 10466      195.9949    45      228.8215      195.3448  1177213   14.63%
  16329 10605      209.0144    27      228.8215      195.3491  1193293   14.63%
  16492 10722      196.5466    57      228.8215      195.3528  1207251   14.63%
  16679 10868      220.0523    37      228.8215      195.3560  1222801   14.63%
  16892 11035      197.2618    48      228.8215      195.3586  1237889   14.62%
  17138 11240      204.5301    41      228.8215      195.3662  1252186   14.62%
Elapsed time = 365.65 sec. (409757.69 ticks, tree = 20.33 MB, solutions = 4)
  17339 11402      211.7123    55      228.8215      195.3727  1267424   14.62%
  17411 11458      213.9633    57      228.8215      195.3738  1272552   14.62%
  17599 11602      217.1016    36      228.8215      195.3756  1289167   14.62%
  17837 11785      198.4700    52      228.8215      195.3772  1303326   14.62%
  18085 11991      213.3610    36      228.8215      195.3828  1318097   14.61%
  18332 12201      196.8193    57      228.8215      195.3865  1331926   14.61%
  18507 12329      206.9948    28      228.8215      195.3911  1342603   14.61%
  18739 12507      204.0442    54      228.8215      195.3964  1358231   14.61%
  18932 12663      196.0655    47      228.8215      195.4016  1372581   14.61%
  19166 12852      203.0206    46      228.8215      195.4028  1387491   14.60%
Elapsed time = 401.23 sec. (448071.07 ticks, tree = 22.48 MB, solutions = 4)
  19346 12987      204.9004    31      228.8215      195.4078  1400385   14.60%
  19557 13145      224.2954    40      228.8215      195.4093  1415620   14.60%
  19789 13325      199.2502    44      228.8215      195.4131  1430207   14.60%
  19978 13478      196.4029    57      228.8215      195.4179  1445330   14.60%
  20223 13678      196.2887    56      228.8215      195.4203  1460893   14.60%
  20420 13850        cutoff            228.8215      195.4224  1476190   14.60%
  20613 14004      197.2176    50      228.8215      195.4252  1492685   14.59%
  20822 14167      199.8029    50      228.8215      195.4276  1508626   14.59%
  21041 14344      201.6661    52      228.8215      195.4284  1525195   14.59%
  21189 14452      199.1368    49      228.8215      195.4290  1543813   14.59%
Elapsed time = 437.75 sec. (486871.50 ticks, tree = 24.81 MB, solutions = 4)
  21346 14577      211.7959    36      228.8215      195.4301  1557664   14.59%
  21532 14723      203.4138    40      228.8215      195.4325  1574086   14.59%
  21726 14879      199.7646    47      228.8215      195.4347  1589407   14.59%
  21946 15053      199.1577    54      228.8215      195.4371  1604529   14.59%
  22159 15228      198.8117    53      228.8215      195.4408  1618729   14.59%
  22346 15374      218.3663    19      228.8215      195.4467  1632971   14.59%
  22571 15542      195.9959    77      228.8215      195.4524  1648156   14.58%
  22811 15737      204.8965    40      228.8215      195.4564  1662637   14.58%
  23044 15928      199.1998    50      228.8215      195.4605  1676608   14.58%
  23262 16113      204.4724    33      228.8215      195.4625  1692114   14.58%
Elapsed time = 477.29 sec. (528269.20 ticks, tree = 27.16 MB, solutions = 4)
  23422 16248      195.7580    52      228.8215      195.4639  1699027   14.58%
  23634 16423      226.5965    39      228.8215      195.4653  1713348   14.58%
  23863 16613      195.7110    52      228.8215      195.4664  1728637   14.58%
  24111 16803      196.0860    53      228.8215      195.4698  1742981   14.58%
  24315 16977      216.1157    46      228.8215      195.4719  1758845   14.57%
  24516 17155      227.4521    17      228.8215      195.4749  1772273   14.57%
  24737 17320      225.7502    23      228.8215      195.4785  1787323   14.57%
  24946 17494      197.1088    49      228.8215      195.4802  1802493   14.57%
  25182 17667      226.0351    27      228.8215      195.4810  1816664   14.57%
  25346 17789      208.3886    28      228.8215      195.4837  1828042   14.57%
Elapsed time = 515.35 sec. (566641.42 ticks, tree = 30.20 MB, solutions = 4)
  25548 17941      209.2025    40      228.8215      195.4881  1844447   14.57%
  25769 18130      204.2447    40      228.8215      195.4902  1858421   14.57%
  25966 18280      221.2559    30      228.8215      195.4938  1873651   14.56%
  26165 18426      226.4276    49      228.8215      195.4972  1889775   14.56%
  26346 18551      202.3310    40      228.8215      195.4989  1902669   14.56%
  26570 18737      218.9355    23      228.8215      195.5018  1917290   14.56%
  26804 18912      226.5298    33      228.8215      195.5049  1931989   14.56%
  27003 19065      208.7526    41      228.8215      195.5083  1947312   14.56%
  27224 19240      196.3820    58      228.8215      195.5096  1962592   14.56%
  27473 19448      199.5077    54      228.8215      195.5104  1977612   14.56%
Elapsed time = 552.22 sec. (605640.57 ticks, tree = 32.48 MB, solutions = 4)
  27656 19581        cutoff            228.8215      195.5121  1994402   14.56%
  27832 19718      201.5479    33      228.8215      195.5131  2009471   14.56%
  28044 19891        cutoff            228.8215      195.5150  2024392   14.56%
  28248 20041      199.8035    53      228.8215      195.5157  2039560   14.56%
  28366 20133      197.3117    52      228.8215      195.5157  2052642   14.56%
  28526 20258      198.5829    46      228.8215      195.5157  2069116   14.56%
  28702 20403      201.1599    51      228.8215      195.5157  2085287   14.56%
  28879 20549      204.6930    44      228.8215      195.5157  2100973   14.56%
  29080 20705      224.2383    29      228.8215      195.5180  2116984   14.55%
  29301 20889      211.1103    39      228.8215      195.5199  2133075   14.55%
Elapsed time = 588.17 sec. (643955.37 ticks, tree = 34.98 MB, solutions = 4)
  29532 21066      219.7609    34      228.8215      195.5238  2148751   14.55%
  29783 21270        cutoff            228.8215      195.5251  2164520   14.55%
  30011 21461      218.0283    40      228.8215      195.5283  2180421   14.55%
  30228 21630      211.3629    44      228.8215      195.5310  2194989   14.55%
  30434 21790      218.0170    38      228.8215      195.5340  2210145   14.55%
  30637 21946      196.1292    60      228.8215      195.5378  2225985   14.55%
  30838 22106      206.5777    31      228.8215      195.5402  2241097   14.54%
  31041 22280      217.2674    34      228.8215      195.5430  2256150   14.54%
  31240 22425      198.3384    56      228.8215      195.5470  2270815   14.54%
  31389 22546      217.3154    35      228.8215      195.5489  2284838   14.54%
Elapsed time = 672.16 sec. (682177.68 ticks, tree = 37.26 MB, solutions = 4)
  31621 22733      199.5391    37      228.8215      195.5514  2299884   14.54%
  31818 22887      226.8749    35      228.8215      195.5531  2314819   14.54%
  31992 23018      200.3641    40      228.8215      195.5548  2331186   14.54%
  32193 23167      211.1288    30      228.8215      195.5572  2346400   14.54%
  32383 23320      208.8263    45      228.8215      195.5596  2359909   14.54%
  32611 23492      204.1387    40      228.8215      195.5628  2375300   14.53%
  32856 23688      196.9286    59      228.8215      195.5646  2389541   14.53%
  33077 23863      217.0227    37      228.8215      195.5662  2405058   14.53%
  33235 23987      209.4590    17      228.8215      195.5674  2420970   14.53%
  33428 24140      200.2507    38      228.8215      195.5707  2436020   14.53%
Elapsed time = 719.00 sec. (720462.27 ticks, tree = 39.52 MB, solutions = 4)
  33626 24301      205.7973    36      228.8215      195.5725  2451124   14.53%
  33856 24479      196.4668    67      228.8215      195.5750  2466383   14.53%
  34067 24654      200.4306    37      228.8215      195.5795  2481500   14.53%
  34289 24835      227.2644    21      228.8215      195.5803  2497128   14.53%
  34436 24948      216.0439    28      228.8215      195.5832  2510985   14.53%
  34616 25091      226.1474    29      228.8215      195.5886  2526318   14.52%
  34818 25254      207.5423    35      228.8215      195.5914  2541146   14.52%
  35040 25442      196.8456    64      228.8215      195.5930  2554544   14.52%
  35253 25607      220.5701    18      228.8215      195.5964  2569554   14.52%
  35346 25683      195.8913    63      228.8215      195.5972  2575782   14.52%
Elapsed time = 759.82 sec. (758826.42 ticks, tree = 41.71 MB, solutions = 4)
  35648 25942      201.6781    59      228.8215      195.5994  2589814   14.52%
  35851 26111      200.2731    52      228.8215      195.6002  2604899   14.52%
  36055 26267      197.6211    53      228.8215      195.6025  2620194   14.52%
  36279 26448      217.5995    31      228.8215      195.6041  2633909   14.52%
  36364 26516      195.6045    50      228.8215      195.6045  2640498   14.52%
  36565 26680      196.9311    57      228.8215      195.6053  2655272   14.52%
  36796 26861      205.8476    44      228.8215      195.6077  2669970   14.52%
  37001 27013      198.4912    60      228.8215      195.6105  2685047   14.51%
  37225 27183      205.6338    38      228.8215      195.6118  2699136   14.51%
  37387 27316      197.1759    58      228.8215      195.6133  2711536   14.51%
Elapsed time = 800.36 sec. (797147.83 ticks, tree = 44.02 MB, solutions = 4)
  37596 27478      198.9292    47      228.8215      195.6140  2726547   14.51%
  37823 27665      220.4265    37      228.8215      195.6162  2740962   14.51%
  38047 27849        cutoff            228.8215      195.6170  2756708   14.51%
  38266 28034      211.6987    41      228.8215      195.6182  2771164   14.51%
  38450 28180      200.1485    49      228.8215      195.6208  2785597   14.51%
  38739 28415      210.1238    42      228.8215      195.6228  2800605   14.51%
  38948 28577      200.9638    47      228.8215      195.6251  2815653   14.51%
  39167 28743      204.6765    50      228.8215      195.6280  2830303   14.51%
  39391 28935      197.3494    46      228.8215      195.6303  2844811   14.51%
  39600 29114      227.6900    39      228.8215      195.6332  2860035   14.50%
Elapsed time = 841.04 sec. (835353.64 ticks, tree = 46.63 MB, solutions = 4)
  39814 29279      201.1961    44      228.8215      195.6363  2875216   14.50%
  40039 29451      199.4919    45      228.8215      195.6383  2889618   14.50%
  40254 29626      202.9611    49      228.8215      195.6395  2904042   14.50%
  40471 29802      213.4014    33      228.8215      195.6410  2919012   14.50%
  40710 29999      196.0436    73      228.8215      195.6418  2933941   14.50%
  40936 30182      203.6171    46      228.8215      195.6437  2947870   14.50%
  41177 30377      199.0071    36      228.8215      195.6452  2962390   14.50%
  41346 30502      202.4551    48      228.8215      195.6473  2978845   14.50%
  41581 30684      197.4087    62      228.8215      195.6488  2992876   14.50%
  41787 30844      197.3575    53      228.8215      195.6504  3007234   14.50%
Elapsed time = 882.07 sec. (874616.43 ticks, tree = 49.03 MB, solutions = 4)
  42004 31019      213.2816    24      228.8215      195.6519  3021920   14.50%
  42205 31175      197.0074    56      228.8215      195.6553  3037339   14.49%
  42346 31296      222.5372    32      228.8215      195.6556  3047817   14.49%
  42554 31462      196.0617    51      228.8215      195.6581  3062493   14.49%
  42744 31610    infeasible            228.8215      195.6601  3077915   14.49%
  42929 31754      202.2388    52      228.8215      195.6623  3093430   14.49%
  43103 31890      228.7646    40      228.8215      195.6642  3110160   14.49%
  43294 32042      200.4172    46      228.8215      195.6676  3124826   14.49%
  43516 32226      226.3719    37      228.8215      195.6690  3140309   14.49%
  43715 32381      198.1880    80      228.8215      195.6715  3155375   14.49%
Elapsed time = 923.08 sec. (913084.76 ticks, tree = 51.22 MB, solutions = 4)
  43886 32519      199.8159    43      228.8215      195.6728  3170354   14.49%
  44065 32662      202.2114    42      228.8215      195.6744  3185902   14.49%
  44259 32817      224.0481    49      228.8215      195.6771  3200977   14.48%
  44440 32951      199.2162    51      228.8215      195.6781  3216962   14.48%
  44661 33128      216.1972    32      228.8215      195.6799  3232099   14.48%
  44875 33294      197.0864    56      228.8215      195.6824  3246549   14.48%
  45106 33479      204.1930    42      228.8215      195.6846  3261022   14.48%
  45280 33615      216.6421    49      228.8215      195.6858  3276767   14.48%
  45362 33679      224.7885    31      228.8215      195.6865  3283922   14.48%
  45553 33825      197.4631    45      228.8215      195.6879  3300461   14.48%
Elapsed time = 964.27 sec. (951534.04 ticks, tree = 54.66 MB, solutions = 4)
  45743 33985      219.2177    45      228.8215      195.6885  3315933   14.48%
  46016 34207      198.1501    40      228.8215      195.6903  3329659   14.48%
  46242 34396      228.6115    18      228.8215      195.6935  3344639   14.48%
  46521 34611      200.8652    38      228.8215      195.6963  3359133   14.48%
  46720 34765      197.1764    49      228.8215      195.6993  3373109   14.48%
  46970 34973      200.0051    42      228.8215      195.7011  3386438   14.47%
  47200 35166      205.0506    34      228.8215      195.7024  3400704   14.47%
  47408 35338      218.3242    48      228.8215      195.7035  3415654   14.47%
  47615 35495        cutoff            228.8215      195.7046  3430120   14.47%
  47831 35673      204.2469    43      228.8215      195.7059  3445538   14.47%
Elapsed time = 1005.86 sec. (989815.16 ticks, tree = 57.30 MB, solutions = 4)
  48046 35836      205.2264    55      228.8215      195.7080  3458772   14.47%
  48255 35997      198.6969    34      228.8215      195.7084  3473596   14.47%
  48472 36169      197.7784    47      228.8215      195.7108  3485570   14.47%
  48725 36380      201.1080    45      228.8215      195.7112  3500261   14.47%
  48916 36543      226.5878    11      228.8215      195.7135  3516141   14.47%
  49125 36711      197.7734    68      228.8215      195.7150  3530485   14.47%
  49346 36895      198.2865    57      228.8215      195.7160  3544735   14.47%
  49549 37051      199.2301    63      228.8215      195.7178  3559105   14.47%
  49762 37236      219.4991    33      228.8215      195.7189  3573235   14.47%
  49961 37399      195.9067    49      228.8215      195.7206  3587193   14.47%
Elapsed time = 1049.69 sec. (1029772.57 ticks, tree = 59.76 MB, solutions = 4)
  50183 37584      206.1126    40      228.8215      195.7214  3601885   14.47%
  50346 37717      203.9129    36      228.8215      195.7226  3611967   14.46%
  50579 37896      198.6197    51      228.8215      195.7240  3625825   14.46%
  50766 38049      205.9826    40      228.8215      195.7246  3641926   14.46%
  50960 38194      198.9994    43      228.8215      195.7274  3657494   14.46%
  51161 38353      200.4030    47      228.8215      195.7296  3673142   14.46%
  51396 38537      201.6365    45      228.8215      195.7334  3688360   14.46%
  51577 38688      201.8010    50      228.8215      195.7342  3703985   14.46%
  51841 38894      214.5858    33      228.8215      195.7349  3718287   14.46%
  52046 39061      200.2443    51      228.8215      195.7367  3733651   14.46%
Elapsed time = 1092.78 sec. (1068131.62 ticks, tree = 62.14 MB, solutions = 4)
  52252 39230      214.8695    43      228.8215      195.7379  3747669   14.46%
  52442 39380      199.9238    41      228.8215      195.7386  3763015   14.46%
  52654 39553      201.7048    48      228.8215      195.7413  3777897   14.46%
  52873 39734      199.5748    45      228.8215      195.7422  3792571   14.46%
  53053 39869      216.9459    28      228.8215      195.7429  3806994   14.46%
  53245 40024      197.5915    49      228.8215      195.7437  3822153   14.46%
  53440 40176      206.6606    45      228.8215      195.7449  3836656   14.46%
  53647 40333      199.6135    60      228.8215      195.7459  3851050   14.45%
  53841 40486      196.7981    58      228.8215      195.7475  3865567   14.45%
  54045 40656      224.7625    38      228.8215      195.7493  3880700   14.45%
Elapsed time = 1135.76 sec. (1106417.16 ticks, tree = 64.62 MB, solutions = 4)
  54196 40753      226.1936    34      228.8215      195.7503  3895561   14.45%
  54391 40910      209.5276    44      228.8215      195.7514  3909909   14.45%
  54617 41097      196.5780    41      228.8215      195.7526  3925020   14.45%
  54827 41263      196.2200    51      228.8215      195.7539  3940453   14.45%
  55038 41428      209.3448    32      228.8215      195.7552  3955048   14.45%
  55246 41602      204.7914    44      228.8215      195.7568  3970294   14.45%
  55437 41748      213.3274    23      228.8215      195.7583  3982594   14.45%
  55642 41901      199.9665    37      228.8215      195.7604  3998162   14.45%
  55878 42087      196.6111    67      228.8215      195.7610  4012947   14.45%
  56056 42222      202.5810    33      228.8215      195.7618  4028513   14.45%
Elapsed time = 1177.87 sec. (1144772.18 ticks, tree = 66.87 MB, solutions = 4)
  56277 42406      196.2155    51      228.8215      195.7630  4044216   14.45%
  56463 42553      201.5222    30      228.8215      195.7642  4060180   14.45%
  56702 42743      200.3956    57      228.8215      195.7664  4074616   14.45%
  56911 42902      195.8794    56      228.8215      195.7677  4089462   14.45%
  57106 43071      208.3566    34      228.8215      195.7692  4104987   14.44%
  57312 43230      200.7465    39      228.8215      195.7715  4120022   14.44%
  57468 43340      199.4429    38      228.8215      195.7733  4133307   14.44%
  57720 43559      204.9374    49      228.8215      195.7743  4146638   14.44%
  57927 43725      198.1176    66      228.8215      195.7758  4162122   14.44%
  58148 43906      198.2329    51      228.8215      195.7775  4176547   14.44%
Elapsed time = 1227.86 sec. (1183123.18 ticks, tree = 69.28 MB, solutions = 4)
  58368 44078      198.9964    46      228.8215      195.7797  4192143   14.44%
  58550 44213      195.9875    66      228.8215      195.7807  4207923   14.44%
  58764 44376      200.0843    55      228.8215      195.7816  4222728   14.44%
  58981 44555      205.2693    39      228.8215      195.7825  4237768   14.44%
  59196 44726      195.7850    64      228.8215      195.7840  4253074   14.44%
  59352 44853      211.0680    41      228.8215      195.7848  4264461   14.44%
  59578 45049      214.5339    48      228.8215      195.7853  4279334   14.44%
  59800 45233      206.6104    41      228.8215      195.7868  4293922   14.44%
  59992 45369      210.0427    46      228.8215      195.7879  4309503   14.44%
  60193 45531      201.2370    35      228.8215      195.7894  4322899   14.44%
Elapsed time = 1276.82 sec. (1221434.30 ticks, tree = 71.61 MB, solutions = 4)
  60354 45667      198.7802    48      228.8215      195.7899  4339294   14.44%
  60535 45796      223.5318    61      228.8215      195.7915  4355598   14.43%
  60695 45904      217.0108    33      228.8215      195.7942  4370829   14.43%
  60915 46057      213.1633    51      228.8215      195.7968  4386119   14.43%
  61114 46203      197.4752    50      228.8215      195.7985  4401372   14.43%
  61341 46382      204.9978    54      228.8215      195.8019  4416623   14.43%
  61454 46477      199.9875    51      228.8215      195.8029  4427272   14.43%
  61679 46660      213.2653    37      228.8215      195.8043  4442176   14.43%
  61878 46807      205.0224    35      228.8215      195.8057  4457465   14.43%
  62118 46996      196.3729    66      228.8215      195.8076  4471753   14.43%
Elapsed time = 1322.27 sec. (1259755.11 ticks, tree = 73.70 MB, solutions = 4)
  62344 47177      196.2398    57      228.8215      195.8086  4486020   14.43%
  62568 47373      205.2751    44      228.8215      195.8088  4496016   14.43%
  62775 47541      197.5907    64      228.8215      195.8101  4510754   14.43%
  62986 47715      205.2962    52      228.8215      195.8107  4524402   14.43%
  63194 47885      228.1191    14      228.8215      195.8117  4539740   14.43%
  63425 48074      200.1149    76      228.8215      195.8129  4554402   14.43%
  63656 48268      203.7586    46      228.8215      195.8136  4569397   14.43%
  63900 48461      227.9427    30      228.8215      195.8160  4584107   14.42%
  64108 48628      206.1224    54      228.8215      195.8174  4598739   14.42%
  64296 48774      211.5003    41      228.8215      195.8183  4614410   14.42%
Elapsed time = 1372.38 sec. (1298008.33 ticks, tree = 76.25 MB, solutions = 4)
  64447 48894      198.4588    53      228.8215      195.8196  4626571   14.42%
  64650 49064      214.5186    31      228.8215      195.8212  4641072   14.42%
  64852 49206      226.3021    31      228.8215      195.8217  4656502   14.42%
  65051 49360      197.6331    51      228.8215      195.8231  4671738   14.42%
  65284 49553      217.9320    52      228.8215      195.8243  4686894   14.42%
  65496 49726      201.0429    48      228.8215      195.8251  4701825   14.42%
  65680 49872      224.7982    33      228.8215      195.8268  4717351   14.42%
  65868 50016      211.2386    38      228.8215      195.8278  4732202   14.42%
  66089 50199      205.2660    36      228.8215      195.8302  4746933   14.42%
  66276 50342      204.3602    55      228.8215      195.8319  4761467   14.42%
Elapsed time = 1431.13 sec. (1336281.15 ticks, tree = 78.43 MB, solutions = 4)
* 66356+48215                          227.3504      195.8321            13.86%
  66457 48304      202.9842    49      227.3504      195.8323  4774769   13.86%
  66638 48441      222.5801    65      227.3504      195.8337  4789343   13.86%
  66841 48601      196.7547    46      227.3504      195.8343  4804006   13.86%
  67072 48776      215.6795    24      227.3504      195.8354  4818277   13.86%
  67266 48932      219.5300    33      227.3504      195.8372  4833239   13.86%
  67413 49048        cutoff            227.3504      195.8380  4843344   13.86%
  67624 49218      214.4747    37      227.3504      195.8392  4857965   13.86%
  67832 49377      205.1273    45      227.3504      195.8408  4872725   13.86%
  68049 49549      204.3701    33      227.3504      195.8417  4887474   13.86%
  68262 49725      207.1165    36      227.3504      195.8428  4903010   13.86%
Elapsed time = 1519.64 sec. (1374619.36 ticks, tree = 77.60 MB, solutions = 5)
  68394 49827      197.0904    61      227.3504      195.8447  4910608   13.86%
  68590 49991      205.6148    33      227.3504      195.8460  4925693   13.86%
  68806 50161      202.9752    29      227.3504      195.8472  4940526   13.86%
  69003 50327      224.4330    39      227.3504      195.8483  4955429   13.86%
  69213 50494      208.0023    34      227.3504      195.8510  4970673   13.85%
  69380 50612      196.6534    61      227.3504      195.8522  4982817   13.85%
  69612 50795      206.4152    33      227.3504      195.8537  4997339   13.85%
  69840 50990      221.4337    27      227.3504      195.8549  5012136   13.85%
  70071 51175      196.4692    83      227.3504      195.8563  5027265   13.85%
  70242 51310      198.1397    61      227.3504      195.8574  5041860   13.85%
Elapsed time = 1575.41 sec. (1412892.88 ticks, tree = 79.87 MB, solutions = 5)
  70396 51426      200.1384    54      227.3504      195.8590  5055412   13.85%
  70599 51581      207.7138    38      227.3504      195.8599  5070526   13.85%
  70842 51765      214.9192    58      227.3504      195.8607  5085084   13.85%
  71049 51926      199.6844    49      227.3504      195.8617  5099161   13.85%
  71233 52073      223.7837    27      227.3504      195.8626  5114657   13.85%
  71384 52182      196.8698    61      227.3504      195.8639  5125357   13.85%
  71627 52387      198.4223    42      227.3504      195.8652  5138073   13.85%
  71847 52560        cutoff            227.3504      195.8666  5152041   13.85%
  72064 52730      197.1226    51      227.3504      195.8682  5166014   13.85%
  72256 52877      195.8930    49      227.3504      195.8695  5181895   13.85%
Elapsed time = 1631.68 sec. (1451224.09 ticks, tree = 82.11 MB, solutions = 5)
  72409 52999      196.9787    43      227.3504      195.8701  5192257   13.85%
  72610 53168      202.9919    42      227.3504      195.8709  5207106   13.85%
  72825 53334      215.2922    35      227.3504      195.8729  5222212   13.85%
  73039 53497        cutoff            227.3504      195.8742  5236826   13.84%
  73233 53640      196.8582    65      227.3504      195.8753  5252550   13.84%
  73396 53771      202.4532    46      227.3504      195.8762  5265715   13.84%
  73576 53918      201.2615    53      227.3504      195.8769  5282353   13.84%
  73715 54031      220.6142    47      227.3504      195.8769  5298299   13.84%
  73847 54131      214.5415    25      227.3504      195.8771  5315754   13.84%
  74053 54300      224.9461    27      227.3504      195.8777  5330540   13.84%
Elapsed time = 1690.83 sec. (1489472.62 ticks, tree = 84.09 MB, solutions = 5)
  74280 54471      211.7465    53      227.3504      195.8784  5346832   13.84%
  74453 54603      198.9858    45      227.3504      195.8793  5359779   13.84%
  74662 54767      201.2760    30      227.3504      195.8805  5374425   13.84%
  74875 54941      210.7679    49      227.3504      195.8823  5388355   13.84%
  75091 55106      198.2227    57      227.3504      195.8834  5402973   13.84%
  75287 55255      220.9475    32      227.3504      195.8850  5417361   13.84%
  75530 55434      216.1297    36      227.3504      195.8861  5432170   13.84%
  75742 55593      199.2908    55      227.3504      195.8881  5447416   13.84%
  75997 55798        cutoff            227.3504      195.8890  5461544   13.84%
  76217 55969      205.2759    44      227.3504      195.8902  5477166   13.84%
Elapsed time = 1758.50 sec. (1527742.17 ticks, tree = 86.49 MB, solutions = 5)
  76391 56103      224.9632    41      227.3504      195.8912  5493403   13.84%
  76622 56297      202.3455    58      227.3504      195.8927  5507826   13.84%
  76852 56476      225.4499    39      227.3504      195.8942  5522988   13.84%
  77055 56626      198.0027    40      227.3504      195.8963  5538240   13.84%
  77259 56778      198.8522    41      227.3504      195.8973  5553747   13.83%
  77439 56921      196.0212    54      227.3504      195.8980  5569011   13.83%
  77648 57096      196.1478    51      227.3504      195.8996  5584382   13.83%
  77886 57286      196.8500    56      227.3504      195.9012  5598393   13.83%
  78079 57446      221.0155    39      227.3504      195.9021  5614146   13.83%
  78275 57600      197.9027    44      227.3504      195.9038  5628504   13.83%
Elapsed time = 1816.68 sec. (1566023.33 ticks, tree = 88.83 MB, solutions = 5)
  78428 57726      226.0737    22      227.3504      195.9042  5637507   13.83%
  78632 57881      207.5275    34      227.3504      195.9054  5652550   13.83%
  78835 58038      223.6947    32      227.3504      195.9062  5667482   13.83%
  79035 58203        cutoff            227.3504      195.9078  5681132   13.83%
  79284 58398      209.5615    33      227.3504      195.9090  5695504   13.83%
  79420 58502      202.0164    58      227.3504      195.9107  5703127   13.83%
  79646 58673      200.9277    42      227.3504      195.9126  5717482   13.83%
  79838 58827      215.4750    24      227.3504      195.9130  5733267   13.83%
  80023 58964      206.3045    43      227.3504      195.9148  5749577   13.83%
  80241 59127      208.5313    49      227.3504      195.9157  5763921   13.83%
Elapsed time = 1873.63 sec. (1604272.09 ticks, tree = 91.03 MB, solutions = 5)
  80386 59240      196.1640    59      227.3504      195.9165  5775122   13.83%
  80532 59352      211.5011    39      227.3504      195.9169  5791179   13.83%
  80728 59499      196.0949    67      227.3504      195.9180  5806938   13.83%
  80921 59647      201.5397    56      227.3504      195.9194  5823546   13.82%
  81092 59786      197.6445    50      227.3504      195.9202  5838016   13.82%
  81280 59938      226.6082    35      227.3504      195.9204  5853801   13.82%
  81375 60010      210.7503    33      227.3504      195.9208  5861717   13.82%
  81591 60183      224.6374    29      227.3504      195.9213  5876136   13.82%
  81788 60337      221.1373    45      227.3504      195.9225  5891323   13.82%
  81957 60464      201.0628    73      227.3504      195.9230  5906146   13.82%
Elapsed time = 1923.56 sec. (1642706.87 ticks, tree = 92.95 MB, solutions = 5)
  82184 60645      196.7340    47      227.3504      195.9240  5920902   13.82%
  82346 60769      207.6362    36      227.3504      195.9247  5931106   13.82%
  82546 60933      199.1729    61      227.3504      195.9253  5945514   13.82%
  82758 61097      215.0238    30      227.3504      195.9270  5959198   13.82%
  82928 61206      197.8142    43      227.3504      195.9286  5974581   13.82%
  83155 61391      226.5007    31      227.3504      195.9305  5988575   13.82%
  83372 61550      201.4716    32      227.3504      195.9320  6004125   13.82%
  83572 61701      223.2318    24      227.3504      195.9327  6019698   13.82%
  83787 61862      208.4883    45      227.3504      195.9350  6034316   13.82%
  83999 62016      198.7684    39      227.3504      195.9357  6049600   13.82%
Elapsed time = 1979.25 sec. (1681829.66 ticks, tree = 95.25 MB, solutions = 5)
  84134 62121      198.9464    67      227.3504      195.9357  6066002   13.82%
  84284 62238      200.5354    41      227.3504      195.9357  6081991   13.82%
  84495 62420      198.9418    61      227.3504      195.9357  6096933   13.82%
  84670 62565      198.5245    58      227.3504      195.9357  6112853   13.82%
  84798 62664      198.4911    47      227.3504      195.9357  6129498   13.82%
  84946 62781      208.2161    60      227.3504      195.9357  6145626   13.82%
  85142 62938      196.6686    58      227.3504      195.9367  6161438   13.82%
  85346 63099      202.1437    29      227.3504      195.9381  6175236   13.82%
  85586 63287      198.8280    63      227.3504      195.9392  6188948   13.82%
  85809 63470      215.8172    25      227.3504      195.9402  6203027   13.82%
Elapsed time = 2035.61 sec. (1721004.12 ticks, tree = 97.49 MB, solutions = 5)
  86030 63638      199.6701    46      227.3504      195.9421  6217579   13.81%
  86234 63798      211.0574    29      227.3504      195.9435  6232031   13.81%
  86354 63894      209.2213    32      227.3504      195.9443  6241777   13.81%
  86564 64055      206.9394    43      227.3504      195.9448  6256706   13.81%
  86773 64213      198.6981    47      227.3504      195.9463  6270440   13.81%
  86957 64353      197.1039    59      227.3504      195.9481  6285912   13.81%
  87167 64516      196.0828    59      227.3504      195.9488  6300791   13.81%
  87367 64687      211.1134    44      227.3504      195.9492  6315915   13.81%
  87563 64827      206.4867    39      227.3504      195.9507  6331855   13.81%
  87768 64979      206.7117    58      227.3504      195.9524  6346963   13.81%
Elapsed time = 2087.53 sec. (1759319.54 ticks, tree = 100.07 MB, solutions = 5)
  87989 65151      199.7265    49      227.3504      195.9530  6361061   13.81%
  88195 65317      215.3801    30      227.3504      195.9543  6375044   13.81%
  88402 65469    infeasible            227.3504      195.9549  6389902   13.81%
  88570 65595      196.3821    54      227.3504      195.9564  6405199   13.81%
  88767 65751      196.6905    58      227.3504      195.9568  6419864   13.81%
  88961 65898      203.9664    37      227.3504      195.9583  6435167   13.81%
  89158 66051      202.8545    44      227.3504      195.9591  6450363   13.81%
  89346 66202      220.0338    36      227.3504      195.9599  6465136   13.81%
  89560 66360      196.4418    57      227.3504      195.9617  6480261   13.81%
  89759 66526      202.2312    57      227.3504      195.9631  6494654   13.81%
Elapsed time = 2138.02 sec. (1799423.97 ticks, tree = 105.19 MB, solutions = 5)
  89978 66698      195.9812    89      227.3504      195.9638  6511482   13.81%
  90139 66822      201.8129    51      227.3504      195.9645  6526899   13.81%
  90351 66991      196.9598    61      227.3504      195.9654  6541999   13.80%
  90564 67161      196.1959    51      227.3504      195.9663  6557049   13.80%
  90790 67349      222.1793    23      227.3504      195.9668  6571262   13.80%
  90991 67505      226.7450    33      227.3504      195.9673  6587234   13.80%
  91246 67711      198.2325    37      227.3504      195.9691  6601564   13.80%
  91424 67839      202.8643    51      227.3504      195.9705  6617402   13.80%
  91636 68003      225.2417    36      227.3504      195.9713  6631611   13.80%
  91820 68134      198.9021    48      227.3504      195.9719  6647379   13.80%
Elapsed time = 2179.48 sec. (1837934.61 ticks, tree = 107.78 MB, solutions = 5)
  92037 68316      196.0292    54      227.3504      195.9727  6661945   13.80%
  92218 68463      198.6388    44      227.3504      195.9742  6677639   13.80%
  92404 68612      197.8599    46      227.3504      195.9752  6693063   13.80%
  92600 68764      196.7302    51      227.3504      195.9778  6707825   13.80%
  92835 68960      203.7209    44      227.3504      195.9785  6721600   13.80%
  93033 69116      208.8093    33      227.3504      195.9798  6736262   13.80%
  93310 69330      199.2401    44      227.3504      195.9809  6750111   13.80%
  93436 69438      217.3564    32      227.3504      195.9811  6755289   13.80%
  93653 69600      200.5065    50      227.3504      195.9818  6769705   13.80%
  93848 69726      203.4272    45      227.3504      195.9831  6785414   13.80%
Elapsed time = 2220.63 sec. (1876183.80 ticks, tree = 110.07 MB, solutions = 5)
  94032 69865      223.1563    36      227.3504      195.9834  6800936   13.80%
  94242 70024      196.1085    68      227.3504      195.9841  6815349   13.80%
  94390 70137      199.5607    52      227.3504      195.9851  6824994   13.80%
  94573 70285      199.7324    54      227.3504      195.9856  6840354   13.80%
  94751 70413      196.3754    63      227.3504      195.9867  6856013   13.80%
  94913 70533      211.8454    40      227.3504      195.9873  6871748   13.80%
  95101 70681        cutoff            227.3504      195.9880  6888684   13.79%
  95337 70869      220.2294    39      227.3504      195.9889  6903553   13.79%
  95428 70935      209.1507    38      227.3504      195.9893  6912324   13.79%
  95668 71126      207.5116    43      227.3504      195.9901  6927160   13.79%
Elapsed time = 2263.30 sec. (1914520.74 ticks, tree = 112.09 MB, solutions = 5)
  95843 71251      222.4646    37      227.3504      195.9915  6942457   13.79%
  96080 71449      200.0027    42      227.3504      195.9932  6956873   13.79%
  96292 71607      207.2551    41      227.3504      195.9944  6971565   13.79%
  96491 71754      196.6619    41      227.3504      195.9945  6986886   13.79%
  96663 71883      209.6715    28      227.3504      195.9945  7000559   13.79%
  96828 72014      222.1046    30      227.3504      195.9945  7016456   13.79%
  96993 72129      196.9659    62      227.3504      195.9945  7032862   13.79%
  97187 72283      197.4492    69      227.3504      195.9945  7048119   13.79%
  97369 72439      199.9589    47      227.3504      195.9945  7063458   13.79%
  97533 72569      197.9954    58      227.3504      195.9945  7079808   13.79%
Elapsed time = 2304.50 sec. (1952886.65 ticks, tree = 114.10 MB, solutions = 5)
  97692 72701      197.5080    54      227.3504      195.9945  7096122   13.79%
  97854 72834      225.0752    36      227.3504      195.9945  7112423   13.79%
  98018 72962      222.6925    36      227.3504      195.9945  7127999   13.79%
  98200 73095      205.4490    37      227.3504      195.9945  7143281   13.79%
  98356 73224      196.3736    42      227.3504      195.9945  7157940   13.79%
  98514 73347      196.5436    63      227.3504      195.9945  7173623   13.79%
  98666 73468      201.7584    58      227.3504      195.9945  7189127   13.79%
  98826 73599      200.3695    62      227.3504      195.9945  7205835   13.79%
  99009 73751      201.1165    40      227.3504      195.9945  7220426   13.79%
  99180 73881      197.0567    75      227.3504      195.9945  7236165   13.79%
Elapsed time = 2344.94 sec. (1991305.74 ticks, tree = 116.27 MB, solutions = 5)
  99346 74020      197.8608    71      227.3504      195.9945  7251987   13.79%
  99514 74158      201.5345    42      227.3504      195.9950  7267699   13.79%
  99756 74356      208.3034    37      227.3504      195.9961  7281789   13.79%
  99922 74484      198.7155    51      227.3504      195.9970  7297779   13.79%
 100124 74657      219.5945    27      227.3504      195.9976  7311855   13.79%
 100296 74794      215.2438    32      227.3504      195.9985  7326665   13.79%
 100494 74943      199.5720    50      227.3504      195.9996  7339444   13.79%
 100712 75110      199.5491    46      227.3504      196.0010  7353396   13.79%
 100926 75285      220.5074    21      227.3504      196.0016  7367954   13.79%
 101099 75430      214.4086    54      227.3504      196.0020  7384403   13.79%
Elapsed time = 2390.75 sec. (2031398.98 ticks, tree = 118.50 MB, solutions = 5)
 101288 75577      205.4456    53      227.3504      196.0027  7399470   13.79%
 101465 75725      208.8730    38      227.3504      196.0036  7412129   13.79%
 101674 75857      223.1822    25      227.3504      196.0044  7427671   13.79%
 101872 76005      197.9096    65      227.3504      196.0053  7442293   13.79%
 102063 76153      206.0975    58      227.3504      196.0060  7458686   13.79%
 102280 76321      197.0828    55      227.3504      196.0079  7473404   13.79%
 102458 76446      197.8719    63      227.3504      196.0088  7487210   13.79%
 102664 76603      210.6748    33      227.3504      196.0095  7501725   13.79%
 102878 76752      196.7485    64      227.3504      196.0107  7516591   13.78%
 103072 76916      196.7559    66      227.3504      196.0115  7531494   13.78%
Elapsed time = 2440.96 sec. (2069792.58 ticks, tree = 120.64 MB, solutions = 5)
 103246 77047      196.2506    42      227.3504      196.0121  7546756   13.78%
 103360 77137      196.6576    44      227.3504      196.0128  7557045   13.78%
 103554 77298      201.1988    38      227.3504      196.0139  7571437   13.78%
 103758 77462      198.0096    45      227.3504      196.0145  7585863   13.78%
 103996 77659      220.1910    34      227.3504      196.0155  7600744   13.78%
 104193 77812      204.2641    41      227.3504      196.0163  7615422   13.78%
 104414 77991      198.4521    62      227.3504      196.0177  7628729   13.78%
 104626 78155      213.6231    28      227.3504      196.0180  7643637   13.78%
 104838 78309      196.4390    64      227.3504      196.0194  7657829   13.78%
 105031 78462      224.3397    46      227.3504      196.0200  7673212   13.78%
Elapsed time = 2490.11 sec. (2108068.57 ticks, tree = 122.86 MB, solutions = 5)
 105261 78634      199.7615    55      227.3504      196.0212  7687806   13.78%
 105398 78750      201.5348    38      227.3504      196.0212  7698570   13.78%
 105587 78899      196.3661    66      227.3504      196.0217  7714106   13.78%
 105788 79067        cutoff            227.3504      196.0224  7728831   13.78%
 106020 79260      210.2421    39      227.3504      196.0228  7743028   13.78%
 106230 79422      221.8272    39      227.3504      196.0240  7758338   13.78%
 106435 79583      210.7183    46      227.3504      196.0251  7773477   13.78%
 106672 79779      214.6490    13      227.3504      196.0258  7789026   13.78%
 106877 79931      209.8315    25      227.3504      196.0268  7804073   13.78%
 107045 80064      203.3668    46      227.3504      196.0286  7820313   13.78%
Elapsed time = 2554.11 sec. (2146334.96 ticks, tree = 125.17 MB, solutions = 5)
 107256 80235      197.8893    54      227.3504      196.0300  7835361   13.78%
 107396 80354      216.6250    29      227.3504      196.0304  7843947   13.78%
 107592 80497      205.0488    38      227.3504      196.0313  7857546   13.78%
 107815 80678      225.7280    29      227.3504      196.0328  7871495   13.78%
 108059 80867      203.3095    34      227.3504      196.0342  7885815   13.77%
 108288 81058      219.8604    38      227.3504      196.0349  7899997   13.77%
 108410 81153      197.6860    40      227.3504      196.0354  7909693   13.77%
 108615 81313        cutoff            227.3504      196.0357  7924686   13.77%
 108859 81505      222.7274    27      227.3504      196.0376  7938751   13.77%
 109058 81656      196.0422    62      227.3504      196.0385  7952836   13.77%
Elapsed time = 2604.11 sec. (2184551.04 ticks, tree = 127.46 MB, solutions = 5)
 109255 81820      204.5605    42      227.3504      196.0385  7968200   13.77%
 109455 81987      202.9045    36      227.3504      196.0390  7984107   13.77%
 109651 82144      201.8284    45      227.3504      196.0398  7998673   13.77%
 109831 82286      213.4169    35      227.3504      196.0408  8013639   13.77%
 110053 82469      218.7751    20      227.3504      196.0422  8028519   13.77%
 110275 82645      198.8152    51      227.3504      196.0438  8043253   13.77%
 110476 82795      215.4016    31      227.3504      196.0447  8056149   13.77%
 110716 82985      208.4433    35      227.3504      196.0452  8070111   13.77%
 110912 83137      207.6510    48      227.3504      196.0460  8084697   13.77%
 111123 83315      203.2649    48      227.3504      196.0462  8099696   13.77%
Elapsed time = 2654.03 sec. (2222835.04 ticks, tree = 129.78 MB, solutions = 5)
 111327 83480      199.0283    47      227.3504      196.0470  8114299   13.77%
 111440 83566      214.8856    37      227.3504      196.0475  8123798   13.77%
 111625 83721      215.2537    51      227.3504      196.0483  8139274   13.77%
 111812 83862      203.4073    45      227.3504      196.0493  8153910   13.77%
 112010 84023      208.5798    37      227.3504      196.0501  8168627   13.77%
*112028 83864      integral     0      227.2093      196.0501  8169119   13.71%
*112034 83468      integral     0      226.8500      196.0501  8169157   13.58%
*112134+80632                          224.5219      196.0510            12.68%
 112234 80712      212.0810    41      224.5219      196.0512  8182761   12.68%
 112424 80860      212.3170    47      224.5219      196.0524  8194361   12.68%
 112652 81040      198.5458    49      224.5219      196.0533  8209443   12.68%
 112853 81188      200.2649    52      224.5219      196.0540  8224336   12.68%
Elapsed time = 2698.53 sec. (2257552.63 ticks, tree = 126.78 MB, solutions = 8)
 113064 81344      200.1324    47      224.5219      196.0558  8239873   12.68%
 113274 81505      203.7164    45      224.5219      196.0566  8254616   12.68%
 113428 81628      200.5538    39      224.5219      196.0575  8264984   12.68%
 113637 81793      202.7423    34      224.5219      196.0593  8280185   12.68%
 113865 81967      202.9913    50      224.5219      196.0608  8294690   12.68%
 114059 82125      197.7020    43      224.5219      196.0617  8309949   12.68%
 114290 82294      206.8925    38      224.5219      196.0625  8324826   12.68%
 114400 82378      204.8692    31      224.5219      196.0630  8331699   12.68%
 114621 82555      200.1960    41      224.5219      196.0636  8345516   12.68%
 114835 82698      210.1030    68      224.5219      196.0642  8361349   12.67%
Elapsed time = 2747.77 sec. (2295893.15 ticks, tree = 128.97 MB, solutions = 8)
 115072 82866      197.2840    38      224.5219      196.0652  8375578   12.67%
 115254 83007      206.7295    43      224.5219      196.0656  8391563   12.67%
 115406 83131      202.0086    32      224.5219      196.0660  8404554   12.67%
 115661 83324      196.2130    57      224.5219      196.0666  8418460   12.67%
 115847 83469      199.0261    43      224.5219      196.0676  8433558   12.67%
 116050 83631      213.5176    27      224.5219      196.0685  8448596   12.67%
 116246 83770      196.5219    45      224.5219      196.0695  8464520   12.67%
 116404 83897      196.1540    75      224.5219      196.0701  8473116   12.67%
 116588 84048      197.2550    73      224.5219      196.0709  8488859   12.67%
 116787 84214      203.1240    34      224.5219      196.0715  8503256   12.67%
Elapsed time = 2797.57 sec. (2334190.77 ticks, tree = 131.16 MB, solutions = 8)
 116992 84381      211.6348    30      224.5219      196.0728  8517685   12.67%
 117186 84532      199.4561    51      224.5219      196.0737  8532964   12.67%
 117346 84657      213.1513    33      224.5219      196.0744  8542506   12.67%
 117600 84842      196.3115    56      224.5219      196.0756  8556680   12.67%
 117766 84956      211.7607    27      224.5219      196.0763  8573188   12.67%
 118005 85141      198.0247    56      224.5219      196.0774  8588052   12.67%
 118225 85318      222.6403    17      224.5219      196.0784  8602974   12.67%
 118395 85437      196.1168    48      224.5219      196.0798  8613922   12.67%
 118578 85591      197.4875    47      224.5219      196.0804  8629746   12.67%
 118813 85780      198.4104    43      224.5219      196.0824  8644506   12.67%
Elapsed time = 2848.62 sec. (2373884.56 ticks, tree = 133.42 MB, solutions = 8)
 119010 85932      209.0683    36      224.5219      196.0834  8659394   12.67%
 119183 86068      200.2245    40      224.5219      196.0840  8675310   12.67%
 119346 86197      207.4567    50      224.5219      196.0845  8686142   12.67%
 119541 86348      196.8115    58      224.5219      196.0853  8701830   12.67%
 119745 86518      200.1540    58      224.5219      196.0859  8716358   12.67%
 119983 86707      206.0341    39      224.5219      196.0870  8731428   12.66%
 120173 86844      199.3498    48      224.5219      196.0884  8746034   12.66%
 120346 86981      200.3768    43      224.5219      196.0887  8756389   12.66%
 120571 87153      200.2221    43      224.5219      196.0892  8771174   12.66%
 120794 87332      210.2866    26      224.5219      196.0907  8786012   12.66%
Elapsed time = 2899.66 sec. (2413689.77 ticks, tree = 135.66 MB, solutions = 8)
 120967 87451      207.1101    33      224.5219      196.0907  8803507   12.66%
 121103 87545      205.6374    38      224.5219      196.0907  8821656   12.66%
 121264 87658      203.9568    32      224.5219      196.0907  8838553   12.66%
 121412 87761      200.5612    54      224.5219      196.0907  8856051   12.66%
 121578 87875        cutoff            224.5219      196.0907  8874175   12.66%
 121735 87990      201.8976    38      224.5219      196.0907  8891840   12.66%
 121901 88102      204.4286    40      224.5219      196.0907  8908825   12.66%
 122068 88217      206.7718    46      224.5219      196.0907  8925539   12.66%
 122211 88313        cutoff            224.5219      196.0907  8942932   12.66%
 122346 88423      206.9715    25      224.5219      196.0907  8959056   12.66%
Elapsed time = 2947.96 sec. (2452294.52 ticks, tree = 137.25 MB, solutions = 8)
 122495 88537      204.2054    39      224.5219      196.0907  8976254   12.66%
 122664 88665      212.2219    36      224.5219      196.0907  8992394   12.66%
 122827 88786      211.1962    39      224.5219      196.0907  9009887   12.66%
 122977 88907      200.7615    50      224.5219      196.0909  9027567   12.66%
 123182 89069      216.0867    63      224.5219      196.0919  9042894   12.66%
 123346 89202      202.2132    33      224.5219      196.0923  9056355   12.66%
 123534 89354      209.0867    34      224.5219      196.0928  9071748   12.66%
 123752 89522      197.4251    38      224.5219      196.0940  9086080   12.66%
 123970 89687      214.0759    30      224.5219      196.0949  9101172   12.66%
 124177 89845      211.0099    41      224.5219      196.0961  9115805   12.66%
Elapsed time = 2997.38 sec. (2490930.66 ticks, tree = 139.31 MB, solutions = 8)
 124346 89978      200.5505    36      224.5219      196.0973  9126377   12.66%
 124533 90114      206.3600    32      224.5219      196.0987  9142310   12.66%
 124713 90255      214.7765    40      224.5219      196.0995  9157630   12.66%
 124892 90392      207.0210    35      224.5219      196.1001  9172936   12.66%
 125127 90589      223.0183    27      224.5219      196.1010  9187340   12.66%
 125338 90742      211.4545    41      224.5219      196.1026  9202476   12.66%
 125532 90876      197.1113    56      224.5219      196.1040  9217208   12.66%
 125738 91040      214.7351    27      224.5219      196.1048  9232236   12.66%
 125925 91179      222.2735    31      224.5219      196.1059  9248666   12.66%
 126120 91324      198.4878    54      224.5219      196.1064  9263285   12.66%
Elapsed time = 3046.65 sec. (2530091.79 ticks, tree = 141.45 MB, solutions = 8)
 126344 91496      198.5586    35      224.5219      196.1079  9277715   12.66%
 126526 91638      216.7903    19      224.5219      196.1081  9290305   12.66%
 126772 91835      218.6048    30      224.5219      196.1090  9305472   12.65%
 126971 91989      201.0771    46      224.5219      196.1098  9321309   12.65%
 127139 92112      201.3099    46      224.5219      196.1104  9337765   12.65%
 127349 92277      197.1087    54      224.5219      196.1114  9352365   12.65%
 127550 92430      218.2719    26      224.5219      196.1123  9365628   12.65%
 127767 92595      213.5717    26      224.5219      196.1141  9379921   12.65%
 127993 92767      196.1611    65      224.5219      196.1160  9394094   12.65%
 128210 92925      196.7800    54      224.5219      196.1170  9409175   12.65%
Elapsed time = 3088.93 sec. (2568335.99 ticks, tree = 143.83 MB, solutions = 8)
 128399 93070      207.2416    45      224.5219      196.1180  9424925   12.65%
 128561 93191      198.3759    68      224.5219      196.1186  9439445   12.65%
 128788 93368      207.5116    36      224.5219      196.1196  9454408   12.65%
 128983 93514      207.5835    37      224.5219      196.1207  9470252   12.65%
 129191 93680      216.4530    33      224.5219      196.1215  9485589   12.65%
 129346 93804      210.5004    25      224.5219      196.1225  9497974   12.65%
 129612 94022      203.9078    43      224.5219      196.1235  9511752   12.65%
 129800 94163      203.4697    38      224.5219      196.1241  9526535   12.65%
 129991 94318      204.2614    37      224.5219      196.1248  9542247   12.65%
 130180 94462      218.2049    29      224.5219      196.1254  9557463   12.65%
Elapsed time = 3136.61 sec. (2606600.60 ticks, tree = 146.12 MB, solutions = 8)
 130357 94606      200.6255    57      224.5219      196.1259  9568636   12.65%
 130533 94749      196.4996    48      224.5219      196.1267  9584265   12.65%
 130742 94898      207.7684    33      224.5219      196.1274  9599606   12.65%
 130946 95053      207.0751    35      224.5219      196.1282  9614896   12.65%
 131188 95232      198.4563    56      224.5219      196.1294  9629864   12.65%
 131346 95360      197.9201    57      224.5219      196.1301  9640908   12.65%
 131527 95499      199.3011    56      224.5219      196.1306  9657139   12.65%
 131741 95667      221.2468    29      224.5219      196.1316  9671446   12.64%
 131945 95828      196.3877    54      224.5219      196.1323  9687031   12.64%
 132131 95968      203.3447    35      224.5219      196.1329  9701486   12.64%
Elapsed time = 3182.71 sec. (2646517.06 ticks, tree = 148.30 MB, solutions = 8)
 132346 96142      207.9478    37      224.5219      196.1335  9715263   12.64%
 132555 96304      219.5897    33      224.5219      196.1345  9730114   12.64%
 132736 96430      219.6281    52      224.5219      196.1363  9746050   12.64%
 132937 96574      217.0879    55      224.5219      196.1368  9761175   12.64%
 133136 96721      196.2067    56      224.5219      196.1382  9776145   12.64%
 133346 96881      203.7529    44      224.5219      196.1390  9788845   12.64%
 133551 97037      198.0779    56      224.5219      196.1397  9803851   12.64%
 133773 97213      208.8084    25      224.5219      196.1404  9817889   12.64%
 134003 97376      198.9236    45      224.5219      196.1411  9832224   12.64%
 134210 97539      209.1751    40      224.5219      196.1418  9846224   12.64%
Elapsed time = 3228.67 sec. (2686374.75 ticks, tree = 150.77 MB, solutions = 8)
 134428 97696      196.1430    61      224.5219      196.1430  9861086   12.64%
 134641 97856      197.3310    43      224.5219      196.1436  9876063   12.64%
 134844 98011      217.3561    63      224.5219      196.1448  9890674   12.64%
 134929 98075      199.3913    49      224.5219      196.1451  9898371   12.64%
 135075 98183      203.2874    38      224.5219      196.1464  9908126   12.64%
*135146+96411                          223.3578      196.1467            12.18%
 135216 96472      203.0178    38      223.3578      196.1470  9920691   12.18%
*135246+96184                          223.1765      196.1470            12.11%
*135246+96108                          223.1205      196.1470            12.09%
 135346 96190      207.5281    34      223.1205      196.1474  9931652   12.09%
 135446 96263      209.4347    27      223.1205      196.1476  9939621   12.09%
*135546+93941                          221.3570      196.1479            11.39%
 135546 93940      221.3570     0      221.3570      196.1479  9948085   11.39%
 135646 94021      214.5056    27      221.3570      196.1481  9956439   11.39%
Elapsed time = 3282.42 sec. (2735767.31 ticks, tree = 145.65 MB, solutions = 12)
 135746 94098      206.0725    45      221.3570      196.1484  9961777   11.39%
 135913 94225      216.2528    28      221.3570      196.1491  9972347   11.39%
 135946 94251      198.6600    44      221.3570      196.1493  9974265   11.39%
 136046 94327      197.6535    42      221.3570      196.1497  9983313   11.39%
 136146 94395      198.7168    39      221.3570      196.1502  9990405   11.39%
 136246 94467      200.5646    46      221.3570      196.1506  9996263   11.39%
 136346 94537      199.2379    55      221.3570      196.1510 10004648   11.39%
 136446 94608      198.4804    44      221.3570      196.1516 10012443   11.39%
 136546 94688      221.2496    28      221.3570      196.1520 10018277   11.39%
 136646 94761      221.0180    32      221.3570      196.1522 10027605   11.39%
Elapsed time = 3348.61 sec. (2797406.82 ticks, tree = 146.73 MB, solutions = 12)
 136776 94867      205.7617    39      221.3570      196.1529 10038296   11.39%
 136921 94966        cutoff            221.3570      196.1530 10048242   11.39%
 136946 94987      196.9137    54      221.3570      196.1533 10050795   11.39%
 137125 95129      215.8964    44      221.3570      196.1537 10066669   11.39%
 137162 95161      202.3748    31      221.3570      196.1541 10070000   11.39%
 137246 95221      207.7131    26      221.3570      196.1544 10076257   11.39%
 137346 95295      199.4365    41      221.3570      196.1548 10084176   11.39%
 137546 95452      202.2526    43      221.3570      196.1553 10097218   11.39%
 137746 95598      198.3619    42      221.3570      196.1557 10110964   11.38%
 137846 95676      215.2342    36      221.3570      196.1560 10118925   11.38%
Elapsed time = 3402.80 sec. (2845697.62 ticks, tree = 148.05 MB, solutions = 12)
 137946 95742      199.4573    42      221.3570      196.1563 10124871   11.38%
 138146 95886      196.8808    46      221.3570      196.1572 10138787   11.38%
 138350 96036      201.0748    47      221.3570      196.1577 10150766   11.38%
 138446 96114      219.2423    35      221.3570      196.1581 10155929   11.38%
 138546 96186      198.6357    52      221.3570      196.1585 10165569   11.38%
 138646 96264      200.1527    38      221.3570      196.1591 10174129   11.38%
 138746 96338      219.1502    26      221.3570      196.1593 10181254   11.38%
 138846 96402      214.9398    32      221.3570      196.1596 10190235   11.38%
 138946 96472      198.1741    45      221.3570      196.1607 10196411   11.38%
 139046 96543      198.6631    41      221.3570      196.1612 10204243   11.38%
Elapsed time = 3460.99 sec. (2896789.37 ticks, tree = 149.30 MB, solutions = 12)
 139146 96613      199.5908    59      221.3570      196.1614 10211887   11.38%
 139246 96691      196.6464    60      221.3570      196.1617 10219004   11.38%
 139374 96791      197.2637    45      221.3570      196.1626 10231179   11.38%
 139446 96839      196.5115    50      221.3570      196.1628 10236462   11.38%
 139546 96919      216.5435    34      221.3570      196.1633 10246008   11.38%
 139646 96995      197.5325    48      221.3570      196.1637 10252403   11.38%
 139746 97078      202.1534    54      221.3570      196.1639 10261708   11.38%
 139846 97149      200.2734    49      221.3570      196.1640 10270252   11.38%
 139946 97224      213.9040    28      221.3570      196.1642 10277917   11.38%
 140046 97302      203.8129    32      221.3570      196.1643 10284951   11.38%
Elapsed time = 3525.33 sec. (2955330.05 ticks, tree = 150.34 MB, solutions = 12)
 140151 97389      210.3710    29      221.3570      196.1645 10290197   11.38%
 140246 97459      200.8682    44      221.3570      196.1649 10300011   11.38%
 140346 97532      214.4350    26      221.3570      196.1653 10309645   11.38%
 140446 97602      209.6760    36      221.3570      196.1657 10316271   11.38%
 140546 97676      201.6756    38      221.3570      196.1661 10323070   11.38%
 140646 97753      217.7744    27      221.3570      196.1669 10330075   11.38%
*140746+97562                          221.1756      196.1678            11.31%
 140746 97564      206.1800    45      221.1756      196.1678 10337318   11.31%
 140879 97665      204.4800    41      221.1756      196.1688 10347873   11.31%
 141046 97783      200.1980    51      221.1756      196.1698 10360102   11.31%
 141146 97852      210.0569    34      221.1756      196.1704 10367712   11.31%
Elapsed time = 3587.08 sec. (3010699.29 ticks, tree = 151.14 MB, solutions = 13)
 141276 97953      210.2300    28      221.1756      196.1706 10377070   11.31%
 141346 98007      202.3629    40      221.1756      196.1710 10381564   11.31%

GUB cover cuts applied:  46
Cover cuts applied:  29
Implied bound cuts applied:  37
Flow cuts applied:  20
Mixed integer rounding cuts applied:  496
Zero-half cuts applied:  4
Gomory fractional cuts applied:  8

Root node processing (before b&c):
  Real time             =    2.34 sec. (2477.95 ticks)
Sequential b&c:
  Real time             = 3597.66 sec. (3020490.81 ticks)
                          ------------
Total (root+branch&cut) = 3600.00 sec. (3022968.76 ticks)
