Version identifier: 22.1.0.0 | 2022-03-09 | 1a383f8ce
CPXPARAM_Read_DataCheck                          1
CPXPARAM_Threads                                 1
CPXPARAM_TimeLimit                               3600
Tried aggregator 2 times.
MIP Presolve eliminated 15334 rows and 698 columns.
MIP Presolve modified 90419 coefficients.
Aggregator did 237 substitutions.
Reduced MIP has 15420 rows, 1285 columns, and 115221 nonzeros.
Reduced MIP has 951 binaries, 0 generals, 0 SOSs, and 0 indicators.
Presolve time = 0.44 sec. (248.71 ticks)
Probing fixed 38 vars, tightened 21 bounds.
Probing time = 0.33 sec. (141.36 ticks)
Tried aggregator 1 time.
Detecting symmetries...
MIP Presolve eliminated 172 rows and 38 columns.
MIP Presolve modified 499 coefficients.
Reduced MIP has 15248 rows, 1247 columns, and 113174 nonzeros.
Reduced MIP has 913 binaries, 0 generals, 0 SOSs, and 0 indicators.
Presolve time = 0.14 sec. (62.59 ticks)
Probing time = 0.02 sec. (7.11 ticks)
Clique table members: 12952.
MIP emphasis: balance optimality and feasibility.
MIP search method: dynamic search.
Parallel mode: none, using 1 thread.
Root relaxation solution time = 0.09 sec. (69.67 ticks)

        Nodes                                         Cuts/
   Node  Left     Objective  IInf  Best Integer    Best Bound    ItCnt     Gap

      0     0      312.9138   214                    312.9138      570         
      0     0      312.9138   106                  Cuts: 1006     1237         
      0     0      312.9138    90                   Cuts: 987     1898         
      0     0      312.9146   102                   Cuts: 641     2964         
      0     0      312.9349    90                  Cuts: 1330     4260         
      0     0      312.9352    77                  Cuts: 1482     4835         
Detecting symmetries...
      0     0      312.9354   103                   Cuts: 787     5143         
Detecting symmetries...
      0     2      312.9354    93                    312.9364     5143         
Elapsed time = 10.29 sec. (6991.81 ticks, tree = 0.01 MB, solutions = 0)
      2     4      312.9587   102                    312.9608     6173         
      4     6      313.9621    96                    312.9643     7162         
      9    11      313.6030    98                    312.9776     8138         
     10    12      312.9790   111                    312.9776     8151         
     18    20      313.8581   107                    312.9776    10028         
     20    22      313.5981    89                    312.9776    10337         
     23    25      319.7635    94                    312.9776    11069         
     26    28      319.8980    88                    312.9776    11927         
     29    31      318.6726   102                    312.9776    13043         
     43    39    infeasible                          312.9776    16413         
Elapsed time = 17.68 sec. (13257.15 ticks, tree = 2.75 MB, solutions = 0)
     60    50      313.0193   105                    313.0065    18795         
     71    55      323.2766   131                    313.0065    23764         
     75    59      321.8260    97                    313.0065    28688         
     80    64      318.3818   126                    313.0065    31182         
     94    76      314.9710    65                    313.0065    33618         
    100    82      317.4369    54                    313.0065    34645         
    114    96      322.4845    61                    313.0065    37525         
    139   119      322.4845    56                    313.0065    40283         
    156   136      324.0554    65                    313.0065    44044         
    189   169      334.0251    74                    313.0065    47565         
Elapsed time = 32.11 sec. (27501.65 ticks, tree = 17.46 MB, solutions = 0)
    215   195      322.4845    44                    313.0065    49559         
    247   227      326.7057    36                    313.0065    52582         
    263   241      326.7057    31                    313.0065    53915         
    284   262      329.5945    25                    313.0065    56344         
    302   274      313.8313   102                    313.0193    58677         
    319   291      316.7517    80                    313.0193    60351         
    342   310      322.0697    84                    313.0193    63286         
    360   326      317.3120    68                    313.0193    65024         
    373   331    infeasible                          313.0193    69014         
    377   329    infeasible                          313.0193    72015         
Elapsed time = 42.13 sec. (38322.52 ticks, tree = 38.32 MB, solutions = 0)
    392   342      321.2218    95                    313.0193    74653         
    395   343    infeasible                          313.0193    77322         
    421   369      333.8311    80                    313.0193    80338         
    440   386      316.6679    44                    313.0193    82410         
    445   389    infeasible                          313.0193    85190         
    477   421      319.4630    60                    313.0193    88241         

Performing restart 1

Repeating presolve.
Tried aggregator 1 time.
MIP Presolve eliminated 2 rows and 1 columns.
Reduced MIP has 15246 rows, 1246 columns, and 113157 nonzeros.
Reduced MIP has 912 binaries, 0 generals, 0 SOSs, and 0 indicators.
Presolve time = 0.05 sec. (38.90 ticks)
Tried aggregator 1 time.
Reduced MIP has 15246 rows, 1246 columns, and 113157 nonzeros.
Reduced MIP has 912 binaries, 0 generals, 0 SOSs, and 0 indicators.
Presolve time = 0.08 sec. (49.40 ticks)
Represolve time = 0.29 sec. (209.98 ticks)
    494     0      312.9446    95                  Cuts: 1650    92325         
    494     0      312.9560   137                   Cuts: 635    92768         
    494     0      312.9642   138                   Cuts: 933    93323         
    494     0      312.9725   198                  Cuts: 1035    93723         
    494     0      312.9810   216                  Cuts: 1338    94090         
    494     0      312.9919   250                  Cuts: 1187    94487         
    494     0      312.9939   244                  Cuts: 1463    94772         
    494     0      312.9978   163                  Cuts: 2243    95124         
    494     0      313.0017   212                  Cuts: 2540    95577         
    494     0      313.0323   252                  Cuts: 1914    96012         
    494     0      313.0354   263                  Cuts: 1250    96300         
    494     0      313.0373   181                   Cuts: 570    96637         
    494     0      313.0435   276                   Cuts: 827    96955         
    494     0      313.0471   195                  Cuts: 2249    97401         
    494     0      313.0627   214                  Cuts: 3019    97981         
    494     2      313.0627   151                    313.0627    97981         
    495     3      313.0627   150                    313.0627    97982         
    496     4      314.7241    88                    313.0627    98919         
    497     5      313.0627   149                    313.0628    98920         
Elapsed time = 83.27 sec. (74863.99 ticks, tree = 0.01 MB, solutions = 0)
    501     9      321.6715    87                    313.0628   101135         
    504    12      314.3143    88                    313.0628   101141         
    509    17      316.5067   108                    313.0628   102083         
    514    22      316.3834   103                    313.0628   102648         
    522    30      322.9281    83                    313.0628   103273         
    525    33      319.2503    90                    313.0628   104739         
    534    42      317.7044    72                    313.0628   105780         
    541    49      318.6557    86                    313.0628   106680         
    542    50      319.3448    82                    313.0628   107395         
    549    57      320.2169    92                    313.0628   108655         
Elapsed time = 98.53 sec. (94803.91 ticks, tree = 2.95 MB, solutions = 0)
    561    63      313.0703   127                    313.0635   110031         
    564    66      324.4723    79                    313.0635   111948         
    567    69      319.1938    80                    313.0635   114196         
    572    74      314.6327    74                    313.0635   115267         
    574    76      315.1095    72                    313.0635   116442         
    579    81      320.1002    95                    313.0635   118499         
    594    96      317.4041   108                    313.0635   119723         
    614   116      319.0710    68                    313.0635   121438         
    627   129      323.2358    78                    313.0635   122681         
    639   141      323.1560    70                    313.0635   123520         
Elapsed time = 111.45 sec. (109355.85 ticks, tree = 10.86 MB, solutions = 0)
    646   146    infeasible                          313.0635   124124         
    649   147      319.5313    87                    313.0644   125319         
    654   152      319.6840    89                    313.0644   126519         
    659   157      320.8333    82                    313.0644   128099         
    662   160      321.0914    58                    313.0644   128996         
    666   164      321.2502    56                    313.0644   130802         
    674   172      321.2502    49                    313.0644   131891         
    694   192      321.2518    52                    313.0644   133493         
*   714+  210                          343.0453      313.0644             8.74%
    714   212      321.4122    47      343.0453      313.0644   135168    8.74%
    724   222      324.9440    48      343.0453      313.0644   135846    8.74%
Elapsed time = 124.41 sec. (124245.23 ticks, tree = 19.75 MB, solutions = 1)
    749   246      328.5189    41      343.0453      313.0644   136396    8.74%
    765   259      328.7048    33      343.0453      313.0644   136563    8.74%
    801   291        cutoff            343.0453      313.0644   137274    8.74%
    802   292      313.7886    85      343.0453      313.0672   138738    8.74%
    808   298      317.0531    89      343.0453      313.0672   139543    8.74%
    812   301      318.9143    93      343.0453      313.0672   139974    8.74%
    820   309      319.1233    79      343.0453      313.0672   140522    8.74%
    834   323      321.5115    84      343.0453      313.0672   141437    8.74%
    863   349      330.5179    62      343.0453      313.0672   142615    8.74%
    888   371      333.2531    48      343.0453      313.0672   143228    8.74%
Elapsed time = 135.31 sec. (136597.64 ticks, tree = 27.08 MB, solutions = 1)
    899   376      315.6840    88      343.0453      313.0818   146956    8.73%
    903   380      317.4199    64      343.0453      313.0818   148169    8.73%
    908   385      321.7485    73      343.0453      313.0818   149735    8.73%
    934   411      321.9205    60      343.0453      313.0818   151028    8.73%
    949   426      328.2987    80      343.0453      313.0818   152648    8.73%
    962   435      313.1020   167      343.0453      313.0862   153059    8.73%
    974   447      316.6640    75      343.0453      313.0862   154372    8.73%
    985   458      316.9938    74      343.0453      313.0862   156100    8.73%
   1003   476      318.9537    64      343.0453      313.0862   157724    8.73%
   1015   488      319.5319    55      343.0453      313.0862   159141    8.73%
Elapsed time = 147.96 sec. (150277.86 ticks, tree = 41.34 MB, solutions = 1)
   1062   534      319.7051    42      343.0453      313.0862   160461    8.73%
   1107   577      323.0342    30      343.0453      313.0862   161625    8.73%
   1129   588      323.3157    99      343.0453      313.0917   163417    8.73%
   1140   599      323.6551   112      343.0453      313.0917   164083    8.73%
   1192   651      330.4362    47      343.0453      313.0917   165784    8.73%
   1259   708        cutoff            343.0453      313.0917   167326    8.73%
   1294   737      313.6879    89      343.0453      313.1020   168835    8.73%
   1320   763      319.2607    66      343.0453      313.1020   171131    8.73%
   1373   814      340.2298    25      343.0453      313.1020   173366    8.73%
*  1482+  914                          340.3277      313.1037             8.00%
*  1482+  912                          340.2191      313.1037             7.97%
*  1482+  911                          339.8282      313.1037             7.86%
*  1482+  883                          339.6012      313.1037             7.80%
*  1482+  882                          339.4502      313.1037             7.76%
*  1482+  882                          339.1655      313.1037             7.68%
   1482   884      323.5307    26      339.1655      313.1037   177214    7.68%
Elapsed time = 183.09 sec. (187272.05 ticks, tree = 54.71 MB, solutions = 7)
   1518   916        cutoff            339.1655      313.1149   182926    7.68%
   1569   963      315.1719    78      339.1655      313.1250   189158    7.68%
   1642  1028      317.6693    69      339.1655      313.1484   195504    7.67%
   1707  1085      336.2559    43      339.1655      313.1744   200683    7.66%
   1758  1123      315.9371    63      339.1655      313.2045   205924    7.65%
   1817  1172      315.9739    87      339.1655      313.2071   213209    7.65%
   1886  1237      314.1898    72      339.1655      313.2137   219615    7.65%
   1955  1304      319.3616    48      339.1655      313.2137   227678    7.65%
   2083  1416      314.1898    70      339.1655      313.2265   233474    7.65%
   2232  1549      313.9813   103      339.1655      313.2344   241048    7.65%
Elapsed time = 222.13 sec. (227409.16 ticks, tree = 113.91 MB, solutions = 7)
   2316  1621      316.7142    81      339.1655      313.2423   249214    7.64%
   2380  1675      317.2455    74      339.1655      313.2534   255944    7.64%
   2423  1708      317.3093    68      339.1655      313.2643   262262    7.64%
   2477  1750      317.0793    90      339.1655      313.3014   270237    7.63%
   2545  1808      325.7025    87      339.1655      313.3028   276478    7.63%
   2603  1862      315.6467    74      339.1655      313.3050   284475    7.62%
   2627  1878      316.9856    77      339.1655      313.3149   292499    7.62%

Performing restart 2

Repeating presolve.
Tried aggregator 1 time.
MIP Presolve eliminated 9 rows and 0 columns.
MIP Presolve modified 27 coefficients.
Reduced MIP has 15237 rows, 1246 columns, and 118103 nonzeros.
Reduced MIP has 912 binaries, 0 generals, 0 SOSs, and 0 indicators.
Presolve time = 0.09 sec. (72.48 ticks)
Tried aggregator 1 time.
Reduced MIP has 15237 rows, 1246 columns, and 118103 nonzeros.
Reduced MIP has 912 binaries, 0 generals, 0 SOSs, and 0 indicators.
Presolve time = 0.09 sec. (52.53 ticks)
Represolve time = 0.45 sec. (286.25 ticks)
   2690     0      313.0653   147      339.1655    Cuts: 3056   300135    7.62%
   2690     0      313.0669   255      339.1655     Cuts: 443   300517    7.62%
   2690     0      313.0679   209      339.1655    Cuts: 1163   300816    7.62%
   2690     0      313.0680   223      339.1655    Cuts: 3909   301137    7.62%
   2690     0      313.0682   216      339.1655    Cuts: 2813   301438    7.62%
   2690     0      313.0684   238      339.1655    Cuts: 2445   301745    7.62%
   2690     0      313.0692   236      339.1655     Cuts: 536   302159    7.62%
   2690     0      313.0703   305      339.1655    Cuts: 3084   302406    7.62%
   2690     0      313.0711   325      339.1655    Cuts: 1951   302631    7.62%
   2690     2      313.0711   186      339.1655      313.3149   302631    7.62%
   2694     6      313.0722   123      339.1655      313.3149   303987    7.62%
   2698    10      315.5157    96      339.1655      313.3149   306310    7.62%
Elapsed time = 286.83 sec. (289715.52 ticks, tree = 0.03 MB, solutions = 7)
   2702    14      316.7943   120      339.1655      313.3149   311147    7.62%
   2714    26      316.4314   104      339.1655      313.3149   313632    7.62%
   2730    40      329.3440    69      339.1655      313.3149   315027    7.62%
   2753    59      325.2777   113      339.1655      313.3149   318058    7.62%
   2758    64      321.3993    99      339.1655      313.3149   319594    7.62%
   2770    76      321.4449    80      339.1655      313.3149   321481    7.62%
   2793    99      322.3535    68      339.1655      313.3149   324799    7.62%
   2824   129      323.5568    55      339.1655      313.3149   327684    7.62%
   2880   179      313.0865   123      339.1655      313.3149   330257    7.62%
   2934   228      322.2347   103      339.1655      313.3149   334266    7.62%
Elapsed time = 322.80 sec. (332177.59 ticks, tree = 23.85 MB, solutions = 7)
   2967   255      326.4457   125      339.1655      313.3149   339284    7.62%
   2991   279      327.2366    90      339.1655      313.3149   340807    7.62%
   3073   343      315.5610    87      339.1655      313.3149   345332    7.62%
   3107   374      322.0041    71      339.1655      313.3149   351656    7.62%
   3138   395      315.8902    89      339.1655      313.3149   358600    7.62%
   3167   424      319.6594    95      339.1655      313.3149   362426    7.62%
   3242   482      314.1617    81      339.1655      313.3149   372179    7.62%
   3267   507      316.5320    79      339.1655      313.3149   380374    7.62%
   3295   529      315.6202    92      339.1655      313.3149   386556    7.62%
   3333   559        cutoff            339.1655      313.3149   394153    7.62%
Elapsed time = 361.60 sec. (374006.47 ticks, tree = 32.41 MB, solutions = 7)
   3394   613      338.7473    46      339.1655      313.3149   398634    7.62%
   3489   690      336.5776    83      339.1655      313.3149   404899    7.62%
   3514   705      319.5313    82      339.1655      313.3149   412181    7.62%
   3543   734      320.5027    76      339.1655      313.3149   419481    7.62%
   3621   793      326.5252    90      339.1655      313.3149   428074    7.62%
*  3690+  825                          338.0364      313.3149             7.31%
   3690   827      336.5757    36      338.0364      313.3149   432723    7.31%
   3740   865      327.5711    78      338.0364      313.3496   440270    7.30%
   3792   901      316.9538    92      338.0364      313.4008   446109    7.29%
   3844   941      315.6340   103      338.0364      313.4216   453291    7.28%
   3880   963      314.3432    67      338.0364      313.4260   462821    7.28%
Elapsed time = 405.57 sec. (420354.02 ticks, tree = 73.02 MB, solutions = 8)
   3911   986      315.4948    79      338.0364      313.4497   470047    7.27%
   3961  1024      313.4703    76      338.0364      313.4672   477223    7.27%
   4008  1063      318.5927    85      338.0364      313.4712   484309    7.27%
   4035  1078      318.6982   110      338.0364      313.4998   491912    7.26%
   4082  1109      318.6077    84      338.0364      313.5244   500559    7.25%
   4133  1136      314.0006    80      338.0364      313.5476   510125    7.24%
   4167  1158      314.4154    84      338.0364      313.6165   517594    7.22%
   4201  1178    infeasible            338.0364      313.6299   527883    7.22%
   4231  1196      315.7270    67      338.0364      313.6573   536947    7.21%
   4270  1221      316.0800    81      338.0364      313.6617   544545    7.21%
Elapsed time = 445.05 sec. (460298.28 ticks, tree = 99.01 MB, solutions = 8)
   4292  1235      315.0717    84      338.0364      313.6629   551703    7.21%
   4340  1267      314.2401    66      338.0364      313.6978   560364    7.20%
   4401  1314      314.3517   113      338.0364      313.7000   567856    7.20%
   4423  1324      317.4438    69      338.0364      313.7030   576232    7.20%
   4449  1338      314.4675   117      338.0364      313.7128   584181    7.20%
   4490  1361        cutoff            338.0364      313.7178   591688    7.19%
   4522  1381      315.2220    80      338.0364      313.7531   599258    7.18%
   4560  1405      316.8779    95      338.0364      313.7800   607590    7.18%
   4632  1453      315.4225    71      338.0364      313.8056   615585    7.17%
   4690  1509      320.3660    51      338.0364      313.8056   620358    7.17%
Elapsed time = 492.62 sec. (504481.02 ticks, tree = 124.94 MB, solutions = 8)
   4741  1534      315.1192    75      338.0364      313.8194   627893    7.16%
   4774  1549      314.6933    93      338.0364      313.8463   635434    7.16%
   4808  1571      314.1790   183      338.0364      313.8638   642800    7.15%
   4833  1588      317.1242    94      338.0364      313.8759   653828    7.15%
   4860  1601        cutoff            338.0364      313.8945   661560    7.14%
   4898  1627      315.3046    98      338.0364      313.8985   669306    7.14%
   4944  1651      317.8148    90      338.0364      313.9295   676655    7.13%
   4985  1676        cutoff            338.0364      313.9469   686167    7.13%
   4999  1682      315.2562    67      338.0364      313.9736   694800    7.12%
   5057  1740      330.2250    52      338.0364      313.9736   702563    7.12%
Elapsed time = 534.98 sec. (544063.59 ticks, tree = 140.37 MB, solutions = 8)
   5128  1793      314.7073   113      338.0364      314.0006   710002    7.11%
   5163  1816      317.5768    78      338.0364      314.0191   717342    7.10%
   5192  1831      318.7503   100      338.0364      314.0244   725453    7.10%
   5221  1838      323.4376   106      338.0364      314.0468   733138    7.10%
   5250  1851      318.9488    84      338.0364      314.0502   742184    7.10%
   5265  1852      319.5773    80      338.0364      314.0595   751918    7.09%
   5285  1858      315.6038    73      338.0364      314.0723   761128    7.09%
   5329  1892      319.4442    77      338.0364      314.0813   770606    7.09%
   5355  1904      315.1511   101      338.0364      314.1071   778401    7.08%
   5393  1926      314.7536   107      338.0364      314.1149   787103    7.08%
Elapsed time = 577.42 sec. (583771.46 ticks, tree = 155.79 MB, solutions = 8)
   5428  1947      315.0796   101      338.0364      314.1261   795552    7.07%
   5447  1962      325.5805   100      338.0364      314.1292   804710    7.07%
   5478  1977      314.3417   119      338.0364      314.1439   812953    7.07%
   5522  2003      314.3199   105      338.0364      314.1619   821874    7.06%
   5568  2031    infeasible            338.0364      314.1623   832274    7.06%
   5597  2050      329.1121   100      338.0364      314.1789   840310    7.06%
   5631  2066      318.8185    91      338.0364      314.1915   848647    7.05%
   5661  2084      325.0997    94      338.0364      314.1994   859786    7.05%
   5690  2103      319.3500   107      338.0364      314.2072   867058    7.05%
   5722  2119      316.0407   100      338.0364      314.2306   877936    7.04%
Elapsed time = 621.05 sec. (624310.71 ticks, tree = 174.27 MB, solutions = 8)
   5759  2140      315.8780    86      338.0364      314.2365   886131    7.04%
   5797  2162      314.5910    89      338.0364      314.2428   896583    7.04%
   5836  2185      315.8058    56      338.0364      314.2451   907125    7.04%
   5876  2206      316.5061    90      338.0364      314.2493   917147    7.04%
   5932  2254      319.9215    73      338.0364      314.2622   924558    7.03%
   5998  2298      316.1050    93      338.0364      314.2808   933995    7.03%
   6030  2316      315.3130    95      338.0364      314.2888   942895    7.03%
   6074  2338      317.0921    65      338.0364      314.3039   951755    7.02%
   6103  2355      317.2695    70      338.0364      314.3132   960845    7.02%
   6142  2376      317.8635    82      338.0364      314.3257   969311    7.01%
Elapsed time = 666.06 sec. (665260.66 ticks, tree = 202.35 MB, solutions = 8)
   6177  2393      315.7608    97      338.0364      314.3313   978401    7.01%
   6183  2395      315.4820    59      338.0364      314.3313   989144    7.01%
   6215  2409      314.7441    91      338.0364      314.3394   997299    7.01%
   6254  2428      317.0035    82      338.0364      314.3432  1007420    7.01%
   6286  2450      314.4046    69      338.0364      314.3432  1017201    7.01%
   6324  2470    infeasible            338.0364      314.3457  1026041    7.01%
   6342  2474        cutoff            338.0364      314.3486  1034885    7.01%
   6373  2489      316.2850    85      338.0364      314.3560  1046417    7.01%
   6393  2495      315.1038    73      338.0364      314.3565  1055190    7.01%
   6445  2527      315.2706    58      338.0364      314.3716  1062764    7.00%
Elapsed time = 708.75 sec. (704900.80 ticks, tree = 215.49 MB, solutions = 8)
   6482  2544      316.0955    60      338.0364      314.3758  1072039    7.00%
   6544  2580      314.7997    94      338.0364      314.3905  1080125    7.00%
   6579  2599      317.4223    90      338.0364      314.4016  1088889    6.99%
   6617  2617      314.4122    67      338.0364      314.4083  1097933    6.99%
   6653  2635      316.9253   101      338.0364      314.4137  1106455    6.99%
   6678  2648      315.2111    85      338.0364      314.4156  1115398    6.99%
   6708  2664      322.6134   100      338.0364      314.4240  1124438    6.99%
   6748  2684        cutoff            338.0364      314.4321  1134622    6.98%
   6770  2698      319.6638    94      338.0364      314.4454  1143901    6.98%
   6807  2715      318.3989    77      338.0364      314.4487  1153016    6.98%
Elapsed time = 750.77 sec. (743845.59 ticks, tree = 236.42 MB, solutions = 8)
   6840  2726      315.7503    86      338.0364      314.4563  1161380    6.98%
   6894  2752    infeasible            338.0364      314.4616  1170292    6.97%
   6927  2761      318.4536    87      338.0364      314.4729  1179463    6.97%
   6946  2764      316.2155   115      338.0364      314.4762  1189988    6.97%
   6994  2788      317.6872    75      338.0364      314.4827  1199414    6.97%
   7059  2831      316.2534   109      338.0364      314.4833  1207132    6.97%
   7120  2870      319.4695    87      338.0364      314.4942  1215214    6.96%
   7156  2886      315.3106    70      338.0364      314.5016  1223962    6.96%
   7191  2907      316.0656    84      338.0364      314.5068  1233096    6.96%
   7225  2923      320.6163    88      338.0364      314.5118  1240722    6.96%
Elapsed time = 791.64 sec. (782772.18 ticks, tree = 262.18 MB, solutions = 8)
   7237  2925    infeasible            338.0364      314.5131  1248968    6.96%
   7267  2938    infeasible            338.0364      314.5202  1256416    6.96%
   7289  2948      315.4058   101      338.0364      314.5243  1266969    6.96%
   7325  2962    infeasible            338.0364      314.5386  1275903    6.95%
   7371  2987      318.2339    65      338.0364      314.5523  1282940    6.95%
   7405  2995      316.5634    73      338.0364      314.5600  1292502    6.94%
   7430  3008      314.8514    82      338.0364      314.5617  1298423    6.94%
   7462  3030      314.5617    80      338.0364      314.5617  1307407    6.94%
   7505  3057      314.8938   103      338.0364      314.5680  1314318    6.94%
   7541  3075      316.2274    93      338.0364      314.5730  1323119    6.94%
Elapsed time = 834.40 sec. (822582.26 ticks, tree = 280.87 MB, solutions = 8)
   7572  3090      315.6000    64      338.0364      314.5809  1331885    6.94%
   7597  3103      315.1142    97      338.0364      314.5878  1340577    6.94%
   7626  3122      324.0091    73      338.0364      314.5893  1349687    6.94%
   7690  3176      315.1766    66      338.0364      314.5910  1353587    6.94%
   7740  3196        cutoff            338.0364      314.5971  1361127    6.93%
   7777  3205    infeasible            338.0364      314.6216  1369673    6.93%
   7794  3212      331.7637    94      338.0364      314.6361  1377614    6.92%
   7815  3217      320.0416    95      338.0364      314.6414  1384193    6.92%
   7840  3228      316.1059    82      338.0364      314.6433  1391554    6.92%
   7872  3240    infeasible            338.0364      314.6497  1402427    6.92%
Elapsed time = 880.61 sec. (865696.04 ticks, tree = 300.03 MB, solutions = 8)
   7904  3256      316.4920   108      338.0364      314.6565  1411216    6.92%
   7951  3281      316.5161    94      338.0364      314.6610  1419728    6.92%
   7959  3285      318.8796   105      338.0364      314.6628  1428336    6.91%
   7983  3295      314.6643    94      338.0364      314.6643  1437399    6.91%
   8017  3319      317.7101    92      338.0364      314.6698  1450209    6.91%
   8051  3337      327.4747   104      338.0364      314.6783  1460390    6.91%
   8069  3343      315.9002    99      338.0364      314.6813  1472490    6.91%
   8103  3361      317.3572    89      338.0364      314.6908  1480522    6.91%
   8132  3374        cutoff            338.0364      314.6942  1488807    6.91%
   8158  3386      315.4220    82      338.0364      314.7002  1497634    6.90%
Elapsed time = 925.07 sec. (906553.08 ticks, tree = 313.38 MB, solutions = 8)
   8192  3400      316.4767    93      338.0364      314.7039  1506497    6.90%
   8213  3409      326.8773    92      338.0364      314.7101  1517294    6.90%
   8239  3423      317.8784   103      338.0364      314.7147  1526658    6.90%
   8258  3430      315.1842    57      338.0364      314.7185  1535818    6.90%
   8290  3444      316.9932   116      338.0364      314.7209  1543662    6.90%
   8334  3466      318.2978   103      338.0364      314.7249  1553992    6.90%
   8358  3474      315.2710   116      338.0364      314.7266  1562675    6.90%
   8376  3476      314.7558    90      338.0364      314.7321  1572940    6.89%
   8395  3485      315.6673    71      338.0364      314.7329  1581565    6.89%
   8437  3505        cutoff            338.0364      314.7365  1590700    6.89%
Elapsed time = 968.57 sec. (946558.61 ticks, tree = 322.12 MB, solutions = 8)
   8464  3510      318.6114    90      338.0364      314.7444  1599911    6.89%
   8483  3517      316.9268    98      338.0364      314.7492  1610406    6.89%
   8507  3527        cutoff            338.0364      314.7499  1619450    6.89%
   8546  3546      319.6294    86      338.0364      314.7537  1628491    6.89%
   8583  3571      319.1078    83      338.0364      314.7550  1637425    6.89%
   8627  3589    infeasible            338.0364      314.7581  1646089    6.89%
   8659  3609      325.6118   115      338.0364      314.7624  1655931    6.89%
   8693  3631      314.7632    69      338.0364      314.7632  1661843    6.88%
   8699  3637      314.8809    94      338.0364      314.7635  1670753    6.88%
   8723  3647      316.7629   104      338.0364      314.7712  1679932    6.88%
Elapsed time = 1013.31 sec. (986697.92 ticks, tree = 327.93 MB, solutions = 8)
   8776  3684      317.1879    92      338.0364      314.7762  1688301    6.88%
   8814  3698      318.9226    71      338.0364      314.7854  1696479    6.88%
   8855  3711      317.5472   116      338.0364      314.7958  1708051    6.88%
   8875  3719      321.5446   111      338.0364      314.7971  1717973    6.87%
   8910  3738      316.1767    85      338.0364      314.8054  1725795    6.87%
   8943  3759      315.2913    63      338.0364      314.8063  1733558    6.87%
   8964  3766      317.6638    89      338.0364      314.8095  1742320    6.87%
   9006  3783        cutoff            338.0364      314.8155  1751530    6.87%
   9025  3788      316.8034   119      338.0364      314.8174  1760299    6.87%
   9038  3793      317.6167   116      338.0364      314.8175  1768586    6.87%
Elapsed time = 1057.36 sec. (1027584.03 ticks, tree = 342.91 MB, solutions = 8)
   9066  3803      320.2899    97      338.0364      314.8187  1777064    6.87%
   9084  3809      316.7192    77      338.0364      314.8198  1787405    6.87%
   9117  3822      320.1986    79      338.0364      314.8221  1796028    6.87%
   9152  3835    infeasible            338.0364      314.8305  1805386    6.86%
   9184  3849      316.5581    96      338.0364      314.8382  1815680    6.86%
   9217  3862      316.3621    98      338.0364      314.8403  1824238    6.86%
   9239  3876      319.6111   117      338.0364      314.8434  1832267    6.86%
   9302  3928      320.1295    87      338.0364      314.8455  1840819    6.86%
   9326  3942      318.1950    74      338.0364      314.8474  1849174    6.86%
   9356  3958      316.9804    58      338.0364      314.8520  1857692    6.86%
Elapsed time = 1101.01 sec. (1067896.77 ticks, tree = 363.51 MB, solutions = 8)
   9381  3971      315.1326    61      338.0364      314.8536  1867595    6.86%
   9407  3980      321.2549   115      338.0364      314.8560  1877032    6.86%
   9436  3997      316.2973    80      338.0364      314.8629  1884646    6.86%
   9451  4008      318.0596    95      338.0364      314.8637  1892918    6.86%
   9487  4028      318.4592    66      338.0364      314.8734  1901985    6.85%
   9499  4036      323.2840    84      338.0364      314.8746  1912696    6.85%
   9518  4043      316.6647    80      338.0364      314.8759  1922886    6.85%
   9564  4067      324.2415    96      338.0364      314.8794  1931853    6.85%
   9587  4072        cutoff            338.0364      314.8827  1941267    6.85%
   9608  4085      321.4180   102      338.0364      314.8833  1950783    6.85%
Elapsed time = 1143.16 sec. (1107764.60 ticks, tree = 375.72 MB, solutions = 8)
   9659  4104      315.4125    99      338.0364      314.8918  1960654    6.85%
   9707  4134        cutoff            338.0364      314.8936  1968946    6.85%
   9740  4157      318.9282   101      338.0364      314.8943  1977266    6.85%
   9781  4176      316.3500    61      338.0364      314.8993  1986328    6.84%
   9816  4193      322.9987   110      338.0364      314.9020  1994246    6.84%
   9846  4205      319.4010    69      338.0364      314.9067  2002646    6.84%
   9883  4212      316.2068    64      338.0364      314.9094  2012287    6.84%
   9903  4216      315.7226    84      338.0364      314.9168  2024037    6.84%
   9930  4229      316.9467    55      338.0364      314.9194  2033005    6.84%
   9956  4243      315.0254   113      338.0364      314.9217  2042593    6.84%
Elapsed time = 1182.01 sec. (1147927.10 ticks, tree = 389.40 MB, solutions = 8)
   9990  4258      314.9249    82      338.0364      314.9245  2048701    6.84%
  10026  4290      317.6426    66      338.0364      314.9249  2055063    6.84%
  10043  4301      330.6072    93      338.0364      314.9249  2060461    6.84%
  10097  4348      316.0245    95      338.0364      314.9249  2068252    6.84%
  10106  4357      315.3162   138      338.0364      314.9266  2074410    6.84%
  10156  4389      319.0455    75      338.0364      314.9298  2082273    6.84%
  10183  4394      320.7970   109      338.0364      314.9317  2091166    6.83%
  10214  4409      316.1428    72      338.0364      314.9343  2100029    6.83%
  10234  4415      319.4720   115      338.0364      314.9383  2109417    6.83%
  10261  4426      317.8821    67      338.0364      314.9402  2120345    6.83%
Elapsed time = 1219.12 sec. (1188431.93 ticks, tree = 400.65 MB, solutions = 8)
  10282  4433      318.4083    84      338.0364      314.9451  2129748    6.83%
  10308  4440      316.6354    91      338.0364      314.9491  2137134    6.83%
  10336  4448      316.1502    98      338.0364      314.9532  2146540    6.83%
  10367  4459      318.2330    92      338.0364      314.9561  2156233    6.83%
  10409  4481      322.1427    67      338.0364      314.9594  2166344    6.83%
  10450  4494      321.9191   132      338.0364      314.9702  2175598    6.82%
  10482  4506      315.7910    83      338.0364      314.9769  2184647    6.82%
  10528  4526      314.9805    94      338.0364      314.9805  2193768    6.82%
  10563  4551      316.4071   104      338.0364      314.9809  2202916    6.82%
  10584  4566      317.1519    82      338.0364      314.9817  2213306    6.82%
Elapsed time = 1254.22 sec. (1227936.89 ticks, tree = 414.41 MB, solutions = 8)
  10608  4576      315.6645   106      338.0364      314.9843  2221882    6.82%
  10617  4585      317.1728    98      338.0364      314.9843  2230519    6.82%
  10647  4607      317.6388    86      338.0364      314.9868  2239494    6.82%
  10682  4622    infeasible            338.0364      314.9893  2248506    6.82%
  10718  4642        cutoff            338.0364      314.9913  2255549    6.82%
  10766  4660      315.1503   121      338.0364      314.9981  2264687    6.82%
  10802  4688      315.3716   110      338.0364      314.9985  2272815    6.82%
  10842  4710      319.2652    85      338.0364      315.0016  2281754    6.81%
  10877  4725      322.3660   130      338.0364      315.0064  2291921    6.81%
  10920  4746      315.5776    97      338.0364      315.0115  2301651    6.81%
Elapsed time = 1290.19 sec. (1267415.98 ticks, tree = 432.21 MB, solutions = 8)
  10952  4766    infeasible            338.0364      315.0130  2311138    6.81%
  10976  4778      315.8720   103      338.0364      315.0198  2319013    6.81%
  11023  4801      315.1734   136      338.0364      315.0274  2326621    6.81%
  11047  4813      316.1833    95      338.0364      315.0281  2334907    6.81%
  11076  4821        cutoff            338.0364      315.0340  2342700    6.80%
  11095  4830      315.8256    71      338.0364      315.0349  2351987    6.80%
  11128  4853      322.7675   110      338.0364      315.0385  2360131    6.80%
  11142  4859      315.1665    84      338.0364      315.0387  2369619    6.80%
  11168  4869      316.4983   107      338.0364      315.0407  2380003    6.80%
  11180  4875        cutoff            338.0364      315.0440  2390689    6.80%
Elapsed time = 1327.19 sec. (1308215.92 ticks, tree = 446.32 MB, solutions = 8)
  11204  4885      315.7489    79      338.0364      315.0473  2399821    6.80%
  11250  4913      317.0442   118      338.0364      315.0495  2409161    6.80%
  11281  4929      321.6442    92      338.0364      315.0532  2418499    6.80%
  11322  4958      325.3828    98      338.0364      315.0543  2426463    6.80%
  11351  4970      315.6411   109      338.0364      315.0575  2435378    6.80%
  11371  4978    infeasible            338.0364      315.0600  2445270    6.80%
  11396  4989      319.1974    82      338.0364      315.0625  2457237    6.80%
  11424  5001      315.7226    72      338.0364      315.0672  2465935    6.79%
  11444  5015      315.3572    91      338.0364      315.0674  2473724    6.79%
  11473  5024      315.1013    77      338.0364      315.0687  2481966    6.79%
Elapsed time = 1364.18 sec. (1348836.06 ticks, tree = 464.58 MB, solutions = 8)
  11502  5037      318.1670    91      338.0364      315.0702  2490797    6.79%
  11547  5058      315.5272   151      338.0364      315.0752  2499574    6.79%
  11592  5079        cutoff            338.0364      315.0770  2507521    6.79%
  11617  5092      319.6684   118      338.0364      315.0783  2516800    6.79%
  11639  5096      315.3412    98      338.0364      315.0823  2525393    6.79%
  11687  5124      317.2773    91      338.0364      315.0877  2535352    6.79%
  11707  5136      319.8336    92      338.0364      315.0883  2542965    6.79%
  11717  5140      319.5517   142      338.0364      315.0890  2551738    6.79%
  11750  5161      321.8064    81      338.0364      315.0921  2559846    6.79%
  11776  5175      318.3970    84      338.0364      315.0930  2566898    6.79%
Elapsed time = 1399.70 sec. (1389007.92 ticks, tree = 483.78 MB, solutions = 8)
  11790  5185      326.7255   100      338.0364      315.0956  2572975    6.79%
  11815  5190      316.9436   108      338.0364      315.0969  2582019    6.79%
  11833  5196      318.5174   100      338.0364      315.1001  2590883    6.79%
  11863  5212    infeasible            338.0364      315.1032  2600203    6.78%
  11890  5225      320.1762   126      338.0364      315.1036  2608737    6.78%
  11914  5233        cutoff            338.0364      315.1048  2618577    6.78%
  11930  5241    infeasible            338.0364      315.1048  2628454    6.78%
  11948  5247      316.6264    85      338.0364      315.1056  2637891    6.78%
  11993  5266      318.5893    81      338.0364      315.1083  2645477    6.78%
  12038  5289      316.2294   104      338.0364      315.1142  2653576    6.78%
Elapsed time = 1434.73 sec. (1428069.01 ticks, tree = 497.95 MB, solutions = 8)
  12068  5309        cutoff            338.0364      315.1148  2662298    6.78%
  12096  5323      315.1805   132      338.0364      315.1190  2671569    6.78%
  12107  5330      317.8630   107      338.0364      315.1190  2680433    6.78%
  12130  5335      315.1674    71      338.0364      315.1223  2688430    6.78%
  12157  5348    infeasible            338.0364      315.1257  2697389    6.78%
  12180  5359      320.4780    85      338.0364      315.1275  2707169    6.78%
  12193  5362      315.6164   110      338.0364      315.1282  2716861    6.78%
  12222  5379      317.4539    96      338.0364      315.1288  2725257    6.78%
  12256  5393      316.9501   102      338.0364      315.1310  2734051    6.78%
  12293  5414      316.1592   111      338.0364      315.1326  2744655    6.78%
Elapsed time = 1472.20 sec. (1469644.54 ticks, tree = 512.17 MB, solutions = 8)
  12306  5423      317.3086    69      338.0364      315.1326  2754062    6.78%
  12334  5431      315.1407    94      338.0364      315.1345  2762779    6.77%
  12366  5451      323.1189   106      338.0364      315.1359  2773432    6.77%
  12376  5453      317.7853    77      338.0364      315.1373  2783042    6.77%
  12420  5481      319.1178    84      338.0364      315.1377  2791149    6.77%
  12453  5496      317.6056    95      338.0364      315.1428  2801322    6.77%
  12500  5513      320.0298    81      338.0364      315.1468  2809349    6.77%
  12521  5518      316.9447    58      338.0364      315.1477  2815005    6.77%
  12527  5524      317.0348   111      338.0364      315.1477  2821854    6.77%
  12555  5544      318.6777   107      338.0364      315.1495  2829646    6.77%
Elapsed time = 1510.10 sec. (1511158.10 ticks, tree = 526.55 MB, solutions = 8)
  12588  5561      316.6586   108      338.0364      315.1513  2838216    6.77%
  12616  5577      315.5311   116      338.0364      315.1531  2847845    6.77%
  12660  5605      316.1037    99      338.0364      315.1557  2857633    6.77%
  12680  5613      319.1668    96      338.0364      315.1568  2865499    6.77%
  12712  5627      317.4743   108      338.0364      315.1585  2873693    6.77%
  12732  5637      319.9383   115      338.0364      315.1586  2884121    6.77%
  12757  5642      315.5971   166      338.0364      315.1607  2893955    6.77%
  12786  5663      316.1754   141      338.0364      315.1643  2904330    6.77%
  12792  5665      320.5726   104      338.0364      315.1652  2913501    6.77%
  12833  5684      315.7321    98      338.0364      315.1693  2921593    6.76%
Elapsed time = 1546.84 sec. (1551608.66 ticks, tree = 544.34 MB, solutions = 8)
  12874  5703      320.1566    92      338.0364      315.1714  2930058    6.76%
  12898  5717      316.3655   119      338.0364      315.1732  2938624    6.76%
  12955  5764      321.6568    81      338.0364      315.1745  2946404    6.76%
  12971  5768      316.9853   107      338.0364      315.1755  2954938    6.76%
  13004  5777      315.7620    81      338.0364      315.1766  2963369    6.76%
  13037  5790      317.9083    55      338.0364      315.1796  2971731    6.76%
  13056  5797      315.3315    79      338.0364      315.1820  2980955    6.76%
  13077  5810        cutoff            338.0364      315.1842  2989484    6.76%
  13107  5823        cutoff            338.0364      315.1854  2996549    6.76%
  13135  5831      318.3970    77      338.0364      315.1872  3005181    6.76%
Elapsed time = 1582.43 sec. (1591100.25 ticks, tree = 563.16 MB, solutions = 8)
  13162  5844      315.8686   104      338.0364      315.1883  3013441    6.76%
  13192  5864      317.6849    73      338.0364      315.1945  3027896    6.76%
  13213  5871      317.0415    57      338.0364      315.1972  3036456    6.76%
  13247  5887    infeasible            338.0364      315.1987  3045338    6.76%
  13276  5900      321.2745    89      338.0364      315.2010  3054614    6.76%
  13307  5915      322.9721   106      338.0364      315.2025  3063613    6.75%
  13345  5931      316.0358   116      338.0364      315.2080  3072420    6.75%
  13378  5944      316.5634    73      338.0364      315.2103  3082547    6.75%
  13396  5946      317.3325    77      338.0364      315.2114  3091995    6.75%
  13427  5957      315.3477    75      338.0364      315.2140  3100910    6.75%
Elapsed time = 1622.22 sec. (1632192.80 ticks, tree = 573.80 MB, solutions = 8)
  13466  5968      316.5101    68      338.0364      315.2167  3110907    6.75%
  13477  5967    infeasible            338.0364      315.2169  3121208    6.75%
  13499  5981      318.5343    93      338.0364      315.2174  3130036    6.75%
  13515  5985    infeasible            338.0364      315.2195  3139765    6.75%
  13541  5997      316.6391    95      338.0364      315.2242  3147440    6.75%
  13576  6008      323.2080   111      338.0364      315.2257  3156574    6.75%
  13603  6015      316.1908   104      338.0364      315.2302  3167084    6.75%
  13627  6026      316.7650   109      338.0364      315.2307  3176782    6.75%
  13649  6034      323.7025   103      338.0364      315.2330  3186790    6.75%
  13684  6043      322.1755    71      338.0364      315.2380  3196508    6.74%
Elapsed time = 1660.38 sec. (1672660.21 ticks, tree = 582.22 MB, solutions = 8)
  13698  6047      316.2517    74      338.0364      315.2395  3204757    6.74%
  13720  6066      318.6110   120      338.0364      315.2395  3214132    6.74%
  13745  6083      322.7724   103      338.0364      315.2397  3222199    6.74%
  13769  6090      315.6993    75      338.0364      315.2435  3230970    6.74%
  13791  6100      315.2445    76      338.0364      315.2445  3240212    6.74%
  13821  6112        cutoff            338.0364      315.2445  3248624    6.74%
  13864  6133      317.5852    57      338.0364      315.2516  3257240    6.74%
  13912  6149      318.3031   154      338.0364      315.2557  3266509    6.74%
  13935  6168      317.3958   156      338.0364      315.2557  3274437    6.74%
  13954  6181      318.1562    64      338.0364      315.2557  3280972    6.74%
Elapsed time = 1696.89 sec. (1712837.53 ticks, tree = 595.36 MB, solutions = 8)
  13966  6189      315.2557    58      338.0364      315.2557  3285284    6.74%
  13970  6193      322.6332   110      338.0364      315.2558  3295412    6.74%
  14010  6231        cutoff            338.0364      315.2558  3302926    6.74%
  14075  6284      318.3153   119      338.0364      315.2577  3312748    6.74%
  14097  6302      315.5507   146      338.0364      315.2583  3321186    6.74%
  14133  6328      319.6560   105      338.0364      315.2594  3329907    6.74%
  14157  6342      319.0118    93      338.0364      315.2610  3338367    6.74%
  14183  6360      316.4950    55      338.0364      315.2622  3346827    6.74%
  14205  6378      315.5739   138      338.0364      315.2622  3356219    6.74%
  14215  6382      315.6669   106      338.0364      315.2631  3364713    6.74%
Elapsed time = 1739.09 sec. (1758246.46 ticks, tree = 612.45 MB, solutions = 8)
  14238  6393      315.4102    94      338.0364      315.2650  3372873    6.74%
  14259  6402      317.5521   134      338.0364      315.2656  3380853    6.74%
  14279  6419      318.7045    90      338.0364      315.2665  3388509    6.74%
  14360  6489      316.4497   101      338.0364      315.2671  3394649    6.74%
  14382  6507      316.6798   114      338.0364      315.2685  3403600    6.74%
  14399  6514      316.8709   114      338.0364      315.2696  3413086    6.74%
  14433  6532      316.7227   103      338.0364      315.2712  3421041    6.73%
  14463  6544      318.8967    78      338.0364      315.2727  3430690    6.73%
  14498  6567      317.8218   102      338.0364      315.2742  3438901    6.73%
  14516  6581      323.4765   115      338.0364      315.2745  3447442    6.73%
Elapsed time = 1775.69 sec. (1798257.07 ticks, tree = 637.37 MB, solutions = 8)
  14587  6640      317.3778    98      338.0364      315.2764  3455831    6.73%
  14613  6658      316.3006   139      338.0364      315.2766  3464648    6.73%
  14635  6672      315.3743    95      338.0364      315.2781  3472833    6.73%
  14669  6696      315.4755   109      338.0364      315.2801  3480650    6.73%
  14691  6704      316.8774    78      338.0364      315.2862  3489982    6.73%
  14713  6714    infeasible            338.0364      315.2870  3499828    6.73%
  14733  6720      315.5198    63      338.0364      315.2895  3508558    6.73%
  14755  6730      316.1831    54      338.0364      315.2905  3517609    6.73%
  14777  6748      325.0491    89      338.0364      315.2909  3525724    6.73%
  14807  6758      315.9326    74      338.0364      315.2940  3533944    6.73%
Elapsed time = 1811.73 sec. (1838197.84 ticks, tree = 658.73 MB, solutions = 8)
  14848  6777      317.8981   103      338.0364      315.2974  3542557    6.73%
  14875  6787      315.9535    95      338.0364      315.3020  3551478    6.73%
  14897  6797      316.5174   124      338.0364      315.3027  3559613    6.73%
  14936  6818      316.7494   141      338.0364      315.3082  3568092    6.72%
  14963  6825      316.2121   104      338.0364      315.3134  3578649    6.72%
  14998  6836    infeasible            338.0364      315.3162  3586923    6.72%
  15046  6856      317.5988   104      338.0364      315.3174  3597164    6.72%
  15093  6867    infeasible            338.0364      315.3195  3606303    6.72%
  15174  6946      330.3497    31      338.0364      315.3195  3613563    6.72%
  15201  6959      316.9239    76      338.0364      315.3246  3622693    6.72%
Elapsed time = 1847.91 sec. (1878583.02 ticks, tree = 673.02 MB, solutions = 8)
  15248  6984    infeasible            338.0364      315.3308  3631595    6.72%
  15284  7002      316.9709    85      338.0364      315.3353  3640941    6.72%
  15380  7088      315.9653    89      338.0364      315.3373  3647494    6.72%
  15422  7100      317.3143    96      338.0364      315.3431  3656363    6.71%
  15431  7103    infeasible            338.0364      315.3448  3670491    6.71%
  15473  7127      315.3481   144      338.0364      315.3468  3679127    6.71%
  15498  7146        cutoff            338.0364      315.3472  3687199    6.71%
  15512  7156      319.7932    94      338.0364      315.3472  3695398    6.71%
  15531  7163      315.8134    98      338.0364      315.3488  3704368    6.71%
  15569  7189      322.5389   110      338.0364      315.3494  3713172    6.71%
Elapsed time = 1887.40 sec. (1920968.28 ticks, tree = 691.75 MB, solutions = 8)
  15609  7217      315.3941   103      338.0364      315.3509  3721712    6.71%
  15627  7231      319.7927   101      338.0364      315.3509  3730435    6.71%
  15655  7243      319.2436   128      338.0364      315.3519  3739359    6.71%
  15691  7263        cutoff            338.0364      315.3522  3748605    6.71%
  15719  7277      315.9741   129      338.0364      315.3546  3758195    6.71%
  15753  7299      316.3065    82      338.0364      315.3573  3768378    6.71%
  15804  7340      337.8208    55      338.0364      315.3577  3776114    6.71%
  15862  7370      316.0425    81      338.0364      315.3581  3784777    6.71%
  15898  7390      325.6381    95      338.0364      315.3582  3790981    6.71%
  15919  7399      318.8855   116      338.0364      315.3589  3801237    6.71%
Elapsed time = 1925.56 sec. (1961430.36 ticks, tree = 713.94 MB, solutions = 8)
  15993  7457        cutoff            338.0364      315.3602  3808413    6.71%
  16030  7480      318.7284    75      338.0364      315.3613  3817773    6.71%
  16065  7495      316.1831    55      338.0364      315.3620  3827688    6.71%
  16094  7516      316.8547    77      338.0364      315.3630  3835930    6.71%
  16127  7533      319.4555    81      338.0364      315.3681  3844813    6.71%
  16154  7540      316.3107    92      338.0364      315.3729  3853762    6.70%
  16194  7558      315.5673   121      338.0364      315.3747  3861658    6.70%
  16247  7589      318.5036    84      338.0364      315.3788  3870274    6.70%
  16270  7600      316.1435   168      338.0364      315.3797  3880920    6.70%
  16320  7646        cutoff            338.0364      315.3797  3889153    6.70%
Elapsed time = 1962.62 sec. (2001994.91 ticks, tree = 744.29 MB, solutions = 8)
  16364  7667      321.5915    94      338.0364      315.3812  3898055    6.70%
  16413  7694      316.1735   124      338.0364      315.3822  3906578    6.70%
  16429  7706      320.8790   104      338.0364      315.3833  3915173    6.70%
  16444  7707      318.2895   109      338.0364      315.3858  3924538    6.70%
  16469  7724      315.8351   145      338.0364      315.3900  3932556    6.70%
  16486  7737      319.2751   126      338.0364      315.3908  3942742    6.70%
  16503  7740        cutoff            338.0364      315.3915  3953718    6.70%
  16541  7766      316.2581   124      338.0364      315.3920  3962453    6.70%
  16584  7791      315.8068   129      338.0364      315.3941  3971772    6.70%
  16620  7813      315.7105   149      338.0364      315.3961  3981301    6.70%
Elapsed time = 2000.05 sec. (2043058.14 ticks, tree = 758.45 MB, solutions = 8)
  16668  7849      316.6190    69      338.0364      315.3972  3990569    6.70%
  16690  7867      316.5029    95      338.0364      315.3972  3997423    6.70%
  16723  7885      320.6970   105      338.0364      315.4015  4006810    6.70%
  16752  7896      316.6592    64      338.0364      315.4036  4014619    6.70%
  16801  7925      315.5941    69      338.0364      315.4037  4022731    6.70%
  16850  7942      320.7214    88      338.0364      315.4081  4031781    6.69%
  16882  7964      319.5101    80      338.0364      315.4102  4040605    6.69%
  16897  7971      315.8834   105      338.0364      315.4129  4048216    6.69%
  16924  7988      316.9122    89      338.0364      315.4135  4056966    6.69%
  16945  7997      316.2631   108      338.0364      315.4170  4065645    6.69%
Elapsed time = 2039.59 sec. (2087624.44 ticks, tree = 777.82 MB, solutions = 8)
  16985  8029      325.8785    72      338.0364      315.4184  4073335    6.69%
  17104  8120      315.9184    92      338.0364      315.4190  4080810    6.69%
  17196  8200      315.7600   116      338.0364      315.4199  4088574    6.69%
  17239  8223    infeasible            338.0364      315.4211  4097311    6.69%
  17272  8234      315.5906    80      338.0364      315.4225  4105227    6.69%
  17326  8260      316.8005    92      338.0364      315.4255  4113425    6.69%
  17362  8276      318.1751    88      338.0364      315.4273  4122316    6.69%
  17399  8295      317.1002    87      338.0364      315.4279  4131248    6.69%
  17435  8307        cutoff            338.0364      315.4284  4139544    6.69%
  17463  8321      316.4817   114      338.0364      315.4330  4150187    6.69%
Elapsed time = 2076.96 sec. (2127274.41 ticks, tree = 819.02 MB, solutions = 8)
  17482  8326      317.2176   105      338.0364      315.4351  4159070    6.69%
  17499  8333        cutoff            338.0364      315.4364  4165837    6.69%
  17528  8350      320.5871    63      338.0364      315.4377  4174471    6.69%
  17552  8358        cutoff            338.0364      315.4402  4183792    6.68%
  17573  8371      316.8522    93      338.0364      315.4433  4192473    6.68%
  17615  8395        cutoff            338.0364      315.4451  4202061    6.68%
  17641  8411        cutoff            338.0364      315.4458  4210112    6.68%
  17663  8423        cutoff            338.0364      315.4463  4219902    6.68%
  17687  8435      317.8679    95      338.0364      315.4478  4229218    6.68%
  17710  8436      319.8912    96      338.0364      315.4529  4237830    6.68%
Elapsed time = 2113.18 sec. (2167220.37 ticks, tree = 834.43 MB, solutions = 8)
  17739  8452      325.3950    84      338.0364      315.4577  4248765    6.68%
  17778  8471      315.5722    59      338.0364      315.4594  4257295    6.68%
  17810  8483      317.4417   106      338.0364      315.4602  4265850    6.68%
  17843  8492      317.1730   111      338.0364      315.4611  4274437    6.68%
  17876  8507      316.0447   158      338.0364      315.4632  4283637    6.68%
  17894  8525      333.2501   100      338.0364      315.4632  4290545    6.68%
  17946  8564      333.2268    94      338.0364      315.4634  4297765    6.68%
  17979  8581      321.3906    85      338.0364      315.4656  4305083    6.68%
  18058  8641      321.7724    89      338.0364      315.4676  4313638    6.68%
  18099  8664      326.2905   110      338.0364      315.4706  4324090    6.68%
Elapsed time = 2151.15 sec. (2207551.19 ticks, tree = 864.75 MB, solutions = 8)
  18126  8673        cutoff            338.0364      315.4720  4333803    6.68%
  18148  8691      326.2974    70      338.0364      315.4730  4341649    6.67%
  18210  8734      315.5628    76      338.0364      315.4730  4348499    6.67%
  18249  8753      319.4418    68      338.0364      315.4755  4356999    6.67%
  18287  8775      318.4932   110      338.0364      315.4775  4365807    6.67%
  18310  8784      322.2803   135      338.0364      315.4794  4374528    6.67%
  18318  8786      320.5937   109      338.0364      315.4800  4383224    6.67%
  18346  8794        cutoff            338.0364      315.4821  4392913    6.67%
  18377  8813      316.0538    92      338.0364      315.4825  4401058    6.67%
  18406  8824      315.9863    91      338.0364      315.4825  4410123    6.67%
Elapsed time = 2188.77 sec. (2247676.18 ticks, tree = 883.97 MB, solutions = 8)
  18433  8833      315.8080    90      338.0364      315.4838  4418995    6.67%
  18446  8840      320.3376    63      338.0364      315.4841  4428499    6.67%
  18494  8859      316.9758    74      338.0364      315.4868  4437427    6.67%
  18522  8869      318.4080    67      338.0364      315.4899  4446248    6.67%
  18561  8890      318.9191    85      338.0364      315.4919  4454654    6.67%
  18601  8908      317.0832    92      338.0364      315.4937  4463067    6.67%
  18615  8912        cutoff            338.0364      315.4938  4473259    6.67%
  18632  8919      316.4113    92      338.0364      315.4955  4483379    6.67%
  18656  8935      316.5863   129      338.0364      315.4984  4492425    6.67%
  18679  8948      321.0635   102      338.0364      315.5002  4500982    6.67%
Elapsed time = 2225.00 sec. (2287522.84 ticks, tree = 898.55 MB, solutions = 8)
  18736  8995      336.3778    56      338.0364      315.5007  4507882    6.67%
  18771  9013      315.5389    74      338.0364      315.5030  4516188    6.67%
  18793  9035      330.3643    76      338.0364      315.5030  4524014    6.67%
  18866  9087      315.6225   137      338.0364      315.5053  4531141    6.67%
  18889  9100    infeasible            338.0364      315.5064  4540836    6.66%
  18902  9107      317.1743   101      338.0364      315.5068  4548857    6.66%
  18926  9121        cutoff            338.0364      315.5084  4557650    6.66%
  18937  9130      317.6391   100      338.0364      315.5084  4565749    6.66%
  19001  9182      327.4511    66      338.0364      315.5085  4573339    6.66%
  19052  9225      320.4592   127      338.0364      315.5089  4581598    6.66%
Elapsed time = 2285.09 sec. (2327171.73 ticks, tree = 918.42 MB, solutions = 8)
  19067  9228      316.4827   114      338.0364      315.5117  4589991    6.66%
  19099  9242      320.4301    98      338.0364      315.5127  4597043    6.66%
  19129  9256      317.2550   149      338.0364      315.5142  4605010    6.66%
  19178  9279      315.5434   149      338.0364      315.5157  4615092    6.66%
  19193  9294      317.9916   138      338.0364      315.5157  4622031    6.66%
  19245  9332      328.1393    95      338.0364      315.5157  4629265    6.66%
  19277  9352      317.0466    90      338.0364      315.5158  4636319    6.66%
  19360  9433      337.2562    27      338.0364      315.5158  4642187    6.66%
  19378  9441      316.0031   127      338.0364      315.5170  4650889    6.66%
  19397  9450      322.7347    94      338.0364      315.5197  4664293    6.66%
Elapsed time = 2360.70 sec. (2369007.32 ticks, tree = 944.99 MB, solutions = 8)
  19427  9470      317.7133   135      338.0364      315.5197  4673139    6.66%
  19466  9491      315.6678    89      338.0364      315.5237  4680447    6.66%
  19488  9509      325.6504    78      338.0364      315.5238  4688834    6.66%
  19543  9548      327.9926    89      338.0364      315.5253  4697800    6.66%
  19566  9555    infeasible            338.0364      315.5260  4705536    6.66%
  19592  9571        cutoff            338.0364      315.5264  4712212    6.66%
  19615  9574      321.9021   100      338.0364      315.5285  4730999    6.66%
  19632  9585      320.8379   109      338.0364      315.5289  4741461    6.66%
  19675  9602      320.3756    83      338.0364      315.5299  4749662    6.66%
  19690  9605      318.0255    81      338.0364      315.5304  4754918    6.66%
Elapsed time = 2409.59 sec. (2417209.33 ticks, tree = 964.59 MB, solutions = 8)
  19736  9629      316.5701    96      338.0364      315.5326  4763517    6.66%
  19779  9654      315.7606   107      338.0364      315.5350  4772302    6.66%
  19804  9672      316.4468   115      338.0364      315.5366  4780586    6.66%
  19903  9755      316.5638    96      338.0364      315.5373  4787588    6.66%
  19942  9772    infeasible            338.0364      315.5389  4798662    6.66%
  20016  9838      333.7785    40      338.0364      315.5389  4806326    6.66%
  20125  9934        cutoff            338.0364      315.5396  4817074    6.66%
  20173  9960      316.2496   126      338.0364      315.5404  4825367    6.65%
  20211  9978    infeasible            338.0364      315.5412  4834565    6.65%
  20238  9989      321.7782    90      338.0364      315.5431  4843763    6.65%
Elapsed time = 2452.23 sec. (2458333.71 ticks, tree = 1013.11 MB, solutions = 8)
  20280 10015      316.9745   113      338.0364      315.5447  4853468    6.65%
  20290 10021      320.4111    79      338.0364      315.5456  4862162    6.65%
  20301 10026      315.7359   208      338.0364      315.5456  4870736    6.65%
  20327 10044      315.8215    79      338.0364      315.5460  4880014    6.65%
  20363 10070      319.1104   125      338.0364      315.5485  4889523    6.65%
  20389 10076      320.3013   107      338.0364      315.5505  4900611    6.65%
  20440 10111      316.4482   113      338.0364      315.5516  4908826    6.65%
  20491 10145      336.4442    65      338.0364      315.5518  4917829    6.65%
  20543 10179      318.9406    82      338.0364      315.5525  4925818    6.65%
  20578 10192      323.6957    70      338.0364      315.5540  4934183    6.65%
Elapsed time = 2492.50 sec. (2498520.09 ticks, tree = 1027.64 MB, solutions = 8)
  20584 10194      328.9327    95      338.0364      315.5550  4942689    6.65%
  20627 10223      323.2793   109      338.0364      315.5562  4951446    6.65%
  20644 10232      321.0051    77      338.0364      315.5568  4958859    6.65%
  20687 10257      317.6740   118      338.0364      315.5598  4968076    6.65%
* 20690+10229                          337.9312      315.5598             6.62%
* 20690+10220                          337.8863      315.5598             6.61%
* 20690+10220                          337.8848      315.5598             6.61%
  20708 10232        cutoff            337.8848      315.5599  4972342    6.61%
  20735 10253      320.0828    53      337.8848      315.5610  4980837    6.61%
  20777 10285      315.7621    67      337.8848      315.5610  4988090    6.61%
* 20790+10289                          337.8480      315.5610             6.60%
  20792 10289      315.6550   122      337.8480      315.5610  4996011    6.60%
  20844 10325      316.1406    88      337.8480      315.5636  5003670    6.60%
  20919 10381      315.8560    88      337.8480      315.5646  5011494    6.60%
Elapsed time = 2533.37 sec. (2538698.52 ticks, tree = 1054.73 MB, solutions = 12)
  20960 10396      316.6493   124      337.8480      315.5677  5021599    6.59%
  20977 10405      318.8634    85      337.8480      315.5681  5029526    6.59%
  21021 10430        cutoff            337.8480      315.5688  5038172    6.59%
  21043 10442        cutoff            337.8480      315.5694  5046543    6.59%
  21066 10450        cutoff            337.8480      315.5701  5053723    6.59%
  21090 10464      325.1184    89      337.8480      315.5708  5062485    6.59%
  21122 10474        cutoff            337.8480      315.5741  5071998    6.59%
  21152 10485      316.2432    76      337.8480      315.5753  5081001    6.59%
  21175 10500      318.4239   103      337.8480      315.5757  5090038    6.59%
  21213 10522    infeasible            337.8480      315.5767  5099192    6.59%
Elapsed time = 2572.81 sec. (2577851.74 ticks, tree = 1066.73 MB, solutions = 12)
  21254 10541      322.3566    97      337.8480      315.5789  5107145    6.59%
  21262 10541    infeasible            337.8480      315.5794  5118733    6.59%
  21295 10552      316.2536    82      337.8480      315.5810  5125854    6.59%
  21336 10583      315.9936   101      337.8480      315.5814  5133475    6.59%
  21358 10601      321.9749   126      337.8480      315.5814  5141662    6.59%
  21416 10653      335.0085    48      337.8480      315.5821  5149373    6.59%
  21473 10703      324.8030    67      337.8480      315.5823  5156835    6.59%
  21582 10794      318.0036    90      337.8480      315.5823  5162380    6.59%
  21658 10864      321.3029    85      337.8480      315.5823  5169455    6.59%
  21697 10898      334.4526    60      337.8480      315.5823  5172222    6.59%
Elapsed time = 2616.51 sec. (2617851.34 ticks, tree = 1112.61 MB, solutions = 12)
  21739 10921      316.5547    74      337.8480      315.5836  5180755    6.59%
  21778 10940      317.6692    80      337.8480      315.5842  5190076    6.59%
  21813 10959      316.4567    80      337.8480      315.5846  5199463    6.59%
  21830 10968      315.9141   119      337.8480      315.5852  5209678    6.59%
  21848 10986      326.8436    87      337.8480      315.5852  5217504    6.59%
  21910 11040      316.0922   125      337.8480      315.5867  5222592    6.59%
  21927 11057      321.8805   109      337.8480      315.5867  5230651    6.59%
  21966 11084      316.4099    97      337.8480      315.5872  5238643    6.59%
  22032 11137      336.9818    58      337.8480      315.5873  5245916    6.59%
  22112 11188      327.9715    53      337.8480      315.5875  5253151    6.59%
Elapsed time = 2661.00 sec. (2659086.09 ticks, tree = 1147.81 MB, solutions = 12)
  22162 11225      320.7344   118      337.8480      315.5886  5261658    6.59%
  22200 11247        cutoff            337.8480      315.5889  5271552    6.59%
  22222 11265      323.4017    98      337.8480      315.5892  5279592    6.59%
  22258 11279      315.7702   181      337.8480      315.5903  5287579    6.59%
  22285 11300      316.7776    89      337.8480      315.5903  5296277    6.59%
  22317 11310      321.0690   103      337.8480      315.5925  5309076    6.59%
  22400 11383      328.8769    50      337.8480      315.5928  5316852    6.59%
  22470 11419      317.4487    97      337.8480      315.5941  5325024    6.59%
  22526 11445      315.5941    69      337.8480      315.5941  5334313    6.59%
  22565 11456      317.1956    88      337.8480      315.5941  5343604    6.59%
Elapsed time = 2705.66 sec. (2700204.72 ticks, tree = 1183.10 MB, solutions = 12)
  22606 11475      319.4717    75      337.8480      315.5946  5352532    6.59%
  22679 11537      317.4674    81      337.8480      315.5950  5360841    6.59%
  22690 11548      321.1322    82      337.8480      315.5950  5362507    6.59%
  22784 11617        cutoff            337.8480      315.5954  5369916    6.59%
  22855 11675      336.3764    42      337.8480      315.5960  5376375    6.59%
  22884 11692      334.5557    95      337.8480      315.5968  5384304    6.59%
  22943 11734      317.8220    82      337.8480      315.5987  5393058    6.59%
  22970 11751      317.0087   100      337.8480      315.5992  5400932    6.59%
  22988 11757      321.9214   103      337.8480      315.5998  5407862    6.59%
  23004 11767      315.5998    77      337.8480      315.5998  5415909    6.59%
Elapsed time = 2752.50 sec. (2743690.09 ticks, tree = 1223.53 MB, solutions = 12)
  23024 11787      320.5061   102      337.8480      315.5998  5423170    6.59%
  23054 11809      316.1338   106      337.8480      315.6000  5432084    6.59%
  23079 11830      323.7843    93      337.8480      315.6000  5439451    6.59%
  23092 11831      315.8018    60      337.8480      315.6003  5448496    6.59%
  23125 11852    infeasible            337.8480      315.6010  5457658    6.58%
  23154 11865      316.7842    84      337.8480      315.6023  5466824    6.58%
  23234 11936      337.3692    46      337.8480      315.6033  5474250    6.58%
  23274 11952    infeasible            337.8480      315.6053  5482698    6.58%
  23288 11956      321.8325    98      337.8480      315.6071  5491892    6.58%
  23313 11977      320.6251    79      337.8480      315.6073  5499050    6.58%
Elapsed time = 2797.61 sec. (2783256.64 ticks, tree = 1249.58 MB, solutions = 12)
  23388 12042        cutoff            337.8480      315.6078  5506723    6.58%
  23413 12057    infeasible            337.8480      315.6086  5514420    6.58%
  23480 12110      318.8841   109      337.8480      315.6112  5522780    6.58%
  23513 12127      317.0897   106      337.8480      315.6117  5531220    6.58%
  23607 12205      315.6190   135      337.8480      315.6132  5539139    6.58%
  23690 12282      319.9158    78      337.8480      315.6144  5543989    6.58%
  23719 12301      318.6344   109      337.8480      315.6150  5553045    6.58%
  23749 12321      318.2000    67      337.8480      315.6159  5561831    6.58%
  23793 12347      325.3701    94      337.8480      315.6162  5570040    6.58%
  23864 12393        cutoff            337.8480      315.6167  5578370    6.58%
Elapsed time = 2842.08 sec. (2823424.05 ticks, tree = 1286.90 MB, solutions = 12)
  23911 12412      315.9342   104      337.8480      315.6187  5585948    6.58%
  23932 12427      320.0435    96      337.8480      315.6187  5594584    6.58%
  23953 12436      317.6101    72      337.8480      315.6226  5602536    6.58%
  24046 12519      317.0508   105      337.8480      315.6228  5609848    6.58%
  24076 12531      321.9244   100      337.8480      315.6247  5619131    6.58%
  24102 12545      317.4683    99      337.8480      315.6262  5628550    6.58%
  24126 12559        cutoff            337.8480      315.6268  5636741    6.58%
  24142 12567    infeasible            337.8480      315.6274  5645644    6.58%
  24183 12592        cutoff            337.8480      315.6278  5653991    6.58%
  24211 12606      316.6147    89      337.8480      315.6292  5662372    6.58%
Elapsed time = 2894.05 sec. (2863263.29 ticks, tree = 1311.45 MB, solutions = 12)
  24275 12636    infeasible            337.8480      315.6300  5672728    6.58%
  24312 12647      316.1923    96      337.8480      315.6332  5681227    6.58%
  24329 12658    infeasible            337.8480      315.6333  5690348    6.58%
  24365 12681      326.1924    89      337.8480      315.6350  5699351    6.57%
  24401 12696        cutoff            337.8480      315.6360  5708446    6.57%
  24425 12714      323.2547    77      337.8480      315.6365  5716872    6.57%
  24500 12774        cutoff            337.8480      315.6369  5725493    6.57%
  24523 12789      316.8025    92      337.8480      315.6371  5734035    6.57%
  24557 12813      320.2735   135      337.8480      315.6373  5743160    6.57%
  24586 12830      321.1941    90      337.8480      315.6383  5751719    6.57%
Elapsed time = 2949.90 sec. (2903653.37 ticks, tree = 1338.43 MB, solutions = 12)
  24624 12851      316.2122    83      337.8480      315.6393  5759948    6.57%
  24657 12865      316.2156    98      337.8480      315.6405  5768600    6.57%
  24690 12875      318.4367    81      337.8480      315.6454  5776025    6.57%
  24730 12891      317.6723   113      337.8480      315.6475  5786596    6.57%
  24770 12914      321.9506    89      337.8480      315.6497  5795272    6.57%
  24802 12922        cutoff            337.8480      315.6509  5804401    6.57%
  24832 12942      324.2582    80      337.8480      315.6531  5812382    6.57%
  24853 12955        cutoff            337.8480      315.6534  5820629    6.57%
  24874 12964    infeasible            337.8480      315.6540  5828980    6.57%
  24886 12968      315.9020    72      337.8480      315.6540  5836505    6.57%
Elapsed time = 3005.83 sec. (2943493.70 ticks, tree = 1357.00 MB, solutions = 12)
  24907 12979      317.9476    88      337.8480      315.6540  5845879    6.57%
  24928 12980      321.3512    85      337.8480      315.6542  5858093    6.57%
  24967 13003      317.3269    80      337.8480      315.6547  5865347    6.57%
  25009 13037      323.9692    67      337.8480      315.6547  5874168    6.57%
  25070 13084      315.7091   115      337.8480      315.6550  5882203    6.57%
  25117 13119        cutoff            337.8480      315.6555  5889401    6.57%
  25148 13136      320.3560    57      337.8480      315.6560  5898027    6.57%
  25181 13155      316.9357    84      337.8480      315.6567  5906426    6.57%
  25205 13167      317.3129    96      337.8480      315.6568  5914677    6.57%
  25241 13191      323.3854    95      337.8480      315.6587  5922656    6.57%
Elapsed time = 3067.17 sec. (2984859.19 ticks, tree = 1381.42 MB, solutions = 12)
  25262 13206      319.4401    69      337.8480      315.6587  5931223    6.57%
  25342 13282      320.9866    88      337.8480      315.6587  5938571    6.57%
  25417 13348      319.5859   102      337.8480      315.6587  5944606    6.57%
  25501 13425      319.4865    81      337.8480      315.6587  5951654    6.57%
  25525 13441      316.4603    86      337.8480      315.6593  5957960    6.57%
  25567 13467        cutoff            337.8480      315.6599  5966254    6.57%
  25596 13480      315.9943   111      337.8480      315.6602  5974133    6.57%
  25618 13494      323.6202   121      337.8480      315.6608  5983633    6.57%
  25649 13503      318.3696   110      337.8480      315.6617  5992730    6.57%
  25685 13513        cutoff            337.8480      315.6645  6001819    6.57%
Elapsed time = 3152.63 sec. (3024760.00 ticks, tree = 1390.75 MB, solutions = 12)
  25690 13518      316.7813   151      337.8480      315.6645  6009016    6.57%
  25720 13544      316.8928   109      337.8480      315.6652  6016975    6.57%
  25747 13555      317.2439   129      337.8480      315.6672  6027613    6.57%
  25796 13599      317.6803   133      337.8480      315.6673  6035775    6.57%
  25827 13622      316.0428   131      337.8480      315.6675  6043792    6.57%
  25896 13689      335.0195    34      337.8480      315.6675  6051246    6.57%
  25969 13754      333.2367    44      337.8480      315.6687  6058465    6.56%
  26001 13766      318.3537    85      337.8480      315.6722  6068140    6.56%
  26032 13777      315.9020    70      337.8480      315.6735  6078035    6.56%
  26055 13790      319.4179   108      337.8480      315.6754  6086706    6.56%
Elapsed time = 3222.81 sec. (3065428.04 ticks, tree = 1424.76 MB, solutions = 12)
  26079 13811      322.9524    73      337.8480      315.6760  6094746    6.56%
  26175 13881      318.3579    83      337.8480      315.6770  6101782    6.56%
  26224 13909      318.9816    96      337.8480      315.6785  6110572    6.56%
  26348 14017      318.6195   103      337.8480      315.6786  6117101    6.56%
  26381 14030      322.3794    99      337.8480      315.6811  6128560    6.56%
  26390 14035      315.7148   119      337.8480      315.6811  6130056    6.56%
  26437 14070      320.0348    90      337.8480      315.6811  6141132    6.56%
  26451 14074      328.9327    96      337.8480      315.6826  6149030    6.56%
  26490 14106      337.5960    61      337.8480      315.6826  6150298    6.56%
  26527 14127      319.0570    74      337.8480      315.6830  6157830    6.56%
Elapsed time = 3285.72 sec. (3110933.44 ticks, tree = 1468.30 MB, solutions = 12)
  26548 14144      318.7743    79      337.8480      315.6831  6165751    6.56%
  26561 14143        cutoff            337.8480      315.6841  6173649    6.56%
  26586 14156      317.4966   110      337.8480      315.6855  6182609    6.56%
  26617 14171      316.7937    99      337.8480      315.6861  6191469    6.56%
  26630 14176      316.9028    92      337.8480      315.6869  6200031    6.56%
  26683 14193      315.9505    79      337.8480      315.6890  6208540    6.56%
  26690 14200      320.1822    88      337.8480      315.6890  6209633    6.56%
  26781 14256      315.8545    99      337.8480      315.6896  6217058    6.56%
  26799 14264      315.6898    91      337.8480      315.6903  6225625    6.56%
  26815 14276      320.5037   113      337.8480      315.6905  6235057    6.56%
Elapsed time = 3349.67 sec. (3155648.65 ticks, tree = 1488.33 MB, solutions = 12)
* 26890+14192                          337.5520      315.6905             6.48%
  26890 14194      336.1597    29      337.5520      315.6905  6238326    6.48%
  26929 14207      317.1639    94      337.5520      315.6919  6245990    6.48%
  26983 14235      317.8017    78      337.5520      315.6928  6254697    6.48%
  26990 14242      317.4179    75      337.5520      315.6928  6255412    6.48%
  27038 14268        cutoff            337.5520      315.6948  6264445    6.48%
  27088 14280      315.6971    95      337.5520      315.6971  6273823    6.47%
  27090 14282      317.0160   100      337.5520      315.6971  6274135    6.47%
  27119 14299        cutoff            337.5520      315.6971  6283048    6.47%
  27164 14326      319.4658   137      337.5520      315.6991  6292324    6.47%
  27190 14344      317.6441    98      337.5520      315.7000  6297745    6.47%
Elapsed time = 3441.45 sec. (3223810.50 ticks, tree = 1499.88 MB, solutions = 13)
  27232 14362      316.6894   106      337.5520      315.7007  6306567    6.47%
  27268 14380      315.7826   110      337.5520      315.7018  6315216    6.47%
* 27290+14395                          337.5437      315.7018             6.47%
  27290 14397      321.4865    79      337.5437      315.7018  6317766    6.47%
  27336 14419      319.9988   124      337.5437      315.7031  6327416    6.47%
  27358 14427      316.8828   107      337.5437      315.7037  6336421    6.47%
  27377 14436      315.9510   151      337.5437      315.7039  6345589    6.47%
  27390 14449      318.1882   107      337.5437      315.7039  6351025    6.47%
  27435 14476      320.8224    71      337.5437      315.7049  6361184    6.47%
  27465 14492      323.0939    85      337.5437      315.7061  6369537    6.47%
  27512 14525      326.2467    84      337.5437      315.7065  6378449    6.47%
Elapsed time = 3513.35 sec. (3275920.75 ticks, tree = 1518.47 MB, solutions = 14)
  27584 14586      328.5422    91      337.5437      315.7065  6386485    6.47%
  27590 14592      321.1649    71      337.5437      315.7065  6387738    6.47%
  27650 14626        cutoff            337.5437      315.7072  6398060    6.47%
  27683 14638        cutoff            337.5437      315.7100  6406864    6.47%
  27690 14641      318.9877   107      337.5437      315.7107  6411286    6.47%
  27761 14709      317.6097    86      337.5437      315.7110  6419868    6.47%
  27806 14740        cutoff            337.5437      315.7132  6427770    6.47%
  27843 14759      316.5669   150      337.5437      315.7141  6436569    6.47%
  27883 14779      317.3462    66      337.5437      315.7151  6445149    6.47%
Advanced basis not built.

GUB cover cuts applied:  112
Clique cuts applied:  47
Cover cuts applied:  41
Implied bound cuts applied:  49
Flow cuts applied:  58
Mixed integer rounding cuts applied:  1015
Zero-half cuts applied:  5
Gomory fractional cuts applied:  14

Root node processing (before b&c):
  Real time             =   10.17 sec. (6911.90 ticks)
Sequential b&c:
  Real time             = 3589.85 sec. (3321284.99 ticks)
                          ------------
Total (root+branch&cut) = 3600.02 sec. (3328196.89 ticks)
