Version identifier: 22.1.0.0 | 2022-03-09 | 1a383f8ce
CPXPARAM_Read_DataCheck                          1
CPXPARAM_Threads                                 1
CPXPARAM_TimeLimit                               3600
Tried aggregator 2 times.
MIP Presolve eliminated 3539 rows and 198 columns.
MIP Presolve modified 30189 coefficients.
Aggregator did 135 substitutions.
Reduced MIP has 6087 rows, 647 columns, and 45819 nonzeros.
Reduced MIP has 476 binaries, 0 generals, 0 SOSs, and 0 indicators.
Presolve time = 0.12 sec. (80.79 ticks)
Probing fixed 16 vars, tightened 1 bounds.
Probing time = 0.04 sec. (25.67 ticks)
Tried aggregator 1 time.
Detecting symmetries...
MIP Presolve eliminated 27 rows and 16 columns.
MIP Presolve modified 44 coefficients.
Reduced MIP has 6060 rows, 631 columns, and 45310 nonzeros.
Reduced MIP has 460 binaries, 0 generals, 0 SOSs, and 0 indicators.
Presolve time = 0.04 sec. (19.70 ticks)
Probing time = 0.01 sec. (5.28 ticks)
Clique table members: 2154.
MIP emphasis: balance optimality and feasibility.
MIP search method: dynamic search.
Parallel mode: none, using 1 thread.
Root relaxation solution time = 0.02 sec. (23.19 ticks)

        Nodes                                         Cuts/
   Node  Left     Objective  IInf  Best Integer    Best Bound    ItCnt     Gap

      0     0      359.4731   134                    359.4731      355         
      0     0      359.4731    57                   Cuts: 353      654         
      0     0      359.5109    87                   Cuts: 471     1610         
      0     0      359.8430   122                  Cuts: 1213     2500         
      0     0      360.2346   125                  Cuts: 1280     3044         
      0     0      360.6722   128                  Cuts: 1023     3266         
Detecting symmetries...
      0     0      360.9550   150                  Cuts: 1209     3441         
      0     0      361.1596   170                   Cuts: 779     3636         
      0     0      361.6666   160                   Cuts: 409     3816         
      0     0      361.8431   172                   Cuts: 788     3993         
      0     0      361.8826   172                   Cuts: 309     4093         
      0     0      361.9195   179                   Cuts: 839     4170         
      0     0      361.9620   143                   Cuts: 398     4258         
      0     0      361.9765   149                   Cuts: 996     4393         
Detecting symmetries...
      0     2      361.9765   123                    362.0010     4393         
Elapsed time = 7.62 sec. (5924.98 ticks, tree = 0.01 MB, solutions = 0)
     11    13      385.9529    65                    362.9144     5847         
     35    35      372.9189    46                    362.9144     7597         
*    70+   54                          417.3235      362.9144            13.04%
     70    56      391.5582    27      417.3235      362.9144     8953   13.04%
    120    88      363.9787    76      417.3235      362.9616     9393   13.03%
    140   104      368.4296    71      417.3235      363.3938    10763   12.92%
    196   146      396.8511    54      417.3235      363.5706    12213   12.88%
    253   174      364.7904    80      417.3235      363.6733    13463   12.86%
    287   198      381.6192    61      417.3235      363.7085    14827   12.85%
    313   218      385.4592    23      417.3235      363.7085    15992   12.85%
    400   279      364.9058    89      417.3235      364.2655    19717   12.71%
Elapsed time = 10.92 sec. (9283.31 ticks, tree = 0.33 MB, solutions = 1)

Performing restart 1

Repeating presolve.
Tried aggregator 1 time.
MIP Presolve eliminated 1029 rows and 56 columns.
MIP Presolve modified 3618 coefficients.
Reduced MIP has 5031 rows, 575 columns, and 36031 nonzeros.
Reduced MIP has 426 binaries, 0 generals, 0 SOSs, and 0 indicators.
Presolve time = 0.04 sec. (28.41 ticks)
Tried aggregator 1 time.
MIP Presolve eliminated 98 rows and 19 columns.
MIP Presolve modified 121 coefficients.
Reduced MIP has 4933 rows, 556 columns, and 34870 nonzeros.
Reduced MIP has 407 binaries, 0 generals, 0 SOSs, and 0 indicators.
Presolve time = 0.02 sec. (12.40 ticks)
Tried aggregator 1 time.
Reduced MIP has 4933 rows, 556 columns, and 34870 nonzeros.
Reduced MIP has 407 binaries, 0 generals, 0 SOSs, and 0 indicators.
Presolve time = 0.03 sec. (15.31 ticks)
Represolve time = 0.20 sec. (117.74 ticks)
    495     0      362.1776   119      417.3235     Cuts: 698    24111   12.65%
    495     0      362.2312   111      417.3235     Cuts: 120    24212   12.65%
    495     0      362.2485   122      417.3235     Cuts: 761    24280   12.65%
    495     0      362.2552   115      417.3235      Cuts: 76    24359   12.65%
    495     0      362.2556   123      417.3235     Cuts: 322    24411   12.65%
    495     0      362.2663   132      417.3235     Cuts: 251    24500   12.65%
    495     2      362.2663   121      417.3235      364.5118    24500   12.65%
    499     5      402.7942    69      417.3235      364.5118    25315   12.65%
    512    17      403.1824    49      417.3235      364.5118    26443   12.65%
    549    45      362.3484   116      417.3235      364.5118    27529   12.65%
    575    69      365.2651    57      417.3235      364.5118    29789   12.65%
    614    96      400.5178    62      417.3235      364.5118    31955   12.65%
    676   142      389.0262    46      417.3235      364.5118    34428   12.65%
    715   163      375.7551    61      417.3235      364.5118    36794   12.65%
    735   177      380.4127    75      417.3235      364.5118    38063   12.65%
    766   199      366.2216    80      417.3235      364.8306    40141   12.58%
Elapsed time = 40.89 sec. (26885.59 ticks, tree = 5.23 MB, solutions = 1)
*   812   222      integral     0      413.1870      364.8306    41000   11.70%
    848   252      369.2645    83      413.1870      364.9653    42630   11.67%
    885   281      372.6160    86      413.1870      365.0706    45837   11.65%
    927   309      378.3043    70      413.1870      365.1910    49611   11.62%
    955   325      375.6456    64      413.1870      365.5362    52683   11.53%
   1002   355      368.1941    71      413.1870      366.0712    56354   11.40%
   1068   409      406.1410    18      413.1870      366.7047    60435   11.25%
   1105   423      369.5933    65      413.1870      366.9176    62023   11.20%
   1135   437      371.3093    85      413.1870      367.2348    63563   11.12%
*  1161   438      integral     0      408.5661      367.2348    64504   10.12%
   1171   437      368.3391    97      408.5661      368.1916    65452    9.88%
   1243   481      370.4733    72      408.5661      368.4173    68816    9.83%
Elapsed time = 57.01 sec. (37636.16 ticks, tree = 3.90 MB, solutions = 3)
*  1261+  485                          408.2306      368.5386             9.72%
*  1261+  480                          407.8980      368.5386             9.65%
   1261   482      403.5080    30      407.8980      368.5386    70900    9.65%
   1325   521      398.4483    53      407.8980      368.6748    75691    9.62%
*  1373   484      integral     0      401.1362      368.8009    79046    8.06%
   1419   511      397.8505    29      401.1362      368.8969    83343    8.04%
*  1473+  434                          395.2375      369.2645             6.57%
   1473   436      389.9210    33      395.2375      369.2645    87696    6.57%
   1516   468        cutoff            395.2375      369.3083    89456    6.56%
   1577   501      392.9149    64      395.2375      369.9021    92556    6.41%
*  1609   511      integral     0      394.6926      369.9827    93684    6.26%
   1639   519      377.2146    59      394.6926      370.2685    95522    6.19%
   1709   569        cutoff            394.6926      370.3740    98537    6.16%
   1745   579      393.5633    25      394.6926      370.6800   100264    6.08%
Elapsed time = 70.57 sec. (47956.49 ticks, tree = 2.14 MB, solutions = 8)
   1797   605      392.8659    46      394.6926      370.9157   102400    6.02%
   1848   630      370.9672    77      394.6926      370.9726   104042    6.01%
   1897   673      375.6395    25      394.6926      370.9914   106326    6.00%
   1949   702      371.1885    54      394.6926      371.1088   108085    5.98%
   2046   765      379.0796    53      394.6926      371.1620   113429    5.96%
   2114   806      371.5272    60      394.6926      371.2218   117013    5.95%
   2172   844      371.5921    57      394.6926      371.2817   119339    5.93%
   2256   901      372.2455    89      394.6926      371.3266   122095    5.92%
   2335   958      381.1827    50      394.6926      371.4055   124789    5.90%
   2386   990      371.9084    93      394.6926      371.5131   127059    5.87%
Elapsed time = 85.84 sec. (58931.30 ticks, tree = 2.53 MB, solutions = 8)
   2428  1011      378.6143    51      394.6926      371.5920   129823    5.85%
   2476  1041      375.1821    63      394.6926      371.5972   131642    5.85%
   2536  1085      377.2398    66      394.6926      371.6063   133824    5.85%
   2602  1132      377.2605    66      394.6926      371.6797   135896    5.83%
   2634  1153      375.6952    50      394.6926      371.7383   137145    5.82%
   2713  1200      385.9727    93      394.6926      371.7794   140305    5.81%
   2795  1245      393.1278    48      394.6926      371.9326   143996    5.77%
   2852  1281      382.8494    46      394.6926      372.0321   146459    5.74%
   2901  1309      375.3797    60      394.6926      372.0728   149268    5.73%
   2973  1349      376.0816    59      394.6926      372.1433   152120    5.71%
Elapsed time = 102.01 sec. (70142.94 ticks, tree = 2.88 MB, solutions = 8)
   3042  1381      372.3109    89      394.6926      372.3075   155522    5.67%
   3144  1448      378.2032    46      394.6926      372.3901   159000    5.65%
   3213  1482        cutoff            394.6926      372.4705   163264    5.63%
   3272  1512      376.4425    49      394.6926      372.7281   166355    5.56%
   3344  1550      378.0759    49      394.6926      372.7791   169378    5.55%
   3403  1584      384.5945    32      394.6926      372.8513   172186    5.53%
   3478  1608      377.1054    75      394.6926      373.0147   175110    5.49%
   3531  1630      392.4395    64      394.6926      373.2063   177478    5.44%
   3621  1686      381.8236    45      394.6926      373.4196   181203    5.39%
   3685  1715      380.8304    62      394.6926      373.4984   185875    5.37%
Elapsed time = 120.53 sec. (80572.13 ticks, tree = 3.24 MB, solutions = 8)
   3736  1744      381.1964    89      394.6926      373.6362   189140    5.33%
   3797  1769      384.9072    27      394.6926      373.8899   193434    5.27%
   3876  1805      388.0573    21      394.6926      374.1966   197499    5.19%
   3982  1873      394.6535    42      394.6926      374.4157   202477    5.14%
   4059  1911      381.4223    60      394.6926      374.7921   207184    5.04%
   4128  1955      389.6066    49      394.6926      374.8482   211520    5.03%
   4195  1994        cutoff            394.6926      375.0382   215217    4.98%
   4250  2020      379.5380    40      394.6926      375.1953   218347    4.94%
   4334  2060      380.8141    56      394.6926      375.2856   221082    4.92%
   4380  2087      380.7949    93      394.6926      375.4078   222574    4.89%
Elapsed time = 140.83 sec. (91059.41 ticks, tree = 3.41 MB, solutions = 8)
   4427  2115      378.4417    46      394.6926      375.5564   225188    4.85%
   4488  2146      377.0017    61      394.6926      375.6952   228244    4.81%
   4567  2183      378.8542    72      394.6926      375.7645   231806    4.80%
   4687  2243      391.8200    46      394.6926      375.9158   235988    4.76%
   4778  2270      377.9728    64      394.6926      376.2278   241184    4.68%
   4867  2314      379.6182    47      394.6926      376.5151   246777    4.61%
   4963  2380      387.7013    39      394.6926      376.6675   250140    4.57%
   5002  2407      383.3077    42      394.6926      376.7140   251426    4.56%
   5038  2423      383.7650    48      394.6926      376.7444   253750    4.55%
   5097  2447      383.5592    36      394.6926      376.8112   257066    4.53%
Elapsed time = 160.96 sec. (101224.19 ticks, tree = 3.60 MB, solutions = 8)
   5153  2477      386.6425    41      394.6926      376.9554   259802    4.49%
   5214  2505      381.1593    52      394.6926      377.1006   262852    4.46%
   5321  2545        cutoff            394.6926      377.4028   267311    4.38%
   5424  2587      392.9721    31      394.6926      377.5564   271906    4.34%
   5508  2631      391.7501    40      394.6926      377.8035   276872    4.28%
   5570  2661      387.6021    34      394.6926      377.8548   282105    4.27%
   5652  2708      394.3585    33      394.6926      377.9071   287775    4.25%
   5726  2750      379.3310    62      394.6926      378.0311   291267    4.22%
   5812  2781      394.6720    50      394.6926      378.1905   296916    4.18%
   6173  2968        cutoff            394.6926      378.5837   314410    4.08%
Elapsed time = 179.21 sec. (113835.61 ticks, tree = 4.03 MB, solutions = 8)
   6482  3134      391.8112    36      394.6926      379.0354   328807    3.97%
   6665  3206        cutoff            394.6926      379.4355   339715    3.87%
   6994  3358      394.9348    53      394.6926      379.8329   359731    3.76%
   7316  3538      394.3406    17      394.6926      380.2010   376650    3.67%
   7589  3691      387.3624    35      394.6926      380.3799   390287    3.63%
   7842  3814      384.2830    51      394.6926      380.5558   404003    3.58%
   8129  3969      389.1301    39      394.6926      380.7494   419166    3.53%
   8437  4162      389.5164    28      394.6926      380.8823   436819    3.50%
   8748  4330      386.6830    41      394.6926      381.0476   451585    3.46%
   9073  4496      385.7265    43      394.6926      381.2237   470046    3.41%
Elapsed time = 249.26 sec. (152407.40 ticks, tree = 5.66 MB, solutions = 8)
   9375  4636      381.8021    49      394.6926      381.3368   483431    3.38%
   9611  4763      387.4083    32      394.6926      381.4522   495006    3.35%
   9956  4970      387.6153    43      394.6926      381.5026   510443    3.34%
  10278  5127      386.6061    26      394.6926      381.5768   526604    3.32%
  10395  5160        cutoff            394.6926      381.5981   534856    3.32%
  10571  5269      391.1786    55      394.6926      381.6370   543345    3.31%
  10907  5456      382.0406    49      394.6926      381.7211   560060    3.29%
  11260  5631      387.8047    35      394.6926      381.8025   576497    3.27%
  11593  5789      384.0828    45      394.6926      381.8812   593843    3.25%
  11955  5969      388.4161    46      394.6926      381.9452   613672    3.23%
Elapsed time = 324.61 sec. (198012.50 ticks, tree = 7.06 MB, solutions = 8)
  12301  6120      383.3762    44      394.6926      382.0121   631205    3.21%
  12707  6303      393.6822    32      394.6926      382.0687   650174    3.20%
  13125  6499        cutoff            394.6926      382.1436   668954    3.18%
  13512  6667      392.3669    31      394.6926      382.2264   687413    3.16%
  13894  6846      390.6300    59      394.6926      382.3082   707726    3.14%
  14313  7031      384.3541    45      394.6926      382.4015   727972    3.11%
  14675  7186      386.9643    43      394.6926      382.4577   749213    3.10%
  15061  7360      382.6388    48      394.6926      382.5190   768825    3.08%
  15433  7527      386.1580    42      394.6926      382.5638   788245    3.07%
  15849  7730      389.8106    28      394.6926      382.6364   807702    3.05%
Elapsed time = 375.02 sec. (236252.55 ticks, tree = 8.78 MB, solutions = 8)
  16324  7958      388.2348    31      394.6926      382.7102   827443    3.04%
  16726  8141      391.2260    35      394.6926      382.7762   846835    3.02%
  17155  8342      394.5911     4      394.6926      382.8268   867412    3.01%
  17565  8511      389.0606    32      394.6926      382.9009   887507    2.99%
  17947  8674      391.5489    40      394.6926      382.9591   906614    2.97%
  18356  8827      389.4769    40      394.6926      383.0367   926579    2.95%
  18763  8990      391.6547    25      394.6926      383.0915   945148    2.94%
  19202  9182      388.9423    25      394.6926      383.1661   964364    2.92%
  19640  9358      389.9650    41      394.6926      383.2342   983983    2.90%
  20067  9520      391.9128    27      394.6926      383.3174  1005240    2.88%
Elapsed time = 423.00 sec. (274462.54 ticks, tree = 10.87 MB, solutions = 8)
  20495  9690      394.0105    35      394.6926      383.3745  1023519    2.87%
  20935  9856      390.8041    26      394.6926      383.4230  1042795    2.86%
  21379 10003      387.7360    31      394.6926      383.4863  1063499    2.84%
  21771 10172      389.2229    25      394.6926      383.5374  1082810    2.83%
  22170 10291        cutoff            394.6926      383.5838  1102755    2.81%
  22581 10421      389.8772    29      394.6926      383.6346  1122292    2.80%
  23013 10582      386.5764    20      394.6926      383.6812  1142091    2.79%
  23484 10749        cutoff            394.6926      383.7521  1163555    2.77%
  23908 10915      384.4948    31      394.6926      383.7977  1182925    2.76%
  24379 11070      383.9141    35      394.6926      383.8619  1204054    2.74%
Elapsed time = 485.10 sec. (312755.49 ticks, tree = 12.39 MB, solutions = 8)
  24810 11220      391.7306    36      394.6926      383.9186  1224829    2.73%
  25256 11377      384.1403    48      394.6926      383.9897  1245842    2.71%
  25670 11516      390.6759    44      394.6926      384.0571  1267904    2.69%
  26101 11665      391.5039    16      394.6926      384.1076  1287366    2.68%
  26502 11788        cutoff            394.6926      384.1556  1306280    2.67%
  26972 11988      392.6837    27      394.6926      384.2081  1326476    2.66%
  27423 12154      394.4231    13      394.6926      384.2524  1346796    2.65%
  27845 12308      384.4622    53      394.6926      384.2993  1366683    2.63%
  28290 12446      390.1942    25      394.6926      384.3469  1388105    2.62%
  28708 12622      385.4122    30      394.6926      384.3790  1407087    2.61%
Elapsed time = 532.67 sec. (350955.45 ticks, tree = 13.92 MB, solutions = 8)
  29183 12790      394.0127    18      394.6926      384.4316  1427887    2.60%
  29619 12947        cutoff            394.6926      384.4652  1446256    2.59%
  30055 13088      385.5582    35      394.6926      384.5107  1466605    2.58%
  30474 13209      388.3083    63      394.6926      384.5531  1487039    2.57%
  30888 13361      386.5685    33      394.6926      384.5945  1506356    2.56%
  31306 13494      385.6464    38      394.6926      384.6368  1526344    2.55%
  31714 13633      392.1273    29      394.6926      384.6788  1547672    2.54%
  32155 13770      391.7005    38      394.6926      384.7313  1567595    2.52%
  32619 13911      385.1098    44      394.6926      384.7759  1588390    2.51%
  33094 14060      388.4535    40      394.6926      384.8269  1608878    2.50%
Elapsed time = 575.86 sec. (389197.14 ticks, tree = 15.33 MB, solutions = 8)
  33560 14216      386.3209    34      394.6926      384.8624  1629404    2.49%
  34005 14349      384.9136    47      394.6926      384.9049  1650664    2.48%
  34438 14498      392.0669    20      394.6926      384.9432  1671699    2.47%
  34863 14660      387.8740    37      394.6926      384.9651  1690698    2.46%
  35286 14785      386.2975    33      394.6926      385.0068  1711982    2.45%
  35709 14919      386.6898    34      394.6926      385.0473  1731458    2.44%
  36195 15088      392.4714    23      394.6926      385.0875  1750524    2.43%
  36648 15226      392.1636    22      394.6926      385.1150  1771256    2.43%
  37118 15397      391.3970    29      394.6926      385.1492  1791978    2.42%
  37577 15575      385.8550    40      394.6926      385.1815  1811880    2.41%
Elapsed time = 622.21 sec. (427484.71 ticks, tree = 16.81 MB, solutions = 8)
  38011 15707      390.3997    39      394.6926      385.2201  1832517    2.40%
  38410 15841      394.0127    19      394.6926      385.2526  1853030    2.39%
  38860 15991        cutoff            394.6926      385.2875  1873974    2.38%
  39305 16110      394.5911    18      394.6926      385.3286  1895448    2.37%
  39767 16247      386.1715    25      394.6926      385.3657  1914670    2.36%
  40200 16382      391.4326    26      394.6926      385.4089  1933414    2.35%
  40588 16500      389.1155    35      394.6926      385.4392  1951812    2.34%
  41011 16644      386.2243    29      394.6926      385.4695  1971428    2.34%
  41461 16805      394.2091    16      394.6926      385.4946  1990843    2.33%
  41909 16956      386.6781    39      394.6926      385.5248  2011407    2.32%
Elapsed time = 667.35 sec. (465688.37 ticks, tree = 18.84 MB, solutions = 8)
  42352 17093        cutoff            394.6926      385.5612  2031678    2.31%
  42733 17218      393.7437    43      394.6926      385.5908  2048815    2.31%
  43225 17377      391.8998    29      394.6926      385.6158  2069179    2.30%
  43653 17521        cutoff            394.6926      385.6459  2089948    2.29%
  44159 17668      389.8884    30      394.6926      385.6842  2111215    2.28%
  44659 17825        cutoff            394.6926      385.7216  2130950    2.27%
  45104 17983        cutoff            394.6926      385.7459  2152003    2.27%
  45515 18103      391.2580    37      394.6926      385.7815  2171844    2.26%
  45938 18232        cutoff            394.6926      385.8070  2191759    2.25%
  46432 18426      394.6733    14      394.6926      385.8382  2211285    2.24%
Elapsed time = 711.95 sec. (503883.20 ticks, tree = 20.29 MB, solutions = 8)
  46866 18554        cutoff            394.6926      385.8680  2230916    2.24%
  47278 18650      386.5439    38      394.6926      385.8962  2251049    2.23%
  47709 18770      387.5395    34      394.6926      385.9260  2271497    2.22%
  48187 18894      392.0159    32      394.6926      385.9637  2292942    2.21%
  48633 19043      392.0241    25      394.6926      385.9954  2312883    2.20%
  49051 19158        cutoff            394.6926      386.0278  2334355    2.20%
  49514 19276        cutoff            394.6926      386.0579  2355617    2.19%
  49967 19411      388.1026    46      394.6926      386.0904  2376252    2.18%
  50437 19552      393.7952    30      394.6926      386.1173  2396509    2.17%
  50874 19683      390.1789    29      394.6926      386.1430  2416481    2.17%
Elapsed time = 756.74 sec. (542068.75 ticks, tree = 21.52 MB, solutions = 8)
  51345 19818        cutoff            394.6926      386.1719  2436336    2.16%
  51784 19928        cutoff            394.6926      386.2064  2457128    2.15%
  52191 20058      388.7710    32      394.6926      386.2353  2477246    2.14%
  52674 20217      389.8905    32      394.6926      386.2611  2497306    2.14%
  53085 20352      386.3075    50      394.6926      386.2851  2517717    2.13%
  53496 20478      386.3057    49      394.6926      386.3057  2539481    2.12%
  53947 20629        cutoff            394.6926      386.3351  2560122    2.12%
  54401 20775      389.6250    35      394.6926      386.3564  2581538    2.11%
  54819 20910      391.0624    40      394.6926      386.3781  2600385    2.11%
  55300 21000      386.4593    38      394.6926      386.4077  2620844    2.10%
Elapsed time = 802.04 sec. (580295.39 ticks, tree = 22.82 MB, solutions = 8)
  55766 21137      386.5087    31      394.6926      386.4339  2642029    2.09%
  56248 21297      386.5980    34      394.6926      386.4616  2662960    2.09%
  56708 21409      393.3050    14      394.6926      386.4931  2683813    2.08%
  57159 21543      393.2311    29      394.6926      386.5139  2704071    2.07%
  57556 21651      394.2863    17      394.6926      386.5383  2723314    2.07%
  57987 21735        cutoff            394.6926      386.5714  2744637    2.06%
  58443 21867      390.3678    29      394.6926      386.5969  2764161    2.05%
  58898 22001        cutoff            394.6926      386.6221  2783042    2.04%
  59288 22098        cutoff            394.6926      386.6494  2803765    2.04%
  59682 22215      388.2925    29      394.6926      386.6727  2822909    2.03%
Elapsed time = 846.94 sec. (618496.37 ticks, tree = 24.02 MB, solutions = 8)
  60151 22363      394.3903    33      394.6926      386.6966  2842865    2.03%
  60564 22472      392.8826    19      394.6926      386.7205  2864036    2.02%
  61003 22559      387.9041    33      394.6926      386.7519  2885250    2.01%
  61464 22702      391.1936    37      394.6926      386.7740  2905875    2.01%
  61918 22816      391.0952    58      394.6926      386.7973  2926769    2.00%
  62365 22917      390.7963    42      394.6926      386.8222  2946354    1.99%
  62757 23006      391.5183    39      394.6926      386.8404  2965330    1.99%
  63179 23141      391.3329    33      394.6926      386.8625  2985713    1.98%
  63623 23280      393.8350    26      394.6926      386.8782  3005333    1.98%
  64032 23394      390.4353    44      394.6926      386.8970  3025734    1.98%
Elapsed time = 891.82 sec. (656786.44 ticks, tree = 25.18 MB, solutions = 8)
  64469 23525      388.5494    43      394.6926      386.9188  3045152    1.97%
  64908 23645      393.4472    34      394.6926      386.9397  3064228    1.96%
  65368 23766      387.1587    32      394.6926      386.9642  3084398    1.96%
  65784 23868      393.2011    50      394.6926      386.9846  3105354    1.95%
  66255 23999      389.2973    44      394.6926      387.0100  3125557    1.95%
  66732 24118        cutoff            394.6926      387.0322  3146104    1.94%
  67204 24231        cutoff            394.6926      387.0594  3167719    1.93%
  67609 24328      393.4684    39      394.6926      387.0844  3189102    1.93%
  68046 24425      389.0404    36      394.6926      387.1073  3210715    1.92%
  68447 24536      387.4940    26      394.6926      387.1300  3232936    1.92%
Elapsed time = 937.16 sec. (695031.50 ticks, tree = 26.32 MB, solutions = 8)
  68899 24644        cutoff            394.6926      387.1535  3253977    1.91%
  69313 24744      392.6340    24      394.6926      387.1781  3275179    1.90%
  69759 24836      389.8808    41      394.6926      387.1976  3297021    1.90%
  70205 24970      393.0908    31      394.6926      387.2139  3317086    1.89%
  70615 25087      393.7058    38      394.6926      387.2421  3335296    1.89%
  71047 25187      387.3872    45      394.6926      387.2653  3355896    1.88%
  71491 25287      391.9446    31      394.6926      387.2866  3376348    1.88%
  71875 25399      392.2816    48      394.6926      387.3042  3397419    1.87%
  72302 25486      390.6600    27      394.6926      387.3214  3418050    1.87%
  72741 25572        cutoff            394.6926      387.3425  3438412    1.86%
Elapsed time = 982.17 sec. (733263.86 ticks, tree = 27.34 MB, solutions = 8)
  73178 25674      389.2729    37      394.6926      387.3602  3460201    1.86%
  73612 25783      388.8081    41      394.6926      387.3823  3480008    1.85%
  74020 25850      393.0325    34      394.6926      387.4045  3502300    1.85%
  74436 25949      394.4921    31      394.6926      387.4221  3524314    1.84%
  74867 26063      393.6104    35      394.6926      387.4425  3545197    1.84%
  75333 26198      388.3915    50      394.6926      387.4660  3565211    1.83%
  75774 26292      388.8091    33      394.6926      387.4882  3586671    1.83%
  76221 26397      394.4223    33      394.6926      387.5075  3607710    1.82%
  76650 26506      387.7085    31      394.6926      387.5210  3628023    1.82%
  77051 26611        cutoff            394.6926      387.5391  3647479    1.81%
Elapsed time = 1027.85 sec. (771461.48 ticks, tree = 28.38 MB, solutions = 8)
  77397 26677        cutoff            394.6926      387.5584  3667638    1.81%
  77815 26746      391.9384    39      394.6926      387.5861  3688418    1.80%
  78188 26849      393.6803    24      394.6926      387.6001  3708328    1.80%
  78618 26940      388.4568    30      394.6926      387.6177  3729301    1.79%
  79085 27046      387.9725    32      394.6926      387.6363  3749952    1.79%
  79508 27190      393.9866    33      394.6926      387.6496  3771883    1.78%
  79965 27272      388.3104    48      394.6926      387.6668  3791505    1.78%
  80391 27348      387.9016    67      394.6926      387.6864  3812763    1.78%
  80787 27435        cutoff            394.6926      387.7097  3832532    1.77%
  81229 27551      390.0299    30      394.6926      387.7272  3853350    1.76%
Elapsed time = 1072.08 sec. (809673.91 ticks, tree = 29.32 MB, solutions = 8)
  81663 27640      389.3849    35      394.6926      387.7468  3873284    1.76%
  82079 27736      388.0537    31      394.6926      387.7617  3894340    1.76%
  82513 27816      392.9903    44      394.6926      387.7817  3915525    1.75%
  82934 27898        cutoff            394.6926      387.8061  3936823    1.74%
  83362 28005      389.0997    37      394.6926      387.8280  3958861    1.74%
  83790 28088      392.6885    30      394.6926      387.8481  3980286    1.73%
  84200 28184        cutoff            394.6926      387.8609  4000095    1.73%
  84591 28283      388.2173    52      394.6926      387.8751  4020356    1.73%
  85049 28406      393.2267    42      394.6926      387.8934  4041350    1.72%
  85437 28505      389.9384    35      394.6926      387.9094  4062511    1.72%
Elapsed time = 1116.47 sec. (847933.71 ticks, tree = 30.27 MB, solutions = 8)
  85873 28590      393.9272    51      394.6926      387.9263  4083659    1.71%
  86322 28684      393.2714    34      394.6926      387.9422  4104202    1.71%
  86685 28782      388.4124    50      394.6926      387.9553  4123070    1.71%
  87135 28867      393.6474    28      394.6926      387.9750  4144233    1.70%
  87511 28927      394.5730    34      394.6926      387.9929  4162558    1.70%
  87940 29022      393.7616    22      394.6926      388.0119  4183561    1.69%
  88367 29131      394.3615    34      394.6926      388.0252  4203602    1.69%
  88770 29189      388.5153    49      394.6926      388.0473  4224679    1.68%
  89247 29314      389.9969    32      394.6926      388.0639  4246017    1.68%
  89657 29360      390.5244    35      394.6926      388.0816  4265169    1.67%
Elapsed time = 1160.15 sec. (886161.53 ticks, tree = 31.14 MB, solutions = 8)
  90059 29468      393.5520    36      394.6926      388.0923  4285935    1.67%
  90417 29535      388.5235    51      394.6926      388.1059  4307064    1.67%
  90829 29633      394.5469    34      394.6926      388.1174  4326443    1.67%
  91229 29702      390.6698    42      394.6926      388.1345  4345800    1.66%
  91673 29801      391.5971    30      394.6926      388.1534  4365915    1.66%
  92057 29908      393.4467    32      394.6926      388.1652  4386170    1.65%
  92475 30006      390.1687    45      394.6926      388.1792  4406546    1.65%
  92886 30080      392.8479    42      394.6926      388.1968  4427091    1.65%
  93327 30151        cutoff            394.6926      388.2094  4447969    1.64%
  93750 30233      390.1359    32      394.6926      388.2251  4468617    1.64%
Elapsed time = 1202.98 sec. (924356.75 ticks, tree = 32.02 MB, solutions = 8)
  94188 30330      388.4781    44      394.6926      388.2442  4489341    1.63%
  94586 30405      393.9806    40      394.6926      388.2590  4510425    1.63%
  95045 30536      393.2784    36      394.6926      388.2750  4531598    1.63%
  95499 30624      391.3468    37      394.6926      388.2872  4551630    1.62%
  95921 30713      393.4475    40      394.6926      388.3001  4573541    1.62%
  96355 30789      392.0719    33      394.6926      388.3189  4593900    1.61%
  96771 30918      388.7055    43      394.6926      388.3301  4615824    1.61%
  97177 30983        cutoff            394.6926      388.3454  4637925    1.61%
  97578 31071      390.3926    28      394.6926      388.3564  4659361    1.61%
  97979 31148      392.6290    29      394.6926      388.3752  4681303    1.60%
Elapsed time = 1246.38 sec. (962552.09 ticks, tree = 32.95 MB, solutions = 8)
  98401 31224      388.5605    41      394.6926      388.3895  4702629    1.60%
  98808 31282      393.9863    31      394.6926      388.4068  4723265    1.59%
  99234 31365      391.4448    41      394.6926      388.4232  4742949    1.59%
  99641 31453      393.0811    45      394.6926      388.4340  4764094    1.59%
 100066 31548      394.1011    46      394.6926      388.4467  4784399    1.58%
 100462 31609      388.9256    46      394.6926      388.4585  4804513    1.58%
 100914 31689      391.5400    24      394.6926      388.4729  4825265    1.58%
 101309 31744      388.6227    36      394.6926      388.4887  4845479    1.57%
 101753 31819        cutoff            394.6926      388.5035  4865802    1.57%
 102226 31908      390.7464    39      394.6926      388.5165  4886174    1.56%
Elapsed time = 1286.58 sec. (1000754.64 ticks, tree = 33.90 MB, solutions = 8)
 102629 31958      391.9094    18      394.6926      388.5311  4908367    1.56%
 103062 32058      388.9749    39      394.6926      388.5486  4928607    1.56%
 103520 32171      389.9951    37      394.6926      388.5598  4949413    1.55%
 103964 32275      392.7519    38      394.6926      388.5744  4970270    1.55%
 104410 32358        cutoff            394.6926      388.5860  4990651    1.55%
 104856 32429      392.2365    32      394.6926      388.6001  5012255    1.54%
 105257 32484      389.0859    25      394.6926      388.6101  5034572    1.54%
 105693 32572      393.9824    32      394.6926      388.6248  5056412    1.54%
 106111 32661      393.7875    34      394.6926      388.6394  5077870    1.53%
 106554 32750        cutoff            394.6926      388.6523  5099313    1.53%
Elapsed time = 1323.34 sec. (1038962.88 ticks, tree = 34.76 MB, solutions = 8)
 106956 32799      390.3150    41      394.6926      388.6674  5121471    1.53%
 107343 32879      394.4742    24      394.6926      388.6745  5142635    1.52%
 107794 32948      392.7212    32      394.6926      388.6872  5162247    1.52%
 108214 33025      391.9199    25      394.6926      388.7003  5182803    1.52%
 108670 33091      390.5569    34      394.6926      388.7144  5204474    1.51%
 109118 33187        cutoff            394.6926      388.7249  5224959    1.51%
 109532 33284      390.1588    42      394.6926      388.7359  5246515    1.51%
 109993 33357      394.6213    54      394.6926      388.7482  5267697    1.51%
 110434 33444      390.3568    32      394.6926      388.7605  5288649    1.50%
 110889 33536      389.4805    34      394.6926      388.7752  5310457    1.50%
Elapsed time = 1359.58 sec. (1077187.96 ticks, tree = 36.99 MB, solutions = 8)
 111321 33600      389.3246    60      394.6926      388.7897  5332012    1.50%
 111737 33702        cutoff            394.6926      388.8005  5352240    1.49%
 112182 33802      389.7848    35      394.6926      388.8137  5373876    1.49%
 112577 33857        cutoff            394.6926      388.8245  5394722    1.49%
 113004 33944        cutoff            394.6926      388.8360  5416381    1.48%
 113450 33977      394.3914    42      394.6926      388.8493  5438474    1.48%
 113898 34063      394.2532    36      394.6926      388.8583  5460255    1.48%
 114386 34134      393.6554    41      394.6926      388.8708  5481706    1.48%
 114846 34185      390.1619    41      394.6926      388.8855  5503611    1.47%
 115240 34249        cutoff            394.6926      388.8978  5524000    1.47%
Elapsed time = 1396.01 sec. (1115425.22 ticks, tree = 37.72 MB, solutions = 8)
 115658 34301      390.0264    37      394.6926      388.9104  5545105    1.46%
 116081 34371      389.9943    27      394.6926      388.9229  5566100    1.46%
 116519 34451      389.0161    44      394.6926      388.9359  5586729    1.46%
 116963 34537      392.3022    30      394.6926      388.9451  5607629    1.46%
 117371 34676      394.1343    36      394.6926      388.9531  5628092    1.45%
 117819 34722        cutoff            394.6926      388.9677  5649163    1.45%
 118281 34816      390.3180    35      394.6926      388.9795  5669733    1.45%
 118707 34900      393.4902    18      394.6926      388.9916  5689820    1.44%
 119075 34974      389.4561    38      394.6926      389.0008  5711121    1.44%
 119507 35044      390.9645    32      394.6926      389.0118  5731931    1.44%
Elapsed time = 1431.96 sec. (1153672.75 ticks, tree = 38.45 MB, solutions = 8)
 119934 35111      393.1248    36      394.6926      389.0249  5752800    1.44%
 120345 35173      389.0314    32      394.6926      389.0300  5772527    1.43%
 120825 35267      389.1939    34      394.6926      389.0386  5792786    1.43%
 121284 35360      392.0276    41      394.6926      389.0485  5813015    1.43%
 121673 35410      394.1793    32      394.6926      389.0587  5834144    1.43%
 122128 35454      389.9802    47      394.6926      389.0745  5855526    1.42%
 122555 35516      391.1605    35      394.6926      389.0864  5875302    1.42%
 122994 35572      392.9236    39      394.6926      389.0976  5897145    1.42%
 123407 35622      391.1886    33      394.6926      389.1097  5918237    1.41%
 123831 35673        cutoff            394.6926      389.1183  5937057    1.41%
Elapsed time = 1468.56 sec. (1191872.10 ticks, tree = 39.06 MB, solutions = 8)
 124274 35757      393.7235    27      394.6926      389.1301  5959018    1.41%
 124702 35797      389.6922    45      394.6926      389.1436  5980905    1.41%
 125164 35857      390.1722    38      394.6926      389.1566  6000677    1.40%
 125607 35896      389.5349    35      394.6926      389.1695  6021393    1.40%
 126075 35997        cutoff            394.6926      389.1808  6042059    1.40%
 126495 36076      390.1386    42      394.6926      389.1896  6062817    1.39%
 126917 36148      392.5777    39      394.6926      389.2013  6082719    1.39%
 127396 36243        cutoff            394.6926      389.2117  6103506    1.39%
 127864 36277      390.2138    31      394.6926      389.2240  6124625    1.39%
 128351 36380      392.0617    32      394.6926      389.2336  6144638    1.38%
Elapsed time = 1507.00 sec. (1230359.61 ticks, tree = 39.78 MB, solutions = 8)
 128767 36449      392.0491    41      394.6926      389.2438  6164497    1.38%
 129256 36492      391.6491    44      394.6926      389.2576  6185224    1.38%
 129701 36572      394.6039    20      394.6926      389.2680  6204532    1.37%
 130128 36642        cutoff            394.6926      389.2789  6224013    1.37%
 130562 36704      393.9503    39      394.6926      389.2900  6245195    1.37%
 131015 36729      389.3053    29      394.6926      389.3010  6266554    1.37%
 131423 36767      393.9893    31      394.6926      389.3124  6285535    1.36%
 131837 36828      390.2068    43      394.6926      389.3246  6307334    1.36%
 132309 36918        cutoff            394.6926      389.3361  6328316    1.36%
 132648 36952      389.8340    38      394.6926      389.3453  6345356    1.35%
Elapsed time = 1545.62 sec. (1268560.89 ticks, tree = 40.38 MB, solutions = 8)
 133108 37026        cutoff            394.6926      389.3566  6367125    1.35%
 133574 37101      392.0883    35      394.6926      389.3678  6388459    1.35%
 133996 37136      392.3498    39      394.6926      389.3800  6410919    1.35%
 134448 37191      394.4105    34      394.6926      389.3916  6432387    1.34%
 134888 37236      390.2307    57      394.6926      389.4037  6452512    1.34%
 135303 37298      391.6229    26      394.6926      389.4128  6474167    1.34%
 135741 37336      394.3165    40      394.6926      389.4254  6494903    1.33%
 136179 37369      394.4326    49      394.6926      389.4376  6515938    1.33%
 136598 37406      394.5459    27      394.6926      389.4481  6536463    1.33%
 137040 37462      389.7348    38      394.6926      389.4597  6555830    1.33%
Elapsed time = 1585.93 sec. (1306786.60 ticks, tree = 40.82 MB, solutions = 8)
 137467 37517      392.9907    40      394.6926      389.4706  6576845    1.32%
 137882 37565      389.7933    29      394.6926      389.4804  6597093    1.32%
 138282 37598      390.2635    21      394.6926      389.4914  6618311    1.32%
 138718 37636      390.2687    39      394.6926      389.5036  6639560    1.31%
 139192 37695      394.5184    39      394.6926      389.5115  6660295    1.31%
 139580 37732      393.9979    44      394.6926      389.5214  6682028    1.31%
 140036 37817      389.7738    42      394.6926      389.5311  6702376    1.31%
 140472 37893      393.6939    36      394.6926      389.5388  6722468    1.31%
 140938 37912      390.0302    30      394.6926      389.5523  6743682    1.30%
 141369 37950      389.6950    80      394.6926      389.5617  6765383    1.30%
Elapsed time = 1627.29 sec. (1345025.20 ticks, tree = 41.33 MB, solutions = 8)
 141815 37987      393.5008    26      394.6926      389.5736  6786485    1.30%
 142280 38016      393.2981    39      394.6926      389.5844  6808687    1.29%
 142672 38066      389.5909    38      394.6926      389.5909  6828699    1.29%
 143142 38091      389.8994    34      394.6926      389.6034  6850163    1.29%
 143582 38122      390.4191    43      394.6926      389.6134  6869879    1.29%
 144045 38164      390.5129    35      394.6926      389.6243  6890884    1.28%
 144486 38175        cutoff            394.6926      389.6379  6910908    1.28%
 144944 38208      389.7683    38      394.6926      389.6480  6931181    1.28%
 145421 38262      391.2964    28      394.6926      389.6603  6952255    1.27%
 145797 38295      391.6950    28      394.6926      389.6681  6973035    1.27%
Elapsed time = 1668.68 sec. (1383269.18 ticks, tree = 41.69 MB, solutions = 8)
 146233 38337      394.6059    29      394.6926      389.6786  6991611    1.27%
 146705 38377      391.3646    31      394.6926      389.6880  7011225    1.27%
 147173 38419      391.6899    32      394.6926      389.7044  7031862    1.26%
 147621 38480      391.5100    46      394.6926      389.7129  7053482    1.26%
 148032 38529      394.1952    21      394.6926      389.7214  7073289    1.26%
 148496 38539      389.7334    41      394.6926      389.7334  7093612    1.26%
 148944 38602      390.8827    28      394.6926      389.7429  7114060    1.25%
 149416 38637      392.3485    36      394.6926      389.7548  7134988    1.25%
 149922 38695        cutoff            394.6926      389.7664  7155180    1.25%
 150362 38735      392.1485    35      394.6926      389.7776  7175387    1.25%
Elapsed time = 1709.42 sec. (1421444.20 ticks, tree = 42.04 MB, solutions = 8)
 150813 38768      393.7416    25      394.6926      389.7870  7196561    1.24%
 151192 38775      391.1047    43      394.6926      389.7953  7220668    1.24%
 151617 38798      389.9601    41      394.6926      389.8066  7241119    1.24%
 152024 38850        cutoff            394.6926      389.8167  7262756    1.24%
 152442 38922      393.8798    27      394.6926      389.8260  7284287    1.23%
 152886 38960        cutoff            394.6926      389.8369  7304490    1.23%
 153331 39001      389.8458    41      394.6926      389.8458  7324618    1.23%
 153758 39041      393.2840    23      394.6926      389.8558  7346233    1.23%
 154206 39057        cutoff            394.6926      389.8669  7368138    1.22%
 154677 39068      393.1712    33      394.6926      389.8801  7389957    1.22%
Elapsed time = 1751.70 sec. (1459679.49 ticks, tree = 42.31 MB, solutions = 8)
 155094 39093      393.3282    35      394.6926      389.8894  7409720    1.22%
 155539 39133      392.4218    38      394.6926      389.8995  7430934    1.21%
 155986 39164        cutoff            394.6926      389.9127  7450419    1.21%
 156463 39194      390.8426    21      394.6926      389.9260  7472172    1.21%
 156893 39252      392.1313    38      394.6926      389.9351  7493213    1.21%
 157384 39299      390.0569    30      394.6926      389.9459  7514182    1.20%
 157839 39330      393.8203    35      394.6926      389.9578  7534830    1.20%
 158299 39339        cutoff            394.6926      389.9714  7555302    1.20%
 158768 39355      390.8993    46      394.6926      389.9846  7576397    1.19%
 159194 39355      391.8434    21      394.6926      389.9974  7595446    1.19%
Elapsed time = 1793.19 sec. (1497892.29 ticks, tree = 42.62 MB, solutions = 8)
 159635 39409      394.0464    30      394.6926      390.0063  7616953    1.19%
 160113 39445        cutoff            394.6926      390.0191  7638184    1.18%
 160585 39443      390.3791    39      394.6926      390.0310  7659477    1.18%
 161026 39473      390.8875    37      394.6926      390.0414  7680263    1.18%
 161475 39463      391.1925    33      394.6926      390.0545  7701683    1.18%
 161935 39494      390.9904    36      394.6926      390.0673  7722039    1.17%
 162371 39515      391.6597    34      394.6926      390.0796  7744027    1.17%
 162763 39524      392.3108    42      394.6926      390.0887  7762347    1.17%
 163200 39499        cutoff            394.6926      390.1023  7783695    1.16%
 163663 39506      393.0123    32      394.6926      390.1144  7805058    1.16%
Elapsed time = 1835.85 sec. (1536140.58 ticks, tree = 42.71 MB, solutions = 8)
 164100 39516      390.9905    54      394.6926      390.1257  7824214    1.16%
 164540 39577      393.9689    47      394.6926      390.1336  7843147    1.16%
 165023 39593      392.6309    35      394.6926      390.1448  7863805    1.15%
 165488 39620      391.5786    34      394.6926      390.1563  7885142    1.15%
 165917 39654      390.2829    33      394.6926      390.1665  7904445    1.15%
 166399 39685      394.2064    31      394.6926      390.1782  7925268    1.14%
 166846 39658      392.1709    36      394.6926      390.1912  7945844    1.14%
 167322 39660        cutoff            394.6926      390.2034  7966657    1.14%
 167726 39680      392.1220    46      394.6926      390.2136  7985508    1.13%
 168081 39695      394.0312    37      394.6926      390.2214  8003471    1.13%
Elapsed time = 1877.26 sec. (1574366.47 ticks, tree = 42.92 MB, solutions = 8)
 168517 39740      391.9740    33      394.6926      390.2311  8024321    1.13%
 168955 39772      393.0064    24      394.6926      390.2404  8044691    1.13%
 169340 39794      394.1695    52      394.6926      390.2499  8066214    1.13%
 169759 39788      393.9546    40      394.6926      390.2589  8085568    1.12%
 170198 39847      393.6431    36      394.6926      390.2678  8105266    1.12%
 170630 39847      394.4994    22      394.6926      390.2780  8124476    1.12%
 171075 39856      393.0220    14      394.6926      390.2888  8143920    1.12%
 171498 39887        cutoff            394.6926      390.2968  8163147    1.11%
 171912 39903      393.0328    43      394.6926      390.3073  8183718    1.11%
 172303 39925      391.8249    42      394.6926      390.3167  8203625    1.11%
Elapsed time = 1918.77 sec. (1612620.93 ticks, tree = 43.14 MB, solutions = 8)
 172716 39898      393.6279    29      394.6926      390.3279  8223652    1.11%
 173155 39897      393.3793    35      394.6926      390.3395  8243378    1.10%
 173577 39883      391.3721    30      394.6926      390.3499  8264687    1.10%
 174066 39890      392.9316    27      394.6926      390.3613  8283959    1.10%
 174525 39874      390.3751    43      394.6926      390.3751  8303420    1.09%
 174976 39924      394.5999    32      394.6926      390.3870  8322520    1.09%
 175427 39933        cutoff            394.6926      390.3959  8342130    1.09%
 175850 39953        cutoff            394.6926      390.4040  8360980    1.09%
 176270 39985      394.6068    30      394.6926      390.4138  8380707    1.08%
 176659 40013      393.6114    25      394.6926      390.4218  8399591    1.08%
Elapsed time = 1961.08 sec. (1650831.99 ticks, tree = 43.18 MB, solutions = 8)
 177100 40033      391.5497    37      394.6926      390.4340  8419550    1.08%
 177531 40058      391.2526    36      394.6926      390.4455  8438664    1.08%
 177974 40078      394.4425    30      394.6926      390.4558  8457720    1.07%
 178398 40086      392.7273    49      394.6926      390.4669  8477575    1.07%
 178825 40090      394.3536    27      394.6926      390.4775  8498207    1.07%
 179285 40098        cutoff            394.6926      390.4892  8518583    1.06%
 179715 40118      393.1941    20      394.6926      390.4986  8537085    1.06%
 180152 40135        cutoff            394.6926      390.5096  8556846    1.06%
 180595 40136      393.5346    28      394.6926      390.5189  8576889    1.06%
 181056 40123        cutoff            394.6926      390.5320  8596992    1.05%
Elapsed time = 2003.07 sec. (1689058.55 ticks, tree = 43.32 MB, solutions = 8)
 181495 40134      390.9702    34      394.6926      390.5416  8616429    1.05%
 181921 40099        cutoff            394.6926      390.5532  8637152    1.05%
 182382 40078      393.6274    30      394.6926      390.5641  8657831    1.05%
 182773 40068      390.9003    49      394.6926      390.5727  8676984    1.04%
 183208 40066        cutoff            394.6926      390.5830  8695890    1.04%
 183597 40071        cutoff            394.6926      390.5913  8716429    1.04%
 184053 40086      391.7630    39      394.6926      390.6011  8735405    1.04%
 184516 40088      394.1290    34      394.6926      390.6129  8755996    1.03%
 184919 40112        cutoff            394.6926      390.6225  8775849    1.03%
 185372 40122        cutoff            394.6926      390.6325  8794868    1.03%
Elapsed time = 2046.09 sec. (1727349.26 ticks, tree = 43.31 MB, solutions = 8)
 185787 40118      390.6408    28      394.6926      390.6409  8813317    1.03%
 186250 40063        cutoff            394.6926      390.6549  8833522    1.02%
 186682 40076        cutoff            394.6926      390.6650  8854272    1.02%
 187073 40072        cutoff            394.6926      390.6749  8874589    1.02%
 187495 40070      390.6838    27      394.6926      390.6838  8893465    1.02%
 187945 40076        cutoff            394.6926      390.6921  8913472    1.01%
 188427 40032      391.2769    47      394.6926      390.7061  8934784    1.01%
 188884 40039        cutoff            394.6926      390.7142  8955639    1.01%
 189358 40026        cutoff            394.6926      390.7248  8976289    1.01%
 189830 40009        cutoff            394.6926      390.7362  8995808    1.00%
Elapsed time = 2085.55 sec. (1765599.21 ticks, tree = 43.23 MB, solutions = 8)
 190282 39970      390.7478    30      394.6926      390.7476  9016464    1.00%
 190730 39966        cutoff            394.6926      390.7592  9036405    1.00%
 191177 39931      391.0964    53      394.6926      390.7711  9057457    0.99%
 191666 39901      392.6201    32      394.6926      390.7851  9078397    0.99%
 192125 39885      391.3952    22      394.6926      390.7953  9098591    0.99%
 192598 39823      392.4528    29      394.6926      390.8082  9118864    0.98%
 193017 39792        cutoff            394.6926      390.8175  9140592    0.98%
 193477 39765      392.9039    37      394.6926      390.8283  9161105    0.98%
 193908 39767      392.6586    43      394.6926      390.8399  9180979    0.98%
 194389 39737        cutoff            394.6926      390.8519  9201352    0.97%
Elapsed time = 2130.17 sec. (1803798.55 ticks, tree = 42.98 MB, solutions = 8)
 194820 39710      392.2818    42      394.6926      390.8622  9221209    0.97%
 195294 39717        cutoff            394.6926      390.8740  9241376    0.97%
 195734 39674      391.7634    37      394.6926      390.8858  9263308    0.96%
 196200 39633        cutoff            394.6926      390.8982  9285042    0.96%
 196670 39579      392.0275    38      394.6926      390.9103  9306105    0.96%
 197146 39527      393.7991    30      394.6926      390.9196  9327903    0.96%
 197605 39504      392.0106    33      394.6926      390.9288  9349297    0.95%
 198060 39484      392.6220    33      394.6926      390.9431  9369411    0.95%
 198495 39521      393.6891    31      394.6926      390.9523  9388404    0.95%
 198957 39501      391.5528    28      394.6926      390.9636  9408739    0.94%
Elapsed time = 2174.89 sec. (1842029.99 ticks, tree = 42.78 MB, solutions = 8)
 199427 39473      392.5222    54      394.6926      390.9754  9429918    0.94%
 199849 39436      393.1648    27      394.6926      390.9871  9450405    0.94%
 200325 39431      394.3206    39      394.6926      390.9980  9471227    0.94%
 200795 39411      391.0872    57      394.6926      391.0092  9492317    0.93%
 201255 39401      392.0250    29      394.6926      391.0189  9513525    0.93%
 201705 39379      394.5707    34      394.6926      391.0308  9534108    0.93%
 202174 39335      393.8978    39      394.6926      391.0428  9554736    0.92%
 202599 39284        cutoff            394.6926      391.0552  9575244    0.92%
 203061 39265      394.4969    25      394.6926      391.0678  9596322    0.92%
 203517 39248        cutoff            394.6926      391.0771  9616231    0.92%
Elapsed time = 2220.14 sec. (1880268.69 ticks, tree = 42.51 MB, solutions = 8)
 203959 39197      392.5879    29      394.6926      391.0906  9636627    0.91%
 204423 39185      394.3851    31      394.6926      391.1017  9656901    0.91%
 204914 39113        cutoff            394.6926      391.1160  9677618    0.91%
 205404 39039      392.3661    37      394.6926      391.1278  9697902    0.90%
 205868 38979      391.5876    34      394.6926      391.1390  9719492    0.90%
 206312 38952      391.5377    50      394.6926      391.1496  9740838    0.90%
 206777 38873      392.5033    46      394.6926      391.1631  9763699    0.89%
 207213 38852      394.1156    44      394.6926      391.1741  9784676    0.89%
 207690 38782      391.3432    29      394.6926      391.1867  9806527    0.89%
 208135 38790      394.6356    30      394.6926      391.1955  9827648    0.89%
Elapsed time = 2264.55 sec. (1918525.88 ticks, tree = 42.08 MB, solutions = 8)
 208656 38701        cutoff            394.6926      391.2111  9848583    0.88%
 209128 38659      393.2471    31      394.6926      391.2225  9870004    0.88%
 209620 38612      391.7588    54      394.6926      391.2366  9891919    0.88%
 210107 38562      392.1764    34      394.6926      391.2490  9914175    0.87%
 210597 38518      393.1996    40      394.6926      391.2600  9935071    0.87%
 211055 38484      393.3992    31      394.6926      391.2713  9956260    0.87%
 211501 38427        cutoff            394.6926      391.2811  9975683    0.86%
 211948 38419      392.9654    22      394.6926      391.2907  9996451    0.86%
 212445 38377      393.0455    33      394.6926      391.3023 10018445    0.86%
 212931 38370      394.4361    29      394.6926      391.3106 10038062    0.86%
Elapsed time = 2309.40 sec. (1956717.09 ticks, tree = 41.68 MB, solutions = 8)
 213426 38317      393.9050    31      394.6926      391.3216 10058805    0.85%
 213907 38256      393.4110    50      394.6926      391.3365 10080376    0.85%
 214372 38218      394.3800    38      394.6926      391.3464 10101881    0.85%
 214855 38169      392.8368    35      394.6926      391.3562 10123847    0.85%
 215269 38143      392.5166    31      394.6926      391.3637 10144902    0.84%
 215737 38104      393.1729    18      394.6926      391.3744 10166390    0.84%
 216200 38024      392.4497    38      394.6926      391.3851 10187772    0.84%
 216678 38028      392.5273    47      394.6926      391.3943 10207639    0.84%
 217158 37991      392.3051    35      394.6926      391.4065 10226990    0.83%
 217597 37962      391.8096    34      394.6926      391.4180 10247895    0.83%
Elapsed time = 2353.62 sec. (1994957.06 ticks, tree = 41.30 MB, solutions = 8)
 218066 37934      391.5499    34      394.6926      391.4277 10268834    0.83%
 218532 37928        cutoff            394.6926      391.4376 10288541    0.82%
 218968 37922      393.2273    26      394.6926      391.4464 10309361    0.82%
 219439 37833      393.6062    24      394.6926      391.4600 10331241    0.82%
 219862 37752        cutoff            394.6926      391.4702 10352489    0.82%
 220353 37689      402.5755    55      394.6926      391.4846 10372880    0.81%
 220844 37619      393.8772    33      394.6926      391.4954 10393774    0.81%
 221315 37563        cutoff            394.6926      391.5059 10414706    0.81%
 221768 37539      393.3919    30      394.6926      391.5150 10436218    0.81%
 222261 37503      391.7123    27      394.6926      391.5281 10456440    0.80%
Elapsed time = 2397.95 sec. (2033189.34 ticks, tree = 40.82 MB, solutions = 8)
 222796 37377        cutoff            394.6926      391.5429 10478415    0.80%
 223273 37288      392.6293    37      394.6926      391.5556 10500621    0.79%
 223738 37267        cutoff            394.6926      391.5656 10520995    0.79%
 224220 37218      392.1256    40      394.6926      391.5771 10542680    0.79%
 224667 37190      393.7782    28      394.6926      391.5858 10563222    0.79%
 225168 37137      394.3239    43      394.6926      391.5961 10583948    0.78%
 225639 37079        cutoff            394.6926      391.6074 10604829    0.78%
 226112 37015      394.2850    54      394.6926      391.6203 10626211    0.78%
 226586 36928        cutoff            394.6926      391.6330 10645368    0.78%
 227089 36876        cutoff            394.6926      391.6430 10666457    0.77%
Elapsed time = 2442.45 sec. (2071392.03 ticks, tree = 40.21 MB, solutions = 8)
 227582 36777      392.3504    33      394.6926      391.6557 10688007    0.77%
 228045 36762      393.1835    41      394.6926      391.6658 10707994    0.77%
 228539 36685      392.5995    30      394.6926      391.6770 10728367    0.76%
 228988 36636      391.9588    43      394.6926      391.6865 10750003    0.76%
 229414 36603      392.9434    29      394.6926      391.6953 10771073    0.76%
 229894 36512        cutoff            394.6926      391.7077 10792869    0.76%
 230419 36438      393.6664    36      394.6926      391.7223 10813569    0.75%
 230896 36381        cutoff            394.6926      391.7305 10834573    0.75%
 231361 36329        cutoff            394.6926      391.7415 10855218    0.75%
 231800 36300      393.6096    32      394.6926      391.7515 10876119    0.75%
Elapsed time = 2486.10 sec. (2109601.24 ticks, tree = 39.70 MB, solutions = 8)
 232275 36273      392.3079    38      394.6926      391.7625 10896206    0.74%
 232745 36208      394.3768    47      394.6926      391.7756 10915263    0.74%
 233231 36131      393.1682    40      394.6926      391.7859 10936060    0.74%
 233717 36086      393.4317    49      394.6926      391.7981 10956304    0.73%
 234216 36028      392.3543    42      394.6926      391.8094 10976765    0.73%
 234731 35979      394.6294    28      394.6926      391.8202 10997511    0.73%
 235246 35935      392.5779    42      394.6926      391.8334 11018031    0.72%
 235739 35854      393.3238    34      394.6926      391.8439 11038133    0.72%
 236221 35773        cutoff            394.6926      391.8558 11059784    0.72%
 236755 35640      392.6533    36      394.6926      391.8693 11080998    0.72%
Elapsed time = 2531.12 sec. (2147820.03 ticks, tree = 39.05 MB, solutions = 8)
 237247 35580      393.2165    20      394.6926      391.8824 11102239    0.71%
 237705 35533      391.8940    40      394.6926      391.8940 11122479    0.71%
 238209 35460      392.8867    15      394.6926      391.9073 11143218    0.71%
 238729 35409      393.6338    37      394.6926      391.9182 11163985    0.70%
 239253 35356        cutoff            394.6926      391.9315 11184250    0.70%
 239712 35294      393.1727    26      394.6926      391.9431 11203269    0.70%
 240208 35232      394.4153    32      394.6926      391.9535 11224579    0.69%
 240685 35160        cutoff            394.6926      391.9653 11245180    0.69%
 241220 35079      394.2231    30      394.6926      391.9777 11266390    0.69%
 241680 35012      393.8104    35      394.6926      391.9897 11286219    0.68%
Elapsed time = 2575.31 sec. (2186014.86 ticks, tree = 38.44 MB, solutions = 8)
 242187 34916        cutoff            394.6926      392.0029 11307854    0.68%
 242679 34788      393.9485    27      394.6926      392.0175 11326632    0.68%
 243179 34712      392.6429    34      394.6926      392.0306 11346907    0.67%
 243661 34665      393.3116    33      394.6926      392.0412 11366151    0.67%
 244139 34634      394.3060    38      394.6926      392.0510 11385907    0.67%
 244645 34580      392.7283    54      394.6926      392.0639 11406006    0.67%
 245113 34494      393.8847    27      394.6926      392.0772 11426556    0.66%
 245601 34397      394.3952    24      394.6926      392.0895 11446937    0.66%
 246083 34362      392.4009    39      394.6926      392.1003 11467846    0.66%
 246478 34361      394.4173    44      394.6926      392.1059 11489009    0.66%
Elapsed time = 2619.80 sec. (2224241.95 ticks, tree = 37.85 MB, solutions = 8)
 246934 34280      394.4438    30      394.6926      392.1187 11510127    0.65%
 247401 34203      393.7442    31      394.6926      392.1310 11531266    0.65%
 247857 34155      392.9640    31      394.6926      392.1423 11551843    0.65%
 248380 34110      393.7019    37      394.6926      392.1527 11571565    0.64%
 248882 34024        cutoff            394.6926      392.1636 11591817    0.64%
 249392 33939      392.1996    28      394.6926      392.1771 11612188    0.64%
 249881 33845      392.4224    38      394.6926      392.1901 11631395    0.63%
 250394 33729      392.5894    37      394.6926      392.2032 11653426    0.63%
 250954 33595        cutoff            394.6926      392.2193 11675041    0.63%
 251444 33511      393.8515    41      394.6926      392.2331 11695671    0.62%
Elapsed time = 2664.43 sec. (2262453.50 ticks, tree = 36.97 MB, solutions = 8)
 251981 33381        cutoff            394.6926      392.2489 11717073    0.62%
 252505 33300      393.4346    39      394.6926      392.2631 11736935    0.62%
 253040 33161      392.5347    35      394.6926      392.2773 11757413    0.61%
 253561 33107      393.1111    51      394.6926      392.2885 11777492    0.61%
 254091 33055      392.8310    34      394.6926      392.2994 11797589    0.61%
 254618 32953      394.6778    25      394.6926      392.3108 11817762    0.60%
 255145 32818        cutoff            394.6926      392.3242 11839438    0.60%
 255647 32705      393.5900    36      394.6926      392.3371 11859142    0.60%
 256143 32634      394.4406    23      394.6926      392.3489 11879402    0.59%
 256695 32488        cutoff            394.6926      392.3636 11900939    0.59%
Elapsed time = 2708.56 sec. (2300642.47 ticks, tree = 35.92 MB, solutions = 8)
 257219 32389        cutoff            394.6926      392.3780 11921176    0.59%
 257763 32289      392.3924    26      394.6926      392.3924 11941955    0.58%
 258246 32262      394.6694    37      394.6926      392.4009 11960838    0.58%
 258773 32228        cutoff            394.6926      392.4113 11979812    0.58%
 259239 32147      393.5132    39      394.6926      392.4218 12000424    0.58%
 259764 32064      392.9601    36      394.6926      392.4355 12020096    0.57%
 260344 32029        cutoff            394.6926      392.4465 12038664    0.57%
 260829 31975      393.2422    38      394.6926      392.4571 12056750    0.57%
 261368 31869      393.3535    49      394.6926      392.4709 12076457    0.56%
 261781 31819        cutoff            394.6926      392.4807 12095748    0.56%
Elapsed time = 2752.46 sec. (2338831.62 ticks, tree = 35.27 MB, solutions = 8)
 262274 31749      393.1817    40      394.6926      392.4902 12115387    0.56%
 262761 31743      393.9669    34      394.6926      392.4992 12134638    0.56%
 263295 31690      393.0198    36      394.6926      392.5085 12155168    0.55%
 263810 31551      394.0888    31      394.6926      392.5253 12174995    0.55%
 264347 31527      393.0055    50      394.6926      392.5348 12194156    0.55%
 264871 31433      393.3058    38      394.6926      392.5471 12215393    0.54%
 265359 31384      394.0091    21      394.6926      392.5570 12235413    0.54%
 265764 31327      393.1157    37      394.6926      392.5661 12255807    0.54%
 266320 31159      394.1914    37      394.6926      392.5826 12276613    0.53%
 266834 31076      393.8054    38      394.6926      392.5957 12298013    0.53%
Elapsed time = 2794.80 sec. (2377042.69 ticks, tree = 34.54 MB, solutions = 8)
 267337 30980        cutoff            394.6926      392.6055 12319709    0.53%
 267776 30960      392.8849    37      394.6926      392.6137 12341502    0.53%
 268285 30853      394.1745    23      394.6926      392.6234 12363199    0.52%
 268828 30799        cutoff            394.6926      392.6336 12382699    0.52%
 269387 30667        cutoff            394.6926      392.6455 12403213    0.52%
 269875 30605      393.6947    43      394.6926      392.6564 12424389    0.52%
 270362 30508        cutoff            394.6926      392.6667 12445613    0.51%
 270885 30357        cutoff            394.6926      392.6813 12467641    0.51%
 271395 30266      393.7015    37      394.6926      392.6928 12487716    0.51%
 271893 30140      392.8455    27      394.6926      392.7047 12507687    0.50%
Elapsed time = 2831.92 sec. (2415262.29 ticks, tree = 33.53 MB, solutions = 8)
 272354 30030      393.4196    28      394.6926      392.7159 12526274    0.50%
 272926 29877      392.9854    44      394.6926      392.7297 12546731    0.50%
 273475 29727        cutoff            394.6926      392.7452 12568001    0.49%
 274060 29579      393.2524    40      394.6926      392.7577 12587476    0.49%
 274570 29469        cutoff            394.6926      392.7686 12607337    0.49%
 275070 29343      394.5276    40      394.6926      392.7790 12628567    0.48%
 275593 29211        cutoff            394.6926      392.7914 12648785    0.48%
 276091 29084        cutoff            394.6926      392.8053 12669903    0.48%
 276635 28934      393.1507    46      394.6926      392.8193 12690339    0.47%
 277216 28768      394.4503    23      394.6926      392.8356 12710501    0.47%
Elapsed time = 2868.43 sec. (2453471.34 ticks, tree = 32.12 MB, solutions = 8)
 277790 28608      392.8511    29      394.6926      392.8511 12731059    0.47%
 278366 28503        cutoff            394.6926      392.8642 12751121    0.46%
 278907 28390      394.0712    20      394.6926      392.8750 12770625    0.46%
 279484 28255      393.1307    35      394.6926      392.8869 12789619    0.46%
 280044 28099        cutoff            394.6926      392.9015 12810160    0.45%
 280532 28014      393.4018    30      394.6926      392.9122 12830864    0.45%
 281068 27887      394.2071    35      394.6926      392.9252 12850650    0.45%
 281691 27750        cutoff            394.6926      392.9381 12870126    0.44%
 282306 27547      393.2070    39      394.6926      392.9537 12890106    0.44%
 282832 27432      394.1008    26      394.6926      392.9642 12911576    0.44%
Elapsed time = 2904.54 sec. (2491656.65 ticks, tree = 30.71 MB, solutions = 8)
 283397 27279        cutoff            394.6926      392.9766 12930971    0.43%
 283939 27144        cutoff            394.6926      392.9897 12951015    0.43%
 284526 27022      393.1829    45      394.6926      393.0019 12971350    0.43%
 285173 26784        cutoff            394.6926      393.0175 12991052    0.42%
 285751 26613        cutoff            394.6926      393.0321 13011276    0.42%
 286368 26416      393.3533    34      394.6926      393.0485 13031234    0.42%
 286948 26213        cutoff            394.6926      393.0664 13052227    0.41%
 287490 26055      394.5839    24      394.6926      393.0806 13073817    0.41%
 287986 25980      393.9428    38      394.6926      393.0911 13094412    0.41%
 288550 25841        cutoff            394.6926      393.1042 13114786    0.40%
Elapsed time = 2940.79 sec. (2529829.88 ticks, tree = 29.08 MB, solutions = 8)
 289120 25677      393.9472    46      394.6926      393.1163 13135244    0.40%
 289687 25474      393.7795    38      394.6926      393.1321 13156220    0.40%
 290264 25277        cutoff            394.6926      393.1464 13176676    0.39%
 290825 25107        cutoff            394.6926      393.1586 13197510    0.39%
 291435 24913      393.9709    31      394.6926      393.1730 13217788    0.38%
 292033 24642      393.8845    53      394.6926      393.1908 13237527    0.38%
 292573 24463        cutoff            394.6926      393.2046 13258352    0.38%
 293154 24286      394.1337    42      394.6926      393.2189 13278676    0.37%
 293745 24104      393.2337    38      394.6926      393.2339 13297886    0.37%
 294328 23968      394.3267    32      394.6926      393.2458 13316819    0.37%
Elapsed time = 2976.80 sec. (2568047.61 ticks, tree = 27.15 MB, solutions = 8)
 294872 23844      393.7906    28      394.6926      393.2576 13336279    0.36%
 295482 23611      394.2904    54      394.6926      393.2740 13356660    0.36%
 296061 23410      393.2896    35      394.6926      393.2892 13376551    0.36%
 296657 23241        cutoff            394.6926      393.3034 13396095    0.35%
 297150 23099      394.0031    42      394.6926      393.3157 13417212    0.35%
 297745 22885        cutoff            394.6926      393.3316 13437035    0.34%
 298211 22845      393.7945    33      394.6926      393.3379 13458074    0.34%
 298743 22665        cutoff            394.6926      393.3514 13476931    0.34%
 299302 22536      393.4857    36      394.6926      393.3606 13498810    0.34%
 299864 22302      393.3772    36      394.6926      393.3772 13518881    0.33%
Elapsed time = 3012.93 sec. (2606238.34 ticks, tree = 25.53 MB, solutions = 8)
 300458 22065        cutoff            394.6926      393.3947 13540071    0.33%
 301008 21867      394.1597    31      394.6926      393.4072 13560137    0.33%
 301565 21681      393.9120    56      394.6926      393.4216 13581199    0.32%
 302137 21497        cutoff            394.6926      393.4358 13601769    0.32%
 302745 21282      393.7733    20      394.6926      393.4538 13621527    0.31%
 303396 20970        cutoff            394.6926      393.4748 13641535    0.31%
 303961 20761      394.6547    45      394.6926      393.4861 13663207    0.31%
 304572 20506      393.9553    39      394.6926      393.5024 13683714    0.30%
 305199 20258        cutoff            394.6926      393.5186 13704101    0.30%
 305829 20006      394.6764    29      394.6926      393.5356 13723030    0.29%
Elapsed time = 3049.37 sec. (2644424.01 ticks, tree = 23.18 MB, solutions = 8)
 306456 19743      394.2347    42      394.6926      393.5552 13742977    0.29%
 307107 19430        cutoff            394.6926      393.5764 13764049    0.28%
 307652 19256      394.0951    28      394.6926      393.5919 13785021    0.28%
 308297 18973      394.0356    32      394.6926      393.6076 13804820    0.27%
 308946 18683      393.6243    38      394.6926      393.6243 13825710    0.27%
 309558 18439      393.8795    37      394.6926      393.6397 13846553    0.27%
 310133 18216        cutoff            394.6926      393.6558 13866379    0.26%
 310832 17864        cutoff            394.6926      393.6750 13885148    0.26%
 311328 17734      393.6851    34      394.6926      393.6851 13906091    0.26%
 311830 17560        cutoff            394.6926      393.6946 13928178    0.25%
Elapsed time = 3086.23 sec. (2682596.81 ticks, tree = 20.71 MB, solutions = 8)
 312415 17369        cutoff            394.6926      393.7103 13947091    0.25%
 312994 17154        cutoff            394.6926      393.7219 13966989    0.25%
 313575 16948      394.4060    35      394.6926      393.7312 13987345    0.24%
 314193 16656      394.2918    35      394.6926      393.7460 14008389    0.24%
 314906 16286      393.7738    35      394.6926      393.7665 14028025    0.23%
 315553 15974      394.5345    51      394.6926      393.7822 14047646    0.23%
 316263 15624      393.9173    28      394.6926      393.7998 14067003    0.23%
 316911 15303      394.4294    33      394.6926      393.8159 14085940    0.22%
 317359 15119        cutoff            394.6926      393.8268 14104556    0.22%
 318054 14789      394.1605    12      394.6926      393.8436 14124829    0.22%
Elapsed time = 3121.13 sec. (2721231.22 ticks, tree = 17.91 MB, solutions = 8)
 318722 14518      394.5088    29      394.6926      393.8597 14143560    0.21%
 319347 14164      394.2410    41      394.6926      393.8764 14163447    0.21%
 319972 13853        cutoff            394.6926      393.8953 14182310    0.20%
 320729 13401      393.9737    21      394.6926      393.9206 14199583    0.20%
 321396 13041        cutoff            394.6926      393.9420 14219154    0.19%
 322091 12635        cutoff            394.6926      393.9630 14238531    0.18%
 322820 12212        cutoff            394.6926      393.9878 14256601    0.18%
 323529 11807        cutoff            394.6926      394.0091 14275282    0.17%
 324268 11350        cutoff            394.6926      394.0350 14293681    0.17%
 325040 10889      394.3709    30      394.6926      394.0633 14311261    0.16%
Elapsed time = 3156.70 sec. (2759414.61 ticks, tree = 13.92 MB, solutions = 8)
 325830 10487        cutoff            394.6926      394.0831 14328486    0.15%
 326552 10084      394.6584    34      394.6926      394.1059 14346318    0.15%
 327172  9788        cutoff            394.6926      394.1228 14366802    0.14%
 327878  9365        cutoff            394.6926      394.1469 14385199    0.14%
 328661  8882      394.6088    46      394.6926      394.1721 14401351    0.13%
 329405  8438      394.6117    18      394.6926      394.1984 14417683    0.13%
 330176  7877      394.3513    30      394.6926      394.2279 14434820    0.12%
 331036  7247      394.2598    32      394.6926      394.2563 14450339    0.11%
 331869  6671        cutoff            394.6926      394.2891 14466612    0.10%
 332687  6074        cutoff            394.6926      394.3235 14482265    0.09%
Elapsed time = 3195.19 sec. (2797620.26 ticks, tree = 8.85 MB, solutions = 8)
 333512  5477      394.4238    28      394.6926      394.3594 14497685    0.08%
 334234  5003        cutoff            394.6926      394.3866 14513935    0.08%
 335079  4346      394.4280    28      394.6926      394.4280 14528874    0.07%
 336011  3567        cutoff            394.6926      394.4724 14543451    0.06%
 336840  2927        cutoff            394.6926      394.5075 14558747    0.05%
 337753  2157        cutoff            394.6926      394.5501 14571700    0.04%
 338694  1398      394.5979    29      394.6926      394.5979 14586510    0.02%

GUB cover cuts applied:  26
Clique cuts applied:  7
Cover cuts applied:  383
Implied bound cuts applied:  21
Flow cuts applied:  21
Mixed integer rounding cuts applied:  551
Zero-half cuts applied:  3
Lift and project cuts applied:  3
Gomory fractional cuts applied:  3

Root node processing (before b&c):
  Real time             =    7.61 sec. (5908.65 ticks)
Sequential b&c:
  Real time             = 3219.05 sec. (2821920.63 ticks)
                          ------------
Total (root+branch&cut) = 3226.66 sec. (2827829.28 ticks)
