Version identifier: 22.1.0.0 | 2022-03-09 | 1a383f8ce
CPXPARAM_Read_DataCheck                          1
CPXPARAM_Threads                                 1
CPXPARAM_TimeLimit                               3600
Tried aggregator 2 times.
MIP Presolve eliminated 1545 rows and 66 columns.
MIP Presolve modified 32203 coefficients.
Aggregator did 168 substitutions.
Reduced MIP has 8048 rows, 746 columns, and 62322 nonzeros.
Reduced MIP has 544 binaries, 0 generals, 0 SOSs, and 0 indicators.
Presolve time = 0.17 sec. (101.50 ticks)
Probing time = 0.01 sec. (5.54 ticks)
Tried aggregator 1 time.
Detecting symmetries...
Reduced MIP has 8048 rows, 746 columns, and 62322 nonzeros.
Reduced MIP has 544 binaries, 0 generals, 0 SOSs, and 0 indicators.
Presolve time = 0.06 sec. (26.22 ticks)
Probing time = 0.01 sec. (5.60 ticks)
Clique table members: 236.
MIP emphasis: balance optimality and feasibility.
MIP search method: dynamic search.
Parallel mode: none, using 1 thread.
Root relaxation solution time = 0.04 sec. (27.30 ticks)

        Nodes                                         Cuts/
   Node  Left     Objective  IInf  Best Integer    Best Bound    ItCnt     Gap

      0     0      180.0498   124                    180.0498      303         
      0     0      180.0498    55                   Cuts: 462      602         
      0     0      180.0498    65                   Cuts: 336      883         
      0     0      180.0498    59                   Cuts: 119     1022         
      0     0      180.0515    70                   Cuts: 404     1457         
Detecting symmetries...
      0     2      180.0515    70                    180.0577     1457         
Elapsed time = 4.04 sec. (3186.64 ticks, tree = 0.01 MB, solutions = 0)
     20    22      180.0577    61                    180.0577     2799         
     31    31      211.4053    78                    180.0577     4271         
     43    41      183.9133    65                    180.0577     5687         
     56    54      180.0577    56                    180.0577     7250         
     80    68      180.0599    49                    180.0577     8758         
     86    74      193.4978    56                    180.0577    10827         
     94    82      180.0812    59                    180.0577    11723         
    107    95      247.3831    52                    180.0577    13478         
    119   107      191.4009    56                    180.0577    14947         
    150   138      197.0129    57                    180.0577    19865         
Elapsed time = 8.54 sec. (6907.82 ticks, tree = 0.91 MB, solutions = 0)
    185   169      182.7709    52                    180.0577    23502         
    244   226      231.3460    21                    180.0577    28230         
    317   283      196.3227    35                    180.0577    33223         
    390   336      198.6299    68                    180.0577    39201         
    427   369      275.2807    84                    180.0599    43940         
    511   441      222.5973    35                    180.0599    49041         
    541   461      244.9665    27                    180.0599    54191         
    575   479      180.0960    71                    180.0722    59255         
    708   606      195.2980    21                    180.0722    64311         
    800   678      180.7762    76                    180.0889    67625         
Elapsed time = 20.69 sec. (16716.39 ticks, tree = 2.01 MB, solutions = 0)
    868   738      202.5948    30                    180.0967    72663         
    998   844      225.0745    14                    180.0967    77793         
   1088   914      210.3338    40                    180.0967    81708         
   1199  1009      188.0712    48                    180.1048    86992         
   1308  1098      183.6282    69                    180.1048    90472         
   1378  1164      191.4029    63                    180.1118    96596         

Performing restart 1

Repeating presolve.
Tried aggregator 1 time.
Reduced MIP has 8048 rows, 746 columns, and 62322 nonzeros.
Reduced MIP has 544 binaries, 0 generals, 0 SOSs, and 0 indicators.
Presolve time = 0.03 sec. (20.53 ticks)
Tried aggregator 1 time.
Reduced MIP has 8048 rows, 746 columns, and 62322 nonzeros.
Reduced MIP has 544 binaries, 0 generals, 0 SOSs, and 0 indicators.
Presolve time = 0.05 sec. (26.75 ticks)
Represolve time = 0.13 sec. (75.95 ticks)
   1464     0      180.0663    66                   Cuts: 326   103010         
   1464     0      180.0666    72                   Cuts: 573   103333         
   1464     0      180.0723    65                   Cuts: 164   103671         
   1464     0      180.0901    70                   Cuts: 401   104142         
   1464     0      180.0967    69                   Cuts: 385   104684         
   1464     0      180.0967    63                   Cuts: 346   104989         
   1464     0      180.0972    61                   Cuts: 418   105440         
   1464     0      180.1046    55                   Cuts: 190   105520         
   1464     0      180.1046    60                   Cuts: 316   105688         
   1464     0      180.1046    57                   Cuts: 446   105898         
   1464     2      180.1046    51                    180.1128   105898         
   1465     3      180.1135    53                    180.1128   106312         
   1469     6      180.1490    45                    180.1138   106842         
   1471     8      180.1490    46                    180.1138   107604         
Elapsed time = 39.61 sec. (33911.75 ticks, tree = 0.21 MB, solutions = 0)
   1477    14      183.1696    55                    180.1138   109958         
   1483    20      189.8253    53                    180.1138   111014         
   1484    21      189.8253    48                    180.1138   111173         
   1492    29      189.8539    52                    180.1138   112594         
   1506    43      190.1876    56                    180.1138   113376         
   1521    58      191.5056    37                    180.1138   114359         
   1542    79      192.6140    29                    180.1138   115608         
   1592   123      180.1188    52                    180.1188   116653         
   1606   133      180.1519    61                    180.1188   118177         
   1622   149      181.6310    84                    180.1188   118834         
Elapsed time = 49.43 sec. (44878.92 ticks, tree = 0.41 MB, solutions = 0)
   1636   163      184.5913    48                    180.1188   120015         
   1678   205      200.5695    33                    180.1188   121350         
   1714   228      181.5116    70                    180.1188   124198         
   1739   252      182.4393    51                    180.1188   125612         
   1746   259      187.3982    46                    180.1188   127308         
   1760   269      199.2900    59                    180.1188   130464         
   1794   297      198.4396    22                    180.1188   133242         
   1803   299      180.1251    45                    180.1251   134770         
   1807   302      181.6025    89                    180.1251   136406         
   1834   329      182.4536    48                    180.1251   137741         
Elapsed time = 59.03 sec. (55551.25 ticks, tree = 0.68 MB, solutions = 0)
   1875   363      184.4486    72                    180.1287   140608         
   1891   379      187.8430    63                    180.1287   142821         
   1909   397      198.3890    60                    180.1287   145581         
   1939   427      209.7497    39                    180.1287   148569         
   1978   462      200.5758    70                    180.1490   151277         
   2021   499      180.1955    40                    180.1520   154240         
   2035   513      187.3580    37                    180.1520   156325         
   2064   542      203.6503    46                    180.1520   159697         
   2135   604      189.3667    71                    180.1574   163393         
   2188   647      180.1932    44                    180.1577   166473         
Elapsed time = 70.29 sec. (65652.25 ticks, tree = 1.41 MB, solutions = 0)
   2211   670      193.0359    47                    180.1577   170194         
   2257   716      229.3477    27                    180.1577   174928         
   2303   756      196.5147    48                    180.1598   177448         
   2339   781      206.4413    65                    180.1599   181247         
   2362   804      201.7396    42                    180.1599   184305         

Performing restart 2

Repeating presolve.
Tried aggregator 1 time.
MIP Presolve eliminated 16 rows and 0 columns.
MIP Presolve modified 33 coefficients.
Reduced MIP has 8032 rows, 746 columns, and 65873 nonzeros.
Reduced MIP has 544 binaries, 0 generals, 0 SOSs, and 0 indicators.
Presolve time = 0.06 sec. (35.50 ticks)
Tried aggregator 1 time.
Reduced MIP has 8032 rows, 746 columns, and 65873 nonzeros.
Reduced MIP has 544 binaries, 0 generals, 0 SOSs, and 0 indicators.
Presolve time = 0.06 sec. (29.45 ticks)
Represolve time = 0.20 sec. (101.87 ticks)
   2440     0      180.1046    57                   Cuts: 258   188719         
   2440     0      180.1050    57                    Cuts: 93   189076         
   2440     0      180.1050    57                    Cuts: 85   189324         
   2440     0      180.1050    51                    Cuts: 47   189562         
   2440     0      180.1050    59                   Cuts: 601   189968         
   2440     0      180.1052    58                   Cuts: 117   190302         
   2440     0      180.1053    47                   Cuts: 216   190424         
   2440     0      180.1062    58                   Cuts: 349   190575         
   2440     2      180.1062    48                    180.1615   190575         
   2442     4      180.1977    53                    180.1615   191274         
   2445     7      180.1416    52                    180.1615   191306         
   2451    13      190.2070    65                    180.1615   191851         
   2460    22      181.4262    49                    180.1615   192191         
Elapsed time = 103.36 sec. (91635.39 ticks, tree = 0.41 MB, solutions = 0)
   2470    32      181.4262    43                    180.1615   192753         
   2479    40      205.4295    44                    180.1615   193362         
   2487    48      205.5771    35                    180.1615   194454         
   2506    67      208.9239    29                    180.1615   195069         
   2525    82      184.0743    64                    180.1615   196019         
   2530    87      207.2854    79                    180.1615   197150         
   2554   111      186.7290    59                    180.1615   198796         
   2585   139      198.2441    35                    180.1615   201055         
   2611   158      180.1717    48                    180.1615   202726         
   2642   189      183.7511    41                    180.1615   204505         
Elapsed time = 118.17 sec. (102645.11 ticks, tree = 1.82 MB, solutions = 0)
   2680   218      188.1716    45                    180.1615   206908         
   2709   243      186.3701    71                    180.1615   209116         
   2730   264      192.0878    60                    180.1615   211055         
   2758   291      196.2698    41                    180.1615   213787         
   2793   310      218.4788     6                    180.1615   216172         
   2835   349      199.7060    29                    180.1615   218676         
   2854   364      240.0012    58                    180.1615   220426         
   2880   384      191.5135    87                    180.1615   222914         
   2894   398      215.1995    69                    180.1615   224193         
   2920   419      180.1485    59                    180.1615   226917         
Elapsed time = 135.02 sec. (113887.65 ticks, tree = 3.38 MB, solutions = 0)
   2967   466      204.3552    43                    180.1615   230788         
   3005   494      203.6870    36                    180.1615   234289         
   3041   518      223.6975    68                    180.1615   237062         
   3085   562      195.9742    37                    180.1615   239598         
   3132   598      180.1500    47                    180.1615   242165         
   3160   626      180.2966    39                    180.1615   244789         
   3239   689      180.2165    50                    180.1615   247810         
   3293   738      212.3940    40                    180.1615   250425         
   3330   773      214.4093    31                    180.1615   253912         
   3550   951      198.3302    57                    180.1698   266675         
Elapsed time = 150.64 sec. (127019.12 ticks, tree = 4.11 MB, solutions = 0)
   3787  1158      183.2013    44                    180.1732   278664         
   4026  1357      198.2966    42                    180.1822   291986         
*  4275  1379      integral     0      222.4163      180.1928   303767   18.98%
   4286  1387      209.3310    40      222.4163      180.1928   305292   18.98%
   4498  1553      221.2142    33      222.4163      180.1977   319805   18.98%
   4741  1748      180.2151    55      222.4163      180.2036   332066   18.98%
   5033  1980      187.1563    38      222.4163      180.2103   346114   18.98%
   5346  2242      182.9396    57      222.4163      180.2184   358713   18.97%
   5666  2516      183.7323    53      222.4163      180.2212   372718   18.97%
   5967  2765      184.3167    37      222.4163      180.2419   386998   18.96%
   6192  2950      200.9627    31      222.4163      180.2493   400182   18.96%
Elapsed time = 212.01 sec. (165243.94 ticks, tree = 6.94 MB, solutions = 1)
   6508  3217      183.3371    46      222.4163      180.2516   412444   18.96%
   6817  3475      220.1829    31      222.4163      180.2624   424415   18.95%
   7110  3711      183.0730    49      222.4163      180.2704   437562   18.95%
   7440  3981      222.4162    17      222.4163      180.2925   449167   18.94%
   7765  4250      187.1960    51      222.4163      180.3102   463209   18.93%
   8115  4538      189.8802    39      222.4163      180.3292   477214   18.92%
   8493  4847      190.8679    40      222.4163      180.3467   490285   18.91%
   8815  5096      222.3296    34      222.4163      180.3645   504430   18.91%
   9116  5308      181.4749    66      222.4163      180.3968   518250   18.89%
   9440  5563      184.3211    52      222.4163      180.4161   529602   18.88%
Elapsed time = 281.83 sec. (204459.63 ticks, tree = 10.59 MB, solutions = 1)
   9795  5860      182.8618    55      222.4163      180.4402   542540   18.87%
  10126  6119      192.6041    49      222.4163      180.4662   555099   18.86%
* 10237  6157      integral     0      222.1605      180.4842   560416   18.76%
  10360  6250      181.1789    72      222.1605      180.4877   570094   18.76%
  10642  6470      183.9418    46      222.1605      180.5204   583645   18.74%
  10912  6688      188.8117    38      222.1605      180.5545   598589   18.73%
  11188  6895      180.6515    60      222.1605      180.5694   613175   18.72%
  11520  7169        cutoff            222.1605      180.5970   627784   18.71%
  11844  7421      196.7465    29      222.1605      180.6165   642450   18.70%
  12194  7689      216.3155    40      222.1605      180.6494   656749   18.69%
  12472  7908      219.4278    15      222.1605      180.6681   667391   18.68%
Elapsed time = 343.41 sec. (242659.23 ticks, tree = 13.71 MB, solutions = 2)
  12777  8158      187.0043    58      222.1605      180.6824   681395   18.67%
  13020  8365      182.2876    96      222.1605      180.6827   694605   18.67%
  13385  8671      217.6737    37      222.1605      180.7326   707581   18.65%
  13691  8913      182.4463    49      222.1605      180.7457   722596   18.64%
  13940  9119      206.2587    45      222.1605      180.7457   738052   18.64%
  14157  9289      208.3825    44      222.1605      180.7544   754185   18.64%
  14484  9535      218.2908    31      222.1605      180.7960   768157   18.62%
  14763  9753      215.0973    37      222.1605      180.8394   782110   18.60%
  15101 10018      219.8233     7      222.1605      180.8689   795531   18.59%
  15430 10273      181.4068    73      222.1605      180.9026   808346   18.57%
Elapsed time = 397.92 sec. (280905.77 ticks, tree = 17.13 MB, solutions = 2)
  15683 10493      184.0049    57      222.1605      180.9026   820425   18.57%
  15965 10732      181.0819    69      222.1605      180.9026   836575   18.57%
  16232 10944      186.5915    66      222.1605      180.9026   851313   18.57%
  16578 11233      185.5338    62      222.1605      180.9452   862713   18.55%
* 16840+11020                          221.3225      180.9609            18.24%
  16935 11096      208.7723    37      221.3225      180.9669   875872   18.23%
* 16940+ 9395                          217.0763      180.9669            16.63%
* 16940+ 8674                          212.0335      180.9669            14.65%
  17034  8740      197.2521    46      212.0335      180.9764   881518   14.65%
  17264  8927      204.7375    47      212.0335      180.9924   892924   14.64%
  17520  9120      202.9541    46      212.0335      181.0131   905791   14.63%
  17786  9317      183.0312    76      212.0335      181.0515   919289   14.61%
  18104  9556      181.0639    52      212.0335      181.0639   933122   14.61%
Elapsed time = 459.76 sec. (319196.31 ticks, tree = 16.12 MB, solutions = 5)
  18386  9778      193.4070    49      212.0335      181.0816   947320   14.60%
  18631  9974      196.7366    49      212.0335      181.0957   961357   14.59%
  18941 10230      209.7607    34      212.0335      181.1083   974379   14.59%
  19270 10487      182.4848    50      212.0335      181.1165   987613   14.58%
  19532 10673      181.1667    65      212.0335      181.1237  1002833   14.58%
  19832 10925      209.8616    41      212.0335      181.1313  1017077   14.57%
  20106 11139      202.2767    38      212.0335      181.1345  1031477   14.57%
  20436 11393      207.2027    20      212.0335      181.1423  1045988   14.57%
  20689 11595      181.1473    50      212.0335      181.1473  1059454   14.57%
  20927 11788      204.1449    46      212.0335      181.1487  1074413   14.57%
Elapsed time = 514.61 sec. (357556.55 ticks, tree = 19.17 MB, solutions = 5)
  21210 12028      181.1491    50      212.0335      181.1491  1089088   14.57%
  21509 12274      181.6643    72      212.0335      181.1538  1099995   14.56%
  21850 12552      181.2326    72      212.0335      181.1566  1113806   14.56%
  22111 12750      181.2570    55      212.0335      181.1595  1129135   14.56%
  22332 12927      188.6322    50      212.0335      181.1622  1145340   14.56%
  22569 13116      198.2268    39      212.0335      181.1657  1158940   14.56%
  22865 13332      181.3210    53      212.0335      181.1729  1173208   14.55%
  23212 13604      193.8630    46      212.0335      181.1838  1187351   14.55%
* 23415 13625      integral     0      211.4641      181.1886  1197736   14.32%
* 23416 13542      integral     0      211.2123      181.1886  1197740   14.21%
  23477 13598      181.6566    37      211.2123      181.1894  1199132   14.21%
* 23516+13012                          208.7945      181.1894            13.22%
  23692 13131      185.3179    62      208.7945      181.1909  1209819   13.22%
Elapsed time = 562.99 sec. (395832.75 ticks, tree = 20.95 MB, solutions = 8)
  23969 13349      182.9853    55      208.7945      181.1963  1223773   13.22%
  24262 13564      181.2103    67      208.7945      181.2048  1237973   13.21%
  24533 13762      190.7742    45      208.7945      181.2070  1250977   13.21%
  24842 13987      189.5017    47      208.7945      181.2097  1265419   13.21%
  25160 14237      186.8993    59      208.7945      181.2138  1279109   13.21%
  25478 14481      181.4185    57      208.7945      181.2222  1293312   13.21%
  25757 14703      181.2379    54      208.7945      181.2253  1308082   13.20%
  25998 14900      194.0656    45      208.7945      181.2253  1322946   13.20%
  26271 15109      181.2725    52      208.7945      181.2300  1337670   13.20%
  26557 15337      197.4607    36      208.7945      181.2349  1351985   13.20%
Elapsed time = 610.78 sec. (434056.95 ticks, tree = 23.96 MB, solutions = 8)
  26840 15550      184.5600    44      208.7945      181.2378  1366028   13.20%
  27147 15782      205.1520    28      208.7945      181.2401  1380523   13.20%
  27503 16056      189.0477    49      208.7945      181.2469  1393974   13.19%
  27796 16271      185.0792    56      208.7945      181.2537  1407949   13.19%
  28182 16556      199.3401    46      208.7945      181.2575  1421480   13.19%
  28489 16797      182.2303    69      208.7945      181.2616  1436004   13.19%
  28766 17002      207.8995     7      208.7945      181.2687  1450070   13.18%
  29032 17194      181.6913    70      208.7945      181.2732  1463876   13.18%
  29356 17457      197.3614    48      208.7945      181.2747  1476662   13.18%
  29604 17652      202.6096    36      208.7945      181.2774  1490351   13.18%
Elapsed time = 651.47 sec. (472332.02 ticks, tree = 27.80 MB, solutions = 8)
  29913 17890      188.8663    34      208.7945      181.2837  1504433   13.18%
  30227 18127      181.3509    60      208.7945      181.2921  1519117   13.17%
  30527 18366      203.1328    40      208.7945      181.3010  1532293   13.17%
  30844 18615      181.3366    82      208.7945      181.3020  1547084   13.17%
  31147 18842      181.4696    48      208.7945      181.3068  1560781   13.16%
  31476 19093      199.1076    48      208.7945      181.3140  1573850   13.16%
  31772 19311      194.6389    52      208.7945      181.3240  1587898   13.16%
  32063 19534      181.3422    40      208.7945      181.3264  1602117   13.16%
  32365 19749      181.3408    49      208.7945      181.3331  1616725   13.15%
* 32463 19821      integral     0      208.7712      181.3352  1621345   13.14%
Elapsed time = 689.10 sec. (508026.65 ticks, tree = 30.76 MB, solutions = 9)
  32614 19936      207.5765    33      208.7712      181.3394  1626243   13.14%
  32900 20144      184.9620    62      208.7712      181.3418  1640019   13.14%
  33202 20360      189.2509    41      208.7712      181.3479  1654329   13.14%
  33514 20602      184.2613    57      208.7712      181.3516  1668380   13.13%
  33780 20820      205.4281     9      208.7712      181.3626  1683841   13.13%
  34137 21082      190.7304    54      208.7712      181.3657  1697738   13.13%
  34433 21305      181.4891    71      208.7712      181.3732  1711486   13.12%
  34732 21534      181.4775    60      208.7712      181.3789  1725765   13.12%
  35050 21781      189.1188    55      208.7712      181.3865  1738026   13.12%
  35339 22007      186.2365    57      208.7712      181.3912  1751601   13.11%
Elapsed time = 729.39 sec. (546315.16 ticks, tree = 33.74 MB, solutions = 9)
  35623 22217      186.8158    57      208.7712      181.3994  1766570   13.11%
  35904 22437      196.8736    47      208.7712      181.4023  1779983   13.11%
  36222 22685      206.9044    41      208.7712      181.4044  1793754   13.11%
  36463 22869      200.9464    42      208.7712      181.4066  1808012   13.11%
  36798 23137      191.7107    48      208.7712      181.4081  1821724   13.11%
  37055 23313      197.3431    52      208.7712      181.4116  1837140   13.11%
  37367 23559      184.5283    61      208.7712      181.4126  1850829   13.10%
  37625 23759      184.2562    51      208.7712      181.4139  1866219   13.10%
  37866 23929      206.5080    48      208.7712      181.4170  1881729   13.10%
  38099 24112      194.7298    42      208.7712      181.4195  1896921   13.10%
Elapsed time = 770.98 sec. (584535.35 ticks, tree = 36.62 MB, solutions = 9)
  38441 24374      194.7846    78      208.7712      181.4224  1909497   13.10%
* 38486 20507      integral     0      203.6784      181.4228  1912020   10.93%
* 38586+20542                          203.6437      181.4245            10.91%
* 38586+20400                          203.3919      181.4245            10.80%
  38663 20458      202.8935    37      203.3919      181.4253  1920945   10.80%
  38990 20705      194.3197    33      203.3919      181.4271  1933685   10.80%
  39306 20966      190.4588    48      203.3919      181.4286  1947779   10.80%
  39652 21230      190.7471    36      203.3919      181.4337  1960399   10.80%
  39967 21478      203.1402    27      203.3919      181.4360  1973498   10.79%
  40239 21680      196.6210    41      203.3919      181.4360  1987915   10.79%
  40440 21827      191.9728    35      203.3919      181.4370  2002591   10.79%
  40676 21995      202.2923    31      203.3919      181.4382  2017847   10.79%
  40947 22176      183.4638    54      203.3919      181.4421  2031724   10.79%
Elapsed time = 812.57 sec. (623103.73 ticks, tree = 33.62 MB, solutions = 12)
  41211 22374      184.8007    50      203.3919      181.4433  2046288   10.79%
  41450 22573      195.6953    49      203.3919      181.4436  2060062   10.79%
  41711 22766      196.4066    38      203.3919      181.4478  2074989   10.79%
  41970 22952      203.0002    28      203.3919      181.4527  2090800   10.79%
  42227 23141      191.3213    56      203.3919      181.4527  2106394   10.79%
  42448 23308      182.5240    52      203.3919      181.4537  2117975   10.79%
  42751 23549      181.5407    46      203.3919      181.4560  2131675   10.79%
  43025 23743      181.5002    64      203.3919      181.4588  2145442   10.78%
  43296 23937      200.2879    36      203.3919      181.4641  2159812   10.78%
  43566 24123      203.0426    33      203.3919      181.4723  2174689   10.78%
Elapsed time = 855.83 sec. (661416.77 ticks, tree = 36.28 MB, solutions = 12)
  43797 24294        cutoff            203.3919      181.4727  2188768   10.78%
  44068 24496      189.6686    48      203.3919      181.4737  2203266   10.78%
  44325 24668        cutoff            203.3919      181.4800  2218556   10.77%
  44590 24862      193.5718    40      203.3919      181.4837  2228197   10.77%
  44864 25074      183.7432    47      203.3919      181.4837  2243229   10.77%
  45097 25256      181.9317    58      203.3919      181.4868  2257186   10.77%
  45460 25526      181.5121    54      203.3919      181.4921  2269572   10.77%
  45708 25707      184.7397    55      203.3919      181.4950  2284264   10.77%
  46037 25963      181.4968    49      203.3919      181.4968  2297627   10.76%
  46330 26195      191.1170    43      203.3919      181.4979  2311104   10.76%
Elapsed time = 906.89 sec. (699692.67 ticks, tree = 39.12 MB, solutions = 12)
  46631 26435      182.1593    60      203.3919      181.5017  2325667   10.76%
  46916 26668      184.0936    56      203.3919      181.5031  2340490   10.76%
  47139 26813      199.6992    43      203.3919      181.5049  2356096   10.76%
  47437 27045      187.6016    59      203.3919      181.5076  2368844   10.76%
  47676 27222      182.3240    75      203.3919      181.5095  2383990   10.76%
  47905 27385      185.8295    54      203.3919      181.5095  2399244   10.76%
  48272 27684      198.5346    40      203.3919      181.5121  2411742   10.76%
  48504 27859      185.7882    47      203.3919      181.5138  2426977   10.76%
  48776 28058      185.6929    45      203.3919      181.5185  2440149   10.75%
  49106 28317      200.5547    38      203.3919      181.5213  2454163   10.75%
Elapsed time = 957.59 sec. (737956.07 ticks, tree = 42.02 MB, solutions = 12)
  49397 28538      202.4850    30      203.3919      181.5240  2467827   10.75%
  49699 28762      184.6555    47      203.3919      181.5276  2483415   10.75%
  50005 28992      186.9540    48      203.3919      181.5276  2498194   10.75%
  50257 29176        cutoff            203.3919      181.5276  2512137   10.75%
  50516 29377      188.1507    42      203.3919      181.5276  2526557   10.75%
  50798 29582      182.4463    49      203.3919      181.5276  2540840   10.75%
  51058 29776      181.7138    54      203.3919      181.5276  2556136   10.75%
  51313 29965      188.8064    47      203.3919      181.5276  2570380   10.75%
  51557 30149      194.3648    53      203.3919      181.5276  2583855   10.75%
  51784 30320      195.1804    40      203.3919      181.5289  2599766   10.75%
Elapsed time = 1008.41 sec. (776238.60 ticks, tree = 44.75 MB, solutions = 12)
  52097 30575      199.0354    37      203.3919      181.5316  2612401   10.75%
  52356 30770      185.2791    48      203.3919      181.5324  2627920   10.75%
  52619 30964      199.8540    36      203.3919      181.5351  2642275   10.75%
  52901 31174      198.7553    43      203.3919      181.5361  2656790   10.75%
  53168 31361      202.2190    26      203.3919      181.5361  2672894   10.75%
  53445 31565      187.5464    46      203.3919      181.5361  2686897   10.75%
  53690 31751      189.6206    36      203.3919      181.5361  2701916   10.75%
  53960 31962      185.2252    49      203.3919      181.5361  2716437   10.75%
  54250 32183      199.9839    22      203.3919      181.5388  2729842   10.74%
  54499 32370      181.7978    54      203.3919      181.5415  2740454   10.74%
Elapsed time = 1068.45 sec. (814452.66 ticks, tree = 47.55 MB, solutions = 12)
  54791 32590      183.8301    70      203.3919      181.5444  2755054   10.74%
  55049 32780      185.8571    62      203.3919      181.5476  2769533   10.74%
  55313 32980      182.6894    45      203.3919      181.5482  2783133   10.74%
  55483 33111      189.5591    59      203.3919      181.5483  2791419   10.74%
  55759 33318      187.7674    54      203.3919      181.5494  2805645   10.74%
  56000 33498      184.2634    63      203.3919      181.5518  2820294   10.74%
  56332 33770        cutoff            203.3919      181.5522  2833597   10.74%
  56572 33936      182.6091    50      203.3919      181.5553  2848208   10.74%
  56851 34154      185.8012    52      203.3919      181.5569  2863176   10.74%
  57137 34373      193.1204    41      203.3919      181.5591  2877082   10.73%
Elapsed time = 1118.87 sec. (852847.13 ticks, tree = 51.66 MB, solutions = 12)
  57427 34611      184.6929    45      203.3919      181.5591  2890957   10.73%
  57646 34774      195.0672    36      203.3919      181.5597  2903655   10.73%
  57916 34967      188.5937    45      203.3919      181.5617  2917835   10.73%
  58161 35146      181.7355    84      203.3919      181.5645  2932635   10.73%
  58459 35378      181.7506    63      203.3919      181.5648  2946046   10.73%
  58735 35595      190.2072    40      203.3919      181.5661  2960570   10.73%
  59016 35805      184.7986    52      203.3919      181.5671  2973991   10.73%
  59309 36029      202.3684    23      203.3919      181.5681  2988397   10.73%
  59645 36272      202.6576    17      203.3919      181.5716  3001445   10.73%
  59993 36557      197.4020    37      203.3919      181.5750  3014054   10.73%
Elapsed time = 1169.27 sec. (891089.14 ticks, tree = 54.65 MB, solutions = 12)
  60290 36785      198.9591    37      203.3919      181.5775  3027531   10.73%
  60656 37076      198.5143    31      203.3919      181.5809  3040027   10.72%
  60985 37334      183.2649    52      203.3919      181.5848  3052075   10.72%
  61291 37574      181.6604    53      203.3919      181.5877  3064996   10.72%
  61500 37736      186.9849    47      203.3919      181.5885  3076158   10.72%
  61772 37931      202.8327    34      203.3919      181.5918  3089784   10.72%
  62002 38105      181.7861    47      203.3919      181.5918  3105000   10.72%
  62233 38265      202.9751    52      203.3919      181.5918  3120307   10.72%
  62435 38409      182.3170    56      203.3919      181.5918  3135393   10.72%
  62662 38564      182.4211    72      203.3919      181.5918  3150519   10.72%
Elapsed time = 1218.89 sec. (929419.92 ticks, tree = 57.51 MB, solutions = 12)
  62838 38683      192.8131    44      203.3919      181.5918  3166574   10.72%
  63058 38840      189.7656    53      203.3919      181.5918  3182477   10.72%
  63291 39009      197.7219    49      203.3919      181.5918  3196414   10.72%
  63483 39142      183.1042    66      203.3919      181.5923  3210074   10.72%
  63794 39370        cutoff            203.3919      181.5955  3221680   10.72%
  64059 39552        cutoff            203.3919      181.6003  3236314   10.71%
  64348 39774      184.4699    50      203.3919      181.6057  3249482   10.71%
  64604 39964      188.5169    47      203.3919      181.6101  3262191   10.71%
  64902 40171      186.8689    43      203.3919      181.6134  3275957   10.71%
  65188 40384      189.1055    60      203.3919      181.6172  3290103   10.71%
Elapsed time = 1268.94 sec. (967671.47 ticks, tree = 60.07 MB, solutions = 12)
  65449 40583      183.1596    49      203.3919      181.6224  3302268   10.70%
  65823 40879      187.8986    43      203.3919      181.6293  3314419   10.70%
  66170 41145      189.7634    42      203.3919      181.6351  3326703   10.70%
  66460 41370      197.8938    34      203.3919      181.6409  3338068   10.69%
  66747 41567      197.0171    34      203.3919      181.6464  3353043   10.69%
  67017 41759      183.8090    46      203.3919      181.6509  3366825   10.69%
  67382 42043      181.7166    61      203.3919      181.6538  3379117   10.69%
* 67440+39636                          201.8971      181.6538            10.03%
  67702 39821        cutoff            201.8971      181.6603  3390808   10.02%
  68007 40031      189.2145    48      201.8971      181.6647  3406147   10.02%
  68229 40184      192.0892    39      201.8971      181.6690  3421243   10.02%
Elapsed time = 1318.96 sec. (1005965.87 ticks, tree = 59.87 MB, solutions = 13)
  68447 40327      196.7432    32      201.8971      181.6729  3435006   10.02%
  68721 40536      192.6615    37      201.8971      181.6753  3449188   10.02%
  69025 40767      199.2047    50      201.8971      181.6843  3463368   10.01%
  69268 40937      198.1403    53      201.8971      181.6881  3478406   10.01%
  69517 41121      185.4059    46      201.8971      181.6925  3492327   10.01%
  69768 41303      186.5181    47      201.8971      181.6964  3507344   10.01%
  70073 41519      190.2209    36      201.8971      181.7012  3519291   10.00%
  70371 41733      181.7837    52      201.8971      181.7041  3532653   10.00%
  70590 41901      182.4463    50      201.8971      181.7067  3546300   10.00%
  70835 42072      192.0045    47      201.8971      181.7114  3561053   10.00%
Elapsed time = 1370.16 sec. (1044308.38 ticks, tree = 62.58 MB, solutions = 13)
  71121 42293      197.1826    43      201.8971      181.7145  3574054   10.00%
  71391 42499      198.2579    40      201.8971      181.7151  3588244   10.00%
  71642 42661      188.3119    47      201.8971      181.7180  3604068    9.99%
  71888 42843      195.0910    38      201.8971      181.7207  3619014    9.99%
  72174 43050      185.2227    62      201.8971      181.7247  3632533    9.99%
  72423 43233      186.5181    47      201.8971      181.7271  3647206    9.99%
  72708 43448      198.8527    41      201.8971      181.7312  3660278    9.99%
  72956 43608      182.4463    41      201.8971      181.7353  3674895    9.99%
  73239 43808      181.7756    62      201.8971      181.7394  3688702    9.98%
  73458 43979        cutoff            201.8971      181.7402  3701012    9.98%
Elapsed time = 1421.59 sec. (1082591.48 ticks, tree = 65.20 MB, solutions = 13)
  73716 44175      184.1875    57      201.8971      181.7427  3714236    9.98%
  73983 44373      200.6421    38      201.8971      181.7486  3728746    9.98%
  74277 44559      198.9803    40      201.8971      181.7539  3742503    9.98%
  74551 44760      187.5073    38      201.8971      181.7593  3756468    9.97%
  74791 44931      182.2257    69      201.8971      181.7614  3771726    9.97%
  75028 45100      199.4025    27      201.8971      181.7630  3786463    9.97%
  75314 45294      196.7217    36      201.8971      181.7644  3800356    9.97%
  75581 45498      183.9039    54      201.8971      181.7669  3814278    9.97%
  75858 45698      185.0647    37      201.8971      181.7704  3827806    9.97%
  76119 45892      181.7740    51      201.8971      181.7740  3842463    9.97%
Elapsed time = 1472.03 sec. (1120855.56 ticks, tree = 67.82 MB, solutions = 13)
  76389 46101      185.1849    52      201.8971      181.7754  3856941    9.97%
  76520 46182      190.2784    38      201.8971      181.7756  3864308    9.97%
  76782 46364      182.7373    41      201.8971      181.7815  3877715    9.96%
  77054 46540        cutoff            201.8971      181.7850  3891522    9.96%
  77335 46753      181.7944    49      201.8971      181.7888  3904052    9.96%
  77598 46944      184.0527    58      201.8971      181.7907  3917705    9.96%
  77875 47147      198.3642    38      201.8971      181.7941  3931482    9.96%
  78165 47358      188.5338    52      201.8971      181.8001  3945567    9.95%
  78416 47543      195.8684    40      201.8971      181.8015  3960401    9.95%
  78633 47691      188.8340    45      201.8971      181.8055  3973400    9.95%
Elapsed time = 1520.97 sec. (1159163.86 ticks, tree = 70.34 MB, solutions = 13)
  78907 47879      194.0896    36      201.8971      181.8087  3987521    9.95%
  79167 48058      183.2767    45      201.8971      181.8097  4001378    9.95%
  79430 48243      184.8492    50      201.8971      181.8097  4015679    9.95%
  79690 48420      182.6723    62      201.8971      181.8097  4029964    9.95%
  79924 48595      183.3521    42      201.8971      181.8097  4044944    9.95%
  80176 48778      187.6236    36      201.8971      181.8097  4059416    9.95%
  80431 48961      193.5819    40      201.8971      181.8097  4073833    9.95%
  80624 49082      198.7652    37      201.8971      181.8097  4085774    9.95%
  80868 49255      183.3180    46      201.8971      181.8097  4100676    9.95%
  81085 49397      183.2152    49      201.8971      181.8097  4115866    9.95%
Elapsed time = 1563.79 sec. (1197403.14 ticks, tree = 72.68 MB, solutions = 13)
  81294 49536      189.8202    50      201.8971      181.8097  4131380    9.95%
  81488 49669      201.2260    27      201.8971      181.8097  4145663    9.95%
  81714 49833      190.1314    46      201.8971      181.8097  4160510    9.95%
  81944 50008      201.1778    49      201.8971      181.8097  4175044    9.95%
  82188 50189      181.8130    45      201.8971      181.8130  4189166    9.95%
  82503 50413      181.9749    56      201.8971      181.8181  4201902    9.95%
  82783 50615      185.8779    56      201.8971      181.8202  4216867    9.94%
  83033 50793      192.7278    38      201.8971      181.8224  4230858    9.94%
  83340 51007      181.9466    62      201.8971      181.8247  4244081    9.94%
  83578 51164      190.5163    48      201.8971      181.8302  4260646    9.94%
Elapsed time = 1632.26 sec. (1235757.02 ticks, tree = 75.10 MB, solutions = 13)
  83839 51337      187.2466    39      201.8971      181.8311  4273836    9.94%
  84111 51534      190.2469    38      201.8971      181.8353  4287688    9.94%
  84416 51768      181.8614    60      201.8971      181.8386  4301588    9.94%
  84654 51942      200.5287    29      201.8971      181.8417  4313794    9.93%
  84920 52118      196.5797    42      201.8971      181.8453  4328155    9.93%
  85177 52273      182.2005    67      201.8971      181.8503  4341642    9.93%
  85440 52460      190.4571    44      201.8971      181.8537  4355285    9.93%
  85751 52670      183.4165    58      201.8971      181.8597  4369362    9.92%
  85995 52828      182.4998    61      201.8971      181.8658  4383309    9.92%
  86290 53016      193.3877    42      201.8971      181.8666  4397022    9.92%
Elapsed time = 1677.83 sec. (1274165.82 ticks, tree = 77.63 MB, solutions = 13)
  86511 53175      187.7073    43      201.8971      181.8706  4410817    9.92%
  86789 53368        cutoff            201.8971      181.8747  4425101    9.92%
  87073 53536      197.6917    39      201.8971      181.8785  4439007    9.92%
  87341 53714      192.3306    48      201.8971      181.8845  4451831    9.91%
  87621 53916      183.3991    58      201.8971      181.8891  4466433    9.91%
  87877 54092      200.8367    34      201.8971      181.8933  4480227    9.91%
  88141 54278      181.8982    55      201.8971      181.8982  4493740    9.91%
  88379 54448      184.6442    85      201.8971      181.9010  4508808    9.90%
  88650 54629      182.6312    63      201.8971      181.9040  4522894    9.90%
  88940 54831      183.8492    47      201.8971      181.9078  4536652    9.90%
Elapsed time = 1718.25 sec. (1312427.33 ticks, tree = 80.12 MB, solutions = 13)
  89188 54988      184.1803    61      201.8971      181.9156  4550752    9.90%
  89464 55177      182.8686    63      201.8971      181.9234  4564357    9.89%
  89742 55365      192.5012    33      201.8971      181.9301  4578346    9.89%
  89983 55527      197.1532    36      201.8971      181.9391  4592549    9.89%
  90274 55734      196.7072    45      201.8971      181.9401  4606017    9.88%
  90522 55888      191.1912    38      201.8971      181.9440  4620288    9.88%
  90817 56105      192.8441    42      201.8971      181.9523  4633358    9.88%
  91073 56286      200.4328    33      201.8971      181.9557  4646643    9.88%
  91357 56503      182.6635    50      201.8971      181.9635  4661051    9.87%
  91603 56658      182.2051    62      201.8971      181.9681  4675393    9.87%
Elapsed time = 1762.95 sec. (1350674.02 ticks, tree = 82.94 MB, solutions = 13)
  91907 56873      183.7420    56      201.8971      181.9737  4688906    9.87%
  92175 57066      181.9811    61      201.8971      181.9801  4703133    9.86%
  92440 57248      181.9830    53      201.8971      181.9830  4716365    9.86%
  92680 57414      182.8786    68      201.8971      181.9884  4730668    9.86%
  92954 57615      182.8842    58      201.8971      181.9905  4744734    9.86%
  93226 57801      182.1674    80      201.8971      181.9968  4759690    9.86%
  93432 57931        cutoff            201.8971      181.9994  4774349    9.86%
  93669 58094      197.3472    45      201.8971      182.0022  4786886    9.85%
  93968 58294      184.9068    42      201.8971      182.0051  4800530    9.85%
  94275 58509      187.4031    62      201.8971      182.0081  4813574    9.85%
Elapsed time = 1808.33 sec. (1389312.54 ticks, tree = 85.47 MB, solutions = 13)
  94604 58761      188.2788    39      201.8971      182.0121  4827135    9.85%
  94872 58948      183.7420    35      201.8971      182.0167  4840412    9.85%
  95120 59109      194.1267    47      201.8971      182.0232  4854888    9.84%
  95388 59288      183.1183    73      201.8971      182.0300  4868288    9.84%
  95579 59427      188.6135    43      201.8971      182.0309  4880104    9.84%
  95774 59569      187.0258    49      201.8971      182.0309  4895563    9.84%
  96027 59749      189.3533    44      201.8971      182.0327  4909643    9.84%
  96251 59912      182.1172    52      201.8971      182.0348  4923981    9.84%
  96503 60087      182.4309    71      201.8971      182.0395  4938306    9.84%
  96749 60268      183.1634    57      201.8971      182.0428  4953656    9.83%
Elapsed time = 1852.22 sec. (1427599.74 ticks, tree = 87.88 MB, solutions = 13)
  97056 60467      182.1375    75      201.8971      182.0467  4965794    9.83%
  97374 60717      188.2886    38      201.8971      182.0492  4978542    9.83%
  97677 60939        cutoff            201.8971      182.0524  4992226    9.83%
  97993 61158      189.8046    36      201.8971      182.0564  5005655    9.83%
  98229 61324      192.1023    46      201.8971      182.0611  5019547    9.82%
  98489 61513      184.3921    46      201.8971      182.0646  5032854    9.82%
  98752 61685      182.6060    46      201.8971      182.0672  5046457    9.82%
  99048 61904      182.3829    61      201.8971      182.0696  5058093    9.82%
  99298 62068      183.2547    55      201.8971      182.0731  5072633    9.82%
  99525 62225      191.8858    45      201.8971      182.0771  5087305    9.82%
Elapsed time = 1896.02 sec. (1465807.68 ticks, tree = 90.64 MB, solutions = 13)
  99792 62435      183.2688    49      201.8971      182.0810  5100824    9.81%
 100082 62651      195.7440    42      201.8971      182.0859  5114298    9.81%
 100369 62858      199.3850    22      201.8971      182.0893  5127975    9.81%
 100654 63039      182.8263    54      201.8971      182.0947  5142198    9.81%
 100895 63195      182.1399    72      201.8971      182.0984  5156634    9.81%
 101186 63402      183.1205    53      201.8971      182.1025  5170039    9.80%
 101475 63598      183.7188    67      201.8971      182.1063  5183162    9.80%
 101766 63809      188.1183    44      201.8971      182.1127  5196643    9.80%
 102040 63998      183.7991    48      201.8971      182.1189  5209096    9.80%
 102389 64259      196.6807    39      201.8971      182.1230  5222525    9.79%
Elapsed time = 1940.69 sec. (1504086.84 ticks, tree = 93.43 MB, solutions = 13)
 102613 64398      199.5133    34      201.8971      182.1287  5234568    9.79%
 102879 64587      193.7692    41      201.8971      182.1348  5248580    9.79%
 103160 64777      185.8821    35      201.8971      182.1371  5262813    9.79%
 103432 64972      184.3326    47      201.8971      182.1371  5276905    9.79%
 103657 65118      192.5336    38      201.8971      182.1371  5289056    9.79%
 103930 65294      189.0967    51      201.8971      182.1460  5303642    9.78%
 104262 65536      186.3139    53      201.8971      182.1504  5315550    9.78%
 104486 65669      182.1545    67      201.8971      182.1547  5327940    9.78%
 104736 65843      195.3296    34      201.8971      182.1581  5342350    9.78%
 105022 66030      200.7009    24      201.8971      182.1640  5356381    9.77%
Elapsed time = 1984.93 sec. (1542399.50 ticks, tree = 98.77 MB, solutions = 13)
 105297 66211      184.6126    56      201.8971      182.1677  5369754    9.77%
 105586 66418      182.9769    53      201.8971      182.1697  5383348    9.77%
 105845 66580      193.1615    39      201.8971      182.1728  5396767    9.77%
 106085 66721      183.6705    48      201.8971      182.1797  5409933    9.77%
 106348 66881      193.3995    53      201.8971      182.1840  5423847    9.76%
 106556 66997      183.7410    53      201.8971      182.1867  5435497    9.76%
 106839 67182      193.1923    36      201.8971      182.1924  5449626    9.76%
 107084 67339      200.2640    40      201.8971      182.1977  5464359    9.76%
 107348 67527      195.4722    25      201.8971      182.1998  5478700    9.76%
 107630 67689      185.7177    49      201.8971      182.2038  5491765    9.75%
Elapsed time = 2030.13 sec. (1580648.85 ticks, tree = 101.12 MB, solutions = 13)
 107879 67838      182.9600    58      201.8971      182.2091  5506058    9.75%
 108111 67997      200.3785    41      201.8971      182.2119  5520954    9.75%
 108400 68189      199.9608    11      201.8971      182.2171  5534956    9.75%
 108657 68368      194.8116    33      201.8971      182.2238  5549591    9.74%
 108894 68523      189.4959    36      201.8971      182.2284  5563668    9.74%
 109129 68679      196.9467    36      201.8971      182.2313  5579294    9.74%
 109407 68863      194.7531    41      201.8971      182.2359  5592743    9.74%
 109691 69039      187.2531    43      201.8971      182.2383  5607057    9.74%
 109975 69240      201.2380    12      201.8971      182.2383  5620863    9.74%
 110257 69433      183.8492    42      201.8971      182.2383  5634016    9.74%
Elapsed time = 2075.24 sec. (1618852.03 ticks, tree = 103.52 MB, solutions = 13)
 110492 69588      190.6763    37      201.8971      182.2383  5646450    9.74%
 110772 69799      201.2154    36      201.8971      182.2383  5659812    9.74%
*110942 67715      integral     0      201.3262      182.2383  5667703    9.48%
 111033 67781      198.7309    25      201.3262      182.2383  5673896    9.48%
*111042+67755                          201.3205      182.2383             9.48%
 111286 67928      190.9168    41      201.3205      182.2383  5686729    9.48%
 111499 68068      190.4358    39      201.3205      182.2383  5702192    9.48%
 111782 68268      185.8510    53      201.3205      182.2383  5715939    9.48%
 111992 68410      195.8957    45      201.3205      182.2383  5730420    9.48%
 112219 68561      186.0593    43      201.3205      182.2383  5744451    9.48%
 112453 68703      188.7278    37      201.3205      182.2383  5756227    9.48%
 112696 68851      184.8807    54      201.3205      182.2383  5769405    9.48%
Elapsed time = 2120.00 sec. (1657129.57 ticks, tree = 102.68 MB, solutions = 15)
 112948 69020      194.6217    35      201.3205      182.2389  5782553    9.48%
 113224 69226      184.0354    46      201.3205      182.2407  5796500    9.48%
 113495 69432      187.3020    34      201.3205      182.2424  5808620    9.48%
 113776 69615      196.7416    31      201.3205      182.2456  5823111    9.47%
 114030 69783      197.2323    48      201.3205      182.2496  5837222    9.47%
 114307 69974      186.8027    50      201.3205      182.2516  5850731    9.47%
 114563 70151      190.8394    39      201.3205      182.2540  5864915    9.47%
 114783 70305      191.4035    48      201.3205      182.2540  5880342    9.47%
 115017 70461      188.0454    39      201.3205      182.2540  5895158    9.47%
 115218 70579      192.1418    35      201.3205      182.2540  5909967    9.47%
Elapsed time = 2165.13 sec. (1695340.13 ticks, tree = 105.06 MB, solutions = 15)
 115443 70711      183.8426    47      201.3205      182.2609  5924012    9.47%
 115684 70859      182.6524    71      201.3205      182.2655  5937663    9.46%
 115908 71010      196.7040    42      201.3205      182.2685  5952723    9.46%
 116140 71178      196.8966    43      201.3205      182.2685  5968020    9.46%
 116382 71326      193.3792    51      201.3205      182.2753  5982161    9.46%
 116596 71488      187.0231    57      201.3205      182.2755  5997104    9.46%
 116872 71655      192.6302    49      201.3205      182.2794  6011112    9.46%
 117182 71863      195.4097    36      201.3205      182.2834  6024726    9.46%
 117442 72030      194.8076    43      201.3205      182.2876  6038622    9.45%
 117701 72182      187.1198    45      201.3205      182.2928  6051973    9.45%
Elapsed time = 2210.91 sec. (1733589.31 ticks, tree = 107.27 MB, solutions = 15)
 117976 72346      182.3916    58      201.3205      182.2970  6065348    9.45%
 118193 72515      200.1862    42      201.3205      182.2974  6079644    9.45%
 118440 72664      182.3019    61      201.3205      182.3019  6094432    9.45%
 118659 72836      184.6465    52      201.3205      182.3020  6109686    9.45%
 118922 73012      182.3971    73      201.3205      182.3046  6124475    9.45%
 119177 73187      195.3240    38      201.3205      182.3061  6139634    9.44%
 119403 73343      194.9117    41      201.3205      182.3084  6155026    9.44%
 119676 73529      188.6360    56      201.3205      182.3119  6168631    9.44%
 119961 73732      187.6186    55      201.3205      182.3151  6182747    9.44%
 120192 73879      195.3271    38      201.3205      182.3199  6197165    9.44%
Elapsed time = 2255.33 sec. (1772023.97 ticks, tree = 109.62 MB, solutions = 15)
 120407 73992      183.9339    53      201.3205      182.3245  6211620    9.44%
 120612 74145      190.4928    43      201.3205      182.3251  6226399    9.44%
 120823 74292      191.6372    42      201.3205      182.3251  6242176    9.44%
 121039 74454      186.9541    48      201.3205      182.3254  6257375    9.44%
 121283 74604      199.1533    24      201.3205      182.3276  6271431    9.43%
 121571 74794      182.3379    54      201.3205      182.3307  6285928    9.43%
 121815 74975      188.9153    52      201.3205      182.3325  6300535    9.43%
 122090 75165      199.2813    44      201.3205      182.3357  6314087    9.43%
 122377 75377      197.0423    55      201.3205      182.3367  6327896    9.43%
 122635 75531      198.7299    31      201.3205      182.3383  6342953    9.43%
Elapsed time = 2300.22 sec. (1810297.80 ticks, tree = 111.90 MB, solutions = 15)
 122870 75696      197.7485    39      201.3205      182.3426  6356553    9.43%
 123151 75894      194.3193    46      201.3205      182.3458  6369534    9.43%
 123440 76097      192.3855    41      201.3205      182.3479  6383714    9.42%
 123701 76267      186.6609    53      201.3205      182.3508  6397518    9.42%
 123993 76460      184.3138    52      201.3205      182.3538  6411622    9.42%
 124295 76699      200.1588    37      201.3205      182.3540  6424638    9.42%
 124532 76881      185.6118    52      201.3205      182.3545  6439536    9.42%
 124797 77055      189.9461    47      201.3205      182.3575  6453448    9.42%
 125059 77224      186.9200    45      201.3205      182.3610  6467156    9.42%
 125290 77392      192.1694    36      201.3205      182.3624  6482462    9.42%
Elapsed time = 2343.98 sec. (1848883.02 ticks, tree = 114.47 MB, solutions = 15)
 125546 77586      190.4168    42      201.3205      182.3634  6493602    9.42%
 125816 77760      191.2037    42      201.3205      182.3668  6508818    9.41%
 126084 77930      182.9537    56      201.3205      182.3702  6522648    9.41%
 126348 78135      193.0368    40      201.3205      182.3709  6537335    9.41%
 126551 78273      182.8852    61      201.3205      182.3727  6549271    9.41%
 126831 78471      191.0066    49      201.3205      182.3743  6563821    9.41%
 127102 78624      190.5252    56      201.3205      182.3787  6577418    9.41%
 127328 78769      184.7193    60      201.3205      182.3817  6592371    9.41%
 127562 78954      182.4110    64      201.3205      182.3817  6606239    9.41%
 127760 79105      194.9095    41      201.3205      182.3818  6622304    9.41%
Elapsed time = 2387.40 sec. (1887118.04 ticks, tree = 116.84 MB, solutions = 15)
 128050 79313      200.4038    49      201.3205      182.3820  6636567    9.41%
 128290 79467      191.1361    42      201.3205      182.3820  6650852    9.41%
 128585 79667      184.3791    62      201.3205      182.3830  6663461    9.41%
 128829 79821      188.7879    46      201.3205      182.3873  6677617    9.40%
 129050 79959      190.5320    42      201.3205      182.3897  6692727    9.40%
 129355 80178        cutoff            201.3205      182.3912  6706178    9.40%
 129585 80341      196.8016    27      201.3205      182.3921  6720940    9.40%
 129869 80529      182.4426    44      201.3205      182.3946  6734464    9.40%
 130109 80698      183.5675    60      201.3205      182.3964  6747041    9.40%
 130380 80874      183.3125    54      201.3205      182.3993  6761321    9.40%
Elapsed time = 2429.11 sec. (1925359.51 ticks, tree = 119.28 MB, solutions = 15)
 130630 81041      183.0310    74      201.3205      182.4007  6774931    9.40%
 130880 81235      195.5978    43      201.3205      182.4007  6788627    9.40%
*131012 80676      integral     0      201.1760      182.4007  6796353    9.33%
*131014 77957      integral     0      200.3697      182.4007  6796391    8.97%
 131114 78035      191.8150    37      200.3697      182.4007  6803218    8.97%
 131360 78220      182.4007    73      200.3697      182.4007  6817197    8.97%
 131587 78391      196.9497    38      200.3697      182.4007  6832187    8.97%
 131799 78534      197.8810    45      200.3697      182.4024  6846547    8.97%
 132039 78693        cutoff            200.3697      182.4049  6860800    8.97%
 132281 78840      187.7006    50      200.3697      182.4067  6874760    8.96%
 132541 79039      195.9127    36      200.3697      182.4083  6889052    8.96%
 132822 79233      186.7343    55      200.3697      182.4104  6902884    8.96%
Elapsed time = 2466.57 sec. (1963969.09 ticks, tree = 116.93 MB, solutions = 17)
 133056 79382      187.9077    38      200.3697      182.4130  6918165    8.96%
 133275 79534      191.1328    57      200.3697      182.4162  6932915    8.96%
 133506 79680      190.3203    48      200.3697      182.4193  6945130    8.96%
 133742 79823      185.4848    49      200.3697      182.4225  6960081    8.96%
 134015 80004      197.8115    40      200.3697      182.4279  6975096    8.95%
 134293 80192      185.2549    48      200.3697      182.4296  6989334    8.95%
 134514 80330      182.4698    68      200.3697      182.4326  7005584    8.95%
 134818 80545      186.5287    47      200.3697      182.4341  7019112    8.95%
 135052 80711      192.4060    45      200.3697      182.4346  7034296    8.95%
 135278 80863      184.4157    59      200.3697      182.4363  7049689    8.95%
Elapsed time = 2503.42 sec. (2002176.26 ticks, tree = 119.24 MB, solutions = 17)
 135535 81065      185.2170    60      200.3697      182.4367  7062082    8.95%
 135762 81210      183.5913    60      200.3697      182.4385  7077191    8.95%
 136005 81383      186.7502    62      200.3697      182.4401  7091568    8.95%
 136223 81536      183.0141    62      200.3697      182.4418  7106548    8.95%
 136516 81748      189.0084    30      200.3697      182.4454  7119171    8.95%
 136802 81954      194.1638    38      200.3697      182.4463  7133505    8.95%
 137056 82148      199.8017    40      200.3697      182.4463  7147197    8.95%
 137309 82344      191.9472    52      200.3697      182.4467  7160945    8.94%
 137507 82496      188.4928    43      200.3697      182.4467  7174811    8.94%
 137715 82638      192.2444    43      200.3697      182.4481  7189901    8.94%
Elapsed time = 2539.98 sec. (2040480.68 ticks, tree = 121.76 MB, solutions = 17)
 137987 82847        cutoff            200.3697      182.4497  7204060    8.94%
 138216 82992      183.9154    41      200.3697      182.4523  7219692    8.94%
 138465 83181      189.2497    46      200.3697      182.4539  7232639    8.94%
 138689 83323      188.5554    46      200.3697      182.4562  7247541    8.94%
 138950 83510      182.4571    46      200.3697      182.4571  7260990    8.94%
 139164 83672      189.1252    69      200.3697      182.4571  7274992    8.94%
 139357 83809      189.5834    39      200.3697      182.4601  7289686    8.94%
 139605 83974      187.6990    48      200.3697      182.4620  7303843    8.94%
 139815 84107      184.0111    49      200.3697      182.4629  7318917    8.94%
 140062 84279      188.9341    69      200.3697      182.4652  7333285    8.94%
Elapsed time = 2578.10 sec. (2078762.77 ticks, tree = 124.03 MB, solutions = 17)
 140322 84463      192.9636    49      200.3697      182.4677  7346878    8.93%
 140542 84606      182.5790    66      200.3697      182.4699  7361223    8.93%
 140775 84760        cutoff            200.3697      182.4726  7375638    8.93%
 141027 84947      189.3243    46      200.3697      182.4733  7389674    8.93%
 141261 85100      186.7428    48      200.3697      182.4763  7404899    8.93%
 141507 85266      182.6046    54      200.3697      182.4788  7420081    8.93%
 141740 85420      186.7264    47      200.3697      182.4810  7435920    8.93%
 141981 85575      188.1816    52      200.3697      182.4823  7451337    8.93%
 142210 85726      197.4075    31      200.3697      182.4840  7466458    8.93%
 142440 85869      197.0145    40      200.3697      182.4856  7479674    8.93%
Elapsed time = 2615.60 sec. (2117287.86 ticks, tree = 126.24 MB, solutions = 17)
 142659 86024      199.5520    31      200.3697      182.4857  7494100    8.93%
 142865 86187      193.2293    48      200.3697      182.4857  7508455    8.93%
 143077 86352        cutoff            200.3697      182.4865  7523454    8.93%
 143324 86505      186.4037    52      200.3697      182.4890  7537028    8.92%
 143501 86637      186.8423    57      200.3697      182.4895  7549520    8.92%
 143702 86799      182.7771    56      200.3697      182.4897  7563643    8.92%
 143968 86977      192.2042    39      200.3697      182.4927  7576984    8.92%
 144231 87165      192.5402    35      200.3697      182.4953  7591475    8.92%
 144513 87352      186.6402    47      200.3697      182.4986  7604910    8.92%
 144761 87518      192.1550    42      200.3697      182.5021  7619673    8.92%
Elapsed time = 2652.28 sec. (2155577.50 ticks, tree = 128.52 MB, solutions = 17)
 144984 87660      189.3065    45      200.3697      182.5039  7632889    8.92%
 145213 87814      200.2325    38      200.3697      182.5062  7647959    8.92%
 145440 87976      187.4002    63      200.3697      182.5088  7660487    8.91%
 145697 88156      184.6697    49      200.3697      182.5130  7674762    8.91%
 145946 88308      197.1674    47      200.3697      182.5148  7688701    8.91%
 146179 88445      183.7069    54      200.3697      182.5183  7702841    8.91%
 146383 88585        cutoff            200.3697      182.5223  7717768    8.91%
 146559 88703      183.5342    50      200.3697      182.5240  7727567    8.91%
 146817 88874      189.9503    49      200.3697      182.5267  7741959    8.91%
 147043 89025      182.5288    43      200.3697      182.5288  7756145    8.90%
Elapsed time = 2689.01 sec. (2193888.46 ticks, tree = 130.68 MB, solutions = 17)
 147286 89185      195.7321    49      200.3697      182.5329  7770048    8.90%
 147497 89319      187.3320    47      200.3697      182.5354  7784156    8.90%
 147697 89445      191.0229    33      200.3697      182.5379  7799107    8.90%
 147942 89599      183.6062    50      200.3697      182.5409  7812899    8.90%
 148199 89780      188.0700    49      200.3697      182.5450  7827561    8.90%
 148400 89913      188.7167    41      200.3697      182.5477  7842309    8.89%
 148625 90070      187.6334    48      200.3697      182.5504  7857451    8.89%
 148881 90272      199.7321    28      200.3697      182.5504  7871853    8.89%
 149099 90419      193.0187    49      200.3697      182.5530  7887688    8.89%
 149337 90586      191.0781    42      200.3697      182.5543  7902026    8.89%
Elapsed time = 2726.19 sec. (2232163.83 ticks, tree = 132.84 MB, solutions = 17)
 149597 90751      187.8107    55      200.3697      182.5567  7915947    8.89%
 149877 90897        cutoff            200.3697      182.5583  7930287    8.89%
 150127 91042      197.9581    50      200.3697      182.5583  7944472    8.89%
 150367 91201      184.1196    38      200.3697      182.5583  7958756    8.89%
 150593 91346      182.9075    53      200.3697      182.5583  7972635    8.89%
 150820 91492      189.3412    47      200.3697      182.5584  7986280    8.89%
 151024 91629      186.9629    48      200.3697      182.5606  8002140    8.89%
 151275 91802      188.6591    54      200.3697      182.5640  8016225    8.89%
 151501 91950      189.4935    38      200.3697      182.5674  8031402    8.88%
 151827 92183      196.6477    38      200.3697      182.5698  8044260    8.88%
Elapsed time = 2763.39 sec. (2270413.54 ticks, tree = 135.05 MB, solutions = 17)
 152037 92311      190.6556    40      200.3697      182.5718  8059291    8.88%
 152281 92470      200.2867    44      200.3697      182.5755  8072410    8.88%
 152532 92632      199.6562    41      200.3697      182.5784  8086718    8.88%
 152771 92769      199.3082    36      200.3697      182.5809  8101883    8.88%
 153023 92923      192.5054    42      200.3697      182.5835  8115755    8.88%
 153257 93061      199.7532    35      200.3697      182.5870  8130395    8.87%
 153488 93190      199.3594    38      200.3697      182.5897  8143425    8.87%
 153723 93326      193.5765    48      200.3697      182.5950  8157669    8.87%
 153964 93465      195.2598    35      200.3697      182.5983  8171960    8.87%
 154181 93604      195.0945    50      200.3697      182.6015  8187319    8.87%
Elapsed time = 2800.78 sec. (2308706.44 ticks, tree = 137.03 MB, solutions = 17)
 154432 93754      191.0333    41      200.3697      182.6049  8201646    8.87%
 154667 93905      184.3166    67      200.3697      182.6073  8216321    8.86%
 154908 94082      187.1808    44      200.3697      182.6091  8231600    8.86%
 155197 94279      185.8903    46      200.3697      182.6112  8245298    8.86%
 155451 94443      182.9103    61      200.3697      182.6140  8259885    8.86%
 155719 94620      182.6174    37      200.3697      182.6174  8273720    8.86%
 155944 94776        cutoff            200.3697      182.6191  8289237    8.86%
 156189 94928      190.8016    53      200.3697      182.6217  8303092    8.86%
 156391 95046      193.6565    38      200.3697      182.6227  8318358    8.86%
 156578 95166      187.6182    43      200.3697      182.6231  8329608    8.86%
Elapsed time = 2838.12 sec. (2346967.38 ticks, tree = 139.19 MB, solutions = 17)
 156840 95332      189.8672    37      200.3697      182.6263  8343356    8.86%
 157071 95467      188.7935    46      200.3697      182.6296  8357975    8.85%
 157348 95652      183.7451    54      200.3697      182.6320  8372254    8.85%
 157570 95804      183.2831    46      200.3697      182.6335  8385427    8.85%
 157799 95948      198.3384    33      200.3697      182.6357  8400464    8.85%
 158021 96096      183.6639    54      200.3697      182.6377  8415490    8.85%
 158236 96230      200.0376    29      200.3697      182.6397  8429767    8.85%
 158440 96355      193.9156    42      200.3697      182.6423  8445776    8.85%
 158673 96509      192.6972    44      200.3697      182.6457  8460593    8.85%
 158926 96691      193.1742    39      200.3697      182.6483  8475113    8.84%
Elapsed time = 2876.19 sec. (2386302.08 ticks, tree = 141.30 MB, solutions = 17)
 159164 96833      193.3178    48      200.3697      182.6508  8489280    8.84%
 159401 96986      195.7292    34      200.3697      182.6547  8503829    8.84%
 159640 97147      187.9973    34      200.3697      182.6561  8518419    8.84%
 159887 97319        cutoff            200.3697      182.6570  8532946    8.84%
 160099 97466      195.4882    38      200.3697      182.6570  8547923    8.84%
 160313 97618      188.5874    51      200.3697      182.6570  8562466    8.84%
 160537 97781      192.2259    46      200.3697      182.6570  8577026    8.84%
 160768 97946      188.5389    51      200.3697      182.6570  8591442    8.84%
 160963 98088      186.9123    53      200.3697      182.6570  8605304    8.84%
 161189 98246      184.0161    55      200.3697      182.6570  8621452    8.84%
Elapsed time = 2913.54 sec. (2424701.74 ticks, tree = 143.46 MB, solutions = 17)
 161429 98432      190.8362    48      200.3697      182.6570  8634363    8.84%
 161642 98595      185.3771    47      200.3697      182.6570  8649130    8.84%
 161850 98744      183.1986    56      200.3697      182.6570  8664950    8.84%
 162069 98899      186.6897    52      200.3697      182.6570  8680205    8.84%
 162312 99070      195.7025    37      200.3697      182.6589  8694266    8.84%
 162540 99217      182.7655    45      200.3697      182.6621  8707498    8.84%
 162782 99386      190.2932    32      200.3697      182.6632  8722483    8.84%
 163032 99549      199.5209    23      200.3697      182.6653  8737152    8.84%
 163276 99700      189.9980    51      200.3697      182.6693  8751037    8.83%
 163573 99889      200.2269    12      200.3697      182.6723  8764001    8.83%
Elapsed time = 2950.59 sec. (2463039.06 ticks, tree = 145.67 MB, solutions = 17)
 163873 100077      185.6242    50      200.3697      182.6766  8777450    8.83%
 164113 100236      189.3454    31      200.3697      182.6802  8791918    8.83%
 164361 100365      183.2846    42      200.3697      182.6833  8805569    8.83%
 164550 100489      184.0817    49      200.3697      182.6859  8818720    8.83%
 164776 100637      184.7748    52      200.3697      182.6906  8832298    8.82%
 165040 100789      194.7973    37      200.3697      182.6931  8845768    8.82%
 165267 100910      189.4836    49      200.3697      182.6963  8859952    8.82%
 165497 101062        cutoff            200.3697      182.6978  8874455    8.82%
 165759 101238      185.2061    53      200.3697      182.6993  8888848    8.82%
 165995 101377      183.0283    47      200.3697      182.7010  8903417    8.82%
Elapsed time = 2988.14 sec. (2501233.81 ticks, tree = 148.06 MB, solutions = 17)
 166217 101509      192.1782    38      200.3697      182.7039  8918399    8.82%
 166440 101660      191.8591    40      200.3697      182.7071  8933764    8.82%
 166695 101827      198.9536    32      200.3697      182.7102  8948199    8.81%
 166919 101971      192.6652    40      200.3697      182.7121  8963000    8.81%
 167178 102134      183.9328    56      200.3697      182.7152  8976473    8.81%
 167439 102300      192.9422    37      200.3697      182.7194  8990457    8.81%
 167654 102439      195.9577    40      200.3697      182.7223  9004365    8.81%
 167860 102545      194.0932    36      200.3697      182.7248  9018938    8.81%
 168096 102691      187.7606    45      200.3697      182.7288  9033110    8.80%
 168288 102816      187.5784    53      200.3697      182.7315  9047570    8.80%
Elapsed time = 3026.47 sec. (2539527.38 ticks, tree = 150.05 MB, solutions = 17)
 168544 102981      183.4945    46      200.3697      182.7331  9060400    8.80%
 168832 103179      190.1877    46      200.3697      182.7357  9073980    8.80%
 169067 103312      200.1477    40      200.3697      182.7382  9089302    8.80%
 169316 103458      184.7867    55      200.3697      182.7411  9103852    8.80%
 169473 103551      189.9209    46      200.3697      182.7435  9115035    8.80%
 169760 103735      186.4534    61      200.3697      182.7473  9128097    8.79%
 170038 103915      188.7812    56      200.3697      182.7495  9142400    8.79%
 170289 104069      189.0362    36      200.3697      182.7535  9157169    8.79%
 170543 104223      187.6674    43      200.3697      182.7565  9171456    8.79%
 170811 104406      196.4896    48      200.3697      182.7595  9185925    8.79%
Elapsed time = 3063.33 sec. (2577816.04 ticks, tree = 152.26 MB, solutions = 17)
 171029 104548      183.8487    47      200.3697      182.7626  9200066    8.79%
 171267 104680      195.6389    43      200.3697      182.7645  9214633    8.79%
 171553 104867      191.8255    49      200.3697      182.7667  9228275    8.79%
 171784 105018      189.2024    54      200.3697      182.7694  9242302    8.78%
 172027 105150      183.3965    45      200.3697      182.7728  9257136    8.78%
 172263 105313      182.7739    39      200.3697      182.7739  9271908    8.78%
 172485 105464      184.0986    64      200.3697      182.7765  9283754    8.78%
 172738 105618      186.1479    37      200.3697      182.7779  9298748    8.78%
 172955 105748      192.8333    40      200.3697      182.7779  9313369    8.78%
 173167 105893      185.3459    43      200.3697      182.7779  9328526    8.78%
Elapsed time = 3100.17 sec. (2616109.56 ticks, tree = 154.51 MB, solutions = 17)
 173418 106064      184.4257    49      200.3697      182.7779  9342851    8.78%
 173689 106254        cutoff            200.3697      182.7779  9356555    8.78%
 173913 106397      185.4354    43      200.3697      182.7779  9372494    8.78%
 174180 106581      195.8145    37      200.3697      182.7779  9386677    8.78%
 174416 106723      188.2336    40      200.3697      182.7779  9401577    8.78%
 174645 106876      184.5343    50      200.3697      182.7779  9416439    8.78%
 174880 107011      190.3751    43      200.3697      182.7779  9430617    8.78%
 175129 107153      192.1886    40      200.3697      182.7779  9445160    8.78%
 175359 107299      184.8600    42      200.3697      182.7779  9460126    8.78%
 175598 107461      187.6778    42      200.3697      182.7779  9474285    8.78%
Elapsed time = 3136.98 sec. (2654303.46 ticks, tree = 156.75 MB, solutions = 17)
 175841 107622      188.8636    51      200.3697      182.7779  9488730    8.78%
 176101 107793      195.7746    35      200.3697      182.7779  9502897    8.78%
 176350 107964      191.1543    50      200.3697      182.7779  9516765    8.78%
 176600 108127      197.4817    38      200.3697      182.7779  9530387    8.78%
 176855 108291      186.1310    57      200.3697      182.7779  9545272    8.78%
 177134 108466      183.2022    55      200.3697      182.7779  9559108    8.78%
 177345 108618      185.2780    45      200.3697      182.7779  9573780    8.78%
 177581 108773      197.9670    45      200.3697      182.7779  9588181    8.78%
 177838 108933      185.3054    45      200.3697      182.7779  9602196    8.78%
 178068 109093      190.3493    57      200.3697      182.7779  9616784    8.78%
Elapsed time = 3173.98 sec. (2692632.13 ticks, tree = 159.08 MB, solutions = 17)
 178296 109240      183.0042    72      200.3697      182.7780  9630758    8.78%
 178493 109360      185.9546    46      200.3697      182.7809  9643840    8.78%
 178738 109531      196.6104    37      200.3697      182.7840  9658242    8.78%
 179022 109717      191.7240    42      200.3697      182.7873  9671744    8.78%
 179277 109878      190.6972    43      200.3697      182.7901  9685580    8.77%
 179519 110022      185.4622    36      200.3697      182.7935  9700324    8.77%
 179764 110179      183.2822    48      200.3697      182.7969  9714473    8.77%
 180006 110318      183.0459    52      200.3697      182.8000  9728958    8.77%
 180325 110538      198.2459    45      200.3697      182.8024  9741921    8.77%
 180483 110643      193.7111    43      200.3697      182.8036  9752981    8.77%
Elapsed time = 3210.90 sec. (2730861.52 ticks, tree = 161.23 MB, solutions = 17)
 180736 110810      185.3444    57      200.3697      182.8069  9767432    8.77%
 180998 110975      189.2867    47      200.3697      182.8096  9782801    8.76%
 181211 111121      191.9419    43      200.3697      182.8125  9797921    8.76%
 181440 111246      199.6085    41      200.3697      182.8152  9810345    8.76%
 181637 111376      197.7653    40      200.3697      182.8159  9825546    8.76%
 181877 111525      194.8877    46      200.3697      182.8188  9840109    8.76%
 182142 111685      197.1592    34      200.3697      182.8228  9853939    8.76%
 182340 111792      187.0483    28      200.3697      182.8254  9864444    8.76%
 182516 111888      183.1979    47      200.3697      182.8285  9875547    8.75%
 182540 111903      188.7869    43      200.3697      182.8289  9876820    8.75%
Elapsed time = 3251.29 sec. (2774057.47 ticks, tree = 163.04 MB, solutions = 17)
 182640 111970      189.0160    48      200.3697      182.8313  9883172    8.75%
*182740+96537                          196.7280      182.8329             7.06%
 182744 96539      186.3357    47      196.7280      182.8329  9889225    7.06%
*182840+92199                          195.9141      182.8349             6.68%
 182840 92201      192.5478    42      195.9141      182.8349  9894284    6.68%
 182940 92257      190.6172    39      195.9141      182.8360  9899720    6.68%
 183136 92369      195.4891    38      195.9141      182.8391  9909494    6.67%
 183240 92429      195.1123    33      195.9141      182.8413  9915142    6.67%
*183340+90535                          195.4353      182.8419             6.44%
*183340+83564                          194.6291      182.8419             6.06%
 183340 83564      194.2018    51      194.6291      182.8419  9921793    6.06%
 183472 83635      189.9354    47      194.6291      182.8438  9929155    6.06%
 183540 83669      182.8606    46      194.6291      182.8449  9933662    6.05%
*183640+83453                          194.5615      182.8457             6.02%
 183647 83457      183.6425    46      194.5615      182.8460  9941988    6.02%
Elapsed time = 3302.03 sec. (2830804.48 ticks, tree = 122.27 MB, solutions = 22)
 183740 83500      186.9338    29      194.5615      182.8481  9949014    6.02%
 183840 83555      184.2736    50      194.5615      182.8493  9956059    6.02%
 184040 83655      193.3634    39      194.5615      182.8531  9968431    6.02%
 184140 83711      186.3871    40      194.5615      182.8539  9972000    6.02%
 184340 83817      191.3776    42      194.5615      182.8559  9984975    6.02%
 184440 83867      191.3978    34      194.5615      182.8574  9992091    6.02%
 184540 83908      183.5691    60      194.5615      182.8598  9999988    6.01%
 184740 84046      191.4278    33      194.5615      182.8628 10011603    6.01%
 184840 84123      189.8069    45      194.5615      182.8628 10016976    6.01%
 184940 84191      192.1228    33      194.5615      182.8628 10023717    6.01%
Elapsed time = 3361.80 sec. (2887045.09 ticks, tree = 123.22 MB, solutions = 22)
 185140 84300      184.7051    45      194.5615      182.8652 10037428    6.01%
 185240 84349      194.0966    34      194.5615      182.8679 10045724    6.01%
 185340 84405      182.9252    83      194.5615      182.8691 10052677    6.01%
 185440 84460      185.7173    44      194.5615      182.8720 10058194    6.01%
 185540 84520      188.9889    36      194.5615      182.8749 10065981    6.01%
 185640 84572      184.7231    45      194.5615      182.8762 10072595    6.01%
 185740 84629      182.9423    60      194.5615      182.8794 10078111    6.00%
 185974 84751      187.4045    46      194.5615      182.8828 10091670    6.00%
 186054 84791      183.5492    69      194.5615      182.8844 10095401    6.00%
 186140 84837      191.2378    45      194.5615      182.8859 10101227    6.00%
Elapsed time = 3453.97 sec. (2948955.12 ticks, tree = 124.18 MB, solutions = 22)
 186240 84909      189.3003    50      194.5615      182.8863 10106651    6.00%
 186440 85027      182.8879    49      194.5615      182.8879 10118067    6.00%
 186540 85097      193.9011    23      194.5615      182.8879 10125089    6.00%
 186640 85150      192.2847    46      194.5615      182.8899 10134632    6.00%
 186740 85205      183.6313    57      194.5615      182.8912 10141586    6.00%
 186840 85267      193.4931    40      194.5615      182.8923 10148426    6.00%
 187040 85392      194.2745    39      194.5615      182.8934 10161156    6.00%
 187140 85460      192.8286    26      194.5615      182.8942 10167241    6.00%
 187240 85515      187.4911    37      194.5615      182.8954 10173410    6.00%
 187440 85625      193.8730    37      194.5615      182.8980 10185167    5.99%
Elapsed time = 3514.53 sec. (3008753.57 ticks, tree = 125.28 MB, solutions = 22)
 187609 85729      183.6815    56      194.5615      182.8996 10194836    5.99%
 187740 85794      187.3862    41      194.5615      182.9012 10204779    5.99%
 187930 85901      183.1523    60      194.5615      182.9035 10217115    5.99%
 188064 85972      183.6511    48      194.5615      182.9057 10225527    5.99%
 188140 86015      186.8010    27      194.5615      182.9061 10230684    5.99%
 188336 86094        cutoff            194.5615      182.9093 10244148    5.99%
 188377 86117      186.8397    41      194.5615      182.9105 10247802    5.99%
 188550 86194      189.3421    57      194.5615      182.9132 10262033    5.99%
 188707 86295      188.8730    48      194.5615      182.9147 10271594    5.99%
 188812 86365      182.9160    37      194.5615      182.9163 10276195    5.99%
Elapsed time = 3557.63 sec. (3049235.81 ticks, tree = 126.30 MB, solutions = 22)
 188840 86377      192.8970    35      194.5615      182.9165 10278331    5.99%
 188940 86425      187.4123    33      194.5615      182.9184 10285884    5.98%
 189151 86530        cutoff            194.5615      182.9224 10299837    5.98%
 189294 86614      182.9897    61      194.5615      182.9244 10308131    5.98%
 189414 86684        cutoff            194.5615      182.9256 10314964    5.98%
 189540 86761      188.2237    39      194.5615      182.9268 10322360    5.98%
 189744 86873      184.1531    50      194.5615      182.9288 10335698    5.98%
 189840 86941      183.0884    61      194.5615      182.9295 10342961    5.98%

GUB cover cuts applied:  23
Clique cuts applied:  1
Cover cuts applied:  40
Implied bound cuts applied:  49
Flow cuts applied:  7
Mixed integer rounding cuts applied:  337
Zero-half cuts applied:  8
Gomory fractional cuts applied:  6

Root node processing (before b&c):
  Real time             =    4.02 sec. (3174.60 ticks)
Sequential b&c:
  Real time             = 3595.98 sec. (3087174.73 ticks)
                          ------------
Total (root+branch&cut) = 3600.00 sec. (3090349.33 ticks)
