Version identifier: 22.1.0.0 | 2022-03-09 | 1a383f8ce
CPXPARAM_Read_DataCheck                          1
CPXPARAM_Threads                                 1
CPXPARAM_TimeLimit                               3600
Tried aggregator 2 times.
MIP Presolve eliminated 2065 rows and 96 columns.
MIP Presolve modified 31822 coefficients.
Aggregator did 158 substitutions.
Reduced MIP has 7538 rows, 726 columns, and 57904 nonzeros.
Reduced MIP has 531 binaries, 0 generals, 0 SOSs, and 0 indicators.
Presolve time = 0.11 sec. (104.95 ticks)
Probing time = 0.01 sec. (5.42 ticks)
Tried aggregator 1 time.
Detecting symmetries...
Reduced MIP has 7538 rows, 726 columns, and 57904 nonzeros.
Reduced MIP has 531 binaries, 0 generals, 0 SOSs, and 0 indicators.
Presolve time = 0.03 sec. (24.43 ticks)
Probing time = 0.01 sec. (5.43 ticks)
Clique table members: 375.
MIP emphasis: balance optimality and feasibility.
MIP search method: dynamic search.
Parallel mode: none, using 1 thread.
Root relaxation solution time = 0.02 sec. (25.70 ticks)

        Nodes                                         Cuts/
   Node  Left     Objective  IInf  Best Integer    Best Bound    ItCnt     Gap

      0     0      179.9056   140                    179.9056      284         
      0     0      179.9056    65                   Cuts: 389      578         
      0     0      179.9056    59                   Cuts: 453      934         
      0     0      179.9079    76                   Cuts: 466     1512         
      0     0      179.9423    63                   Cuts: 635     2775         
      0     0      180.0622    85                   Cuts: 634     3776         
Detecting symmetries...
      0     0      180.0951    98                   Cuts: 853     4482         
      0     0      180.1388   144                   Cuts: 645     4817         
      0     0      180.1580   132                   Cuts: 823     5242         
      0     0      180.1804   162                   Cuts: 708     5565         
      0     0      180.1868   158                   Cuts: 843     5797         
Detecting symmetries...
      0     2      180.1868   106                    180.1876     5797         
Elapsed time = 4.55 sec. (4687.21 ticks, tree = 0.01 MB, solutions = 0)
     10    12      180.2640    61                    180.2640     7210         
     16    18      214.4350    76                    180.2930     8527         
     21    23      185.5868    62                    180.2930     9407         
     30    32      182.8485    38                    180.2930    10709         
     40    40      183.1351    34                    180.2930    11243         
     55    55      185.4028    32                    180.2930    12287         
     84    84      183.5017    37                    180.2930    12993         
    102   100      183.1715    39                    180.2930    13745         
    123   117      183.4249    33                    180.2930    14573         
    163   145      192.2646    69                    180.3126    16541         
Elapsed time = 7.19 sec. (8229.38 ticks, tree = 6.38 MB, solutions = 0)
    204   186      180.5442    63                    180.3126    19645         
    240   222      184.4191    39                    180.3126    24445         
    320   283      184.6197    57                    180.3133    27310         
    401   346    infeasible                          180.3133    30446         
    488   411      189.6706    64                    180.3218    34029         
    524   433      222.6538    79                    180.3218    37775         
    552   446    infeasible                          180.3218    41781         
    640   514      183.5230    47                    180.3218    44926         
    732   584      195.0029    43                    180.3218    47740         
    797   641      220.3717    44                    180.3218    51368         
Elapsed time = 15.22 sec. (18436.20 ticks, tree = 28.97 MB, solutions = 0)
    880   714      183.9488    59                    180.3218    54381         
*   950+  680                          203.0213      180.3218            11.18%
    960   686      182.8854    63      203.0213      180.3218    57378   11.18%
   1001   715      189.1542    80      203.0213      180.3332    63158   11.18%
   1040   740      182.2324    60      203.0213      180.3376    65279   11.17%

Performing restart 1

Repeating presolve.
Tried aggregator 1 time.
MIP Presolve eliminated 197 rows and 12 columns.
MIP Presolve modified 639 coefficients.
Reduced MIP has 7341 rows, 714 columns, and 55593 nonzeros.
Reduced MIP has 523 binaries, 0 generals, 0 SOSs, and 0 indicators.
Presolve time = 0.03 sec. (31.85 ticks)
Tried aggregator 1 time.
MIP Presolve eliminated 15 rows and 3 columns.
Reduced MIP has 7326 rows, 711 columns, and 55423 nonzeros.
Reduced MIP has 520 binaries, 0 generals, 0 SOSs, and 0 indicators.
Presolve time = 0.03 sec. (24.17 ticks)
Represolve time = 0.12 sec. (93.78 ticks)
   1060     0      180.2198   154      203.0213    Cuts: 1241    66702   11.17%
   1060     0      180.2228   153      203.0213     Cuts: 519    66930   11.17%
   1060     0      180.2263    95      203.0213     Cuts: 822    67127   11.17%
   1060     0      180.2302   138      203.0213     Cuts: 622    67301   11.17%
   1060     0      180.2344   143      203.0213    Cuts: 1491    67513   11.17%
   1060     0      180.2547   134      203.0213     Cuts: 338    67749   11.17%
   1060     0      180.2547   149      203.0213    Cuts: 1560    67921   11.17%
   1060     2      180.2547   107      203.0213      180.3376    67921   11.17%
   1065     7      196.8912    48      203.0213      180.3376    68447   11.17%
   1070    12      180.2575    92      203.0213      180.3376    68472   11.17%
   1088    29      194.1649    39      203.0213      180.3376    69065   11.17%
   1110    37      191.0392    59      203.0213      180.3376    71479   11.17%
   1146    71      200.3503    33      203.0213      180.3376    73547   11.17%
Elapsed time = 34.72 sec. (40333.78 ticks, tree = 0.61 MB, solutions = 1)
   1180    88      180.2607    68      203.0213      180.3376    74323   11.17%
   1258   160      180.3149    65      203.0213      180.3376    75657   11.17%
   1310   209      183.8199    51      203.0213      180.3376    76999   11.17%
   1350   241      188.1498    40      203.0213      180.3376    79719   11.17%
   1421   299      201.0215    36      203.0213      180.3376    83030   11.17%
   1473   344      183.0695    71      203.0213      180.3376    85515   11.17%
   1541   406      192.6743    22      203.0213      180.3376    89303   11.17%
   1583   428      181.5021    66      203.0213      180.3376    91197   11.17%
   1643   480      180.3941    48      203.0213      180.3513    94117   11.17%
   1673   505      188.4557    44      203.0213      180.3540    98449   11.17%
Elapsed time = 44.50 sec. (50865.61 ticks, tree = 1.16 MB, solutions = 1)
   1750   562      180.3918    60      203.0213      180.3633   101698   11.16%
   1782   583      180.6501    43      203.0213      180.3805   104811   11.15%
   1829   622      199.1158    33      203.0213      180.3831   108711   11.15%
   1890   667      181.1807    42      203.0213      180.3887   111903   11.15%
   1959   717      180.4077    47      203.0213      180.3996   114327   11.14%
   2007   749      186.0313    41      203.0213      180.4266   117079   11.13%
   2066   795      194.8241    55      203.0213      180.4458   120494   11.12%
   2109   830      200.3948    46      203.0213      180.4473   124402   11.12%
   2180   885      188.0569    25      203.0213      180.4795   127397   11.10%
   2241   928      181.4056    36      203.0213      180.5030   131591   11.09%
Elapsed time = 53.64 sec. (61092.12 ticks, tree = 1.71 MB, solutions = 1)
   2329   997      184.2345    37      203.0213      180.5191   135416   11.08%
   2399  1042      202.6972    35      203.0213      180.5542   139064   11.07%
   2434  1073      195.6077    20      203.0213      180.5565   141880   11.07%
   2484  1098      180.6773    56      203.0213      180.5838   146300   11.05%
   2544  1141      181.6469    49      203.0213      180.5952   149285   11.05%
   2596  1170      180.7927    51      203.0213      180.6284   152868   11.03%
   2695  1251      181.0026    49      203.0213      180.6410   156451   11.02%
   2804  1342      202.6015    20      203.0213      180.6501   160656   11.02%
   2881  1395      186.3737    42      203.0213      180.6635   164352   11.01%
   2930  1436      194.7217    23      203.0213      180.6672   167670   11.01%
Elapsed time = 63.11 sec. (71328.01 ticks, tree = 2.39 MB, solutions = 1)
   2997  1488      201.5625    29      203.0213      180.6708   171046   11.01%
   3059  1535      187.2759    54      203.0213      180.6783   175315   11.01%
   3097  1562      182.2402    37      203.0213      180.6919   177896   11.00%
   3173  1619      199.7659    23      203.0213      180.6986   181808   11.00%
   3229  1661      191.4588    41      203.0213      180.7128   185266   10.99%
   3280  1697      182.2831    40      203.0213      180.7193   188173   10.99%
   3340  1736      189.2108    45      203.0213      180.7219   192011   10.98%
   3416  1795      189.1509    39      203.0213      180.7386   195678   10.98%
*  3489  1778      integral     0      201.8357      180.7622   198372   10.44%
   3492  1779      182.0702    35      201.8357      180.7702   198629   10.44%
   3566  1830      181.6334    44      201.8357      180.7762   202322   10.43%
Elapsed time = 71.69 sec. (81068.72 ticks, tree = 2.89 MB, solutions = 2)
   3636  1879      183.0321    58      201.8357      180.7812   207023   10.43%
   3726  1928      180.9080    54      201.8357      180.7886   211542   10.43%
   3770  1956      196.1423    38      201.8357      180.7966   215022   10.42%
   3816  1985      188.5768    53      201.8357      180.7983   218555   10.42%
*  3875  1855      integral     0      200.2514      180.7983   220576    9.71%
   3906  1886      197.4130    20      200.2514      180.7983   222873    9.71%
   3970  1936      197.7690    20      200.2514      180.8128   227122    9.71%
   3975  1935      200.1542    14      200.2514      180.8128   227186    9.71%
   4046  1978      188.3878    40      200.2514      180.8176   231084    9.70%
   4101  2018      180.8356    64      200.2514      180.8356   233952    9.70%
   4163  2071      192.7776    39      200.2514      180.8357   239305    9.70%
Elapsed time = 82.17 sec. (92629.35 ticks, tree = 3.28 MB, solutions = 3)
   4244  2133      193.4677    38      200.2514      180.8390   243487    9.69%
*  4262  1908      integral     0      197.8227      180.8390   243732    8.59%
   4310  1938      193.3564    41      197.8227      180.8557   246861    8.58%
   4362  1975      197.1004    21      197.8227      180.8564   249040    8.58%
   4401  1998      192.1324    39      197.8227      180.8739   251451    8.57%
   4449  2032      196.5560    39      197.8227      180.8816   255428    8.56%
   4486  2059      196.2177    38      197.8227      180.8831   258457    8.56%
   4567  2120      181.5623    58      197.8227      180.8831   262173    8.56%
   4602  2142      181.8844    54      197.8227      180.8894   265567    8.56%
   4660  2189      195.1964    42      197.8227      180.8907   270104    8.56%
*  4760+ 1962                          195.9753      180.8927             7.70%
   4762  1963      181.3179    65      195.9753      180.8927   273717    7.70%
Elapsed time = 91.06 sec. (102787.23 ticks, tree = 2.87 MB, solutions = 5)
   4780  1977      181.6563    59      195.9753      180.8929   275679    7.70%
   4838  2022      192.7542    34      195.9753      180.8936   279649    7.70%
   4893  2055      180.9551    69      195.9753      180.8976   282020    7.69%
   4954  2096      183.8177    58      195.9753      180.8995   285153    7.69%
   5013  2140      190.4894    45      195.9753      180.9035   289030    7.69%
   5060  2175      182.5784    47      195.9753      180.9065   290603    7.69%
   5131  2230      184.6450    50      195.9753      180.9091   294921    7.69%
   5165  2246      184.3383    52      195.9753      180.9316   297666    7.68%
   5235  2292      183.9826    43      195.9753      180.9358   301246    7.67%
   5459  2439      191.8451    42      195.9753      180.9758   314129    7.65%
Elapsed time = 102.95 sec. (115861.64 ticks, tree = 3.64 MB, solutions = 5)
   5706  2574      192.0052    35      195.9753      181.0246   330866    7.63%
   5952  2735      191.6011    38      195.9753      181.0592   346243    7.61%
   6200  2905      183.1787    44      195.9753      181.0957   360633    7.59%
   6394  3035      195.2499    33      195.9753      181.1048   375505    7.59%
   6613  3168      182.9650    41      195.9753      181.1375   390805    7.57%
   6861  3312      192.3740    48      195.9753      181.1783   408891    7.55%
   7085  3456      181.2268    50      195.9753      181.2063   424146    7.54%
   7375  3658      195.3976    22      195.9753      181.2295   440537    7.52%
   7621  3827      190.7366    46      195.9753      181.2586   458054    7.51%
   7850  3972      193.8335    52      195.9753      181.2922   474321    7.49%
Elapsed time = 139.11 sec. (154054.86 ticks, tree = 5.82 MB, solutions = 5)
   8089  4120      193.5663    36      195.9753      181.3130   489837    7.48%
   8301  4256      189.6276    30      195.9753      181.3369   502198    7.47%
   8581  4431      195.1849    34      195.9753      181.3835   518055    7.45%
   8823  4592      192.9775    38      195.9753      181.4209   533840    7.43%
   9060  4762      188.5402    48      195.9753      181.4503   548778    7.41%
   9338  4938      181.7429    44      195.9753      181.4768   565740    7.40%
   9614  5129      182.0626    53      195.9753      181.5163   584092    7.38%
   9880  5300        cutoff            195.9753      181.5539   601065    7.36%
  10109  5451      181.9404    51      195.9753      181.5623   618977    7.35%
  10400  5622      182.3920    51      195.9753      181.5748   640019    7.35%
Elapsed time = 173.90 sec. (192377.56 ticks, tree = 8.00 MB, solutions = 5)
* 10620+ 5746                          195.9134      181.5860             7.31%
* 10620+ 5087                          194.7281      181.5860             6.75%
* 10620+ 4879                          194.3026      181.5860             6.54%
  10620  4879      194.3026     0      194.3026      181.5860   653165    6.54%
  10683  4926      187.6662    53      194.3026      181.6046   657433    6.54%
  10945  5083      193.2666    39      194.3026      181.6387   673820    6.52%
  11189  5210      184.6172    52      194.3026      181.6636   690009    6.50%
  11384  5323      191.7116    41      194.3026      181.6936   706701    6.49%
  11665  5490      182.2498    47      194.3026      181.7387   722582    6.47%
  11874  5599      193.5423    33      194.3026      181.7671   741039    6.45%
  12128  5767      190.3590    43      194.3026      181.7955   758336    6.44%
  12388  5929      183.0726    61      194.3026      181.8382   776032    6.41%
  12660  6068      189.7949    39      194.3026      181.8669   795173    6.40%
Elapsed time = 236.68 sec. (261494.82 ticks, tree = 8.51 MB, solutions = 8)
  12939  6232      182.5289    49      194.3026      181.8940   813278    6.39%
  13155  6351      190.4145    38      194.3026      181.9119   828523    6.38%
  13435  6509      182.6145    49      194.3026      181.9421   847163    6.36%
  13691  6667      188.1488    41      194.3026      181.9750   864454    6.34%
  13824  6733      183.8086    44      194.3026      182.0012   877789    6.33%
  13984  6833      184.4081    65      194.3026      182.0147   889850    6.32%
  14164  6930      182.6916    43      194.3026      182.0238   904045    6.32%
  14366  7047      185.8018    50      194.3026      182.0456   920514    6.31%
  14541  7134      182.8968    54      194.3026      182.0669   933349    6.30%
  14752  7249        cutoff            194.3026      182.0801   946877    6.29%
Elapsed time = 272.05 sec. (299850.17 ticks, tree = 10.02 MB, solutions = 8)
  14959  7388      191.6049    29      194.3026      182.0950   963664    6.28%
  15123  7468      183.4039    52      194.3026      182.1174   976652    6.27%
  15370  7597      190.8578    37      194.3026      182.1507   995653    6.25%
  15585  7703      187.3468    38      194.3026      182.1772  1013026    6.24%
  15788  7796      187.5892    52      194.3026      182.2088  1027779    6.22%
  16037  7937      186.9948    41      194.3026      182.2254  1046398    6.22%
  16244  8057      183.7220    41      194.3026      182.2480  1062556    6.20%
  16461  8186      182.4253    54      194.3026      182.2649  1080560    6.20%
  16650  8296      193.2587    36      194.3026      182.2712  1098145    6.19%
  16856  8398      189.2356    45      194.3026      182.3007  1115510    6.18%
Elapsed time = 308.62 sec. (338164.82 ticks, tree = 11.82 MB, solutions = 8)
  17033  8484      182.7712    46      194.3026      182.3175  1133204    6.17%
  17215  8578      186.2004    48      194.3026      182.3388  1148650    6.16%
  17423  8685      193.9499    58      194.3026      182.3749  1166363    6.14%
  17588  8787      186.1599    46      194.3026      182.3921  1187008    6.13%
  17827  8920      193.3184    30      194.3026      182.4181  1206904    6.12%
  18055  9041      187.3824    45      194.3026      182.4448  1223617    6.10%
  18314  9213      191.1733    40      194.3026      182.4556  1241384    6.10%
  18579  9368      185.0935    54      194.3026      182.4809  1260769    6.08%
  18807  9488      183.1290    63      194.3026      182.4922  1280751    6.08%
  19010  9597      185.9816    49      194.3026      182.5131  1294516    6.07%
Elapsed time = 343.95 sec. (376599.42 ticks, tree = 13.30 MB, solutions = 8)
  19260  9744      191.6424    38      194.3026      182.5298  1313099    6.06%
  19498  9863      183.1238    53      194.3026      182.5589  1330279    6.04%
  19760 10011      185.2683    56      194.3026      182.5786  1347076    6.03%
  19967 10111      183.0818    65      194.3026      182.6031  1363130    6.02%
  20176 10209      190.4893    49      194.3026      182.6244  1382091    6.01%

Performing restart 2

Repeating presolve.
Tried aggregator 1 time.
MIP Presolve eliminated 188 rows and 15 columns.
MIP Presolve modified 735 coefficients.
Reduced MIP has 7137 rows, 696 columns, and 56727 nonzeros.
Reduced MIP has 511 binaries, 0 generals, 0 SOSs, and 0 indicators.
Presolve time = 0.08 sec. (74.26 ticks)
Tried aggregator 1 time.
MIP Presolve eliminated 25 rows and 2 columns.
MIP Presolve modified 119 coefficients.
Reduced MIP has 7112 rows, 694 columns, and 56285 nonzeros.
Reduced MIP has 509 binaries, 0 generals, 0 SOSs, and 0 indicators.
Presolve time = 0.05 sec. (38.29 ticks)
Represolve time = 0.24 sec. (173.08 ticks)
  20400     0      180.2567   161      194.3026    Cuts: 1878  1395795    6.00%
  20400     0      180.2627   139      194.3026    Cuts: 1736  1395972    6.00%
  20400     0      180.2733   168      194.3026    Cuts: 1262  1396223    6.00%
  20400     0      180.2790   135      194.3026     Cuts: 248  1396452    6.00%
  20400     0      180.2798   171      194.3026    Cuts: 1770  1396732    6.00%
  20400     0      180.2828   156      194.3026    Cuts: 1226  1396922    6.00%
  20400     0      180.2831   161      194.3026    Cuts: 1721  1397139    6.00%
  20400     0      180.2833   178      194.3026     Cuts: 910  1397281    6.00%
  20400     0      180.2835   182      194.3026    Cuts: 1271  1397494    6.00%
  20400     2      180.2840   111      194.3026      182.6398  1397494    6.00%
  20411    11      191.4098    46      194.3026      182.6398  1398867    6.00%
  20488    66      180.7298    57      194.3026      182.6398  1406662    6.00%
  20628   159      181.1578    64      194.3026      182.6398  1414666    6.00%
  20861   328      189.4646    34      194.3026      182.6398  1427623    6.00%
Elapsed time = 396.50 sec. (431147.40 ticks, tree = 0.47 MB, solutions = 8)
  21024   434      182.3678    61      194.3026      182.6398  1440439    6.00%
  21206   546      185.6882    51      194.3026      182.6398  1456744    6.00%
  21367   649      182.5493    48      194.3026      182.6398  1476209    6.00%
  21521   713      182.1648    56      194.3026      182.6398  1496794    6.00%
  21700   810      184.8369    50      194.3026      182.6398  1517753    6.00%
  21899   920      191.5661    41      194.3026      182.6398  1539265    6.00%
  22061   999      183.6542    49      194.3026      182.6398  1559774    6.00%
  22205  1064      186.9665    48      194.3026      182.6398  1581134    6.00%
  22393  1165      191.2246    42      194.3026      182.6398  1602727    6.00%
  22534  1245      185.1297    52      194.3026      182.6398  1624965    6.00%
Elapsed time = 430.85 sec. (469567.54 ticks, tree = 2.35 MB, solutions = 8)
  22726  1345      188.0161    41      194.3026      182.6398  1647123    6.00%
  22915  1445      194.1385    40      194.3026      182.6398  1669174    6.00%
  23119  1547      188.4139    48      194.3026      182.6398  1691941    6.00%
  23254  1614      182.6739    60      194.3026      182.6398  1715189    6.00%
  23479  1752      182.6168    51      194.3026      182.6398  1736296    6.00%
  23675  1865      183.1287    53      194.3026      182.6398  1759237    6.00%
  23868  1971      187.7850    51      194.3026      182.6398  1783093    6.00%
  24035  2044      187.0835    53      194.3026      182.6838  1805175    5.98%
  24184  2112      188.2935    41      194.3026      182.7272  1827912    5.96%
  24380  2225      186.7205    41      194.3026      182.7816  1849534    5.93%
Elapsed time = 466.12 sec. (507907.54 ticks, tree = 3.83 MB, solutions = 8)
  24531  2288      183.2482    50      194.3026      182.8818  1870860    5.88%
  24719  2366      184.3379    59      194.3026      182.9524  1894075    5.84%
  24946  2511      192.7163    46      194.3026      183.0142  1915935    5.81%
  25171  2644      194.0758    18      194.3026      183.0496  1938009    5.79%
  25380  2754      183.6434    66      194.3026      183.1169  1961474    5.76%
  25547  2834      189.1386    54      194.3026      183.1881  1980387    5.72%
  25771  2979      193.9879    52      194.3026      183.2178  2001530    5.70%
* 25959  3066      integral     0      194.2349      183.2442  2014374    5.66%
  26043  3119        cutoff            194.2349      183.2572  2022457    5.65%
  26253  3237      193.5309    31      194.2349      183.2921  2045111    5.63%
  26436  3333      190.2049    46      194.2349      183.3299  2068040    5.61%
Elapsed time = 502.11 sec. (546247.35 ticks, tree = 5.26 MB, solutions = 9)
  26614  3423      193.0727    56      194.2349      183.3505  2092235    5.60%
  26773  3493      190.8940    55      194.2349      183.4119  2115384    5.57%
  26951  3582      188.9968    50      194.2349      183.4633  2136876    5.55%
  27163  3698      184.0325    58      194.2349      183.5049  2158429    5.52%
  27355  3808      193.9917    48      194.2349      183.5554  2180979    5.50%
  27556  3912      186.3920    46      194.2349      183.5821  2203388    5.48%
  27740  3996      190.7120    40      194.2349      183.6562  2227321    5.45%
  27888  4048      189.2380    37      194.2349      183.7065  2251112    5.42%
  28080  4130      191.0154    38      194.2349      183.7603  2274141    5.39%
  28298  4242      194.1805    49      194.2349      183.7952  2297913    5.37%
Elapsed time = 538.07 sec. (584575.99 ticks, tree = 6.48 MB, solutions = 9)
  28451  4314      187.8567    44      194.2349      183.8263  2319194    5.36%
  28638  4402      193.4380    42      194.2349      183.8798  2340813    5.33%
  28815  4502      187.4594    60      194.2349      183.9249  2362394    5.31%
  28978  4550      188.4459    46      194.2349      183.9574  2386094    5.29%
  29142  4622      189.1136    52      194.2349      183.9889  2408085    5.28%
  29346  4730      190.4381    60      194.2349      184.0351  2430528    5.25%
  29512  4815      184.1802    72      194.2349      184.0663  2453702    5.24%
  29653  4890        cutoff            194.2349      184.0892  2477548    5.22%
  29847  4997      187.5937    49      194.2349      184.1171  2498653    5.21%
  30095  5153      193.6903    48      194.2349      184.1441  2519751    5.20%
Elapsed time = 572.92 sec. (622867.48 ticks, tree = 8.58 MB, solutions = 9)
  30287  5262      189.1411    50      194.2349      184.1660  2541908    5.18%
  30440  5350      184.4348    79      194.2349      184.1815  2565700    5.18%
  30671  5473        cutoff            194.2349      184.2091  2586165    5.16%
  30873  5573      189.4604    49      194.2349      184.2349  2609255    5.15%
  31065  5659      191.4225    52      194.2349      184.2655  2630173    5.13%
  31271  5792      194.1072    44      194.2349      184.2837  2650449    5.12%
  31462  5874      192.5999    23      194.2349      184.3104  2672681    5.11%
  31619  5960      190.0233    45      194.2349      184.3187  2694617    5.11%
  31826  6066      186.9400    42      194.2349      184.3440  2716525    5.09%
  32038  6183      192.9128    31      194.2349      184.3607  2737850    5.08%
Elapsed time = 608.63 sec. (661278.25 ticks, tree = 9.76 MB, solutions = 9)
  32272  6292      186.2259    53      194.2349      184.3815  2759879    5.07%
  32482  6402      187.6982    63      194.2349      184.3964  2782321    5.07%
  32677  6485      193.7692    37      194.2349      184.4312  2805279    5.05%
  32896  6589      191.0004    39      194.2349      184.4606  2827384    5.03%
  33081  6685      193.7726    41      194.2349      184.4830  2850324    5.02%
  33277  6789      190.9212    68      194.2349      184.4938  2872780    5.02%
  33449  6862      184.5953    58      194.2349      184.5155  2895177    5.00%
  33618  6957      186.4841    46      194.2349      184.5318  2916514    5.00%
  33779  7028        cutoff            194.2349      184.5440  2939937    4.99%
  33958  7104      194.1432    43      194.2349      184.5690  2963002    4.98%
Elapsed time = 645.56 sec. (699614.56 ticks, tree = 10.85 MB, solutions = 9)
  34145  7201      190.4534    75      194.2349      184.5965  2985982    4.96%
  34341  7296      192.2835    38      194.2349      184.6247  3009083    4.95%
  34502  7382      190.8807    44      194.2349      184.6393  3030302    4.94%
  34699  7491      193.7586    36      194.2349      184.6537  3052365    4.93%
  34887  7591      192.4155    46      194.2349      184.6762  3075047    4.92%
  35022  7650      188.3563    53      194.2349      184.6902  3096226    4.91%
  35217  7756      184.7043    54      194.2349      184.7043  3118469    4.91%
  35412  7841      193.8570    52      194.2349      184.7206  3140298    4.90%
  35606  7941      187.2582    60      194.2349      184.7322  3163053    4.89%
  35776  8012      186.5246    52      194.2349      184.7467  3185250    4.88%
Elapsed time = 683.66 sec. (737938.38 ticks, tree = 11.93 MB, solutions = 9)
  35929  8089      187.5321    55      194.2349      184.7538  3209013    4.88%
  36096  8154      192.7262    75      194.2349      184.7792  3232483    4.87%
  36267  8224      184.8606    74      194.2349      184.7995  3254184    4.86%
  36421  8296      188.1849    53      194.2349      184.8131  3276527    4.85%
  36582  8373      192.8432    32      194.2349      184.8326  3299049    4.84%
  36754  8446      192.8642    49      194.2349      184.8468  3321447    4.83%
  36915  8525      193.3623    63      194.2349      184.8606  3343973    4.83%
  37104  8606      189.6446    40      194.2349      184.8692  3367226    4.82%
  37267  8688      186.1214    54      194.2349      184.8778  3389594    4.82%
  37434  8776      187.9706    52      194.2349      184.8975  3412789    4.81%
Elapsed time = 719.08 sec. (776287.47 ticks, tree = 13.40 MB, solutions = 9)
  37675  8931      193.3148    48      194.2349      184.9007  3434432    4.81%
  37860  9014      189.6357    61      194.2349      184.9049  3457099    4.80%
  38071  9131      191.4689    48      194.2349      184.9258  3478489    4.79%
  38258  9220      194.1928    52      194.2349      184.9528  3501573    4.78%
  38425  9293      189.4134    60      194.2349      184.9597  3523347    4.78%
  38604  9392      191.8238    64      194.2349      184.9837  3546139    4.76%
  38781  9466      188.1816    48      194.2349      184.9999  3569001    4.75%
  38949  9549      193.0764    31      194.2349      185.0113  3591933    4.75%
  39136  9645      186.5864    42      194.2349      185.0222  3614314    4.74%
  39299  9717      187.8600    50      194.2349      185.0504  3636650    4.73%
Elapsed time = 763.29 sec. (814614.37 ticks, tree = 14.58 MB, solutions = 9)
  39484  9797      189.5644    41      194.2349      185.0613  3659413    4.72%
  39685  9901      192.0291    65      194.2349      185.0751  3680620    4.72%
  39798  9944      186.6851    48      194.2349      185.0828  3703384    4.71%
  39967 10017      193.4013    47      194.2349      185.0986  3725474    4.70%
  40165 10119      185.1998    59      194.2349      185.1133  3747302    4.70%
  40361 10191      188.8664    62      194.2349      185.1348  3769284    4.69%
  40574 10302      191.9663    48      194.2349      185.1397  3790613    4.68%
  40783 10417      193.9331    43      194.2349      185.1597  3813346    4.67%
  40968 10529      187.7987    52      194.2349      185.1633  3834547    4.67%
  41138 10612        cutoff            194.2349      185.1841  3858237    4.66%
Elapsed time = 826.41 sec. (852883.07 ticks, tree = 15.76 MB, solutions = 9)
  41289 10685      185.8269    61      194.2349      185.2037  3880776    4.65%
  41443 10769      187.6930    38      194.2349      185.2105  3902246    4.65%
* 41585  9302      integral     0      193.5746      185.2289  3919326    4.31%
  41633  9323      191.7289    61      193.5746      185.2328  3925598    4.31%
  41793  9378      190.1583    55      193.5746      185.2560  3947949    4.30%
  41993  9488      193.0881    47      193.5746      185.2764  3970455    4.29%
  42187  9590      190.8949    54      193.5746      185.2877  3992465    4.28%
  42395  9697      193.5119    53      193.5746      185.3006  4014197    4.27%
  42568  9775      185.9322    68      193.5746      185.3103  4037053    4.27%
  42738  9883      188.6119    65      193.5746      185.3108  4060814    4.27%
  42885  9951      189.3112    59      193.5746      185.3224  4084335    4.26%
Elapsed time = 870.16 sec. (891208.48 ticks, tree = 14.88 MB, solutions = 10)
  43055 10009      191.5283    46      193.5746      185.3446  4107218    4.25%
  43235 10058      188.9084    52      193.5746      185.3743  4131115    4.24%
  43431 10165      191.1017    39      193.5746      185.3910  4151306    4.23%
  43653 10279      191.8604    65      193.5746      185.4049  4172884    4.22%
  43802 10361      190.0613    41      193.5746      185.4111  4193016    4.22%
  44013 10486      189.5769    54      193.5746      185.4187  4213676    4.21%
  44223 10594      187.0724    74      193.5746      185.4320  4235086    4.21%
  44369 10646      186.2608    52      193.5746      185.4439  4257610    4.20%
  44580 10735      185.4919    47      193.5746      185.4623  4280116    4.19%
  44786 10859      189.0245    53      193.5746      185.4651  4303266    4.19%
Elapsed time = 911.26 sec. (929574.60 ticks, tree = 15.97 MB, solutions = 10)
  44970 10957        cutoff            193.5746      185.4795  4323960    4.18%
  45165 11029      189.2597    61      193.5746      185.4924  4345120    4.18%
  45346 11113      193.2851    26      193.5746      185.5103  4367321    4.17%
  45549 11222      185.8718    47      193.5746      185.5224  4389855    4.16%
  45723 11312      192.3910    50      193.5746      185.5285  4412416    4.16%
  45940 11425      188.9433    45      193.5746      185.5436  4433927    4.15%
  46101 11499      188.0145    68      193.5746      185.5540  4455556    4.14%
  46277 11573      188.7945    52      193.5746      185.5695  4477572    4.14%
  46422 11626      190.7666    65      193.5746      185.5697  4501250    4.14%
  46533 11673        cutoff            193.5746      185.5716  4523574    4.13%
Elapsed time = 952.13 sec. (967939.54 ticks, tree = 16.99 MB, solutions = 10)
  46726 11746      192.8504    53      193.5746      185.5831  4544778    4.13%
  46875 11792      185.8011    54      193.5746      185.5881  4567512    4.13%
  47054 11865      192.6992    33      193.5746      185.6017  4590134    4.12%
  47258 11963      189.6894    47      193.5746      185.6210  4612187    4.11%
  47487 12061      193.1626    41      193.5746      185.6351  4630975    4.10%
  47706 12176      192.3763    53      193.5746      185.6424  4652079    4.10%
  47911 12280      189.8024    49      193.5746      185.6580  4674039    4.09%
  48092 12352      191.7315    33      193.5746      185.6724  4696501    4.08%
  48295 12436      189.4652    56      193.5746      185.6884  4719325    4.07%
  48435 12511      190.3919    57      193.5746      185.6886  4742154    4.07%
Elapsed time = 995.52 sec. (1006219.76 ticks, tree = 17.92 MB, solutions = 10)
  48628 12592      191.1094    47      193.5746      185.7033  4764617    4.07%
  48809 12646      190.5685    60      193.5746      185.7171  4787101    4.06%
  48995 12709        cutoff            193.5746      185.7299  4808745    4.05%
  49200 12807      188.6336    31      193.5746      185.7379  4830014    4.05%
  49368 12883      190.4663    58      193.5746      185.7474  4854789    4.04%
  49563 12967      186.7019    49      193.5746      185.7586  4876111    4.04%
  49757 13075      186.7019    53      193.5746      185.7718  4898685    4.03%
  49953 13158      192.3070    52      193.5746      185.7814  4920944    4.03%
  50140 13260      192.3293    38      193.5746      185.7910  4941774    4.02%
  50306 13329      191.1333    71      193.5746      185.7979  4966057    4.02%
Elapsed time = 1039.07 sec. (1044600.20 ticks, tree = 19.18 MB, solutions = 10)
  50490 13431      191.8779    52      193.5746      185.8073  4987288    4.01%
  50700 13528      189.6763    56      193.5746      185.8186  5009330    4.01%
  50893 13621      191.8225    56      193.5746      185.8261  5030789    4.00%
  51042 13692      192.5138    56      193.5746      185.8269  5053356    4.00%
  51235 13782      193.5246    54      193.5746      185.8326  5074748    4.00%
  51432 13872      187.2918    41      193.5746      185.8474  5094878    3.99%
  51619 13959      185.8940    44      193.5746      185.8594  5115961    3.99%
  51817 14085      190.0922    57      193.5746      185.8629  5138335    3.98%
  52024 14159      187.7301    66      193.5746      185.8795  5161436    3.98%
  52193 14221      187.3951    81      193.5746      185.8903  5183768    3.97%
Elapsed time = 1081.14 sec. (1082918.59 ticks, tree = 20.25 MB, solutions = 10)
  52400 14322      191.3148    50      193.5746      185.8990  5202395    3.97%
  52570 14386      192.2557    44      193.5746      185.9110  5225097    3.96%
  52728 14451      189.5259    49      193.5746      185.9190  5248384    3.95%
  52904 14507      193.5387    32      193.5746      185.9295  5270367    3.95%
  53077 14575      193.2099    40      193.5746      185.9322  5293836    3.95%
  53231 14628      193.3274    53      193.5746      185.9444  5314508    3.94%
  53417 14687      191.4056    50      193.5746      185.9627  5335747    3.93%
  53604 14769      186.2888    68      193.5746      185.9743  5358212    3.93%
  53826 14864      192.9485    65      193.5746      185.9867  5380278    3.92%
  54000 14933      189.7121    44      193.5746      185.9943  5403144    3.92%
Elapsed time = 1122.21 sec. (1121587.40 ticks, tree = 21.66 MB, solutions = 10)
  54185 15014      190.0585    38      193.5746      186.0031  5425316    3.91%
  54376 15085      191.1271    61      193.5746      186.0134  5448215    3.91%
  54569 15173      192.8428    44      193.5746      186.0288  5466630    3.90%
  54708 15234      187.1317    63      193.5746      186.0330  5490219    3.90%
  54879 15314      192.9328    24      193.5746      186.0363  5513320    3.89%
  55071 15386      192.1455    33      193.5746      186.0447  5535684    3.89%
  55271 15472      188.9938    66      193.5746      186.0565  5557740    3.88%
  55486 15575      187.2380    48      193.5746      186.0685  5579364    3.88%
  55673 15649      191.5949    56      193.5746      186.0778  5601955    3.87%
  55834 15720      192.2134    44      193.5746      186.0881  5623821    3.87%
Elapsed time = 1162.80 sec. (1159876.17 ticks, tree = 22.65 MB, solutions = 10)
  55970 15800      191.9152    49      193.5746      186.0916  5646718    3.87%
  56170 15884      191.2203    47      193.5746      186.0979  5668545    3.86%
  56340 15970        cutoff            193.5746      186.1059  5691318    3.86%
  56543 16053      192.5027    45      193.5746      186.1164  5714762    3.85%
  56740 16138      193.3723    55      193.5746      186.1288  5738109    3.85%
  56952 16229      193.2387    62      193.5746      186.1379  5760451    3.84%
  57161 16323      187.5210    50      193.5746      186.1523  5783831    3.83%
  57353 16422      187.5746    54      193.5746      186.1591  5805545    3.83%
  57539 16476      187.3587    67      193.5746      186.1732  5828392    3.82%
  57783 16591      187.7308    65      193.5746      186.1828  5850753    3.82%
Elapsed time = 1204.38 sec. (1198236.56 ticks, tree = 24.36 MB, solutions = 10)
  57983 16663      188.9469    76      193.5746      186.1957  5873857    3.81%
  58146 16735      189.0265    36      193.5746      186.2092  5894864    3.80%
  58311 16818      193.0655    45      193.5746      186.2147  5917279    3.80%
  58507 16899      187.6299    66      193.5746      186.2250  5939204    3.80%
  58699 16976      193.3558    67      193.5746      186.2341  5960437    3.79%
  58898 17063      193.2678    45      193.5746      186.2519  5981949    3.78%
  59085 17123      187.9631    46      193.5746      186.2678  6003395    3.77%
  59223 17169      193.2070    49      193.5746      186.2706  6025671    3.77%
  59402 17244      189.6111    51      193.5746      186.2748  6049220    3.77%
  59548 17300      192.8417    53      193.5746      186.2834  6073198    3.77%
Elapsed time = 1245.17 sec. (1236611.08 ticks, tree = 25.19 MB, solutions = 10)
  59720 17356      191.7162    43      193.5746      186.2866  6095039    3.76%
  59904 17426      191.4614    27      193.5746      186.3025  6117826    3.76%
  60090 17501      192.7402    63      193.5746      186.3110  6141408    3.75%
  60292 17581      190.7687    57      193.5746      186.3234  6163931    3.75%
  60490 17671      189.4972    53      193.5746      186.3349  6186008    3.74%
  60676 17739      191.3465    59      193.5746      186.3471  6208033    3.73%
  60842 17806      186.3503    56      193.5746      186.3503  6229472    3.73%
  60969 17846      191.1159    60      193.5746      186.3590  6253276    3.73%
  61182 17947      191.0748    44      193.5746      186.3671  6274542    3.72%
  61384 18017      191.6664    40      193.5746      186.3828  6296867    3.72%
Elapsed time = 1288.61 sec. (1275088.87 ticks, tree = 26.10 MB, solutions = 10)
  61559 18082      191.9683    31      193.5746      186.3970  6319103    3.71%
  61732 18158      191.3158    63      193.5746      186.4070  6341419    3.70%
  61889 18213      191.9869    45      193.5746      186.4081  6365179    3.70%
  62093 18288      192.9134    44      193.5746      186.4233  6387922    3.69%
  62282 18357      186.6938    56      193.5746      186.4288  6410833    3.69%
  62472 18419      192.3798    33      193.5746      186.4395  6432682    3.69%
  62651 18460      192.5239    42      193.5746      186.4473  6455104    3.68%
  62836 18534      188.5022    69      193.5746      186.4557  6478142    3.68%
  63019 18606      190.0455    56      193.5746      186.4657  6501505    3.67%
  63199 18693      192.9557    31      193.5746      186.4695  6523671    3.67%
Elapsed time = 1330.58 sec. (1313439.28 ticks, tree = 26.95 MB, solutions = 10)
  63370 18766      192.6660    59      193.5746      186.4752  6545959    3.67%
  63545 18829      193.3007    36      193.5746      186.4851  6567019    3.66%
  63749 18899      192.4975    40      193.5746      186.4943  6590359    3.66%
  63912 18945      193.0599    34      193.5746      186.5103  6613374    3.65%
  64109 19018      192.4747    35      193.5746      186.5203  6635985    3.64%
  64291 19069      193.5494    65      193.5746      186.5307  6659158    3.64%
  64497 19150      186.9976    52      193.5746      186.5403  6679231    3.63%
  64714 19240      190.4381    58      193.5746      186.5485  6701172    3.63%
  64917 19329      187.3582    56      193.5746      186.5553  6722716    3.63%
  65096 19405      187.3612    49      193.5746      186.5615  6746181    3.62%
Elapsed time = 1372.08 sec. (1351754.13 ticks, tree = 27.91 MB, solutions = 10)
  65294 19464      193.1281    32      193.5746      186.5753  6769053    3.62%
  65516 19586      191.6641    36      193.5746      186.5825  6787988    3.61%
  65712 19658      193.2143    44      193.5746      186.5921  6810819    3.61%
  65917 19736      190.1048    46      193.5746      186.6027  6833460    3.60%
  66093 19806      189.2533    37      193.5746      186.6092  6856629    3.60%
  66276 19872      191.4770    23      193.5746      186.6197  6878042    3.59%
  66477 19939        cutoff            193.5746      186.6297  6899947    3.59%
  66710 20051      190.1348    59      193.5746      186.6398  6921260    3.58%
  66908 20135      193.3073    30      193.5746      186.6477  6943980    3.58%
  67062 20193      191.8943    50      193.5746      186.6541  6966154    3.58%
Elapsed time = 1413.52 sec. (1390120.69 ticks, tree = 28.84 MB, solutions = 10)
  67269 20278      191.7080    37      193.5746      186.6650  6988413    3.57%
  67468 20358      187.0964    74      193.5746      186.6765  7009423    3.56%
  67644 20449      193.3038    37      193.5746      186.6854  7030965    3.56%
  67840 20536      192.1495    61      193.5746      186.6951  7051822    3.55%
  68004 20598      192.2945    37      193.5746      186.7011  7073993    3.55%
  68224 20688      188.5490    47      193.5746      186.7097  7095437    3.55%
  68399 20766      190.3621    56      193.5746      186.7134  7117248    3.54%
  68572 20850      188.1604    76      193.5746      186.7225  7139220    3.54%
  68734 20898      189.1277    46      193.5746      186.7303  7162071    3.54%
  68936 20986      192.4571    71      193.5746      186.7395  7184457    3.53%
Elapsed time = 1456.75 sec. (1428398.13 ticks, tree = 29.84 MB, solutions = 10)
  69156 21064      193.2587    37      193.5746      186.7463  7206143    3.53%
  69357 21155      188.6537    46      193.5746      186.7566  7228282    3.52%
  69545 21241      189.1559    46      193.5746      186.7717  7246729    3.51%
  69756 21326      192.7294    42      193.5746      186.7835  7268998    3.51%
  69938 21393      189.6171    50      193.5746      186.7944  7291864    3.50%
  70117 21464      192.2786    58      193.5746      186.8002  7313610    3.50%
  70301 21529      189.2377    66      193.5746      186.8122  7335523    3.49%
  70499 21609      192.3072    38      193.5746      186.8222  7356769    3.49%
  70708 21703      189.2115    55      193.5746      186.8329  7379099    3.48%
  70902 21799        cutoff            193.5746      186.8396  7401831    3.48%
Elapsed time = 1500.26 sec. (1466765.07 ticks, tree = 30.76 MB, solutions = 10)
  71132 21927      188.2134    54      193.5746      186.8476  7423369    3.48%
  71325 22012      191.5096    59      193.5746      186.8564  7445419    3.47%
  71534 22106        cutoff            193.5746      186.8720  7467157    3.46%
  71714 22180      192.6043    29      193.5746      186.8817  7489557    3.46%
  71930 22293      193.3750    45      193.5746      186.8868  7510460    3.45%
  72117 22378      190.4818    46      193.5746      186.8941  7531821    3.45%
  72320 22473      188.6146    51      193.5746      186.9045  7553901    3.45%
  72533 22554      192.7536    39      193.5746      186.9090  7572802    3.44%
  72748 22640      192.5659    49      193.5746      186.9180  7596153    3.44%
  72944 22717      188.2949    52      193.5746      186.9271  7618081    3.43%
Elapsed time = 1546.66 sec. (1505096.24 ticks, tree = 31.85 MB, solutions = 10)
  73115 22792      187.4304    52      193.5746      186.9354  7637079    3.43%
  73296 22862      188.0902    51      193.5746      186.9407  7658548    3.43%
  73502 22965      191.8907    38      193.5746      186.9435  7678267    3.43%
  73702 23023      193.3229    41      193.5746      186.9500  7700218    3.42%
  73881 23091      191.8746    40      193.5746      186.9572  7721803    3.42%
  74070 23186      189.7268    32      193.5746      186.9639  7744285    3.42%
  74235 23248      189.8403    52      193.5746      186.9721  7767500    3.41%
  74403 23329      191.7854    36      193.5746      186.9779  7787473    3.41%
  74633 23447      189.9819    53      193.5746      186.9832  7808964    3.41%
  74862 23554      192.3893    53      193.5746      186.9966  7830976    3.40%
Elapsed time = 1594.37 sec. (1543409.19 ticks, tree = 33.89 MB, solutions = 10)
  75111 23674      190.5993    63      193.5746      187.0053  7852934    3.39%
  75293 23748      188.7826    61      193.5746      187.0119  7874883    3.39%
  75471 23817      188.8450    62      193.5746      187.0130  7895792    3.39%
  75621 23845      193.0102    59      193.5746      187.0228  7919739    3.38%
  75783 23891      190.6633    30      193.5746      187.0279  7941878    3.38%
  75971 23973      191.9973    37      193.5746      187.0412  7963979    3.38%
  76136 24025      191.4212    48      193.5746      187.0510  7984954    3.37%
  76352 24111      193.2524    31      193.5746      187.0575  8005676    3.37%
  76558 24186      191.8842    49      193.5746      187.0665  8027678    3.36%
  76768 24256      193.0290    49      193.5746      187.0744  8048976    3.36%
Elapsed time = 1643.88 sec. (1581682.09 ticks, tree = 34.78 MB, solutions = 10)
  76926 24308      191.3027    54      193.5746      187.0798  8071021    3.36%
  77127 24406      188.6837    53      193.5746      187.0880  8091702    3.35%
  77306 24490      188.3301    55      193.5746      187.0965  8113780    3.35%
  77457 24523      191.8254    34      193.5746      187.1025  8136051    3.34%
  77642 24602      192.1461    36      193.5746      187.1052  8158840    3.34%
  77808 24670      190.2656    61      193.5746      187.1143  8182420    3.34%
  78009 24761      188.7456    48      193.5746      187.1205  8203212    3.33%
  78226 24882      187.1205    46      193.5746      187.1205  8225332    3.33%
  78464 25024      189.9217    58      193.5746      187.1242  8245742    3.33%
  78683 25123      193.1349    44      193.5746      187.1295  8266959    3.33%
Elapsed time = 1692.26 sec. (1620046.42 ticks, tree = 35.87 MB, solutions = 10)
  78858 25171      190.3702    61      193.5746      187.1382  8289712    3.33%
  79038 25239      187.7025    41      193.5746      187.1476  8312396    3.32%
  79199 25312      193.2300    46      193.5746      187.1498  8334010    3.32%
  79364 25390      191.0480    45      193.5746      187.1526  8355229    3.32%
  79551 25449      192.4950    33      193.5746      187.1612  8377366    3.31%
  79725 25527      193.1559    35      193.5746      187.1651  8400300    3.31%
  79931 25605      191.7803    57      193.5746      187.1717  8420424    3.31%
  80154 25706        cutoff            193.5746      187.1753  8443268    3.31%
  80325 25752      191.2176    44      193.5746      187.1802  8467073    3.30%
  80490 25817      193.5342    53      193.5746      187.1865  8483191    3.30%
Elapsed time = 1749.33 sec. (1658343.05 ticks, tree = 36.74 MB, solutions = 10)
  80684 25875      188.7032    43      193.5746      187.1975  8505820    3.29%
  80884 25973        cutoff            193.5746      187.2017  8527203    3.29%
  81122 26102      191.4599    52      193.5746      187.2028  8546477    3.29%
  81326 26175      192.5935    36      193.5746      187.2096  8568428    3.29%
  81505 26250      191.1338    30      193.5746      187.2181  8590443    3.28%
  81689 26326      191.4539    49      193.5746      187.2234  8612668    3.28%
  81837 26355      191.5562    53      193.5746      187.2313  8636627    3.28%
  82044 26470      192.4604    45      193.5746      187.2351  8656541    3.28%
  82253 26564      191.2024    45      193.5746      187.2411  8676183    3.27%
  82460 26646      191.7568    52      193.5746      187.2481  8697679    3.27%
Elapsed time = 1827.13 sec. (1696634.53 ticks, tree = 37.73 MB, solutions = 10)
  82628 26714      192.9980    44      193.5746      187.2529  8720560    3.27%
  82811 26775      190.6324    29      193.5746      187.2584  8742905    3.26%
  83005 26848      188.7204    54      193.5746      187.2646  8763884    3.26%
  83178 26912      190.0081    48      193.5746      187.2704  8786830    3.26%
  83380 27013      189.3703    46      193.5746      187.2723  8808343    3.26%
  83600 27116      190.1864    68      193.5746      187.2781  8830055    3.25%
  83792 27179      192.5091    53      193.5746      187.2856  8852418    3.25%
  83993 27213      189.3429    57      193.5746      187.2930  8875899    3.25%
  84169 27262      188.9863    71      193.5746      187.3006  8898304    3.24%
  84350 27333      192.1924    45      193.5746      187.3115  8920568    3.24%
Elapsed time = 1904.05 sec. (1734991.42 ticks, tree = 38.60 MB, solutions = 10)
  84566 27424      191.8634    33      193.5746      187.3174  8942494    3.23%
  84749 27478      188.1927    74      193.5746      187.3225  8964627    3.23%
  84892 27531      191.4344    49      193.5746      187.3297  8987786    3.23%
  85112 27626      192.9619    49      193.5746      187.3345  9010316    3.22%
  85355 27761      190.2967    41      193.5746      187.3423  9030457    3.22%
  85533 27823      192.6183    48      193.5746      187.3471  9054072    3.22%
  85748 27895      192.0640    44      193.5746      187.3563  9075938    3.21%
  85955 27977      192.3606    40      193.5746      187.3650  9098198    3.21%
  86137 28053      189.7878    53      193.5746      187.3728  9120818    3.20%
  86302 28108      193.0326    43      193.5746      187.3768  9144060    3.20%
Elapsed time = 1959.17 sec. (1773272.05 ticks, tree = 39.58 MB, solutions = 10)
  86496 28177      190.2718    43      193.5746      187.3813  9165965    3.20%
  86715 28244      191.5749    72      193.5746      187.3891  9187371    3.20%
  86935 28369      192.9320    41      193.5746      187.3942  9209941    3.19%
  87138 28469      189.5731    53      193.5746      187.3982  9232229    3.19%
  87375 28565      189.0380    59      193.5746      187.4047  9253035    3.19%
  87552 28639      190.3879    40      193.5746      187.4097  9273139    3.18%
  87774 28715        cutoff            193.5746      187.4231  9295449    3.18%
  88024 28869      187.7529    51      193.5746      187.4255  9316286    3.18%
  88196 28940      189.6739    66      193.5746      187.4309  9340206    3.17%
  88420 29036        cutoff            193.5746      187.4394  9362126    3.17%
Elapsed time = 2017.48 sec. (1811552.60 ticks, tree = 40.74 MB, solutions = 10)
  88616 29095      191.6595    45      193.5746      187.4466  9384174    3.17%
  88787 29135      189.6709    53      193.5746      187.4570  9405955    3.16%
  88955 29197      189.8429    49      193.5746      187.4588  9428357    3.16%
  89150 29260      192.2277    28      193.5746      187.4674  9450550    3.15%
  89389 29366        cutoff            193.5746      187.4728  9470640    3.15%
  89572 29422      193.4127    57      193.5746      187.4771  9492102    3.15%
  89809 29540      189.4458    33      193.5746      187.4806  9512248    3.15%
  90033 29653      190.6048    51      193.5746      187.4888  9534020    3.14%
  90246 29740      192.6584    49      193.5746      187.4958  9555857    3.14%
  90466 29878      193.3797    21      193.5746      187.4961  9575929    3.14%
Elapsed time = 2088.33 sec. (1849849.07 ticks, tree = 41.75 MB, solutions = 10)
  90653 29971      192.1943    60      193.5746      187.4989  9597994    3.14%
  90847 30054      189.4352    69      193.5746      187.5045  9619722    3.14%
  91024 30097      193.1206    50      193.5746      187.5122  9642438    3.13%
  91202 30132      190.5388    38      193.5746      187.5186  9665648    3.13%
  91417 30226      192.4917    36      193.5746      187.5271  9687137    3.12%
  91618 30332      189.8555    41      193.5746      187.5376  9708562    3.12%
  91799 30411      192.1059    56      193.5746      187.5436  9729820    3.12%
  91994 30480      190.1889    32      193.5746      187.5492  9751081    3.11%
  92182 30530      190.6196    42      193.5746      187.5587  9773312    3.11%
  92363 30572      191.8826    30      193.5746      187.5649  9794677    3.10%
Elapsed time = 2137.92 sec. (1888199.33 ticks, tree = 42.62 MB, solutions = 10)
  92535 30628      188.2825    61      193.5746      187.5704  9814176    3.10%
  92715 30686        cutoff            193.5746      187.5753  9836379    3.10%
  92898 30739      192.4982    37      193.5746      187.5858  9856506    3.09%
  93094 30786      187.9105    61      193.5746      187.5931  9878714    3.09%
  93270 30838      188.7539    57      193.5746      187.6007  9900835    3.09%
  93456 30902      191.3815    26      193.5746      187.6078  9921869    3.08%
  93597 30926      192.9497    37      193.5746      187.6123  9945271    3.08%
  93775 31019      192.7902    29      193.5746      187.6133  9964742    3.08%
  93987 31131      191.1494    58      193.5746      187.6164  9986190    3.08%
  94198 31217      192.2377    57      193.5746      187.6238 10006902    3.07%
Elapsed time = 2180.08 sec. (1926468.07 ticks, tree = 43.44 MB, solutions = 10)
  94380 31299      190.5552    51      193.5746      187.6296 10029688    3.07%
  94563 31330      193.4539    50      193.5746      187.6401 10052855    3.07%
  94748 31400      187.7115    55      193.5746      187.6456 10074704    3.06%
  94972 31502      191.9755    51      193.5746      187.6510 10095766    3.06%
  95181 31573      190.8052    61      193.5746      187.6602 10117010    3.06%
  95383 31640      190.9949    49      193.5746      187.6668 10137863    3.05%
  95600 31711        cutoff            193.5746      187.6752 10159766    3.05%
  95838 31819      192.2303    36      193.5746      187.6836 10180264    3.04%
  96045 31896      193.0093    27      193.5746      187.6874 10201466    3.04%
  96250 31983      187.8630    56      193.5746      187.6933 10223250    3.04%
Elapsed time = 2224.10 sec. (1964777.56 ticks, tree = 44.35 MB, solutions = 10)
  96422 32037      192.3072    57      193.5746      187.6983 10244586    3.04%
  96644 32115      190.2302    67      193.5746      187.7032 10265881    3.03%
  96847 32204      192.1946    49      193.5746      187.7078 10287184    3.03%
  97072 32311      192.9931    51      193.5746      187.7134 10307956    3.03%
  97277 32378      192.5126    54      193.5746      187.7193 10331092    3.02%
  97444 32463      190.6365    32      193.5746      187.7234 10352817    3.02%
  97644 32518      191.1543    54      193.5746      187.7336 10373907    3.02%
  97807 32582      188.0394    50      193.5746      187.7385 10394945    3.01%
  97994 32687      192.3328    36      193.5746      187.7394 10415618    3.01%
  98195 32789      189.3489    57      193.5746      187.7453 10437058    3.01%
Elapsed time = 2272.84 sec. (2003070.90 ticks, tree = 46.64 MB, solutions = 10)
  98395 32852        cutoff            193.5746      187.7555 10459546    3.01%
  98572 32919      191.9294    53      193.5746      187.7634 10478251    3.00%
  98772 33013      189.7629    58      193.5746      187.7669 10501095    3.00%
  98982 33091      188.3411    43      193.5746      187.7748 10521932    3.00%
  99146 33146        cutoff            193.5746      187.7771 10545043    3.00%
  99303 33196      193.3504    21      193.5746      187.7804 10567090    2.99%
  99494 33264      193.1144    45      193.5746      187.7848 10589759    2.99%
  99712 33339      190.3041    39      193.5746      187.7920 10610307    2.99%
  99907 33428      192.9899    51      193.5746      187.7969 10631917    2.98%
 100121 33532      191.7355    57      193.5746      187.8009 10652951    2.98%
Elapsed time = 2329.46 sec. (2041512.07 ticks, tree = 47.58 MB, solutions = 10)
 100351 33621      189.9181    42      193.5746      187.8032 10674287    2.98%
 100533 33666      193.4920    29      193.5746      187.8092 10693571    2.98%
 100712 33724      190.4563    56      193.5746      187.8189 10714781    2.97%
 100914 33780        cutoff            193.5746      187.8260 10735263    2.97%
 101105 33845      192.3303    41      193.5746      187.8363 10755955    2.96%
 101307 33920      191.7632    52      193.5746      187.8407 10776832    2.96%
 101541 34009      188.1820    36      193.5746      187.8441 10796801    2.96%
 101753 34076      193.1924    41      193.5746      187.8499 10817929    2.96%
 101980 34180      191.5108    32      193.5746      187.8559 10838540    2.95%
 102178 34252      190.0753    70      193.5746      187.8595 10861572    2.95%
Elapsed time = 2383.31 sec. (2079798.82 ticks, tree = 48.43 MB, solutions = 10)
 102400 34333      188.5509    58      193.5746      187.8676 10882798    2.95%
 102644 34422      192.0010    35      193.5746      187.8762 10903987    2.94%
 102837 34473      188.6125    49      193.5746      187.8824 10926534    2.94%
 103022 34532      189.3122    55      193.5746      187.8889 10948329    2.94%
 103214 34580      192.4303    43      193.5746      187.8974 10969286    2.93%
 103406 34645      192.1277    47      193.5746      187.9066 10991079    2.93%
 103615 34710      191.1746    46      193.5746      187.9163 11013752    2.92%
 103784 34746      192.2220    42      193.5746      187.9243 11035877    2.92%
 103981 34791      192.1671    49      193.5746      187.9316 11057543    2.92%
 104197 34879      192.5966    34      193.5746      187.9357 11079447    2.91%
Elapsed time = 2430.95 sec. (2118223.07 ticks, tree = 49.17 MB, solutions = 10)
 104417 34948      189.1697    29      193.5746      187.9436 11099920    2.91%
 104605 35043      193.0084    54      193.5746      187.9466 11121994    2.91%
 104868 35147      193.2178    68      193.5746      187.9511 11141101    2.91%
 105093 35247      189.2041    36      193.5746      187.9568 11161080    2.90%
 105273 35322      192.8498    35      193.5746      187.9631 11182918    2.90%
 105548 35451      192.3577    51      193.5746      187.9645 11201234    2.90%
 105773 35532      187.9704    50      193.5746      187.9707 11221386    2.89%
 105969 35608      192.5469    48      193.5746      187.9782 11243938    2.89%
 106134 35677      189.7150    63      193.5746      187.9833 11265528    2.89%
 106330 35762        cutoff            193.5746      187.9890 11287826    2.89%
Elapsed time = 2490.91 sec. (2156499.62 ticks, tree = 50.29 MB, solutions = 10)
 106501 35828      189.2836    60      193.5746      187.9934 11308829    2.88%
 106760 35953        cutoff            193.5746      187.9960 11327857    2.88%
 106970 36029      190.1053    56      193.5746      188.0033 11349246    2.88%
 107167 36112      190.5871    39      193.5746      188.0086 11369973    2.88%
 107392 36222      190.5709    46      193.5746      188.0134 11389184    2.87%
 107572 36277      192.9765    70      193.5746      188.0195 11410999    2.87%
 107741 36337      188.6090    58      193.5746      188.0268 11430934    2.87%
 107915 36388      192.3597    53      193.5746      188.0358 11453130    2.86%
 108130 36448      189.1709    34      193.5746      188.0442 11475440    2.86%
 108361 36522        cutoff            193.5746      188.0532 11496326    2.85%
Elapsed time = 2546.03 sec. (2194765.01 ticks, tree = 51.25 MB, solutions = 10)
 108553 36610        cutoff            193.5746      188.0558 11515211    2.85%
 108757 36663        cutoff            193.5746      188.0614 11536813    2.85%
 109000 36742      190.0616    44      193.5746      188.0691 11557421    2.84%
 109218 36828        cutoff            193.5746      188.0746 11578709    2.84%
 109396 36885      193.3477    49      193.5746      188.0801 11600978    2.84%
 109585 36919      192.1501    38      193.5746      188.0888 11622742    2.83%
 109770 36991      189.7808    50      193.5746      188.0946 11643987    2.83%
 109948 37037      192.9663    48      193.5746      188.1018 11667032    2.83%
 110132 37075      188.5421    63      193.5746      188.1111 11688153    2.82%
 110320 37155      191.9083    61      193.5746      188.1183 11709475    2.82%
Elapsed time = 2594.48 sec. (2233081.23 ticks, tree = 51.88 MB, solutions = 10)
 110506 37199      191.2681    29      193.5746      188.1255 11729168    2.81%
 110731 37291        cutoff            193.5746      188.1299 11749387    2.81%
 110932 37382      189.9749    45      193.5746      188.1365 11771069    2.81%
 111151 37455      192.3963    31      193.5746      188.1449 11792457    2.80%
 111339 37501      192.2029    47      193.5746      188.1512 11814326    2.80%
 111533 37565      191.8687    26      193.5746      188.1587 11835912    2.80%
 111716 37617      192.8614    31      193.5746      188.1637 11857843    2.80%
 111945 37699      191.2579    26      193.5746      188.1693 11879486    2.79%
 112102 37762      188.7826    53      193.5746      188.1742 11901058    2.79%
 112281 37848      191.7950    53      193.5746      188.1785 11924266    2.79%
Elapsed time = 2642.83 sec. (2271336.67 ticks, tree = 52.70 MB, solutions = 10)
 112509 37951        cutoff            193.5746      188.1840 11944725    2.78%
 112701 38007      188.7432    47      193.5746      188.1905 11967368    2.78%
 112881 38068      191.8713    45      193.5746      188.1939 11988806    2.78%
 113120 38165      193.0562    49      193.5746      188.1988 12008260    2.78%
 113299 38229        cutoff            193.5746      188.2048 12030402    2.77%
 113505 38293      192.5306    30      193.5746      188.2092 12051958    2.77%
 113737 38395      193.1810    50      193.5746      188.2141 12072427    2.77%
 113997 38490      192.7018    45      193.5746      188.2183 12091847    2.77%
 114183 38555      193.3755    45      193.5746      188.2218 12114471    2.77%
 114397 38627      192.9003    32      193.5746      188.2282 12135709    2.76%
Elapsed time = 2691.33 sec. (2309620.91 ticks, tree = 53.62 MB, solutions = 10)
 114587 38700      190.3116    45      193.5746      188.2329 12153000    2.76%
 114789 38780      192.2145    39      193.5746      188.2370 12174536    2.76%
 114999 38857      190.0027    69      193.5746      188.2428 12196676    2.75%
 115184 38902      193.4013    43      193.5746      188.2502 12219454    2.75%
 115400 38982      189.7946    43      193.5746      188.2568 12239687    2.75%
 115579 39018        cutoff            193.5746      188.2632 12263439    2.74%
 115791 39101      192.5071    43      193.5746      188.2657 12282936    2.74%
 115972 39152      192.9112    46      193.5746      188.2716 12305277    2.74%
 116209 39223      193.5651    57      193.5746      188.2785 12326513    2.74%
 116391 39301      189.9593    40      193.5746      188.2826 12347884    2.73%
Elapsed time = 2740.26 sec. (2347969.16 ticks, tree = 54.48 MB, solutions = 10)
 116627 39382      191.4298    28      193.5746      188.2871 12368801    2.73%
 116804 39416      190.8943    56      193.5746      188.2924 12390944    2.73%
 117031 39533      189.2936    69      193.5746      188.2969 12413143    2.73%
 117243 39627      191.8564    39      193.5746      188.3002 12433873    2.72%
 117468 39689      188.4663    34      193.5746      188.3099 12455392    2.72%
 117677 39746      189.7236    76      193.5746      188.3161 12476384    2.72%
 117874 39809      193.2718    27      193.5746      188.3232 12497264    2.71%
 118081 39867      191.8733    53      193.5746      188.3303 12519169    2.71%
 118317 39971      191.6675    36      193.5746      188.3327 12539612    2.71%
 118556 40043      192.2293    62      193.5746      188.3387 12560520    2.70%
Elapsed time = 2793.09 sec. (2386287.90 ticks, tree = 55.42 MB, solutions = 10)
 118780 40163      190.8906    47      193.5746      188.3407 12581296    2.70%
 118984 40230      190.8134    51      193.5746      188.3466 12601657    2.70%
 119177 40289      190.7297    41      193.5746      188.3518 12623231    2.70%
 119426 40415      192.9231    29      193.5746      188.3559 12642683    2.70%
 119613 40455      192.0184    44      193.5746      188.3654 12664886    2.69%
 119830 40525      192.4986    37      193.5746      188.3731 12683794    2.69%
 120033 40622        cutoff            193.5746      188.3740 12702997    2.69%
 120260 40744      190.8905    65      193.5746      188.3740 12721524    2.69%
 120457 40798      193.5203    45      193.5746      188.3803 12742379    2.68%
 120652 40855      191.4911    60      193.5746      188.3862 12763638    2.68%
Elapsed time = 2851.61 sec. (2424612.91 ticks, tree = 56.39 MB, solutions = 10)
 120845 40929      190.3820    57      193.5746      188.3897 12785426    2.68%
 121051 41027      192.4700    37      193.5746      188.3933 12806541    2.68%
 121246 41143      190.9174    43      193.5746      188.3945 12828309    2.68%
 121439 41229      190.5783    28      193.5746      188.4004 12849395    2.67%
 121641 41292      193.4705    46      193.5746      188.4049 12869034    2.67%
 121829 41335      192.5964    47      193.5746      188.4114 12891400    2.67%
 122061 41411      192.5353    31      193.5746      188.4144 12912824    2.67%
 122269 41476      191.3202    45      193.5746      188.4224 12935657    2.66%
 122461 41519      192.1695    26      193.5746      188.4250 12959488    2.66%
 122663 41591      191.5418    28      193.5746      188.4279 12980971    2.66%
Elapsed time = 2913.02 sec. (2462890.67 ticks, tree = 57.32 MB, solutions = 10)
 122838 41641      189.8579    56      193.5746      188.4313 13003949    2.66%
 123032 41706      193.1784    31      193.5746      188.4351 13025679    2.66%
 123213 41788      193.1419    45      193.5746      188.4358 13048305    2.65%
 123428 41842      192.7136    46      193.5746      188.4426 13069143    2.65%
 123594 41878      191.8242    42      193.5746      188.4481 13091255    2.65%
 123771 41920      190.8667    30      193.5746      188.4538 13112806    2.65%
 123970 42004      192.6722    79      193.5746      188.4574 13133627    2.64%
 124152 42065      190.6224    53      193.5746      188.4636 13153023    2.64%
 124379 42137      190.3970    66      193.5746      188.4691 13173477    2.64%
 124599 42174      190.8731    44      193.5746      188.4799 13195370    2.63%
Elapsed time = 2960.93 sec. (2501163.11 ticks, tree = 58.12 MB, solutions = 10)
 124790 42223      192.6333    67      193.5746      188.4853 13216392    2.63%
 124988 42269      189.3848    52      193.5746      188.4908 13237586    2.63%
 125195 42336      190.9474    33      193.5746      188.4954 13258548    2.62%
 125388 42430      190.6226    47      193.5746      188.5021 13278918    2.62%
 125558 42545      190.0062    44      193.5746      188.5021 13300397    2.62%
 125765 42667      190.9923    44      193.5746      188.5052 13321196    2.62%
 125974 42747      189.9679    33      193.5746      188.5096 13342343    2.62%
 126102 42795      189.6040    46      193.5746      188.5117 13364885    2.62%
 126281 42867      190.3868    61      193.5746      188.5137 13385571    2.61%
 126478 42914      190.8522    48      193.5746      188.5193 13408038    2.61%
Elapsed time = 3013.98 sec. (2539438.23 ticks, tree = 59.06 MB, solutions = 10)
 126762 43027        cutoff            193.5746      188.5255 13428386    2.61%
 126954 43071      192.1649    41      193.5746      188.5315 13451346    2.61%
 127191 43205        cutoff            193.5746      188.5332 13471010    2.60%
 127381 43268      192.1537    30      193.5746      188.5386 13492786    2.60%
 127599 43366      192.2537    40      193.5746      188.5425 13512575    2.60%
 127775 43413      190.9399    30      193.5746      188.5453 13535596    2.60%
 128034 43543      192.6918    34      193.5746      188.5490 13556791    2.60%
 128281 43650      191.3295    22      193.5746      188.5536 13577989    2.59%
 128481 43749      191.8701    49      193.5746      188.5546 13599641    2.59%
 128666 43795      191.7420    54      193.5746      188.5609 13623050    2.59%
Elapsed time = 3080.02 sec. (2577718.33 ticks, tree = 60.18 MB, solutions = 10)
 128854 43856      193.0006    59      193.5746      188.5648 13643837    2.59%
 129044 43904      191.6756    44      193.5746      188.5729 13665478    2.58%
 129245 43957      192.5485    50      193.5746      188.5790 13686197    2.58%
 129457 44052      190.4754    68      193.5746      188.5823 13707114    2.58%
 129649 44100      191.5374    52      193.5746      188.5840 13728336    2.58%
 129830 44122      190.3021    45      193.5746      188.5884 13750432    2.58%
 130073 44225      192.6171    38      193.5746      188.5928 13770728    2.57%
 130301 44296      191.1292    48      193.5746      188.6005 13791932    2.57%
 130495 44319      193.5304    68      193.5746      188.6110 13814512    2.56%
 130721 44430      188.6127    45      193.5746      188.6127 13835565    2.56%
Elapsed time = 3128.36 sec. (2616111.51 ticks, tree = 60.98 MB, solutions = 10)
 130937 44503      190.3145    58      193.5746      188.6184 13856418    2.56%
 131155 44590      190.9007    48      193.5746      188.6229 13876500    2.56%
 131391 44683      191.0616    36      193.5746      188.6260 13897011    2.56%
 131593 44772      193.2959    48      193.5746      188.6297 13918311    2.55%
 131811 44830      192.6966    53      193.5746      188.6364 13940440    2.55%
 132000 44894      188.9152    49      193.5746      188.6405 13960604    2.55%
 132237 44973      190.1219    36      193.5746      188.6480 13980841    2.55%
 132458 45029      191.6717    30      193.5746      188.6522 14001710    2.54%
 132663 45090        cutoff            193.5746      188.6555 14023843    2.54%
 132875 45157      191.7658    57      193.5746      188.6588 14044384    2.54%
Elapsed time = 3179.98 sec. (2654559.53 ticks, tree = 61.91 MB, solutions = 10)
 133052 45195      189.5846    57      193.5746      188.6625 14065982    2.54%
 133269 45259      193.0467    44      193.5746      188.6653 14086404    2.54%
 133484 45326      191.1207    40      193.5746      188.6685 14106162    2.53%
 133674 45406      188.9976    56      193.5746      188.6699 14128138    2.53%
 133859 45428      192.6423    60      193.5746      188.6767 14150868    2.53%
 134059 45471      192.5591    46      193.5746      188.6837 14171085    2.53%
 134235 45496      188.8114    50      193.5746      188.6908 14192891    2.52%
 134424 45563      190.1667    56      193.5746      188.6968 14213399    2.52%
 134652 45617      190.1451    49      193.5746      188.7035 14233855    2.52%
 134849 45660      192.5641    34      193.5746      188.7089 14254122    2.51%
Elapsed time = 3228.41 sec. (2692994.62 ticks, tree = 62.61 MB, solutions = 10)
 135110 45796      189.8112    40      193.5746      188.7141 14271421    2.51%
 135301 45858      191.8923    50      193.5746      188.7192 14292594    2.51%
 135400 45916      190.5291    49      193.5746      188.7204 14299717    2.51%
 135616 45956      191.6062    52      193.5746      188.7263 14321740    2.50%
 135793 45976      191.5549    38      193.5746      188.7307 14343716    2.50%
 135900 46007      192.6748    45      193.5746      188.7335 14354112    2.50%
 136000 46032      193.4968    60      193.5746      188.7367 14365645    2.50%
 136100 46061      193.1041    34      193.5746      188.7387 14376487    2.50%
 136239 46119      190.6823    59      193.5746      188.7421 14389047    2.50%
 136300 46119      192.9035    43      193.5746      188.7452 14394801    2.49%
Elapsed time = 3277.21 sec. (2733771.49 ticks, tree = 63.13 MB, solutions = 10)
 136400 46152      191.7930    43      193.5746      188.7507 14408607    2.49%
*136500+46185                          193.5725      188.7516             2.49%
 136500 46187      191.9382    29      193.5725      188.7516 14418973    2.49%
 136700 46260      193.2711    27      193.5725      188.7550 14437983    2.49%
 136807 46329      190.8695    33      193.5725      188.7556 14447272    2.49%
 136900 46382      190.0524    47      193.5725      188.7562 14453480    2.49%
 137000 46442      191.7930    42      193.5725      188.7591 14461870    2.49%
 137200 46519      191.9402    46      193.5725      188.7628 14483192    2.48%
 137400 46624      192.8920    39      193.5725      188.7648 14495015    2.48%
 137500 46650      193.1978    50      193.5725      188.7688 14509243    2.48%
 137600 46691      192.1238    48      193.5725      188.7735 14520694    2.48%
Elapsed time = 3339.80 sec. (2787027.39 ticks, tree = 63.86 MB, solutions = 11)
 137700 46736      191.9616    51      193.5725      188.7738 14529292    2.48%
 137846 46804      193.0910    31      193.5725      188.7761 14543511    2.48%
*137900+46762                          193.5683      188.7776             2.47%
 137980 46802      189.9991    44      193.5683      188.7801 14555079    2.47%
 138000 46808      192.0946    60      193.5683      188.7806 14557390    2.47%
 138100 46854      190.5529    45      193.5683      188.7811 14567672    2.47%
 138200 46883      191.8233    50      193.5683      188.7839 14578111    2.47%
 138390 46939      192.9271    42      193.5683      188.7868 14599891    2.47%
 138500 46982      192.2565    45      193.5683      188.7904 14612443    2.47%
 138641 47029      192.9380    49      193.5683      188.7915 14626003    2.47%
 138700 47059      189.2659    51      193.5683      188.7928 14633538    2.47%
Elapsed time = 3402.08 sec. (2838509.78 ticks, tree = 64.33 MB, solutions = 12)
 138800 47073      189.5966    44      193.5683      188.7950 14643350    2.47%
 139000 47181      192.4777    48      193.5683      188.7979 14663829    2.46%
 139100 47204      191.2263    63      193.5683      188.7987 14677881    2.46%
 139200 47215      190.9324    38      193.5683      188.8039 14691410    2.46%
 139300 47232      193.2190    34      193.5683      188.8068 14701651    2.46%
 139400 47256      192.3522    50      193.5683      188.8081 14711127    2.46%
 139600 47341      191.2434    49      193.5683      188.8121 14733328    2.46%
 139700 47381      193.0557    52      193.5683      188.8154 14744377    2.46%
 139813 47439      191.0161    31      193.5683      188.8167 14754749    2.45%
 139900 47455      193.5124    46      193.5683      188.8189 14763477    2.45%
Elapsed time = 3471.38 sec. (2903402.60 ticks, tree = 64.77 MB, solutions = 12)
 140000 47476      192.1402    37      193.5683      188.8221 14772003    2.45%
 140115 47505      188.8244    67      193.5683      188.8244 14782789    2.45%
 140251 47536      190.6810    46      193.5683      188.8280 14795231    2.45%
 140381 47581      191.9193    48      193.5683      188.8320 14805366    2.45%
 140500 47602      193.1590    49      193.5683      188.8362 14819806    2.44%
 140683 47666      190.5999    64      193.5683      188.8395 14836823    2.44%
 140873 47723      188.8441    47      193.5683      188.8441 14855610    2.44%
 141057 47742      192.2947    46      193.5683      188.8496 14876345    2.44%
 141248 47794      189.1481    62      193.5683      188.8571 14896237    2.43%
 141400 47846      193.3166    33      193.5683      188.8601 14909998    2.43%
Elapsed time = 3519.13 sec. (2944064.14 ticks, tree = 65.27 MB, solutions = 12)
 141500 47888      191.7361    45      193.5683      188.8636 14918903    2.43%
 141692 47952      193.1624    35      193.5683      188.8677 14936087    2.43%
 141700 47955      193.3964    57      193.5683      188.8680 14937857    2.43%
 141800 47959      192.1042    33      193.5683      188.8711 14947897    2.43%
 141900 47999      190.3740    50      193.5683      188.8728 14956952    2.43%
 142000 48018      193.5293    22      193.5683      188.8758 14968155    2.42%
 142169 48070      192.8954    49      193.5683      188.8809 14983831    2.42%
 142329 48119      190.5627    62      193.5683      188.8855 15001611    2.42%
 142555 48209      192.3237    23      193.5683      188.8900 15019350    2.42%
 142600 48222      193.2591    38      193.5683      188.8902 15023451    2.42%
Elapsed time = 3572.44 sec. (2991778.41 ticks, tree = 65.75 MB, solutions = 12)
 142700 48249      190.7002    66      193.5683      188.8934 15035082    2.42%
 142894 48319      192.2336    32      193.5683      188.8971 15055672    2.41%
 143108 48350      190.2330    45      193.5683      188.9021 15079341    2.41%
 143316 48434      191.0515    51      193.5683      188.9084 15099301    2.41%
 143546 48505      189.6718    55      193.5683      188.9146 15119690    2.40%

GUB cover cuts applied:  33
Clique cuts applied:  2
Cover cuts applied:  21
Implied bound cuts applied:  13
Flow cuts applied:  18
Mixed integer rounding cuts applied:  437
Zero-half cuts applied:  2
Lift and project cuts applied:  6
Gomory fractional cuts applied:  3

Root node processing (before b&c):
  Real time             =    4.54 sec. (4673.74 ticks)
Sequential b&c:
  Real time             = 3595.46 sec. (3011324.82 ticks)
                          ------------
Total (root+branch&cut) = 3600.00 sec. (3015998.56 ticks)
