Version identifier: 22.1.0.0 | 2022-03-09 | 1a383f8ce
CPXPARAM_Read_DataCheck                          1
CPXPARAM_Threads                                 1
CPXPARAM_TimeLimit                               3600
Tried aggregator 2 times.
MIP Presolve eliminated 3038 rows and 177 columns.
MIP Presolve modified 30831 coefficients.
Aggregator did 127 substitutions.
Reduced MIP has 6596 rows, 676 columns, and 47185 nonzeros.
Reduced MIP has 488 binaries, 0 generals, 0 SOSs, and 0 indicators.
Presolve time = 0.12 sec. (99.91 ticks)
Found incumbent of value 131.211276 after 0.16 sec. (131.24 ticks)
Probing fixed 10 vars, tightened 11 bounds.
Probing time = 0.05 sec. (35.00 ticks)
Tried aggregator 1 time.
Detecting symmetries...
MIP Presolve eliminated 29 rows and 10 columns.
MIP Presolve modified 156 coefficients.
Reduced MIP has 6567 rows, 666 columns, and 46904 nonzeros.
Reduced MIP has 478 binaries, 0 generals, 0 SOSs, and 0 indicators.
Presolve time = 0.03 sec. (20.97 ticks)
Probing time = 0.01 sec. (5.60 ticks)
Clique table members: 3321.
MIP emphasis: balance optimality and feasibility.
MIP search method: dynamic search.
Parallel mode: none, using 1 thread.
Root relaxation solution time = 0.03 sec. (25.33 ticks)

        Nodes                                         Cuts/
   Node  Left     Objective  IInf  Best Integer    Best Bound    ItCnt     Gap

*     0+    0                          131.2113       96.8268            26.21%
      0     0       96.8268   116      131.2113       96.8268      237   26.21%
      0     0       96.8268    63      131.2113     Cuts: 368      527   26.21%
      0     0       96.8268    78      131.2113     Cuts: 542      983   26.21%
      0     0       96.8268    61      131.2113     Cuts: 138     1276   26.21%
*     0+    0                          129.8713       96.8268            25.44%
      0     0  -1.00000e+75     0      129.8713       96.8268     1276   25.44%
      0     0       96.8268    83      129.8713     Cuts: 420     1909   25.44%
Detecting symmetries...
      0     2       96.8268    83      129.8713       96.8268     1909   25.44%
Elapsed time = 2.17 sec. (1912.13 ticks, tree = 0.01 MB, solutions = 2)
      3     5       98.8336    60      129.8713       96.8268     3429   25.44%
     12    14       97.2582    50      129.8713       96.8283     5259   25.44%
     30    28      100.6907    59      129.8713       96.8283     6185   25.44%
     41    39       96.8837    60      129.8713       96.8283     7976   25.44%
     62    60       98.3195    35      129.8713       96.8283    10237   25.44%
     84    80       97.0209    48      129.8713       96.8283    12252   25.44%
    110   106       97.1334    38      129.8713       96.8283    13127   25.44%
    169   165       99.1126    29      129.8713       96.8283    14057   25.44%
*   177+  165                          129.8662       96.8283            25.44%
*   180+  167                          108.6148       96.8332            10.85%
    180   169       97.1044    56      108.6148       96.8332    14780   10.85%
    260   247       99.8681    32      108.6148       96.8332    19929   10.85%
Elapsed time = 5.29 sec. (5302.47 ticks, tree = 0.38 MB, solutions = 4)
    280   263       96.8332    62      108.6148       96.8332    21376   10.85%
*   300+  279                          108.0612       96.8332            10.39%
    373   343      106.7371    24      108.0612       96.8332    26553   10.39%
    441   403      102.4148    51      108.0612       96.8332    32024   10.39%

Performing restart 1

Repeating presolve.
Tried aggregator 1 time.
MIP Presolve eliminated 42 rows and 5 columns.
MIP Presolve modified 357 coefficients.
Reduced MIP has 6525 rows, 661 columns, and 46222 nonzeros.
Reduced MIP has 475 binaries, 0 generals, 0 SOSs, and 0 indicators.
Presolve time = 0.03 sec. (20.82 ticks)
Tried aggregator 1 time.
Reduced MIP has 6525 rows, 661 columns, and 46222 nonzeros.
Reduced MIP has 475 binaries, 0 generals, 0 SOSs, and 0 indicators.
Presolve time = 0.03 sec. (20.10 ticks)
Represolve time = 0.12 sec. (85.41 ticks)
    462     0       96.8287    65      108.0612     Cuts: 770    35566   10.39%
    462     0       96.8294    67      108.0612     Cuts: 311    35813   10.39%
    462     0       96.8300    71      108.0612     Cuts: 938    36350   10.39%
    462     0       96.8322   102      108.0612     Cuts: 484    36775   10.39%
    462     0       96.8337   116      108.0612     Cuts: 816    37009   10.39%
    462     0       96.8342    74      108.0612    Cuts: 1542    37333   10.39%
    462     0       96.8353    92      108.0612     Cuts: 317    37531   10.39%
    462     0       96.8353    84      108.0612    Cuts: 1666    37667   10.39%
    462     0       96.8355    94      108.0612     Cuts: 620    37827   10.39%
    462     0       96.8356   134      108.0612    Cuts: 1299    37956   10.39%
    462     0       96.8356    85      108.0612     Cuts: 339    38054   10.39%
    462     0       96.8397    68      108.0612     Cuts: 579    38292   10.38%
    462     0       96.8403    67      108.0612     Cuts: 313    38455   10.38%
    462     0       96.8406    95      108.0612    Cuts: 1296    38618   10.38%
    462     0       96.8415   129      108.0612     Cuts: 154    38727   10.38%
    462     0       96.8420    92      108.0612     Cuts: 332    38841   10.38%
    462     0       96.8422    94      108.0612     Cuts: 764    38951   10.38%
    462     2       96.8422    85      108.0612       96.8422    38951   10.38%
    474    14       96.9482    41      108.0612       96.8423    39615   10.38%
    482    22       96.9482    37      108.0612       96.8423    40442   10.38%
    491    31       96.9482    21      108.0612       96.8423    41958   10.38%
*   492+   30                          103.5034       96.8423             6.44%
    501    41       96.9668    77      103.5034       96.8423    42748    6.44%
    521    61       96.9949    58      103.5034       96.8423    44129    6.44%
*   570   104      integral     0      103.3276       96.8423    45364    6.28%
    571   105       96.8633    90      103.3276       96.8438    45524    6.28%
Elapsed time = 25.76 sec. (24884.37 ticks, tree = 3.76 MB, solutions = 7)
    597   131       99.0372    40      103.3276       96.8438    46867    6.28%
    645   174       96.8493    36      103.3276       96.8444    48073    6.27%
*   670+  197                          102.7343       96.8444             5.73%
    670   199       97.8344    39      102.7343       96.8444    49331    5.73%
    712   235       98.3766    39      102.7343       96.8533    51076    5.72%
    746   264       96.9123    49      102.7343       96.8536    52908    5.72%
    824   337       97.8196    46      102.7343       96.8554    55224    5.72%
    865   366       98.5396    44      102.7343       96.8563    58538    5.72%
    891   383       97.4116    39      102.7343       96.8591    60637    5.72%
    944   431       96.8817    53      102.7343       96.8603    63038    5.72%
    976   457       98.9733    28      102.7343       96.8613    65525    5.72%
Elapsed time = 37.96 sec. (36347.74 ticks, tree = 14.83 MB, solutions = 8)
   1027   502       97.2531    44      102.7343       96.8614    68938    5.72%
   1068   538       98.0173    41      102.7343       96.8630    71553    5.72%
   1118   576       96.8684    45      102.7343       96.8645    73707    5.71%
   1163   618      100.1400    32      102.7343       96.8655    78259    5.71%
   1239   678       96.9518    43      102.7343       96.8661    83342    5.71%
   1267   702      101.9778    32      102.7343       96.8664    87832    5.71%
   1305   733       98.3966    37      102.7343       96.8676    90601    5.71%
   1351   765       96.9020    91      102.7343       96.8688    94270    5.71%
   1394   802        cutoff            102.7343       96.8688    97368    5.71%
   1438   838       97.4924    60      102.7343       96.8699   100768    5.71%
Elapsed time = 49.24 sec. (46898.97 ticks, tree = 19.00 MB, solutions = 8)
   1482   875       98.0948    36      102.7343       96.8699   103103    5.71%
   1543   922       97.2539    46      102.7343       96.8699   105221    5.71%
   1589   960      100.4460    39      102.7343       96.8700   107896    5.71%
   1610   975       98.8534    45      102.7343       96.8701   111115    5.71%
   1672  1023      101.8457    33      102.7343       96.8705   113528    5.71%
   1696  1039       97.6435    66      102.7343       96.8753   115959    5.70%
   1742  1074       97.3901    27      102.7343       96.8765   118592    5.70%
   1779  1102       96.8836    50      102.7343       96.8767   121678    5.70%
   1822  1137       97.6448    45      102.7343       96.8780   124659    5.70%
   1876  1180       97.4329    37      102.7343       96.8781   127163    5.70%
Elapsed time = 60.25 sec. (57259.39 ticks, tree = 31.79 MB, solutions = 8)
   1909  1202       96.8986    52      102.7343       96.8786   129199    5.70%
   1971  1257      100.6080    38      102.7343       96.8788   132063    5.70%
   2010  1282      102.0059    26      102.7343       96.8794   135430    5.70%
   2077  1336      100.1571    39      102.7343       96.8817   137964    5.70%
   2129  1376      100.3876    52      102.7343       96.8822   139978    5.70%
   2161  1400       98.3259    47      102.7343       96.8827   142688    5.70%
   2205  1433       97.4833    43      102.7343       96.8843   146307    5.69%
   2257  1473       98.7331    39      102.7343       96.8855   148642    5.69%
   2302  1507       96.8871    84      102.7343       96.8863   152855    5.69%
   2391  1580       98.3138    43      102.7343       96.8873   158099    5.69%
Elapsed time = 70.82 sec. (67168.38 ticks, tree = 48.79 MB, solutions = 8)
   2420  1599       98.3766    40      102.7343       96.8889   164314    5.69%
   2475  1640       96.9102    50      102.7343       96.8902   168786    5.69%
   2571  1727      100.7938    35      102.7343       96.8902   174228    5.69%
   2641  1785       99.4236    44      102.7343       96.8908   176890    5.69%
   2689  1821       96.9142    34      102.7343       96.8910   181664    5.69%
   2736  1860       98.8817    44      102.7343       96.8922   185804    5.69%
   2774  1893       98.4063    35      102.7343       96.8931   190316    5.69%
   2877  1982      100.1726    36      102.7343       96.8949   195182    5.68%
   2939  2028       97.6670    64      102.7343       96.8957   199397    5.68%
   3011  2084       97.1300    41      102.7343       96.8975   203868    5.68%
Elapsed time = 82.18 sec. (77567.31 ticks, tree = 48.84 MB, solutions = 8)
   3069  2136       97.7449    42      102.7343       96.8976   208145    5.68%
   3127  2179       96.9391    66      102.7343       96.8977   213313    5.68%
   3162  2210       96.9450    59      102.7343       96.8979   214679    5.68%
   3224  2257      100.9867    28      102.7343       96.9002   220014    5.68%
   3269  2294       97.6463    54      102.7343       96.9015   223103    5.68%
   3345  2353       96.9023    51      102.7343       96.9018   227736    5.68%
   3382  2382       96.9097    41      102.7343       96.9020   230957    5.68%
   3465  2451      100.5334    41      102.7343       96.9022   235694    5.68%
   3555  2506        cutoff            102.7343       96.9029   240112    5.68%
   3579  2525       98.7918    36      102.7343       96.9033   244417    5.68%
Elapsed time = 92.91 sec. (87329.65 ticks, tree = 48.82 MB, solutions = 8)
   3662  2594       97.4568    32      102.7343       96.9049   250256    5.67%
   3698  2620       96.9090    58      102.7343       96.9059   254302    5.67%
   3773  2687       99.7023    50      102.7343       96.9081   259422    5.67%
   3840  2741       98.9252    44      102.7343       96.9087   265613    5.67%
   3873  2768       97.2122    67      102.7343       96.9095   269674    5.67%
   3958  2840       97.4571    47      102.7343       96.9102   276210    5.67%
   4052  2909       96.9165    88      102.7343       96.9110   279467    5.67%
   4112  2960       99.3639    30      102.7343       96.9115   284772    5.67%
   4170  3002      100.7227    41      102.7343       96.9129   290223    5.67%
   4245  3061       97.1251    32      102.7343       96.9142   295281    5.67%
Elapsed time = 104.42 sec. (98064.23 ticks, tree = 48.92 MB, solutions = 8)
   4314  3120       96.9828    33      102.7343       96.9142   298830    5.67%
   4378  3175       99.2148    43      102.7343       96.9142   303952    5.67%
   4445  3224      102.4637    44      102.7343       96.9145   307870    5.66%
   4498  3261       97.4569    54      102.7343       96.9156   314200    5.66%
   4558  3314       97.9464    39      102.7343       96.9161   318310    5.66%
   4615  3363       97.0093    42      102.7343       96.9161   322583    5.66%
   4700  3434        cutoff            102.7343       96.9167   327336    5.66%
   4781  3501       99.6142    39      102.7343       96.9179   332195    5.66%
   4833  3540       99.0770    45      102.7343       96.9191   336001    5.66%
   5051  3711       98.8762    67      102.7343       96.9202   353381    5.66%
Elapsed time = 117.41 sec. (110812.51 ticks, tree = 49.37 MB, solutions = 8)
*  5167  3622      integral     0      102.2800       96.9207   357658    5.24%
*  5267+ 3426                          101.5833       96.9214             4.59%
   5339  3483       97.4568    33      101.5833       96.9216   371628    4.59%
   5635  3709       97.1533    45      101.5833       96.9247   393875    4.59%
   5988  3987       98.7161    34      101.5833       96.9288   415947    4.58%
   6229  4177       97.1238    47      101.5833       96.9305   433946    4.58%
   6521  4402       97.1007    42      101.5833       96.9331   451792    4.58%
   6832  4649       96.9497    45      101.5833       96.9355   469755    4.58%
   7126  4874       97.0494    41      101.5833       96.9400   488797    4.57%
   7448  5126      100.7756    42      101.5833       96.9420   509257    4.57%
   7740  5331       98.3867    42      101.5833       96.9458   530360    4.57%
   8067  5575       97.2312    64      101.5833       96.9482   550838    4.56%
Elapsed time = 159.14 sec. (149613.64 ticks, tree = 46.09 MB, solutions = 10)
   8355  5810       96.9482    31      101.5833       96.9482   568263    4.56%
   8745  6121       99.5685    45      101.5833       96.9500   590862    4.56%
   9045  6351       97.0383    34      101.5833       96.9517   608042    4.56%
   9370  6604       97.2802    41      101.5833       96.9542   629440    4.56%
   9658  6824      100.4009    35      101.5833       96.9573   647543    4.55%
*  9702+ 6755                          101.4160       96.9574             4.40%
*  9702+ 6753                          101.4084       96.9574             4.39%
   9702  6753        cutoff            101.4084       96.9574   649306    4.39%
   9729  6776       96.9587    77      101.4084       96.9587   650462    4.39%

Performing restart 2

Repeating presolve.
Tried aggregator 1 time.
MIP Presolve eliminated 254 rows and 25 columns.
MIP Presolve modified 3123 coefficients.
Reduced MIP has 6271 rows, 636 columns, and 46338 nonzeros.
Reduced MIP has 454 binaries, 0 generals, 0 SOSs, and 0 indicators.
Presolve time = 0.05 sec. (32.91 ticks)
Tried aggregator 1 time.
MIP Presolve eliminated 13 rows and 5 columns.
MIP Presolve modified 401 coefficients.
Reduced MIP has 6258 rows, 631 columns, and 46150 nonzeros.
Reduced MIP has 449 binaries, 0 generals, 0 SOSs, and 0 indicators.
Presolve time = 0.07 sec. (46.31 ticks)
Represolve time = 0.25 sec. (144.40 ticks)
   9812     0       96.8422    94      101.4084    Cuts: 1664   657573    4.39%
   9812     0       96.8426    63      101.4084     Cuts: 384   657769    4.39%
   9812     0       96.8427    68      101.4084     Cuts: 500   657973    4.39%
   9812     0       96.8428    61      101.4084     Cuts: 523   658104    4.39%
   9812     0       96.8429    63      101.4084     Cuts: 348   658292    4.39%
   9812     0       96.8429    54      101.4084      Cuts: 93   658441    4.39%
   9812     0       96.8429    61      101.4084     Cuts: 292   658540    4.39%
   9812     0       96.8429    54      101.4084      Cuts: 36   658635    4.39%
   9812     0       96.8429    57      101.4084     Cuts: 166   658746    4.39%
   9812     2       96.8429    48      101.4084       96.9591   658746    4.39%
   9825    15       96.8948    30      101.4084       96.9591   661403    4.39%
   9848    37       97.3028    29      101.4084       96.9591   664682    4.39%
Elapsed time = 237.91 sec. (224497.12 ticks, tree = 0.49 MB, solutions = 12)
   9898    78       98.5565    42      101.4084       96.9591   667970    4.39%
   9950   122       96.9243    46      101.4084       96.9591   672358    4.39%
  10068   216       98.7331    46      101.4084       96.9591   679084    4.39%
  10140   269      100.8292    28      101.4084       96.9591   686671    4.39%
  10287   393       98.2914    50      101.4084       96.9591   695933    4.39%
  10527   587       97.8618    48      101.4084       96.9591   707813    4.39%
  10744   768       97.0472    51      101.4084       96.9591   720732    4.39%
  10984   970       97.4276    26      101.4084       96.9591   733316    4.39%
  11252  1188       97.2418    29      101.4084       96.9591   749443    4.39%
  11524  1413       97.2782    36      101.4084       96.9591   766840    4.39%
Elapsed time = 275.85 sec. (263271.23 ticks, tree = 2.07 MB, solutions = 12)
  11773  1611      101.1403    23      101.4084       96.9591   786937    4.39%
  11944  1734       96.8978    49      101.4084       96.9591   801310    4.39%
  12213  1953      100.1480    36      101.4084       96.9591   815275    4.39%
  12546  2217       97.2191    35      101.4084       96.9591   832363    4.39%
  12859  2471       98.6580    36      101.4084       96.9591   851806    4.39%
  13209  2755       97.0732    32      101.4084       96.9591   867250    4.39%
  13545  3021       99.9874    26      101.4084       96.9591   887273    4.39%
  13923  3308      101.3595    26      101.4084       96.9591   908010    4.39%
  14256  3565       98.5096    35      101.4084       96.9591   923379    4.39%
  14525  3774       96.9672    47      101.4084       96.9591   937023    4.39%
Elapsed time = 321.25 sec. (301572.83 ticks, tree = 4.59 MB, solutions = 12)
  14799  3975       97.8364    38      101.4084       96.9591   954237    4.39%
  15092  4212      100.2287    33      101.4084       96.9591   970745    4.39%
  15376  4438       97.1284    44      101.4084       96.9591   987915    4.39%
  15685  4686       97.1664    38      101.4084       96.9591  1006673    4.39%
  15935  4872       96.9681    49      101.4084       96.9591  1019252    4.39%
  16226  5094       98.5092    41      101.4084       96.9591  1032928    4.39%
  16542  5336       97.5538    41      101.4084       96.9635  1048041    4.38%
  16944  5643       97.4974    46      101.4084       96.9670  1063863    4.38%
  17295  5912       97.1877    40      101.4084       96.9695  1079544    4.38%
  17543  6104       97.1466    36      101.4084       96.9719  1093406    4.37%
Elapsed time = 368.14 sec. (340372.52 ticks, tree = 7.38 MB, solutions = 12)
  17812  6304       97.0952    33      101.4084       96.9744  1107691    4.37%
  18135  6555       97.1525    43      101.4084       96.9780  1123897    4.37%
  18536  6866       97.0332    51      101.4084       96.9816  1139618    4.37%
  18840  7103      100.8416     9      101.4084       96.9832  1159122    4.36%
  19193  7362       98.0190    34      101.4084       96.9870  1174332    4.36%
  19508  7595       97.8565    34      101.4084       96.9896  1188241    4.36%
  19846  7859       98.4290    34      101.4084       96.9919  1204292    4.36%
  20196  8142       97.3442    31      101.4084       96.9940  1221602    4.35%
  20529  8407      100.1771    41      101.4084       96.9974  1241173    4.35%
  20865  8658       97.2096    50      101.4084       97.0015  1258130    4.35%
Elapsed time = 414.86 sec. (378994.69 ticks, tree = 10.69 MB, solutions = 12)
  21166  8882       97.0269    38      101.4084       97.0042  1271821    4.34%
  21489  9132       98.9485    40      101.4084       97.0068  1288934    4.34%
  21812  9386      100.3832    21      101.4084       97.0098  1303879    4.34%
  22191  9677       97.1224    39      101.4084       97.0119  1320617    4.34%
  22518  9951       97.4149    59      101.4084       97.0127  1336146    4.33%
  22847 10208       97.0249    55      101.4084       97.0156  1350532    4.33%
  23164 10453       97.1881    43      101.4084       97.0179  1366775    4.33%
  23460 10666       97.0450    47      101.4084       97.0197  1382457    4.33%
  23828 10950       97.8985    36      101.4084       97.0223  1398804    4.33%
  24164 11198       97.5826    32      101.4084       97.0251  1416866    4.32%
Elapsed time = 461.37 sec. (417304.71 ticks, tree = 13.51 MB, solutions = 12)
  24486 11438       98.1171    35      101.4084       97.0260  1436247    4.32%
  24832 11679        cutoff            101.4084       97.0265  1456606    4.32%
  25113 11905      100.1796    33      101.4084       97.0281  1474154    4.32%
  25459 12164       97.1224    39      101.4084       97.0301  1487329    4.32%
  25816 12444       97.1025    48      101.4084       97.0315  1502781    4.32%
  26223 12742       97.5149    34      101.4084       97.0336  1521082    4.31%
  26566 13000       98.4756    30      101.4084       97.0357  1539286    4.31%
  26967 13288       97.7995    32      101.4084       97.0383  1559586    4.31%
  27330 13567       97.4105    28      101.4084       97.0410  1577806    4.31%
  27624 13782      100.8128    20      101.4084       97.0428  1594737    4.31%
Elapsed time = 504.91 sec. (455543.65 ticks, tree = 16.49 MB, solutions = 12)
  27977 14051      101.2817    26      101.4084       97.0442  1610614    4.30%
  28359 14321       97.3916    33      101.4084       97.0459  1629620    4.30%
  28721 14587       97.0488    26      101.4084       97.0477  1649764    4.30%
  29073 14840       97.1729    39      101.4084       97.0498  1671740    4.30%
  29402 15085       97.5009    32      101.4084       97.0517  1690561    4.30%
  29720 15324      100.3515    32      101.4084       97.0535  1706518    4.29%
  30039 15554       99.1829    38      101.4084       97.0558  1724279    4.29%
  30401 15821      100.8687    30      101.4084       97.0578  1742484    4.29%
  30727 16058        cutoff            101.4084       97.0578  1761415    4.29%
  31037 16277        cutoff            101.4084       97.0578  1781997    4.29%
Elapsed time = 544.31 sec. (494136.21 ticks, tree = 19.29 MB, solutions = 12)
  31356 16529      100.9305    28      101.4084       97.0578  1801377    4.29%
  31706 16789      100.0444    35      101.4084       97.0588  1817540    4.29%
  32029 17012       98.0573    45      101.4084       97.0607  1835126    4.29%
  32371 17259       97.2198    35      101.4084       97.0622  1851786    4.29%
  32767 17553       99.0209    37      101.4084       97.0643  1868285    4.28%
  33108 17787       97.2473    39      101.4084       97.0671  1887538    4.28%
  33486 18061       97.1385    48      101.4084       97.0683  1907953    4.28%
  33693 18213       97.9398    55      101.4084       97.0690  1921800    4.28%
  33926 18409       97.4396    39      101.4084       97.0691  1936125    4.28%
  34172 18600       97.5426    42      101.4084       97.0703  1952059    4.28%
Elapsed time = 581.10 sec. (532469.09 ticks, tree = 22.54 MB, solutions = 12)
  34382 18763      100.1315    33      101.4084       97.0709  1965645    4.28%
  34738 19024      100.1165    25      101.4084       97.0714  1983146    4.28%
  35105 19287       97.1096    37      101.4084       97.0732  1999813    4.28%
  35475 19555       97.0786    47      101.4084       97.0751  2020082    4.27%
  35847 19839       97.2908    42      101.4084       97.0771  2035259    4.27%
  36146 20068       97.7562    39      101.4084       97.0788  2050668    4.27%
  36499 20326       98.6293    41      101.4084       97.0809  2066845    4.27%
  36847 20592        cutoff            101.4084       97.0825  2084682    4.27%
  37224 20873       97.7597    39      101.4084       97.0846  2101006    4.26%
  37556 21116       97.9446    38      101.4084       97.0854  2120062    4.26%
Elapsed time = 619.02 sec. (570770.53 ticks, tree = 25.38 MB, solutions = 12)
  37946 21393       97.6950    45      101.4084       97.0855  2138826    4.26%
  38309 21648       97.8005    41      101.4084       97.0864  2156969    4.26%
  38690 21920       97.2536    40      101.4084       97.0879  2176783    4.26%
  39027 22171       97.0891    31      101.4084       97.0891  2192137    4.26%
  39364 22413       97.4493    52      101.4084       97.0902  2208606    4.26%
  39698 22644       97.7211    46      101.4084       97.0913  2224645    4.26%
  40006 22878      100.1223    38      101.4084       97.0929  2239843    4.26%
  40346 23114       98.8031    46      101.4084       97.0949  2259315    4.25%
  40732 23405       97.1163    38      101.4084       97.0964  2276987    4.25%
  41107 23681       98.6784    39      101.4084       97.0972  2297190    4.25%
Elapsed time = 657.29 sec. (608977.14 ticks, tree = 28.58 MB, solutions = 12)
  41506 23970       98.2469    41      101.4084       97.0991  2318184    4.25%
  41850 24216       97.1418    40      101.4084       97.1002  2335767    4.25%
  42169 24458       97.1931    35      101.4084       97.1012  2353422    4.25%
  42476 24690       98.2664    39      101.4084       97.1026  2371477    4.25%
  42811 24942       98.5419    33      101.4084       97.1038  2387815    4.24%
  43227 25244      100.4654    31      101.4084       97.1047  2406448    4.24%
  43607 25506       97.5221    35      101.4084       97.1062  2424654    4.24%
  43974 25778       99.7465    42      101.4084       97.1075  2443312    4.24%
  44396 26080       97.5512    35      101.4084       97.1085  2461343    4.24%
  44791 26383       97.1952    45      101.4084       97.1096  2478419    4.24%
Elapsed time = 695.83 sec. (647338.86 ticks, tree = 31.58 MB, solutions = 12)
  45148 26649       98.1638    41      101.4084       97.1108  2495331    4.24%
  45478 26891       97.2170    37      101.4084       97.1119  2513148    4.24%
  45772 27106       98.6073    32      101.4084       97.1129  2530698    4.24%
  46120 27350       97.1331    33      101.4084       97.1138  2549615    4.24%
  46484 27610      101.0670    36      101.4084       97.1147  2568736    4.23%
  46868 27892       98.0107    35      101.4084       97.1159  2588194    4.23%
  47248 28166       97.2956    43      101.4084       97.1176  2610928    4.23%
  47633 28443       97.3688    42      101.4084       97.1189  2630047    4.23%
  48012 28694      100.2522    33      101.4084       97.1204  2648417    4.23%
  48359 28945       99.3292    48      101.4084       97.1218  2667086    4.23%
Elapsed time = 735.45 sec. (685697.72 ticks, tree = 34.42 MB, solutions = 12)
  48718 29194       97.8310    39      101.4084       97.1232  2683255    4.23%
  49038 29421      101.1132    25      101.4084       97.1246  2699083    4.22%
  49381 29662      100.2251    26      101.4084       97.1257  2717856    4.22%
  49740 29918       99.1673    38      101.4084       97.1273  2736628    4.22%
  50133 30186       98.9212    37      101.4084       97.1285  2755954    4.22%
  50501 30440       97.4109    38      101.4084       97.1296  2774613    4.22%
  50855 30693       99.0485    39      101.4084       97.1305  2794027    4.22%
  51210 30956       99.3382    26      101.4084       97.1311  2815309    4.22%
  51547 31197      101.1743    26      101.4084       97.1322  2831262    4.22%
  51881 31421       97.1331    39      101.4084       97.1332  2848020    4.22%
Elapsed time = 775.31 sec. (723929.75 ticks, tree = 37.11 MB, solutions = 12)
  52209 31654      100.5853    24      101.4084       97.1343  2865786    4.21%
  52535 31891       98.4255    38      101.4084       97.1350  2883191    4.21%
  52850 32095       97.4805    36      101.4084       97.1363  2901742    4.21%
  53244 32372      100.3125    32      101.4084       97.1383  2920400    4.21%
  53644 32663       99.7435    29      101.4084       97.1389  2939601    4.21%
  54047 32942      100.4573    34      101.4084       97.1404  2959399    4.21%
  54468 33242       98.7890    34      101.4084       97.1418  2978063    4.21%
  54855 33515       97.3843    30      101.4084       97.1431  2996794    4.21%
  55185 33763       97.2781    44      101.4084       97.1436  3015244    4.21%
  55486 33963       98.1239    46      101.4084       97.1448  3033859    4.20%
Elapsed time = 813.83 sec. (762206.26 ticks, tree = 41.41 MB, solutions = 12)
  55815 34187       97.2683    29      101.4084       97.1464  3051423    4.20%
  56180 34445       99.7618    28      101.4084       97.1471  3067173    4.20%
  56524 34687       98.9263    38      101.4084       97.1480  3087111    4.20%
  56902 34937       97.4875    36      101.4084       97.1491  3104095    4.20%
  57324 35232       98.6684    42      101.4084       97.1502  3124608    4.20%
  57662 35487       99.1674    32      101.4084       97.1509  3144327    4.20%
  58062 35768       98.9553    37      101.4084       97.1518  3162801    4.20%
  58462 36053       97.4740    40      101.4084       97.1531  3181054    4.20%
  58862 36339       98.8609    36      101.4084       97.1546  3200150    4.19%
  59219 36575       97.3749    41      101.4084       97.1556  3217639    4.19%
Elapsed time = 852.27 sec. (800428.57 ticks, tree = 45.00 MB, solutions = 12)
  59571 36830       97.8644    41      101.4084       97.1563  3234023    4.19%
  59954 37102       99.6986    36      101.4084       97.1577  3251296    4.19%
  60302 37335       97.9684    33      101.4084       97.1583  3269350    4.19%
  60712 37641      101.0018    24      101.4084       97.1595  3288036    4.19%
  61060 37893       98.7753    32      101.4084       97.1605  3306631    4.19%
  61432 38142      101.3385    29      101.4084       97.1615  3326160    4.19%
  61809 38423      101.1577    24      101.4084       97.1624  3345059    4.19%
  62177 38689       98.2852    24      101.4084       97.1635  3365372    4.19%
  62555 38954       97.2122    43      101.4084       97.1646  3385598    4.18%
  62924 39226       97.6714    40      101.4084       97.1657  3403063    4.18%
Elapsed time = 891.28 sec. (838715.11 ticks, tree = 47.85 MB, solutions = 12)
  63321 39509       98.9494    39      101.4084       97.1669  3419499    4.18%
  63683 39756       97.3901    47      101.4084       97.1680  3436054    4.18%
  63997 39974       98.5840    27      101.4084       97.1691  3455093    4.18%
  64380 40235       97.5186    37      101.4084       97.1699  3475011    4.18%
  64773 40516       99.4049    31      101.4084       97.1711  3494505    4.18%
  65123 40747       98.4614    40      101.4084       97.1711  3516596    4.18%
  65469 40988       97.4572    33      101.4084       97.1717  3538637    4.18%
  65890 41288       97.6370    43      101.4084       97.1724  3558191    4.18%
  66276 41583       97.7764    44      101.4084       97.1733  3577155    4.18%
  66609 41817       98.6687    33      101.4084       97.1743  3595306    4.18%
Elapsed time = 930.29 sec. (877080.06 ticks, tree = 50.87 MB, solutions = 12)
  66927 42039       97.9959    43      101.4084       97.1751  3613524    4.17%
  67291 42288       98.4609    53      101.4084       97.1761  3632264    4.17%
  67623 42523       97.3751    45      101.4084       97.1768  3649967    4.17%
  67894 42742       97.2377    43      101.4084       97.1771  3666016    4.17%
  68236 42989       99.6549    33      101.4084       97.1778  3685177    4.17%
  68611 43254       97.7633    45      101.4084       97.1788  3704256    4.17%
  68984 43512       97.9116    46      101.4084       97.1798  3722122    4.17%
  69323 43763       99.8393    30      101.4084       97.1806  3742807    4.17%
  69670 43996       97.6230    33      101.4084       97.1819  3765023    4.17%
  69999 44220       98.1352    35      101.4084       97.1829  3782319    4.17%
Elapsed time = 968.72 sec. (915411.01 ticks, tree = 53.54 MB, solutions = 12)
  70382 44501       98.4275    40      101.4084       97.1836  3801901    4.17%
  70729 44743       99.1859    43      101.4084       97.1846  3824872    4.17%
  71053 44957       97.1860    48      101.4084       97.1853  3843372    4.16%
  71370 45178       97.4788    37      101.4084       97.1862  3861634    4.16%
  71680 45397      100.9369    17      101.4084       97.1869  3880326    4.16%
  72008 45611      100.0560    39      101.4084       97.1876  3898920    4.16%
  72326 45829       97.6357    35      101.4084       97.1885  3917243    4.16%
  72758 46130       98.3135    42      101.4084       97.1896  3938253    4.16%
  73128 46370       99.7706    46      101.4084       97.1904  3958509    4.16%
  73496 46604       97.8368    33      101.4084       97.1909  3981465    4.16%
Elapsed time = 1006.61 sec. (953639.40 ticks, tree = 56.19 MB, solutions = 12)
  73876 46880       99.4440    39      101.4084       97.1915  3998711    4.16%
  74259 47151      101.2368    31      101.4084       97.1922  4019720    4.16%
  74628 47406      100.7784    33      101.4084       97.1930  4042019    4.16%
  74983 47649       98.5667    32      101.4084       97.1940  4059982    4.16%
  75344 47905       99.1672    26      101.4084       97.1951  4079936    4.15%
  75674 48115       97.5268    38      101.4084       97.1959  4099762    4.15%
  75983 48332      100.9304    27      101.4084       97.1968  4118568    4.15%
  76379 48602      101.1920    29      101.4084       97.1978  4138381    4.15%
  76705 48831       97.5094    42      101.4084       97.1986  4155608    4.15%
  77106 49099       97.2826    28      101.4084       97.1997  4176662    4.15%
Elapsed time = 1044.99 sec. (992289.35 ticks, tree = 58.97 MB, solutions = 12)
  77489 49361       99.3635    24      101.4084       97.2010  4198890    4.15%
  77867 49601       98.0800    32      101.4084       97.2019  4221558    4.15%
  78234 49821       99.5094    25      101.4084       97.2034  4243798    4.15%
  78555 50033       98.4171    29      101.4084       97.2043  4264279    4.15%
  78901 50275       97.7063    38      101.4084       97.2051  4279990    4.14%
  79254 50519       97.8880    33      101.4084       97.2061  4298989    4.14%
  79633 50781       97.6368    49      101.4084       97.2068  4317605    4.14%
  79985 51039       99.6123    31      101.4084       97.2074  4336302    4.14%
  80275 51239       98.6450    35      101.4084       97.2081  4358249    4.14%
  80647 51484       98.7330    47      101.4084       97.2088  4377887    4.14%
Elapsed time = 1082.60 sec. (1030588.20 ticks, tree = 61.64 MB, solutions = 12)
  81040 51769       99.9799    31      101.4084       97.2097  4399537    4.14%
  81357 51980      101.3107    30      101.4084       97.2105  4418872    4.14%
  81708 52224       98.0903    41      101.4084       97.2107  4440357    4.14%
  82010 52463       99.3715    38      101.4084       97.2109  4456511    4.14%
  82266 52637      100.3159    25      101.4084       97.2117  4473457    4.14%
  82513 52818       97.9413    34      101.4084       97.2122  4488686    4.14%
  82762 52985      100.3332    44      101.4084       97.2128  4507249    4.14%
  83031 53167       99.3276    17      101.4084       97.2132  4525152    4.14%
  83295 53352      100.7510    29      101.4084       97.2140  4542825    4.14%
  83576 53533       97.6480    44      101.4084       97.2146  4561167    4.14%
Elapsed time = 1121.23 sec. (1068831.76 ticks, tree = 63.93 MB, solutions = 12)
  83881 53739      100.3785    40      101.4084       97.2156  4577825    4.13%
  84210 53963       97.4213    43      101.4084       97.2167  4597194    4.13%
  84484 54162       98.6035    37      101.4084       97.2167  4617210    4.13%
  84801 54378       97.2172    42      101.4084       97.2172  4636656    4.13%
  85079 54571      101.0306    20      101.4084       97.2176  4654861    4.13%
  85402 54786       99.6615    44      101.4084       97.2183  4673749    4.13%
  85743 55017       98.5755    35      101.4084       97.2189  4694195    4.13%
  86094 55275      100.7731    36      101.4084       97.2195  4711978    4.13%
  86411 55491      101.0440    38      101.4084       97.2204  4732781    4.13%
  86702 55691       97.2224    61      101.4084       97.2211  4747149    4.13%
Elapsed time = 1160.04 sec. (1107130.54 ticks, tree = 66.46 MB, solutions = 12)
  86984 55887       99.6069    36      101.4084       97.2218  4763773    4.13%
  87278 56075       98.9404    41      101.4084       97.2223  4783599    4.13%
  87584 56284       98.4581    30      101.4084       97.2233  4802216    4.13%
  87905 56471       97.6045    55      101.4084       97.2241  4821946    4.13%
  88221 56684       97.2253    48      101.4084       97.2251  4840565    4.13%
  88590 56940       99.3813    33      101.4084       97.2262  4860234    4.12%
  88897 57146      101.3741    18      101.4084       97.2269  4882268    4.12%
  89215 57366      100.4359    33      101.4084       97.2275  4900952    4.12%
  89578 57616      101.3639    25      101.4084       97.2284  4921870    4.12%
  89934 57851       97.5694    32      101.4084       97.2295  4942444    4.12%
Elapsed time = 1199.04 sec. (1145639.12 ticks, tree = 69.06 MB, solutions = 12)
  90288 58108      100.5236    33      101.4084       97.2300  4962421    4.12%
  90613 58316       99.3133    42      101.4084       97.2307  4982806    4.12%
  90904 58524       99.4273    35      101.4084       97.2313  5002832    4.12%
  91185 58712       97.7093    46      101.4084       97.2319  5020873    4.12%
  91505 58934      100.8453    27      101.4084       97.2324  5039447    4.12%
  91820 59138      100.4965    35      101.4084       97.2328  5059090    4.12%
  92126 59360      100.3663    25      101.4084       97.2332  5079231    4.12%
  92493 59597       99.6744    39      101.4084       97.2344  5100562    4.12%
  92850 59845       99.0216    39      101.4084       97.2354  5122187    4.12%
  93222 60121      100.7184    30      101.4084       97.2358  5143087    4.11%
Elapsed time = 1237.10 sec. (1183856.51 ticks, tree = 71.67 MB, solutions = 12)
  93545 60344      101.1967    21      101.4084       97.2365  5164859    4.11%
  93876 60567       98.9832    40      101.4084       97.2370  5189328    4.11%
  94209 60794       97.2643    37      101.4084       97.2378  5209271    4.11%
  94484 60973       97.2689    40      101.4084       97.2384  5227900    4.11%
  94814 61214       97.4209    37      101.4084       97.2391  5247809    4.11%
  95133 61441      100.7005    37      101.4084       97.2395  5268783    4.11%
  95444 61637       97.9998    45      101.4084       97.2401  5287261    4.11%
  95780 61852      101.0474    26      101.4084       97.2408  5307116    4.11%
  96109 62081       97.5318    43      101.4084       97.2415  5329907    4.11%
  96441 62295      100.3973    32      101.4084       97.2422  5352439    4.11%
Elapsed time = 1274.92 sec. (1222111.03 ticks, tree = 74.26 MB, solutions = 12)
  96781 62526       97.4447    33      101.4084       97.2434  5373390    4.11%
  97132 62757       99.9772    37      101.4084       97.2443  5396291    4.11%
  97466 62975       98.9402    33      101.4084       97.2448  5417258    4.11%
  97792 63187       97.8803    38      101.4084       97.2455  5437492    4.11%
  98079 63375       97.6077    36      101.4084       97.2464  5457541    4.10%
  98387 63581       97.6836    44      101.4084       97.2470  5477999    4.10%
  98695 63796      100.7814    33      101.4084       97.2477  5496919    4.10%
  98989 63998      100.7749    20      101.4084       97.2484  5518418    4.10%
  99275 64201       97.5472    33      101.4084       97.2491  5537096    4.10%
  99571 64408       98.7179    38      101.4084       97.2498  5555341    4.10%
Elapsed time = 1313.25 sec. (1260354.42 ticks, tree = 76.74 MB, solutions = 12)
  99840 64572       99.1279    39      101.4084       97.2507  5575791    4.10%
 100165 64784      101.0876    32      101.4084       97.2516  5597749    4.10%
 100508 65019       98.9700    42      101.4084       97.2525  5619725    4.10%
 100852 65261       98.0458    39      101.4084       97.2536  5639119    4.10%
 101246 65532       97.5745    41      101.4084       97.2544  5660102    4.10%
 101601 65766      101.1186    27      101.4084       97.2554  5680417    4.10%
 101925 65984      100.4268    30      101.4084       97.2560  5701901    4.09%
 102262 66201       97.3975    25      101.4084       97.2567  5723024    4.09%
 102565 66409        cutoff            101.4084       97.2572  5743088    4.09%
 102902 66632       99.1593    30      101.4084       97.2579  5762414    4.09%
Elapsed time = 1351.91 sec. (1298641.25 ticks, tree = 82.08 MB, solutions = 12)
 103254 66850       98.3747    27      101.4084       97.2586  5783109    4.09%
 103573 67059       98.7397    38      101.4084       97.2590  5801528    4.09%
 103886 67278       99.6104    37      101.4084       97.2597  5819610    4.09%
 104215 67501       97.5274    44      101.4084       97.2603  5839296    4.09%
 104513 67714       97.8189    46      101.4084       97.2605  5860866    4.09%
 104828 67913      100.6252    42      101.4084       97.2613  5883589    4.09%
 105171 68119       98.8722    41      101.4084       97.2622  5905115    4.09%
 105523 68347       99.3984    40      101.4084       97.2633  5926491    4.09%
 105881 68601      101.3526    19      101.4084       97.2640  5946012    4.09%
 106226 68847       99.3607    37      101.4084       97.2645  5966358    4.09%
Elapsed time = 1389.51 sec. (1336873.44 ticks, tree = 84.57 MB, solutions = 12)
 106544 69062        cutoff            101.4084       97.2650  5990703    4.09%
 106812 69263       99.0404    44      101.4084       97.2656  6011863    4.09%
 107165 69500       98.7250    41      101.4084       97.2667  6033773    4.08%
 107470 69703       97.6743    47      101.4084       97.2670  6053351    4.08%
 107760 69903       97.4651    33      101.4084       97.2674  6074078    4.08%
 108038 70115       97.4083    25      101.4084       97.2675  6094912    4.08%
 108321 70321       98.0645    27      101.4084       97.2677  6115088    4.08%
 108630 70529      101.0545    35      101.4084       97.2683  6136139    4.08%
 108950 70753       98.8745    34      101.4084       97.2688  6156717    4.08%
 109295 70982       97.4904    44      101.4084       97.2697  6176565    4.08%
Elapsed time = 1426.98 sec. (1375235.44 ticks, tree = 86.97 MB, solutions = 12)
 109580 71193       97.2700    64      101.4084       97.2699  6195670    4.08%
 109921 71418       98.0881    42      101.4084       97.2706  6217617    4.08%
 110273 71658       97.3013    39      101.4084       97.2713  6238544    4.08%
 110628 71900       97.3663    74      101.4084       97.2720  6259904    4.08%
 110976 72147       97.3832    34      101.4084       97.2726  6282700    4.08%
 111327 72370      100.5173    31      101.4084       97.2737  6304390    4.08%
 111681 72607       97.2745    46      101.4084       97.2747  6325216    4.08%
 112021 72859      100.1681    36      101.4084       97.2756  6344461    4.08%
 112360 73097      100.7733    46      101.4084       97.2765  6363517    4.07%
 112715 73338       97.4445    39      101.4084       97.2771  6382369    4.07%
Elapsed time = 1465.35 sec. (1413696.53 ticks, tree = 89.63 MB, solutions = 12)
 113008 73536        cutoff            101.4084       97.2777  6403499    4.07%
 113317 73756       97.7536    39      101.4084       97.2782  6421413    4.07%
 113590 73938       98.1119    42      101.4084       97.2783  6443921    4.07%
 113899 74155       97.5500    49      101.4084       97.2788  6463371    4.07%
 114223 74365       97.7271    33      101.4084       97.2793  6485654    4.07%
 114587 74613       97.9192    50      101.4084       97.2799  6506489    4.07%
 114886 74824        cutoff            101.4084       97.2805  6528933    4.07%
 115239 75032       97.6994    44      101.4084       97.2814  6551492    4.07%
 115588 75279       97.5512    36      101.4084       97.2822  6570662    4.07%
 115940 75515       99.3851    39      101.4084       97.2833  6592723    4.07%
Elapsed time = 1508.41 sec. (1451913.08 ticks, tree = 92.17 MB, solutions = 12)
 116321 75779       97.9031    54      101.4084       97.2842  6615778    4.07%
 116622 75970       97.3004    68      101.4084       97.2844  6636906    4.07%
 116909 76167       98.6757    33      101.4084       97.2847  6657467    4.07%
 117216 76361       99.0664    43      101.4084       97.2855  6678897    4.07%
 117515 76561       97.8762    21      101.4084       97.2862  6697541    4.06%
 117812 76777      100.5409    33      101.4084       97.2868  6718327    4.06%
 118109 76986       98.1592    44      101.4084       97.2869  6739922    4.06%
 118463 77217      100.4992    39      101.4084       97.2878  6760934    4.06%
 118759 77431       97.4193    39      101.4084       97.2881  6783398    4.06%
 119130 77688       98.3814    39      101.4084       97.2886  6803488    4.06%
Elapsed time = 1587.12 sec. (1490295.97 ticks, tree = 94.68 MB, solutions = 12)
 119455 77900        cutoff            101.4084       97.2891  6827009    4.06%
 119823 78150      101.3881    16      101.4084       97.2895  6849240    4.06%
 120200 78397       97.7353    49      101.4084       97.2902  6869976    4.06%
 120529 78620       98.2551    37      101.4084       97.2908  6892444    4.06%
 120886 78867      100.4930    34      101.4084       97.2913  6914549    4.06%
 121187 79073       98.3441    37      101.4084       97.2919  6934311    4.06%
 121509 79303      101.0029    34      101.4084       97.2925  6953557    4.06%
 121832 79508       97.9405    47      101.4084       97.2931  6973614    4.06%
 122081 79674       97.8393    37      101.4084       97.2937  6992935    4.06%
 122454 79934       98.2958    44      101.4084       97.2942  7012367    4.06%
Elapsed time = 1630.61 sec. (1528640.22 ticks, tree = 97.26 MB, solutions = 12)
 122819 80186       98.0996    40      101.4084       97.2948  7031615    4.06%
 123152 80423       97.5934    44      101.4084       97.2955  7050779    4.06%
 123466 80667       99.8888    37      101.4084       97.2958  7069077    4.06%
 123820 80910       98.7608    36      101.4084       97.2964  7091299    4.05%
 124162 81139      101.1440    37      101.4084       97.2971  7109530    4.05%
 124481 81363       97.7066    40      101.4084       97.2976  7133119    4.05%
 124863 81632       98.6172    46      101.4084       97.2983  7154878    4.05%
 125234 81885       98.2004    39      101.4084       97.2992  7176086    4.05%
 125614 82144       97.7746    44      101.4084       97.2997  7197285    4.05%
 125953 82374       97.7117    42      101.4084       97.3006  7219148    4.05%
Elapsed time = 1674.13 sec. (1566860.36 ticks, tree = 100.41 MB, solutions = 12)
 126295 82592       98.2337    54      101.4084       97.3014  7239831    4.05%
 126610 82791       97.6874    43      101.4084       97.3024  7260278    4.05%
 126927 83003        cutoff            101.4084       97.3030  7280015    4.05%
 127272 83232       98.4713    43      101.4084       97.3039  7298690    4.05%
 127598 83435      100.1056    31      101.4084       97.3046  7317531    4.05%
 127932 83655       99.1602    45      101.4084       97.3055  7337320    4.05%
 128263 83896       99.1637    36      101.4084       97.3060  7358586    4.05%
 128609 84126      100.4036    43      101.4084       97.3067  7380543    4.04%
 128985 84368       97.8284    30      101.4084       97.3077  7400429    4.04%
 129350 84605      100.1733    36      101.4084       97.3086  7423022    4.04%
Elapsed time = 1717.81 sec. (1605703.56 ticks, tree = 102.98 MB, solutions = 12)
 129725 84878       97.4153    60      101.4084       97.3091  7444546    4.04%
 130074 85109       97.4206    41      101.4084       97.3099  7464633    4.04%
 130410 85345       97.5854    28      101.4084       97.3105  7486981    4.04%
 130782 85590        cutoff            101.4084       97.3113  7509902    4.04%
 131136 85844       97.9008    30      101.4084       97.3120  7531216    4.04%
 131496 86078       97.6686    38      101.4084       97.3133  7552194    4.04%
 131810 86284       97.3414    45      101.4084       97.3139  7573008    4.04%
 132101 86477       98.7860    48      101.4084       97.3150  7594688    4.04%
 132447 86718       97.3943    43      101.4084       97.3155  7614971    4.04%
 132770 86920       99.4915    41      101.4084       97.3165  7635338    4.04%
Elapsed time = 1760.51 sec. (1643947.81 ticks, tree = 105.84 MB, solutions = 12)
 133134 87156       98.2268    36      101.4084       97.3173  7655497    4.03%
 133391 87333      100.4710    29      101.4084       97.3175  7678735    4.03%
 133621 87484      100.7460    39      101.4084       97.3175  7702600    4.03%
 133930 87694       99.3651    41      101.4084       97.3181  7725648    4.03%
 134234 87883       98.1232    41      101.4084       97.3189  7747596    4.03%
 134577 88089       97.4299    42      101.4084       97.3196  7767905    4.03%
 134933 88330       98.8905    40      101.4084       97.3205  7789836    4.03%
 135289 88574       98.6481    29      101.4084       97.3215  7811539    4.03%
 135633 88794       97.9702    37      101.4084       97.3223  7833778    4.03%
 135963 89016       99.6783    39      101.4084       97.3231  7854490    4.03%
Elapsed time = 1803.01 sec. (1682155.89 ticks, tree = 108.20 MB, solutions = 12)
 136327 89243        cutoff            101.4084       97.3237  7875806    4.03%
 136629 89458       98.4855    50      101.4084       97.3243  7897967    4.03%
 136955 89686       99.5873    35      101.4084       97.3247  7918089    4.03%
 137319 89940       97.6122    30      101.4084       97.3252  7938118    4.03%
 137680 90192       98.5843    48      101.4084       97.3258  7957576    4.03%
 137930 90355       99.5762    49      101.4084       97.3258  7978371    4.03%
 138195 90551      101.1648    39      101.4084       97.3258  7998444    4.03%
 138444 90726       98.7802    51      101.4084       97.3258  8020125    4.03%
 138671 90887       99.8539    45      101.4084       97.3258  8044305    4.03%
 138979 91097      100.5749    33      101.4084       97.3262  8068028    4.03%
Elapsed time = 1845.17 sec. (1720412.82 ticks, tree = 110.75 MB, solutions = 12)
 139351 91334       97.4662    58      101.4084       97.3271  8088497    4.02%
 139686 91548       97.8208    32      101.4084       97.3279  8109355    4.02%
 140072 91803       97.5756    59      101.4084       97.3291  8131933    4.02%
 140408 92024       97.9403    34      101.4084       97.3295  8157390    4.02%
 140762 92258       99.1472    42      101.4084       97.3302  8177386    4.02%
 141113 92493       97.7811    54      101.4084       97.3308  8199465    4.02%
 141459 92728       99.5016    40      101.4084       97.3315  8219443    4.02%
 141809 92974       99.3739    44      101.4084       97.3322  8239190    4.02%
 142154 93200       98.2642    35      101.4084       97.3327  8259071    4.02%
 142454 93390      101.1919    41      101.4084       97.3332  8281995    4.02%
Elapsed time = 1888.20 sec. (1758668.71 ticks, tree = 114.84 MB, solutions = 12)
 142767 93590       99.4824    37      101.4084       97.3337  8303603    4.02%
 143087 93815       99.1268    43      101.4084       97.3341  8322888    4.02%
 143450 94055       99.6682    33      101.4084       97.3350  8341706    4.02%
 143805 94289      100.9999    28      101.4084       97.3356  8363063    4.02%
 144126 94506      100.1958    38      101.4084       97.3356  8384827    4.02%
 144448 94738       98.3981    46      101.4084       97.3356  8406798    4.02%
 144784 94972       98.4669    38      101.4084       97.3356  8429088    4.02%
 145071 95176       98.3267    41      101.4084       97.3356  8454233    4.02%
 145412 95412       98.3514    43      101.4084       97.3356  8475739    4.02%
 145702 95620       98.5552    34      101.4084       97.3356  8499041    4.02%
Elapsed time = 1931.56 sec. (1796971.48 ticks, tree = 117.41 MB, solutions = 12)
 146052 95863      100.2936    32      101.4084       97.3356  8519723    4.02%
 146332 96060        cutoff            101.4084       97.3356  8541284    4.02%
 146624 96257       97.4045    56      101.4084       97.3359  8562403    4.02%
 146921 96469       98.1335    33      101.4084       97.3365  8578493    4.02%
 147248 96669       98.6342    44      101.4084       97.3374  8598598    4.01%
 147599 96902       97.6449    33      101.4084       97.3381  8617415    4.01%
 147910 97102       99.6872    42      101.4084       97.3389  8638543    4.01%
 148245 97299      101.3048    29      101.4084       97.3401  8658982    4.01%
 148587 97513       98.1962    42      101.4084       97.3411  8679147    4.01%
 148892 97712      100.6863    38      101.4084       97.3416  8702532    4.01%
Elapsed time = 1974.32 sec. (1835264.14 ticks, tree = 119.82 MB, solutions = 12)
 149227 97939      100.4307    33      101.4084       97.3421  8725761    4.01%
 149592 98172       97.9767    47      101.4084       97.3430  8747952    4.01%
 149898 98390       99.7694    38      101.4084       97.3430  8771657    4.01%
 150170 98578      100.5375    31      101.4084       97.3430  8796293    4.01%
 150440 98765       98.6477    34      101.4084       97.3430  8821601    4.01%
 150702 98963      100.4841    37      101.4084       97.3430  8844836    4.01%
 151000 99192       99.9612    34      101.4084       97.3430  8865897    4.01%
 151259 99384       99.9925    46      101.4084       97.3430  8885194    4.01%
 151552 99609       99.4121    40      101.4084       97.3430  8905782    4.01%
 151840 99815       99.8689    48      101.4084       97.3432  8925977    4.01%
Elapsed time = 2015.96 sec. (1873630.05 ticks, tree = 122.44 MB, solutions = 12)
 152168 100029       97.6856    49      101.4084       97.3438  8947225    4.01%
 152386 100179       98.6394    70      101.4084       97.3438  8968348    4.01%
 152644 100357       99.8199    37      101.4084       97.3440  8991253    4.01%
 152941 100566       98.0975    38      101.4084       97.3442  9012913    4.01%
 153234 100767       98.8817    46      101.4084       97.3443  9036493    4.01%
*153412+100299                          101.3477       97.3446             3.95%
 153561 100390       99.0214    52      101.3477       97.3449  9056582    3.95%
 153924 100634      101.2878    26      101.3477       97.3454  9075083    3.95%
 154247 100841        cutoff            101.3477       97.3457  9097651    3.95%
 154605 101081       98.4973    40      101.3477       97.3462  9117748    3.95%
 154932 101286      100.5265    32      101.3477       97.3466  9138808    3.95%
Elapsed time = 2058.15 sec. (1912020.47 ticks, tree = 124.11 MB, solutions = 13)
 155252 101503       97.7781    43      101.3477       97.3476  9161378    3.95%
 155588 101727       97.5566    37      101.3477       97.3483  9184747    3.95%
 155932 101958      100.0378    40      101.3477       97.3490  9206489    3.95%
 156271 102180       97.9712    51      101.3477       97.3499  9230123    3.94%
 156565 102368       98.6747    43      101.3477       97.3505  9251957    3.94%
 156918 102602      100.9877    20      101.3477       97.3513  9271383    3.94%
 157239 102805       99.7495    43      101.3477       97.3521  9289946    3.94%
 157538 103002       98.9119    32      101.3477       97.3525  9311584    3.94%
 157831 103199      100.6745    30      101.3477       97.3530  9334921    3.94%
 158136 103398      100.4748    36      101.3477       97.3536  9357235    3.94%
Elapsed time = 2102.89 sec. (1950397.24 ticks, tree = 126.60 MB, solutions = 13)
 158472 103605       98.0412    39      101.3477       97.3543  9377998    3.94%
 158812 103842       97.6682    36      101.3477       97.3550  9399119    3.94%
 159167 104075      100.3242    36      101.3477       97.3556  9421716    3.94%
 159565 104338        cutoff            101.3477       97.3563  9442962    3.94%
 159920 104565       98.2399    43      101.3477       97.3569  9465757    3.94%
 160242 104757       97.9134    32      101.3477       97.3576  9486851    3.94%
 160613 105002       98.2876    44      101.3477       97.3583  9508870    3.94%
 160962 105220       99.6551    33      101.3477       97.3590  9531775    3.94%
 161324 105452      100.7116    30      101.3477       97.3596  9554798    3.93%
 161701 105708       98.5927    44      101.3477       97.3603  9576661    3.93%
Elapsed time = 2146.95 sec. (1988653.05 ticks, tree = 129.21 MB, solutions = 13)
 161997 105909       97.4767    43      101.3477       97.3608  9597401    3.93%
 162331 106133       98.5912    34      101.3477       97.3617  9618799    3.93%
 162674 106361       97.3625    46      101.3477       97.3625  9639018    3.93%
 163017 106590       98.1251    28      101.3477       97.3631  9659571    3.93%
 163303 106771       98.0242    34      101.3477       97.3637  9679981    3.93%
 163584 106957      100.5476    30      101.3477       97.3641  9704841    3.93%
 163820 107124       98.9639    35      101.3477       97.3646  9719840    3.93%
 164199 107361        cutoff            101.3477       97.3653  9742873    3.93%
 164543 107580      101.0285    39      101.3477       97.3659  9763891    3.93%
 164864 107760       98.5315    44      101.3477       97.3667  9786822    3.93%
Elapsed time = 2190.47 sec. (2026880.18 ticks, tree = 131.63 MB, solutions = 13)
 165216 108004       97.5718    50      101.3477       97.3677  9809639    3.93%
 165591 108228       97.6953    38      101.3477       97.3686  9832281    3.93%
 165960 108460       98.2975    51      101.3477       97.3696  9854743    3.93%
 166330 108700        cutoff            101.3477       97.3704  9876940    3.92%
 166652 108898       99.2913    35      101.3477       97.3710  9899756    3.92%
 167026 109120        cutoff            101.3477       97.3716  9922275    3.92%
 167317 109306       97.9951    49      101.3477       97.3723  9943767    3.92%
 167671 109543      101.1411    25      101.3477       97.3729  9965830    3.92%
 167935 109708       97.9144    38      101.3477       97.3732  9987527    3.92%
 168249 109915       98.9068    37      101.3477       97.3739 10008753    3.92%
Elapsed time = 2236.12 sec. (2065123.52 ticks, tree = 134.07 MB, solutions = 13)
 168565 110116       98.0805    50      101.3477       97.3745 10031581    3.92%
 168861 110309       98.4389    41      101.3477       97.3751 10049633    3.92%
 169178 110550       98.2533    40      101.3477       97.3755 10072438    3.92%
 169573 110821      101.1806    28      101.3477       97.3760 10093665    3.92%
 169954 111064        cutoff            101.3477       97.3766 10115609    3.92%
 170281 111281       99.9867    33      101.3477       97.3772 10138826    3.92%
 170638 111513       97.8242    44      101.3477       97.3782 10161302    3.92%
 170993 111747       98.9499    34      101.3477       97.3787 10184871    3.92%
 171372 111997      100.3738    39      101.3477       97.3799 10205773    3.92%
 171715 112223       98.6566    33      101.3477       97.3807 10226876    3.91%
Elapsed time = 2280.73 sec. (2103350.47 ticks, tree = 136.88 MB, solutions = 13)
 172090 112460      101.0744    28      101.3477       97.3813 10249990    3.91%
 172467 112717      101.0893    33      101.3477       97.3820 10272427    3.91%
 172810 112954       97.4615    31      101.3477       97.3823 10293992    3.91%
 173130 113182       98.1052    38      101.3477       97.3828 10313343    3.91%
 173459 113398      100.2577    29      101.3477       97.3833 10333713    3.91%
 173723 113567       98.6837    38      101.3477       97.3837 10353377    3.91%
 174052 113777       97.8380    41      101.3477       97.3843 10376467    3.91%
 174377 114020      100.7046    24      101.3477       97.3846 10396048    3.91%
 174741 114266       98.5654    46      101.3477       97.3852 10415841    3.91%
 175055 114471       97.5773    36      101.3477       97.3858 10436760    3.91%
Elapsed time = 2330.23 sec. (2141598.88 ticks, tree = 139.42 MB, solutions = 13)
 175315 114661       97.4864    45      101.3477       97.3859 10459483    3.91%
 175633 114879       97.3864    49      101.3477       97.3864 10482017    3.91%
 175961 115134       97.8117    50      101.3477       97.3867 10502719    3.91%
 176323 115376       98.4191    42      101.3477       97.3874 10525610    3.91%
 176620 115597       99.9889    47      101.3477       97.3876 10545929    3.91%
 176957 115835      100.6180    39      101.3477       97.3882 10567783    3.91%
 177300 116056       97.6360    27      101.3477       97.3888 10591548    3.91%
 177663 116300       98.0911    57      101.3477       97.3894 10611844    3.91%
 178031 116548       97.9160    57      101.3477       97.3898 10634295    3.91%
 178360 116765       99.5096    39      101.3477       97.3907 10657678    3.90%
Elapsed time = 2380.58 sec. (2179910.38 ticks, tree = 142.01 MB, solutions = 13)
 178714 116976       99.7082    25      101.3477       97.3913 10679459    3.90%
 179094 117232       98.5091    38      101.3477       97.3919 10700389    3.90%
 179410 117439       98.6608    37      101.3477       97.3923 10720889    3.90%
 179684 117620       98.5044    36      101.3477       97.3926 10744498    3.90%
 179927 117816       98.9493    42      101.3477       97.3926 10766704    3.90%
 180129 117966       99.4110    38      101.3477       97.3926 10789644    3.90%
 180345 118130       98.4527    43      101.3477       97.3926 10810898    3.90%
 180556 118300      101.1792    27      101.3477       97.3926 10832820    3.90%
 180734 118422       98.6225    44      101.3477       97.3926 10854425    3.90%
 180960 118592       97.6344    27      101.3477       97.3927 10876338    3.90%
Elapsed time = 2430.26 sec. (2218293.83 ticks, tree = 144.02 MB, solutions = 13)
 181213 118754       98.7017    38      101.3477       97.3931 10897488    3.90%
 181524 118943       98.3011    45      101.3477       97.3938 10919404    3.90%
 181862 119162      100.4114    23      101.3477       97.3944 10939621    3.90%
 182208 119387       97.4081    52      101.3477       97.3949 10960680    3.90%
 182561 119625        cutoff            101.3477       97.3954 10983080    3.90%
 182867 119837       99.4506    28      101.3477       97.3959 11004714    3.90%
 183130 120025       98.6832    43      101.3477       97.3963 11026283    3.90%
 183434 120241       98.0562    48      101.3477       97.3967 11047175    3.90%
 183785 120462      101.0961    23      101.3477       97.3972 11069553    3.90%
*183812+119763                          101.2978       97.3973             3.85%
 184087 119968        cutoff            101.2978       97.3976 11090129    3.85%
Elapsed time = 2478.22 sec. (2256508.82 ticks, tree = 145.57 MB, solutions = 14)
 184459 120219      100.1891    37      101.2978       97.3984 11111503    3.85%
 184805 120446       97.3990    47      101.2978       97.3990 11135548    3.85%
 185098 120662       97.6456    54      101.2978       97.3993 11153639    3.85%
 185501 120929       99.1870    39      101.2978       97.3999 11174780    3.85%
 185835 121159       97.5210    40      101.2978       97.4006 11194433    3.85%
 186056 121269        cutoff            101.2978       97.4007 11219355    3.85%
 186249 121385      100.5225    38      101.2978       97.4007 11240855    3.85%
 186452 121499       99.3499    42      101.2978       97.4007 11264842    3.85%
 186653 121602       99.5215    48      101.2978       97.4007 11287807    3.85%
 186852 121726       97.7589    45      101.2978       97.4007 11308550    3.85%
Elapsed time = 2549.19 sec. (2294718.82 ticks, tree = 147.56 MB, solutions = 14)
 187186 121966       99.3601    30      101.2978       97.4012 11329243    3.85%
 187469 122139       98.7666    32      101.2978       97.4014 11351109    3.85%
 187836 122393       97.5651    42      101.2978       97.4019 11372614    3.85%
 188192 122633       98.4874    33      101.2978       97.4027 11394365    3.85%
 188462 122796      100.2193    30      101.2978       97.4027 11419342    3.85%
 188810 122986      100.4852    31      101.2978       97.4027 11441386    3.85%
 189140 123192       98.3442    42      101.2978       97.4027 11463506    3.85%
 189479 123377        cutoff            101.2978       97.4027 11486133    3.85%
 189802 123556       99.9987    34      101.2978       97.4027 11506280    3.85%
 190076 123723       98.5392    41      101.2978       97.4027 11527188    3.85%
Elapsed time = 2627.02 sec. (2333138.79 ticks, tree = 149.82 MB, solutions = 14)
 190313 123896       97.8211    67      101.2978       97.4027 11550000    3.85%
 190594 124089       99.9710    33      101.2978       97.4027 11573057    3.85%
 190860 124282      101.1082    37      101.2978       97.4028 11594730    3.85%
 191166 124473      100.2190    36      101.2978       97.4035 11616247    3.84%
 191498 124713       99.9931    43      101.2978       97.4041 11638233    3.84%
 191812 124922       99.2754    39      101.2978       97.4046 11660344    3.84%
 192147 125140       98.3297    43      101.2978       97.4051 11681679    3.84%
 192449 125335       97.4442    27      101.2978       97.4055 11699108    3.84%
 192731 125555       98.6943    59      101.2978       97.4059 11718974    3.84%
 192995 125745       97.5136    33      101.2978       97.4063 11737680    3.84%
Elapsed time = 2686.03 sec. (2371600.92 ticks, tree = 152.11 MB, solutions = 14)
 193324 125962       97.4068    47      101.2978       97.4068 11759668    3.84%
 193660 126199       98.0665    52      101.2978       97.4074 11781623    3.84%
 194002 126431       97.8380    61      101.2978       97.4078 11803980    3.84%
 194309 126642       97.4872    47      101.2978       97.4080 11825624    3.84%
 194636 126873      101.0084    27      101.2978       97.4083 11848042    3.84%
 194933 127079       98.6935    46      101.2978       97.4086 11869681    3.84%
 195261 127282      100.0621    57      101.2978       97.4090 11894909    3.84%
 195574 127500       98.6960    46      101.2978       97.4093 11916329    3.84%
 195928 127734       97.4271    31      101.2978       97.4099 11938059    3.84%
 196261 127961       97.4218    44      101.2978       97.4103 11962352    3.84%
Elapsed time = 2738.76 sec. (2410014.54 ticks, tree = 154.66 MB, solutions = 14)
 196600 128204       99.2742    40      101.2978       97.4107 11985059    3.84%
 196968 128454       98.8581    30      101.2978       97.4109 12006314    3.84%
 197282 128655       97.6143    52      101.2978       97.4115 12026794    3.84%
 197599 128895       98.3987    48      101.2978       97.4117 12047399    3.84%
*197812+128434                          101.2621       97.4121             3.80%
*197912+128416                          101.2568       97.4122             3.80%
 197937 128440      100.9747    29      101.2568       97.4122 12066774    3.80%
 198288 128686       98.5944    41      101.2568       97.4127 12087821    3.80%
 198587 128882       98.9583    29      101.2568       97.4130 12111039    3.80%
 198886 129090       99.7430    31      101.2568       97.4132 12129832    3.80%
 199224 129317       97.9392    31      101.2568       97.4136 12148410    3.80%
 199522 129531       98.8842    42      101.2568       97.4138 12168277    3.80%
Elapsed time = 2807.17 sec. (2448302.29 ticks, tree = 156.28 MB, solutions = 16)
 199855 129737      100.3631    38      101.2568       97.4143 12189858    3.79%
 200211 129975       98.3585    37      101.2568       97.4146 12211253    3.79%
 200524 130182      100.6547    35      101.2568       97.4152 12235312    3.79%
 200889 130404        cutoff            101.2568       97.4157 12257862    3.79%
 201287 130690       98.4133    42      101.2568       97.4159 12277487    3.79%
 201654 130937       98.8313    39      101.2568       97.4167 12299597    3.79%
 202048 131188       97.6814    52      101.2568       97.4172 12319934    3.79%
 202430 131459       99.5254    43      101.2568       97.4175 12342196    3.79%
 202737 131672      100.9316    29      101.2568       97.4177 12366608    3.79%
 203092 131914       97.6206    55      101.2568       97.4182 12389227    3.79%
Elapsed time = 2863.53 sec. (2486586.82 ticks, tree = 161.94 MB, solutions = 16)
 203433 132149       99.7812    47      101.2568       97.4186 12411546    3.79%
 203774 132368       97.5444    45      101.2568       97.4191 12431775    3.79%
 204084 132580       97.4871    67      101.2568       97.4193 12450736    3.79%
 204403 132786       99.3405    40      101.2568       97.4198 12473937    3.79%
 204749 133017       98.6171    40      101.2568       97.4202 12494422    3.79%
 205090 133232       98.6444    32      101.2568       97.4208 12516370    3.79%
 205406 133451      100.0841    34      101.2568       97.4212 12535182    3.79%
 205757 133661      100.3633    35      101.2568       97.4218 12556051    3.79%
 206047 133850        cutoff            101.2568       97.4223 12575811    3.79%
 206384 134075       98.8994    51      101.2568       97.4227 12596705    3.79%
Elapsed time = 2910.59 sec. (2524871.94 ticks, tree = 164.48 MB, solutions = 16)
 206723 134289       97.5165    48      101.2568       97.4233 12619787    3.79%
 207078 134519        cutoff            101.2568       97.4239 12640735    3.79%
 207427 134756       97.4501    40      101.2568       97.4244 12661658    3.78%
 207775 134989       97.4591    59      101.2568       97.4248 12683157    3.78%
 208111 135203      100.1428    30      101.2568       97.4253 12702369    3.78%
 208454 135420       98.5980    29      101.2568       97.4257 12725720    3.78%
 208791 135630        cutoff            101.2568       97.4262 12747032    3.78%
 209153 135838        cutoff            101.2568       97.4268 12769406    3.78%
 209481 136053        cutoff            101.2568       97.4271 12791577    3.78%
 209814 136274       98.2921    41      101.2568       97.4276 12812283    3.78%
Elapsed time = 2954.70 sec. (2563083.79 ticks, tree = 167.52 MB, solutions = 16)
 210096 136514      100.0173    46      101.2568       97.4276 12832640    3.78%
 210419 136684       98.1605    44      101.2568       97.4282 12854038    3.78%
 210767 136920      101.0128    25      101.2568       97.4287 12875901    3.78%
 211081 137123      100.1323    32      101.2568       97.4291 12897525    3.78%
 211394 137331       97.5109    32      101.2568       97.4294 12918841    3.78%
 211706 137544       97.4444    76      101.2568       97.4297 12938412    3.78%
 212041 137764       99.9609    35      101.2568       97.4301 12958136    3.78%
 212346 137970       99.5807    34      101.2568       97.4304 12978913    3.78%
 212650 138166        cutoff            101.2568       97.4307 13000689    3.78%
 212943 138360       98.0798    39      101.2568       97.4311 13023085    3.78%
Elapsed time = 2997.23 sec. (2601522.65 ticks, tree = 169.88 MB, solutions = 16)
 213277 138586       99.1532    41      101.2568       97.4314 13044076    3.78%
 213621 138811       97.5203    35      101.2568       97.4319 13066593    3.78%
 213967 139055      100.2745    43      101.2568       97.4323 13086651    3.78%
 214301 139279        cutoff            101.2568       97.4327 13109668    3.78%
 214646 139501      101.0844    52      101.2568       97.4331 13133085    3.78%
 215009 139719       97.5827    42      101.2568       97.4337 13155695    3.78%
 215398 139975       98.4707    51      101.2568       97.4339 13179412    3.78%
 215722 140173       97.9893    41      101.2568       97.4342 13200829    3.78%
 216081 140413       98.1676    49      101.2568       97.4347 13223356    3.77%
 216418 140622       97.9059    36      101.2568       97.4351 13246431    3.77%
Elapsed time = 3060.50 sec. (2639794.06 ticks, tree = 172.43 MB, solutions = 16)
 216720 140801       99.5759    39      101.2568       97.4357 13267082    3.77%
 217000 140962      101.1164    41      101.2568       97.4361 13288856    3.77%
 217292 141138       98.7064    26      101.2568       97.4368 13310261    3.77%
 217599 141336      100.7506    28      101.2568       97.4373 13331719    3.77%
 217918 141534       98.0916    37      101.2568       97.4378 13350711    3.77%
 218264 141773      100.6442    26      101.2568       97.4382 13372379    3.77%
 218565 141958       97.6814    37      101.2568       97.4386 13390938    3.77%
 218895 142157       98.1144    37      101.2568       97.4390 13410945    3.77%
 219144 142346       99.3783    37      101.2568       97.4391 13433107    3.77%
 219420 142534       97.8577    46      101.2568       97.4395 13454910    3.77%
Elapsed time = 3116.33 sec. (2678048.79 ticks, tree = 174.80 MB, solutions = 16)
 219785 142751      100.7426    35      101.2568       97.4400 13477121    3.77%
 220081 142944       98.4771    43      101.2568       97.4405 13499129    3.77%
 220438 143193       98.9761    46      101.2568       97.4409 13520675    3.77%
 220810 143413       97.5130    46      101.2568       97.4414 13541769    3.77%
 221136 143606       97.6914    47      101.2568       97.4419 13563563    3.77%
 221472 143829       99.0848    35      101.2568       97.4423 13586134    3.77%
 221829 144076       98.9684    45      101.2568       97.4426 13606960    3.77%
 222181 144316       98.5365    40      101.2568       97.4429 13628116    3.77%
 222517 144539       97.9819    53      101.2568       97.4434 13650549    3.77%
 222875 144776       98.8153    44      101.2568       97.4439 13672519    3.77%
Elapsed time = 3165.97 sec. (2716393.24 ticks, tree = 177.33 MB, solutions = 16)
 223208 144985       99.6562    48      101.2568       97.4443 13696295    3.77%
 223517 145175       99.3952    51      101.2568       97.4448 13716221    3.76%
 223878 145423        cutoff            101.2568       97.4449 13737131    3.76%
 224211 145645      100.0538    38      101.2568       97.4452 13758994    3.76%
 224542 145873       98.9316    42      101.2568       97.4454 13779637    3.76%
 224864 146080       99.2383    40      101.2568       97.4458 13801408    3.76%
 225169 146261       97.9009    42      101.2568       97.4463 13821766    3.76%
 225491 146487      100.6026    40      101.2568       97.4467 13842291    3.76%
 225815 146696       98.1245    45      101.2568       97.4472 13861212    3.76%
 226113 146881       99.8210    43      101.2568       97.4477 13883309    3.76%
Elapsed time = 3238.75 sec. (2754617.92 ticks, tree = 179.80 MB, solutions = 16)
 226284 147010        cutoff            101.2568       97.4477 13901519    3.76%
 226512 147194      100.8387    15      101.2568       97.4478 13920024    3.76%
 226612 147254       98.9185    26      101.2568       97.4480 13925882    3.76%
 226769 147347       97.4697    56      101.2568       97.4483 13936742    3.76%
 226812 147378       99.1629    39      101.2568       97.4484 13939900    3.76%
*227012+147217                          101.2446       97.4486             3.75%
 227012 147219       99.7996    45      101.2446       97.4486 13952896    3.75%
 227112 147302       99.7776    31      101.2446       97.4486 13963727    3.75%
 227212 147368       99.6064    41      101.2446       97.4488 13970762    3.75%
 227312 147432       97.8922    37      101.2446       97.4490 13976918    3.75%
 227412 147505       99.1576    44      101.2446       97.4491 13982988    3.75%
Elapsed time = 3316.44 sec. (2807204.84 ticks, tree = 180.47 MB, solutions = 17)
*227612+147584                          101.2425       97.4495             3.75%
 227612 147586       98.1714    44      101.2425       97.4495 13999032    3.75%
 227712 147658      100.8835    33      101.2425       97.4496 14004328    3.75%
*227812+147593                          101.2361       97.4498             3.74%
*227812+147501                          101.2325       97.4498             3.74%
 227812 147503      100.0822    31      101.2325       97.4498 14010292    3.74%
 227912 147569       98.1746    42      101.2325       97.4500 14015361    3.74%
 228194 147749      100.1529    38      101.2325       97.4503 14040439    3.74%
 228212 147760       97.8273    59      101.2325       97.4504 14041927    3.74%
 228312 147814       98.3717    45      101.2325       97.4507 14051635    3.74%
 228412 147878       97.4914    40      101.2325       97.4508 14057719    3.74%
 228512 147950       98.6092    44      101.2325       97.4509 14064186    3.74%
 228612 148016       99.4574    42      101.2325       97.4511 14071442    3.74%
Elapsed time = 3397.32 sec. (2866292.99 ticks, tree = 181.05 MB, solutions = 20)
 228754 148108       99.6437    33      101.2325       97.4514 14083564    3.74%
 228812 148145       98.8548    49      101.2325       97.4515 14088714    3.73%
 228912 148211       97.7998    44      101.2325       97.4516 14096125    3.73%
 229112 148355      100.0173    38      101.2325       97.4518 14106310    3.73%
 229312 148489      100.6640    34      101.2325       97.4520 14124289    3.73%
 229612 148688       98.0252    39      101.2325       97.4524 14144005    3.73%
 229712 148753       97.7552    44      101.2325       97.4525 14148564    3.73%
 229812 148822       98.2258    47      101.2325       97.4526 14157709    3.73%
 229912 148878      100.2988    29      101.2325       97.4527 14166030    3.73%
 230112 149016      100.0922    34      101.2325       97.4528 14179563    3.73%
Elapsed time = 3476.95 sec. (2924094.59 ticks, tree = 182.18 MB, solutions = 20)
 230212 149065       97.4651    56      101.2325       97.4530 14186048    3.73%
*230412+148438                          101.1963       97.4533             3.70%
*230412+148367                          101.1923       97.4533             3.69%
 230412 148369      100.9009    22      101.1923       97.4533 14198260    3.69%
 230597 148482       98.1219    46      101.1923       97.4536 14211271    3.69%
 230612 148488       99.3291    40      101.1923       97.4536 14212276    3.69%
 230812 148612       98.7340    40      101.1923       97.4538 14225275    3.69%
 230912 148674       97.6981    58      101.1923       97.4539 14231432    3.69%
 231023 148746       99.6370    50      101.1923       97.4540 14240538    3.69%
 231112 148805      100.2368    30      101.1923       97.4540 14246538    3.69%
 231212 148877       98.4024    39      101.1923       97.4541 14253637    3.69%
 231412 148990       98.2570    48      101.1923       97.4543 14265232    3.69%
Elapsed time = 3550.13 sec. (2980997.64 ticks, tree = 182.11 MB, solutions = 22)
 231512 149052       98.2412    35      101.1923       97.4545 14271321    3.69%
 231612 149103       97.6943    31      101.1923       97.4547 14278638    3.69%
 231912 149280       99.0707    32      101.1923       97.4552 14299019    3.69%
 232012 149343       97.9393    46      101.1923       97.4553 14305678    3.69%
 232112 149419      100.1958    26      101.1923       97.4554 14312690    3.69%
 232212 149485       99.8250    28      101.1923       97.4556 14318977    3.69%
Advanced basis not built.

GUB cover cuts applied:  37
Cover cuts applied:  6
Implied bound cuts applied:  32
Flow cuts applied:  14
Mixed integer rounding cuts applied:  268
Zero-half cuts applied:  7
Gomory fractional cuts applied:  9

Root node processing (before b&c):
  Real time             =    2.15 sec. (1894.64 ticks)
Sequential b&c:
  Real time             = 3597.85 sec. (3020461.12 ticks)
                          ------------
Total (root+branch&cut) = 3600.00 sec. (3022355.76 ticks)
