Version identifier: 22.1.0.0 | 2022-03-09 | 1a383f8ce
CPXPARAM_Read_DataCheck                          1
CPXPARAM_Threads                                 1
CPXPARAM_TimeLimit                               3600
Tried aggregator 2 times.
MIP Presolve eliminated 15352 rows and 712 columns.
MIP Presolve modified 90293 coefficients.
Aggregator did 239 substitutions.
Reduced MIP has 15400 rows, 1269 columns, and 115094 nonzeros.
Reduced MIP has 931 binaries, 0 generals, 0 SOSs, and 0 indicators.
Presolve time = 0.39 sec. (238.26 ticks)
Probing fixed 23 vars, tightened 49 bounds.
Probing time = 0.26 sec. (131.08 ticks)
Tried aggregator 1 time.
Detecting symmetries...
MIP Presolve eliminated 271 rows and 23 columns.
MIP Presolve modified 730 coefficients.
Reduced MIP has 15129 rows, 1246 columns, and 113436 nonzeros.
Reduced MIP has 908 binaries, 0 generals, 0 SOSs, and 0 indicators.
Presolve time = 0.13 sec. (66.39 ticks)
Probing time = 0.02 sec. (7.37 ticks)
Clique table members: 10911.
MIP emphasis: balance optimality and feasibility.
MIP search method: dynamic search.
Parallel mode: none, using 1 thread.
Root relaxation solution time = 0.09 sec. (67.83 ticks)

        Nodes                                         Cuts/
   Node  Left     Objective  IInf  Best Integer    Best Bound    ItCnt     Gap

      0     0      321.8469   194                    321.8469      506         
      0     0      321.8469   102                   Cuts: 228      821         
      0     0      321.8469   105                  Cuts: 1084     1536         
      0     0      321.8469    94                   Cuts: 111     1812         
      0     0      321.8469   118                   Cuts: 832     2657         
Detecting symmetries...
      0     2      321.8469   118                    321.8469     2657         
Elapsed time = 9.06 sec. (7023.63 ticks, tree = 0.01 MB, solutions = 0)
      3     5      335.3669   103                    321.8469     4116         
      5     7      342.4136   107                    321.8469     5221         
      7     9      321.8469   101                    321.8469     6572         
      8    10      323.6582   105                    321.8469     7348         
      9    11      321.8469   104                    321.8469     8493         
     11    13      321.8469   103                    321.8469     9291         
     13    15      327.2852   100                    321.8479    10294         
     15    17      321.8481   106                    321.8484    11109         
     19    21      321.8511   128                    321.8512    11982         
     37    39      322.1661    61                    321.8529    16286         
Elapsed time = 13.41 sec. (10969.43 ticks, tree = 1.18 MB, solutions = 0)
     51    49      326.0044    88                    321.8529    18996         
     61    59      324.7918    68                    321.8529    21747         
     70    68      325.7006    68                    321.8529    23101         
     92    90      328.6451    55                    321.8529    24791         
    121   117      335.8883    44                    321.8529    27502         
    168   160      334.1588    32                    321.8529    29653         
    216   204      349.8810    21                    321.8529    31304         
    229   211      321.9500   108                    321.8745    32827         
    243   223      328.6853    84                    321.8745    35284         
    255   233    infeasible                          321.8745    38276         
Elapsed time = 24.93 sec. (21092.35 ticks, tree = 20.93 MB, solutions = 0)
    260   236      326.3546    87                    321.8745    39565         
    284   260      327.7069    70                    321.8745    42496         
    300   276      323.9428    71                    321.8745    44131         
    320   296      323.2280    63                    321.8745    46624         
    359   335      323.2280    51                    321.8745    49579         
    371   345      325.6908    76                    321.8745    51405         
    400   372      324.6361    49                    321.8745    54010         
    424   394    infeasible                          321.8745    57586         
    442   412      329.5559    46                    321.8745    59203         
    461   427      329.7904    43                    321.8745    61639         
Elapsed time = 43.93 sec. (31797.35 ticks, tree = 44.82 MB, solutions = 0)
    498   458      345.7115    25                    321.8745    64123         
    517   467      323.1343    76                    321.9008    65661         
    544   494      335.2913    72                    321.9008    66824         
    567   517      368.7138    67                    321.9008    69186         
    584   528      340.2699   129                    321.9047    73872         
    590   532      321.9047   122                    321.9047    76247         
    611   547      354.4002    71                    321.9047    78865         
    640   572      327.4091    77                    321.9047    81922         
    652   582      335.8787    84                    321.9047    84800         
    660   590      344.1609    57                    321.9047    87285         
Elapsed time = 58.65 sec. (42881.66 ticks, tree = 57.44 MB, solutions = 0)
    682   612      344.7654    46                    321.9047    90314         
    712   640    infeasible                          321.9047    93446         
    736   658      330.3752    64                    321.9047    95537         
    764   684    infeasible                          321.9047    98640         
    791   707      338.6197    59                    321.9047   101483         
    814   728      337.1307    68                    321.9047   104263         
    836   748      347.7207    57                    321.9047   107287         
    859   765      357.5061    44                    321.9047   109732         
    895   797      356.9957    17                    321.9047   112200         
    928   820      335.3805    95                    321.9047   114345         
Elapsed time = 70.63 sec. (52917.29 ticks, tree = 85.83 MB, solutions = 0)
    938   824      321.9161   119                    321.9157   115419         

Performing restart 1

Repeating presolve.
Tried aggregator 1 time.
Reduced MIP has 15129 rows, 1246 columns, and 113436 nonzeros.
Reduced MIP has 908 binaries, 0 generals, 0 SOSs, and 0 indicators.
Presolve time = 0.06 sec. (37.76 ticks)
Tried aggregator 1 time.
Reduced MIP has 15129 rows, 1246 columns, and 113436 nonzeros.
Reduced MIP has 908 binaries, 0 generals, 0 SOSs, and 0 indicators.
Presolve time = 0.10 sec. (48.78 ticks)
Represolve time = 0.39 sec. (207.14 ticks)
    988     0      321.8933   101                  Cuts: 2044   118178         
    988     0      321.8993   174                   Cuts: 960   118630         
    988     0      321.9167   234                  Cuts: 1698   119065         
    988     0      321.9386   181                  Cuts: 2186   119668         
    988     0      321.9537   302                  Cuts: 1100   120212         
    988     0      321.9725   313                  Cuts: 2371   120722         
    988     0      321.9858   128                  Cuts: 2902   121059         
    988     0      321.9899    99                  Cuts: 1415   121658         
    988     0      321.9942   266                   Cuts: 933   122291         
    988     0      321.9972   242                  Cuts: 3391   123256         
    988     0      321.9987   177                  Cuts: 2456   123805         
    988     0      322.0016   140                  Cuts: 3386   125092         
    988     0      322.0086   172                  Cuts: 2523   125638         
    988     0      322.0178   209                  Cuts: 2871   126298         
    988     0      322.0252   255                  Cuts: 2785   126750         
    988     0      322.0329   282                  Cuts: 3648   127158         
*   988+    0                          407.7461      322.0329            21.02%
    988     2      322.0329   282      407.7461      322.0332   127158   21.02%
    989     3      322.0333   243      407.7461      322.0335   127218   21.02%
    991     5      322.0342   242      407.7461      322.0343   127281   21.02%
    994     8      322.0352   231      407.7461      322.0352   127330   21.02%
    996    10      323.7605   154      407.7461      322.0352   127744   21.02%
    998    12      323.7605   149      407.7461      322.0352   127760   21.02%
   1000    14      323.7605   147      407.7461      322.0352   127762   21.02%
   1001    15      323.7605   146      407.7461      322.0352   127763   21.02%
   1003    17      328.6766    93      407.7461      322.0352   128451   21.02%
Elapsed time = 118.95 sec. (92014.04 ticks, tree = 0.17 MB, solutions = 1)
   1004    18      323.7606   132      407.7461      322.0352   128468   21.02%
   1005    19      323.7606   130      407.7461      322.0352   128470   21.02%
   1007    21      323.7606   125      407.7461      322.0352   128473   21.02%
   1010    24      325.0769    83      407.7461      322.0352   129466   21.02%
   1017    31      323.8158   134      407.7461      322.0352   129590   21.02%
   1018    32      324.6623    77      407.7461      322.0352   131600   21.02%
   1020    34      331.8381    79      407.7461      322.0352   132470   21.02%
   1022    36      324.6623    82      407.7461      322.0352   133108   21.02%
   1024    38      324.6623    78      407.7461      322.0352   134437   21.02%
   1029    43      324.6623    64      407.7461      322.0352   135042   21.02%
Elapsed time = 130.63 sec. (105521.30 ticks, tree = 0.59 MB, solutions = 1)
   1037    51      327.3322    69      407.7461      322.0352   136224   21.02%
   1041    55      324.6990    74      407.7461      322.0352   136362   21.02%
   1048    62      324.7040    79      407.7461      322.0352   136561   21.02%
   1058    72      325.1327    56      407.7461      322.0352   137154   21.02%
   1062    76      325.5106    65      407.7461      322.0352   137861   21.02%
   1070    84      325.1943    60      407.7461      322.0352   138149   21.02%
   1086   100      326.3382    36      407.7461      322.0352   138715   21.02%
   1106   115      322.0352   265      407.7461      322.0352   140057   21.02%
   1108   117      322.0353   227      407.7461      322.0354   140066   21.02%
   1110   119      322.0354   221      407.7461      322.0355   140093   21.02%
Elapsed time = 141.25 sec. (118191.87 ticks, tree = 1.14 MB, solutions = 1)
   1112   121      322.0355   199      407.7461      322.0355   140106   21.02%
   1114   123      326.5508    91      407.7461      322.0355   141864   21.02%
   1118   127      334.0051   101      407.7461      322.0355   142697   21.02%
   1127   136      326.5508    70      407.7461      322.0355   144380   21.02%
   1128   137      326.5508    68      407.7461      322.0355   144383   21.02%
   1131   140      326.6262    98      407.7461      322.0355   146637   21.02%
   1134   143      334.0051    68      407.7461      322.0355   147734   21.02%
   1143   152      326.6269   101      407.7461      322.0355   149161   21.02%
   1148   157      337.8429    85      407.7461      322.0355   150413   21.02%
   1166   175      326.9180    59      407.7461      322.0355   153348   21.02%
Elapsed time = 153.16 sec. (130962.27 ticks, tree = 1.53 MB, solutions = 1)
   1168   177      327.0117    76      407.7461      322.0355   153986   21.02%
   1172   181      327.4773    63      407.7461      322.0355   155286   21.02%
   1185   194      327.8242    82      407.7461      322.0355   158167   21.02%
   1188   197      330.2146    56      407.7461      322.0355   159418   21.02%
   1191   200      333.9257    51      407.7461      322.0355   160781   21.02%
*  1208+  215                          351.1571      322.0355             8.29%
   1218   227      329.1685    48      351.1571      322.0355   161765    8.29%
   1234   243      346.5616    31      351.1571      322.0355   163138    8.29%
*  1288+  277                          349.5255      322.0355             7.86%
   1288   279      348.5596    10      349.5255      322.0355   163585    7.86%
   1295   279      322.0455   215      349.5255      322.0369   163870    7.86%
   1328   312      322.9099    93      349.5255      322.0369   165189    7.86%
Elapsed time = 165.36 sec. (145181.10 ticks, tree = 15.57 MB, solutions = 3)
   1388   370      343.0002    21      349.5255      322.0369   167001    7.86%
   1393   373      329.1019    88      349.5255      322.0487   170569    7.86%
   1400   379      329.1762   158      349.5255      322.0487   172020    7.86%
   1531   506      323.0042    80      349.5255      322.0506   174840    7.86%
   1602   572      347.9375    43      349.5255      322.0510   181167    7.86%
   1673   634      322.0531   149      349.5255      322.0561   186114    7.86%
   1776   721      324.0406    96      349.5255      322.0581   192253    7.86%
   1863   800      323.0392    57      349.5255      322.0582   198794    7.86%
   1948   881      334.4572    53      349.5255      322.0585   203479    7.86%
   1976   904      336.8705    85      349.5255      322.0596   205677    7.86%
Elapsed time = 260.78 sec. (208863.87 ticks, tree = 42.67 MB, solutions = 3)
   1977   905      333.4283    94      349.5255      322.0649   208963    7.86%
   1979   907      327.2852    82      349.5255      322.0687   216212    7.86%
   2004   932      333.1313    74      349.5255      322.0687   219553    7.86%
   2123  1047      328.8997    39      349.5255      322.0818   225508    7.85%
   2254  1161      324.6911    74      349.5255      322.0904   230943    7.85%
   2339  1241      328.4661    96      349.5255      322.0998   238508    7.85%
   2417  1315      322.1022   136      349.5255      322.0998   245503    7.85%
   2600  1482      335.0217    26      349.5255      322.1189   250903    7.84%
   2670  1538      325.7671    62      349.5255      322.1237   255513    7.84%
   2818  1670      323.3241    72      349.5255      322.1301   262169    7.84%
Elapsed time = 314.29 sec. (254158.09 ticks, tree = 87.43 MB, solutions = 3)

Performing restart 2

Repeating presolve.
Tried aggregator 1 time.
MIP Presolve eliminated 11 rows and 0 columns.
MIP Presolve modified 41 coefficients.
Reduced MIP has 15118 rows, 1246 columns, and 119316 nonzeros.
Reduced MIP has 908 binaries, 0 generals, 0 SOSs, and 0 indicators.
Presolve time = 0.14 sec. (90.38 ticks)
Tried aggregator 1 time.
Reduced MIP has 15118 rows, 1246 columns, and 119316 nonzeros.
Reduced MIP has 908 binaries, 0 generals, 0 SOSs, and 0 indicators.
Presolve time = 0.11 sec. (52.97 ticks)
Represolve time = 0.65 sec. (321.37 ticks)
   2968     0      322.0358   259      349.5255    Cuts: 3344   270010    7.84%
   2968     0      322.0404   242      349.5255     Cuts: 711   270365    7.84%
   2968     0      322.0415   321      349.5255     Cuts: 512   270654    7.84%
   2968     0      322.0424   357      349.5255    Cuts: 2733   270985    7.84%
   2968     0      322.0436   361      349.5255    Cuts: 2546   271383    7.84%
   2968     0      322.0441   370      349.5255    Cuts: 1716   271661    7.84%
   2968     0      322.0441   382      349.5255    Cuts: 1667   271911    7.84%
   2968     2      322.0441   418      349.5255      322.1384   271911    7.84%
   2970     4      322.0443   398      349.5255      322.1384   271952    7.84%
   2973     7      332.2130    70      349.5255      322.1384   275148    7.84%
   2983    17      332.2130    68      349.5255      322.1384   279517    7.84%
   2995    29      333.2186    92      349.5255      322.1384   282246    7.84%
   3004    38      332.2175    82      349.5255      322.1384   285488    7.84%
   3015    49      333.7577    58      349.5255      322.1384   286081    7.84%
   3028    62      332.2431    61      349.5255      322.1384   286673    7.84%
   3046    80      332.2579    66      349.5255      322.1384   287293    7.84%
   3071   105      334.6902    47      349.5255      322.1384   288506    7.84%
Elapsed time = 385.87 sec. (319114.43 ticks, tree = 5.89 MB, solutions = 3)
   3111   133      322.0446   373      349.5255      322.1384   289293    7.84%
   3116   137      335.5321    83      349.5255      322.1384   292554    7.84%
   3126   146      335.5321    72      349.5255      322.1384   293315    7.84%
   3136   152      336.4171    78      349.5255      322.1384   293799    7.84%
   3152   160      348.2410    67      349.5255      322.1384   294883    7.84%
   3167   167      322.0455   359      349.5255      322.1384   295555    7.84%
   3173   173      322.0465   243      349.5255      322.1384   295648    7.84%
   3199   199      322.0533   132      349.5255      322.1384   295846    7.84%
   3213   213      322.0674   175      349.5255      322.1384   296201    7.84%
   3244   244      322.1569    92      349.5255      322.1384   296816    7.84%
Elapsed time = 422.51 sec. (360675.25 ticks, tree = 20.26 MB, solutions = 3)
   3283   279      323.1869    78      349.5255      322.1384   299264    7.84%
   3341   336      323.7696    59      349.5255      322.1384   301081    7.84%
   3385   374      326.9098   172      349.5255      322.1384   302786    7.84%
   3421   410      327.8130    55      349.5255      322.1384   303798    7.84%
   3484   464      328.4445   104      349.5255      322.1384   305956    7.84%
   3500   476      348.6283    54      349.5255      322.1384   308924    7.84%
   3536   495      335.1695    69      349.5255      322.1384   313413    7.84%
   3578   536      335.3587   112      349.5255      322.1384   315037    7.84%
   3643   583      323.2869    83      349.5255      322.1384   317268    7.84%
   3704   644      323.9614    64      349.5255      322.1384   318430    7.84%
Elapsed time = 461.03 sec. (401157.64 ticks, tree = 68.50 MB, solutions = 3)
   3761   679      326.7204    84      349.5255      322.1384   323589    7.84%
   3773   691      326.7698   142      349.5255      322.1384   324751    7.84%
   3827   745      326.9046   113      349.5255      322.1384   325483    7.84%
   3926   832      324.0605    77      349.5255      322.1384   328297    7.84%
   4025   917      331.3568   120      349.5255      322.1384   334557    7.84%
   4104   996      340.5649    34      349.5255      322.1384   336738    7.84%
   4164  1050      340.0135    36      349.5255      322.1384   341349    7.84%
   4176  1057      332.3745   114      349.5255      322.1384   347020    7.84%
   4187  1067      330.4135    63      349.5255      322.1384   348539    7.84%
   4209  1081      348.7022    51      349.5255      322.1384   354503    7.84%
Elapsed time = 503.52 sec. (443066.12 ticks, tree = 102.32 MB, solutions = 3)
   4261  1128      328.8578   104      349.5255      322.1384   357419    7.84%
   4334  1189      338.8460    74      349.5255      322.1384   364807    7.84%
   4392  1242      346.8179    55      349.5255      322.1384   368713    7.84%
   4416  1262      341.7807    70      349.5255      322.1384   373264    7.84%
   4490  1323      326.5508    50      349.5255      322.1384   377537    7.84%
   4538  1371      328.8841    44      349.5255      322.1384   383710    7.84%
   4567  1389      327.3807    63      349.5255      322.1406   387881    7.83%
   4617  1437      347.1610    50      349.5255      322.1406   391038    7.83%
   4662  1462      325.9902    78      349.5255      322.1443   395993    7.83%
   4731  1525      334.1939    51      349.5255      322.1457   400789    7.83%
Elapsed time = 544.32 sec. (484089.27 ticks, tree = 115.55 MB, solutions = 3)
   4824  1605      325.2329    70      349.5255      322.1821   406955    7.82%
   4917  1690      340.5606    50      349.5255      322.1855   412984    7.82%
   4968  1729      344.2038    61      349.5255      322.2162   417698    7.81%
   5061  1807      326.9862    88      349.5255      322.2349   423317    7.81%
   5080  1821      345.8519    79      349.5255      322.2459   430638    7.80%
   5103  1836      326.2684    42      349.5255      322.2642   434748    7.80%
   5204  1921      329.1395    45      349.5255      322.3069   441269    7.79%
   5281  1984      338.7349    58      349.5255      322.3476   448228    7.78%
   5368  2067      326.7764    56      349.5255      322.3544   452831    7.77%
   5433  2122      328.2265   179      349.5255      322.4087   457360    7.76%
Elapsed time = 586.18 sec. (524967.46 ticks, tree = 169.89 MB, solutions = 3)
   5528  2206      328.7969    44      349.5255      322.4131   461242    7.76%
   5645  2303      324.8764    51      349.5255      322.4419   466867    7.75%
   5739  2381      325.7528    53      349.5255      322.4660   471969    7.74%
   5859  2485      336.0441    19      349.5255      322.4785   478575    7.74%
   5952  2559      330.9338   137      349.5255      322.5430   484032    7.72%
   5968  2575      334.9296    60      349.5255      322.5430   485388    7.72%
   6058  2662      335.2209    42      349.5255      322.5812   491282    7.71%
   6080  2676      323.5093   137      349.5255      322.5859   496901    7.71%
   6205  2789      322.6237   112      349.5255      322.6079   504420    7.70%
   6325  2899      325.0311    67      349.5255      322.6100   513932    7.70%
Elapsed time = 628.05 sec. (564267.94 ticks, tree = 237.91 MB, solutions = 3)
   6412  2979        cutoff            349.5255      322.6102   521854    7.70%
   6528  3075      337.7476    49      349.5255      322.6326   533284    7.69%
   6611  3138      323.2197    82      349.5255      322.6642   545257    7.69%
   6709  3211      346.4317    11      349.5255      322.6650   556731    7.68%
   6832  3317      346.9554    50      349.5255      322.6681   567239    7.68%
   6923  3394      326.3181    81      349.5255      322.6725   577110    7.68%
   7029  3486      326.4769    65      349.5255      322.6856   588435    7.68%
   7115  3561      325.9715    55      349.5255      322.6898   599986    7.68%
   7162  3604      340.4451    79      349.5255      322.6912   608104    7.68%
   7226  3657      322.7828   138      349.5255      322.6957   615088    7.68%
Elapsed time = 672.38 sec. (603358.92 ticks, tree = 238.33 MB, solutions = 3)
   7325  3749      346.5509    33      349.5255      322.6962   622966    7.68%
   7372  3788      342.1850    69      349.5255      322.6986   633213    7.68%
   7470  3867      324.9298    58      349.5255      322.7205   641787    7.67%
   7592  3962      322.7713    77      349.5255      322.7231   651024    7.67%
   7684  4033      342.0520    44      349.5255      322.7255   663462    7.67%
   7797  4119      324.4978    49      349.5255      322.7588   675233    7.66%
   7917  4222      323.9687    81      349.5255      322.7620   687093    7.66%
   7968  4266      332.0825    80      349.5255      322.7621   696641    7.66%
   8061  4346      324.0249    62      349.5255      322.7654   707005    7.66%
   8159  4430      330.6773    60      349.5255      322.7691   718869    7.66%
Elapsed time = 720.16 sec. (641863.98 ticks, tree = 239.53 MB, solutions = 3)
   8284  4533      333.1504    35      349.5255      322.7715   729660    7.65%
   8388  4616      330.1893    63      349.5255      322.7790   741279    7.65%
   8504  4713      324.0675    73      349.5255      322.7830   751306    7.65%
   8615  4812      326.7869    73      349.5255      322.7850   764195    7.65%
   8720  4903      331.6412    47      349.5255      322.7887   777482    7.65%
   8804  4973      323.3693    65      349.5255      322.8028   787810    7.65%
   8890  5044      328.2536    75      349.5255      322.8160   801092    7.64%
   8968  5112      323.8146    67      349.5255      322.8179   809417    7.64%
   9100  5222      326.4249    52      349.5255      322.8330   822557    7.64%
   9223  5311      332.4870    61      349.5255      322.8452   833460    7.63%
Elapsed time = 804.09 sec. (680266.77 ticks, tree = 240.38 MB, solutions = 3)
   9339  5410      323.6123    80      349.5255      322.8544   846532    7.63%
   9419  5476      348.5293    38      349.5255      322.8557   861274    7.63%
   9502  5538      323.2472    96      349.5255      322.8630   871658    7.63%
   9561  5596      348.7937    46      349.5255      322.8630   886092    7.63%
   9651  5670      341.6209    50      349.5255      322.8715   899848    7.63%
   9753  5754      323.0951    56      349.5255      322.8755   913292    7.62%
   9895  5874      326.2927    64      349.5255      322.8781   922616    7.62%
  10000  5969      323.5700    67      349.5255      322.8811   935973    7.62%
  10112  6051      324.0118    78      349.5255      322.8973   948485    7.62%
  10168  6101      325.8647    54      349.5255      322.8976   956095    7.62%
Elapsed time = 871.51 sec. (719815.65 ticks, tree = 241.97 MB, solutions = 3)
  10212  6139      323.3226   103      349.5255      322.8990   964829    7.62%
  10275  6195      342.6003    63      349.5255      322.8994   974039    7.62%
  10338  6250      342.3286    38      349.5255      322.8996   983767    7.62%
  10404  6306      323.4163   117      349.5255      322.9048   990500    7.62%
  10499  6395      328.2213    66      349.5255      322.9116   998773    7.61%
  10563  6447      335.6094    49      349.5255      322.9160  1009471    7.61%
  10692  6550      327.6373    73      349.5255      322.9252  1020274    7.61%
  10739  6587      349.0289    58      349.5255      322.9266  1031550    7.61%
  10832  6652      330.4401    88      349.5255      322.9406  1044301    7.61%
  10926  6725      323.2983    54      349.5255      322.9475  1054886    7.60%
Elapsed time = 929.80 sec. (758552.54 ticks, tree = 243.03 MB, solutions = 3)
  11007  6798      324.4803    73      349.5255      322.9503  1064284    7.60%
  11099  6871      324.0317    66      349.5255      322.9516  1077254    7.60%
  11195  6955      336.7866    80      349.5255      322.9548  1088821    7.60%
  11272  7022      326.8637    78      349.5255      322.9567  1096143    7.60%
  11335  7076      323.1538    85      349.5255      322.9636  1105031    7.60%
  11406  7142      333.0179    53      349.5255      322.9644  1114302    7.60%
  11515  7231      323.9021    93      349.5255      322.9710  1121440    7.60%
  11571  7278      329.5251    57      349.5255      322.9725  1133336    7.60%
  11649  7344      323.1277   100      349.5255      322.9760  1144312    7.60%
  11802  7479      323.4316    66      349.5255      322.9777  1152320    7.60%
Elapsed time = 1003.02 sec. (797751.33 ticks, tree = 244.78 MB, solutions = 3)
  11953  7606      324.5476   102      349.5255      322.9845  1163021    7.59%
  11988  7637      324.2523    92      349.5255      322.9847  1166538    7.59%
  12050  7694      345.1821    64      349.5255      322.9862  1179012    7.59%
  12199  7819      323.1610    70      349.5255      322.9953  1188702    7.59%
  12302  7901      324.5092    81      349.5255      323.0058  1198380    7.59%
  12355  7950      328.5703    52      349.5255      323.0065  1207386    7.59%
  12465  8036      330.2499    52      349.5255      323.0109  1220727    7.59%
  12566  8125      331.8753    36      349.5255      323.0158  1233277    7.58%
  12642  8190      327.2004    50      349.5255      323.0193  1243009    7.58%
  12718  8251      323.8577    62      349.5255      323.0217  1251360    7.58%
Elapsed time = 1060.66 sec. (836565.24 ticks, tree = 246.44 MB, solutions = 3)
  12825  8334      342.7916    36      349.5255      323.0322  1260693    7.58%
  12922  8408      338.4837    52      349.5255      323.0370  1269609    7.58%
  13024  8491      337.5872    56      349.5255      323.0487  1278874    7.58%
  13054  8518      326.7919   153      349.5255      323.0515  1284245    7.57%
  13110  8568      330.2239    55      349.5255      323.0531  1293831    7.57%
  13203  8652      331.2025    52      349.5255      323.0559  1303083    7.57%
  13297  8730      335.4558    58      349.5255      323.0607  1313824    7.57%
  13382  8795      344.7681    45      349.5255      323.0623  1325379    7.57%
  13500  8888      325.4392    71      349.5255      323.0704  1337322    7.57%
  13597  8964      324.3619    54      349.5255      323.0753  1348191    7.57%
Elapsed time = 1117.71 sec. (875197.52 ticks, tree = 247.73 MB, solutions = 3)
  13710  9065      324.2226    83      349.5255      323.0798  1358722    7.57%
  13813  9150      324.5626    63      349.5255      323.0888  1371326    7.56%
  13920  9247      328.5703    67      349.5255      323.0922  1383410    7.56%
  14028  9347      333.7618    37      349.5255      323.0953  1393128    7.56%
* 14045  9051      integral     0      348.5555      323.0953  1393873    7.30%
  14139  9134      327.6420    46      348.5555      323.0992  1406534    7.30%
  14253  9239      339.3614    53      348.5555      323.1021  1418314    7.30%
  14324  9297      331.5595    75      348.5555      323.1049  1430034    7.30%
  14387  9356      341.7959    54      348.5555      323.1051  1440562    7.30%
  14440  9400      334.6137    65      348.5555      323.1061  1449823    7.30%
Elapsed time = 1162.87 sec. (910456.76 ticks, tree = 242.93 MB, solutions = 4)
  14498  9452      329.0013    80      348.5555      323.1071  1459826    7.30%
  14610  9552      324.7016    64      348.5555      323.1094  1467800    7.30%
  14705  9639      338.4754    43      348.5555      323.1104  1479207    7.30%
  14786  9696      324.7802    50      348.5555      323.1168  1489351    7.30%
  14871  9771      347.0345    57      348.5555      323.1173  1501635    7.30%
  14974  9848      327.0600    47      348.5555      323.1203  1511510    7.30%
  15094  9943      329.3076    63      348.5555      323.1238  1521467    7.30%
  15173 10013      342.1885    63      348.5555      323.1274  1534147    7.30%
  15285 10107      336.3002    47      348.5555      323.1295  1546019    7.29%
  15376 10186      339.6795    48      348.5555      323.1306  1556995    7.29%
Elapsed time = 1204.97 sec. (949261.78 ticks, tree = 244.52 MB, solutions = 4)
  15514 10299      346.4826    51      348.5555      323.1329  1568479    7.29%
  15598 10367      324.1400    53      348.5555      323.1343  1581227    7.29%
  15692 10450      327.4280    60      348.5555      323.1369  1593282    7.29%
  15747 10497      339.5452    56      348.5555      323.1371  1604604    7.29%
  15861 10583      323.1413    59      348.5555      323.1411  1616479    7.29%
  15967 10673      330.6179    67      348.5555      323.1429  1625617    7.29%
  15968 10674      332.3318    68      348.5555      323.1429  1625756    7.29%
  16065 10744      324.1428    55      348.5555      323.1479  1634431    7.29%
  16161 10814      323.5555    61      348.5555      323.1497  1644411    7.29%
  16250 10889      324.8251    50      348.5555      323.1524  1653858    7.29%
Elapsed time = 1245.60 sec. (988017.24 ticks, tree = 246.03 MB, solutions = 4)
  16347 10965      326.2567    63      348.5555      323.1562  1664327    7.29%
  16427 11031      323.5943    90      348.5555      323.1657  1673970    7.28%
  16538 11125      329.9596    52      348.5555      323.1728  1685768    7.28%
  16644 11217      332.0016    94      348.5555      323.1735  1697959    7.28%
  16741 11301      334.7896    44      348.5555      323.1757  1709284    7.28%
  16842 11367      325.8809    54      348.5555      323.1817  1722080    7.28%
  16942 11448      324.8463    52      348.5555      323.1851  1732906    7.28%
  16976 11478      323.5131    82      348.5555      323.1858  1736791    7.28%
  17004 11506      329.5137    66      348.5555      323.1858  1747262    7.28%
  17098 11586      323.6484    54      348.5555      323.1869  1757667    7.28%
Elapsed time = 1289.93 sec. (1026937.23 ticks, tree = 247.52 MB, solutions = 4)
  17149 11631      324.2851    79      348.5555      323.1869  1766444    7.28%
  17175 11655      334.1954    70      348.5555      323.1869  1773601    7.28%
  17218 11694      328.1764    64      348.5555      323.1869  1783469    7.28%
  17303 11773      327.2815    79      348.5555      323.1869  1798043    7.28%
  17342 11803      340.2299    73      348.5555      323.1882  1807466    7.28%
  17403 11854      334.7193    57      348.5555      323.1882  1820881    7.28%
  17470 11909      334.4314    64      348.5555      323.1885  1835889    7.28%
  17565 11985      327.4507    67      348.5555      323.1918  1848488    7.28%
  17631 12043      324.3958    60      348.5555      323.1930  1862488    7.28%
  17698 12102      323.8973    66      348.5555      323.1939  1871865    7.28%
Elapsed time = 1333.42 sec. (1066998.09 ticks, tree = 247.83 MB, solutions = 4)
  17785 12175      325.0239    43      348.5555      323.1959  1881403    7.28%
  17856 12235      323.3288    67      348.5555      323.1973  1891817    7.28%
  17907 12274      324.0950    63      348.5555      323.1998  1901775    7.27%
* 17968+12254                          348.2918      323.2033             7.20%
  17968 12256      336.2986    52      348.2918      323.2033  1909762    7.20%
  18020 12296      323.2865   100      348.2918      323.2050  1920147    7.20%
* 18068+12323                          348.2472      323.2054             7.19%
* 18068+12131                          347.5626      323.2054             7.01%
  18074 12139      328.1644    43      347.5626      323.2054  1924509    7.01%
  18171 12213      343.7617    47      347.5626      323.2089  1933890    7.01%
  18259 12282      332.5914    60      347.5626      323.2119  1947085    7.01%
  18364 12372        cutoff            347.5626      323.2131  1957764    7.01%
  18428 12424      340.9871    54      347.5626      323.2148  1970113    7.01%
Elapsed time = 1376.42 sec. (1105728.15 ticks, tree = 245.39 MB, solutions = 7)
  18532 12514      328.5411    63      347.5626      323.2160  1981253    7.00%
  18602 12571      326.1743    98      347.5626      323.2194  1993247    7.00%
  18688 12646      323.3825   119      347.5626      323.2197  2002497    7.00%
  18760 12710      341.2945    57      347.5626      323.2197  2013065    7.00%
  18808 12745      324.4433    74      347.5626      323.2197  2025999    7.00%
  18891 12824      326.7566    78      347.5626      323.2197  2034524    7.00%
  18968 12891      325.8140    62      347.5626      323.2202  2045545    7.00%
  19069 12969      338.6621    39      347.5626      323.2211  2058512    7.00%
  19162 13049      340.6294    69      347.5626      323.2260  2071998    7.00%
  19279 13146      323.5127    98      347.5626      323.2291  2084583    7.00%
Elapsed time = 1422.18 sec. (1145311.76 ticks, tree = 246.71 MB, solutions = 7)
  19386 13243      332.2842    40      347.5626      323.2291  2097139    7.00%
  19472 13315      325.2738    77      347.5626      323.2297  2104366    7.00%
  19548 13384      339.3064    52      347.5626      323.2314  2114663    7.00%
  19652 13465      336.4480    26      347.5626      323.2337  2124839    7.00%
  19706 13506      343.0439    45      347.5626      323.2353  2136248    7.00%
  19792 13572      323.5418    72      347.5626      323.2414  2145538    7.00%
  19855 13630      342.7115    66      347.5626      323.2415  2154566    7.00%
  19967 13716      324.3845    69      347.5626      323.2433  2165195    7.00%
  20007 13750      327.8714    60      347.5626      323.2437  2170475    7.00%
  20104 13826      347.1576    40      347.5626      323.2445  2181268    7.00%
Elapsed time = 1465.55 sec. (1183557.93 ticks, tree = 248.16 MB, solutions = 7)
  20202 13912      345.7224    54      347.5626      323.2472  2192348    7.00%
  20232 13932      327.8534    61      347.5626      323.2487  2203848    7.00%
  20299 13991      333.5899    56      347.5626      323.2498  2218399    7.00%
  20399 14074      324.6193    77      347.5626      323.2517  2231174    6.99%
  20448 14118      327.1534    66      347.5626      323.2517  2240130    6.99%
  20543 14198      323.8135    82      347.5626      323.2529  2252697    6.99%
  20661 14288      323.4136    82      347.5626      323.2561  2264825    6.99%
  20780 14385      323.4171    83      347.5626      323.2582  2277005    6.99%
  20918 14504      323.3758   110      347.5626      323.2612  2286066    6.99%
  20981 14563      335.0089    88      347.5626      323.2614  2295806    6.99%
Elapsed time = 1511.13 sec. (1222456.85 ticks, tree = 249.39 MB, solutions = 7)
  21059 14627      329.7368    69      347.5626      323.2632  2310158    6.99%
  21175 14717      338.4009    35      347.5626      323.2653  2322024    6.99%
  21255 14789      328.4268    45      347.5626      323.2659  2335798    6.99%
  21315 14836      324.2792    84      347.5626      323.2696  2347051    6.99%
  21395 14902      335.0271    62      347.5626      323.2700  2355618    6.99%
  21459 14957      331.8455    56      347.5626      323.2706  2365483    6.99%
  21517 15007      342.0365    41      347.5626      323.2718  2375152    6.99%
  21574 15047      324.2057    71      347.5626      323.2730  2385422    6.99%
  21666 15128      340.3911    44      347.5626      323.2741  2395791    6.99%
  21755 15191      328.3153    59      347.5626      323.2761  2408107    6.99%
Elapsed time = 1554.65 sec. (1261121.24 ticks, tree = 250.71 MB, solutions = 7)
  21809 15235      336.2876    59      347.5626      323.2792  2419112    6.99%
  21917 15321      325.4210    72      347.5626      323.2828  2430902    6.99%
  22003 15398      324.0151    94      347.5626      323.2841  2437548    6.99%
  22075 15460      325.5220    81      347.5626      323.2843  2448255    6.99%
  22159 15535      339.6538    51      347.5626      323.2844  2460463    6.99%
  22278 15631      329.9653    62      347.5626      323.2857  2470573    6.98%
  22353 15688      330.1629    57      347.5626      323.2869  2483886    6.98%
  22448 15769      330.5279   120      347.5626      323.2869  2493415    6.98%
  22571 15885      337.0828    67      347.5626      323.2877  2500447    6.98%
  22652 15958      347.0464    47      347.5626      323.2879  2515295    6.98%
Elapsed time = 1600.33 sec. (1299714.84 ticks, tree = 251.77 MB, solutions = 7)
  22782 16072      326.6618    59      347.5626      323.2898  2525658    6.98%
  22904 16167      326.5875    60      347.5626      323.2913  2538802    6.98%
  22999 16241      332.7404    76      347.5626      323.2918  2550196    6.98%
  23070 16306      337.2283    58      347.5626      323.2922  2562823    6.98%
  23173 16395      337.4932    55      347.5626      323.2936  2575749    6.98%
  23276 16468      346.2104    46      347.5626      323.2951  2589079    6.98%
  23399 16572      328.8427    58      347.5626      323.2959  2598140    6.98%
  23474 16625        cutoff            347.5626      323.2962  2608618    6.98%
  23581 16714      324.9907    66      347.5626      323.2983  2617328    6.98%
  23637 16753      332.4366    59      347.5626      323.2991  2628774    6.98%
Elapsed time = 1646.33 sec. (1338219.61 ticks, tree = 253.10 MB, solutions = 7)
  23693 16798      331.3121    58      347.5626      323.2995  2637776    6.98%
  23729 16828      333.3110    63      347.5626      323.2995  2644548    6.98%
  23779 16868      329.5979    68      347.5626      323.3008  2653953    6.98%
  23871 16943      331.2961    53      347.5626      323.3031  2664544    6.98%
  23912 16976      328.5012    80      347.5626      323.3048  2674991    6.98%
  23991 17046      328.1437    47      347.5626      323.3055  2687041    6.98%
  24088 17124      324.7606    60      347.5626      323.3072  2700943    6.98%
  24192 17207      328.9210    84      347.5626      323.3083  2710552    6.98%
  24238 17249      334.8968    52      347.5626      323.3088  2722165    6.98%
  24300 17294      338.4888    72      347.5626      323.3108  2734697    6.98%
Elapsed time = 1690.56 sec. (1377598.15 ticks, tree = 253.72 MB, solutions = 7)
  24358 17342      327.0453    68      347.5626      323.3114  2746939    6.98%
  24453 17417      335.7279    54      347.5626      323.3147  2759192    6.98%
  24546 17490      339.9489    77      347.5626      323.3173  2773043    6.98%
  24612 17541      331.0566    65      347.5626      323.3184  2784637    6.98%
  24699 17613      325.5066    70      347.5626      323.3206  2798371    6.97%
  24786 17684      327.7506    67      347.5626      323.3215  2810373    6.97%
  24827 17725      336.3242    56      347.5626      323.3215  2823507    6.97%
  24899 17784      323.9394    68      347.5626      323.3226  2838366    6.97%
  24979 17856      323.5810    85      347.5626      323.3228  2849755    6.97%
  25108 17973      324.5801    71      347.5626      323.3241  2860170    6.97%
Elapsed time = 1734.09 sec. (1416356.56 ticks, tree = 254.68 MB, solutions = 7)
  25211 18059      343.5050    56      347.5626      323.3254  2873549    6.97%
  25313 18141      324.0315    63      347.5626      323.3259  2884299    6.97%
  25396 18206      324.2335    94      347.5626      323.3279  2896160    6.97%
  25482 18280      325.2194    40      347.5626      323.3301  2905725    6.97%
  25561 18349      324.5575   100      347.5626      323.3306  2915715    6.97%
  25639 18412      325.6886    64      347.5626      323.3338  2926580    6.97%
  25725 18484      340.9845    55      347.5626      323.3350  2937985    6.97%
  25777 18523      344.7845    54      347.5626      323.3367  2948481    6.97%
  25876 18604      327.3229    63      347.5626      323.3381  2959596    6.97%
  25968 18686      345.6164    50      347.5626      323.3387  2969122    6.97%
Elapsed time = 1773.00 sec. (1456194.15 ticks, tree = 255.86 MB, solutions = 7)
  26075 18771      328.0107    63      347.5626      323.3418  2980827    6.97%
  26190 18862      328.7055    46      347.5626      323.3444  2991761    6.97%
  26265 18920      329.4254    55      347.5626      323.3451  3006392    6.97%
  26367 19001      331.1773    72      347.5626      323.3461  3018984    6.97%
  26456 19074      324.6114    71      347.5626      323.3464  3031830    6.97%
  26565 19161      341.3496    76      347.5626      323.3496  3043370    6.97%
  26622 19209      330.6590    62      347.5626      323.3497  3055710    6.97%
  26743 19304      347.5344    20      347.5626      323.3520  3067238    6.97%
  26806 19360      326.2432    93      347.5626      323.3527  3078475    6.97%
  26891 19429      324.0186    79      347.5626      323.3542  3089024    6.97%
Elapsed time = 1817.59 sec. (1495141.74 ticks, tree = 257.35 MB, solutions = 7)
  26990 19515      330.1381    65      347.5626      323.3546  3100144    6.97%
  27118 19616      328.3458    45      347.5626      323.3567  3113662    6.96%
  27229 19704      339.8802    50      347.5626      323.3591  3127802    6.96%
  27364 19816      327.0770    59      347.5626      323.3597  3138410    6.96%
  27455 19885      331.4551    56      347.5626      323.3606  3149903    6.96%
  27501 19927      327.5407    67      347.5626      323.3608  3160721    6.96%
  27608 20011      326.7531    73      347.5626      323.3623  3171204    6.96%
  27684 20075        cutoff            347.5626      323.3624  3180072    6.96%
  27799 20165      327.8713    48      347.5626      323.3643  3188741    6.96%
* 27877 20127      integral     0      347.3832      323.3644  3194299    6.91%
Elapsed time = 1860.98 sec. (1532244.20 ticks, tree = 258.74 MB, solutions = 8)
  27955 20191      323.8229    63      347.3832      323.3663  3204381    6.91%
* 27977+19831                          346.7765      323.3663             6.75%
  27985 19841      336.9117    53      346.7765      323.3663  3212193    6.75%
  28063 19903      324.4083    71      346.7765      323.3692  3223737    6.75%
  28142 19965      334.0194    79      346.7765      323.3718  3234707    6.75%
  28224 20036      324.6852    58      346.7765      323.3726  3247836    6.75%
  28315 20118      328.8745    44      346.7765      323.3751  3258840    6.75%
  28390 20177      324.8672   118      346.7765      323.3778  3268294    6.75%
  28493 20266      335.0085    60      346.7765      323.3786  3281284    6.75%
  28620 20379      336.8788    54      346.7765      323.3803  3293417    6.75%
  28684 20435      324.0086    70      346.7765      323.3803  3304429    6.75%
Elapsed time = 1905.72 sec. (1571819.75 ticks, tree = 257.70 MB, solutions = 9)
  28737 20484      334.6040    71      346.7765      323.3804  3317997    6.75%
  28834 20569      326.9069    79      346.7765      323.3809  3330247    6.75%
  28906 20632      325.1832    64      346.7765      323.3812  3340853    6.75%
  28968 20687      324.7091    73      346.7765      323.3812  3353424    6.75%
  29044 20753      323.5761   120      346.7765      323.3812  3361213    6.75%
  29195 20884        cutoff            346.7765      323.3818  3371637    6.75%
  29303 20971      329.2395    67      346.7765      323.3836  3383726    6.75%
  29405 21055      340.6209    49      346.7765      323.3843  3395690    6.75%
  29494 21127      330.7050    66      346.7765      323.3860  3410697    6.75%
  29566 21187      333.2916    53      346.7765      323.3866  3425193    6.74%
Elapsed time = 1952.11 sec. (1611192.31 ticks, tree = 259.08 MB, solutions = 9)
  29684 21286      328.4853    77      346.7765      323.3876  3437459    6.74%
  29769 21355      325.9691    85      346.7765      323.3881  3450762    6.74%
  29888 21462      345.3396    44      346.7765      323.3887  3462841    6.74%
  29968 21524      332.4048    48      346.7765      323.3905  3471809    6.74%
  30013 21564      337.0304    47      346.7765      323.3905  3482960    6.74%
  30088 21626      344.7554    40      346.7765      323.3916  3493763    6.74%
  30164 21686      335.5958    52      346.7765      323.3923  3505861    6.74%
  30241 21743      330.8627    48      346.7765      323.3928  3517544    6.74%
  30351 21836      344.1320    49      346.7765      323.3930  3527550    6.74%
  30477 21942      344.8561    33      346.7765      323.3933  3536945    6.74%
Elapsed time = 1998.33 sec. (1651471.42 ticks, tree = 260.83 MB, solutions = 9)
  30601 22047      340.5452    48      346.7765      323.3953  3545007    6.74%
  30711 22131      339.9412    70      346.7765      323.3979  3555939    6.74%
  30782 22198      325.1428    80      346.7765      323.3982  3567455    6.74%
  30919 22319      332.6184    54      346.7765      323.4002  3578957    6.74%
* 30968+21761                          345.7997      323.4003             6.48%
  30968 21763      323.9369    86      345.7997      323.4003  3588416    6.48%
  31088 21869      331.1375    66      345.7997      323.4007  3597602    6.48%
  31168 21931      330.1922    62      345.7997      323.4009  3607351    6.48%
  31251 21995      337.9300    62      345.7997      323.4017  3619784    6.48%
  31363 22094      338.4324    30      345.7997      323.4018  3630051    6.48%
  31384 22111      333.9484    62      345.7997      323.4027  3640184    6.48%
Elapsed time = 2043.24 sec. (1690928.83 ticks, tree = 258.85 MB, solutions = 10)
  31501 22209      326.5966   109      345.7997      323.4034  3651682    6.48%
  31617 22307      338.2726    59      345.7997      323.4043  3663227    6.48%
  31719 22391      323.5199    63      345.7997      323.4054  3673288    6.48%
  31783 22451      324.7423    66      345.7997      323.4059  3683277    6.48%
  31864 22524      333.2438    50      345.7997      323.4060  3696781    6.48%
  31949 22594      324.1611    53      345.7997      323.4087  3709819    6.48%
  31993 22634      325.7101    59      345.7997      323.4087  3715529    6.48%
  32041 22678        cutoff            345.7997      323.4087  3730905    6.48%
  32162 22782      324.9189    79      345.7997      323.4110  3740892    6.47%
  32229 22842      333.8059    55      345.7997      323.4114  3755866    6.47%
Elapsed time = 2087.12 sec. (1729416.29 ticks, tree = 260.54 MB, solutions = 10)
  32336 22938      332.5787    37      345.7997      323.4130  3768227    6.47%
  32441 23009      326.3158    70      345.7997      323.4144  3780800    6.47%
  32527 23086      325.9921    72      345.7997      323.4158  3792277    6.47%
  32621 23162      324.4436    65      345.7997      323.4169  3803666    6.47%
  32712 23231      325.0728    53      345.7997      323.4173  3813955    6.47%
  32765 23279      344.9231    54      345.7997      323.4173  3826657    6.47%
  32867 23364      340.7564    63      345.7997      323.4208  3835724    6.47%
  32931 23409      324.8595    70      345.7997      323.4226  3848550    6.47%
  33038 23497      330.6768    78      345.7997      323.4246  3859091    6.47%
  33141 23575      323.8065    89      345.7997      323.4257  3871134    6.47%
Elapsed time = 2132.46 sec. (1769534.40 ticks, tree = 262.24 MB, solutions = 10)
  33231 23642      324.5623    92      345.7997      323.4282  3882708    6.47%
  33319 23717      328.4896    79      345.7997      323.4306  3896027    6.47%
  33414 23800      326.3342    71      345.7997      323.4320  3906479    6.47%
  33461 23837      330.3968    58      345.7997      323.4330  3917096    6.47%
  33544 23907      335.5825    54      345.7997      323.4340  3930595    6.47%
  33632 23983      332.3785    67      345.7997      323.4342  3940113    6.47%
  33731 24062      327.5550    55      345.7997      323.4355  3951779    6.47%
  33819 24137      326.4187    71      345.7997      323.4369  3964239    6.47%
  33931 24224      324.8379    92      345.7997      323.4374  3976159    6.47%
  33999 24289      330.5879    77      345.7997      323.4378  3988532    6.47%
Elapsed time = 2177.52 sec. (1808092.70 ticks, tree = 263.77 MB, solutions = 10)
  34087 24365      330.2641    55      345.7997      323.4383  4002769    6.47%
  34187 24446      330.9202    55      345.7997      323.4394  4016304    6.47%
  34306 24542      330.5111    57      345.7997      323.4408  4029148    6.47%
  34399 24619      323.5631   119      345.7997      323.4416  4042000    6.47%
  34520 24714      323.8572    88      345.7997      323.4426  4054867    6.47%
  34612 24795      335.1178    61      345.7997      323.4445  4065463    6.46%
  34696 24855      331.0357    60      345.7997      323.4455  4080675    6.46%
  34802 24929      328.7817    39      345.7997      323.4468  4092006    6.46%
  34890 24997      327.1960    60      345.7997      323.4474  4102280    6.46%
  34968 25053      345.2587    62      345.7997      323.4478  4110569    6.46%
Elapsed time = 2223.57 sec. (1847922.96 ticks, tree = 265.55 MB, solutions = 10)
  35055 25119      324.1403    99      345.7997      323.4489  4122654    6.46%
  35160 25207      326.7870    68      345.7997      323.4503  4132868    6.46%
  35249 25282      324.9477    54      345.7997      323.4507  4142947    6.46%
  35352 25360      324.4239    80      345.7997      323.4524  4155074    6.46%
  35473 25463      324.5091    79      345.7997      323.4531  4165825    6.46%
  35566 25539      344.2605    49      345.7997      323.4535  4179076    6.46%
  35624 25579      323.8680   112      345.7997      323.4545  4185974    6.46%
  35646 25601      325.3447   108      345.7997      323.4545  4188358    6.46%
  35730 25667        cutoff            345.7997      323.4549  4197940    6.46%
  35775 25705      335.9673    52      345.7997      323.4556  4209376    6.46%
Elapsed time = 2266.57 sec. (1887053.95 ticks, tree = 266.69 MB, solutions = 10)
  35930 25838      323.5478   122      345.7997      323.4571  4220993    6.46%
  36035 25928      338.2815    58      345.7997      323.4575  4231506    6.46%
  36103 25985      339.4739    70      345.7997      323.4582  4242005    6.46%
  36181 26048      324.6793    78      345.7997      323.4587  4254723    6.46%
  36277 26122      327.0454    55      345.7997      323.4614  4267532    6.46%
  36362 26192      325.0110    81      345.7997      323.4615  4278298    6.46%
  36445 26263      334.3767    54      345.7997      323.4629  4291759    6.46%
  36551 26355      328.3812    67      345.7997      323.4651  4304182    6.46%
  36637 26431      330.7955    45      345.7997      323.4662  4316357    6.46%
  36742 26513      324.6535    94      345.7997      323.4670  4329538    6.46%
Elapsed time = 2306.63 sec. (1925488.26 ticks, tree = 268.58 MB, solutions = 10)
  36856 26616      333.7749    60      345.7997      323.4672  4341122    6.46%
  36958 26707      330.4518    75      345.7997      323.4682  4352488    6.46%
  37032 26769      332.6890    53      345.7997      323.4689  4363628    6.46%
  37071 26804      338.6374    73      345.7997      323.4693  4376534    6.46%
  37165 26885      328.1736    54      345.7997      323.4705  4389303    6.46%
  37240 26941      325.0705    68      345.7997      323.4717  4404187    6.46%
  37374 27055      330.0217    59      345.7997      323.4729  4413254    6.46%
  37465 27136      339.7648    56      345.7997      323.4737  4425771    6.46%
  37538 27192      344.5757    57      345.7997      323.4754  4437750    6.46%
  37619 27261      337.7678    49      345.7997      323.4756  4451273    6.46%
Elapsed time = 2348.93 sec. (1964001.00 ticks, tree = 270.20 MB, solutions = 10)
  37715 27336      326.8501    45      345.7997      323.4759  4464346    6.46%
  37791 27405      341.9597    42      345.7997      323.4760  4478130    6.46%
  37897 27487      332.8094    50      345.7997      323.4766  4489205    6.46%
  37968 27546      329.1993    61      345.7997      323.4767  4501671    6.46%
  38063 27627      323.8099    75      345.7997      323.4773  4512316    6.46%
  38137 27692      328.3628   109      345.7997      323.4784  4523974    6.45%
  38197 27738      345.0308    63      345.7997      323.4784  4535240    6.45%
  38293 27813      324.2851    83      345.7997      323.4798  4544552    6.45%
  38318 27838      325.6569    94      345.7997      323.4798  4555553    6.45%
  38400 27910      323.7832    80      345.7997      323.4799  4567371    6.45%
Elapsed time = 2387.94 sec. (2002766.04 ticks, tree = 271.21 MB, solutions = 10)
  38477 27977      344.0985    63      345.7997      323.4800  4578011    6.45%
  38540 28028      324.3533    73      345.7997      323.4809  4591286    6.45%
  38613 28083      324.5613    61      345.7997      323.4826  4602999    6.45%
  38699 28155      324.4134   117      345.7997      323.4830  4611362    6.45%
  38817 28258      325.4733    88      345.7997      323.4845  4622360    6.45%
  38918 28341      325.5044    99      345.7997      323.4852  4636041    6.45%
  38995 28406      326.7038    89      345.7997      323.4854  4642358    6.45%
  39113 28515      337.7237    48      345.7997      323.4855  4653505    6.45%
  39216 28598      324.5468    88      345.7997      323.4878  4665203    6.45%
  39322 28678      327.3918    57      345.7997      323.4897  4677763    6.45%
Elapsed time = 2432.95 sec. (2041738.43 ticks, tree = 273.00 MB, solutions = 10)
  39400 28748      332.6508    54      345.7997      323.4902  4690634    6.45%
  39499 28833      324.9511    54      345.7997      323.4907  4702885    6.45%
  39626 28949      332.5825    43      345.7997      323.4917  4713376    6.45%
  39763 29066      327.6916    68      345.7997      323.4954  4722372    6.45%
  39839 29130      333.5091    53      345.7997      323.4958  4739200    6.45%
  39942 29214      334.4700    51      345.7997      323.4963  4753499    6.45%
  39968 29234      324.2039    70      345.7997      323.4967  4754624    6.45%
  40074 29315      329.5402    49      345.7997      323.4977  4766949    6.45%
  40165 29384      325.7614    75      345.7997      323.4993  4781682    6.45%
  40281 29486      325.0901    61      345.7997      323.5004  4792714    6.45%
Elapsed time = 2478.58 sec. (2081062.61 ticks, tree = 274.89 MB, solutions = 10)
  40395 29589      341.5462    50      345.7997      323.5006  4804831    6.45%
  40478 29654      329.7171    67      345.7997      323.5010  4818413    6.45%
  40625 29781      325.6873    69      345.7997      323.5018  4831422    6.45%
  40732 29877      341.9761    51      345.7997      323.5023  4842745    6.45%
  40843 29965      344.1986    46      345.7997      323.5035  4854132    6.45%
  40925 30024      323.9279    80      345.7997      323.5048  4865294    6.45%
  41021 30098      328.0765    67      345.7997      323.5056  4875925    6.45%
  41095 30151      332.9659    52      345.7997      323.5062  4888421    6.45%
  41159 30199    infeasible            345.7997      323.5071  4901345    6.45%
  41245 30278      323.6049   105      345.7997      323.5093  4910980    6.45%
Elapsed time = 2523.33 sec. (2119995.61 ticks, tree = 276.50 MB, solutions = 10)
  41294 30321      323.9945    82      345.7997      323.5099  4922527    6.45%
  41395 30405      335.2831    56      345.7997      323.5102  4932054    6.45%
  41481 30469      338.4424    55      345.7997      323.5112  4942935    6.45%
  41549 30519      324.3691    51      345.7997      323.5133  4954079    6.44%
  41609 30569      332.9919    68      345.7997      323.5134  4966878    6.44%
  41700 30640      324.2224    71      345.7997      323.5144  4979322    6.44%
  41779 30715      337.6229    50      345.7997      323.5145  4990795    6.44%
  41908 30820      331.7078    66      345.7997      323.5161  5003702    6.44%
  42009 30898      325.0289    72      345.7997      323.5174  5014740    6.44%
  42057 30941      332.4686    64      345.7997      323.5177  5027018    6.44%
Elapsed time = 2567.20 sec. (2158799.74 ticks, tree = 277.79 MB, solutions = 10)
  42184 31046      323.7677    83      345.7997      323.5185  5038412    6.44%
  42278 31124      345.7643    54      345.7997      323.5195  5051867    6.44%
  42359 31194      323.5452    92      345.7997      323.5199  5062076    6.44%
  42437 31268      333.3149    61      345.7997      323.5199  5072573    6.44%
  42544 31348      332.8587    70      345.7997      323.5212  5083074    6.44%
  42639 31429      344.5268    56      345.7997      323.5217  5094923    6.44%
  42750 31511      332.8023    72      345.7997      323.5224  5108503    6.44%
  42814 31567      324.2299    78      345.7997      323.5224  5121931    6.44%
  42908 31646      326.9195    60      345.7997      323.5226  5134799    6.44%
  42959 31689      332.7176    66      345.7997      323.5228  5148473    6.44%
Elapsed time = 2612.75 sec. (2197741.17 ticks, tree = 279.17 MB, solutions = 10)
  42968 31698      333.9679    53      345.7997      323.5228  5150821    6.44%
  43076 31794      344.5689    33      345.7997      323.5236  5163219    6.44%
  43126 31830      325.1763    66      345.7997      323.5240  5176499    6.44%
  43200 31889      329.7731    58      345.7997      323.5254  5189968    6.44%
  43275 31956      333.6049    72      345.7997      323.5256  5204353    6.44%
  43368 32033      323.7174   149      345.7997      323.5259  5213881    6.44%
  43492 32141      340.9703    52      345.7997      323.5268  5226139    6.44%
  43603 32229      323.9795   102      345.7997      323.5286  5237948    6.44%
  43703 32310      328.9747    72      345.7997      323.5291  5248820    6.44%
  43812 32402      324.9348    61      345.7997      323.5295  5259181    6.44%
Elapsed time = 2659.50 sec. (2238235.63 ticks, tree = 280.82 MB, solutions = 10)
  43895 32480      332.4799    48      345.7997      323.5296  5271240    6.44%
  43961 32527      324.8482    94      345.7997      323.5303  5282559    6.44%
  44067 32619      327.4382    54      345.7997      323.5310  5295037    6.44%
  44145 32687      332.9270    53      345.7997      323.5315  5306507    6.44%
  44225 32760      343.2070    52      345.7997      323.5318  5318460    6.44%
  44291 32809      328.8719    56      345.7997      323.5328  5327468    6.44%
  44395 32896      335.6766    56      345.7997      323.5337  5338818    6.44%
  44489 32956      340.1514    56      345.7997      323.5349  5351403    6.44%
  44574 33016      331.0262    58      345.7997      323.5357  5360723    6.44%
  44663 33082      340.5621    28      345.7997      323.5365  5373041    6.44%
Elapsed time = 2702.66 sec. (2277241.35 ticks, tree = 283.78 MB, solutions = 10)
  44752 33146      330.7171    85      345.7997      323.5375  5384864    6.44%
  44802 33187      324.6424    73      345.7997      323.5376  5396797    6.44%
  44917 33283      333.6175    54      345.7997      323.5382  5410329    6.44%
  45021 33365      325.1051    69      345.7997      323.5396  5419913    6.44%
  45131 33453      326.5256    68      345.7997      323.5404  5433387    6.44%
  45182 33495      333.7630    71      345.7997      323.5404  5446796    6.44%
  45241 33543      329.0867    74      345.7997      323.5411  5457497    6.44%
  45329 33615      324.0524    53      345.7997      323.5416  5471017    6.44%
  45425 33695      339.9120    54      345.7997      323.5417  5482329    6.44%
  45542 33793      329.6979    45      345.7997      323.5424  5494209    6.44%
Elapsed time = 2747.40 sec. (2316002.22 ticks, tree = 285.43 MB, solutions = 10)
  45625 33862      324.1128    70      345.7997      323.5426  5506194    6.44%
  45704 33936      333.3608    49      345.7997      323.5426  5518704    6.44%
  45806 34008      323.7610    83      345.7997      323.5439  5532885    6.44%
  45911 34106      343.9708    55      345.7997      323.5440  5544949    6.44%
  45974 34147      324.3053   103      345.7997      323.5445  5554423    6.44%
  46081 34228      328.4764    66      345.7997      323.5447  5567133    6.44%
  46182 34315      329.8413    64      345.7997      323.5449  5579691    6.44%
  46247 34361      323.5847    58      345.7997      323.5453  5592331    6.44%
  46336 34436      328.5567    60      345.7997      323.5463  5604846    6.44%
  46449 34514      333.3000    46      345.7997      323.5469  5618506    6.44%
Elapsed time = 2792.78 sec. (2354687.15 ticks, tree = 286.98 MB, solutions = 10)
  46537 34585      343.8366    31      345.7997      323.5477  5630635    6.43%
  46623 34658      344.4364    47      345.7997      323.5481  5643063    6.43%
  46681 34703      341.4324    66      345.7997      323.5483  5653351    6.43%
  46774 34780      328.6336    58      345.7997      323.5493  5664529    6.43%
  46837 34837      326.8833    59      345.7997      323.5501  5677454    6.43%
  46914 34898      330.8026    65      345.7997      323.5505  5689288    6.43%
  46989 34962      336.7221    55      345.7997      323.5505  5698095    6.43%
  47108 35055      329.3309    60      345.7997      323.5515  5707328    6.43%
  47211 35132      325.6804    67      345.7997      323.5519  5716553    6.43%
  47270 35179      328.3492    55      345.7997      323.5528  5729817    6.43%
Elapsed time = 2836.77 sec. (2393484.58 ticks, tree = 288.40 MB, solutions = 10)
  47363 35258      324.4501    73      345.7997      323.5530  5739022    6.43%
  47433 35318      330.1444    72      345.7997      323.5531  5753276    6.43%
  47500 35381      339.5613    39      345.7997      323.5534  5763597    6.43%
  47561 35424      331.9785    58      345.7997      323.5538  5773355    6.43%
  47608 35465      341.5422    62      345.7997      323.5539  5785551    6.43%
  47699 35539      328.8723    81      345.7997      323.5548  5797719    6.43%
  47748 35578        cutoff            345.7997      323.5550  5810563    6.43%
  47864 35672      328.4106    69      345.7997      323.5552  5821771    6.43%
  47935 35739      330.6049    55      345.7997      323.5555  5836318    6.43%
  48028 35819      325.9414    76      345.7997      323.5557  5848054    6.43%
Elapsed time = 2879.89 sec. (2432443.00 ticks, tree = 290.23 MB, solutions = 10)
  48158 35929      334.8917    58      345.7997      323.5561  5858723    6.43%
  48268 36024      345.2058    35      345.7997      323.5566  5871487    6.43%
  48342 36086      341.2900    29      345.7997      323.5574  5882414    6.43%
  48470 36198      324.4746   131      345.7997      323.5581  5893172    6.43%
  48567 36276      331.7757    70      345.7997      323.5591  5906348    6.43%
  48639 36332      340.8322    50      345.7997      323.5597  5920614    6.43%
  48769 36441      329.1259    53      345.7997      323.5612  5932734    6.43%
  48832 36492      331.1924    67      345.7997      323.5616  5947195    6.43%
  48914 36554      324.0925    84      345.7997      323.5618  5959242    6.43%
  49032 36647      323.5620   134      345.7997      323.5620  5971338    6.43%
Elapsed time = 2918.25 sec. (2471116.61 ticks, tree = 292.06 MB, solutions = 10)
  49148 36754      330.6124    66      345.7997      323.5621  5981524    6.43%
  49260 36846        cutoff            345.7997      323.5629  5992432    6.43%
  49344 36915      333.1286    49      345.7997      323.5638  6006393    6.43%
  49463 37013      331.3235    70      345.7997      323.5644  6016659    6.43%
  49573 37101      329.6947   109      345.7997      323.5656  6029378    6.43%
  49660 37172      329.2266    46      345.7997      323.5666  6042138    6.43%
  49760 37256      333.0718    63      345.7997      323.5671  6053380    6.43%
  49823 37303      339.1659    60      345.7997      323.5680  6066074    6.43%
  49892 37356        cutoff            345.7997      323.5682  6078809    6.43%
  49984 37435        cutoff            345.7997      323.5696  6089579    6.43%
Elapsed time = 2958.35 sec. (2509538.09 ticks, tree = 293.90 MB, solutions = 10)
  50098 37533      324.4251    54      345.7997      323.5701  6099471    6.43%
  50178 37603      335.2775    68      345.7997      323.5704  6109300    6.43%
  50253 37665      327.2681    63      345.7997      323.5706  6120698    6.43%
  50355 37748      331.5582    41      345.7997      323.5707  6131747    6.43%
  50442 37812      324.8102    57      345.7997      323.5719  6143195    6.43%
  50529 37881      334.0848    49      345.7997      323.5727  6154764    6.43%
  50607 37938      325.5105    61      345.7997      323.5731  6167309    6.43%
  50687 38005      328.1045    63      345.7997      323.5734  6179158    6.43%
  50771 38069      330.1292    49      345.7997      323.5736  6192330    6.43%
  50894 38167      331.4759    94      345.7997      323.5742  6204346    6.43%
Elapsed time = 3002.84 sec. (2548295.45 ticks, tree = 295.59 MB, solutions = 10)
  50976 38235      327.5188    58      345.7997      323.5751  6214731    6.43%
  51070 38313      336.5172    44      345.7997      323.5754  6227274    6.43%
  51168 38389      324.6778    69      345.7997      323.5769  6240069    6.43%
  51283 38486      336.2708    52      345.7997      323.5777  6253038    6.43%
  51390 38571      326.4023    65      345.7997      323.5782  6263678    6.43%
  51485 38651      344.0642    58      345.7997      323.5783  6277188    6.43%
  51580 38732      329.1801    67      345.7997      323.5786  6290831    6.43%
  51696 38832      323.8210    85      345.7997      323.5789  6302371    6.43%
  51780 38898      323.8044    81      345.7997      323.5790  6316457    6.43%
  51875 38975      330.2521    43      345.7997      323.5794  6329411    6.43%
Elapsed time = 3047.91 sec. (2586759.37 ticks, tree = 297.61 MB, solutions = 10)
  51954 39037      342.5628    51      345.7997      323.5800  6341945    6.43%
  51988 39064      336.8687    70      345.7997      323.5805  6355385    6.43%
  52094 39158      338.7867    36      345.7997      323.5809  6368774    6.43%
  52162 39201      345.4619    50      345.7997      323.5814  6381934    6.43%
  52273 39291      327.1569    64      345.7997      323.5824  6393536    6.42%
  52314 39323      338.3712    55      345.7997      323.5824  6406115    6.42%
  52398 39395      324.3685   102      345.7997      323.5826  6418328    6.42%
  52506 39496      339.3705    56      345.7997      323.5835  6428985    6.42%
  52600 39573      324.1195    61      345.7997      323.5842  6441960    6.42%
  52698 39658      324.5373    56      345.7997      323.5847  6451699    6.42%
Elapsed time = 3091.47 sec. (2625166.96 ticks, tree = 301.65 MB, solutions = 10)
  52771 39716      339.0195    60      345.7997      323.5858  6466776    6.42%
  52841 39773      338.9453    44      345.7997      323.5860  6478278    6.42%
  52919 39839      324.9400    61      345.7997      323.5865  6489687    6.42%
  52972 39881      343.3898    50      345.7997      323.5865  6501321    6.42%
  53051 39951      328.0075    86      345.7997      323.5873  6511483    6.42%
  53146 40029      342.3962    59      345.7997      323.5874  6523029    6.42%
  53183 40053      324.1547    54      345.7997      323.5878  6532444    6.42%
  53247 40104      323.9599    59      345.7997      323.5878  6543248    6.42%
  53324 40162      329.5868    85      345.7997      323.5884  6554665    6.42%
  53359 40191      325.6159    64      345.7997      323.5888  6564866    6.42%
Elapsed time = 3135.65 sec. (2664745.22 ticks, tree = 303.59 MB, solutions = 10)
  53464 40281      339.4223    72      345.7997      323.5888  6575276    6.42%
  53542 40349      326.9100    75      345.7997      323.5891  6587578    6.42%
  53626 40408      326.5324    91      345.7997      323.5897  6599764    6.42%
  53740 40501        cutoff            345.7997      323.5903  6610853    6.42%
  53847 40584      324.3100    60      345.7997      323.5908  6623301    6.42%
  53960 40676      341.1441    81      345.7997      323.5915  6635886    6.42%
  54010 40717      333.2776    55      345.7997      323.5918  6644231    6.42%
  54104 40798      338.4920    54      345.7997      323.5929  6657854    6.42%
  54207 40882      327.1761    58      345.7997      323.5932  6671240    6.42%
  54304 40964      339.3894    45      345.7997      323.5934  6684187    6.42%
Elapsed time = 3180.49 sec. (2703529.88 ticks, tree = 305.52 MB, solutions = 10)
  54391 41036      324.1313    87      345.7997      323.5939  6694323    6.42%
  54474 41111      333.5671    57      345.7997      323.5940  6708284    6.42%
  54578 41198      328.1833    65      345.7997      323.5942  6720469    6.42%
  54668 41275      323.9850    90      345.7997      323.5946  6733197    6.42%
  54795 41389      328.3702   106      345.7997      323.5961  6743659    6.42%
  54879 41453      340.9766    54      345.7997      323.5966  6757607    6.42%
  54968 41528      333.3943    59      345.7997      323.5971  6770212    6.42%
  55042 41588      329.8668    53      345.7997      323.5975  6783008    6.42%
  55107 41643      331.5011    81      345.7997      323.5976  6793202    6.42%
  55149 41681      338.5708    48      345.7997      323.5976  6806480    6.42%
Elapsed time = 3227.81 sec. (2744609.10 ticks, tree = 307.79 MB, solutions = 10)
  55222 41740      336.3629    60      345.7997      323.5982  6819771    6.42%
  55342 41835      325.2744    75      345.7997      323.5988  6832295    6.42%
  55465 41942      334.7943    45      345.7997      323.5996  6844684    6.42%
  55536 41993      337.2170    74      345.7997      323.6002  6858637    6.42%
  55617 42062      331.8530    71      345.7997      323.6004  6870882    6.42%
  55668 42104      327.4245    66      345.7997      323.6006  6882125    6.42%
  55714 42134      326.0755    51      345.7997      323.6012  6893879    6.42%
  55768 42182      324.9620    66      345.7997      323.6015  6902508    6.42%
  55870 42264      344.3371    42      345.7997      323.6017  6913403    6.42%
  55968 42343      330.0097    76      345.7997      323.6024  6924903    6.42%
Elapsed time = 3286.27 sec. (2797199.42 ticks, tree = 309.45 MB, solutions = 10)
  56060 42420      324.4808    62      345.7997      323.6027  6937461    6.42%
  56068 42428      330.3156    61      345.7997      323.6027  6938672    6.42%
  56168 42513      325.0612    67      345.7997      323.6034  6948525    6.42%
  56268 42599      324.6836    70      345.7997      323.6040  6959139    6.42%
  56338 42649      345.1345    40      345.7997      323.6047  6971312    6.42%
  56368 42672      339.9894    68      345.7997      323.6052  6978151    6.42%
  56446 42727      334.4189    48      345.7997      323.6053  6989702    6.42%
  56468 42745      326.3829    88      345.7997      323.6057  6993421    6.42%
  56552 42813      332.5533    45      345.7997      323.6061  7004210    6.42%
  56568 42821      325.6886    73      345.7997      323.6063  7006483    6.42%
Elapsed time = 3370.40 sec. (2877289.83 ticks, tree = 310.64 MB, solutions = 10)
  56668 42899      325.9467    59      345.7997      323.6073  7017144    6.42%
  56719 42944      342.4463    40      345.7997      323.6073  7030094    6.42%
  56768 42983      326.4102    60      345.7997      323.6078  7040019    6.42%
  56825 43029      325.0659    69      345.7997      323.6089  7050635    6.42%
  56868 43068      332.4880    50      345.7997      323.6089  7059518    6.42%
  56957 43143      330.6803    56      345.7997      323.6096  7072525    6.42%
  56968 43154      332.6619    67      345.7997      323.6096  7073218    6.42%
  57068 43237      323.6940    89      345.7997      323.6100  7082784    6.42%
  57134 43294      323.8278   137      345.7997      323.6103  7096594    6.42%
  57168 43328      330.6169    57      345.7997      323.6103  7099644    6.42%
Elapsed time = 3455.70 sec. (2959233.01 ticks, tree = 312.15 MB, solutions = 10)
  57295 43431      338.7601    48      345.7997      323.6108  7113376    6.42%
  57368 43494      328.4151    59      345.7997      323.6109  7121642    6.42%
  57441 43559      331.6558    58      345.7997      323.6110  7136378    6.42%
  57468 43584      340.9017    47      345.7997      323.6110  7141635    6.42%
  57558 43656      330.9630    57      345.7997      323.6113  7154147    6.42%
* 57568+43523                          345.6918      323.6113             6.39%
  57568 43524      345.4147    42      345.6918      323.6113  7155155    6.39%
  57662 43599      344.1432    43      345.6918      323.6117  7169030    6.39%
  57668 43601      323.6727    67      345.6918      323.6117  7169793    6.39%
  57768 43685      335.4247    52      345.6918      323.6118  7182515    6.39%
  57834 43729      330.4397    51      345.6918      323.6126  7198486    6.39%
Elapsed time = 3520.11 sec. (3023752.05 ticks, tree = 313.03 MB, solutions = 11)
  57868 43756      333.5531    53      345.6918      323.6126  7201301    6.39%
  57968 43838      323.8315    55      345.6918      323.6136  7213798    6.39%
  58068 43922      334.1766    72      345.6918      323.6140  7226854    6.39%
  58155 43995      330.3508    62      345.6918      323.6146  7240732    6.39%
* 58168+43890                          345.5603      323.6146             6.35%
  58168 43892      339.4710    52      345.5603      323.6146  7242809    6.35%
  58255 43966      323.9407    98      345.5603      323.6148  7255307    6.35%
  58268 43979      326.7141    63      345.5603      323.6148  7256690    6.35%
  58348 44040      341.5019    43      345.5603      323.6149  7272037    6.35%
Advanced basis not built.

GUB cover cuts applied:  110
Clique cuts applied:  65
Cover cuts applied:  82
Implied bound cuts applied:  62
Flow cuts applied:  62
Mixed integer rounding cuts applied:  655
Zero-half cuts applied:  8
Gomory fractional cuts applied:  12

Root node processing (before b&c):
  Real time             =    9.00 sec. (6985.10 ticks)
Sequential b&c:
  Real time             = 3591.01 sec. (3090937.79 ticks)
                          ------------
Total (root+branch&cut) = 3600.01 sec. (3097922.89 ticks)
