Version identifier: 22.1.0.0 | 2022-03-09 | 1a383f8ce
CPXPARAM_Read_DataCheck                          1
CPXPARAM_Threads                                 1
CPXPARAM_TimeLimit                               3600
Tried aggregator 2 times.
MIP Presolve eliminated 15241 rows and 710 columns.
MIP Presolve modified 91426 coefficients.
Aggregator did 245 substitutions.
Reduced MIP has 15505 rows, 1265 columns, and 116570 nonzeros.
Reduced MIP has 929 binaries, 0 generals, 0 SOSs, and 0 indicators.
Presolve time = 0.35 sec. (241.42 ticks)
Probing fixed 31 vars, tightened 41 bounds.
Probing time = 0.22 sec. (143.76 ticks)
Tried aggregator 1 time.
Detecting symmetries...
MIP Presolve eliminated 165 rows and 31 columns.
MIP Presolve modified 1205 coefficients.
Reduced MIP has 15340 rows, 1234 columns, and 115254 nonzeros.
Reduced MIP has 898 binaries, 0 generals, 0 SOSs, and 0 indicators.
Presolve time = 0.12 sec. (74.20 ticks)
Probing time = 0.01 sec. (7.52 ticks)
Clique table members: 10786.
MIP emphasis: balance optimality and feasibility.
MIP search method: dynamic search.
Parallel mode: none, using 1 thread.
Root relaxation solution time = 0.07 sec. (63.91 ticks)

        Nodes                                         Cuts/
   Node  Left     Objective  IInf  Best Integer    Best Bound    ItCnt     Gap

      0     0      279.8358   237                    279.8358      539         
      0     0      279.8358   103                   Cuts: 346      897         
      0     0      279.8358   123                   Cuts: 872     1649         
      0     0      279.8400   146                  Cuts: 1280     3128         
Detecting symmetries...
      0     2      279.8400   146                    279.8400     3128         
Elapsed time = 9.08 sec. (7612.42 ticks, tree = 0.01 MB, solutions = 0)
      3     5      280.0023   130                    279.8416     3755         
      7     9      279.8484   125                    279.8503     5052         
      9    11      282.7072   100                    279.8537     6530         
     13    15      280.8385   105                    279.8544     7091         
     22    24      280.4400   104                    279.8544     8317         
     30    32      286.3487    65                    279.8544     9482         
     40    42      281.0789    69                    279.8544    10445         
     50    50      285.1525    61                    279.8544    11481         
     60    58      281.9100    61                    279.8544    11888         
    120   112      284.3078    25                    279.8544    15584         
Elapsed time = 12.92 sec. (11312.66 ticks, tree = 0.65 MB, solutions = 0)
    160   134      293.6918    91                    279.8657    19481         
    180   152      286.2386   109                    279.8657    23088         
    198   166      283.9645   101                    279.8657    27529         
    213   179      288.7314   102                    279.8657    31432         
    239   203      281.3903    67                    279.8657    35198         
    268   228      280.0640    61                    279.8657    39941         
    288   244      287.0717    64                    279.8657    45023         
    304   258      281.8917    56                    279.8657    48532         
    320   274      280.0686    53                    279.8657    51513         
    339   293      282.6449    73                    279.8657    54920         
Elapsed time = 24.11 sec. (22809.81 ticks, tree = 8.15 MB, solutions = 0)
    356   310      280.6362    51                    279.8657    58970         
    372   326      281.3875    48                    279.8657    62725         
    386   336    infeasible                          279.8657    67513         
    406   356      280.5325    47                    279.8657    71237         
    420   370      284.0655    65                    279.8657    76215         
    440   389      280.1924    51                    279.8657    79404         
    459   400      282.6391    42                    279.8657    83631         
    477   412    infeasible                          279.8657    88114         

Performing restart 1

Repeating presolve.
Tried aggregator 1 time.
Reduced MIP has 15340 rows, 1234 columns, and 115254 nonzeros.
Reduced MIP has 898 binaries, 0 generals, 0 SOSs, and 0 indicators.
Presolve time = 0.05 sec. (38.68 ticks)
Tried aggregator 1 time.
Reduced MIP has 15340 rows, 1234 columns, and 115254 nonzeros.
Reduced MIP has 898 binaries, 0 generals, 0 SOSs, and 0 indicators.
Presolve time = 0.10 sec. (49.91 ticks)
Represolve time = 0.33 sec. (208.26 ticks)
    493     0      279.8560   149                  Cuts: 1652    93495         
    493     0      279.8903   250                   Cuts: 879    94293         
    493     0      279.9089   233                  Cuts: 2767    94754         
    493     0      279.9204   215                  Cuts: 1985    95351         
    493     0      279.9212   191                  Cuts: 1995    95667         
    493     0      279.9216   202                  Cuts: 1762    95903         
    493     0      279.9236   274                  Cuts: 2400    96377         
    493     0      279.9306   120                  Cuts: 3935    96781         
    493     0      279.9641   188                  Cuts: 1609    97245         
    493     0      279.9654   293                  Cuts: 1553    97608         
    493     0      279.9670   182                  Cuts: 1800    97894         
    493     0      279.9713   330                  Cuts: 1241    98242         
    493     0      279.9854   178                  Cuts: 2139    98563         
    493     0      279.9920   241                  Cuts: 1554    98941         
    493     0      279.9958   165                  Cuts: 2789    99327         
    493     0      279.9970   269                  Cuts: 2146    99746         
    493     0      280.0008   230                  Cuts: 2013   100194         
    493     0      280.0048   230                  Cuts: 1123   100690         
    493     2      280.0048   283                    280.0048   100690         
    494     3      280.0048   281                    280.0048   100691         
Elapsed time = 69.44 sec. (61445.67 ticks, tree = 0.01 MB, solutions = 0)
    495     4      280.0048   280                    280.0048   100692         
    496     5      280.0048   277                    280.0048   100696         
    498     7      280.0048   275                    280.0048   100698         
    503    12      280.0048   208                    280.0048   100733         
    512    21      280.3375   163                    280.0048   101302         
    516    25      280.0119   162                    280.0048   101429         
    527    36      280.2391   136                    280.0048   102817         
    535    44      280.5017    71                    280.0048   104379         
    540    49      280.5600   142                    280.0048   104611         
    553    62      280.8998   104                    280.0048   105841         
Elapsed time = 85.94 sec. (79452.46 ticks, tree = 1.18 MB, solutions = 0)
    565    74      281.2653    60                    280.0048   106617         
    583    92      281.5327    47                    280.0048   108149         
    599   108      285.7662    34                    280.0048   109895         
    612   121      286.3754    43                    280.0048   111483         
    634   143      287.5398    20                    280.0048   112587         
    639   144      282.8494    71                    280.0060   114583         
    640   145      290.5185    98                    280.0060   115758         
    644   149      282.8494    76                    280.0060   116916         
    648   153      282.8997    99                    280.0060   118928         
    651   156      286.6680    70                    280.0060   120713         
Elapsed time = 97.90 sec. (92265.94 ticks, tree = 2.81 MB, solutions = 0)
    657   162      283.1164    64                    280.0060   122002         
    661   166      283.1426    90                    280.0060   123578         
    678   183      284.8236    60                    280.0060   126121         
    692   197      285.0764    63                    280.0060   127785         
    721   224      290.3693    28                    280.0060   130247         
    738   235      292.2647   117                    280.0145   134364         
    746   243      293.3859    98                    280.0145   135923         
    758   255      293.3960    82                    280.0145   137087         
    773   270      299.7648    77                    280.0145   138650         
    794   291      303.4009    83                    280.0145   140639         
Elapsed time = 108.76 sec. (103775.07 ticks, tree = 3.17 MB, solutions = 0)
    817   314      303.7771    51                    280.0145   142789         
    841   334      281.4628    82                    280.0248   146289         
    850   343      281.7175   114                    280.0248   148435         
    853   346      281.7201    87                    280.0248   148889         
    863   356      283.5605    91                    280.0248   150920         
    873   366      283.9270    71                    280.0248   152882         
    881   374      286.2908    73                    280.0248   155063         
    918   411      292.6137    39                    280.0248   157910         
    923   412      286.3587    78                    280.0383   160727         
    926   415      286.3587    81                    280.0383   161770         
Elapsed time = 120.21 sec. (115654.64 ticks, tree = 3.61 MB, solutions = 0)
    933   422      287.2405    85                    280.0383   164264         
    945   434      302.7643    92                    280.0383   167288         
    950   439      294.3631    80                    280.0383   169509         
    957   446      289.8362    84                    280.0383   172651         
    972   461      292.1881    92                    280.0383   175222         
    976   465      292.2790    84                    280.0383   176377         
    981   470      291.4088    67                    280.0383   179175         
    989   478      292.2729    90                    280.0383   182293         
   1011   500      292.5748    51                    280.0383   185265         
   1031   520      294.7718    38                    280.0383   188634         
Elapsed time = 131.73 sec. (127346.40 ticks, tree = 4.16 MB, solutions = 0)
   1055   538      280.8353   141                    280.0383   191366         
   1086   569      286.4674    67                    280.0383   194437         
   1117   600      289.1094    47                    280.0383   197966         
   1155   634      280.4921    77                    280.0388   200812         
   1173   652      280.6183   116                    280.0388   203355         
   1220   691      280.0558   117                    280.0396   206501         
   1263   734      284.7032    66                    280.0396   208380         
   1280   748      295.2426   103                    280.0524   211650         
   1321   789      299.0209    74                    280.0524   214227         
   1352   818      303.1640    42                    280.0524   217845         
Elapsed time = 141.72 sec. (137368.77 ticks, tree = 4.94 MB, solutions = 0)
   1373   832      280.7126    73                    280.0582   220174         
   1407   866      289.4017    37                    280.0582   222855         
   1412   867      280.2897   104                    280.0600   225199         
   1425   880      282.0345    91                    280.0600   228081         
   1445   900      286.0314    81                    280.0600   231064         
   1457   912      285.6570    70                    280.0600   234079         

Performing restart 2

Repeating presolve.
Tried aggregator 1 time.
MIP Presolve eliminated 6 rows and 0 columns.
MIP Presolve modified 55 coefficients.
Reduced MIP has 15334 rows, 1234 columns, and 120598 nonzeros.
Reduced MIP has 898 binaries, 0 generals, 0 SOSs, and 0 indicators.
Presolve time = 0.14 sec. (100.24 ticks)
Tried aggregator 1 time.
Reduced MIP has 15334 rows, 1234 columns, and 120598 nonzeros.
Reduced MIP has 898 binaries, 0 generals, 0 SOSs, and 0 indicators.
Presolve time = 0.09 sec. (54.14 ticks)
Represolve time = 0.56 sec. (321.26 ticks)
   1479     0      280.0081   245                  Cuts: 3355   238865         
   1479     0      280.0083   242                  Cuts: 1804   239227         
   1479     0      280.0127   214                  Cuts: 3933   239567         
   1479     0      280.0186   190                  Cuts: 1597   240244         
   1479     0      280.0194   202                  Cuts: 2456   240896         
   1479     0      280.0202   166                  Cuts: 1527   241448         
   1479     0      280.0203   182                  Cuts: 3933   241792         
   1479     0      280.0273   202                   Cuts: 747   242180         
   1479     0      280.0282   206                  Cuts: 3712   242535         
   1479     0      280.0282   205                  Cuts: 2077   242905         
   1479     0      280.0338   206                  Cuts: 2943   243262         
   1479     0      280.0358   201                  Cuts: 3728   243565         
   1479     2      280.0358   141                    280.0600   243565         
   1480     3      280.0359   140                    280.0600   243566         
   1485     8      283.5349   130                    280.0600   244018         
   1490    13      284.6620    94                    280.0600   248016         
Elapsed time = 239.35 sec. (225516.95 ticks, tree = 0.03 MB, solutions = 0)
   1517    40      280.2481   101                    280.0600   249440         
   1556    79      284.6616    58                    280.0600   254078         
   1606   120      283.7455    90                    280.0600   257076         
   1631   145      288.2986    73                    280.0600   263341         
   1695   203      280.8496    96                    280.0600   269416         
   1799   292      286.2696    84                    280.0600   277477         
   1855   348      296.9352    37                    280.0600   283592         
   1935   419      285.9027    53                    280.0600   292310         
   1995   471      304.5078    94                    280.0600   300346         
   2061   529      282.7411    63                    280.0607   311102         
Elapsed time = 279.92 sec. (267090.53 ticks, tree = 5.59 MB, solutions = 0)
   2179   641      281.6074    60                    280.0645   320065         
   2219   675      288.6044    71                    280.0645   326176         
   2295   741      301.8338    69                    280.0761   336258         
   2353   795      295.3887    56                    280.0764   345833         
   2454   885      300.1577    57                    280.0896   356776         
   2565   980      283.7094   135                    280.0927   366301         
   2647  1052      282.6638    66                    280.0980   378113         
   2759  1148      280.5915    58                    280.1005   389769         
   2897  1278      285.9501    54                    280.1078   399807         
   2999  1368      294.9143    65                    280.1098   410000         
Elapsed time = 320.82 sec. (305609.93 ticks, tree = 7.53 MB, solutions = 0)
   3111  1464      305.1706    42                    280.1105   422553         
   3215  1552      282.5807    56                    280.1157   433932         
   3328  1653      280.6872    83                    280.1189   447244         
   3427  1742      285.7253    53                    280.1326   458227         
   3537  1842      284.5069    61                    280.1346   470133         
   3684  1975      281.1324    82                    280.1384   480596         
   3828  2103      280.2041    77                    280.1427   490738         
   3909  2176      292.1119    68                    280.1449   501077         
   4069  2320      280.8407    49                    280.1550   511659         
   4197  2432      288.1219    88                    280.1665   522003         
Elapsed time = 375.78 sec. (344322.77 ticks, tree = 10.18 MB, solutions = 0)
   4310  2537      282.8646    72                    280.1713   535102         
   4416  2631      285.3547    60                    280.1767   548615         
   4556  2753      280.6910    72                    280.1793   561602         
   4690  2877      281.2556    54                    280.1832   572707         
   4792  2965      280.5370    62                    280.1870   586263         
   4925  3078      286.2846    47                    280.1950   597845         
   5049  3174      282.2347    44                    280.2001   610899         
   5189  3296      287.1561    69                    280.2044   622720         
   5283  3370      282.9153    86                    280.2119   631820         
   5338  3425      287.8679    56                    280.2119   642479         
Elapsed time = 450.34 sec. (383108.23 ticks, tree = 12.58 MB, solutions = 0)
   5464  3529      294.3859    49                    280.2149   655014         
   5600  3651      289.3296    77                    280.2191   663453         
   5739  3774      283.0861    47                    280.2213   673861         
   5854  3867    infeasible                          280.2233   685966         
   5979  3965      280.2447   104                    280.2281   696682         
   6108  4080      280.7085    86                    280.2281   707841         
   6210  4174      281.1985    66                    280.2341   719522         
   6334  4280      280.4172    89                    280.2365   731509         
   6456  4382      280.6480    59                    280.2377   743217         
   6579  4499      285.7005    56                    280.2377   756862         
Elapsed time = 514.96 sec. (421686.00 ticks, tree = 15.43 MB, solutions = 0)
   6679  4587      281.0131    55                    280.2409   771084         
   6806  4684      281.0817    69                    280.2436   783264         
   6936  4800      288.2251    51                    280.2441   796663         
   7074  4922      282.7454    61                    280.2510   808156         
   7211  5029      280.5186    61                    280.2532   820976         
   7310  5112      285.0869    61                    280.2535   834135         
   7431  5225      284.1704    71                    280.2536   846802         
   7565  5345      286.5484    41                    280.2549   854795         
   7689  5449      286.4743    49                    280.2559   865990         
   7831  5575      285.4996    57                    280.2592   879497         
Elapsed time = 576.39 sec. (460062.07 ticks, tree = 17.91 MB, solutions = 0)
   7952  5670      283.0085    69                    280.2635   893079         
   8095  5795      283.5222    70                    280.2647   904152         
   8189  5881      281.7650    67                    280.2656   917819         
   8295  5967      292.1308    71                    280.2670   931742         
   8380  6032      287.8217    69                    280.2679   947346         
   8552  6186      297.8189    12                    280.2689   958828         
   8687  6309      289.9790    35                    280.2701   970298         
   8795  6405      281.3431    62                    280.2714   983137         
   8909  6503      286.0898    70                    280.2724   997241         
   9066  6638      281.8949    74                    280.2735  1008882         
Elapsed time = 648.12 sec. (498709.07 ticks, tree = 21.43 MB, solutions = 0)
   9182  6740      283.0598    68                    280.2747  1021259         
   9300  6834      284.0164    37                    280.2760  1033703         
   9407  6927      281.0178    70                    280.2772  1045380         
   9534  7042      282.9932    59                    280.2790  1057138         
   9675  7167      282.2767    71                    280.2812  1069807         
   9818  7290      282.2617    52                    280.2817  1081941         
   9948  7406      283.9311    68                    280.2832  1093100         
  10083  7519      282.1676    45                    280.2852  1104810         
  10220  7640      284.8286    57                    280.2863  1117280         
  10345  7753      282.1847    58                    280.2879  1129766         
Elapsed time = 700.67 sec. (537098.36 ticks, tree = 24.83 MB, solutions = 0)
  10467  7855      287.4920    53                    280.2889  1143545         
  10557  7937      290.3831    32                    280.2900  1155309         
  10706  8066      289.6295    27                    280.2909  1166096         
  10840  8180      289.2496    27                    280.2928  1178061         
  10969  8295      287.8114    37                    280.2945  1190229         
  11117  8423      282.6556    57                    280.2952  1200381         
  11250  8543      293.2637    42                    280.2971  1211563         
  11365  8636      292.6370    49                    280.2992  1224253         
  11485  8738      301.4530    65                    280.3003  1234907         
  11602  8839      287.2909    66                    280.3016  1245481         
Elapsed time = 766.81 sec. (575467.70 ticks, tree = 27.78 MB, solutions = 0)
  11749  8959      280.9044    53                    280.3024  1259048         
  11871  9061    infeasible                          280.3027  1273351         
  11980  9156      299.1001    58                    280.3045  1286434         
  12118  9274      284.4536    77                    280.3052  1299492         
  12246  9380    infeasible                          280.3062  1312445         
  12379  9485      285.2980    57                    280.3080  1323017         
  12497  9593      294.6428    49                    280.3083  1334799         
  12641  9715      289.0825    57                    280.3097  1347191         
  12775  9825      281.3197    59                    280.3119  1358864         
  12879  9911      294.2491    42                    280.3125  1374434         
Elapsed time = 817.70 sec. (613920.13 ticks, tree = 30.37 MB, solutions = 0)
  13037 10043      296.1312    10                    280.3135  1385833         
  13192 10177      284.9846    54                    280.3145  1397148         
  13304 10265      282.9352    65                    280.3157  1410673         
  13468 10398      280.6578    45                    280.3180  1422197         
  13552 10466      297.1413    47                    280.3189  1437744         
  13708 10600      295.1174    38                    280.3198  1447921         
  13850 10714      289.0713    52                    280.3216  1459879         
  13918 10776      283.8498    84                    280.3216  1474355         
  13999 10847      284.2670    82                    280.3218  1487106         
  14132 10962      285.7937    55                    280.3224  1499916         
Elapsed time = 858.64 sec. (652280.21 ticks, tree = 32.91 MB, solutions = 0)
  14240 11052      287.2245    62                    280.3240  1513645         
  14369 11147      280.8212    62                    280.3253  1526665         
  14481 11241      280.4538    80                    280.3271  1539049         
  14621 11361      305.9225    19                    280.3275  1551587         
  14728 11446      280.5784    56                    280.3286  1565212         
  14860 11558    infeasible                          280.3302  1576705         
  14979 11655      287.4370    60                    280.3328  1590566         
  15072 11726      295.6117    74                    280.3344  1606941         
  15131 11771      280.3400    67                    280.3345  1618495         
  15247 11865      281.3789    55                    280.3365  1632553         
Elapsed time = 900.83 sec. (690864.19 ticks, tree = 35.10 MB, solutions = 0)
  15390 11986      286.0926    47                    280.3378  1644480         
  15497 12073      284.4182    74                    280.3385  1657250         
  15624 12184      293.0244    39                    280.3391  1669342         
  15759 12305      283.1836    67                    280.3409  1682071         
  15867 12399      289.0136    78                    280.3417  1693529         
  15959 12481      299.2256    41                    280.3418  1708314         
  16039 12549      285.9022    55                    280.3425  1721822         
  16197 12683      287.1876    58                    280.3435  1732952         
  16313 12785      292.4645    20                    280.3437  1745965         
  16459 12907    infeasible                          280.3443  1758732         
Elapsed time = 946.39 sec. (729225.24 ticks, tree = 37.85 MB, solutions = 0)
  16616 13038      280.4913    47                    280.3461  1769804         
  16768 13166    infeasible                          280.3474  1781857         
  16908 13276      281.7249    65                    280.3501  1793972         
  17045 13397      284.3650    55                    280.3514  1805667         
  17207 13531      282.5379    55                    280.3528  1817739         
  17365 13652      280.8829    50                    280.3545  1829248         
  17518 13779      289.4137    19                    280.3557  1840741         
  17647 13884      292.0903    33                    280.3593  1853685         
  17810 14025      284.3876    47                    280.3601  1863391         
  17932 14135      310.3254    48                    280.3613  1875399         
Elapsed time = 992.77 sec. (767562.50 ticks, tree = 40.81 MB, solutions = 0)
  18064 14243      284.0214    47                    280.3628  1889510         
  18220 14377      293.3624    38                    280.3629  1901061         
  18353 14492      290.3692    39                    280.3631  1913364         
  18494 14603      297.2371    46                    280.3659  1926207         
  18629 14719      290.5928    44                    280.3681  1938623         
  18772 14826      284.2282    73                    280.3696  1951448         
  18902 14936      280.4499    72                    280.3711  1962323         
  19008 15024      281.2127    52                    280.3713  1975047         
  19138 15132      280.3752    64                    280.3724  1987780         
  19274 15248      281.9160    47                    280.3733  2000291         
Elapsed time = 1038.28 sec. (805885.38 ticks, tree = 43.50 MB, solutions = 0)
  19396 15350      284.8457    62                    280.3742  2012472         
  19511 15438      282.9510    55                    280.3749  2023738         
  19614 15523    infeasible                          280.3760  2037606         
  19759 15640      282.5128    45                    280.3770  2049583         
  19894 15739      283.6602    55                    280.3786  2063208         
  20034 15855      280.4887    84                    280.3812  2076147         
  20158 15957      282.6534    61                    280.3820  2089622         
  20294 16067      280.3834    87                    280.3834  2101244         
  20441 16192      288.0497    66                    280.3843  2113169         
  20578 16303      287.4568    56                    280.3850  2124642         
Elapsed time = 1083.67 sec. (844297.96 ticks, tree = 46.05 MB, solutions = 0)
  20735 16432      281.2903    69                    280.3858  2134637         
  20868 16547      292.6557    51                    280.3874  2146162         
  20998 16651      282.6218    54                    280.3890  2160162         
  21138 16757      280.3968    48                    280.3907  2171632         
  21279 16874      281.8413    51                    280.3916  2184666         
  21409 16981      281.5099    53                    280.3916  2197556         
  21492 17042      288.2352    63                    280.3916  2212175         
  21599 17131      280.6935    57                    280.3916  2225907         
  21706 17226      285.3711    73                    280.3917  2238346         
  21850 17348      285.9082    59                    280.3923  2250415         
Elapsed time = 1129.40 sec. (882701.84 ticks, tree = 49.26 MB, solutions = 0)
  21954 17440      288.9951    47                    280.3925  2265731         
  22078 17536      283.2597    62                    280.3929  2279323         
  22182 17624      282.2477    77                    280.3937  2292425         
  22305 17719      298.7302    36                    280.3941  2304239         
  22444 17841      283.1616    57                    280.3950  2315907         
  22568 17943      280.7408    64                    280.3955  2328672         
  22662 18021      290.2762    62                    280.3962  2341998         
  22755 18088      291.9856    69                    280.3963  2354649         
  22857 18158    infeasible                          280.3963  2367848         
  22983 18244    infeasible                          280.3968  2380961         
Elapsed time = 1175.16 sec. (921197.46 ticks, tree = 51.43 MB, solutions = 0)
  23070 18311      282.7408    49                    280.3980  2393699         
  23169 18394      280.4352    79                    280.3985  2406916         
  23253 18470      287.1591    70                    280.3988  2420463         
  23379 18568      286.1565    66                    280.3994  2433335         
  23517 18686      288.3212    54                    280.3998  2445767         
  23610 18753      285.5732    50                    280.4001  2460487         
  23762 18879      282.2507    61                    280.4007  2473033         
  23858 18951      294.4180    47                    280.4009  2486522         
  23945 19014      298.0022    22                    280.4022  2499039         
  24050 19095      280.7262    63                    280.4041  2511881         
Elapsed time = 1220.50 sec. (959642.78 ticks, tree = 53.50 MB, solutions = 0)
  24152 19177      280.4065    76                    280.4054  2526201         
  24257 19262      289.8553    56                    280.4063  2540451         
  24387 19366      282.9628    75                    280.4072  2552880         
  24498 19461      281.0432    64                    280.4078  2567048         
  24634 19568      283.8274    58                    280.4100  2579357         
  24783 19689      292.4909   105                    280.4123  2593823         
  24861 19755      295.5270    33                    280.4125  2608717         
  24991 19855      283.0940    57                    280.4132  2620967         
  25072 19916      287.3955    62                    280.4140  2635274         
  25167 19991      281.0627    62                    280.4145  2649613         
Elapsed time = 1266.42 sec. (998493.22 ticks, tree = 55.56 MB, solutions = 0)
  25265 20071      287.5532    50                    280.4154  2663325         
  25377 20161      280.6006    51                    280.4160  2676175         
  25485 20255      288.4609    23                    280.4166  2689418         
  25619 20365      281.9588    45                    280.4180  2701791         
  25755 20477      281.7691    76                    280.4184  2714066         
  25855 20567      294.4375    63                    280.4186  2727464         
  25985 20675      280.8946    49                    280.4195  2739868         
  26092 20766      281.9708    55                    280.4199  2754759         
  26185 20840      287.6144    69                    280.4208  2768726         
  26296 20919      282.9289    82                    280.4221  2779994         
Elapsed time = 1312.10 sec. (1036838.66 ticks, tree = 57.81 MB, solutions = 0)
  26420 21031      291.5309    32                    280.4226  2793500         
  26560 21145      280.4490    78                    280.4231  2805891         
  26698 21253      280.5973    65                    280.4250  2818875         
  26808 21347      285.5934    51                    280.4259  2833245         
  26953 21464      283.4041    53                    280.4273  2844214         
  27092 21589      293.8364    33                    280.4276  2857111         
  27209 21686      288.6010    69                    280.4281  2869917         
  27345 21794    infeasible                          280.4288  2881862         
  27442 21867      281.9896    71                    280.4300  2896072         
  27575 21974      283.2988    51                    280.4321  2909252         
Elapsed time = 1356.55 sec. (1075072.85 ticks, tree = 60.37 MB, solutions = 0)
  27707 22081      282.8190    55                    280.4338  2923085         
  27822 22172      284.3547    82                    280.4346  2937717         
  27943 22269      282.0364    64                    280.4356  2950608         
  28055 22361      297.7736    60                    280.4357  2964606         
  28145 22431      288.3313    55                    280.4363  2979391         
  28279 22537      280.6818    56                    280.4365  2992039         
  28409 22641      286.1291    41                    280.4371  3004619         
  28552 22756      284.6350    55                    280.4374  3017455         
  28662 22846      288.1775    61                    280.4380  3030416         
  28776 22942      280.4398   100                    280.4387  3045298         
Elapsed time = 1398.44 sec. (1113425.10 ticks, tree = 62.73 MB, solutions = 0)
  28912 23050      282.0727    50                    280.4401  3058597         
  29025 23134      284.0328    53                    280.4404  3073617         
  29125 23224      290.1795    49                    280.4405  3086567         
  29267 23338    infeasible                          280.4411  3099615         
  29354 23409      283.0127    53                    280.4416  3113846         
  29465 23500      285.4019    54                    280.4427  3127228         
  29545 23558      282.6657    54                    280.4429  3141560         
  29659 23650      284.0587    68                    280.4441  3155314         
  29780 23745      284.7127    41                    280.4454  3169172         
  29896 23837      280.5805    53                    280.4461  3183134         
Elapsed time = 1438.03 sec. (1151865.25 ticks, tree = 64.90 MB, solutions = 0)
  29999 23928      281.9825    60                    280.4464  3198074         
  30111 24015      293.2794    25                    280.4467  3212927         
  30240 24122    infeasible                          280.4479  3225481         
  30387 24241      281.0181    83                    280.4486  3237156         
  30490 24332      286.6643    47                    280.4488  3251114         
  30611 24429      285.2798    37                    280.4495  3263552         
  30723 24515      281.8002    72                    280.4498  3276428         
  30876 24644      283.6467    56                    280.4508  3289905         
  30991 24742      282.8387    52                    280.4510  3304178         
  31118 24850      280.8981    74                    280.4513  3317005         
Elapsed time = 1482.94 sec. (1190290.33 ticks, tree = 67.24 MB, solutions = 0)
  31249 24962      289.8604    32                    280.4514  3330899         
  31370 25059      282.0953    66                    280.4518  3346229         
  31447 25118      281.3249    50                    280.4520  3360950         
  31514 25169      291.6257    62                    280.4525  3376260         
  31613 25250    infeasible                          280.4529  3390219         
  31715 25326    infeasible                          280.4535  3404165         
  31827 25410      289.2907    46                    280.4539  3417802         
  31942 25497      280.8811    53                    280.4552  3430607         
  32073 25610      304.9355     6                    280.4555  3444256         
  32194 25707      288.7957    49                    280.4565  3457821         
Elapsed time = 1527.98 sec. (1228774.77 ticks, tree = 69.33 MB, solutions = 0)
  32316 25811      280.7310    63                    280.4573  3470289         
  32435 25918      286.5553    65                    280.4573  3483842         
  32562 26019      287.0359    48                    280.4586  3497477         
  32660 26101      285.0829    59                    280.4593  3511499         
  32747 26178      282.2082    45                    280.4594  3525563         
  32853 26262      284.0013    36                    280.4610  3539024         
  32966 26357      285.4739    80                    280.4616  3552236         
  33068 26429      292.8685    43                    280.4624  3566052         
  33187 26528      289.8284    34                    280.4639  3579874         
  33302 26615      285.5667    46                    280.4651  3592937         
Elapsed time = 1572.90 sec. (1267129.58 ticks, tree = 71.66 MB, solutions = 0)
  33442 26719      288.6957    53                    280.4655  3605474         
  33560 26809      286.2825    68                    280.4659  3619686         
  33713 26942      281.0165    60                    280.4662  3632478         
  33843 27042      280.4675   120                    280.4672  3644524         
  33957 27135      286.6132    50                    280.4680  3658490         
  34049 27213      283.3173    63                    280.4687  3673556         
  34190 27332      281.9785    61                    280.4699  3685311         
  34303 27421      283.7771    56                    280.4707  3699297         
  34398 27498      286.8956    39                    280.4709  3714454         
  34521 27591      280.4798    78                    280.4716  3727403         
Elapsed time = 1618.52 sec. (1305592.67 ticks, tree = 74.16 MB, solutions = 0)
  34627 27685      306.1775    65                    280.4718  3739891         
  34742 27768      283.9409    54                    280.4728  3753590         
  34824 27836      288.6007    67                    280.4733  3768272         
  34953 27939      280.4763    85                    280.4738  3780818         
  35084 28058      289.2749    23                    280.4739  3794413         
  35195 28150      288.5424    41                    280.4744  3806904         
  35305 28244      281.9856    51                    280.4748  3818404         
  35428 28349    infeasible                          280.4753  3831402         
  35539 28440      280.8195   128                    280.4763  3843016         
  35615 28503      286.5189    70                    280.4766  3856563         
Elapsed time = 1663.82 sec. (1344014.24 ticks, tree = 76.62 MB, solutions = 0)
  35710 28580      283.1033    65                    280.4766  3870789         
  35810 28666      283.4216    60                    280.4767  3884245         
  35922 28752      286.0833    55                    280.4773  3898082         
  36064 28864      293.5312    58                    280.4785  3911070         
  36182 28966      282.6986    60                    280.4791  3923403         
  36307 29065      291.4604    73                    280.4803  3937628         
  36404 29152      286.3612    52                    280.4803  3952514         
  36569 29291      280.5243    99                    280.4810  3965072         
  36678 29384      287.6978    46                    280.4813  3979141         
  36769 29441      284.8568    44                    280.4821  3993112         
Elapsed time = 1709.06 sec. (1382580.61 ticks, tree = 79.15 MB, solutions = 0)
  36886 29536    infeasible                          280.4828  4007738         
  36985 29611      283.8124    61                    280.4830  4021726         
  37107 29715      280.5629   112                    280.4835  4035020         
  37243 29839      285.8455    47                    280.4837  4046653         
  37350 29930      293.4325    48                    280.4838  4061166         
* 37383 29245      integral     0      303.4814      280.4838  4063236    7.58%
  37483 29327      300.1327    51      303.4814      280.4841  4074019    7.58%
  37605 29433      280.9226    81      303.4814      280.4843  4087952    7.58%
  37766 29572      289.3672    25      303.4814      280.4849  4097825    7.58%
  37925 29701      284.1935    54      303.4814      280.4854  4108763    7.58%
  38051 29800      290.9813    54      303.4814      280.4856  4121798    7.58%
Elapsed time = 1754.68 sec. (1420984.23 ticks, tree = 79.93 MB, solutions = 1)
  38208 29927      280.5522    67      303.4814      280.4867  4132889    7.58%
  38311 30005      289.1734    61      303.4814      280.4873  4146180    7.58%
  38437 30109      298.8717    54      303.4814      280.4877  4159013    7.58%
  38570 30206      281.2356    43      303.4814      280.4881  4172395    7.58%
  38700 30310      282.1036    69      303.4814      280.4891  4184127    7.58%
  38844 30426      285.5973    43      303.4814      280.4896  4196530    7.58%
  38969 30528      287.6323    30      303.4814      280.4906  4210369    7.58%
  39106 30643      282.7126    64      303.4814      280.4913  4222594    7.58%
  39213 30742      280.7805    58      303.4814      280.4917  4237075    7.58%
  39343 30848      289.5562    15      303.4814      280.4921  4250522    7.58%
Elapsed time = 1800.97 sec. (1459576.91 ticks, tree = 82.48 MB, solutions = 1)
  39451 30939      287.9110    45      303.4814      280.4921  4265072    7.58%
  39479 30955      281.0333    64      303.4814      280.4924  4271582    7.58%
  39606 31066      287.1531    72      303.4814      280.4926  4284718    7.58%
  39752 31188      286.3457    72      303.4814      280.4929  4296122    7.57%
  39873 31287      282.0690    62      303.4814      280.4942  4309343    7.57%
  40020 31412      281.8068    74      303.4814      280.4946  4321958    7.57%
  40172 31534      291.5382    55      303.4814      280.4953  4333947    7.57%
  40312 31633      281.6098    52      303.4814      280.4970  4348120    7.57%
  40397 31709      302.6650    51      303.4814      280.4971  4361607    7.57%
  40487 31773      288.6911    32      303.4814      280.4980  4377265    7.57%
Elapsed time = 1846.26 sec. (1498018.62 ticks, tree = 84.74 MB, solutions = 1)
  40594 31864      290.6292    54      303.4814      280.4982  4391182    7.57%
  40750 31998      283.5289    56      303.4814      280.4986  4402794    7.57%
  40902 32118      280.9604    63      303.4814      280.4999  4415999    7.57%
  41036 32230      284.1635    46      303.4814      280.5008  4429743    7.57%
  41160 32326      291.9886    48      303.4814      280.5011  4442088    7.57%
  41288 32431      298.9099    47      303.4814      280.5013  4456101    7.57%
  41415 32533      294.7914    49      303.4814      280.5024  4470898    7.57%
  41517 32615      282.5650    70      303.4814      280.5026  4484350    7.57%
  41617 32693      281.6803    54      303.4814      280.5030  4497883    7.57%
  41718 32768      280.7035    60      303.4814      280.5038  4512930    7.57%
Elapsed time = 1891.35 sec. (1536458.47 ticks, tree = 87.16 MB, solutions = 1)
  41863 32891      280.7040    64      303.4814      280.5043  4524556    7.57%
  41971 32978      280.5050    89      303.4814      280.5048  4536847    7.57%
  42135 33118      287.9901    75      303.4814      280.5057  4549069    7.57%
  42236 33193      299.4574    69      303.4814      280.5063  4563876    7.57%
  42423 33344      289.8600    12      303.4814      280.5067  4574526    7.57%
  42546 33453      302.6422    43      303.4814      280.5068  4587541    7.57%
  42685 33554      297.2647    19      303.4814      280.5077  4599656    7.57%
  42798 33641      284.2371    59      303.4814      280.5084  4613174    7.57%
  42923 33736      283.9773    63      303.4814      280.5095  4626177    7.57%
  43065 33853      302.3648    19      303.4814      280.5098  4639028    7.57%
Elapsed time = 1936.33 sec. (1574925.23 ticks, tree = 91.19 MB, solutions = 1)
  43197 33961      282.0815    72      303.4814      280.5103  4651118    7.57%
  43323 34061    infeasible            303.4814      280.5106  4663812    7.57%
  43462 34171      281.4770    69      303.4814      280.5117  4676549    7.57%
  43575 34266      292.4549    20      303.4814      280.5118  4690241    7.57%
  43682 34361      293.7806    57      303.4814      280.5122  4703728    7.57%
  43794 34453      280.8701    84      303.4814      280.5126  4716769    7.57%
  43908 34541      281.3598    65      303.4814      280.5135  4731092    7.57%
  44028 34642      281.8339    64      303.4814      280.5142  4743725    7.57%
  44146 34736      288.0924    36      303.4814      280.5147  4757895    7.57%
  44234 34796      282.7966    42      303.4814      280.5154  4773569    7.57%
Elapsed time = 1976.05 sec. (1613255.16 ticks, tree = 93.62 MB, solutions = 1)
  44327 34863      284.1838    78      303.4814      280.5160  4788472    7.57%
  44426 34936      284.0525    47      303.4814      280.5164  4802517    7.57%
  44530 35017      280.5171   109      303.4814      280.5171  4816802    7.57%
  44667 35131      281.1811   103      303.4814      280.5180  4829308    7.57%
  44805 35235      284.1664    41      303.4814      280.5186  4841669    7.57%
  44944 35350      290.8515    32      303.4814      280.5188  4854178    7.57%
  45072 35448      285.5736    42      303.4814      280.5196  4868180    7.57%
  45182 35543      289.0484    41      303.4814      280.5199  4880746    7.57%
  45302 35643      284.4367    43      303.4814      280.5208  4894155    7.57%
  45446 35763      281.5230    40      303.4814      280.5211  4905754    7.57%
Elapsed time = 2015.88 sec. (1651590.95 ticks, tree = 95.98 MB, solutions = 1)
* 45479+35778                          303.4104      280.5213             7.54%
  45515 35804      282.0549    73      303.4104      280.5214  4917142    7.54%
  45621 35882      280.6080    59      303.4104      280.5224  4931056    7.54%
  45724 35978      293.9814    62      303.4104      280.5228  4943652    7.54%
  45850 36072      285.4714    52      303.4104      280.5237  4956823    7.54%
  45976 36168      285.0611    54      303.4104      280.5244  4970378    7.54%
  46084 36256      283.6276    58      303.4104      280.5246  4984379    7.54%
  46221 36361      288.8664    59      303.4104      280.5249  4997091    7.54%
  46312 36438      288.5153    58      303.4104      280.5255  5009406    7.54%
  46430 36536      285.3967    54      303.4104      280.5257  5021802    7.54%
  46551 36629      281.8981    46      303.4104      280.5263  5030453    7.54%
Elapsed time = 2060.71 sec. (1690133.61 ticks, tree = 98.10 MB, solutions = 2)
  46683 36737      282.2850    63      303.4104      280.5271  5043011    7.54%
  46838 36868      282.8611    56      303.4104      280.5279  5055265    7.54%
  46979 36979      285.0364    56      303.4104      280.5283  5068753    7.54%
  47123 37093      281.1860    57      303.4104      280.5289  5081375    7.54%
  47260 37198      292.4474    46      303.4104      280.5293  5094709    7.54%
  47409 37323      284.3134    85      303.4104      280.5294  5107383    7.54%
  47486 37377      288.4009    54      303.4104      280.5303  5116495    7.54%
  47607 37468      288.4468    73      303.4104      280.5309  5131218    7.54%
  47755 37595      280.8009    62      303.4104      280.5313  5143436    7.54%
  47919 37739      287.8145    20      303.4104      280.5316  5154138    7.54%
Elapsed time = 2107.35 sec. (1728593.16 ticks, tree = 100.81 MB, solutions = 2)
  48050 37826      281.1473    69      303.4104      280.5325  5167449    7.54%
  48215 37961      280.6506    84      303.4104      280.5331  5178507    7.54%
  48338 38067      289.7664    67      303.4104      280.5335  5191671    7.54%
  48449 38151    infeasible            303.4104      280.5338  5206221    7.54%
  48528 38221      287.7818    86      303.4104      280.5338  5216701    7.54%
  48678 38341      282.7237    52      303.4104      280.5346  5229173    7.54%
  48783 38422      280.7527    90      303.4104      280.5349  5242900    7.54%
  48921 38532      281.2007    52      303.4104      280.5361  5256329    7.54%
  49050 38631      280.8354    59      303.4104      280.5367  5270098    7.54%
  49230 38796      292.9397    64      303.4104      280.5373  5281228    7.54%
Elapsed time = 2153.02 sec. (1767209.97 ticks, tree = 103.75 MB, solutions = 2)
  49389 38924      286.5517    65      303.4104      280.5377  5293828    7.54%
  49479 38998      281.5182    49      303.4104      280.5379  5305824    7.54%
  49605 39092      280.6630    73      303.4104      280.5386  5320877    7.54%
  49754 39215      280.9060    72      303.4104      280.5391  5333221    7.54%
  49859 39294    infeasible            303.4104      280.5397  5347148    7.54%
  49968 39375      280.6196    60      303.4104      280.5404  5360860    7.54%
  50094 39475      284.7760    62      303.4104      280.5407  5375259    7.54%
  50217 39581      280.6308    89      303.4104      280.5409  5388953    7.54%
  50347 39686      281.5412    54      303.4104      280.5411  5401785    7.54%
  50479 39794      282.0517    69      303.4104      280.5419  5411186    7.54%
Elapsed time = 2201.25 sec. (1808041.34 ticks, tree = 106.19 MB, solutions = 2)
  50627 39914      288.3304    14      303.4104      280.5421  5424167    7.54%
  50743 40004      285.4854    64      303.4104      280.5428  5438939    7.54%
  50883 40117      280.8111    59      303.4104      280.5433  5452938    7.54%
  51012 40205      291.8241    81      303.4104      280.5455  5466988    7.54%
  51107 40276      285.5930    53      303.4104      280.5460  5479039    7.54%
  51225 40368    infeasible            303.4104      280.5466  5492689    7.54%
  51331 40450    infeasible            303.4104      280.5468  5507668    7.54%
  51441 40533      282.9621    61      303.4104      280.5469  5523214    7.54%
  51517 40591      286.1675    45      303.4104      280.5472  5532251    7.54%
  51680 40728      283.3226    53      303.4104      280.5478  5543210    7.54%
Elapsed time = 2246.83 sec. (1846504.96 ticks, tree = 114.65 MB, solutions = 2)
  51849 40859      282.1708    41      303.4104      280.5483  5555424    7.54%
  51920 40916      297.5284    48      303.4104      280.5486  5568330    7.53%
  52088 41047      280.6041    85      303.4104      280.5491  5579479    7.53%
  52201 41135      280.7039    49      303.4104      280.5497  5594839    7.53%
  52345 41249      283.8110    47      303.4104      280.5501  5606689    7.53%
  52473 41345      289.4872    24      303.4104      280.5502  5619363    7.53%
  52593 41439      287.2346    23      303.4104      280.5507  5631292    7.53%
  52679 41509      288.7329    49      303.4104      280.5509  5644672    7.53%
  52813 41623      289.1307    51      303.4104      280.5510  5657928    7.53%
  52940 41726      291.1754    53      303.4104      280.5518  5671434    7.53%
Elapsed time = 2292.14 sec. (1884957.20 ticks, tree = 118.06 MB, solutions = 2)
  53095 41861    infeasible            303.4104      280.5529  5683706    7.53%
  53254 41997      280.7616    72      303.4104      280.5532  5695448    7.53%
  53363 42084      282.0937    46      303.4104      280.5536  5708641    7.53%
  53503 42190        cutoff            303.4104      280.5537  5721652    7.53%
  53642 42305      284.9887    53      303.4104      280.5545  5734493    7.53%
  53808 42446      283.4051    76      303.4104      280.5548  5745924    7.53%
  53950 42553      282.9043    59      303.4104      280.5554  5759347    7.53%
  54066 42643      284.5914    72      303.4104      280.5554  5773138    7.53%
  54183 42741        cutoff            303.4104      280.5556  5787429    7.53%
  54305 42836      281.4914    61      303.4104      280.5563  5801397    7.53%
Elapsed time = 2338.21 sec. (1923611.44 ticks, tree = 120.77 MB, solutions = 2)
  54393 42905      287.4258    70      303.4104      280.5568  5817094    7.53%
  54479 42978      282.6463    73      303.4104      280.5569  5822565    7.53%
  54607 43085      299.6726    73      303.4104      280.5573  5834179    7.53%
  54714 43171      280.5741    72      303.4104      280.5574  5847751    7.53%
  54828 43259      291.5178    27      303.4104      280.5579  5862122    7.53%
  54962 43361      282.9513    63      303.4104      280.5582  5874095    7.53%
  55114 43491      291.5934    56      303.4104      280.5582  5886700    7.53%
  55220 43577      281.4643   104      303.4104      280.5582  5900818    7.53%
  55317 43664      281.9980    99      303.4104      280.5582  5913327    7.53%
  55461 43790      284.3380    53      303.4104      280.5582  5925390    7.53%
Elapsed time = 2385.25 sec. (1963959.93 ticks, tree = 123.10 MB, solutions = 2)
  55583 43890      282.0545    77      303.4104      280.5582  5937438    7.53%
  55690 43975        cutoff            303.4104      280.5582  5950537    7.53%
  55798 44071      285.3664    62      303.4104      280.5582  5964109    7.53%
  55909 44168      287.0163    58      303.4104      280.5586  5976171    7.53%
  56025 44270      284.2439    79      303.4104      280.5590  5989293    7.53%
  56170 44389      282.7983    49      303.4104      280.5596  6001279    7.53%
  56265 44466      284.3527    57      303.4104      280.5597  6016977    7.53%
  56413 44588      281.9130    68      303.4104      280.5601  6029720    7.53%
  56479 44632      280.8929    69      303.4104      280.5603  6038284    7.53%
  56563 44700      283.8319    63      303.4104      280.5603  6050997    7.53%
Elapsed time = 2430.28 sec. (2002758.15 ticks, tree = 125.33 MB, solutions = 2)
  56656 44774      284.2870    64      303.4104      280.5606  6063558    7.53%
  56765 44856      283.0222    57      303.4104      280.5610  6076212    7.53%
  56867 44936      287.4963    50      303.4104      280.5618  6090633    7.53%
  56993 45044      283.3732    48      303.4104      280.5623  6102167    7.53%
  57164 45187      288.4498    29      303.4104      280.5626  6113278    7.53%
  57269 45278      289.0392    49      303.4104      280.5633  6126373    7.53%
  57443 45420      280.8736   110      303.4104      280.5642  6137688    7.53%
* 57479+45421                          303.2730      280.5642             7.49%
  57479 45423      288.7120    25      303.2730      280.5642  6141080    7.49%
  57608 45524      284.7028    60      303.2730      280.5650  6153032    7.49%
  57764 45654      288.4797    71      303.2730      280.5654  6164430    7.49%
Elapsed time = 2479.26 sec. (2043321.43 ticks, tree = 128.14 MB, solutions = 3)
  57904 45774      281.0196   103      303.2730      280.5661  6176118    7.49%
  58023 45873      281.7773    75      303.2730      280.5663  6190109    7.49%
  58149 45969      283.5940    65      303.2730      280.5668  6202522    7.49%
  58249 46057      281.8069    66      303.2730      280.5669  6217212    7.49%
  58354 46140        cutoff            303.2730      280.5675  6230847    7.49%
  58477 46231      281.2407    50      303.2730      280.5684  6244563    7.49%
  58588 46318      281.2686    65      303.2730      280.5687  6257428    7.49%
  58744 46452      282.0749    55      303.2730      280.5693  6268248    7.49%
  58866 46545      283.9443    61      303.2730      280.5700  6281494    7.49%
  58969 46625      280.9807    74      303.2730      280.5702  6296725    7.49%
Elapsed time = 2524.01 sec. (2081802.97 ticks, tree = 130.52 MB, solutions = 3)
  59072 46713      291.5535    38      303.2730      280.5704  6311870    7.49%
  59189 46806      285.0445    56      303.2730      280.5712  6325353    7.49%
  59325 46910      281.7010    70      303.2730      280.5716  6338035    7.49%
  59451 47008    infeasible            303.2730      280.5723  6351398    7.49%
  59505 47052      287.2257    52      303.2730      280.5728  6361500    7.49%
  59624 47147      287.9413    52      303.2730      280.5730  6375993    7.49%
  59785 47280      281.7369    68      303.2730      280.5735  6388628    7.48%
  59879 47352      283.2365    45      303.2730      280.5738  6402726    7.48%
  60010 47466      285.9904    58      303.2730      280.5742  6416078    7.48%
  60129 47560      282.2440    79      303.2730      280.5753  6430032    7.48%
Elapsed time = 2560.87 sec. (2120357.37 ticks, tree = 132.81 MB, solutions = 3)
  60280 47687      293.1589    55      303.2730      280.5757  6442739    7.48%
  60415 47792      285.8597    58      303.2730      280.5768  6456163    7.48%
  60562 47909      280.7880    73      303.2730      280.5771  6468344    7.48%
  60679 48000      281.8348    63      303.2730      280.5775  6481254    7.48%
  60818 48113      282.0688    51      303.2730      280.5781  6492866    7.48%
  60950 48221      288.2575    63      303.2730      280.5784  6506824    7.48%
  61069 48318      284.8160    87      303.2730      280.5788  6520267    7.48%
  61204 48415      295.0165    75      303.2730      280.5792  6533498    7.48%
  61365 48543      284.4374    78      303.2730      280.5801  6545156    7.48%
  61479 48645      290.0312    56      303.2730      280.5802  6557133    7.48%
Elapsed time = 2605.08 sec. (2163085.72 ticks, tree = 135.47 MB, solutions = 3)
  61581 48721      282.4948    67      303.2730      280.5805  6573467    7.48%
  61711 48825      288.4244    46      303.2730      280.5809  6587198    7.48%
  61839 48916      282.9425    72      303.2730      280.5814  6601521    7.48%
  61977 49032      280.9327    73      303.2730      280.5818  6613124    7.48%
  62085 49110      292.2088    70      303.2730      280.5824  6627147    7.48%
  62231 49220        cutoff            303.2730      280.5829  6639292    7.48%
  62397 49360      281.4011    60      303.2730      280.5837  6649830    7.48%
* 62479+49341                          302.9006      280.5842             7.37%
  62493 49353      282.5506    45      302.9006      280.5843  6657152    7.37%
  62635 49467      290.0791    14      302.9006      280.5846  6669071    7.37%
  62751 49556      282.1156    84      302.9006      280.5851  6683950    7.37%
Elapsed time = 2650.31 sec. (2201596.48 ticks, tree = 137.82 MB, solutions = 4)
  62884 49667      282.4250    55      302.9006      280.5855  6697766    7.37%
  63055 49808      280.6658    48      302.9006      280.5861  6709161    7.37%
  63206 49931      283.5197    62      302.9006      280.5868  6722254    7.37%
  63316 50021      287.8193    63      302.9006      280.5869  6737173    7.37%
  63413 50088      284.6782    61      302.9006      280.5873  6752374    7.37%
  63539 50196      281.5893    58      302.9006      280.5878  6765915    7.37%
  63679 50294      286.5668    58      302.9006      280.5884  6779633    7.37%
  63808 50399      281.7007    59      302.9006      280.5888  6793469    7.37%
  63966 50541      283.0608    66      302.9006      280.5891  6804422    7.37%
  64064 50611        cutoff            302.9006      280.5895  6819635    7.37%
Elapsed time = 2695.95 sec. (2240140.24 ticks, tree = 140.39 MB, solutions = 4)
  64220 50736      281.3765    48      302.9006      280.5899  6830642    7.37%
  64320 50820      291.5318    61      302.9006      280.5901  6844762    7.37%
  64400 50882      280.7593    57      302.9006      280.5902  6859600    7.37%
  64515 50972      282.6232    66      302.9006      280.5905  6870350    7.37%
  64669 51098      282.1733    52      302.9006      280.5906  6881839    7.37%
  64846 51261      281.5285    58      302.9006      280.5906  6891998    7.37%
  64993 51374      283.0072    40      302.9006      280.5913  6905549    7.37%
  65102 51453      289.1145    58      302.9006      280.5915  6920495    7.37%
  65254 51585      285.6360    79      302.9006      280.5916  6934225    7.37%
  65377 51692      284.9163    68      302.9006      280.5917  6946450    7.37%
Elapsed time = 2742.36 sec. (2278715.90 ticks, tree = 143.04 MB, solutions = 4)
  65504 51807      295.5311    44      302.9006      280.5919  6957909    7.37%
  65631 51910    infeasible            302.9006      280.5923  6970769    7.36%
  65751 52008      286.1508    55      302.9006      280.5925  6983811    7.36%
  65903 52126      281.7946    60      302.9006      280.5932  6995569    7.36%
  66028 52223        cutoff            302.9006      280.5937  7009104    7.36%
  66159 52316      282.5237    43      302.9006      280.5940  7021853    7.36%
  66308 52437      283.0934    54      302.9006      280.5945  7032529    7.36%
  66472 52570        cutoff            302.9006      280.5950  7044693    7.36%
  66544 52634      291.1882    61      302.9006      280.5951  7052370    7.36%
  66660 52738      281.5515    55      302.9006      280.5955  7065808    7.36%
Elapsed time = 2788.38 sec. (2317139.12 ticks, tree = 145.60 MB, solutions = 4)
  66779 52833      286.4379    42      302.9006      280.5959  7078278    7.36%
  66899 52915      280.8224    81      302.9006      280.5968  7091658    7.36%
  67055 53040      282.6007    61      302.9006      280.5971  7104241    7.36%
  67206 53165      282.1626    68      302.9006      280.5976  7115900    7.36%
  67369 53306      282.0668    61      302.9006      280.5976  7127131    7.36%
  67479 53406      295.8819    27      302.9006      280.5978  7139452    7.36%
  67624 53517        cutoff            302.9006      280.5990  7152366    7.36%
  67749 53623      289.6822    25      302.9006      280.5999  7166852    7.36%
  67919 53760      282.7925    59      302.9006      280.6003  7178185    7.36%
  68047 53855      283.8941    62      302.9006      280.6008  7191623    7.36%
Elapsed time = 2834.09 sec. (2355904.69 ticks, tree = 148.32 MB, solutions = 4)
  68172 53958      286.6957    67      302.9006      280.6012  7205217    7.36%
  68298 54050      286.8794    66      302.9006      280.6016  7219319    7.36%
  68452 54172      285.2311    65      302.9006      280.6022  7231185    7.36%
  68609 54305      280.8037    68      302.9006      280.6028  7241914    7.36%
  68713 54391      284.0417    74      302.9006      280.6028  7256725    7.36%
  68845 54495    infeasible            302.9006      280.6032  7269864    7.36%
  68974 54590      281.1578    52      302.9006      280.6037  7284055    7.36%
  69118 54715      296.1892    58      302.9006      280.6039  7296949    7.36%
  69245 54821      282.2275    52      302.9006      280.6043  7310444    7.36%
  69391 54933        cutoff            302.9006      280.6046  7323822    7.36%
Elapsed time = 2879.14 sec. (2394365.32 ticks, tree = 150.96 MB, solutions = 4)
  69479 55001      281.3442    56      302.9006      280.6049  7330076    7.36%
  69620 55117      285.7135    41      302.9006      280.6054  7343621    7.36%
  69744 55213      286.1497    52      302.9006      280.6056  7358291    7.36%
  69831 55278      299.9652    46      302.9006      280.6058  7373194    7.36%
  69952 55373      284.7293    61      302.9006      280.6061  7386400    7.36%
  70085 55482      282.5540    93      302.9006      280.6065  7398921    7.36%
  70196 55570      281.5253    56      302.9006      280.6068  7412879    7.36%
  70305 55651      286.4099    36      302.9006      280.6072  7428449    7.36%
  70451 55777      284.2280    59      302.9006      280.6076  7441148    7.36%
  70575 55873      282.6299    54      302.9006      280.6080  7454517    7.36%
Elapsed time = 2922.76 sec. (2432806.94 ticks, tree = 153.27 MB, solutions = 4)
  70730 56004      283.2891    52      302.9006      280.6081  7464836    7.36%
  70889 56127        cutoff            302.9006      280.6085  7475885    7.36%
  71003 56207      302.0629     4      302.9006      280.6089  7490949    7.36%
  71161 56335      282.3049    64      302.9006      280.6095  7501837    7.36%
  71282 56432      286.5224    72      302.9006      280.6100  7515596    7.36%
  71418 56546      286.3475    72      302.9006      280.6101  7528232    7.36%
  71539 56635      282.6272    66      302.9006      280.6104  7540539    7.36%
  71679 56747      281.7032    80      302.9006      280.6106  7552756    7.36%
  71809 56853      282.4921    59      302.9006      280.6108  7565880    7.36%
  71955 56971      281.0752    64      302.9006      280.6112  7579701    7.36%
Elapsed time = 2968.39 sec. (2471197.00 ticks, tree = 155.96 MB, solutions = 4)
  72095 57083      290.1631    18      302.9006      280.6114  7592479    7.36%
  72232 57191      280.7919    82      302.9006      280.6118  7605156    7.36%
  72383 57316      284.3547    69      302.9006      280.6121  7617288    7.36%
  72516 57421      283.7593    64      302.9006      280.6130  7630447    7.36%
  72635 57510      280.6883    56      302.9006      280.6131  7644815    7.36%
  72727 57579      281.4206    46      302.9006      280.6136  7659989    7.36%
  72858 57688      282.2983    54      302.9006      280.6140  7672781    7.36%
  72999 57791      280.6148   115      302.9006      280.6149  7684605    7.36%
  73098 57878      296.8556    44      302.9006      280.6154  7698623    7.36%
  73258 58009        cutoff            302.9006      280.6156  7710591    7.36%
Elapsed time = 3013.26 sec. (2509509.03 ticks, tree = 158.50 MB, solutions = 4)
  73381 58111      282.0091    57      302.9006      280.6161  7723987    7.36%
  73479 58189      282.5406    57      302.9006      280.6164  7735095    7.36%
  73613 58297      292.9129    41      302.9006      280.6170  7747516    7.36%
  73782 58431      290.1029    20      302.9006      280.6174  7759826    7.36%
  73911 58544      289.8277    18      302.9006      280.6175  7772799    7.36%
  74003 58618      285.9810    64      302.9006      280.6175  7788988    7.36%
  74137 58727      286.8654    88      302.9006      280.6180  7801378    7.36%
  74262 58824      293.9024    65      302.9006      280.6185  7815691    7.36%
  74401 58927      287.4868    84      302.9006      280.6190  7829454    7.36%
  74512 59006      288.6420    59      302.9006      280.6194  7843418    7.36%
Elapsed time = 3058.40 sec. (2547934.67 ticks, tree = 160.93 MB, solutions = 4)
  74676 59147      280.6686    51      302.9006      280.6196  7855698    7.36%
  74822 59263      282.6152    76      302.9006      280.6199  7867447    7.36%
  74984 59389      281.5605    48      302.9006      280.6202  7879086    7.36%
  75107 59490      281.9600    73      302.9006      280.6205  7892937    7.36%
  75265 59621      282.7147    52      302.9006      280.6210  7904665    7.36%
  75404 59728      281.5725    68      302.9006      280.6214  7917765    7.36%
  75498 59780      281.7475    48      302.9006      280.6214  7928165    7.36%
  75612 59868      293.3033    54      302.9006      280.6219  7941367    7.36%
  75763 59991      282.9683    97      302.9006      280.6222  7952790    7.36%
* 75806 58033      integral     0      297.8689      280.6222  7956265    5.79%
  75886 58092      281.3286    70      297.8689      280.6227  7966236    5.79%
Elapsed time = 3102.12 sec. (2586220.96 ticks, tree = 158.74 MB, solutions = 5)
* 75906+53724                          293.3128      280.6228             4.33%
  75971 53783      288.2785    53      293.3128      280.6228  7969511    4.33%
  76102 53880      291.8852    52      293.3128      280.6231  7983121    4.33%
  76273 54019      286.0565    49      293.3128      280.6236  7995759    4.33%
  76404 54107      290.3190    75      293.3128      280.6239  8009673    4.33%
* 76479+53953                          293.1495      280.6241             4.27%
  76479 53955      287.7164    34      293.1495      280.6241  8016943    4.27%
  76629 54089      286.0291    56      293.1495      280.6243  8028873    4.27%
  76758 54188      282.5574    81      293.1495      280.6248  8041920    4.27%
  76905 54313      282.1393    60      293.1495      280.6253  8054201    4.27%
  77035 54415      286.4156    53      293.1495      280.6256  8066636    4.27%
  77171 54520      292.4019    54      293.1495      280.6259  8079330    4.27%
Elapsed time = 3144.18 sec. (2626271.09 ticks, tree = 149.49 MB, solutions = 7)
  77293 54609      283.6757    61      293.1495      280.6264  8093647    4.27%
  77384 54670      286.6570    60      293.1495      280.6269  8108505    4.27%
  77527 54782      280.9954    94      293.1495      280.6271  8120152    4.27%
  77673 54901      280.7441    71      293.1495      280.6274  8132416    4.27%
  77808 55005      285.7388    68      293.1495      280.6276  8144327    4.27%
  77942 55099      283.1685    45      293.1495      280.6284  8156581    4.27%
  78075 55205    infeasible            293.1495      280.6285  8171383    4.27%
  78218 55322      283.2296    48      293.1495      280.6287  8185047    4.27%
  78339 55419      290.2764    58      293.1495      280.6291  8198362    4.27%
  78460 55507      280.8975    54      293.1495      280.6291  8211587    4.27%
Elapsed time = 3188.05 sec. (2664647.55 ticks, tree = 151.90 MB, solutions = 7)
  78556 55580      282.1021    45      293.1495      280.6294  8227167    4.27%
  78707 55698      281.3757    66      293.1495      280.6301  8238433    4.27%
Advanced basis not built.
  78844 55813      281.5471    64      293.1495      280.6303  8250121    4.27%
  78967 55910      285.0310    28      293.1495      280.6305  8264544    4.27%
  79102 56007      285.0052    57      293.1495      280.6313  8277927    4.27%
  79222 56096      292.5104    70      293.1495      280.6316  8291695    4.27%
  79356 56211      285.4638    70      293.1495      280.6321  8303347    4.27%
* 79479+54564                          291.9795      280.6322             3.89%
  79489 54572      287.9677    55      291.9795      280.6322  8313152    3.89%
  79650 54691      282.1836    51      291.9795      280.6326  8324773    3.89%
  79795 54804      281.0441    65      291.9795      280.6331  8336779    3.89%
Elapsed time = 3233.80 sec. (2703042.23 ticks, tree = 150.21 MB, solutions = 8)
  79965 54936      288.1525    27      291.9795      280.6337  8346283    3.89%
  80059 55007      291.8112    47      291.9795      280.6337  8361571    3.89%
  80079 55025      281.6216    56      291.9795      280.6338  8363700    3.89%
  80179 55101      285.3573    51      291.9795      280.6341  8378142    3.89%
  80274 55171      283.6475    73      291.9795      280.6344  8393208    3.89%
  80279 55176      284.9154    54      291.9795      280.6344  8393553    3.89%
  80379 55258      284.5380    68      291.9795      280.6347  8403910    3.89%
* 80479+54732                          291.6105      280.6349             3.76%
* 80479+54693                          291.5857      280.6349             3.76%
  80479 54695      283.2018    59      291.5857      280.6349  8413389    3.76%
* 80579+54702                          291.5538      280.6353             3.74%
* 80579+53996                          291.1533      280.6353             3.61%
* 80579+52811                          290.5890      280.6353             3.43%
* 80579+51263                          289.8584      280.6353             3.18%
* 80579+51059                          289.7712      280.6353             3.15%
* 80579+50915                          289.7246      280.6353             3.14%
* 80579+50908                          289.7230      280.6353             3.14%
* 80579+50846                          289.6982      280.6353             3.13%
  80579 50848      287.3886    29      289.6982      280.6353  8422183    3.13%
  80679 50923      281.4502    72      289.6982      280.6355  8433178    3.13%
Elapsed time = 3299.46 sec. (2763902.22 ticks, tree = 140.08 MB, solutions = 18)
  80779 50996      284.1491    55      289.6982      280.6357  8440969    3.13%
  80879 51077      287.6559    25      289.6982      280.6359  8451386    3.13%
  80979 51163      286.7428    64      289.6982      280.6361  8457949    3.13%
  81074 51228      284.9638    71      289.6982      280.6364  8473863    3.13%
  81079 51233      284.9759    67      289.6982      280.6364  8474792    3.13%
* 81179+51039                          289.5932      280.6367             3.09%
* 81179+50698                          289.4724      280.6367             3.05%
  81179 50700      284.4388    65      289.4724      280.6367  8483812    3.05%
* 81279+50439                          289.3792      280.6371             3.02%
  81279 50441      281.0485    41      289.3792      280.6371  8494964    3.02%
  81379 50511      282.6017    66      289.3792      280.6376  8506239    3.02%
  81479 50578      285.8657    37      289.3792      280.6378  8520313    3.02%
  81579 50648      281.1073    72      289.3792      280.6382  8529468    3.02%
Elapsed time = 3379.39 sec. (2836197.36 ticks, tree = 139.42 MB, solutions = 21)
* 81679+50517                          289.3139      280.6385             3.00%
  81679 50519      280.8953    71      289.3139      280.6385  8537876    3.00%
  81779 50598      281.8956    85      289.3139      280.6390  8547364    3.00%
  81908 50694      284.3911    63      289.3139      280.6393  8560321    3.00%
  81969 50738      280.9227    69      289.3139      280.6394  8574630    3.00%
  81979 50748      284.9772    60      289.3139      280.6394  8578939    3.00%
  82079 50826      286.3876    40      289.3139      280.6395  8589033    3.00%
  82179 50905      283.3601    51      289.3139      280.6397  8596053    3.00%
* 82279+50954                          289.3048      280.6397             3.00%
  82279 50956      289.1945    19      289.3048      280.6397  8606748    3.00%
  82379 51036      282.1176    55      289.3048      280.6399  8619259    3.00%
  82479 51110      281.3139    73      289.3048      280.6401  8629867    2.99%
Elapsed time = 3471.72 sec. (2920613.25 ticks, tree = 140.56 MB, solutions = 23)
  82579 51190      281.8985    54      289.3048      280.6403  8636569    2.99%
  82679 51270      287.5169    43      289.3048      280.6405  8642439    2.99%
  82779 51345      280.6408    75      289.3048      280.6408  8651337    2.99%
  82951 51481      284.9005    51      289.3048      280.6411  8662893    2.99%
  82979 51499      281.8312    61      289.3048      280.6412  8666708    2.99%
* 83079+50992                          289.1131      280.6414             2.93%
  83079 50994      285.2184    56      289.1131      280.6414  8676888    2.93%
* 83179+51027                          289.1013      280.6420             2.93%
  83210 51046      285.5060    60      289.1013      280.6422  8688825    2.93%
  83279 51102      287.4729    18      289.1013      280.6423  8692436    2.93%
  83379 51179      280.7926    54      289.1013      280.6425  8700265    2.93%
  83495 51269      280.9550    60      289.1013      280.6427  8714054    2.93%
Elapsed time = 3559.08 sec. (3000707.09 ticks, tree = 140.96 MB, solutions = 25)
  83624 51352      284.5654    53      289.1013      280.6430  8727799    2.93%
  83679 51396      286.7876    28      289.1013      280.6430  8730306    2.93%
  83779 51470      280.7621    93      289.1013      280.6432  8737593    2.93%
  83879 51556      281.1220    55      289.1013      280.6433  8749218    2.93%
Advanced basis not built.

GUB cover cuts applied:  50
Clique cuts applied:  19
Cover cuts applied:  8
Implied bound cuts applied:  39
Flow cuts applied:  21
Mixed integer rounding cuts applied:  367
Zero-half cuts applied:  2
Gomory fractional cuts applied:  5

Root node processing (before b&c):
  Real time             =    9.02 sec. (7565.33 ticks)
Sequential b&c:
  Real time             = 3590.99 sec. (3031603.54 ticks)
                          ------------
Total (root+branch&cut) = 3600.01 sec. (3039168.86 ticks)
