Version identifier: 22.1.0.0 | 2022-03-09 | 1a383f8ce
CPXPARAM_Read_DataCheck                          1
CPXPARAM_Threads                                 1
CPXPARAM_TimeLimit                               3600
Tried aggregator 2 times.
MIP Presolve eliminated 6842 rows and 303 columns.
MIP Presolve modified 104257 coefficients.
Aggregator did 321 substitutions.
Reduced MIP has 23828 rows, 1596 columns, and 183965 nonzeros.
Reduced MIP has 1157 binaries, 0 generals, 0 SOSs, and 0 indicators.
Presolve time = 0.45 sec. (325.84 ticks)
Probing fixed 4 vars, tightened 98 bounds.
Probing time = 0.23 sec. (158.43 ticks)
Tried aggregator 1 time.
Detecting symmetries...
MIP Presolve eliminated 121 rows and 4 columns.
MIP Presolve modified 2702 coefficients.
Reduced MIP has 23707 rows, 1592 columns, and 183303 nonzeros.
Reduced MIP has 1153 binaries, 0 generals, 0 SOSs, and 0 indicators.
Presolve time = 0.22 sec. (106.10 ticks)
Probing time = 0.01 sec. (8.84 ticks)
Clique table members: 10175.
MIP emphasis: balance optimality and feasibility.
MIP search method: dynamic search.
Parallel mode: none, using 1 thread.
Root relaxation solution time = 0.12 sec. (103.37 ticks)

        Nodes                                         Cuts/
   Node  Left     Objective  IInf  Best Integer    Best Bound    ItCnt     Gap

      0     0      140.9523   286                    140.9523      651         
      0     0      140.9523    99                  Cuts: 1740     1758         
      0     0      140.9523   131                   Cuts: 946     2805         
      0     0      140.9523    99                   Cuts: 399     4297         
      0     0      140.9526   114                   Cuts: 875     5404         
Detecting symmetries...
      0     2      140.9526   114                    140.9530     5404         
Elapsed time = 14.60 sec. (13151.26 ticks, tree = 0.01 MB, solutions = 0)
      2     4      140.9614   101                    140.9533     6594         
      4     6      140.9614    87                    140.9533     7311         
      7     9      140.9614    88                    140.9533     9113         
      8    10      140.9785    91                    140.9533    10235         
     12    14      144.5233   110                    140.9533    11161         
     13    15      140.9614    86                    140.9533    12132         
     14    16      140.9808   111                    140.9533    13641         
     15    17      140.9618   102                    140.9533    14431         
     16    18      140.9667   103                    140.9533    14984         
     19    21      143.4871    92                    140.9533    17211         
Elapsed time = 19.66 sec. (18027.35 ticks, tree = 0.93 MB, solutions = 0)
     24    26      145.7522   143                    140.9533    19614         
     27    29      140.9706    83                    140.9533    21381         
     30    32      141.8589    99                    140.9533    23261         
     35    37      140.9706    81                    140.9533    24784         
     40    42      142.0628   106                    140.9533    27098         
     49    51      140.9706    82                    140.9533    30893         
     53    55      140.9710    95                    140.9533    33896         
     56    56    infeasible                          140.9533    38707         
     60    60      156.9278   111                    140.9533    41676         
     70    70      141.1126    70                    140.9533    44679         
Elapsed time = 35.43 sec. (33856.18 ticks, tree = 4.33 MB, solutions = 0)
     78    76    infeasible                          140.9533    49495         
     84    82      141.8129    64                    140.9533    53268         
     90    88      141.8579    60                    140.9533    57410         
     97    95      141.5363    96                    140.9533    60452         
    100    98      141.3546    62                    140.9533    60968         
    111   109      141.3642    65                    140.9533    65153         
    118   114      141.3642    60                    140.9533    68803         
    131   125      143.7282    84                    140.9533    73842         
    142   134      141.5384    70                    140.9533    78541         
    146   138      142.8166    88                    140.9533    81616         
Elapsed time = 48.30 sec. (46732.89 ticks, tree = 4.59 MB, solutions = 0)
    156   148      141.3662    85                    140.9533    84450         
    160   152      141.3662    84                    140.9533    85462         
    170   162      142.0001    76                    140.9533    89979         
    180   172      143.1001    51                    140.9533    93606         
    191   183      143.9961    55                    140.9533    97461         
    200   192      143.3523    62                    140.9533   100636         
    211   203      143.3545    59                    140.9533   104281         
    219   211      145.2019    58                    140.9533   107847         
    227   217      145.5409    60                    140.9533   110856         
    243   231      147.1259    79                    140.9533   114600         
Elapsed time = 59.64 sec. (58348.50 ticks, tree = 4.92 MB, solutions = 0)
    249   237      147.7266    73                    140.9533   118357         
    260   248      143.4569    44                    140.9533   121083         
    270   258      143.4569    47                    140.9533   125551         
    280   268      145.1458    42                    140.9533   128594         
    287   275      143.4577    52                    140.9533   131493         
    300   288      143.4811    56                    140.9533   132951         
    310   298      149.2432    56                    140.9533   136260         
    321   309      145.6971    39                    140.9533   139347         
    339   325      148.6498    36                    140.9533   143211         
    355   337      142.0929   101                    140.9537   146547         
Elapsed time = 69.79 sec. (68876.13 ticks, tree = 5.32 MB, solutions = 0)
    363   345      141.2335   104                    140.9537   149643         
    371   353      141.5457   105                    140.9537   153138         
    375   357      140.9574    85                    140.9537   156155         
    380   360    infeasible                          140.9537   161760         
    384   364      143.3857   141                    140.9537   165136         
    388   368      143.0189   154                    140.9537   170310         
    390   370      155.9003   180                    140.9537   173143         
    392   372      148.7135   118                    140.9537   175538         
    397   377      151.9259   135                    140.9537   179450         
    404   384      141.1263    84                    140.9537   182851         
Elapsed time = 83.23 sec. (82334.70 ticks, tree = 5.49 MB, solutions = 0)
    411   389      143.6828   103                    140.9537   186529         
    417   395      147.8277   142                    140.9537   195206         
    425   403      145.7893    92                    140.9537   199822         
    435   409    infeasible                          140.9537   203706         
    440   414      140.9576    82                    140.9537   206261         
    442   416      148.2482    62                    140.9537   211625         
    446   418      149.6799    81                    140.9537   215017         
    452   424      145.2716    70                    140.9537   219956         
    461   433      141.0085    80                    140.9537   223160         
    465   435      141.5134    99                    140.9537   226411         
Elapsed time = 100.73 sec. (99771.01 ticks, tree = 5.67 MB, solutions = 0)
    472   442      141.3123   103                    140.9537   230311         
    477   447      140.9576    78                    140.9537   233639         
    480   450      140.9579    72                    140.9537   235043         
    489   459      140.9597   100                    140.9537   238559         
    495   465      140.9581    89                    140.9537   241328         
    505   475      140.9608    64                    140.9537   244822         
    511   481      140.9608    64                    140.9537   248373         
    517   485    infeasible                          140.9537   252820         
    520   488      140.9608    60                    140.9537   254227         
    522   490      141.0034    65                    140.9537   257017         
Elapsed time = 112.37 sec. (111682.21 ticks, tree = 5.87 MB, solutions = 0)
    530   498      142.4465    96                    140.9537   261410         
    536   504      140.9608    61                    140.9537   264243         
    539   505      140.9608    59                    140.9537   267137         
    545   511      140.9608    60                    140.9537   270644         
    548   514      145.1892   105                    140.9537   274228         
    553   519      140.9608    55                    140.9537   277327         
    559   525      143.6896   104                    140.9537   280753         
    560   526      140.9608    59                    140.9537   280780         
    566   532      145.6341    84                    140.9537   285329         
    573   539      140.9608    59                    140.9537   289039         
Elapsed time = 124.31 sec. (124121.99 ticks, tree = 6.07 MB, solutions = 0)
    576   542      144.6536    90                    140.9537   291851         
    581   547      155.5859    93                    140.9537   296006         
    589   555      140.9608    60                    140.9537   299314         
    594   560      140.9608    57                    140.9537   302629         
    600   566      143.1742    89                    140.9537   307144         
    605   571      140.9608    54                    140.9537   310220         
    611   577      141.1297    65                    140.9537   313693         
    615   581      145.7214    94                    140.9537   317474         
    620   586      141.2911    82                    140.9537   320720         
    639   605      142.1109    95                    140.9537   333085         
Elapsed time = 137.71 sec. (138041.80 ticks, tree = 6.31 MB, solutions = 0)
    652   618      141.1976    88                    140.9537   341883         
    672   638      140.9665    92                    140.9537   352146         
    680   646      141.2924    73                    140.9537   359555         
    703   667    infeasible                          140.9537   370775         
    720   683      140.9608    55                    140.9537   375231         
    747   710      141.2803    58                    140.9537   383490         
    764   727      142.7865    68                    140.9537   390716         
    774   735      141.9972    47                    140.9537   398249         
    808   767      141.9972    40                    140.9537   409224         
    844   801      143.7509    35                    140.9537   423742         
Elapsed time = 179.98 sec. (180539.83 ticks, tree = 21.43 MB, solutions = 0)
    899   852    infeasible                          140.9537   437758         
    955   896      148.6416    29                    140.9537   451671         
    968   899      143.3046   110                    140.9537   462766         
   1000   927      147.9094    77                    140.9537   476257         

Performing restart 1

Repeating presolve.
Tried aggregator 1 time.
MIP Presolve eliminated 4 rows and 2 columns.
Reduced MIP has 23703 rows, 1590 columns, and 183167 nonzeros.
Reduced MIP has 1151 binaries, 0 generals, 0 SOSs, and 0 indicators.
Presolve time = 0.07 sec. (59.84 ticks)
Tried aggregator 1 time.
Reduced MIP has 23703 rows, 1590 columns, and 183167 nonzeros.
Reduced MIP has 1151 binaries, 0 generals, 0 SOSs, and 0 indicators.
Presolve time = 0.12 sec. (76.41 ticks)
Represolve time = 0.44 sec. (278.50 ticks)
   1056     0      140.9537   115                  Cuts: 1597   488209         
   1056     0      140.9541   145                  Cuts: 1035   488940         
   1056     0      140.9542   164                   Cuts: 710   489732         
   1056     0      140.9542   146                  Cuts: 1357   490119         
   1056     0      140.9542   143                   Cuts: 878   490815         
   1056     0      140.9542   144                  Cuts: 1137   491153         
   1056     0      140.9542   141                  Cuts: 1598   491570         
   1056     0      140.9543   161                  Cuts: 1325   492106         
   1056     0      140.9543   149                  Cuts: 1055   492408         
   1056     0      140.9543   147                   Cuts: 768   492802         
   1056     0      140.9543   152                  Cuts: 1063   493315         
   1056     0      140.9543   107                   Cuts: 292   493658         
   1056     0      140.9543   119                  Cuts: 1461   494201         
   1056     0      140.9548   114                   Cuts: 617   494898         
   1056     0      140.9548   118                   Cuts: 321   495725         
   1056     2      140.9548   118                    140.9548   495725         
   1059     5      141.0743    73                    140.9548   499056         
   1061     7      141.0743    81                    140.9548   506853         
   1064    10      141.0743    79                    140.9548   510031         
   1067    13      141.0743    74                    140.9548   511702         
   1073    19      141.0743    66                    140.9548   515314         
Elapsed time = 254.88 sec. (257358.15 ticks, tree = 1.86 MB, solutions = 0)
   1076    22      141.0910    86                    140.9548   520995         
   1084    30      141.5336    81                    140.9548   525277         
   1090    35      146.0410    82                    140.9548   527556         
   1098    43      142.8645    76                    140.9548   530700         
   1100    45      143.0184    86                    140.9548   535888         
   1102    47      142.8645    80                    140.9548   540523         
   1103    48      143.5110   123                    140.9548   542164         
   1111    56      149.0499   118                    140.9548   545709         
   1121    66      143.2433    74                    140.9548   547052         
   1128    73      146.7781   112                    140.9548   549273         
Elapsed time = 301.69 sec. (307714.23 ticks, tree = 9.23 MB, solutions = 0)
   1154    99      143.6085    86                    140.9548   553791         
   1165   110      153.7327    79                    140.9548   554464         
   1176   121      142.8655    52                    140.9548   556740         
*  1196+  139                          157.6350      140.9548            10.58%
   1205   150      144.1860    59      157.6350      140.9548   560284   10.58%
   1226   171      145.3935    43      157.6350      140.9548   565192   10.58%
   1274   219      151.0473    45      157.6350      140.9548   569199   10.58%
   1312   257      152.1761    29      157.6350      140.9548   572737   10.58%
   1326   262      140.9753    79      157.6350      140.9549   576421   10.58%
   1332   268      141.0297    64      157.6350      140.9549   581555   10.58%
   1335   271      141.0349    65      157.6350      140.9549   586505   10.58%
Elapsed time = 351.33 sec. (358137.89 ticks, tree = 48.83 MB, solutions = 1)
   1338   274      141.6937    62      157.6350      140.9549   589808   10.58%
   1343   279      141.0354    80      157.6350      140.9549   595672   10.58%
   1352   288      144.9850   113      157.6350      140.9549   602679   10.58%
   1371   307      141.4366    56      157.6350      140.9549   607012   10.58%
   1386   322      145.1144    83      157.6350      140.9549   611121   10.58%
   1416   352      141.1455    59      157.6350      140.9549   614772   10.58%
   1429   365      142.3819    57      157.6350      140.9549   619010   10.58%
   1465   400      145.5364    33      157.6350      140.9549   624424   10.58%
   1475   404      141.1878    64      157.6350      140.9551   627222   10.58%
   1476   405      141.3532    83      157.6350      140.9551   628280   10.58%
Elapsed time = 403.60 sec. (406306.03 ticks, tree = 76.43 MB, solutions = 1)
   1496   425      141.4305    70      157.6350      140.9551   631416   10.58%
   1539   468      144.0263    67      157.6350      140.9551   634248   10.58%
   1585   510      141.1685    82      157.6350      140.9556   639740   10.58%
   1591   516      141.1685    93      157.6350      140.9556   647521   10.58%
   1605   530      141.3079    85      157.6350      140.9556   651844   10.58%
   1622   547      144.0353    78      157.6350      140.9556   655053   10.58%
   1662   587      148.4909    39      157.6350      140.9556   659986   10.58%
   1673   594      143.4012    90      157.6350      140.9556   664495   10.58%
   1682   603      141.2621    80      157.6350      140.9558   669084   10.58%
   1691   612      141.5981    77      157.6350      140.9558   673747   10.58%
Elapsed time = 448.53 sec. (449250.68 ticks, tree = 118.45 MB, solutions = 1)
   1704   625      141.9265    95      157.6350      140.9558   676064   10.58%
   1736   657      142.0464    64      157.6350      140.9558   680121   10.58%
   1791   702        cutoff            157.6350      140.9558   685400   10.58%
   1807   718      144.3619   113      157.6350      140.9558   690038   10.58%
   1839   750      146.4017    63      157.6350      140.9558   692268   10.58%
   1930   837      141.0508   102      157.6350      140.9560   696170   10.58%
   1964   871      147.3459    43      157.6350      140.9560   698981   10.58%
   2018   919      140.9578    90      157.6350      140.9560   700771   10.58%
   2096   997      141.0118    70      157.6350      140.9560   702145   10.58%
*  2112+  818                          146.5046      140.9560             3.79%
   2112   820      143.6247    60      146.5046      140.9560   703258    3.79%
Elapsed time = 572.06 sec. (564642.81 ticks, tree = 160.87 MB, solutions = 2)
   2114   822      142.7681    77      146.5046      140.9561   713731    3.79%
   2125   833      142.3878    99      146.5046      140.9562   718101    3.79%
   2180   888      142.7084    61      146.5046      140.9562   721686    3.79%
   2220   920      141.3697    83      146.5046      140.9563   725636    3.79%
   2256   956      141.8158    76      146.5046      140.9563   729354    3.79%
   2338  1030      141.2831    81      146.5046      140.9565   734432    3.79%
   2384  1076      143.2166    78      146.5046      140.9565   739920    3.79%
   2428  1114      142.3323    75      146.5046      140.9565   744307    3.79%
   2484  1169      144.2475    49      146.5046      140.9565   749272    3.79%
   2507  1188      141.3656    87      146.5046      140.9566   753527    3.79%
Elapsed time = 617.84 sec. (607816.41 ticks, tree = 235.39 MB, solutions = 2)
   2524  1205      141.8788    78      146.5046      140.9566   757942    3.79%
   2546  1226      142.0052    85      146.5046      140.9566   763017    3.79%
   2566  1246      142.2454    84      146.5046      140.9566   768827    3.79%
   2574  1253      144.3035    59      146.5046      140.9566   773790    3.79%
   2591  1268        cutoff            146.5046      140.9566   779808    3.79%
   2598  1269      141.1411    69      146.5046      140.9567   782171    3.79%
   2600  1271      142.9346    86      146.5046      140.9567   789999    3.79%
   2625  1296      145.5927    62      146.5046      140.9567   793823    3.79%
   2659  1315      141.0602    66      146.5046      140.9573   799304    3.79%
   2685  1341      141.4733    72      146.5046      140.9573   803305    3.79%
Elapsed time = 666.33 sec. (652380.36 ticks, tree = 266.44 MB, solutions = 2)
   2763  1419      146.1069    51      146.5046      140.9573   807307    3.79%
   2769  1421      141.1712    74      146.5046      140.9578   808774    3.79%
   2782  1431      144.2873    76      146.5046      140.9578   813794    3.79%
   2825  1471      140.9671    94      146.5046      140.9578   818113    3.79%
   2914  1556      143.0740    98      146.5046      140.9579   822637    3.79%
   2953  1595      143.4146    40      146.5046      140.9579   827846    3.79%
   2988  1619      142.9030    89      146.5046      140.9580   832693    3.79%
   3047  1677      143.6358    70      146.5046      140.9580   837359    3.79%
   3083  1706      141.2732    83      146.5046      140.9582   839619    3.79%
   3157  1780      142.9001    62      146.5046      140.9582   843740    3.79%
Elapsed time = 708.02 sec. (693562.46 ticks, tree = 355.54 MB, solutions = 2)
   3180  1799      141.0620    70      146.5046      140.9586   847947    3.79%
   3190  1809      141.3714    75      146.5046      140.9586   851828    3.79%
   3264  1883      145.9386    44      146.5046      140.9586   856268    3.79%
   3301  1908      146.2245    41      146.5046      140.9586   860339    3.79%
   3325  1924      142.9707   102      146.5046      140.9587   865919    3.79%
   3344  1932      141.0803    90      146.5046      140.9589   870078    3.79%

Performing restart 2

Repeating presolve.
Tried aggregator 1 time.
MIP Presolve eliminated 162 rows and 12 columns.
MIP Presolve modified 541 coefficients.
Reduced MIP has 23541 rows, 1578 columns, and 190428 nonzeros.
Reduced MIP has 1141 binaries, 0 generals, 0 SOSs, and 0 indicators.
Presolve time = 0.22 sec. (154.15 ticks)
Tried aggregator 1 time.
MIP Presolve eliminated 8 rows and 1 columns.
MIP Presolve modified 203 coefficients.
Reduced MIP has 23533 rows, 1577 columns, and 190342 nonzeros.
Reduced MIP has 1140 binaries, 0 generals, 0 SOSs, and 0 indicators.
Presolve time = 0.22 sec. (141.81 ticks)
Represolve time = 0.84 sec. (542.50 ticks)
   3388     0      140.9548    92      146.5046    Cuts: 1329   874916    3.79%
   3388     0      140.9549    95      146.5046     Cuts: 361   875451    3.79%
   3388     0      140.9549    98      146.5046     Cuts: 548   875745    3.79%
   3388     0      140.9549   106      146.5046     Cuts: 303   876114    3.79%
   3388     0      140.9549   110      146.5046     Cuts: 615   876510    3.79%
   3388     0      140.9549   108      146.5046     Cuts: 464   877054    3.79%
   3388     0      140.9549   109      146.5046     Cuts: 321   877466    3.79%

Repeating presolve.
Tried aggregator 1 time.
MIP Presolve eliminated 1024 rows and 71 columns.
MIP Presolve modified 7116 coefficients.
Reduced MIP has 22509 rows, 1506 columns, and 183722 nonzeros.
Reduced MIP has 1085 binaries, 0 generals, 0 SOSs, and 0 indicators.
Presolve time = 0.41 sec. (275.71 ticks)
Tried aggregator 1 time.
MIP Presolve eliminated 8 rows and 5 columns.
MIP Presolve modified 1169 coefficients.
Reduced MIP has 22501 rows, 1501 columns, and 183470 nonzeros.
Reduced MIP has 1080 binaries, 0 generals, 0 SOSs, and 0 indicators.
Presolve time = 0.27 sec. (130.98 ticks)
Represolve time = 1.14 sec. (676.98 ticks)
   3388     0      140.9549    95      146.5046    Cuts: 1058   881343    3.79%
   3388     0      140.9549    92      146.5046     Cuts: 444   882202    3.79%
   3388     0      140.9549    94      146.5046     Cuts: 386   882996    3.79%
   3388     0      140.9549   198      146.5046     Cuts: 374   883571    3.79%
   3388     0      140.9549   104      146.5046     Cuts: 372   887703    3.79%
   3388     0      140.9550   149      146.5046    Cuts: 1472   888113    3.79%
   3388     0      140.9550   146      146.5046     Cuts: 794   888554    3.79%
   3388     0      140.9552   211      146.5046    Cuts: 1475   889141    3.79%
   3388     0      140.9553   211      146.5046    Cuts: 2247   889545    3.79%
   3388     2      140.9553   230      146.5046      140.9589   889546    3.79%
   3389     3      140.9553   230      146.5046      140.9589   889555    3.79%
   3392     6      140.9553   155      146.5046      140.9589   890209    3.79%
   3394     8      141.0349    77      146.5046      140.9589   896704    3.79%
Elapsed time = 782.67 sec. (767768.03 ticks, tree = 0.03 MB, solutions = 2)
   3397    11      141.0324    71      146.5046      140.9589   899669    3.79%
   3400    14      140.9677    83      146.5046      140.9589   900444    3.79%
   3406    20      141.1054   102      146.5046      140.9589   903409    3.79%
   3410    24      141.0215    96      146.5046      140.9589   903592    3.79%
   3411    24      143.5488    81      146.5046      140.9589   908906    3.79%
   3418    31      143.5488    69      146.5046      140.9589   909940    3.79%
   3423    36      143.5488    67      146.5046      140.9589   911175    3.79%
   3427    40      143.5488    65      146.5046      140.9589   912196    3.79%
   3432    45      144.0905    75      146.5046      140.9589   913765    3.79%
   3437    49      143.8649    59      146.5046      140.9589   914660    3.79%
Elapsed time = 821.64 sec. (815753.25 ticks, tree = 4.76 MB, solutions = 2)
   3443    54      144.9618    64      146.5046      140.9589   915445    3.79%
   3451    62      145.0915    56      146.5046      140.9589   916508    3.79%
   3458    66      145.0915    56      146.5046      140.9589   918633    3.79%
   3467    73      145.0915    56      146.5046      140.9589   920132    3.79%
   3471    77      145.0915    52      146.5046      140.9589   922500    3.79%
   3478    80      145.0915    50      146.5046      140.9589   924283    3.79%
   3482    84      145.0915    52      146.5046      140.9589   925855    3.79%
   3487    89      145.0915    50      146.5046      140.9589   927651    3.79%
   3493    93      146.1366    55      146.5046      140.9589   930560    3.79%
   3502    99      146.1651    55      146.5046      140.9589   931881    3.79%
Elapsed time = 853.21 sec. (858834.95 ticks, tree = 4.93 MB, solutions = 2)
   3524   114      146.1651    41      146.5046      140.9589   936011    3.79%
   3536   121      140.9558   173      146.5046      140.9589   939203    3.79%
   3541   126      140.9572   193      146.5046      140.9589   940026    3.79%
   3543   128      140.9572   191      146.5046      140.9589   941575    3.79%
   3548   133      140.9610   112      146.5046      140.9589   944178    3.79%
   3551   136      141.1380    92      146.5046      140.9589   946075    3.79%
   3559   144      140.9612   102      146.5046      140.9589   948811    3.79%
   3564   149      140.9612    94      146.5046      140.9589   950681    3.79%
   3571   156      140.9619   106      146.5046      140.9589   951634    3.79%
   3580   165      140.9656   102      146.5046      140.9589   953812    3.79%
Elapsed time = 888.78 sec. (900073.00 ticks, tree = 7.62 MB, solutions = 2)
   3591   174      140.9658   122      146.5046      140.9589   954033    3.79%
   3609   191      141.7897    71      146.5046      140.9589   954860    3.79%
   3618   198      141.7992    96      146.5046      140.9589   955728    3.79%
   3626   205      143.0252    64      146.5046      140.9589   959387    3.79%
   3639   217      143.7936    75      146.5046      140.9589   961141    3.79%
   3654   229      143.8961    62      146.5046      140.9589   962398    3.79%
   3684   250      144.7841    46      146.5046      140.9589   964653    3.79%
   3721   265      142.2151    94      146.5046      140.9589   967077    3.79%
   3726   269      142.3310    99      146.5046      140.9589   967328    3.79%
   3743   285      142.8585    64      146.5046      140.9589   968194    3.79%
Elapsed time = 926.90 sec. (943800.67 ticks, tree = 29.22 MB, solutions = 2)
   3757   295      146.2594    51      146.5046      140.9589   970855    3.79%
   3775   307      141.1084    78      146.5046      140.9589   974012    3.79%
   3778   310      141.3272    82      146.5046      140.9589   975783    3.79%
   3785   317      141.3272    69      146.5046      140.9589   976492    3.79%
   3788   320      141.3272    72      146.5046      140.9589   976784    3.79%
   3798   330      143.6201    75      146.5046      140.9589   977983    3.79%
   3810   337      141.8400    72      146.5046      140.9589   980841    3.79%
   3814   341      141.9999    78      146.5046      140.9589   981703    3.79%
   3829   356      141.9999    66      146.5046      140.9589   982605    3.79%
   3847   370      144.9387    72      146.5046      140.9589   984709    3.79%
Elapsed time = 967.31 sec. (989469.82 ticks, tree = 44.87 MB, solutions = 2)
   3853   372      140.9970    95      146.5046      140.9589   987101    3.79%
   3864   383      141.1263    74      146.5046      140.9589   988802    3.79%
   3882   399      141.3154    70      146.5046      140.9589   991855    3.79%
   3901   417      141.3257    82      146.5046      140.9589   994614    3.79%
   3919   435      141.3275    95      146.5046      140.9589   996432    3.79%
   3940   452      141.5918    70      146.5046      140.9589   999636    3.79%
   3954   466      141.6600    50      146.5046      140.9589  1002442    3.79%
   3975   482      142.0488    47      146.5046      140.9589  1005126    3.79%
   4006   508      145.6791    34      146.5046      140.9589  1007955    3.79%
   4032   527      146.1606    60      146.5046      140.9589  1011475    3.79%
Elapsed time = 1006.19 sec. (1030123.95 ticks, tree = 73.49 MB, solutions = 2)
   4045   539      146.3405    45      146.5046      140.9589  1013557    3.79%
   4058   543      141.1443    85      146.5046      140.9589  1020556    3.79%
   4062   547      141.9927    97      146.5046      140.9589  1021833    3.79%
   4067   550      146.1443   102      146.5046      140.9589  1028977    3.79%
   4079   558      140.9582   182      146.5046      140.9589  1033104    3.79%
   4103   582      140.9671   129      146.5046      140.9589  1034234    3.79%
   4114   593      143.3509    67      146.5046      140.9589  1039753    3.79%
   4130   609      143.8095    41      146.5046      140.9589  1044804    3.79%
   4194   669      140.9587   154      146.5046      140.9589  1047281    3.79%
   4222   697      141.6503    66      146.5046      140.9589  1052149    3.79%
Elapsed time = 1058.37 sec. (1080057.12 ticks, tree = 75.31 MB, solutions = 2)
   4231   705      143.0588    70      146.5046      140.9589  1057293    3.79%
   4249   723      145.5263    52      146.5046      140.9589  1064132    3.79%
   4268   732      142.0279    97      146.5046      140.9589  1070489    3.79%
   4283   747      142.2413    77      146.5046      140.9589  1073905    3.79%
   4314   777      142.3734    50      146.5046      140.9589  1079821    3.79%
   4349   809      145.6092    47      146.5046      140.9589  1087222    3.79%
   4410   850      142.5044    79      146.5046      140.9589  1094361    3.79%
   4442   882      144.7149    53      146.5046      140.9589  1100611    3.79%
   4500   931      140.9654    74      146.5046      140.9589  1105273    3.79%
   4584  1014      141.4058    38      146.5046      140.9589  1106587    3.79%
Elapsed time = 1102.59 sec. (1121921.26 ticks, tree = 76.39 MB, solutions = 2)
   4634  1052      141.2808    64      146.5046      140.9589  1111761    3.79%
   4650  1068      142.2391    52      146.5046      140.9589  1117198    3.79%
   4676  1094      142.2458    63      146.5046      140.9589  1121226    3.79%
   4723  1136      143.7049    70      146.5046      140.9589  1126778    3.79%
   4752  1164      145.5034    34      146.5046      140.9589  1135231    3.79%
   4791  1197      144.1131    50      146.5046      140.9589  1142278    3.79%
   4824  1213      141.8281    55      146.5046      140.9589  1151192    3.79%
   4833  1222      141.8328   105      146.5046      140.9589  1155196    3.79%
   4897  1286      142.3101    35      146.5046      140.9589  1160078    3.79%
   4968  1350      142.0287   112      146.5046      140.9591  1165524    3.79%
Elapsed time = 1145.88 sec. (1162449.28 ticks, tree = 77.57 MB, solutions = 2)
   4990  1372      142.2054    63      146.5046      140.9591  1168806    3.79%
   5018  1400      144.5987    50      146.5046      140.9591  1176511    3.79%
   5072  1445      141.8276    55      146.5046      140.9592  1179876    3.79%
   5089  1455      142.1718    93      146.5046      140.9595  1188150    3.78%
   5112  1478      143.0961    67      146.5046      140.9595  1193081    3.78%
   5141  1493      144.9325    85      146.5046      140.9596  1201157    3.78%
   5151  1502      144.9461    74      146.5046      140.9596  1206926    3.78%
   5172  1513      143.0313    88      146.5046      140.9596  1218845    3.78%
   5195  1536      143.2021    73      146.5046      140.9596  1224934    3.78%
   5236  1573      142.1713    79      146.5046      140.9598  1233918    3.78%
Elapsed time = 1188.95 sec. (1203711.82 ticks, tree = 78.32 MB, solutions = 2)
   5261  1596      145.9209    73      146.5046      140.9598  1240607    3.78%
   5296  1616      144.9947    64      146.5046      140.9601  1248323    3.78%
   5350  1657      141.0723    67      146.5046      140.9601  1255209    3.78%
   5428  1727      146.2512    84      146.5046      140.9602  1260461    3.78%
   5446  1740      146.4523    42      146.5046      140.9602  1269196    3.78%
   5464  1752      142.6356    80      146.5046      140.9604  1274709    3.78%
   5488  1774      146.0637    52      146.5046      140.9604  1283764    3.78%
   5518  1790      143.0545    78      146.5046      140.9605  1292821    3.78%
   5544  1812      145.0756    66      146.5046      140.9605  1299257    3.78%
   5589  1850      141.1291    57      146.5046      140.9607  1308701    3.78%
Elapsed time = 1232.28 sec. (1243741.00 ticks, tree = 79.27 MB, solutions = 2)
   5662  1917      142.6457    72      146.5046      140.9608  1313831    3.78%
   5688  1941      143.4488    48      146.5046      140.9608  1323316    3.78%
   5736  1985      144.5075    64      146.5046      140.9609  1332864    3.78%
   5744  1993      144.5253    66      146.5046      140.9609  1337304    3.78%
   5757  2004      145.7122    59      146.5046      140.9609  1343188    3.78%
   5788  2025      140.9609   112      146.5046      140.9609  1349060    3.78%
   5821  2058      140.9912    70      146.5046      140.9609  1351203    3.78%
   5867  2103      142.7862    47      146.5046      140.9609  1354227    3.78%
   5881  2110      141.3057    91      146.5046      140.9609  1358404    3.78%
   5888  2117      141.3057    87      146.5046      140.9609  1364171    3.78%
Elapsed time = 1276.03 sec. (1285606.98 ticks, tree = 80.26 MB, solutions = 2)
   5914  2142      141.7651    83      146.5046      140.9609  1368730    3.78%
   5951  2177      146.0236    47      146.5046      140.9609  1376709    3.78%
   6013  2233      142.3341    49      146.5046      140.9611  1381615    3.78%
   6047  2257      141.1243    84      146.5046      140.9612  1388218    3.78%
   6098  2307      142.2259    62      146.5046      140.9612  1392482    3.78%
   6139  2340      142.3546    80      146.5046      140.9612  1401983    3.78%
   6164  2365      145.2518    75      146.5046      140.9612  1407043    3.78%
   6210  2400      143.6806    75      146.5046      140.9612  1414068    3.78%
   6229  2415      145.6365    72      146.5046      140.9612  1420598    3.78%
   6254  2430      144.3371    93      146.5046      140.9612  1429981    3.78%
Elapsed time = 1320.15 sec. (1326533.91 ticks, tree = 80.97 MB, solutions = 2)
   6264  2434      146.2305    77      146.5046      140.9614  1436075    3.78%
   6290  2453      141.8341    68      146.5046      140.9615  1445181    3.78%
   6298  2461      141.8357    95      146.5046      140.9615  1452951    3.78%
   6309  2472      141.8433    57      146.5046      140.9615  1459352    3.78%
   6329  2492      142.2060    66      146.5046      140.9615  1468745    3.78%
   6363  2526      143.2712    65      146.5046      140.9615  1478219    3.78%
   6388  2547      145.1112    50      146.5046      140.9615  1482706    3.78%
   6429  2578      141.2917    77      146.5046      140.9616  1491850    3.78%
   6443  2592      142.4451    59      146.5046      140.9616  1498778    3.78%
   6476  2625      142.6119    84      146.5046      140.9616  1505638    3.78%
Elapsed time = 1363.26 sec. (1368565.57 ticks, tree = 81.63 MB, solutions = 2)
   6537  2681      142.5186    82      146.5046      140.9616  1512362    3.78%
   6575  2719      143.4924    63      146.5046      140.9616  1520673    3.78%
   6601  2741      143.4417    56      146.5046      140.9616  1530848    3.78%
   6674  2811      140.9694    91      146.5046      140.9616  1538745    3.78%
   6736  2869      141.3965    87      146.5046      140.9617  1543094    3.78%
   6749  2878      145.1570    86      146.5046      140.9617  1552215    3.78%
   6785  2913      146.2986    43      146.5046      140.9617  1564135    3.78%
   6868  2988      145.3023    46      146.5046      140.9619  1571586    3.78%
   6885  2992      144.9954    71      146.5046      140.9619  1579031    3.78%
   6912  3019      145.5596    38      146.5046      140.9619  1590265    3.78%
Elapsed time = 1401.07 sec. (1407567.08 ticks, tree = 82.43 MB, solutions = 2)
   6988  3090      141.0185    76      146.5046      140.9620  1594437    3.78%
   7047  3142      141.5498    93      146.5046      140.9620  1602734    3.78%
   7072  3166      145.4256    62      146.5046      140.9620  1613292    3.78%
   7126  3205      141.1054    69      146.5046      140.9621  1623127    3.78%
   7209  3280      141.0284    67      146.5046      140.9622  1629853    3.78%
   7288  3353      142.8673    91      146.5046      140.9623  1635410    3.78%
   7346  3411      144.3939    59      146.5046      140.9623  1645709    3.78%
   7387  3448      144.0577    56      146.5046      140.9623  1656097    3.78%
   7426  3477      143.6785    65      146.5046      140.9623  1664364    3.78%
   7446  3495      145.1073    51      146.5046      140.9623  1675456    3.78%
Elapsed time = 1445.08 sec. (1446996.74 ticks, tree = 83.70 MB, solutions = 2)
   7491  3535      145.7740    23      146.5046      140.9623  1685597    3.78%
   7512  3552      143.6584    78      146.5046      140.9626  1693737    3.78%
   7557  3591      140.9669   125      146.5046      140.9627  1702868    3.78%
   7612  3645      141.3243    71      146.5046      140.9627  1710122    3.78%
   7666  3695      142.3287    97      146.5046      140.9630  1718344    3.78%
   7734  3757      141.4485    75      146.5046      140.9637  1724609    3.78%
   7763  3785      144.0032    64      146.5046      140.9637  1732943    3.78%
   7809  3824      140.9762   103      146.5046      140.9639  1739527    3.78%
   7834  3849      141.0842    86      146.5046      140.9639  1749377    3.78%
   7875  3890      142.1740    55      146.5046      140.9639  1759600    3.78%
Elapsed time = 1491.77 sec. (1486185.72 ticks, tree = 84.68 MB, solutions = 2)
   7918  3927      141.8056    78      146.5046      140.9641  1769930    3.78%
   7973  3982      143.1821    57      146.5046      140.9641  1780041    3.78%
   8055  4055      141.1799    74      146.5046      140.9642  1784758    3.78%
   8108  4102      142.8537    75      146.5046      140.9643  1790745    3.78%
   8164  4148      142.4152   101      146.5046      140.9646  1798982    3.78%
   8210  4187      141.2945    67      146.5046      140.9646  1808339    3.78%
   8267  4244      142.1958    38      146.5046      140.9646  1817251    3.78%
   8306  4278      143.7464    57      146.5046      140.9647  1827947    3.78%
   8383  4352      143.1641    49      146.5046      140.9650  1834544    3.78%
   8388  4357      144.9610    36      146.5046      140.9650  1836194    3.78%
Elapsed time = 1547.20 sec. (1533123.61 ticks, tree = 86.41 MB, solutions = 2)
   8467  4424      142.3286    72      146.5046      140.9652  1843079    3.78%
   8526  4483      144.1445    39      146.5046      140.9652  1851364    3.78%
   8545  4499      141.7147    69      146.5046      140.9654  1857983    3.78%
   8557  4511      141.7168    61      146.5046      140.9654  1863771    3.78%
   8580  4533      145.8470    61      146.5046      140.9654  1870787    3.78%
   8600  4546      146.4563    34      146.5046      140.9654  1878013    3.78%
   8621  4561      141.5602    71      146.5046      140.9656  1883151    3.78%
   8664  4595      141.1410    65      146.5046      140.9658  1887701    3.78%
   8727  4658      142.1000    54      146.5046      140.9658  1891264    3.78%
   8753  4675      142.3474    58      146.5046      140.9659  1897527    3.78%
Elapsed time = 1591.73 sec. (1573028.02 ticks, tree = 87.14 MB, solutions = 2)
   8793  4701      141.7732    82      146.5046      140.9662  1905104    3.78%
   8834  4742      143.2544    52      146.5046      140.9662  1911782    3.78%
   8889  4783      141.0990    59      146.5046      140.9664  1920013    3.78%
   8945  4834      143.5889    72      146.5046      140.9664  1926087    3.78%
   8981  4870      144.4421    49      146.5046      140.9664  1935178    3.78%
   9056  4940      144.2007    49      146.5046      140.9664  1941575    3.78%
   9085  4963      145.9571    46      146.5046      140.9664  1949895    3.78%
   9124  4996      146.0602    47      146.5046      140.9664  1958436    3.78%
   9164  5031      142.3510    50      146.5046      140.9665  1963698    3.78%
   9212  5074      144.4088    69      146.5046      140.9666  1970741    3.78%
Elapsed time = 1636.66 sec. (1611683.40 ticks, tree = 88.50 MB, solutions = 2)
   9272  5126      141.1092   102      146.5046      140.9669  1977933    3.78%
   9354  5208      143.5610    34      146.5046      140.9669  1984278    3.78%
   9388  5233      143.8122    74      146.5046      140.9669  1987903    3.78%
   9410  5255      144.1594    53      146.5046      140.9669  1999280    3.78%
   9498  5331      141.5928    51      146.5046      140.9669  2005838    3.78%
   9542  5370      146.4957    56      146.5046      140.9669  2015428    3.78%
   9556  5377      141.2824    55      146.5046      140.9671  2024022    3.78%
   9593  5414      141.8600    67      146.5046      140.9671  2030237    3.78%
   9653  5467      141.1370   105      146.5046      140.9671  2038115    3.78%
   9714  5528      141.6210    84      146.5046      140.9671  2044111    3.78%
Elapsed time = 1689.20 sec. (1658652.97 ticks, tree = 89.86 MB, solutions = 2)
   9756  5563      144.4004    69      146.5046      140.9672  2053753    3.78%
   9781  5586      144.7485    67      146.5046      140.9672  2064330    3.78%
   9808  5613      145.7426    42      146.5046      140.9672  2072860    3.78%
   9851  5648      141.0129    88      146.5046      140.9674  2078707    3.78%
   9903  5695      142.5191    86      146.5046      140.9675  2084368    3.78%
   9933  5724      145.7423    62      146.5046      140.9675  2090841    3.78%
   9987  5771      140.9749    82      146.5046      140.9677  2096197    3.78%
  10050  5828      145.5012    87      146.5046      140.9677  2101021    3.78%
  10079  5842      144.5994    87      146.5046      140.9677  2107473    3.78%
  10107  5868      145.8891    62      146.5046      140.9677  2114521    3.78%
Elapsed time = 1735.14 sec. (1700907.96 ticks, tree = 91.01 MB, solutions = 2)
  10153  5899      140.9677    76      146.5046      140.9677  2121904    3.78%
  10158  5904      142.2476    67      146.5046      140.9677  2126698    3.78%
  10188  5933      145.8291    57      146.5046      140.9677  2132604    3.78%
  10218  5952      141.7209    88      146.5046      140.9677  2138521    3.78%
  10249  5981      146.4228    63      146.5046      140.9677  2144006    3.78%
  10279  6002      140.9677    74      146.5046      140.9677  2151163    3.78%
  10286  6009      140.9963    77      146.5046      140.9677  2158645    3.78%
  10295  6018      141.0599    69      146.5046      140.9677  2165826    3.78%
  10350  6073      141.0681    77      146.5046      140.9677  2168944    3.78%
* 10388+ 6106                          146.5006      140.9677             3.78%
  10388  6108      141.8158    60      146.5006      140.9677  2173143    3.78%
Elapsed time = 1781.23 sec. (1744753.27 ticks, tree = 91.65 MB, solutions = 3)
  10450  6158      141.1101    70      146.5006      140.9677  2178176    3.78%
  10533  6241      143.4948    51      146.5006      140.9677  2182680    3.78%
  10549  6251      143.0171   101      146.5006      140.9677  2187760    3.78%
  10585  6283      146.2149    51      146.5006      140.9677  2195679    3.78%
  10602  6296      143.0149    95      146.5006      140.9677  2201463    3.78%
  10632  6321      141.2439    75      146.5006      140.9677  2209436    3.78%
  10648  6337      142.5920    75      146.5006      140.9677  2216653    3.78%
  10708  6393        cutoff            146.5006      140.9677  2223828    3.78%
  10723  6404      141.0331    75      146.5006      140.9678  2231320    3.78%
  10752  6433      141.1982    72      146.5006      140.9678  2239117    3.78%
Elapsed time = 1824.39 sec. (1784599.35 ticks, tree = 92.75 MB, solutions = 3)
  10818  6499      143.0425    51      146.5006      140.9678  2244830    3.78%
  10844  6519      144.8424    65      146.5006      140.9679  2255475    3.78%
  10900  6568      141.5955    65      146.5006      140.9679  2264757    3.78%
  10932  6593      141.1412    71      146.5006      140.9680  2276511    3.78%
  11006  6667      143.3496    41      146.5006      140.9680  2281700    3.78%
  11074  6727      141.0900    66      146.5006      140.9680  2288328    3.78%
  11150  6797      141.0994    72      146.5006      140.9681  2292541    3.78%
  11202  6845      141.0982    85      146.5006      140.9681  2299069    3.78%
  11263  6900      142.6965    62      146.5006      140.9684  2306194    3.78%
  11286  6923      143.4442    79      146.5006      140.9684  2317890    3.78%
Elapsed time = 1873.82 sec. (1823830.44 ticks, tree = 94.42 MB, solutions = 3)
  11315  6946      145.0385    50      146.5006      140.9684  2328386    3.78%
  11362  6985      143.2775    59      146.5006      140.9685  2338689    3.78%
  11446  7063      140.9863    68      146.5006      140.9685  2345496    3.78%
  11496  7107      142.9828    90      146.5006      140.9685  2354571    3.78%
  11531  7142      144.3700    59      146.5006      140.9685  2361284    3.78%
  11561  7167      141.0549    95      146.5006      140.9685  2368480    3.78%
  11588  7194      141.0640    94      146.5006      140.9685  2373892    3.78%
  11655  7257      141.7738    73      146.5006      140.9689  2378807    3.78%
  11684  7286      143.5704    54      146.5006      140.9689  2387848    3.78%
  11720  7317      141.0306    57      146.5006      140.9689  2396176    3.78%
Elapsed time = 1918.60 sec. (1863457.13 ticks, tree = 95.58 MB, solutions = 3)
  11784  7381      141.1090    65      146.5006      140.9689  2399489    3.78%
  11823  7415      142.6375    74      146.5006      140.9690  2403032    3.78%
  11853  7444      144.2285    60      146.5006      140.9690  2408755    3.78%
  11888  7474      142.3892    77      146.5006      140.9691  2414528    3.78%
  11951  7537      144.9896    45      146.5006      140.9691  2418084    3.78%
  11964  7546      142.0443    62      146.5006      140.9691  2423231    3.78%
  11974  7555      144.2598    89      146.5006      140.9691  2428849    3.78%
  11997  7573      142.6149    77      146.5006      140.9691  2438681    3.78%
  12014  7589      145.6270    59      146.5006      140.9691  2447333    3.78%
  12048  7616      140.9748    95      146.5006      140.9692  2453566    3.78%
Elapsed time = 1957.54 sec. (1903008.74 ticks, tree = 96.41 MB, solutions = 3)
  12106  7674      142.2255    59      146.5006      140.9692  2456115    3.78%
  12136  7699      144.9347    32      146.5006      140.9692  2466261    3.78%
  12202  7761      141.0342    63      146.5006      140.9694  2468829    3.78%
  12255  7807      142.2511    79      146.5006      140.9696  2476142    3.78%
  12285  7837      143.5712    71      146.5006      140.9696  2483900    3.78%
  12332  7878      141.6318    71      146.5006      140.9697  2491771    3.78%
  12366  7912      144.1221    50      146.5006      140.9697  2501611    3.78%
  12406  7940      146.3129    17      146.5006      140.9697  2512017    3.78%
  12452  7984      142.3856    55      146.5006      140.9697  2518754    3.78%
  12496  8023      145.9095    48      146.5006      140.9697  2527416    3.78%
Elapsed time = 1998.17 sec. (1942094.19 ticks, tree = 97.79 MB, solutions = 3)
  12552  8074      141.8357    61      146.5006      140.9698  2534863    3.78%
  12583  8100      143.2578    66      146.5006      140.9698  2543937    3.78%
  12639  8150      146.4601    90      146.5006      140.9700  2551852    3.78%
  12676  8183      143.6587    64      146.5006      140.9700  2562336    3.78%
  12717  8214      143.2418    58      146.5006      140.9701  2574944    3.78%
  12761  8251      143.3776    90      146.5006      140.9702  2585119    3.77%
  12810  8300      144.3960    43      146.5006      140.9702  2594159    3.77%
  12854  8339      145.1892    52      146.5006      140.9704  2603537    3.77%
  12934  8415      141.5066    54      146.5006      140.9704  2607348    3.77%
  12988  8463      143.4544    57      146.5006      140.9705  2615060    3.77%
Elapsed time = 2046.24 sec. (1982860.87 ticks, tree = 99.62 MB, solutions = 3)
  13025  8487      140.9715   114      146.5006      140.9705  2625339    3.77%
  13117  8579      142.7238    45      146.5006      140.9705  2628524    3.77%
  13186  8644      140.9863   105      146.5006      140.9708  2635383    3.77%
  13254  8708      141.0921    87      146.5006      140.9709  2641159    3.77%
  13321  8770      141.2083    69      146.5006      140.9710  2647950    3.77%
  13354  8802      144.0386    51      146.5006      140.9710  2654341    3.77%
  13388  8830      145.6697    70      146.5006      140.9711  2662591    3.77%
  13410  8844      144.8667    91      146.5006      140.9711  2668591    3.77%
  13461  8890      141.5361    75      146.5006      140.9714  2677701    3.77%
  13478  8907      144.9624    65      146.5006      140.9714  2684463    3.77%
Elapsed time = 2106.90 sec. (2037025.39 ticks, tree = 101.12 MB, solutions = 3)
  13520  8945      140.9784    82      146.5006      140.9715  2688991    3.77%
  13599  9020      140.9811    82      146.5006      140.9715  2693011    3.77%
  13688  9109      141.2312    60      146.5006      140.9715  2695413    3.77%
  13733  9145      141.8188    60      146.5006      140.9716  2701693    3.77%
  13760  9169      143.1762    64      146.5006      140.9716  2709593    3.77%
  13788  9190      140.9716   106      146.5006      140.9716  2714352    3.77%
  13848  9250      143.7791    47      146.5006      140.9716  2719013    3.77%
  13883  9280      141.2047    72      146.5006      140.9717  2722764    3.77%
  13948  9341      140.9737   100      146.5006      140.9717  2727641    3.77%
  14018  9410      146.3971    39      146.5006      140.9717  2733369    3.77%
Elapsed time = 2154.77 sec. (2076045.75 ticks, tree = 102.83 MB, solutions = 3)
  14036  9423      145.1336    58      146.5006      140.9717  2740024    3.77%
  14072  9452      141.1235    85      146.5006      140.9717  2747237    3.77%
  14102  9482      142.6600    61      146.5006      140.9717  2755684    3.77%
  14161  9527      142.1821    82      146.5006      140.9717  2763900    3.77%
  14178  9540      146.3042    42      146.5006      140.9717  2772948    3.77%
  14249  9607      141.1083    64      146.5006      140.9718  2777604    3.77%
  14294  9648      142.5481    91      146.5006      140.9718  2784962    3.77%
  14368  9722      144.0011    45      146.5006      140.9718  2790139    3.77%
  14451  9799      142.1795    39      146.5006      140.9718  2794367    3.77%
  14476  9817      144.5585    64      146.5006      140.9718  2804045    3.77%
Elapsed time = 2200.58 sec. (2115237.81 ticks, tree = 104.04 MB, solutions = 3)
  14508  9847      143.8769    49      146.5006      140.9718  2814075    3.77%
  14548  9876      142.3474    87      146.5006      140.9719  2819764    3.77%
  14627  9950      141.1537    77      146.5006      140.9721  2824684    3.77%
  14702 10021      141.1117    88      146.5006      140.9723  2829837    3.77%
  14749 10062      142.2707    91      146.5006      140.9724  2837175    3.77%
  14823 10136      142.7520    74      146.5006      140.9724  2840722    3.77%
  14868 10173      140.9940   106      146.5006      140.9725  2848843    3.77%
  14887 10190      143.5915    63      146.5006      140.9725  2859795    3.77%
  14948 10243      145.4083    40      146.5006      140.9725  2871782    3.77%
  15006 10292      141.7233    76      146.5006      140.9725  2876732    3.77%
Elapsed time = 2248.97 sec. (2153661.65 ticks, tree = 105.64 MB, solutions = 3)
  15083 10364      141.0048    86      146.5006      140.9726  2880430    3.77%
  15149 10424      140.9902   107      146.5006      140.9727  2887565    3.77%
  15224 10491      141.3818    70      146.5006      140.9727  2893002    3.77%
  15276 10543      145.1471    49      146.5006      140.9727  2899382    3.77%
  15308 10568      145.4868    48      146.5006      140.9728  2910753    3.77%
  15332 10582      145.7206    37      146.5006      140.9728  2921687    3.77%
  15428 10672      141.9043    42      146.5006      140.9728  2926984    3.77%
  15484 10720      141.6162    70      146.5006      140.9729  2932610    3.77%
  15535 10767      141.0490    99      146.5006      140.9730  2939962    3.77%
  15602 10830      141.2742    64      146.5006      140.9730  2946795    3.77%
Elapsed time = 2300.91 sec. (2193148.00 ticks, tree = 107.48 MB, solutions = 3)
  15614 10841      142.2674    56      146.5006      140.9730  2954534    3.77%
  15631 10858      143.6137    44      146.5006      140.9730  2962377    3.77%
  15667 10880      146.4771    59      146.5006      140.9731  2969417    3.77%
  15749 10955      144.2573    48      146.5006      140.9731  2976031    3.77%
  15798 10997      144.5241    52      146.5006      140.9732  2981887    3.77%
  15830 11016      144.0461    61      146.5006      140.9732  2989540    3.77%
  15855 11034      141.4543    93      146.5006      140.9732  2996876    3.77%
  15872 11050      144.5283    44      146.5006      140.9732  3003987    3.77%
  15902 11074      142.3407    51      146.5006      140.9734  3011235    3.77%
  15946 11114      143.0885    71      146.5006      140.9736  3017641    3.77%
Elapsed time = 2346.60 sec. (2234695.99 ticks, tree = 108.44 MB, solutions = 3)
  15980 11147      144.2837    54      146.5006      140.9736  3025667    3.77%
  16012 11170    infeasible            146.5006      140.9736  3035065    3.77%
  16035 11189      145.4114    45      146.5006      140.9738  3044997    3.77%
  16090 11238      140.9837   110      146.5006      140.9738  3048129    3.77%
  16136 11284      144.8288    55      146.5006      140.9738  3053503    3.77%
  16202 11346      143.2294    35      146.5006      140.9739  3059519    3.77%
  16238 11378      142.5050    82      146.5006      140.9739  3065605    3.77%
  16301 11436      141.1603    74      146.5006      140.9739  3071208    3.77%
  16356 11487      145.6255    61      146.5006      140.9739  3080970    3.77%
  16388 11515      146.1104    38      146.5006      140.9739  3090448    3.77%
Elapsed time = 2394.11 sec. (2275584.41 ticks, tree = 109.81 MB, solutions = 3)
  16406 11527      144.5024    59      146.5006      140.9740  3100393    3.77%
  16436 11553      144.2272    56      146.5006      140.9741  3109805    3.77%
  16470 11582      142.0183    73      146.5006      140.9743  3120660    3.77%
  16519 11621      142.4152    69      146.5006      140.9744  3130979    3.77%
  16577 11674      141.1254    86      146.5006      140.9744  3139725    3.77%
  16642 11728      140.9957    80      146.5006      140.9745  3145884    3.77%
  16704 11786      141.3147    96      146.5006      140.9745  3153616    3.77%
  16741 11823      142.8343    70      146.5006      140.9745  3160113    3.77%
  16818 11894      140.9990   114      146.5006      140.9746  3164291    3.77%
  16881 11952      143.2504    93      146.5006      140.9747  3171151    3.77%
Elapsed time = 2442.84 sec. (2315301.23 ticks, tree = 111.30 MB, solutions = 3)
  16931 11992      143.2768    68      146.5006      140.9747  3179864    3.77%
  16988 12037      140.9900    64      146.5006      140.9747  3186924    3.77%
  17063 12108      141.0005    65      146.5006      140.9747  3193499    3.77%
  17120 12155      144.1278    62      146.5006      140.9750  3201847    3.77%
  17168 12201      142.9392    59      146.5006      140.9750  3211024    3.77%
  17229 12253      141.1699    60      146.5006      140.9750  3217637    3.77%
  17309 12325      141.1471    67      146.5006      140.9750  3222890    3.77%
  17354 12366      144.8132    44      146.5006      140.9751  3231897    3.77%
  17393 12401      141.1046    84      146.5006      140.9751  3235401    3.77%
  17448 12456      142.6473    51      146.5006      140.9751  3239812    3.77%
Elapsed time = 2493.52 sec. (2354801.33 ticks, tree = 113.02 MB, solutions = 3)
  17482 12486      142.6046    53      146.5006      140.9752  3251001    3.77%
  17531 12529      141.4289    61      146.5006      140.9752  3262264    3.77%
  17587 12583      145.0885    43      146.5006      140.9752  3267763    3.77%
  17652 12643      141.1583    76      146.5006      140.9753  3271485    3.77%
  17710 12691      141.0389    80      146.5006      140.9753  3276691    3.77%
  17726 12704      146.3105    40      146.5006      140.9753  3284201    3.77%
  17760 12734      142.6466    69      146.5006      140.9754  3290185    3.77%
  17829 12792      141.4275   102      146.5006      140.9754  3295603    3.77%
  17860 12820      145.4596    39      146.5006      140.9754  3304138    3.77%
  17907 12856      141.0355    95      146.5006      140.9755  3308671    3.77%
Elapsed time = 2532.84 sec. (2393649.88 ticks, tree = 114.38 MB, solutions = 3)
  17958 12902      140.9769   141      146.5006      140.9756  3314665    3.77%
  18024 12968      143.0534    37      146.5006      140.9756  3318786    3.77%
  18088 13028      144.8361    38      146.5006      140.9756  3323831    3.77%
  18148 13082      141.4646    67      146.5006      140.9758  3326628    3.77%
  18173 13100      144.8652    68      146.5006      140.9758  3333202    3.77%
  18197 13122      142.0653    74      146.5006      140.9758  3339388    3.77%
  18218 13133      142.5327    88      146.5006      140.9758  3348522    3.77%
  18248 13162      143.5179    68      146.5006      140.9758  3354769    3.77%
  18318 13226      140.9987    89      146.5006      140.9759  3359078    3.77%
  18364 13265      142.5509    89      146.5006      140.9759  3366370    3.77%
Elapsed time = 2582.05 sec. (2433587.84 ticks, tree = 115.78 MB, solutions = 3)
* 18388+13122                          146.4182      140.9759             3.72%
  18388 13124      142.5972   106      146.4182      140.9759  3371321    3.72%
  18444 13180      143.9384    52      146.4182      140.9759  3378042    3.72%
* 18488+13201                          146.4062      140.9759             3.71%
  18497 13212      142.0961    54      146.4062      140.9759  3383632    3.71%
  18538 13249      142.5844    82      146.4062      140.9759  3391321    3.71%
  18563 13274      145.6640    74      146.4062      140.9759  3400224    3.71%
  18590 13301      146.3444    46      146.4062      140.9759  3411294    3.71%
  18621 13326      142.1201    91      146.4062      140.9759  3417682    3.71%
  18665 13362      143.7291    68      146.4062      140.9760  3428318    3.71%
  18729 13422      141.1561    75      146.4062      140.9761  3434174    3.71%
  18778 13464      144.1609    63      146.4062      140.9762  3441662    3.71%
Elapsed time = 2628.57 sec. (2472583.44 ticks, tree = 114.34 MB, solutions = 5)
  18840 13511      141.5392   100      146.4062      140.9762  3451203    3.71%
  18906 13577      142.5586    68      146.4062      140.9762  3455861    3.71%
  18928 13594      143.1438    70      146.4062      140.9762  3464470    3.71%
  18972 13633      140.9857    96      146.4062      140.9762  3473657    3.71%
  19039 13700      144.6746    47      146.4062      140.9762  3479354    3.71%
  19095 13752      145.8895    47      146.4062      140.9762  3487135    3.71%
  19140 13786      141.0506   103      146.4062      140.9763  3498457    3.71%
  19215 13861      141.2479    72      146.4062      140.9763  3502593    3.71%
  19268 13906      141.9674    59      146.4062      140.9763  3511408    3.71%
  19341 13975      144.1924    39      146.4062      140.9763  3518295    3.71%
Elapsed time = 2680.44 sec. (2511459.84 ticks, tree = 116.08 MB, solutions = 5)
  19411 14040      141.0632    73      146.4062      140.9765  3522311    3.71%
  19451 14074      141.3928    68      146.4062      140.9765  3531966    3.71%
  19486 14098      142.5277    68      146.4062      140.9765  3542724    3.71%
  19553 14161      140.9932   122      146.4062      140.9765  3549719    3.71%
  19620 14224      140.9963    82      146.4062      140.9766  3554767    3.71%
  19689 14293      143.7248    54      146.4062      140.9766  3559252    3.71%
  19727 14326      143.2722    62      146.4062      140.9766  3568514    3.71%
  19764 14353      143.0198    73      146.4062      140.9768  3578251    3.71%
  19817 14403      141.0049    69      146.4062      140.9768  3585682    3.71%
  19893 14479      142.9924    47      146.4062      140.9768  3592138    3.71%
Elapsed time = 2731.38 sec. (2550489.41 ticks, tree = 117.79 MB, solutions = 5)
  19915 14497      144.1645    58      146.4062      140.9768  3601855    3.71%
  19935 14509      140.9929    96      146.4062      140.9770  3608536    3.71%
  19968 14542      143.2036    62      146.4062      140.9770  3615354    3.71%
  19988 14558      142.3147    64      146.4062      140.9771  3623312    3.71%
  20018 14588      142.3466    72      146.4062      140.9771  3629925    3.71%
  20059 14622      141.1257   115      146.4062      140.9771  3635941    3.71%
  20139 14702      144.5819    51      146.4062      140.9771  3640306    3.71%
  20169 14723      144.0749    44      146.4062      140.9772  3649157    3.71%
  20224 14771      142.0107    76      146.4062      140.9773  3656117    3.71%
  20265 14805      140.9839    99      146.4062      140.9773  3661895    3.71%
Elapsed time = 2775.56 sec. (2589387.02 ticks, tree = 118.71 MB, solutions = 5)
  20319 14859      143.5172    53      146.4062      140.9773  3667952    3.71%
  20353 14888      142.4263    68      146.4062      140.9773  3675087    3.71%
  20382 14910      141.7562   101      146.4062      140.9774  3680051    3.71%
  20409 14937      143.7199    55      146.4062      140.9774  3686926    3.71%
  20451 14969      141.6410    81      146.4062      140.9774  3693308    3.71%
  20520 15032      140.9954    79      146.4062      140.9774  3699514    3.71%
  20543 15048      141.8928    65      146.4062      140.9774  3709047    3.71%
  20588 15093      142.5827    65      146.4062      140.9774  3713809    3.71%
  20643 15142      141.6467    60      146.4062      140.9775  3720950    3.71%
  20709 15204      141.1623    52      146.4062      140.9776  3727935    3.71%
Elapsed time = 2822.68 sec. (2628749.24 ticks, tree = 120.07 MB, solutions = 5)
  20739 15228      141.4049    62      146.4062      140.9776  3736892    3.71%
  20801 15290      142.9756    49      146.4062      140.9776  3742752    3.71%
  20835 15320      143.9970    52      146.4062      140.9777  3753440    3.71%
  20869 15346      143.5733    66      146.4062      140.9777  3761277    3.71%
  20914 15387      143.1960    63      146.4062      140.9777  3769434    3.71%
  20982 15450      141.7822    64      146.4062      140.9778  3777239    3.71%
  21055 15517      144.2174    57      146.4062      140.9778  3784141    3.71%
  21087 15542      143.3271    56      146.4062      140.9779  3793734    3.71%
  21136 15578      142.7843    72      146.4062      140.9779  3804014    3.71%
  21208 15646      142.9980    42      146.4062      140.9779  3810779    3.71%
Elapsed time = 2869.15 sec. (2667422.24 ticks, tree = 121.57 MB, solutions = 5)
  21257 15687      141.1052    74      146.4062      140.9779  3817047    3.71%
  21317 15743      143.4798    71      146.4062      140.9779  3823234    3.71%
  21359 15783      144.8469    54      146.4062      140.9779  3833611    3.71%
  21389 15804      145.4687    71      146.4062      140.9779  3841142    3.71%
  21417 15828      145.7237    66      146.4062      140.9780  3852532    3.71%
  21461 15867      141.0153   106      146.4062      140.9780  3861641    3.71%
  21511 15911      141.0736    61      146.4062      140.9781  3867487    3.71%
  21580 15976      141.8390    60      146.4062      140.9781  3874677    3.71%
  21621 16011      142.4123    57      146.4062      140.9782  3883849    3.71%
  21654 16044      144.0096    37      146.4062      140.9782  3894879    3.71%
Elapsed time = 2917.13 sec. (2706515.08 ticks, tree = 122.93 MB, solutions = 5)
  21693 16076      141.4456    72      146.4062      140.9782  3904336    3.71%
  21747 16122      142.3361    67      146.4062      140.9783  3912658    3.71%
  21792 16162      144.1571    61      146.4062      140.9783  3922537    3.71%
  21857 16224      141.0936    73      146.4062      140.9784  3930456    3.71%
  21904 16265      146.0893    74      146.4062      140.9784  3937722    3.71%
  21963 16322      145.6072    40      146.4062      140.9784  3949178    3.71%
  22034 16385      141.0780    73      146.4062      140.9786  3957274    3.71%
  22099 16449      143.1780    45      146.4062      140.9786  3961258    3.71%
  22163 16509      141.6853    63      146.4062      140.9786  3967839    3.71%
  22197 16539      144.1500    88      146.4062      140.9786  3973417    3.71%
Elapsed time = 2966.75 sec. (2746277.28 ticks, tree = 125.28 MB, solutions = 5)
  22233 16565      142.9660    75      146.4062      140.9788  3982740    3.71%
  22275 16603      144.1845    40      146.4062      140.9788  3991241    3.71%
  22348 16667      141.3477    45      146.4062      140.9788  3996218    3.71%
  22367 16679      145.1280    57      146.4062      140.9789  4002977    3.71%
  22435 16743      141.1434    67      146.4062      140.9789  4007487    3.71%
  22490 16794      141.8276    57      146.4062      140.9790  4013739    3.71%
  22513 16812      142.0254    71      146.4062      140.9790  4021392    3.71%
  22549 16848      144.2512    56      146.4062      140.9790  4028056    3.71%
  22580 16867      141.9260    69      146.4062      140.9790  4037940    3.71%
  22618 16898      142.8259    65      146.4062      140.9791  4046560    3.71%
Elapsed time = 3012.36 sec. (2785852.59 ticks, tree = 126.50 MB, solutions = 5)
  22645 16918      141.1172    59      146.4062      140.9793  4056196    3.71%
  22704 16977      142.7343    50      146.4062      140.9793  4061218    3.71%
  22739 17008      143.1337    59      146.4062      140.9793  4068098    3.71%
  22782 17046      142.6274    69      146.4062      140.9793  4076152    3.71%
  22816 17080      142.7570    62      146.4062      140.9793  4085273    3.71%
  22849 17106      141.4140    86      146.4062      140.9794  4093332    3.71%
  22883 17139      141.4243    81      146.4062      140.9794  4098626    3.71%
  22929 17181      142.5403    72      146.4062      140.9794  4105655    3.71%
  22979 17225      141.1137    97      146.4062      140.9795  4113901    3.71%
  23035 17277      142.5398    70      146.4062      140.9795  4120516    3.71%
Elapsed time = 3058.97 sec. (2826079.64 ticks, tree = 127.79 MB, solutions = 5)
  23080 17316      144.8026    42      146.4062      140.9795  4128871    3.71%
  23093 17323      141.0774    74      146.4062      140.9795  4133664    3.71%
  23109 17338      143.2445    69      146.4062      140.9795  4141130    3.71%
  23144 17365      146.3357    46      146.4062      140.9795  4150689    3.71%
  23198 17413      142.6991    58      146.4062      140.9795  4157498    3.71%
  23236 17437      146.3604    26      146.4062      140.9796  4168413    3.71%
  23281 17478      142.5346    79      146.4062      140.9796  4173797    3.71%
  23325 17504      141.0410    78      146.4062      140.9797  4182711    3.71%
  23388 17567      145.2273    42      146.4062      140.9797  4186140    3.71%
  23419 17593      142.6881    79      146.4062      140.9797  4195100    3.71%
Elapsed time = 3108.23 sec. (2867828.23 ticks, tree = 128.87 MB, solutions = 5)
  23489 17657      141.0670    67      146.4062      140.9798  4200366    3.71%
  23524 17685      146.2496    67      146.4062      140.9800  4209689    3.71%
  23547 17700      145.2730    74      146.4062      140.9800  4222468    3.71%
  23584 17732      141.0622    78      146.4062      140.9800  4230806    3.71%
  23649 17797      143.7643    51      146.4062      140.9800  4236708    3.71%
  23721 17863      146.1313    46      146.4062      140.9802  4243771    3.71%
  23778 17916      143.5228    51      146.4062      140.9803  4249060    3.71%
  23785 17919      140.9803    63      146.4062      140.9803  4255023    3.71%
  23798 17931      143.6371    67      146.4062      140.9803  4262639    3.71%
  23829 17945      143.9973    81      146.4062      140.9803  4274358    3.71%
Elapsed time = 3155.77 sec. (2908315.07 ticks, tree = 130.07 MB, solutions = 5)
  23854 17966      145.9624    48      146.4062      140.9803  4280792    3.71%
  23877 17985      141.7916    80      146.4062      140.9803  4288938    3.71%
  23890 17998      141.9182    77      146.4062      140.9803  4294952    3.71%
  23959 18067      145.3628    52      146.4062      140.9803  4301590    3.71%
  23989 18082      146.4018    45      146.4062      140.9803  4311747    3.71%
  24039 18126      140.9988    97      146.4062      140.9803  4317904    3.71%
  24098 18177      140.9879    69      146.4062      140.9803  4324043    3.71%
  24113 18189      145.3177    75      146.4062      140.9803  4329794    3.71%
  24157 18222      140.9803    64      146.4062      140.9803  4341380    3.71%
  24188 18253      140.9938   130      146.4062      140.9803  4347716    3.71%
Elapsed time = 3201.56 sec. (2949772.42 ticks, tree = 131.11 MB, solutions = 5)
  24263 18328      142.6600    48      146.4062      140.9803  4353237    3.71%
  24286 18347      141.1791   114      146.4062      140.9803  4361687    3.71%
  24336 18397      142.8089    68      146.4062      140.9803  4366383    3.71%
  24386 18443      140.9819   138      146.4062      140.9803  4373815    3.71%
  24465 18522      141.1661    83      146.4062      140.9803  4377847    3.71%
  24510 18561      141.0570    82      146.4062      140.9803  4385287    3.71%
  24579 18630      142.9836    58      146.4062      140.9803  4391459    3.71%
  24601 18644      143.1753    73      146.4062      140.9803  4398836    3.71%
  24629 18671      145.3744    64      146.4062      140.9803  4407486    3.71%
  24650 18686      141.3399    86      146.4062      140.9803  4416760    3.71%
Elapsed time = 3251.41 sec. (2989895.21 ticks, tree = 132.58 MB, solutions = 5)
  24683 18719      144.6862    50      146.4062      140.9803  4425392    3.71%
  24688 18724      145.2835    50      146.4062      140.9803  4426667    3.71%
  24717 18743      146.3840    36      146.4062      140.9803  4438400    3.71%
  24757 18779      143.5460    62      146.4062      140.9803  4446845    3.71%
  24788 18804      142.6249    95      146.4062      140.9804  4452660    3.71%
  24838 18848      142.9375    65      146.4062      140.9805  4460714    3.71%
  24867 18873      145.6856    52      146.4062      140.9805  4472806    3.71%
  24940 18939      141.5167    62      146.4062      140.9806  4477434    3.71%
  24981 18975      142.8148    73      146.4062      140.9806  4484310    3.71%
  24988 18982      144.0838    75      146.4062      140.9806  4485268    3.71%
Elapsed time = 3328.20 sec. (3064989.99 ticks, tree = 133.58 MB, solutions = 5)
  25015 19003      145.5120    69      146.4062      140.9806  4491768    3.71%
  25037 19018      144.5306   100      146.4062      140.9806  4501789    3.71%
  25062 19040      146.3600    40      146.4062      140.9806  4511810    3.71%
* 25088+18307                          146.0015      140.9807             3.44%
  25088 18309      142.2380    68      146.0015      140.9807  4518295    3.44%
  25110 18325      141.2412    50      146.0015      140.9807  4526811    3.44%
  25150 18361      141.1096    88      146.0015      140.9808  4533849    3.44%
  25188 18399      141.4559    95      146.0015      140.9808  4538013    3.44%
  25225 18431      141.0520    69      146.0015      140.9808  4544616    3.44%
  25254 18460      141.2302    86      146.0015      140.9808  4552004    3.44%
  25288 18494      142.4908    73      146.0015      140.9808  4553876    3.44%
Elapsed time = 3398.46 sec. (3143151.72 ticks, tree = 129.28 MB, solutions = 6)
  25333 18536      143.8957    68      146.0015      140.9808  4560986    3.44%
  25360 18558      143.0950    54      146.0015      140.9809  4569302    3.44%
  25383 18579      143.9824    48      146.0015      140.9809  4576551    3.44%
  25388 18583      143.9824    47      146.0015      140.9809  4578572    3.44%
  25424 18610      145.1748    63      146.0015      140.9809  4587642    3.44%
  25448 18623      141.9557    78      146.0015      140.9809  4595645    3.44%
  25488 18663      143.0427    60      146.0015      140.9809  4600654    3.44%
  25543 18706      142.3270    81      146.0015      140.9810  4607166    3.44%
  25588 18751      143.3402    62      146.0015      140.9810  4608827    3.44%
  25631 18789      142.2028    80      146.0015      140.9810  4614956    3.44%
Elapsed time = 3479.01 sec. (3221503.08 ticks, tree = 130.28 MB, solutions = 6)
  25677 18825      145.1554    55      146.0015      140.9810  4622970    3.44%
  25740 18879      141.0089   123      146.0015      140.9810  4628067    3.44%
  25788 18924      145.7439    47      146.0015      140.9810  4632748    3.44%
  25816 18949      142.8875    57      146.0015      140.9810  4640739    3.44%
  25879 19007      141.7795    60      146.0015      140.9811  4647581    3.44%
  25931 19054      142.4604    55      146.0015      140.9811  4655990    3.44%
  25966 19080      143.9919    49      146.0015      140.9812  4666543    3.44%
* 25988+18955                          145.9217      140.9814             3.39%
  25988 18957      143.2497    78      145.9217      140.9814  4673620    3.39%
  26028 18989      141.2159    78      145.9217      140.9814  4681946    3.39%
  26088 19045      141.1027    56      145.9217      140.9814  4690227    3.39%
Elapsed time = 3559.49 sec. (3295864.30 ticks, tree = 131.15 MB, solutions = 7)
  26146 19097      141.0880    64      145.9217      140.9815  4696193    3.39%
* 26188+18059                          145.3095      140.9815             2.98%
* 26188+16746                          144.7097      140.9815             2.58%
  26188 16748      141.9154   105      144.7097      140.9815  4701282    2.58%
  26257 16810      141.2999    84      144.7097      140.9815  4707719    2.58%
  26288 16841      142.6941    57      144.7097      140.9815  4710442    2.58%
  26342 16882      144.1025    77      144.7097      140.9817  4719530    2.58%
  26378 16912      144.3847    44      144.7097      140.9818  4729546    2.58%

GUB cover cuts applied:  72
Clique cuts applied:  49
Cover cuts applied:  1
Implied bound cuts applied:  45
Flow cuts applied:  12
Mixed integer rounding cuts applied:  458
Zero-half cuts applied:  5
Gomory fractional cuts applied:  26

Root node processing (before b&c):
  Real time             =   14.51 sec. (13044.20 ticks)
Sequential b&c:
  Real time             = 3585.49 sec. (3318677.21 ticks)
                          ------------
Total (root+branch&cut) = 3600.00 sec. (3331721.42 ticks)
