Version identifier: 22.1.0.0 | 2022-03-09 | 1a383f8ce
CPXPARAM_Read_DataCheck                          1
CPXPARAM_Threads                                 1
CPXPARAM_TimeLimit                               3600
Tried aggregator 2 times.
MIP Presolve eliminated 11586 rows and 482 columns.
MIP Presolve modified 97087 coefficients.
Aggregator did 294 substitutions.
Reduced MIP has 19111 rows, 1444 columns, and 150575 nonzeros.
Reduced MIP has 1069 binaries, 0 generals, 0 SOSs, and 0 indicators.
Presolve time = 0.38 sec. (286.25 ticks)
Probing time = 0.01 sec. (7.83 ticks)
Tried aggregator 1 time.
Detecting symmetries...
Reduced MIP has 19111 rows, 1444 columns, and 150575 nonzeros.
Reduced MIP has 1069 binaries, 0 generals, 0 SOSs, and 0 indicators.
Presolve time = 0.13 sec. (62.86 ticks)
Probing time = 0.02 sec. (7.76 ticks)
Clique table members: 820.
MIP emphasis: balance optimality and feasibility.
MIP search method: dynamic search.
Parallel mode: none, using 1 thread.
Root relaxation solution time = 0.10 sec. (101.35 ticks)

        Nodes                                         Cuts/
   Node  Left     Objective  IInf  Best Integer    Best Bound    ItCnt     Gap

      0     0      303.9344   204                    303.9344      650         
      0     0      303.9344    91                   Cuts: 780     1188         
      0     0      303.9344   113                   Cuts: 926     1869         
      0     0      303.9349   134                   Cuts: 263     2709         
Detecting symmetries...
      0     2      303.9349   134                    303.9353     2709         
Elapsed time = 9.13 sec. (8536.77 ticks, tree = 0.01 MB, solutions = 0)
      5     7      303.9410   127                    303.9418     3679         
      8    10      304.0991   133                    303.9418     4579         
     11    13      304.1321   107                    303.9418     5675         
     13    15      317.5813   106                    303.9418     7197         
     14    16      316.5684   111                    303.9418     8393         
     16    18      343.2920   110                    303.9418     9058         
     20    22      309.1624   102                    303.9418    10086         
     28    30      307.3512    90                    303.9418    11805         
     30    32      321.6878    80                    303.9418    12401         
     72    64      315.9549    71                    303.9418    16419         
Elapsed time = 13.31 sec. (12674.99 ticks, tree = 0.95 MB, solutions = 0)
     84    74      304.2524    59                    303.9418    19457         
     93    83      304.2524    58                    303.9418    20687         
    107    97      304.2720    56                    303.9418    23742         
    120   108      304.8551    64                    303.9418    25852         
    140   128      304.5762    56                    303.9418    27889         
    164   152      311.1094    42                    303.9418    31704         
    184   170      311.4269    45                    303.9418    34989         
    200   180      304.4117   100                    303.9603    38390         
    217   193      313.6800   103                    303.9603    42234         
    220   196      329.4609    84                    303.9603    42634         
Elapsed time = 23.54 sec. (23099.69 ticks, tree = 4.68 MB, solutions = 0)
    228   202      357.7520   115                    303.9603    44973         
    257   227      306.3851    62                    303.9603    48800         
    269   236      304.5244    80                    303.9603    50996         
    285   250      304.9697    79                    303.9603    52991         
    304   269      314.3286    51                    303.9603    56114         
    331   288      304.0060   104                    303.9962    60930         
    347   304      323.0932    76                    303.9962    63992         
    364   321      305.5493    70                    303.9962    67617         
    384   339      305.9414    51                    303.9962    70962         
    402   355      304.0132   125                    303.9963    75258         
Elapsed time = 33.64 sec. (33456.65 ticks, tree = 6.09 MB, solutions = 0)
    461   412      333.6881    43                    303.9963    78416         
    520   461      304.0884    65                    304.0131    80825         
    556   493      306.3801    49                    304.0131    84962         
    576   509      304.6661   102                    304.0133    88139         
    600   531      305.9427    61                    304.0133    90684         
    630   553      335.7455   107                    304.0254    94480         
    640   561      321.5625    93                    304.0254    96939         
    649   570      321.8198    71                    304.0254   101084         
    653   574      326.4188    82                    304.0254   104429         
    689   610      348.5554    65                    304.0254   109452         
Elapsed time = 44.64 sec. (44666.61 ticks, tree = 6.88 MB, solutions = 0)
    720   633      304.0427    72                    304.0272   111969         
    773   678      304.0891   129                    304.0323   116143         
    800   705      304.9347    73                    304.0323   120537         
    820   725      310.6689    70                    304.0323   124199         
    850   751      316.9499    45                    304.0323   128154         
    879   770      324.8194    64                    304.0427   131706         
    901   785      304.4226    66                    304.0427   134444         
    932   814      316.1703    61                    304.0427   138549         
    947   821      347.2269    72                    304.0427   142733         
    956   820    infeasible                          304.0427   146971         
Elapsed time = 56.00 sec. (56344.31 ticks, tree = 7.52 MB, solutions = 0)
    965   829      317.4632    65                    304.0427   148410         
    981   839      316.6326    82                    304.0427   152129         
    987   841    infeasible                          304.0427   155592         

Performing restart 1

Repeating presolve.
Tried aggregator 1 time.
MIP Presolve eliminated 2 rows and 1 columns.
Reduced MIP has 19109 rows, 1443 columns, and 150510 nonzeros.
Reduced MIP has 1068 binaries, 0 generals, 0 SOSs, and 0 indicators.
Presolve time = 0.06 sec. (50.33 ticks)
Tried aggregator 1 time.
MIP Presolve eliminated 13 rows and 4 columns.
MIP Presolve modified 121 coefficients.
Reduced MIP has 19096 rows, 1439 columns, and 150234 nonzeros.
Reduced MIP has 1064 binaries, 0 generals, 0 SOSs, and 0 indicators.
Presolve time = 0.14 sec. (93.00 ticks)
Represolve time = 0.45 sec. (333.39 ticks)
    988     0      304.0093   157                  Cuts: 2201   158666         
    988     0      304.0356   152                  Cuts: 1859   159047         
    988     0      304.0738   178                  Cuts: 1717   159360         
    988     0      304.0867   206                   Cuts: 894   159612         
    988     0      304.0893   262                   Cuts: 833   159918         
    988     0      304.0898   196                  Cuts: 1636   160214         
    988     0      304.0910   194                  Cuts: 2188   160601         
    988     0      304.0915   203                  Cuts: 1553   160787         
    988     0      304.0916   175                  Cuts: 2590   160968         
    988     0      304.0923   212                   Cuts: 870   161391         
    988     0      304.0928   170                  Cuts: 3585   161632         
    988     0      304.1165   168                   Cuts: 970   162069         
    988     0      304.1241   191                  Cuts: 1734   162460         
    988     0      304.1278   167                  Cuts: 2674   162864         
    988     0      304.1369   157                  Cuts: 2673   163062         
    988     0      304.1436   182                  Cuts: 3488   163330         
    988     0      304.1440   172                  Cuts: 1963   163726         
    988     2      304.1440   146                    304.1440   163726         
    989     3      304.1440   146                    304.1443   163728         
    990     4      304.1448   140                    304.1448   163754         
    991     5      305.6696   136                    304.1448   164906         
   1005    17      306.6266    95                    304.1448   166802         
   1008    20      306.6266    93                    304.1448   167054         
   1011    22      307.2639    95                    304.1448   167690         
Elapsed time = 125.22 sec. (115434.28 ticks, tree = 1.02 MB, solutions = 0)
   1014    25      307.2639    91                    304.1448   168363         
   1016    27      307.3211    96                    304.1448   169765         
   1018    29      307.8245   113                    304.1448   170094         
   1022    33      307.3640    94                    304.1448   170983         
   1028    39      307.8038    95                    304.1448   171567         
   1030    41      309.5529    96                    304.1448   171902         
   1032    43      312.3038    95                    304.1448   173306         
   1038    49      311.8694    87                    304.1448   173664         
   1043    54      310.2459    87                    304.1448   174470         
   1047    58      310.4390    93                    304.1448   175139         
Elapsed time = 138.67 sec. (129602.83 ticks, tree = 3.67 MB, solutions = 0)
   1050    61      311.5472   145                    304.1448   175797         
   1051    62      312.0468   114                    304.1448   176668         
   1052    63      311.5525   145                    304.1448   176740         
   1058    69      311.5620   121                    304.1448   177336         
   1065    76      315.6772    73                    304.1448   178563         
   1068    79      315.8652    65                    304.1448   179958         
   1081    92      315.9573    73                    304.1448   181305         
   1083    94      316.2215    87                    304.1448   181354         
   1102   113      322.3246    43                    304.1448   182352         
   1120   125      323.4423    43                    304.1448   182948         
Elapsed time = 160.13 sec. (151932.10 ticks, tree = 11.50 MB, solutions = 0)
   1143   143      304.1448   139                    304.1448   183207         
   1146   146      309.6459   132                    304.1448   186350         
   1155   155      306.2798   106                    304.1449   187651         
   1162   162      306.5680    87                    304.1449   188661         
   1168   168      306.9358    84                    304.1449   189475         
   1169   169      306.9366   131                    304.1449   189523         
   1174   174      308.2499    73                    304.1449   191558         
   1176   176      308.2499    74                    304.1449   192552         
   1180   180      308.2834    71                    304.1449   193737         
   1181   181      308.9984   127                    304.1449   195295         
Elapsed time = 177.70 sec. (168831.56 ticks, tree = 20.08 MB, solutions = 0)
   1183   183      309.0717    68                    304.1449   196615         
   1190   190      313.0938   108                    304.1449   197870         
   1199   199      315.0684    82                    304.1449   199151         
   1206   204      316.5808    94                    304.1449   200061         
   1210   208      338.3802    76                    304.1449   200791         
   1224   222      330.1364    53                    304.1449   201850         
   1248   240      306.8191   100                    304.1450   203296         
   1257   249      308.1512   147                    304.1450   204352         
   1268   260      309.6874   116                    304.1450   205648         
   1273   265      324.9451    78                    304.1450   210882         
Elapsed time = 195.59 sec. (186339.05 ticks, tree = 33.36 MB, solutions = 0)
   1298   290      314.4772    89                    304.1450   216267         
   1338   325      304.7127    96                    304.1464   220599         
   1401   382      306.0771    91                    304.1548   225329         
   1419   400      306.4494    69                    304.1548   230200         
   1428   409      307.5875   146                    304.1548   235754         
   1436   417      310.4517    79                    304.1548   242419         
   1461   442      308.0634    93                    304.1548   247241         
   1505   475      311.8163    95                    304.1584   253024         
   1542   512      324.6094    72                    304.1584   257659         
   1577   543      317.0310    96                    304.1608   261763         
Elapsed time = 240.85 sec. (229662.86 ticks, tree = 72.96 MB, solutions = 0)
   1622   588      328.4085    96                    304.1608   266945         
   1676   635      308.9793    76                    304.1702   271886         
   1708   662      308.4003    79                    304.1718   275496         
   1731   685      318.0578    92                    304.1718   280321         
   1767   717      304.6377   104                    304.1727   286316         
   1795   741      304.8097    84                    304.1816   291927         
   1832   778      311.4556   119                    304.1816   297757         
   1880   824      374.2323    63                    304.1816   303372         
   1892   830      313.2624    85                    304.1832   308823         
   1931   869      326.5115    73                    304.1832   313768         
Elapsed time = 281.74 sec. (269906.11 ticks, tree = 119.83 MB, solutions = 0)
   1945   879      314.2238    93                    304.1919   318836         
   1962   896      316.7241    85                    304.1919   324920         
   1972   906      320.4001    83                    304.1919   331398         

Performing restart 2

Repeating presolve.
Tried aggregator 1 time.
MIP Presolve eliminated 7 rows and 1 columns.
MIP Presolve modified 57 coefficients.
Reduced MIP has 19089 rows, 1438 columns, and 156742 nonzeros.
Reduced MIP has 1063 binaries, 0 generals, 0 SOSs, and 0 indicators.
Presolve time = 0.15 sec. (89.84 ticks)
Tried aggregator 1 time.
Reduced MIP has 19089 rows, 1438 columns, and 156742 nonzeros.
Reduced MIP has 1063 binaries, 0 generals, 0 SOSs, and 0 indicators.
Presolve time = 0.16 sec. (69.54 ticks)
Represolve time = 0.67 sec. (347.62 ticks)
   1976     0      304.1495   165                  Cuts: 3079   335344         
   1976     0      304.1496   164                  Cuts: 3131   335524         
   1976     0      304.1504   169                  Cuts: 1487   335834         
   1976     0      304.1506   159                   Cuts: 698   336098         
   1976     0      304.1508   173                  Cuts: 3589   336311         
   1976     0      304.1524   166                   Cuts: 782   336621         
   1976     0      304.1526   174                  Cuts: 1178   336783         
   1976     0      304.1526   182                  Cuts: 1527   336994         
   1976     2      304.1526   132                    304.1919   336994         
   1977     3      304.1534   133                    304.1919   337042         
   1986    12      305.6702   142                    304.1919   339014         
   1996    22      306.0966    74                    304.1919   341102         
   2004    30      325.6752    77                    304.1919   342860         
   2029    54      311.1719    68                    304.1919   344613         
   2056    81      314.4467    61                    304.1919   348336         
Elapsed time = 394.95 sec. (375859.30 ticks, tree = 0.24 MB, solutions = 0)
   2095   114      304.5916    62                    304.1919   351831         
   2113   132      305.1410    88                    304.1919   354808         
   2132   151      306.9097    65                    304.1919   359028         
   2158   177      314.4391    59                    304.1919   364584         
   2162   177      314.9084    82                    304.1919   367064         
   2178   193      320.6225    85                    304.1919   370452         
   2194   209      320.5845    79                    304.1919   373835         
   2229   244      348.9193    80                    304.1919   377682         
   2254   263      304.1635    91                    304.1919   380929         
   2296   301      304.6024    76                    304.1919   387421         
Elapsed time = 433.70 sec. (417877.65 ticks, tree = 0.90 MB, solutions = 0)
   2324   329      306.9402    66                    304.1919   392254         
   2354   356      321.6710    83                    304.1919   399251         
   2401   403      319.5672    52                    304.1919   406313         
   2470   455      304.3666    81                    304.1919   413370         
   2526   503      310.0034    58                    304.1919   423035         
   2554   526      306.5736    94                    304.1998   430535         
   2595   563      316.8693    81                    304.2006   439070         
   2660   616      305.2121    65                    304.2036   447884         
   2702   653      340.8185   107                    304.2043   456377         
   2715   662      309.6213    89                    304.2091   460897         
Elapsed time = 478.96 sec. (460040.35 ticks, tree = 2.72 MB, solutions = 0)
   2768   711      304.2591    79                    304.2200   464954         
   2821   760      304.3954    78                    304.2306   472925         
   2856   790      304.3525    85                    304.2422   478843         
   2929   856      321.9427    52                    304.2488   487799         
   2956   879      309.3093    79                    304.2605   492170         
   3007   924      324.0488    64                    304.2625   501345         
   3074   983      305.0091    64                    304.2912   511479         
   3122  1027      331.2006    58                    304.2972   519627         
   3178  1065      305.9874    62                    304.3226   527943         
   3234  1111    infeasible                          304.3226   538461         
Elapsed time = 520.42 sec. (498912.93 ticks, tree = 4.09 MB, solutions = 0)
   3278  1148      305.1588    70                    304.3482   546963         
   3315  1181      312.8468    76                    304.3514   556157         
   3368  1218      304.3987    81                    304.3653   565749         
   3430  1268      312.0152    63                    304.3727   576250         
   3479  1307      305.6944    68                    304.3744   585949         
   3541  1359      304.5824    79                    304.3771   597873         
   3587  1398      304.6604    80                    304.3854   608164         
   3639  1446      340.9499    65                    304.3854   619291         
   3710  1502      307.4939    59                    304.4112   630225         
   3756  1540      331.0978    65                    304.4211   640384         
Elapsed time = 564.36 sec. (538211.18 ticks, tree = 5.35 MB, solutions = 0)
   3812  1584      320.7519    75                    304.4213   648216         
   3858  1624      320.7351    73                    304.4236   657509         
   3896  1658      305.1348    74                    304.4258   666837         
   3961  1713      306.8353    57                    304.4426   677391         
   4044  1789      305.7683    70                    304.4430   686402         
   4092  1833      324.0839    50                    304.4445   696527         
   4173  1908      307.0821    62                    304.4547   704206         
   4237  1962      307.7944    58                    304.4580   715283         
   4349  2066      304.7990    65                    304.4626   725167         
   4409  2118      311.1320    50                    304.4688   735896         
Elapsed time = 603.79 sec. (577273.41 ticks, tree = 7.13 MB, solutions = 0)
   4473  2169    infeasible                          304.4725   746710         
   4521  2199      314.4221    64                    304.4791   756883         
   4583  2241      309.5035    74                    304.4860   767001         
   4646  2297      321.5211    61                    304.4902   777385         
   4698  2341      315.7076    67                    304.4930   787706         
   4793  2429      337.2620    36                    304.4973   797865         
   4848  2470      307.6118    70                    304.5374   808114         
   4919  2530      306.8481    49                    304.5495   819134         
   4975  2576      304.7058    57                    304.5582   830225         
   5025  2617      309.5613    67                    304.5629   842017         
Elapsed time = 640.73 sec. (616016.08 ticks, tree = 8.59 MB, solutions = 0)
   5081  2660      304.7921    79                    304.5717   851572         
   5127  2696      313.6321    66                    304.5752   862221         
   5187  2740      309.2151    61                    304.5769   872396         
   5233  2771      330.9423    59                    304.5898   883948         
   5312  2838      324.4025    55                    304.6020   895317         
   5411  2922      347.9694    44                    304.6073   906085         
   5496  2984      311.6057    74                    304.6135   917514         
   5548  3026      308.0862    53                    304.6195   928354         
   5622  3080      305.7122    52                    304.6286   939536         
   5667  3112      305.6974    76                    304.6400   949937         
Elapsed time = 677.25 sec. (654794.59 ticks, tree = 10.05 MB, solutions = 0)
   5713  3143      312.7521    66                    304.6451   959925         
   5776  3195      325.0983    64                    304.6470   970981         
   5836  3240      309.6429    60                    304.6519   982014         
   5895  3281      308.6778    56                    304.6552   991602         
   5957  3327      305.9599    55                    304.6552  1002820         
   5995  3357      310.2192    54                    304.6552  1009189         
   6043  3391      316.3647    56                    304.6604  1019570         
   6108  3444      309.0947    70                    304.6664  1028546         
   6178  3502      309.5126    52                    304.6688  1039421         
   6251  3561    infeasible                          304.6701  1050930         
Elapsed time = 713.06 sec. (693232.28 ticks, tree = 11.37 MB, solutions = 0)
   6304  3596      312.3779    74                    304.6762  1062346         
   6368  3644    infeasible                          304.6788  1073575         
   6429  3698      345.2672    67                    304.6814  1083670         
   6529  3780      342.1333    31                    304.6814  1093201         
   6608  3843      309.6270    71                    304.6900  1103454         
   6649  3874      320.8890    72                    304.6939  1114574         
   6716  3929    infeasible                          304.6968  1126345         
   6776  3983      324.8039    62                    304.6978  1136333         
   6838  4029    infeasible                          304.6998  1146622         
   6896  4073      307.6521    63                    304.7045  1158719         
Elapsed time = 750.77 sec. (731844.53 ticks, tree = 12.86 MB, solutions = 0)
   6953  4125      308.0848    62                    304.7083  1168467         
   6999  4156      312.2780    76                    304.7129  1180081         
   7092  4237      314.4466    56                    304.7171  1190326         
   7144  4277    infeasible                          304.7184  1200254         
   7185  4306      304.7285    79                    304.7191  1210096         
   7278  4393      320.3276    65                    304.7191  1219270         
   7334  4441      341.2195    58                    304.7191  1230699         
   7416  4515      308.0102    68                    304.7192  1240384         
   7470  4555      318.8885    55                    304.7197  1250793         
   7545  4624      316.6672    62                    304.7213  1261289         
Elapsed time = 788.61 sec. (770515.79 ticks, tree = 14.63 MB, solutions = 0)
   7599  4667      313.1588    66                    304.7232  1272015         
   7645  4697      313.1192    66                    304.7237  1283155         
   7687  4722      315.1640    65                    304.7246  1294198         
   7750  4777      325.3053    33                    304.7275  1306204         
*  7766  3666      integral     0      327.2165      304.7275  1306815    6.87%
   7810  3699      310.9540    55      327.2165      304.7285  1316183    6.87%
   7871  3748      305.0110    77      327.2165      304.7304  1326849    6.87%
   7942  3805      316.9727    69      327.2165      304.7334  1336078    6.87%
   7986  3833      305.1377    77      327.2165      304.7378  1345568    6.87%
   8052  3886      304.8898    65      327.2165      304.7455  1357548    6.87%
   8091  3918      306.2348    73      327.2165      304.7485  1368993    6.87%
Elapsed time = 827.51 sec. (809482.07 ticks, tree = 13.02 MB, solutions = 1)
   8159  3974      319.3381    65      327.2165      304.7490  1378897    6.87%
   8226  4024      304.8088    72      327.2165      304.7509  1388412    6.87%
   8275  4063      309.2370    67      327.2165      304.7510  1398412    6.87%
   8342  4119      325.4974    65      327.2165      304.7514  1409125    6.87%
   8407  4174      308.5102    60      327.2165      304.7549  1419409    6.86%
   8471  4219      323.1914    64      327.2165      304.7557  1430092    6.86%
   8523  4256      322.6206    55      327.2165      304.7569  1441735    6.86%
   8570  4283      307.2228    76      327.2165      304.7608  1453241    6.86%
   8622  4317      309.4309    64      327.2165      304.7634  1464822    6.86%
   8681  4351      305.5374    73      327.2165      304.7674  1476230    6.86%
Elapsed time = 865.84 sec. (848204.83 ticks, tree = 14.60 MB, solutions = 1)
   8723  4375      307.7252    66      327.2165      304.7772  1488252    6.86%
   8781  4417      310.7479    71      327.2165      304.7807  1499181    6.86%
   8822  4448      327.2014    51      327.2165      304.7814  1507993    6.86%
   8871  4482      304.9961    81      327.2165      304.7863  1517932    6.85%
   8920  4523      307.1027    70      327.2165      304.7865  1529425    6.85%
   8967  4554      306.0073    83      327.2165      304.7881  1540234    6.85%
   8976  4563      309.1966    72      327.2165      304.7881  1541557    6.85%
   9008  4573      315.3927    58      327.2165      304.7889  1551325    6.85%
   9051  4602      318.3237    63      327.2165      304.7891  1563021    6.85%
   9106  4637      311.4091    84      327.2165      304.7903  1572731    6.85%
Elapsed time = 905.83 sec. (888125.98 ticks, tree = 15.59 MB, solutions = 1)
   9164  4678      305.7058    81      327.2165      304.7924  1582863    6.85%
   9217  4717      304.8249    90      327.2165      304.7935  1593391    6.85%
   9269  4762      322.9340    63      327.2165      304.7946  1604069    6.85%
   9301  4786      306.5189   106      327.2165      304.7949  1614118    6.85%
   9356  4832      307.8488    70      327.2165      304.7973  1624308    6.85%
   9399  4858      304.8100    83      327.2165      304.7996  1634894    6.85%
   9440  4884      305.8758    84      327.2165      304.8018  1645425    6.85%
   9505  4938      304.9727    96      327.2165      304.8033  1655696    6.85%
   9542  4965      305.0395    89      327.2165      304.8049  1667222    6.85%
   9581  4997      310.2678    82      327.2165      304.8066  1677961    6.85%
Elapsed time = 952.43 sec. (926737.74 ticks, tree = 16.65 MB, solutions = 1)
   9640  5045      305.9670    91      327.2165      304.8079  1689685    6.85%
   9685  5079      305.0242    84      327.2165      304.8088  1702123    6.85%
   9738  5121        cutoff            327.2165      304.8089  1712959    6.85%
   9801  5175      316.1730    68      327.2165      304.8111  1724107    6.85%
   9855  5214      308.7409    62      327.2165      304.8138  1734833    6.85%
   9901  5247      304.8814    67      327.2165      304.8161  1745143    6.85%
   9951  5286      306.6584    70      327.2165      304.8209  1756468    6.84%
   9976  5307      308.1985    68      327.2165      304.8230  1761142    6.84%
  10036  5354      305.7975    92      327.2165      304.8238  1772311    6.84%
  10090  5392      312.3993    58      327.2165      304.8238  1783583    6.84%
Elapsed time = 997.86 sec. (969434.46 ticks, tree = 17.82 MB, solutions = 1)
  10139  5425      305.6438    71      327.2165      304.8238  1793855    6.84%
  10183  5461      307.9712    62      327.2165      304.8267  1804747    6.84%
  10234  5493      322.5062    75      327.2165      304.8333  1816564    6.84%
  10283  5531      309.4063    67      327.2165      304.8342  1827733    6.84%
  10363  5596      318.1380    81      327.2165      304.8358  1839615    6.84%
  10401  5627      311.5580    73      327.2165      304.8373  1850727    6.84%
  10456  5665    infeasible            327.2165      304.8400  1862110    6.84%
  10501  5700      306.8459    66      327.2165      304.8411  1872632    6.84%
  10546  5727      308.2520    58      327.2165      304.8431  1883934    6.84%
  10591  5762      309.7791    93      327.2165      304.8454  1895158    6.84%
Elapsed time = 1039.99 sec. (1008330.14 ticks, tree = 18.92 MB, solutions = 1)
  10652  5808      316.3837    68      327.2165      304.8470  1905601    6.84%
  10699  5837      305.6745    85      327.2165      304.8489  1917500    6.84%
  10750  5878      305.0434    83      327.2165      304.8489  1928132    6.84%
  10800  5920      324.7496    61      327.2165      304.8540  1938859    6.83%
  10856  5962      316.0713    70      327.2165      304.8548  1949685    6.83%
  10908  5994      304.9443   109      327.2165      304.8563  1960250    6.83%
  10961  6035      311.7539    92      327.2165      304.8565  1970403    6.83%
  10976  6042      306.2190    91      327.2165      304.8571  1973282    6.83%
  11027  6081      309.8761    97      327.2165      304.8583  1985122    6.83%
  11071  6112      304.8797    67      327.2165      304.8592  1997249    6.83%
Elapsed time = 1083.30 sec. (1048802.13 ticks, tree = 19.96 MB, solutions = 1)
  11116  6142      306.0709    70      327.2165      304.8612  2009189    6.83%
  11180  6199      308.6112    82      327.2165      304.8627  2017955    6.83%
  11245  6253      304.9062   100      327.2165      304.8638  2027560    6.83%
  11293  6295      308.5922    80      327.2165      304.8640  2038231    6.83%
  11347  6336      314.2551    87      327.2165      304.8671  2047937    6.83%
  11396  6373      304.9977    96      327.2165      304.8713  2058763    6.83%
  11446  6407      322.2068    64      327.2165      304.8728  2069447    6.83%
  11482  6426      312.5399    77      327.2165      304.8767  2080116    6.83%
  11545  6477      305.3920    74      327.2165      304.8817  2090100    6.83%
  11588  6512      319.1953    72      327.2165      304.8833  2101083    6.83%
Elapsed time = 1130.40 sec. (1087649.01 ticks, tree = 21.14 MB, solutions = 1)
  11636  6556      321.3681    92      327.2165      304.8839  2111729    6.83%
  11690  6600      325.1341    83      327.2165      304.8847  2122597    6.82%
  11727  6624      324.0723    54      327.2165      304.8872  2132300    6.82%
  11774  6658      306.8169    72      327.2165      304.8893  2143509    6.82%
  11827  6699      305.0118    77      327.2165      304.8906  2154431    6.82%
  11857  6721      305.5107    82      327.2165      304.8923  2166061    6.82%
  11916  6774      319.4260    88      327.2165      304.8938  2176882    6.82%
  11960  6802      314.7433    85      327.2165      304.8944  2189631    6.82%
  11984  6815      306.7867    80      327.2165      304.8957  2196833    6.82%
  12037  6856      311.7297    62      327.2165      304.8964  2208602    6.82%
Elapsed time = 1172.40 sec. (1126434.37 ticks, tree = 22.16 MB, solutions = 1)
  12087  6892      311.1264    55      327.2165      304.8979  2220602    6.82%
  12125  6921      311.4763    75      327.2165      304.8984  2232691    6.82%
  12178  6962      305.3423    75      327.2165      304.9015  2243704    6.82%
  12211  6986      305.3692    81      327.2165      304.9033  2254839    6.82%
  12268  7031      306.5131    81      327.2165      304.9071  2266367    6.82%
  12321  7071      309.8451    64      327.2165      304.9078  2278591    6.82%
  12366  7099      324.2968    67      327.2165      304.9080  2291343    6.82%
  12401  7119      305.3757    96      327.2165      304.9122  2301244    6.82%
  12456  7163      305.0835    74      327.2165      304.9129  2312960    6.82%
  12491  7187      314.7832    89      327.2165      304.9178  2323775    6.81%
Elapsed time = 1214.15 sec. (1165444.94 ticks, tree = 23.29 MB, solutions = 1)
  12541  7233      310.8039    67      327.2165      304.9178  2333939    6.81%
  12580  7260      307.8942    80      327.2165      304.9194  2344820    6.81%
  12628  7293      315.5877    62      327.2165      304.9220  2356072    6.81%
  12675  7332      315.1154    57      327.2165      304.9258  2366914    6.81%
  12721  7351      310.8575    83      327.2165      304.9301  2378724    6.81%
  12766  7384      326.7169    52      327.2165      304.9313  2390074    6.81%
  12831  7436      306.5197    72      327.2165      304.9365  2401398    6.81%
  12870  7461      305.1280    74      327.2165      304.9374  2412185    6.81%
  12919  7502      307.6175    72      327.2165      304.9377  2423405    6.81%
  12965  7537        cutoff            327.2165      304.9409  2434589    6.81%
Elapsed time = 1256.61 sec. (1204314.14 ticks, tree = 24.33 MB, solutions = 1)
  12980  7548      307.5132    57      327.2165      304.9410  2437898    6.81%
  13023  7575      311.1697   119      327.2165      304.9412  2449985    6.81%
  13070  7618      317.9980    83      327.2165      304.9418  2460784    6.81%
  13116  7648      308.7585    99      327.2165      304.9421  2472054    6.81%
  13174  7696      310.3352    62      327.2165      304.9423  2482983    6.81%
  13223  7734      319.1392    49      327.2165      304.9453  2494353    6.81%
  13272  7767      327.1927    45      327.2165      304.9453  2504705    6.81%
  13312  7797      315.5043    66      327.2165      304.9453  2516392    6.81%
  13357  7830      314.8983    63      327.2165      304.9453  2526116    6.81%
  13400  7864      312.7676    62      327.2165      304.9453  2537456    6.81%
Elapsed time = 1300.31 sec. (1243006.31 ticks, tree = 25.45 MB, solutions = 1)
  13448  7898      314.8987    62      327.2165      304.9453  2548618    6.81%
  13491  7929      313.5482    81      327.2165      304.9455  2559956    6.81%
  13520  7952      315.7637    74      327.2165      304.9458  2567644    6.81%
  13573  7993      308.1097    73      327.2165      304.9462  2577701    6.81%
  13612  8022      326.3648    60      327.2165      304.9481  2589582    6.81%
  13651  8045      305.2063    73      327.2165      304.9496  2601115    6.80%
  13688  8073      316.6268    65      327.2165      304.9500  2612431    6.80%
  13731  8104      306.7731    83      327.2165      304.9510  2624564    6.80%
  13780  8143      306.2239    71      327.2165      304.9522  2635306    6.80%
  13821  8174      305.6491    74      327.2165      304.9529  2647457    6.80%
Elapsed time = 1347.61 sec. (1282330.11 ticks, tree = 28.31 MB, solutions = 1)
  13863  8207      305.2307    85      327.2165      304.9535  2658771    6.80%
  13906  8236      305.1488    83      327.2165      304.9551  2670268    6.80%
  13942  8258      306.7413    68      327.2165      304.9573  2680817    6.80%
  13976  8288      325.2599    73      327.2165      304.9578  2687596    6.80%
  14023  8324      305.8941    72      327.2165      304.9584  2699916    6.80%
  14070  8363      309.5747    95      327.2165      304.9593  2710714    6.80%
  14116  8398      307.1533    60      327.2165      304.9597  2722080    6.80%
  14157  8427      306.2689    78      327.2165      304.9617  2733654    6.80%
  14208  8465      306.5800   121      327.2165      304.9621  2744860    6.80%
  14256  8505      321.5729    70      327.2165      304.9629  2756705    6.80%
Elapsed time = 1406.06 sec. (1323881.51 ticks, tree = 29.78 MB, solutions = 1)
  14314  8545      305.6296    66      327.2165      304.9649  2767683    6.80%
  14362  8581        cutoff            327.2165      304.9660  2779621    6.80%
  14406  8616      321.8965    70      327.2165      304.9669  2790892    6.80%
  14449  8645      312.7303    59      327.2165      304.9678  2803104    6.80%
  14488  8672      306.3291    98      327.2165      304.9688  2813515    6.80%
  14532  8708      311.9688    65      327.2165      304.9694  2824651    6.80%
  14577  8735      309.4200    53      327.2165      304.9706  2836889    6.80%
  14608  8761      316.9805    71      327.2165      304.9707  2846667    6.80%
  14653  8796      310.4562    68      327.2165      304.9717  2857198    6.80%
  14729  8862      312.0418   108      327.2165      304.9721  2866419    6.80%
Elapsed time = 1475.55 sec. (1362898.87 ticks, tree = 30.84 MB, solutions = 1)
  14779  8893      305.3475    86      327.2165      304.9724  2877929    6.80%
  14820  8922      308.7131    70      327.2165      304.9726  2889898    6.80%
  14855  8950      324.3281    52      327.2165      304.9744  2901579    6.80%
  14891  8973      308.6382    74      327.2165      304.9753  2912623    6.80%
  14923  8998      315.4201    68      327.2165      304.9776  2923237    6.80%
  14976  9034      305.8139    86      327.2165      304.9803  2931399    6.80%
  15034  9074      321.2085    83      327.2165      304.9805  2942893    6.80%
  15090  9113      307.5093    66      327.2165      304.9814  2954386    6.80%
  15142  9153      311.5327    66      327.2165      304.9835  2966163    6.79%
  15168  9167      315.0896    64      327.2165      304.9839  2976985    6.79%
Elapsed time = 1527.90 sec. (1404915.89 ticks, tree = 31.75 MB, solutions = 1)
  15225  9212      320.6495    61      327.2165      304.9843  2989231    6.79%
  15256  9228      309.4546    60      327.2165      304.9854  2999477    6.79%
  15300  9262      310.9953    72      327.2165      304.9855  3010952    6.79%
  15337  9287      313.7694    79      327.2165      304.9879  3022557    6.79%
  15379  9322      315.9261    72      327.2165      304.9892  3033380    6.79%
  15434  9365      319.5169    57      327.2165      304.9918  3045687    6.79%
  15480  9394      305.0715    80      327.2165      304.9928  3056351    6.79%
  15544  9443      305.4071   125      327.2165      304.9950  3067037    6.79%
  15588  9479      313.1555    56      327.2165      304.9951  3078864    6.79%
  15643  9526      308.5190    72      327.2165      304.9963  3089418    6.79%
Elapsed time = 1578.56 sec. (1443715.58 ticks, tree = 32.83 MB, solutions = 1)
  15686  9558      307.0304    66      327.2165      304.9981  3101962    6.79%
  15741  9604      319.7397    54      327.2165      304.9993  3113243    6.79%
  15773  9627      305.4918    86      327.2165      305.0009  3124541    6.79%
  15812  9658      320.5280    64      327.2165      305.0024  3136514    6.79%
  15893  9726      308.7955   111      327.2165      305.0024  3146459    6.79%
  15926  9750      309.6568    58      327.2165      305.0037  3158256    6.79%
  15970  9780      305.9102    87      327.2165      305.0050  3169829    6.79%
  15992  9802      323.8738    93      327.2165      305.0050  3173512    6.79%
  16058  9859      305.4559    69      327.2165      305.0052  3183674    6.79%
  16093  9884      309.8641    59      327.2165      305.0067  3195813    6.79%
Elapsed time = 1631.70 sec. (1482932.46 ticks, tree = 33.89 MB, solutions = 1)
  16132  9915      306.3607    58      327.2165      305.0076  3207072    6.79%
  16179  9944      305.1088    94      327.2165      305.0088  3218323    6.79%
  16214  9973      317.2963    94      327.2165      305.0093  3229705    6.79%
  16252  9997      305.5023    70      327.2165      305.0108  3241189    6.79%
  16299 10034      313.8939   102      327.2165      305.0109  3252311    6.79%
  16364 10085      313.1567    67      327.2165      305.0131  3262992    6.79%
  16391 10104      319.4068    54      327.2165      305.0133  3272806    6.79%
  16440 10137      321.2266    74      327.2165      305.0143  3283967    6.79%
  16485 10168      310.0559   110      327.2165      305.0168  3294611    6.78%
  16520 10196      311.7792    71      327.2165      305.0192  3306605    6.78%
Elapsed time = 1680.13 sec. (1521839.60 ticks, tree = 35.28 MB, solutions = 1)
  16559 10224      311.0671    94      327.2165      305.0206  3318319    6.78%
  16599 10256      319.6637    57      327.2165      305.0219  3330753    6.78%
  16630 10275      305.7404    85      327.2165      305.0221  3342122    6.78%
  16657 10294      308.1620    87      327.2165      305.0224  3353771    6.78%
  16715 10331      307.8217    83      327.2165      305.0228  3364713    6.78%
  16789 10389      309.2064    74      327.2165      305.0235  3376093    6.78%
  16818 10411      318.2483    56      327.2165      305.0247  3388798    6.78%
  16856 10433      308.2877   106      327.2165      305.0253  3400139    6.78%
  16893 10463      321.9263    63      327.2165      305.0260  3412568    6.78%
  16925 10485        cutoff            327.2165      305.0262  3423226    6.78%
Elapsed time = 1732.88 sec. (1560621.34 ticks, tree = 36.14 MB, solutions = 1)
  16971 10519        cutoff            327.2165      305.0291  3431878    6.78%
  17013 10551      312.1089    62      327.2165      305.0298  3443586    6.78%
  17057 10583      306.1946    71      327.2165      305.0304  3455600    6.78%
  17134 10650      312.9165    75      327.2165      305.0310  3466696    6.78%
  17174 10674      308.4426    60      327.2165      305.0318  3479048    6.78%
  17208 10699      313.0663    58      327.2165      305.0324  3491540    6.78%
  17257 10736      305.1687    80      327.2165      305.0333  3503047    6.78%
  17289 10760      312.6149    61      327.2165      305.0346  3514683    6.78%
  17334 10789      305.3094   131      327.2165      305.0358  3525607    6.78%
  17376 10817      309.0922    65      327.2165      305.0369  3537269    6.78%
Elapsed time = 1790.86 sec. (1599537.38 ticks, tree = 40.14 MB, solutions = 1)
  17416 10845      308.8242    64      327.2165      305.0383  3549093    6.78%
  17445 10868      318.0392    79      327.2165      305.0390  3559865    6.78%
  17489 10886        cutoff            327.2165      305.0417  3572007    6.78%
  17519 10906      305.1984    68      327.2165      305.0433  3583035    6.78%
  17546 10929      305.2981    89      327.2165      305.0435  3595776    6.78%
  17577 10950      321.3725    96      327.2165      305.0441  3606557    6.78%
  17609 10972      309.4891    75      327.2165      305.0453  3617192    6.78%
  17641 10991      306.6020    78      327.2165      305.0463  3629273    6.78%
  17674 11013      306.2361    85      327.2165      305.0480  3640367    6.77%
  17717 11044      307.3894    60      327.2165      305.0491  3652437    6.77%
Elapsed time = 1837.65 sec. (1638377.90 ticks, tree = 40.81 MB, solutions = 1)
  17752 11072      317.6077    81      327.2165      305.0501  3664026    6.77%
  17807 11111      305.6858    81      327.2165      305.0503  3674054    6.77%
  17861 11156        cutoff            327.2165      305.0510  3685306    6.77%
  17908 11185      317.7752   107      327.2165      305.0527  3696457    6.77%
  17957 11220      305.1394    93      327.2165      305.0541  3707947    6.77%
  17981 11241      306.5344    92      327.2165      305.0544  3711567    6.77%
  18023 11268      313.0425    81      327.2165      305.0549  3723666    6.77%
  18058 11294      310.3186    78      327.2165      305.0557  3735886    6.77%
  18100 11323      323.9983    52      327.2165      305.0559  3747085    6.77%
  18150 11358      308.7053   121      327.2165      305.0580  3757562    6.77%
Elapsed time = 1892.24 sec. (1677252.46 ticks, tree = 42.05 MB, solutions = 1)
  18195 11392      305.9787    65      327.2165      305.0587  3768792    6.77%
  18239 11426      307.2371    76      327.2165      305.0593  3780292    6.77%
  18269 11446      325.2410   101      327.2165      305.0593  3793005    6.77%
  18301 11468      307.7067    70      327.2165      305.0611  3803480    6.77%
  18347 11501      318.5047    73      327.2165      305.0613  3815529    6.77%
  18385 11527      306.0479    91      327.2165      305.0636  3826290    6.77%
  18419 11553    infeasible            327.2165      305.0636  3836893    6.77%
  18459 11579      308.0172    62      327.2165      305.0650  3849389    6.77%
  18490 11603      306.1636    75      327.2165      305.0658  3861367    6.77%
  18522 11626      307.3483   128      327.2165      305.0660  3872506    6.77%
Elapsed time = 1950.28 sec. (1716126.28 ticks, tree = 42.85 MB, solutions = 1)
  18557 11652      311.7958    92      327.2165      305.0674  3885102    6.77%
  18592 11675      309.1573    71      327.2165      305.0676  3897520    6.77%
  18644 11714      310.3917    65      327.2165      305.0685  3908980    6.77%
  18680 11741      311.8515    79      327.2165      305.0698  3918687    6.77%
  18740 11793      308.7503    63      327.2165      305.0699  3930129    6.77%
  18780 11824      322.0484    94      327.2165      305.0704  3941583    6.77%
  18822 11855      312.0633    52      327.2165      305.0730  3952931    6.77%
  18868 11883      308.4934    62      327.2165      305.0741  3964633    6.77%
  18899 11906        cutoff            327.2165      305.0743  3976784    6.77%
  18941 11937      305.6854    77      327.2165      305.0763  3989735    6.77%
Elapsed time = 2010.61 sec. (1755440.31 ticks, tree = 43.63 MB, solutions = 1)
* 18976+11869                          326.8018      305.0767             6.65%
  18976 11871      306.8427    64      326.8018      305.0767  3997648    6.65%
  19023 11904      311.6436    62      326.8018      305.0780  4009257    6.65%
  19081 11944      314.9940    80      326.8018      305.0795  4020443    6.65%
  19134 11986      321.3638    68      326.8018      305.0816  4032117    6.65%
  19180 12022      326.2466    97      326.8018      305.0823  4042453    6.65%
  19226 12056      306.4651    63      326.8018      305.0830  4053535    6.65%
  19280 12092      305.6827    81      326.8018      305.0856  4065001    6.65%
  19321 12125      305.7993    77      326.8018      305.0863  4077178    6.64%
  19373 12162      309.5842    84      326.8018      305.0868  4088291    6.64%
  19412 12193      309.1467    64      326.8018      305.0870  4099952    6.64%
Elapsed time = 2066.90 sec. (1796660.67 ticks, tree = 44.40 MB, solutions = 2)
  19449 12218      305.5936    77      326.8018      305.0875  4111819    6.64%
  19480 12243      318.8438    46      326.8018      305.0878  4123944    6.64%
  19535 12281      306.2795    80      326.8018      305.0895  4135127    6.64%
  19579 12315      307.3999    60      326.8018      305.0904  4147355    6.64%
  19628 12352      311.4664    98      326.8018      305.0911  4158250    6.64%
  19670 12380      305.6682   119      326.8018      305.0917  4170278    6.64%
  19709 12407      322.2532    79      326.8018      305.0924  4183225    6.64%
  19767 12439      307.5979    95      326.8018      305.0936  4194347    6.64%
  19804 12469      312.9906    63      326.8018      305.0952  4206674    6.64%
  19863 12504      310.8839    71      326.8018      305.0963  4217886    6.64%
Elapsed time = 2118.84 sec. (1835471.58 ticks, tree = 45.18 MB, solutions = 2)
  19896 12520      317.3353   102      326.8018      305.0967  4230898    6.64%
  19946 12555        cutoff            326.8018      305.0971  4243283    6.64%
  19976 12581      320.9759    57      326.8018      305.0978  4252013    6.64%
  20022 12611      314.2588    57      326.8018      305.0982  4263684    6.64%
  20064 12643      317.9829    53      326.8018      305.0984  4274803    6.64%
  20115 12686      309.2843   105      326.8018      305.1008  4286817    6.64%
  20163 12724      314.9588    85      326.8018      305.1013  4299116    6.64%
  20197 12745      321.5476    95      326.8018      305.1022  4311176    6.64%
  20250 12782      319.5050   114      326.8018      305.1030  4322387    6.64%
  20307 12817      306.8881   102      326.8018      305.1038  4333655    6.64%
Elapsed time = 2174.59 sec. (1879686.67 ticks, tree = 46.11 MB, solutions = 2)
  20340 12842      306.4133   105      326.8018      305.1054  4346695    6.64%
  20389 12881      305.1930    97      326.8018      305.1072  4358066    6.64%
  20440 12928      315.9254    69      326.8018      305.1073  4368764    6.64%
  20529 13000      313.3334    70      326.8018      305.1073  4379028    6.64%
  20573 13022      310.7936    77      326.8018      305.1073  4391164    6.64%
  20629 13066      321.4844   104      326.8018      305.1073  4402075    6.64%
  20666 13095      306.4063    67      326.8018      305.1099  4412162    6.64%
  20715 13133      306.6640    88      326.8018      305.1099  4422429    6.64%
  20774 13176      309.5782    60      326.8018      305.1131  4434778    6.64%
  20827 13217      310.7084    69      326.8018      305.1141  4446492    6.64%
Elapsed time = 2224.39 sec. (1918487.10 ticks, tree = 47.31 MB, solutions = 2)
  20853 13232      309.4119    74      326.8018      305.1156  4457935    6.64%
  20891 13257      310.3388    73      326.8018      305.1164  4470310    6.64%
  20935 13286        cutoff            326.8018      305.1166  4481615    6.64%
  20989 13323      305.5867   152      326.8018      305.1174  4492895    6.64%
  21050 13370      305.3400   134      326.8018      305.1183  4504324    6.64%
  21111 13425      314.4834   106      326.8018      305.1187  4516076    6.63%
  21154 13455      326.6054    49      326.8018      305.1191  4527004    6.63%
  21195 13483      323.2436    95      326.8018      305.1199  4535062    6.63%
  21236 13515      318.8191    65      326.8018      305.1199  4545632    6.63%
  21293 13552      305.4974    57      326.8018      305.1204  4556792    6.63%
Elapsed time = 2268.17 sec. (1957268.15 ticks, tree = 48.31 MB, solutions = 2)
  21336 13584      306.8428    66      326.8018      305.1212  4567936    6.63%
  21369 13604        cutoff            326.8018      305.1220  4580223    6.63%
  21401 13624      312.2348   119      326.8018      305.1225  4591075    6.63%
  21447 13652      305.4941    96      326.8018      305.1231  4602577    6.63%
  21485 13681      322.3324    77      326.8018      305.1240  4613868    6.63%
  21529 13713      325.4738    57      326.8018      305.1252  4624737    6.63%
  21567 13739      305.4885    84      326.8018      305.1278  4635586    6.63%
  21592 13750      310.0904    73      326.8018      305.1286  4647192    6.63%
  21631 13778      310.3472    76      326.8018      305.1292  4658901    6.63%
  21662 13800      316.5229    55      326.8018      305.1294  4670887    6.63%
Elapsed time = 2312.33 sec. (1996448.56 ticks, tree = 49.05 MB, solutions = 2)
  21702 13828      310.0130    66      326.8018      305.1314  4683291    6.63%
  21736 13851      313.1213   113      326.8018      305.1315  4693828    6.63%
  21804 13906      318.3258   101      326.8018      305.1327  4704816    6.63%
  21829 13920      319.8348    48      326.8018      305.1334  4716582    6.63%
  21866 13947      310.0481    85      326.8018      305.1348  4728306    6.63%
  21914 13981      306.0998    82      326.8018      305.1352  4738985    6.63%
  21975 14026      305.1779   104      326.8018      305.1359  4749783    6.63%
  22033 14071      320.9557   117      326.8018      305.1365  4760359    6.63%
  22074 14100      309.4992    61      326.8018      305.1368  4772215    6.63%
  22128 14141      307.2769    81      326.8018      305.1383  4783313    6.63%
Elapsed time = 2356.75 sec. (2035724.02 ticks, tree = 50.08 MB, solutions = 2)
  22173 14172      316.2879    84      326.8018      305.1390  4795154    6.63%
  22225 14207      311.1198    74      326.8018      305.1405  4807171    6.63%
  22279 14241      306.1952   112      326.8018      305.1418  4818382    6.63%
  22345 14284      309.8539   124      326.8018      305.1436  4828323    6.63%
  22394 14323      311.4695    82      326.8018      305.1437  4839206    6.63%
  22437 14356      315.8735   102      326.8018      305.1440  4851476    6.63%
  22478 14387      324.2386    53      326.8018      305.1447  4863243    6.63%
  22520 14412      311.9130    63      326.8018      305.1454  4874970    6.63%
  22558 14440      322.4807    83      326.8018      305.1462  4886665    6.63%
  22614 14477      305.8653    64      326.8018      305.1479  4898885    6.63%
Elapsed time = 2400.10 sec. (2074898.14 ticks, tree = 51.08 MB, solutions = 2)
  22656 14509      310.5443    59      326.8018      305.1488  4910850    6.63%
  22706 14544      305.5089   128      326.8018      305.1506  4921687    6.63%
  22755 14581      309.9468    72      326.8018      305.1517  4932819    6.62%
  22793 14607      319.3594    55      326.8018      305.1536  4943171    6.62%
  22838 14644      317.2788    84      326.8018      305.1545  4954715    6.62%
  22870 14663      305.7058    77      326.8018      305.1562  4965151    6.62%
  22905 14688      307.5861   123      326.8018      305.1568  4976973    6.62%
  22976 14736      325.9882    47      326.8018      305.1573  4987817    6.62%
  23013 14761      309.0381    60      326.8018      305.1613  5000011    6.62%
  23113 14829      326.6982    39      326.8018      305.1617  5009454    6.62%
Elapsed time = 2445.31 sec. (2115485.28 ticks, tree = 52.14 MB, solutions = 2)
  23160 14860      313.0340    78      326.8018      305.1623  5020965    6.62%
  23202 14889      315.3336    74      326.8018      305.1642  5032059    6.62%
  23239 14913      309.5123    65      326.8018      305.1649  5043437    6.62%
  23275 14941      323.8814    98      326.8018      305.1650  5055356    6.62%
  23312 14964      312.0515    62      326.8018      305.1657  5068663    6.62%
  23352 14994      319.5002    57      326.8018      305.1669  5079790    6.62%
  23386 15018      307.2800    77      326.8018      305.1686  5091142    6.62%
  23422 15040      306.2969    73      326.8018      305.1690  5103277    6.62%
  23475 15082      308.1384    73      326.8018      305.1693  5114776    6.62%
  23520 15116      310.2104   122      326.8018      305.1706  5126340    6.62%
Elapsed time = 2489.42 sec. (2154784.82 ticks, tree = 53.00 MB, solutions = 2)
  23570 15154      317.1868    60      326.8018      305.1711  5137925    6.62%
  23610 15176      305.8161    70      326.8018      305.1719  5148864    6.62%
  23651 15201      313.5548    74      326.8018      305.1736  5161485    6.62%
  23680 15220      307.6058    75      326.8018      305.1746  5172572    6.62%
  23727 15257      309.1984   108      326.8018      305.1750  5184960    6.62%
  23769 15287      324.4868    53      326.8018      305.1760  5196767    6.62%
  23808 15311      309.0085    66      326.8018      305.1767  5209523    6.62%
  23841 15334      317.1803    98      326.8018      305.1784  5221254    6.62%
  23897 15374      305.3368    89      326.8018      305.1792  5233164    6.62%
  23938 15402      323.8073    71      326.8018      305.1795  5245453    6.62%
Elapsed time = 2534.47 sec. (2194256.42 ticks, tree = 53.85 MB, solutions = 2)
  23972 15421      305.5342    72      326.8018      305.1807  5257316    6.62%
  23987 15431      305.6341   144      326.8018      305.1814  5261554    6.62%
  24032 15469      320.7750    60      326.8018      305.1817  5273032    6.62%
  24069 15495      308.6558    72      326.8018      305.1819  5284347    6.62%
  24110 15512      307.4587    79      326.8018      305.1838  5296024    6.62%
  24157 15543      313.6876    63      326.8018      305.1841  5307706    6.61%
  24196 15565      308.7669    71      326.8018      305.1849  5318783    6.61%
  24247 15596      306.0235    81      326.8018      305.1852  5330670    6.61%
  24294 15633      325.0893    64      326.8018      305.1854  5343377    6.61%
  24335 15664      312.9350    67      326.8018      305.1865  5354868    6.61%
Elapsed time = 2580.01 sec. (2233057.85 ticks, tree = 54.64 MB, solutions = 2)
  24384 15695      305.5414   104      326.8018      305.1879  5366199    6.61%
  24420 15725      313.7364    75      326.8018      305.1880  5379418    6.61%
  24456 15746      316.2692    97      326.8018      305.1894  5390844    6.61%
  24500 15772      308.4069   104      326.8018      305.1905  5403139    6.61%
  24535 15791      305.6353    77      326.8018      305.1909  5414747    6.61%
  24567 15819      323.4480    83      326.8018      305.1912  5425428    6.61%
  24608 15846      318.8211   100      326.8018      305.1930  5435880    6.61%
  24652 15873      305.2133   128      326.8018      305.1937  5447130    6.61%
  24707 15919      310.2620    77      326.8018      305.1945  5458779    6.61%
  24746 15942      308.7058    62      326.8018      305.1956  5470527    6.61%
Elapsed time = 2624.88 sec. (2272752.40 ticks, tree = 55.47 MB, solutions = 2)
  24785 15973      307.4504    98      326.8018      305.1964  5480829    6.61%
  24845 16023      316.7010   108      326.8018      305.1965  5491835    6.61%
  24869 16039      315.1793    92      326.8018      305.1969  5502942    6.61%
  24934 16091      307.6847    68      326.8018      305.1980  5513594    6.61%
  24977 16124      322.1632    70      326.8018      305.1991  5524729    6.61%
  25009 16144      312.0699    82      326.8018      305.1992  5534731    6.61%
  25047 16170      319.1122    75      326.8018      305.1994  5546293    6.61%
  25095 16207      323.7930   102      326.8018      305.2001  5557147    6.61%
  25127 16228      317.6626    79      326.8018      305.2002  5569369    6.61%
  25166 16251      306.9677   133      326.8018      305.2016  5580848    6.61%
Elapsed time = 2669.04 sec. (2312170.96 ticks, tree = 56.40 MB, solutions = 2)
  25214 16288        cutoff            326.8018      305.2019  5592344    6.61%
  25250 16316      305.5601    75      326.8018      305.2023  5603272    6.61%
  25290 16344      315.7993   100      326.8018      305.2031  5615142    6.61%
  25337 16375      305.6175   113      326.8018      305.2041  5627332    6.61%
  25377 16404      305.2690   121      326.8018      305.2044  5638653    6.61%
  25413 16437      314.2832    62      326.8018      305.2045  5650043    6.61%
  25449 16459      308.3567   117      326.8018      305.2048  5662185    6.61%
  25500 16498      314.3962    64      326.8018      305.2058  5673814    6.61%
  25554 16533      305.5175   129      326.8018      305.2058  5684669    6.61%
  25610 16573      312.7942    55      326.8018      305.2063  5696178    6.61%
Elapsed time = 2717.06 sec. (2351655.22 ticks, tree = 58.04 MB, solutions = 2)
  25660 16609      308.1661    57      326.8018      305.2074  5706451    6.61%
  25705 16642      316.3437    58      326.8018      305.2080  5717680    6.61%
  25734 16664      311.5824    64      326.8018      305.2085  5729352    6.61%
  25789 16696        cutoff            326.8018      305.2085  5740605    6.61%
  25835 16727      305.4358   132      326.8018      305.2102  5751816    6.61%
  25883 16761      310.3782   109      326.8018      305.2112  5762673    6.61%
  25914 16779      314.8716    84      326.8018      305.2124  5775201    6.61%
  25960 16809      305.7127   106      326.8018      305.2132  5786148    6.61%
  25995 16832      309.9837    68      326.8018      305.2142  5796122    6.61%
  26054 16884      317.1791    65      326.8018      305.2155  5806609    6.61%
Elapsed time = 2759.49 sec. (2390276.16 ticks, tree = 58.97 MB, solutions = 2)
  26096 16905      311.4217   112      326.8018      305.2158  5817919    6.61%
  26131 16930      315.7750    60      326.8018      305.2169  5830830    6.60%
  26161 16952      321.3084    65      326.8018      305.2189  5841345    6.60%
  26213 16992      314.1742    62      326.8018      305.2194  5853440    6.60%
  26257 17022      308.0696    57      326.8018      305.2196  5864954    6.60%
  26302 17059      310.8941    64      326.8018      305.2199  5876705    6.60%
  26333 17081      306.3724    88      326.8018      305.2207  5889560    6.60%
  26366 17109      319.9070    70      326.8018      305.2211  5902015    6.60%
  26400 17133      316.0070    85      326.8018      305.2228  5912788    6.60%
  26448 17170      308.4450    68      326.8018      305.2231  5925045    6.60%
Elapsed time = 2802.07 sec. (2429424.15 ticks, tree = 59.82 MB, solutions = 2)
  26494 17202      307.7191   137      326.8018      305.2233  5936007    6.60%
  26551 17251      307.0579   118      326.8018      305.2239  5947396    6.60%
  26602 17286      307.4678    60      326.8018      305.2243  5958945    6.60%
  26652 17324      305.4372   101      326.8018      305.2248  5970799    6.60%
  26691 17355      307.5306    63      326.8018      305.2253  5982445    6.60%
  26726 17383      306.1758    76      326.8018      305.2261  5994148    6.60%
  26765 17415      305.6608   133      326.8018      305.2268  6003997    6.60%
  26822 17456      306.7142    70      326.8018      305.2272  6016139    6.60%
  26870 17496      309.6967    66      326.8018      305.2298  6028049    6.60%
  26936 17539      326.7898    34      326.8018      305.2305  6039080    6.60%
Elapsed time = 2845.41 sec. (2468187.16 ticks, tree = 63.20 MB, solutions = 2)
  26976 17566      314.9057    65      326.8018      305.2314  6048658    6.60%
  27015 17591      305.3006    71      326.8018      305.2328  6060172    6.60%
  27065 17632      309.7034    66      326.8018      305.2339  6070922    6.60%
  27107 17663      321.4151    62      326.8018      305.2341  6082110    6.60%
  27147 17684      308.7071    67      326.8018      305.2345  6094402    6.60%
  27178 17705        cutoff            326.8018      305.2351  6105487    6.60%
  27211 17722      317.6231    47      326.8018      305.2363  6117124    6.60%
  27251 17750      314.0759    56      326.8018      305.2366  6128565    6.60%
  27299 17782      307.7006   116      326.8018      305.2378  6140952    6.60%
  27337 17809      325.7901    68      326.8018      305.2382  6152305    6.60%
Elapsed time = 2893.58 sec. (2512305.07 ticks, tree = 64.01 MB, solutions = 2)
  27381 17840      308.4873   107      326.8018      305.2384  6164952    6.60%
  27420 17866      308.6161    83      326.8018      305.2392  6176289    6.60%
  27450 17883      325.5135    64      326.8018      305.2400  6188019    6.60%
  27474 17900      308.8747    68      326.8018      305.2400  6198700    6.60%
  27502 17923      318.7026    62      326.8018      305.2402  6209074    6.60%
  27550 17960      311.7084    65      326.8018      305.2409  6221605    6.60%
  27613 18003      307.2974   126      326.8018      305.2419  6231860    6.60%
  27644 18027      310.6547    72      326.8018      305.2422  6243771    6.60%
  27676 18051      307.8353    73      326.8018      305.2424  6256196    6.60%
  27716 18077      305.3886   111      326.8018      305.2429  6268007    6.60%
Elapsed time = 2938.62 sec. (2551339.23 ticks, tree = 64.81 MB, solutions = 2)
  27757 18111      310.8357   106      326.8018      305.2443  6281207    6.60%
  27812 18146      326.8012    44      326.8018      305.2445  6293071    6.60%
  27866 18178        cutoff            326.8018      305.2447  6304587    6.60%
  27910 18208      311.0336    83      326.8018      305.2451  6316337    6.60%
  27957 18243      306.5832   123      326.8018      305.2452  6327302    6.60%
  27976 18257      305.9562    71      326.8018      305.2455  6332141    6.60%
  28016 18287      312.1436    59      326.8018      305.2457  6344032    6.60%
  28069 18324      306.5415    76      326.8018      305.2471  6356322    6.60%
  28125 18368      305.5558   124      326.8018      305.2479  6367261    6.60%
  28163 18389      305.6999   133      326.8018      305.2482  6378594    6.60%
Elapsed time = 2988.94 sec. (2593373.44 ticks, tree = 65.75 MB, solutions = 2)
  28218 18439      316.5308   103      326.8018      305.2482  6389703    6.60%
  28267 18470      305.3265    74      326.8018      305.2483  6401812    6.60%
  28313 18509      306.2230    75      326.8018      305.2487  6413067    6.60%
  28368 18555      307.4277    62      326.8018      305.2496  6425108    6.59%
  28404 18577      324.1927    60      326.8018      305.2500  6435494    6.59%
  28443 18595      308.2600   124      326.8018      305.2502  6446393    6.59%
  28477 18619      305.5230    80      326.8018      305.2504  6458738    6.59%
  28523 18649        cutoff            326.8018      305.2507  6468568    6.59%
  28560 18677      310.5062    84      326.8018      305.2517  6478769    6.59%
  28603 18701      311.6059    92      326.8018      305.2530  6489926    6.59%
Elapsed time = 3038.50 sec. (2632078.78 ticks, tree = 68.19 MB, solutions = 2)
  28642 18732      311.4389    82      326.8018      305.2541  6501489    6.59%
  28686 18759      311.5218   112      326.8018      305.2551  6512780    6.59%
  28725 18784      305.4808    76      326.8018      305.2554  6525300    6.59%
  28756 18803      306.0364    69      326.8018      305.2558  6537257    6.59%
  28782 18821      307.7053    82      326.8018      305.2563  6547394    6.59%
  28826 18852      311.6854   108      326.8018      305.2588  6558419    6.59%
  28864 18880      310.3124    74      326.8018      305.2608  6570735    6.59%
  28903 18907      305.4247    98      326.8018      305.2612  6583010    6.59%
  28951 18947      324.0588    99      326.8018      305.2617  6595037    6.59%
  29022 18994      326.4287    86      326.8018      305.2619  6601838    6.59%
Elapsed time = 3098.78 sec. (2670930.00 ticks, tree = 69.08 MB, solutions = 2)
  29056 19016      315.5253    68      326.8018      305.2620  6611855    6.59%
  29102 19049      308.3014   111      326.8018      305.2625  6623488    6.59%
  29139 19074      326.0421    65      326.8018      305.2630  6634769    6.59%
  29182 19110      324.4712    47      326.8018      305.2632  6647173    6.59%
  29229 19142      306.8657    84      326.8018      305.2634  6658993    6.59%
  29271 19173      305.2910   109      326.8018      305.2640  6670629    6.59%
  29307 19202      317.7700    94      326.8018      305.2642  6681111    6.59%
  29366 19243      306.4641    64      326.8018      305.2663  6693637    6.59%
  29404 19262      305.5237   107      326.8018      305.2668  6706340    6.59%
  29441 19288      309.9586    81      326.8018      305.2674  6718594    6.59%
Elapsed time = 3150.01 sec. (2709686.04 ticks, tree = 69.96 MB, solutions = 2)
  29482 19317      306.0234   105      326.8018      305.2681  6730102    6.59%
  29517 19343      316.1518   150      326.8018      305.2685  6742097    6.59%
  29576 19381      316.0897    81      326.8018      305.2691  6752951    6.59%
  29623 19420      313.6274    68      326.8018      305.2694  6763761    6.59%
  29656 19439      307.6946    66      326.8018      305.2710  6775516    6.59%
  29710 19485      315.6673    66      326.8018      305.2714  6788226    6.59%
  29748 19513      308.4337    80      326.8018      305.2717  6801408    6.59%
  29783 19543      326.4450    57      326.8018      305.2717  6813459    6.59%
  29836 19580      326.1020    26      326.8018      305.2721  6824390    6.59%
  29921 19623      306.2805    70      326.8018      305.2730  6835555    6.59%
Elapsed time = 3212.76 sec. (2750025.29 ticks, tree = 70.96 MB, solutions = 2)
  29964 19654      305.9382    66      326.8018      305.2734  6847399    6.59%
  30014 19696      321.5071    56      326.8018      305.2737  6858843    6.59%
  30051 19712      306.0438    82      326.8018      305.2753  6869565    6.59%
  30099 19755      323.0482    65      326.8018      305.2758  6881218    6.59%
  30133 19775      305.6201    68      326.8018      305.2770  6892140    6.59%
  30176 19803      305.4252    83      326.8018      305.2774  6900690    6.59%
  30209 19826      307.8583   134      326.8018      305.2779  6913479    6.59%
  30258 19855      306.6576    74      326.8018      305.2787  6925766    6.59%
  30276 19869      323.7367    53      326.8018      305.2788  6933130    6.59%
  30319 19890      322.8585    63      326.8018      305.2791  6944796    6.59%
Elapsed time = 3272.33 sec. (2791972.08 ticks, tree = 71.76 MB, solutions = 2)
  30350 19911      323.8726    76      326.8018      305.2795  6956208    6.59%
  30376 19932      324.3421   103      326.8018      305.2801  6961017    6.59%
  30422 19955      309.3885    67      326.8018      305.2809  6973162    6.59%
  30463 19982      306.4928    72      326.8018      305.2817  6984480    6.59%
  30494 20009      306.7917    74      326.8018      305.2817  6993077    6.59%
  30549 20052      308.2549    81      326.8018      305.2819  7003214    6.58%
  30580 20078      318.6554    73      326.8018      305.2819  7014480    6.58%
  30619 20104      315.9711   103      326.8018      305.2833  7026591    6.58%
  30648 20129      317.3511    55      326.8018      305.2836  7038356    6.58%
* 30676+19944                          326.3960      305.2839             6.47%
  30676 19946      310.6411   116      326.3960      305.2839  7044869    6.47%
Elapsed time = 3340.49 sec. (2839793.01 ticks, tree = 71.93 MB, solutions = 3)
  30721 19984      305.3879   106      326.3960      305.2843  7054897    6.47%
  30754 20002      306.0240    63      326.3960      305.2847  7067541    6.47%
  30776 20016      306.2750    79      326.3960      305.2858  7073353    6.47%
  30822 20056      322.1857    52      326.3960      305.2859  7085660    6.47%
  30876 20094      326.2983    47      326.3960      305.2866  7095454    6.47%
  30916 20115      313.5820    68      326.3960      305.2872  7108520    6.47%
  30956 20146      308.3285    73      326.3960      305.2878  7120116    6.47%
* 30976+19941                          325.8351      305.2881             6.31%
  30976 19943      306.1117    65      325.8351      305.2881  7125457    6.31%
  31019 19978      317.3048    60      325.8351      305.2887  7137863    6.31%
  31070 20015      307.0038    68      325.8351      305.2895  7149635    6.31%
Elapsed time = 3396.10 sec. (2886371.63 ticks, tree = 72.00 MB, solutions = 4)
  31076 20021      307.6795    93      325.8351      305.2895  7151423    6.31%
  31128 20048      308.9867    58      325.8351      305.2902  7163619    6.31%
  31167 20075      309.4807    80      325.8351      305.2915  7175711    6.30%
  31176 20084      311.1816   105      325.8351      305.2915  7177598    6.30%
  31226 20124      311.4998    65      325.8351      305.2926  7190048    6.30%
  31274 20162      306.6889   108      325.8351      305.2929  7201163    6.30%
  31276 20164      307.0237    78      325.8351      305.2929  7201845    6.30%
  31317 20199      316.9118   109      325.8351      305.2931  7213789    6.30%
  31361 20231      306.6886    94      325.8351      305.2937  7225002    6.30%
* 31376+19972                          325.2180      305.2937             6.13%
  31376 19974      316.1348    79      325.2180      305.2937  7228687    6.13%
Elapsed time = 3461.57 sec. (2938883.06 ticks, tree = 71.88 MB, solutions = 5)
  31414 19995      314.2984    96      325.2180      305.2942  7238824    6.13%
  31458 20030      314.7101    90      325.2180      305.2947  7249889    6.13%
  31476 20043      315.3347    63      325.2180      305.2947  7255233    6.13%
  31521 20072      311.7383    80      325.2180      305.2952  7268146    6.13%
  31575 20110      305.7647   101      325.2180      305.2954  7279693    6.13%
  31576 20111      307.7693    90      325.2180      305.2954  7280133    6.13%
  31609 20144      315.7901    75      325.2180      305.2954  7291833    6.13%
  31676 20191      308.2075    76      325.2180      305.2956  7300780    6.13%
  31710 20212      310.6267    66      325.2180      305.2969  7312635    6.13%
  31745 20235      314.2560    80      325.2180      305.2972  7323978    6.13%
Elapsed time = 3518.28 sec. (2986384.25 ticks, tree = 72.67 MB, solutions = 5)
  31776 20256      314.6065    69      325.2180      305.2976  7330825    6.13%
  31829 20287      305.4847   132      325.2180      305.2981  7341463    6.13%
  31876 20326      309.6146    59      325.2180      305.2987  7350416    6.12%
  31917 20351      306.0914    75      325.2180      305.2988  7361716    6.12%
  31965 20390      311.6172    82      325.2180      305.2996  7373892    6.12%
  31995 20402      317.6314    45      325.2180      305.3007  7384578    6.12%
  32035 20428      306.2474    75      325.2180      305.3012  7396837    6.12%
  32072 20455      322.1779    58      325.2180      305.3013  7408985    6.12%
  32083 20462      310.9039    60      325.2180      305.3016  7413042    6.12%
  32133 20497      308.0046    64      325.2180      305.3028  7425227    6.12%
Elapsed time = 3593.45 sec. (3045598.63 ticks, tree = 73.46 MB, solutions = 5)
Advanced basis not built.

GUB cover cuts applied:  60
Clique cuts applied:  32
Cover cuts applied:  32
Implied bound cuts applied:  76
Flow cuts applied:  37
Mixed integer rounding cuts applied:  504
Zero-half cuts applied:  10
Gomory fractional cuts applied:  8

Root node processing (before b&c):
  Real time             =    9.09 sec. (8497.29 ticks)
Sequential b&c:
  Real time             = 3590.92 sec. (3043197.05 ticks)
                          ------------
Total (root+branch&cut) = 3600.01 sec. (3051694.34 ticks)
