Version identifier: 22.1.0.0 | 2022-03-09 | 1a383f8ce
CPXPARAM_Read_DataCheck                          1
CPXPARAM_Threads                                 1
CPXPARAM_TimeLimit                               3600
Tried aggregator 2 times.
MIP Presolve eliminated 9170 rows and 339 columns.
MIP Presolve modified 99813 coefficients.
Aggregator did 331 substitutions.
Reduced MIP has 21490 rows, 1550 columns, and 174562 nonzeros.
Reduced MIP has 1155 binaries, 0 generals, 0 SOSs, and 0 indicators.
Presolve time = 0.39 sec. (278.68 ticks)
Probing fixed 3 vars, tightened 4 bounds.
Probing time = 0.09 sec. (60.11 ticks)
Tried aggregator 1 time.
Detecting symmetries...
MIP Presolve eliminated 4 rows and 3 columns.
MIP Presolve modified 233 coefficients.
Reduced MIP has 21486 rows, 1547 columns, and 174466 nonzeros.
Reduced MIP has 1152 binaries, 0 generals, 0 SOSs, and 0 indicators.
Presolve time = 0.14 sec. (74.25 ticks)
Probing time = 0.01 sec. (8.19 ticks)
Clique table members: 4179.
MIP emphasis: balance optimality and feasibility.
MIP search method: dynamic search.
Parallel mode: none, using 1 thread.
Root relaxation solution time = 0.11 sec. (109.92 ticks)

        Nodes                                         Cuts/
   Node  Left     Objective  IInf  Best Integer    Best Bound    ItCnt     Gap

      0     0      535.2787   218                    535.2787      706         
      0     0      535.2787    99                   Cuts: 787     1252         
      0     0      535.2787   104                   Cuts: 890     1693         
      0     0      535.2787    92                   Cuts: 148     2019         
      0     0      535.2787   104                   Cuts: 672     2637         
Detecting symmetries...
      0     2      535.2787   104                    535.2787     2637         
Elapsed time = 18.87 sec. (9984.10 ticks, tree = 0.01 MB, solutions = 0)
      3     5      609.9268   117                    535.2787     4133         
      6     8      559.3783   109                    535.2787     5238         
     10    12      535.2787   101                    535.2787     5991         
     13    15      544.0809   111                    535.2787     7323         
     16    18      535.2787    98                    535.2787     8517         
     19    21      596.9385    99                    535.2787     9537         
     24    24      535.5090   101                    535.2787    10520         
     34    32      535.5043   109                    535.2787    11807         
     40    38      535.3007   144                    535.2787    12399         
     53    51      559.0951    95                    535.2787    15661         
Elapsed time = 25.54 sec. (14765.50 ticks, tree = 0.69 MB, solutions = 0)
     64    62      540.2675    83                    535.2787    18332         
     75    73      561.0620    67                    535.2787    21385         
     97    95      541.3670    70                    535.2787    24600         
    110   106      547.7713    71                    535.2787    27503         
    130   126      547.8433    87                    535.2787    29651         
    147   141      584.6520    93                    535.2787    33135         
    160   154      548.8565    78                    535.2787    35099         
    184   178      550.8215    82                    535.2787    37162         
    203   191      567.9003    50                    535.2787    40403         
    217   195      603.2280    92                    535.4742    43212         
Elapsed time = 38.73 sec. (25191.02 ticks, tree = 1.68 MB, solutions = 0)
    234   208      606.2613   101                    535.4742    47391         
    240   214      535.7112    81                    535.4742    48897         
    253   227      619.7015   117                    535.4742    52427         
    261   233    infeasible                          535.4742    55475         
    269   241      552.8709    92                    535.4742    58152         
    288   260      562.7678    92                    535.4742    61758         
    312   276      568.4019    73                    535.4742    64824         
    335   295      605.8591    76                    535.4742    66940         
    352   310      558.9245    80                    535.4742    69508         
    376   330      556.6483    75                    535.4742    72219         
Elapsed time = 53.80 sec. (35820.89 ticks, tree = 2.48 MB, solutions = 0)
    394   348      572.7068    66                    535.4742    75143         
    402   354      584.9854    90                    535.5043    76293         
    440   392      644.2836    77                    535.5043    78846         
    476   416      561.7364    90                    535.5090    82084         
    493   431      535.5738    93                    535.5090    84170         
    513   451      536.6953    97                    535.5090    87550         
    520   456      537.8753    76                    535.5090    89338         
    537   469    infeasible                          535.5090    93121         
    551   479      541.6664    84                    535.5090    96320         
    584   510      541.7780    80                    535.5090    99869         
Elapsed time = 66.63 sec. (46123.58 ticks, tree = 3.09 MB, solutions = 0)
    613   535      625.4536    68                    535.5090   103908         
    660   580      594.1775    44                    535.5090   106509         
    702   618      567.8413    39                    535.5090   108022         
    729   636      535.5185   116                    535.5142   110476         
    753   660      542.3339   102                    535.5142   114286         
    771   676      542.3353    77                    535.5142   116802         
    784   689      561.2039    78                    535.5142   120278         
    800   705      542.6194    72                    535.5142   121666         
    840   735      565.4115    42                    535.5142   124646         
    880   773      576.2507    23                    535.5142   127241         
Elapsed time = 78.06 sec. (56096.58 ticks, tree = 3.99 MB, solutions = 0)
    902   791      566.9907    98                    535.5185   130801         

Performing restart 1

Repeating presolve.
Tried aggregator 1 time.
MIP Presolve eliminated 2 rows and 1 columns.
Reduced MIP has 21484 rows, 1546 columns, and 174401 nonzeros.
Reduced MIP has 1151 binaries, 0 generals, 0 SOSs, and 0 indicators.
Presolve time = 0.07 sec. (58.26 ticks)
Tried aggregator 1 time.
MIP Presolve eliminated 12 rows and 4 columns.
MIP Presolve modified 31 coefficients.
Reduced MIP has 21472 rows, 1542 columns, and 174126 nonzeros.
Reduced MIP has 1147 binaries, 0 generals, 0 SOSs, and 0 indicators.
Presolve time = 0.14 sec. (83.66 ticks)
Represolve time = 0.43 sec. (322.20 ticks)
    924     0      535.3617   212                  Cuts: 2838   135165         
    924     0      535.5648   271                  Cuts: 3035   135775         
    924     0      535.7925   352                  Cuts: 2951   136101         
    924     0      536.3821   382                  Cuts: 4268   136602         
    924     0      536.5952   320                  Cuts: 2930   136958         
    924     0      536.6656   386                  Cuts: 2972   137264         
    924     0      536.7179   399                  Cuts: 1905   137517         
    924     0      536.7464   396                  Cuts: 3664   137753         
    924     0      536.7673   394                  Cuts: 2751   137982         
    924     0      536.7783   412                  Cuts: 3705   138194         
    924     0      536.8385   410                  Cuts: 3271   138489         
    924     0      536.8615   410                  Cuts: 1838   138763         
    924     0      536.9387   410                  Cuts: 2849   139058         
    924     0      536.9637   365                  Cuts: 2970   139283         
    924     0      536.9964   454                  Cuts: 2440   139513         
    924     0      537.0386   461                  Cuts: 3230   139798         
    924     0      537.0465   470                  Cuts: 3142   139979         
    924     0      537.0676   399                  Cuts: 1094   140273         
    924     0      537.0899   397                  Cuts: 2196   140523         
    924     0      537.1275   342                  Cuts: 1429   140862         
    924     0      537.1605   349                  Cuts: 4737   141147         
    924     0      537.1754   308                  Cuts: 3346   141370         
    924     0      537.2039   310                  Cuts: 3238   141579         
    924     2      537.2039   245                    537.2042   141579         
    925     3      537.2388   242                    537.2388   141615         
    926     4      537.2388   240                    537.2388   141617         
    927     5      584.8779   106                    537.2388   144308         
    928     6      537.2388   240                    537.2402   144311         
    933    10      573.6895   129                    537.3225   151993         
    934    11      573.6895   124                    537.3225   152005         
    936    13      664.6981   142                    537.3225   152435         
    939    16      573.6895   136                    537.3225   152798         
Elapsed time = 282.94 sec. (176667.66 ticks, tree = 0.05 MB, solutions = 0)
    944    21      714.4204   138                    537.3225   153525         
    949    26      591.0621   119                    537.3225   154152         
    954    31      598.4693   121                    537.3225   154701         
    960    37      609.9001   104                    537.3225   155551         
    965    42      617.3421   119                    537.3225   156037         
    984    59      601.1180    95                    537.3225   157458         
    998    72      606.3424    88                    537.3225   159542         
   1002    75      601.3956    77                    537.3225   160182         
   1004    77      601.3956    80                    537.3225   160749         
   1009    82      602.4097    72                    537.3225   161565         
Elapsed time = 297.25 sec. (193002.51 ticks, tree = 1.61 MB, solutions = 0)
   1015    88      601.3956    69                    537.3225   161958         
   1040   113      617.3400    63                    537.3225   164299         
   1044   117      604.5607    71                    537.3225   164569         
   1064   137      612.0504    55                    537.3225   165771         
   1073   146      617.8933    54                    537.3225   166571         
   1084   157      623.9598    37                    537.3225   167322         
   1094   162      631.1692    24                    537.3225   167832         
   1110   172      537.3872   189                    537.3295   168471         
   1111   173      610.9330   115                    537.3295   170248         
   1116   178      675.8371   114                    537.3295   171638         
Elapsed time = 310.77 sec. (209287.83 ticks, tree = 1.93 MB, solutions = 0)
   1121   183      645.6961    95                    537.3295   172821         
   1128   190      614.1779    85                    537.3295   174273         
   1131   193      614.2139    90                    537.3295   174986         
   1142   204      620.7435    91                    537.3295   176713         
   1146   207      615.6379    77                    537.3295   177440         
   1154   215      628.9722    67                    537.3295   178718         
   1173   234      618.1663    60                    537.3295   180419         
   1194   255      628.0179    54                    537.3295   182082         
   1223   284      633.7079    38                    537.3295   183680         
   1246   305      632.7602    45                    537.3295   184092         
Elapsed time = 322.52 sec. (221187.40 ticks, tree = 3.36 MB, solutions = 0)
   1264   312      537.3383   194                    537.3413   184908         
   1275   323      600.9061   116                    537.3422   187116         
   1279   327      578.5051   132                    537.3422   188688         
   1291   336      682.4430   114                    537.3422   190522         
   1299   344      694.8444   115                    537.3422   191422         
   1312   357      689.4883    81                    537.3422   194142         
   1328   371      540.1234   140                    537.3711   196542         
   1355   398      541.8579   121                    537.3711   197896         
   1359   402      552.7168   102                    537.3711   199331         
   1431   469      610.4681   105                    537.3764   205344         
Elapsed time = 341.89 sec. (241630.93 ticks, tree = 4.91 MB, solutions = 0)
   1459   497      708.7065   101                    537.3764   210060         
   1538   570      607.9263    94                    537.3872   217466         
   1564   596      621.3820    82                    537.3872   222596         
   1653   675      579.6132    87                    537.3900   230106         
   1719   740      648.9090    70                    537.3900   237199         
   1804   818      539.3654   109                    537.4209   241170         

Performing restart 2

Repeating presolve.
Tried aggregator 1 time.
MIP Presolve eliminated 12 rows and 2 columns.
MIP Presolve modified 51 coefficients.
Reduced MIP has 21460 rows, 1540 columns, and 180085 nonzeros.
Reduced MIP has 1145 binaries, 0 generals, 0 SOSs, and 0 indicators.
Presolve time = 0.14 sec. (100.55 ticks)
Tried aggregator 1 time.
Reduced MIP has 21460 rows, 1540 columns, and 180085 nonzeros.
Reduced MIP has 1145 binaries, 0 generals, 0 SOSs, and 0 indicators.
Presolve time = 0.15 sec. (79.36 ticks)
Represolve time = 0.83 sec. (420.35 ticks)
   1848     0      537.2039   304                  Cuts: 5465   245752         
   1848     0      537.2186   316                  Cuts: 1353   246015         
   1848     0      537.2219   303                  Cuts: 3554   246276         
   1848     0      537.2231   323                  Cuts: 4473   246521         
   1848     0      537.2242   303                  Cuts: 1978   246715         
   1848     0      537.2246   329                  Cuts: 4375   246896         
   1848     0      537.2250   291                   Cuts: 751   247093         
   1848     0      537.2250   302                  Cuts: 5465   247201         
   1848     0      537.2252   290                   Cuts: 504   247472         
   1848     0      537.2255   309                  Cuts: 4153   247702         
   1848     2      537.2255   239                    537.4209   247702         
   1849     3      537.2404   226                    537.4209   247728         
   1851     5      566.2278   151                    537.4209   258942         
   1854     8      566.2336   133                    537.4209   259757         
Elapsed time = 521.76 sec. (390482.60 ticks, tree = 0.03 MB, solutions = 0)
   1858    12      566.2337   124                    537.4209   259783         
   1862    16      586.5216   119                    537.4209   260536         
   1866    20      566.2420   117                    537.4209   261705         
   1876    30      582.3511    91                    537.4209   263365         
   1890    44      653.4657    91                    537.4209   264854         
   1918    72      576.0505    59                    537.4209   266133         
   1938    92      602.6513    53                    537.4209   267419         
   1986   137      598.1455    48                    537.4209   268636         
   2025   168      537.2485   223                    537.4209   269932         
   2028   171      610.7918   179                    537.4209   278926         
Elapsed time = 565.29 sec. (439959.87 ticks, tree = 25.79 MB, solutions = 0)
   2031   174      635.1272   132                    537.4209   279746         
   2039   182      635.1272   121                    537.4209   280042         
   2046   189      688.5522   108                    537.4209   281122         
   2057   200      754.4663    96                    537.4209   283756         
   2099   236      731.3384    54                    537.4209   288164         
   2110   242      560.8652   165                    537.4209   291322         
   2118   250      630.4721   126                    537.4209   293543         
   2150   282      738.4436    87                    537.4209   297078         
   2199   331      758.0852    73                    537.4209   303829         
   2270   394      538.0329    99                    537.4209   306768         
Elapsed time = 602.41 sec. (481657.01 ticks, tree = 26.53 MB, solutions = 0)
   2336   452      598.4344   120                    537.4209   312633         
   2371   487      614.3163    79                    537.4209   315440         
   2451   564      674.7987    49                    537.4209   322731         
   2478   584      587.2773   109                    537.4209   326646         
   2495   601      587.3060    88                    537.4209   331340         
   2524   630      621.3001    76                    537.4209   338101         
   2563   659      545.6409   154                    537.4209   342793         
   2573   669      605.9119   149                    537.4209   346819         
   2586   682      572.6544   116                    537.4209   350523         
   2604   700      634.0337    69                    537.4209   354051         
Elapsed time = 640.91 sec. (521982.43 ticks, tree = 27.54 MB, solutions = 0)
   2670   760      537.6266   140                    537.4209   360097         
   2745   831      551.0854   120                    537.4209   364280         
   2800   876      596.9385    94                    537.4209   376442         
   2802   878      596.9385    93                    537.4209   377651         
   2812   888      614.1398   136                    537.4209   380967         
   2845   917      571.5157    83                    537.4950   388261         
   2881   953      625.6649    67                    537.4950   395883         
   2922   992      642.8645    46                    537.4950   406210         
   2954  1018      582.8675    90                    537.5429   412475         
   3020  1080      648.1789    27                    537.5429   417377         
Elapsed time = 685.29 sec. (565364.60 ticks, tree = 28.81 MB, solutions = 0)
   3053  1107      625.7934    91                    537.6053   421757         
   3092  1146      661.1804    73                    537.6053   428165         
   3155  1199      537.8627   119                    537.6055   434840         
   3235  1269      548.9760   111                    537.6133   441485         
   3283  1317      557.4313    93                    537.6133   448635         
   3353  1379      616.7469    78                    537.6136   455704         
   3403  1425      584.4501    74                    537.6526   461729         
   3445  1467      642.2009    53                    537.6526   471038         
   3528  1537      541.8270   105                    537.6807   477733         
   3606  1613      647.7585    44                    537.6807   487064         
Elapsed time = 730.39 sec. (606585.91 ticks, tree = 30.54 MB, solutions = 0)
   3645  1640      574.3311   108                    537.7102   494934         
   3691  1686      671.7234    57                    537.7102   502577         
   3755  1742      604.3063    62                    537.7159   509693         
   3872  1849      560.2834    80                    537.7226   516357         
   3920  1893      603.3173    86                    537.7555   523916         
   3978  1943      543.3001   104                    537.7603   531706         
   4029  1988      649.7034    61                    537.7614   539468         
   4084  2033      678.3119    87                    537.7666   547527         
   4174  2109      584.9298   107                    537.7670   555235         
   4237  2162      562.7132   116                    537.7769   563172         
Elapsed time = 775.92 sec. (646409.18 ticks, tree = 32.41 MB, solutions = 0)
   4309  2224      625.8723    68                    537.7945   569787         
   4370  2278      563.0708    90                    537.8102   578002         
   4437  2337      564.3003    86                    537.8167   585573         
   4506  2390      565.1229    98                    537.8212   592775         
   4578  2451      561.4095   109                    537.8224   600635         
   4637  2502      581.1108    89                    537.8293   608918         
   4709  2562      598.7402    81                    537.8362   615546         
   4771  2614      555.3611   107                    537.8438   622378         
   4857  2683      552.7502   103                    537.8448   630832         
   4940  2759      609.1787    56                    537.8460   638607         
Elapsed time = 821.03 sec. (685063.33 ticks, tree = 34.34 MB, solutions = 0)
   5017  2816      571.8524    96                    537.8516   645420         
   5153  2927      545.3292    90                    537.8534   651009         
   5269  3029    infeasible                          537.8534   658734         
   5337  3089      567.3709    87                    537.8679   665498         
   5440  3186      603.5120    46                    537.8691   672586         
   5509  3239      584.3789   124                    537.8696   680916         
   5573  3292      538.1271   132                    537.8721   688084         
   5632  3345      556.2396    88                    537.8747   695186         
   5712  3413      611.6030    63                    537.8973   701946         
   5841  3530      542.0884   107                    537.9165   707511         
Elapsed time = 867.36 sec. (723955.21 ticks, tree = 36.84 MB, solutions = 0)
   5904  3579      566.4998    95                    537.9302   713968         
   5980  3639      544.3495   107                    537.9374   723066         
   6063  3708      555.1140   110                    537.9407   730070         
   6131  3766    infeasible                          537.9531   737918         
   6237  3860      622.8144    29                    537.9554   746259         
   6356  3968      540.1153    95                    537.9600   752924         
   6439  4025      553.2407   102                    537.9625   762155         
   6488  4070      555.1257   108                    537.9694   770560         
   6562  4134      558.8754   113                    537.9787   777103         
   6648  4216      544.0903    92                    537.9802   785891         
Elapsed time = 913.11 sec. (763008.00 ticks, tree = 39.22 MB, solutions = 0)
   6689  4248      616.7207    74                    537.9803   793793         
   6777  4318      573.4514    89                    537.9859   801777         
   6841  4372      651.9783    73                    538.0070   810196         
   6898  4419      595.0396    99                    538.0106   819078         
   6964  4473      553.4378   110                    538.0218   827389         
   7036  4537      601.2030    75                    538.0244   834514         
   7109  4600      571.1108    90                    538.0443   841693         
   7179  4657      544.1407   135                    538.0477   848791         
   7244  4710      538.7013   123                    538.0798   856536         
   7308  4766      624.4461    62                    538.0809   863939         
Elapsed time = 956.27 sec. (801685.30 ticks, tree = 41.01 MB, solutions = 0)
   7387  4829      571.4199   106                    538.0876   871723         
   7459  4887      552.0306    90                    538.1048   878435         
   7602  5012      540.0768   112                    538.1109   885901         
   7687  5091      619.0374    58                    538.1111   894175         
   7763  5149      571.7279    91                    538.1192   902302         
   7834  5212      612.9605    77                    538.1239   910567         
   7919  5287      539.7881   119                    538.1270   917726         
   8008  5356    infeasible                          538.1275   923554         
   8125  5457      538.6173   113                    538.1301   931355         
   8202  5523      581.2361    84                    538.1309   938834         
Elapsed time = 994.91 sec. (840209.61 ticks, tree = 43.46 MB, solutions = 0)
   8301  5608      545.3838   102                    538.1345   947154         
   8379  5672      545.7516   111                    538.1426   956498         
   8457  5738      553.0906    91                    538.1454   964430         
   8554  5821      581.4817    91                    538.1474   971677         
   8626  5873      547.3060   114                    538.1636   979698         
   8712  5953    infeasible                          538.1636   988152         
   8792  6017      565.1731   100                    538.1794   994868         
   8883  6098      561.0610    88                    538.1817  1003236         
   8980  6191      646.4978    22                    538.1857  1011220         
   9078  6273      543.8157    92                    538.1958  1018495         
Elapsed time = 1032.26 sec. (878990.03 ticks, tree = 45.90 MB, solutions = 0)
   9152  6329    infeasible                          538.1984  1027904         
   9224  6383      555.6050    99                    538.2030  1035383         
   9291  6434      539.0958   120                    538.2098  1043870         
   9362  6491      542.8000   111                    538.2160  1051420         
   9416  6533      636.2628    85                    538.2183  1060161         
   9484  6587      544.4798   107                    538.2197  1066426         
   9555  6648      552.7078    84                    538.2264  1073001         
   9613  6694      560.3366   114                    538.2322  1083052         
   9690  6758      646.8840    50                    538.2334  1091059         
   9786  6842      587.8420    89                    538.2456  1098117         
Elapsed time = 1069.40 sec. (917302.74 ticks, tree = 47.75 MB, solutions = 0)
   9860  6904      575.2104   104                    538.2470  1105115         
   9923  6955      574.5570    93                    538.2529  1114439         
  10012  7028      579.2049    91                    538.2691  1122145         
  10160  7150      571.0043    96                    538.2698  1129711         
  10228  7206      538.3795   142                    538.2708  1138106         
  10288  7254      553.3147   115                    538.2734  1147749         
  10346  7300      624.4954    99                    538.2873  1157339         
  10408  7354      593.7350    87                    538.2910  1166073         
  10492  7430      604.2852    61                    538.2930  1174815         
  10574  7494      556.4689   114                    538.3037  1180986         
Elapsed time = 1106.79 sec. (955788.38 ticks, tree = 49.87 MB, solutions = 0)
  10634  7534      547.4563   118                    538.3090  1191599         
  10685  7577      543.4542   117                    538.3130  1200646         
  10761  7643      569.5677    96                    538.3239  1208161         
  10834  7698      539.6194   132                    538.3347  1217420         
  10883  7737      602.2493    70                    538.3445  1227271         
  10969  7815      542.6889   130                    538.3457  1234853         
  11046  7882      549.6851   109                    538.3481  1241244         
  11130  7956      547.5208   106                    538.3485  1250335         
  11208  8017      543.3404   125                    538.3570  1258047         
  11280  8067      560.4753   111                    538.3603  1267060         
Elapsed time = 1144.19 sec. (994970.75 ticks, tree = 51.74 MB, solutions = 0)
  11331  8110      565.8882   110                    538.3661  1275704         
  11394  8161      571.6093   109                    538.3731  1282858         
  11465  8220      564.2398   114                    538.3738  1289484         
  11585  8330      540.0169   123                    538.3741  1297312         
  11670  8403      540.3871   122                    538.3785  1304518         
  11740  8459      551.1667    94                    538.3803  1313255         
  11829  8524      549.8419    87                    538.4017  1321192         
  11898  8583      542.6200    97                    538.4061  1328763         
  11993  8660      540.4723   102                    538.4203  1335546         
  12070  8719      538.4313   110                    538.4313  1344350         
Elapsed time = 1182.43 sec. (1033708.24 ticks, tree = 54.19 MB, solutions = 0)
  12144  8782    infeasible                          538.4349  1351448         
  12207  8831      574.3598    89                    538.4433  1360391         
  12306  8904      542.6885   118                    538.4464  1368560         
  12367  8949      538.9276   131                    538.4492  1377970         
  12427  8997      542.2014   110                    538.4520  1386104         
  12487  9051      572.6457    71                    538.4525  1393735         
  12540  9088      555.8066   113                    538.4607  1403078         
  12605  9135      567.9483   110                    538.4661  1411874         
  12669  9194      594.3615    88                    538.4666  1421115         
  12728  9235      585.5256   116                    538.4733  1431167         
Elapsed time = 1219.78 sec. (1072664.88 ticks, tree = 55.87 MB, solutions = 0)
  12788  9287      579.4996   109                    538.4745  1439695         
  12868  9359      570.9864    87                    538.4793  1447812         
  12929  9404      563.2042   109                    538.5034  1455948         
  13000  9461      552.1064   153                    538.5126  1466540         
  13048  9503      566.1249   109                    538.5134  1475273         
  13127  9568      550.0598   134                    538.5185  1483445         
  13210  9637      621.5934    55                    538.5186  1489925         
  13265  9684      561.3119   117                    538.5206  1499437         
  13325  9726    infeasible                          538.5244  1508737         
  13377  9770      538.7409   110                    538.5335  1517367         
Elapsed time = 1263.41 sec. (1111492.16 ticks, tree = 57.61 MB, solutions = 0)
  13457  9834      560.3686   125                    538.5460  1524904         
  13535  9900      561.7848    98                    538.5588  1533043         
  13631  9986      548.5795    91                    538.5631  1539308         
  13703 10044      539.5508   128                    538.5758  1547121         
  13788 10109    infeasible                          538.5820  1554335         
  13848 10155      545.5081    97                    538.5916  1563584         
  13921 10206      550.2704    96                    538.5973  1571664         
  13984 10253      553.4792   124                    538.6175  1582119         
  14036 10299      587.2448   125                    538.6215  1588024         
  14099 10353      540.1291   114                    538.6215  1594675         
Elapsed time = 1309.23 sec. (1151481.81 ticks, tree = 59.51 MB, solutions = 0)
  14154 10398      629.8125    95                    538.6288  1603260         
  14223 10443      540.4080   129                    538.6364  1611990         
  14291 10495      557.5521   117                    538.6471  1618882         
  14353 10537      581.9932   118                    538.6540  1627192         
  14430 10582      549.8373   123                    538.6679  1636539         
  14489 10629      587.9905   104                    538.6725  1644063         
  14554 10680      569.0085   106                    538.6786  1651449         
  14621 10724      556.9032   141                    538.6855  1659637         
  14678 10765      561.7576   119                    538.6929  1668008         
  14754 10823      580.2636    93                    538.7014  1675535         
Elapsed time = 1350.50 sec. (1189951.22 ticks, tree = 61.03 MB, solutions = 0)
  14819 10872      572.2744   102                    538.7193  1684392         
  14894 10930      589.2479    81                    538.7198  1691684         
  14980 10995      539.7160   138                    538.7290  1700278         
  15046 11051      547.9416   123                    538.7458  1707342         
  15094 11091      544.1957   101                    538.7539  1712960         
  15160 11146      629.6577    90                    538.7615  1719191         
  15291 11263      591.4344   104                    538.7701  1725987         
  15368 11320      589.5807   109                    538.7711  1735459         
  15436 11364      563.3399    99                    538.7731  1745038         
  15508 11421      557.9786    92                    538.7764  1753519         
Elapsed time = 1393.04 sec. (1228317.32 ticks, tree = 62.98 MB, solutions = 0)
  15584 11471      539.4645   107                    538.7862  1760479         
  15649 11518      548.0681    99                    538.7944  1770106         
  15724 11581      540.1817    99                    538.8082  1778863         
  15800 11637      558.8866   130                    538.8174  1786088         
  15882 11699      550.4143   104                    538.8309  1793183         
  15970 11775      612.5843    39                    538.8317  1800661         
  16046 11829      539.1719   132                    538.8418  1810163         
  16098 11871      624.2309    60                    538.8439  1820368         
  16175 11925      546.3950   124                    538.8521  1828201         
  16248 11974      539.0523    98                    538.8581  1835987         
Elapsed time = 1437.63 sec. (1267402.29 ticks, tree = 64.78 MB, solutions = 0)
  16308 12020      548.3029   107                    538.8600  1843884         
  16373 12077      562.9390    97                    538.8603  1852498         
  16465 12149      548.9725    86                    538.8649  1859162         
  16541 12203    infeasible                          538.8661  1868559         
  16580 12223      570.7038   123                    538.8697  1879785         
  16658 12289      568.0467    91                    538.8703  1887842         
  16738 12355      541.8002   139                    538.8712  1895464         
  16806 12400      546.8770   106                    538.8781  1904795         
  16874 12452      561.7102   122                    538.8838  1914190         
  16943 12508      604.7346    80                    538.8846  1923084         
Elapsed time = 1480.63 sec. (1306635.07 ticks, tree = 66.52 MB, solutions = 0)
  17007 12556      592.2380   104                    538.8905  1932226         
  17070 12591      541.7651   132                    538.8941  1940951         
  17163 12664    infeasible                          538.8988  1948896         
  17251 12740      618.5079     8                    538.9022  1958074         
  17309 12782      546.5137   107                    538.9044  1966901         
  17384 12845      563.0825   106                    538.9054  1976281         
  17448 12891      541.0485    99                    538.9317  1984749         
  17520 12937    infeasible                          538.9411  1993057         
  17615 13010      550.8139    90                    538.9489  2001285         
  17681 13062      549.3238   104                    538.9500  2010865         
Elapsed time = 1521.55 sec. (1345346.93 ticks, tree = 68.32 MB, solutions = 0)
  17752 13107      553.7201   134                    538.9562  2021550         
  17843 13180      572.1964   111                    538.9628  2028652         
  17927 13246      548.9102    89                    538.9680  2036651         
  17994 13299      578.6123   135                    538.9716  2045179         
  18057 13344      540.4558    92                    538.9784  2054029         
  18111 13389      590.1625    89                    538.9840  2063118         
  18180 13438      557.4795   122                    538.9892  2072002         
  18237 13475      549.3142   130                    538.9961  2079223         
  18294 13522      548.6528   117                    538.9971  2087599         
  18334 13556      623.2751   112                    538.9991  2097515         
Elapsed time = 1563.72 sec. (1384390.13 ticks, tree = 69.93 MB, solutions = 0)
  18410 13610    infeasible                          539.0056  2106741         
  18481 13662      552.0745   117                    539.0125  2113598         
  18540 13715      587.3608   117                    539.0126  2122777         
  18612 13773      578.4600   106                    539.0177  2130069         
  18676 13817      539.5815   142                    539.0294  2138125         
  18759 13886      542.1061   138                    539.0314  2146705         
  18825 13932      565.3506   111                    539.0331  2155754         
  18903 13994      542.0774   135                    539.0390  2165023         
  18969 14040      551.1987   139                    539.0421  2172938         
  19041 14098      553.6623   112                    539.0471  2180579         
Elapsed time = 1610.09 sec. (1422888.86 ticks, tree = 71.70 MB, solutions = 0)
  19099 14140      553.6074   117                    539.0523  2189593         
  19152 14185      629.9297    77                    539.0523  2198548         
  19219 14233      544.4572   145                    539.0656  2206262         
  19289 14277      548.1316   134                    539.0669  2215525         
  19362 14334      553.6202    94                    539.0729  2222261         
  19418 14377    infeasible                          539.0730  2232232         
  19502 14441      556.4401   114                    539.0765  2242065         
  19578 14503      550.2823   123                    539.0780  2249458         
  19674 14583      541.2105   124                    539.0783  2259086         
  19738 14629      582.1140   104                    539.0819  2268949         
Elapsed time = 1664.30 sec. (1461430.09 ticks, tree = 73.42 MB, solutions = 0)
  19808 14678      562.7282   102                    539.0882  2279994         
  19876 14734      549.2061   129                    539.0929  2288140         
  19931 14770      553.4865   102                    539.0970  2298309         
  20003 14828      576.4769   122                    539.0972  2307552         
  20060 14865      550.5279   134                    539.1032  2316519         
  20131 14912      542.2652   136                    539.1053  2324582         
  20192 14949    infeasible                          539.1056  2334242         
  20248 14985      544.1047   116                    539.1076  2343357         
  20300 15027      562.8594   126                    539.1096  2352534         
  20362 15071      549.2150   136                    539.1127  2360704         
Elapsed time = 1721.72 sec. (1501259.31 ticks, tree = 74.87 MB, solutions = 0)
  20438 15131      643.7597    65                    539.1143  2368625         
  20496 15166      550.5461   108                    539.1214  2378912         
  20639 15275      544.1280   103                    539.1230  2386340         
  20699 15311    infeasible                          539.1243  2394242         
  20790 15372      562.6025   104                    539.1246  2402611         
  20880 15439      574.1429    97                    539.1270  2411933         
  20951 15496      571.3516   103                    539.1283  2420301         
  21029 15554      548.5489   116                    539.1384  2430257         
  21098 15603      539.9549   116                    539.1408  2438848         
  21187 15658    infeasible                          539.1433  2446529         
Elapsed time = 1772.96 sec. (1539719.44 ticks, tree = 76.78 MB, solutions = 0)
  21267 15723      541.2394   149                    539.1494  2454721         
  21332 15780      541.2271   138                    539.1542  2462611         
  21402 15820      550.1595   108                    539.1591  2471300         
  21468 15866      583.4047    88                    539.1615  2479612         
  21531 15917      572.9982    96                    539.1647  2490016         
  21618 15976      560.9321    98                    539.1663  2497693         
  21691 16023      546.8662   148                    539.1695  2506040         
  21741 16061      557.8898   131                    539.1723  2516359         
  21807 16111      564.2416   124                    539.1743  2525397         
  21888 16178    infeasible                          539.1766  2534248         
Elapsed time = 1827.99 sec. (1578201.35 ticks, tree = 78.47 MB, solutions = 0)
  21970 16234      583.0786   128                    539.1804  2542241         
  22034 16272      545.2862   141                    539.1871  2550254         
  22092 16302      554.5787    95                    539.1921  2560429         
  22161 16361      559.8883   121                    539.1996  2569283         
  22259 16449      609.7108    19                    539.2038  2576199         
  22376 16552      543.7074   133                    539.2051  2583673         
  22444 16600      562.7205   125                    539.2061  2590181         
  22531 16671      544.1413   135                    539.2102  2597161         
  22585 16711      565.6929   125                    539.2112  2606379         
  22659 16767      539.3279   142                    539.2120  2616223         
Elapsed time = 1879.30 sec. (1617062.90 ticks, tree = 81.07 MB, solutions = 0)
  22725 16821      554.8015   136                    539.2130  2623766         
  22797 16871    infeasible                          539.2142  2630991         
  22857 16909      573.4172   113                    539.2181  2640598         
  22930 16958      550.2761   135                    539.2239  2649441         
  22998 17006      552.5995   107                    539.2256  2658397         
  23073 17062      548.4052   127                    539.2311  2664678         
  23146 17121      567.1475   100                    539.2335  2673680         
  23200 17163      587.6936   116                    539.2336  2681995         
  23274 17225      553.7776   121                    539.2342  2689854         
  23327 17262      553.0973   114                    539.2398  2699882         
Elapsed time = 1936.05 sec. (1655710.51 ticks, tree = 82.69 MB, solutions = 0)
  23384 17307      604.3628   108                    539.2398  2708424         
  23463 17365      544.1426   100                    539.2445  2716495         
  23521 17409      544.9772   134                    539.2483  2724171         
  23571 17449      624.9216    54                    539.2515  2733785         
  23658 17518      547.7292   115                    539.2548  2743762         
  23709 17551    infeasible                          539.2596  2753073         
  23804 17636      583.3944   106                    539.2614  2759540         
  23893 17710      540.9929   115                    539.2643  2765662         
  23948 17753      544.4871   155                    539.2662  2774590         
  23992 17785      551.2100   143                    539.2684  2784563         
Elapsed time = 1994.98 sec. (1694285.96 ticks, tree = 84.39 MB, solutions = 0)
  24052 17821      590.4992   141                    539.2716  2792465         
  24116 17873      577.1877   120                    539.2731  2800564         
  24173 17916      545.2772   151                    539.2768  2811383         
  24221 17950      555.4966   116                    539.2776  2820837         
  24281 17996      600.6199   105                    539.2778  2829315         
  24336 18035      551.9564   136                    539.2840  2838616         
  24408 18093      553.5801   122                    539.2842  2845235         
  24467 18134      543.6180   130                    539.2909  2854233         
  24535 18174      540.8872   117                    539.2937  2862381         
  24607 18232      551.8558   149                    539.2944  2870519         
Elapsed time = 2043.80 sec. (1732973.83 ticks, tree = 85.86 MB, solutions = 0)
  24668 18273      539.9478   145                    539.2965  2878761         
  24743 18334    infeasible                          539.2969  2884415         
  24805 18378      564.1324   128                    539.2995  2892820         
  24857 18414      548.6270   103                    539.3035  2904413         
  24931 18471      540.4990   155                    539.3064  2913400         
  24999 18525      558.8880   133                    539.3094  2921487         
  25050 18556      563.6753   115                    539.3106  2930497         
  25110 18604      558.9391   131                    539.3146  2937773         
  25214 18690      554.3152   146                    539.3156  2945658         
  25273 18733      553.9602   108                    539.3170  2954839         
Elapsed time = 2096.89 sec. (1771745.79 ticks, tree = 87.49 MB, solutions = 0)
  25339 18781      556.3700   128                    539.3196  2963542         
  25386 18820      542.3549   134                    539.3224  2973451         
  25459 18865      554.1701   127                    539.3311  2980507         
  25519 18907      577.8548   127                    539.3392  2989506         
  25576 18954      590.4232   131                    539.3404  2998447         
  25645 19005      551.7842   143                    539.3427  3006637         
  25719 19055      542.3510   138                    539.3520  3014572         
  25776 19094      550.2425   156                    539.3541  3024081         
  25837 19135      565.1242   123                    539.3582  3032586         
  25899 19179      554.7285   127                    539.3585  3041046         
Elapsed time = 2153.11 sec. (1810596.67 ticks, tree = 88.95 MB, solutions = 0)
  25972 19232      545.3343    92                    539.3614  3049195         
  26064 19298      556.1160   124                    539.3632  3056926         
  26111 19331      545.8890   109                    539.3692  3067407         
  26177 19383      543.5821   139                    539.3706  3073745         
  26248 19432      545.7312   109                    539.3728  3083322         
  26326 19481      544.2643   147                    539.3801  3090361         
  26394 19537      560.9021   130                    539.3817  3098591         
  26457 19584      563.2315   106                    539.3873  3108021         
  26524 19633      557.7791   140                    539.3888  3115433         
  26579 19676      575.6990    96                    539.3894  3124189         
Elapsed time = 2214.91 sec. (1849363.44 ticks, tree = 90.57 MB, solutions = 0)
  26642 19727      563.9412   134                    539.3912  3132415         
  26705 19770    infeasible                          539.3926  3140101         
  26758 19813      589.6434   133                    539.3930  3149481         
  26848 19889      567.3089   143                    539.3970  3157815         
  26909 19931      548.0006   110                    539.4018  3167291         
  26973 19977      563.2298   123                    539.4027  3176289         
  27038 20024      548.4816   133                    539.4076  3184559         
  27088 20064      541.1767   135                    539.4085  3192644         
  27143 20107      544.1453   148                    539.4106  3199728         
  27192 20142      618.0538    76                    539.4117  3209380         
Elapsed time = 2274.47 sec. (1887746.99 ticks, tree = 92.09 MB, solutions = 0)
  27265 20195      551.9468   167                    539.4167  3217513         
  27309 20229      546.9548   126                    539.4180  3225995         
  27376 20286      568.6882   114                    539.4194  3234375         
  27427 20319      544.9198   120                    539.4235  3244329         
  27485 20365      553.4068   142                    539.4270  3252987         
  27550 20412    infeasible                          539.4277  3261727         
  27602 20446      545.6105   113                    539.4316  3271595         
  27652 20482      544.7796   171                    539.4330  3281024         
  27704 20520      595.7552   140                    539.4335  3290449         
  27758 20560      551.9471   129                    539.4378  3300363         
Elapsed time = 2333.09 sec. (1926553.81 ticks, tree = 93.46 MB, solutions = 0)
  27817 20600    infeasible                          539.4393  3310192         
  27864 20631      540.9444   140                    539.4427  3319287         
  27919 20670      549.0691   135                    539.4491  3328262         
  28005 20730    infeasible                          539.4537  3335480         
  28056 20772      582.5364   142                    539.4560  3344252         
  28189 20891      634.6772    35                    539.4560  3354003         
  28243 20923    infeasible                          539.4593  3363217         
  28288 20960      565.4716   114                    539.4638  3371661         
  28342 20998      544.6987   136                    539.4639  3378961         
  28394 21030      567.2055    96                    539.4675  3389650         
Elapsed time = 2379.75 sec. (1965188.44 ticks, tree = 95.01 MB, solutions = 0)
  28449 21065      568.6945   134                    539.4694  3399098         
  28513 21112      550.7749   118                    539.4730  3409508         
  28605 21198      541.8842   142                    539.4734  3416839         
  28664 21239      539.5934   157                    539.4754  3425174         
  28722 21283      571.4752   127                    539.4767  3434115         
  28782 21321      540.8129   149                    539.4823  3444443         
  28849 21372      563.1517   152                    539.4835  3452769         
  28905 21408      548.5273   117                    539.4845  3461773         
  28976 21461    infeasible                          539.4875  3469747         
  29044 21498      586.3053   121                    539.4914  3478367         
Elapsed time = 2432.49 sec. (2004423.32 ticks, tree = 96.54 MB, solutions = 0)
  29107 21545      601.6032   110                    539.4938  3488042         
  29163 21586      567.8724   117                    539.4946  3497886         
  29224 21635      543.6960   133                    539.4974  3506162         
  29288 21679      540.5965   133                    539.5016  3514094         
  29351 21719      543.6706   139                    539.5037  3523315         
  29404 21762      589.0831   123                    539.5053  3532492         
  29468 21811      584.3031    92                    539.5059  3541708         
  29542 21863      547.7999   134                    539.5077  3552246         
  29621 21928      545.8870   116                    539.5081  3562802         
  29684 21974      572.9655   121                    539.5085  3570391         
Elapsed time = 2482.89 sec. (2043498.49 ticks, tree = 98.10 MB, solutions = 0)
  29733 22003      564.7624   157                    539.5095  3580320         
  29785 22045      556.4907   152                    539.5113  3589056         
  29837 22079      582.8783   131                    539.5128  3597787         
  29907 22123      564.1543   123                    539.5136  3606638         
  30016 22206      539.5145   161                    539.5145  3613272         
  30064 22250      593.7075    64                    539.5177  3622639         
  30107 22281      555.6232   117                    539.5221  3631868         
  30173 22343      572.4981   131                    539.5224  3640023         
  30226 22388      589.9676   127                    539.5250  3649522         
  30275 22417      539.6931   146                    539.5293  3658124         
Elapsed time = 2525.74 sec. (2082119.78 ticks, tree = 99.55 MB, solutions = 0)
  30336 22462    infeasible                          539.5314  3665205         
  30420 22534      567.0377   106                    539.5333  3674189         
  30474 22574      563.5413   127                    539.5354  3684568         
  30541 22623      544.3545   173                    539.5364  3693302         
  30605 22671      544.1406   155                    539.5379  3701170         
  30650 22696      555.7980   127                    539.5386  3709948         
  30699 22739      572.1422   118                    539.5397  3720930         
  30767 22796      539.7977   147                    539.5416  3730620         
  30863 22876      541.9975   156                    539.5442  3737667         
  30916 22911    infeasible                          539.5448  3744995         
Elapsed time = 2570.08 sec. (2120876.79 ticks, tree = 101.17 MB, solutions = 0)
  30974 22951      552.1483   149                    539.5482  3752511         
  31024 22979      542.4053   108                    539.5512  3761320         
  31080 23017      548.8350   134                    539.5563  3770043         
  31177 23084      542.4331   132                    539.5603  3777319         
  31228 23113      552.1968   114                    539.5607  3787439         
  31327 23196      543.7877   156                    539.5670  3796468         
  31376 23229      606.8917   122                    539.5681  3807147         
  31436 23267      544.0135   151                    539.5761  3815026         
  31528 23349      584.8763   137                    539.5767  3823736         
  31590 23389      565.8228   138                    539.5821  3832416         
Elapsed time = 2615.17 sec. (2159727.34 ticks, tree = 102.73 MB, solutions = 0)
  31688 23477      583.4030   117                    539.5845  3841594         
  31750 23521    infeasible                          539.5887  3849926         
  31799 23556      553.9043   124                    539.5933  3860145         
  31857 23604      579.5256   126                    539.5950  3868045         
  31929 23656      553.4701   118                    539.5971  3876636         
  31986 23693      580.3607   130                    539.5985  3887363         
  32054 23747      543.4876   117                    539.6013  3895914         
  32109 23788      560.1291   110                    539.6033  3905407         
  32171 23834      541.4164   161                    539.6044  3915342         
  32241 23886      581.7769    97                    539.6049  3924095         
Elapsed time = 2658.87 sec. (2198518.63 ticks, tree = 104.35 MB, solutions = 0)
  32309 23950      558.7678   116                    539.6059  3933689         
  32366 23992      543.2673   155                    539.6066  3942911         
  32424 24034      540.3547   142                    539.6092  3952149         
  32499 24097      559.3486   130                    539.6120  3959546         
  32553 24139      554.4785   122                    539.6157  3968847         
  32615 24183      540.5588   142                    539.6190  3978148         
  32671 24215      543.6789   129                    539.6201  3988166         
  32726 24258    infeasible                          539.6215  3998503         
  32788 24302      542.3688   107                    539.6233  4007752         
  32845 24337      540.0239   145                    539.6250  4017149         
Elapsed time = 2702.14 sec. (2236969.27 ticks, tree = 105.83 MB, solutions = 0)
  32909 24381      545.4108   143                    539.6278  4025568         
  32956 24406    infeasible                          539.6294  4037447         
  33023 24457      540.0575   156                    539.6309  4045595         
  33070 24492      564.7071   113                    539.6333  4054731         
  33114 24518      555.6137   137                    539.6380  4065188         
  33169 24559      576.1043   134                    539.6422  4074495         
  33243 24625      563.9299   141                    539.6447  4081533         
  33301 24663      547.6068   135                    539.6484  4091625         
  33355 24703      549.1383   138                    539.6496  4100935         
  33420 24751      603.6090    89                    539.6518  4110187         
Elapsed time = 2744.91 sec. (2275441.68 ticks, tree = 107.18 MB, solutions = 0)
  33480 24791      542.3257   143                    539.6544  4118906         
  33524 24823      593.1059   132                    539.6560  4128139         
  33596 24881      645.2942    58                    539.6576  4137586         
  33671 24936    infeasible                          539.6610  4147875         
  33730 24969      544.5669   120                    539.6611  4157025         
  33806 25021    infeasible                          539.6619  4167606         
  33865 25058      556.8017   127                    539.6653  4177683         
  33934 25107      543.0066   128                    539.6676  4186912         
  33985 25130      540.6946   145                    539.6681  4196844         
  34050 25173      554.7994   109                    539.6714  4205400         
Elapsed time = 2788.42 sec. (2313908.73 ticks, tree = 108.56 MB, solutions = 0)
  34126 25231      551.6773   131                    539.6723  4212742         
  34184 25273      571.2093   115                    539.6737  4223574         
  34235 25306      584.6770   107                    539.6751  4231169         
  34287 25334      540.6617   146                    539.6805  4239277         
  34346 25369      542.4955   113                    539.6828  4248953         
  34386 25397      554.2332   139                    539.6870  4258049         
  34432 25427      564.5412   107                    539.6885  4266550         
  34498 25473      546.5357   150                    539.6899  4275685         
  34584 25545      546.3903   112                    539.6931  4284790         
  34634 25575      550.3074   101                    539.6951  4293605         
Elapsed time = 2830.01 sec. (2352722.26 ticks, tree = 109.88 MB, solutions = 0)
  34688 25614      579.3900    95                    539.6974  4302821         
  34756 25660      552.2237   114                    539.6991  4311668         
  34818 25698      557.0145   106                    539.7021  4321337         
  34934 25784      556.2515   117                    539.7024  4329053         
  34994 25828    infeasible                          539.7031  4336855         
  35055 25863      570.9468   104                    539.7051  4346429         
  35086 25878      585.6082   103                    539.7064  4356571         
  35148 25926      545.9476   138                    539.7094  4363210         
  35192 25960      568.0824   131                    539.7095  4373259         
  35245 25997      546.0907   150                    539.7101  4382807         
Elapsed time = 2871.85 sec. (2391652.28 ticks, tree = 111.26 MB, solutions = 0)
  35291 26031      551.1385   120                    539.7115  4392211         
  35351 26075    infeasible                          539.7118  4401380         
  35435 26147    infeasible                          539.7124  4410256         
  35521 26223      559.6075   123                    539.7133  4416557         
  35606 26294      600.6712   139                    539.7137  4425278         
  35695 26361      629.0335    64                    539.7142  4433736         
  35735 26389      547.0715   116                    539.7160  4442152         
  35803 26433      541.1806   172                    539.7172  4450904         
  35860 26476    infeasible                          539.7189  4459842         
  35918 26518      553.2441    95                    539.7209  4469603         
Elapsed time = 2914.05 sec. (2430562.48 ticks, tree = 112.96 MB, solutions = 0)
  36003 26581      543.8153   119                    539.7231  4477532         
  36067 26627      541.5196   153                    539.7264  4485537         
  36121 26675      604.3950   119                    539.7272  4495398         
  36228 26768      557.1515   109                    539.7273  4503206         
  36259 26789      562.6365   124                    539.7294  4511028         
  36327 26835    infeasible                          539.7301  4519806         
  36371 26869      620.3345    99                    539.7373  4529602         
  36427 26908      557.9535   115                    539.7389  4538791         
  36488 26951      600.9755   115                    539.7407  4546364         
  36549 26991      547.2368   111                    539.7462  4555331         
Elapsed time = 2955.55 sec. (2469247.63 ticks, tree = 114.51 MB, solutions = 0)
  36604 27032      563.6440   159                    539.7466  4565242         
  36653 27061      556.2822    90                    539.7473  4573369         
  36708 27099      545.5988   148                    539.7481  4582906         
  36771 27144    infeasible                          539.7505  4590416         
  36838 27183      542.7723   145                    539.7536  4598417         
  36890 27223      548.2080   139                    539.7571  4608381         
  36948 27265      548.0112   161                    539.7599  4616584         
  36993 27292      592.5329   102                    539.7647  4627367         
  37048 27329      570.6788   126                    539.7665  4636646         
  37083 27352      546.8137   131                    539.7694  4646266         
Elapsed time = 2999.48 sec. (2508280.37 ticks, tree = 115.69 MB, solutions = 0)
  37133 27388      539.9986   179                    539.7710  4654598         
  37185 27432      562.7611   144                    539.7710  4663792         
  37244 27472      579.8360   134                    539.7753  4672568         
  37302 27507      540.4278   148                    539.7779  4682295         
  37348 27539      544.2344   121                    539.7791  4692096         
  37412 27595      552.8093    90                    539.7807  4700436         
  37476 27645      567.4444   122                    539.7826  4709192         
  37541 27688      547.0827   135                    539.7869  4719206         
  37592 27725      550.3729   138                    539.7877  4728190         
  37644 27755      559.7475   111                    539.7919  4737171         
Elapsed time = 3044.41 sec. (2547217.95 ticks, tree = 117.01 MB, solutions = 0)
  37706 27791      581.1547   107                    539.7952  4746644         
  37748 27813      556.2213   108                    539.7960  4754853         
  37794 27843      574.2105   106                    539.7961  4765733         
  37853 27893      655.9749    37                    539.7969  4774959         
  37942 27958      550.9631   129                    539.7992  4783139         
  37987 27993      567.5868   130                    539.7994  4792965         
  38046 28033      541.4193   161                    539.8001  4801286         
  38098 28071      543.6302   113                    539.8003  4810456         
  38165 28121      540.4144   145                    539.8032  4820546         
  38220 28158      593.3255   151                    539.8055  4828319         
Elapsed time = 3094.04 sec. (2586555.20 ticks, tree = 118.33 MB, solutions = 0)
  38264 28190      573.6028   106                    539.8088  4837778         
  38313 28223      550.6393   130                    539.8111  4846707         
  38382 28280      550.5169   143                    539.8155  4854226         
  38442 28324      539.8377   150                    539.8165  4863141         
  38491 28357      544.3335   158                    539.8204  4872570         
  38557 28413      559.2186   137                    539.8211  4880150         
  38610 28448      581.6566   113                    539.8254  4889926         
  38671 28499      573.5626   136                    539.8263  4899483         
  38726 28536      569.9811   108                    539.8275  4908728         
  38783 28577      556.0227   139                    539.8289  4916704         
Elapsed time = 3152.19 sec. (2625123.35 ticks, tree = 119.70 MB, solutions = 0)
  38840 28614      549.0488   138                    539.8314  4925661         
  38903 28655      566.6781   114                    539.8323  4935353         
  38967 28697      564.4100   139                    539.8369  4944881         
  39039 28752      597.8601    95                    539.8377  4954309         
  39109 28795      549.1586   143                    539.8398  4962943         
  39172 28836      541.3937   110                    539.8405  4972157         
  39220 28865      572.8035   126                    539.8417  4981246         
  39289 28918    infeasible                          539.8421  4988900         
  39344 28959      557.4198   112                    539.8435  4998832         
  39410 29017      540.4614   149                    539.8450  5007103         
Elapsed time = 3210.77 sec. (2664218.97 ticks, tree = 121.14 MB, solutions = 0)
  39463 29062      618.2625   119                    539.8454  5012968         
  39543 29124      648.6637    30                    539.8467  5021434         
  39633 29190      578.8219   140                    539.8497  5031425         
  39696 29231      544.6204   116                    539.8520  5040007         
  39765 29288      553.8283   171                    539.8536  5047534         
  39820 29322      543.5791   145                    539.8550  5057755         
  39857 29347      554.8963   116                    539.8567  5068617         
  39910 29378      561.2979    91                    539.8617  5077194         
  39968 29419      568.9781   113                    539.8631  5085652         
  40023 29466      549.3512   146                    539.8636  5095357         
Elapsed time = 3271.90 sec. (2702738.43 ticks, tree = 122.61 MB, solutions = 0)
  40087 29518      539.9438   122                    539.8646  5103202         
  40151 29560      539.9983   116                    539.8646  5112770         
  40225 29622      551.3070   107                    539.8656  5121102         
  40284 29657      549.6422   129                    539.8671  5129814         
  40351 29708      548.1995   149                    539.8675  5138942         
  40422 29755      539.8680   164                    539.8680  5145978         
  40486 29805      543.4115   102                    539.8704  5153499         
  40535 29840    infeasible                          539.8756  5163606         
  40607 29889      541.2125   141                    539.8766  5171506         
  40669 29935      556.2247   125                    539.8769  5179691         
Elapsed time = 3328.70 sec. (2741170.44 ticks, tree = 124.15 MB, solutions = 0)
  40734 29984    infeasible                          539.8783  5187532         
  40793 30021    infeasible                          539.8794  5198285         
  40852 30060      541.4122   149                    539.8799  5207868         
  40906 30100      566.6770   132                    539.8800  5216277         
  40960 30142      541.5528   152                    539.8820  5224751         
  41023 30187      546.0748   125                    539.8834  5234079         
  41069 30221      563.6666    95                    539.8848  5244074         
  41123 30257      558.2766   151                    539.8857  5253938         
  41194 30302    infeasible                          539.8882  5262462         
  41265 30343      556.6174   116                    539.8924  5270296         
Elapsed time = 3380.09 sec. (2779942.43 ticks, tree = 125.49 MB, solutions = 0)
  41313 30377      583.7806   119                    539.8932  5281242         
  41358 30406      547.4024   105                    539.8952  5291850         
  41418 30450      542.4862   158                    539.8966  5300393         
  41475 30489      565.0718   104                    539.8977  5307869         
  41541 30541      567.9292   122                    539.9000  5315621         
  41597 30577      564.8633   129                    539.9011  5325709         
  41642 30612      599.1063   120                    539.9025  5335591         
  41706 30664      595.2202   120                    539.9032  5343856         
  41818 30768      542.7714   162                    539.9045  5354614         
  41865 30807      589.2807   131                    539.9059  5361545         
Elapsed time = 3423.20 sec. (2818588.10 ticks, tree = 127.01 MB, solutions = 0)
  41933 30857      546.8691   127                    539.9071  5370616         
  41986 30900      563.9035   130                    539.9077  5380091         
  42094 30990      541.7357   161                    539.9107  5387246         
  42147 31026      553.3471   112                    539.9109  5396574         
  42208 31061      540.4503   139                    539.9134  5406682         
  42268 31111      578.5428    87                    539.9149  5416123         
  42360 31181      639.2221    95                    539.9167  5423639         
  42437 31228      558.0770   131                    539.9181  5431320         
  42478 31255      546.2552   109                    539.9195  5440701         
  42538 31305      602.3411    66                    539.9206  5450110         
Elapsed time = 3475.11 sec. (2857056.89 ticks, tree = 128.64 MB, solutions = 0)
  42586 31345      552.3767   145                    539.9222  5459495         
  42662 31407      558.8194   114                    539.9230  5467463         
  42722 31446      543.8234   156                    539.9269  5476619         
  42770 31482      541.1577   144                    539.9275  5486280         
  42823 31521      547.8074   103                    539.9282  5495337         
  42890 31572    infeasible                          539.9283  5505569         
  42961 31616      542.0412   144                    539.9332  5513904         
  43042 31683      562.4220   132                    539.9347  5523331         
  43079 31710      553.3264   113                    539.9359  5530538         
  43127 31739      553.6445   151                    539.9363  5541140         
Elapsed time = 3529.93 sec. (2896087.76 ticks, tree = 130.06 MB, solutions = 0)
  43193 31789    infeasible                          539.9389  5549934         
  43271 31837      549.1278   131                    539.9405  5558757         
  43326 31880      540.0613   137                    539.9412  5567822         
  43373 31909      551.0712   140                    539.9454  5577263         
  43413 31938      595.0112    69                    539.9478  5586768         
  43473 31976      544.6116   156                    539.9499  5595993         
  43528 32016      552.7189   121                    539.9512  5607141         
  43586 32054      540.2301   144                    539.9529  5614710         
  43633 32081      549.1278   134                    539.9550  5624371         
  43712 32150      604.8424    94                    539.9552  5631306         
Elapsed time = 3583.31 sec. (2934803.62 ticks, tree = 131.41 MB, solutions = 0)
  43761 32183      553.8978   139                    539.9579  5641341         
  43823 32225      550.7279   144                    539.9615  5649549         

GUB cover cuts applied:  42
Clique cuts applied:  7
Cover cuts applied:  17
Implied bound cuts applied:  42
Flow cuts applied:  45
Mixed integer rounding cuts applied:  437
Zero-half cuts applied:  5
Gomory fractional cuts applied:  4

Root node processing (before b&c):
  Real time             =   18.76 sec. (9943.98 ticks)
Sequential b&c:
  Real time             = 3581.25 sec. (2936604.29 ticks)
                          ------------
Total (root+branch&cut) = 3600.00 sec. (2946548.27 ticks)
