Version identifier: 22.1.0.0 | 2022-03-09 | 1a383f8ce
CPXPARAM_Read_DataCheck                          1
CPXPARAM_Threads                                 1
CPXPARAM_TimeLimit                               3600
Tried aggregator 2 times.
MIP Presolve eliminated 1506 rows and 71 columns.
MIP Presolve modified 32330 coefficients.
Aggregator did 162 substitutions.
Reduced MIP has 8093 rows, 747 columns, and 61555 nonzeros.
Reduced MIP has 540 binaries, 0 generals, 0 SOSs, and 0 indicators.
Presolve time = 0.15 sec. (111.89 ticks)
Probing time = 0.01 sec. (5.72 ticks)
Tried aggregator 1 time.
Detecting symmetries...
Reduced MIP has 8093 rows, 747 columns, and 61555 nonzeros.
Reduced MIP has 540 binaries, 0 generals, 0 SOSs, and 0 indicators.
Presolve time = 0.04 sec. (25.80 ticks)
Probing time = 0.01 sec. (5.75 ticks)
Clique table members: 408.
MIP emphasis: balance optimality and feasibility.
MIP search method: dynamic search.
Parallel mode: none, using 1 thread.
Root relaxation solution time = 0.05 sec. (35.00 ticks)

        Nodes                                         Cuts/
   Node  Left     Objective  IInf  Best Integer    Best Bound    ItCnt     Gap

      0     0      166.0350   138                    166.0350      387         
      0     0      166.0350    58                   Cuts: 691      828         
      0     0      166.0350    61                   Cuts: 369     1198         
      0     0      166.0350    58                    Cuts: 72     1575         
      0     0      166.0372   113                   Cuts: 299     2205         
Detecting symmetries...
      0     2      166.0372    81                    166.0373     2205         
Elapsed time = 3.42 sec. (3255.85 ticks, tree = 0.01 MB, solutions = 0)
     14    16      167.7809    50                    166.0481     3480         
     25    27      167.9328    54                    166.0880     4598         
     34    36      169.7266    46                    166.0970     5753         
     40    38      200.6767    59                    166.0970     7576         
     50    44      166.2432    55                    166.0970     8441         
     56    50      167.6642    51                    166.0970    10052         
     60    54      168.8366    51                    166.0970    10901         
     67    59    infeasible                          166.0970    12700         
     71    63      166.2432    51                    166.0970    13483         
*   100+   81                          184.1110      166.0970             9.78%
    122    97      172.7880    26      184.1110      166.0970    18786    9.78%
Elapsed time = 6.88 sec. (6885.35 ticks, tree = 0.14 MB, solutions = 1)
    252   219      167.4426    74      184.1110      166.0982    22545    9.78%
    300   265      170.3858    70      184.1110      166.0982    28595    9.78%
    341   306      175.9671    59      184.1110      166.0982    33515    9.78%
    427   386      175.5298    28      184.1110      166.0982    39487    9.78%
*   480+  414                          183.0927      166.0982             9.28%
    528   448      171.6838    61      183.0927      166.1013    44486    9.28%
    570   484      167.9716    46      183.0927      166.1059    47635    9.28%

Performing restart 1

Repeating presolve.
Tried aggregator 1 time.
Reduced MIP has 8093 rows, 747 columns, and 61555 nonzeros.
Reduced MIP has 540 binaries, 0 generals, 0 SOSs, and 0 indicators.
Presolve time = 0.05 sec. (20.25 ticks)
Tried aggregator 1 time.
Reduced MIP has 8093 rows, 747 columns, and 61555 nonzeros.
Reduced MIP has 540 binaries, 0 generals, 0 SOSs, and 0 indicators.
Presolve time = 0.04 sec. (26.32 ticks)
Represolve time = 0.16 sec. (79.75 ticks)
    590     0      166.0473    58      183.0927    Cuts: 1422    50016    9.28%
    590     0      166.0512    88      183.0927     Cuts: 283    50201    9.28%
    590     0      166.0558    95      183.0927     Cuts: 564    50399    9.28%
    590     0      166.0583    99      183.0927    Cuts: 1117    50578    9.28%
    590     0      166.0603    63      183.0927     Cuts: 384    50770    9.28%
    590     0      166.0648   118      183.0927     Cuts: 318    51009    9.28%
*   590+    0                          173.0652      166.1059             4.02%
    590     2      166.0648    82      173.0652      166.1059    51009    4.02%
    591     3      166.0650    78      173.0652      166.1059    51013    4.02%
    595     6      167.9741    43      173.0652      166.1059    52393    4.02%
    598     9      167.9741    43      173.0652      166.1059    53018    4.02%
Elapsed time = 21.40 sec. (21609.68 ticks, tree = 0.02 MB, solutions = 3)
    603    14      167.9945    61      173.0652      166.1059    53830    4.02%
    618    28      168.1470    28      173.0652      166.1059    55096    4.02%
    630    37      169.6542    41      173.0652      166.1059    56042    4.02%
    662    62      178.2988    28      173.0652      166.1059    58157    4.02%
    680    72      168.2289    43      173.0652      166.1059    59021    4.02%
    690    80      171.3798    23      173.0652      166.1059    60868    4.02%
    730   114      166.2079    51      173.0652      166.1059    62821    4.02%
    770   147      166.0698    69      173.0652      166.1059    64340    4.02%
    858   219      166.0753    60      173.0652      166.1059    66179    4.02%
    933   286      166.3941    44      173.0652      166.1059    68549    4.02%
Elapsed time = 31.84 sec. (32819.65 ticks, tree = 0.85 MB, solutions = 3)
    988   337      171.3469    25      173.0652      166.1059    72493    4.02%
   1044   379      166.2272    55      173.0652      166.1059    75449    4.02%
   1080   407      167.3385    55      173.0652      166.1059    78865    4.02%
   1103   426      166.1052    54      173.0652      166.1069    81762    4.02%
   1168   485      166.4370    61      173.0652      166.1197    84644    4.01%
   1226   530      166.1754    61      173.0652      166.1291    88796    4.01%
   1276   574      167.3416    73      173.0652      166.1504    91392    4.00%
   1305   596      169.6314    47      173.0652      166.1575    95435    3.99%
   1348   633      167.1557    24      173.0652      166.1662    99435    3.99%
   1390   666      171.1018    41      173.0652      166.1668   102828    3.99%
Elapsed time = 42.96 sec. (43536.88 ticks, tree = 1.38 MB, solutions = 3)
   1424   690    infeasible            173.0652      166.1852   105888    3.98%
   1458   715      166.1857    46      173.0652      166.1857   109200    3.98%
   1537   780      166.3383    51      173.0652      166.1863   113466    3.97%
   1648   874      169.0535    35      173.0652      166.2106   116773    3.96%
   1731   937      166.2143    36      173.0652      166.2146   120077    3.96%
   1812  1006      168.8000    40      173.0652      166.2202   123591    3.96%
   1890  1072      166.7705    33      173.0652      166.2272   125864    3.95%
   1960  1129      166.9429    72      173.0652      166.2287   127929    3.95%
   2046  1210      168.9985    39      173.0652      166.2304   132600    3.95%
   2151  1287      167.0660    46      173.0652      166.2370   135008    3.95%
Elapsed time = 53.26 sec. (53345.45 ticks, tree = 2.27 MB, solutions = 3)
   2252  1368      170.9063    37      173.0652      166.2503   137851    3.94%
   2320  1426      166.6790    38      173.0652      166.2609   139710    3.93%
   2441  1520      170.1328    37      173.0652      166.2645   142492    3.93%
   2543  1600      166.7374    44      173.0652      166.2696   146026    3.93%
   2639  1681      166.8653    38      173.0652      166.2747   149204    3.92%
   2758  1787      166.2978    57      173.0652      166.2850   152864    3.92%
   2861  1869      166.4366    48      173.0652      166.2939   156610    3.91%
   2985  1970      170.2561    24      173.0652      166.3043   159971    3.91%
   3095  2061      170.8924    29      173.0652      166.3124   162566    3.90%
   3181  2130      166.7791    44      173.0652      166.3135   164543    3.90%
Elapsed time = 66.40 sec. (64475.34 ticks, tree = 3.50 MB, solutions = 3)
   3283  2208      167.7891    49      173.0652      166.3283   168541    3.89%
   3383  2290      166.3425    43      173.0652      166.3436   171942    3.88%
   3509  2395      168.9414    41      173.0652      166.3523   175329    3.88%
   3595  2466      169.3384    45      173.0652      166.3537   179903    3.88%
   3730  2568      172.6270    34      173.0652      166.3574   183055    3.88%
   3846  2662      166.6029    38      173.0652      166.3699   186518    3.87%
   3883  2691      167.8449    64      173.0652      166.3715   189075    3.87%
   4034  2821      168.3147    39      173.0652      166.3747   192916    3.87%
   4146  2910      167.1581    43      173.0652      166.3804   195211    3.86%
   4231  2967      166.5805    54      173.0652      166.3881   198433    3.86%
Elapsed time = 78.10 sec. (74754.26 ticks, tree = 4.63 MB, solutions = 3)
   4340  3053      166.4816    47      173.0652      166.3910   201672    3.86%
   4462  3153      171.3691    27      173.0652      166.3976   204795    3.85%
   4565  3240      170.9080    25      173.0652      166.3983   208660    3.85%
   4608  3277      169.0965    40      173.0652      166.3988   210824    3.85%
   4699  3350      166.4860    43      173.0652      166.4026   215347    3.85%
   4792  3412      167.8267    43      173.0652      166.4080   219316    3.85%
   4897  3501      167.6876    34      173.0652      166.4128   222561    3.84%
   5022  3609      168.9013    41      173.0652      166.4176   225377    3.84%
   5151  3710      166.4529    53      173.0652      166.4247   228932    3.84%
   5287  3824      170.7283    35      173.0652      166.4295   232540    3.83%
Elapsed time = 88.60 sec. (84350.79 ticks, tree = 5.79 MB, solutions = 3)
   5408  3921      170.7376    38      173.0652      166.4322   235932    3.83%
   5510  4003      166.7749    50      173.0652      166.4397   239678    3.83%
   5618  4094      173.0605    14      173.0652      166.4430   242640    3.83%
   5787  4223        cutoff            173.0652      166.4461   245406    3.82%
   5872  4290      166.4712    44      173.0652      166.4482   248955    3.82%
   5953  4351      166.8298    45      173.0652      166.4495   252363    3.82%
   6058  4429      166.7710    44      173.0652      166.4534   256381    3.82%
   6156  4501      166.6869    52      173.0652      166.4614   259918    3.82%
   6230  4554      169.9931    33      173.0652      166.4629   264194    3.81%
   6299  4608      166.4637    62      173.0652      166.4637   265453    3.81%
Elapsed time = 99.90 sec. (94515.00 ticks, tree = 7.00 MB, solutions = 3)
   6413  4699      166.4899    55      173.0652      166.4665   270293    3.81%
   6572  4849      167.6004    30      173.0652      166.4671   273724    3.81%
   6697  4946      168.2423    34      173.0652      166.4723   276222    3.81%
   6775  4995      168.5867    43      173.0652      166.4805   281173    3.80%
   6821  5024      168.5266    48      173.0652      166.4805   286827    3.80%
   6887  5075      172.1051    26      173.0652      166.4814   290986    3.80%
   6992  5164      166.8821    39      173.0652      166.4823   293285    3.80%
   7088  5229      166.8203    41      173.0652      166.4866   296760    3.80%
   7213  5328        cutoff            173.0652      166.4892   301281    3.80%
   7636  5642      166.7555    49      173.0652      166.4962   314444    3.80%
Elapsed time = 113.91 sec. (107327.02 ticks, tree = 8.41 MB, solutions = 3)
   8034  5931      166.9810    56      173.0652      166.5048   330481    3.79%
*  8190+ 5806                          172.9016      166.5092             3.70%
*  8290+ 5807                          172.8027      166.5114             3.64%
   8337  5850      167.5515    41      172.8027      166.5125   342422    3.64%
   8658  6092      166.8023    37      172.8027      166.5252   357119    3.63%
   8962  6312      170.3291    34      172.8027      166.5348   372723    3.63%
   9389  6607      167.3805    49      172.8027      166.5550   388659    3.62%
   9755  6885      168.9302    40      172.8027      166.5630   403331    3.61%
  10101  7116      166.9082    40      172.8027      166.5691   421611    3.61%
  10404  7359      167.2057    38      172.8027      166.5691   438139    3.61%
* 10470+ 7399                          172.7768      166.5699             3.59%
  10470  7401      167.0623    66      172.7768      166.5699   441934    3.59%
  10654  7556      171.6812    20      172.7768      166.5739   449362    3.59%
Elapsed time = 183.35 sec. (171624.53 ticks, tree = 11.01 MB, solutions = 6)
  10952  7775      166.6473    48      172.7768      166.5747   466844    3.59%
  11395  8091      169.2284    27      172.7768      166.5886   481844    3.58%
  11802  8395      166.6156    43      172.7768      166.6031   496915    3.57%
  12182  8694      170.5846    31      172.7768      166.6128   514010    3.57%
  12632  9008      169.5979    33      172.7768      166.6208   532352    3.56%
  12926  9202      169.5158    43      172.7768      166.6236   547486    3.56%
  13257  9425      167.0837    47      172.7768      166.6260   563445    3.56%
  13661  9711      167.1581    35      172.7768      166.6349   580210    3.55%
  14037  9974      167.2850    44      172.7768      166.6468   596212    3.55%
  14396 10237      168.3018    43      172.7768      166.6541   614043    3.54%
Elapsed time = 226.07 sec. (209995.67 ticks, tree = 14.98 MB, solutions = 6)
  14826 10587      169.4382    39      172.7768      166.6582   628951    3.54%
  15238 10887      169.7059    41      172.7768      166.6661   645062    3.54%
  15648 11185      168.5184    48      172.7768      166.6747   661230    3.53%
  16074 11494      166.7296    53      172.7768      166.6810   678917    3.53%
  16489 11811      167.1092    37      172.7768      166.6855   695640    3.53%
  16816 12040      166.9321    43      172.7768      166.6914   708047    3.52%
  17303 12418      167.9409    40      172.7768      166.7007   723276    3.52%
  17667 12687      171.6592    30      172.7768      166.7096   740185    3.51%
  18087 13000      168.1339    42      172.7768      166.7191   758371    3.51%
  18555 13364      171.0208    37      172.7768      166.7293   775190    3.50%
Elapsed time = 267.45 sec. (248332.39 ticks, tree = 20.62 MB, solutions = 6)
  18990 13707        cutoff            172.7768      166.7348   790184    3.50%
  19476 14082      167.1557    44      172.7768      166.7389   806540    3.49%
  19860 14385      172.2014    24      172.7768      166.7440   823558    3.49%
  20282 14698      171.2978    36      172.7768      166.7506   840939    3.49%

Performing restart 2

Repeating presolve.
Tried aggregator 1 time.
MIP Presolve eliminated 108 rows and 8 columns.
MIP Presolve modified 2104 coefficients.
Reduced MIP has 7985 rows, 739 columns, and 63590 nonzeros.
Reduced MIP has 533 binaries, 0 generals, 0 SOSs, and 0 indicators.
Presolve time = 0.08 sec. (54.99 ticks)
Tried aggregator 1 time.
MIP Presolve eliminated 3 rows and 0 columns.
MIP Presolve modified 291 coefficients.
Reduced MIP has 7982 rows, 739 columns, and 63580 nonzeros.
Reduced MIP has 533 binaries, 0 generals, 0 SOSs, and 0 indicators.
Presolve time = 0.06 sec. (39.87 ticks)
Represolve time = 0.21 sec. (141.77 ticks)
  20570     0      166.0677   115      172.7768    Cuts: 1536   854817    3.49%
  20570     0      166.0692    98      172.7768     Cuts: 440   854975    3.49%
  20570     0      166.0701   134      172.7768     Cuts: 438   855251    3.49%
  20570     0      166.0711    99      172.7768     Cuts: 323   855406    3.49%
  20570     0      166.0712   103      172.7768    Cuts: 1629   855575    3.49%
  20570     0      166.0714   109      172.7768     Cuts: 302   855789    3.49%
  20570     0      166.0721   125      172.7768     Cuts: 439   856019    3.49%
  20570     0      166.0726    86      172.7768     Cuts: 309   856278    3.49%
  20570     0      166.0735    94      172.7768     Cuts: 858   856523    3.49%
  20570     2      166.0735    80      172.7768      166.7535   856523    3.49%
  20590    15      167.1735    47      172.7768      166.7535   859617    3.49%
  20613    35      172.3238    41      172.7768      166.7535   861728    3.49%
  20650    68      166.0854    48      172.7768      166.7535   863104    3.49%
  20715   119      168.0387    42      172.7768      166.7535   865215    3.49%
  20786   176      168.3597    33      172.7768      166.7535   867726    3.49%
Elapsed time = 311.46 sec. (292194.26 ticks, tree = 0.56 MB, solutions = 6)
  20833   208      172.7694    30      172.7768      166.7535   871431    3.49%
  20904   255      167.9741    32      172.7768      166.7535   877178    3.49%
  21012   342      168.3570    31      172.7768      166.7535   881837    3.49%
  21072   378      172.1758    29      172.7768      166.7535   889116    3.49%
  21235   513      170.4987    28      172.7768      166.7535   896622    3.49%
  21399   643      167.8177    44      172.7768      166.7535   903703    3.49%
  21509   731      166.3727    53      172.7768      166.7535   912900    3.49%
  21695   854      170.9697    47      172.7768      166.7535   923610    3.49%
  21865   972      168.8206    39      172.7768      166.7535   935101    3.49%
  22128  1202      166.9102    40      172.7768      166.7535   943756    3.49%
Elapsed time = 349.17 sec. (330533.02 ticks, tree = 2.33 MB, solutions = 6)
  22338  1372      169.2317    42      172.7768      166.7535   954355    3.49%
  22519  1526      170.1342    35      172.7768      166.7535   965133    3.49%
  22760  1728      166.2898    37      172.7768      166.7535   975685    3.49%
  23035  1938        cutoff            172.7768      166.7535   985916    3.49%
  23276  2128      167.1974    34      172.7768      166.7535   997857    3.49%
  23570  2377      166.8468    40      172.7768      166.7535  1008597    3.49%
  23852  2594      166.4752    62      172.7768      166.7535  1019477    3.49%
  24107  2797      166.4059    53      172.7768      166.7535  1027859    3.49%
  24349  2978        cutoff            172.7768      166.7535  1035140    3.49%
  24587  3168      168.3455    35      172.7768      166.7535  1043759    3.49%
Elapsed time = 395.53 sec. (369127.20 ticks, tree = 5.06 MB, solutions = 6)
  24808  3330      171.8991    33      172.7768      166.7535  1055997    3.49%
  25028  3506      166.7677    35      172.7768      166.7535  1065796    3.49%
  25188  3633      166.7345    53      172.7768      166.7535  1072943    3.49%
  25368  3773      166.6984    48      172.7768      166.7535  1080115    3.49%
  25556  3927      167.2071    42      172.7768      166.7535  1087419    3.49%
  25785  4104      167.9426    54      172.7768      166.7535  1095573    3.49%
  25998  4279      168.4717    38      172.7768      166.7535  1102202    3.49%
  26212  4443      167.8231    43      172.7768      166.7535  1111311    3.49%
  26451  4615      168.1348    36      172.7768      166.7535  1122377    3.49%
  26685  4798      167.0486    41      172.7768      166.7535  1130646    3.49%
Elapsed time = 445.01 sec. (408473.72 ticks, tree = 9.21 MB, solutions = 6)
  26888  4952      166.5350    39      172.7768      166.7535  1138026    3.49%
  27092  5104      170.4635    40      172.7768      166.7535  1147545    3.49%
  27333  5268      168.1226    45      172.7768      166.7535  1158009    3.49%
  27574  5454      170.9436    33      172.7768      166.7535  1168208    3.49%
  27808  5635      167.2510    57      172.7768      166.7535  1176211    3.49%
  28047  5817      168.0170    39      172.7768      166.7535  1189397    3.49%
  28265  5962      166.7161    37      172.7768      166.7535  1204518    3.49%
  28487  6133      168.2662    39      172.7768      166.7535  1216226    3.49%
  28727  6333      170.7312    30      172.7768      166.7535  1226613    3.49%
  28964  6509      169.1321    40      172.7768      166.7535  1239608    3.49%
Elapsed time = 490.56 sec. (447479.47 ticks, tree = 11.52 MB, solutions = 6)
  29211  6713      171.8873    31      172.7768      166.7535  1251714    3.49%
  29436  6877      166.9914    58      172.7768      166.7535  1264707    3.49%
  29678  7048      168.4025    35      172.7768      166.7535  1273833    3.49%
  29879  7202      167.3964    43      172.7768      166.7535  1282662    3.49%
  30082  7343      167.4712    43      172.7768      166.7535  1293206    3.49%
  30301  7503      169.4736    34      172.7768      166.7535  1304338    3.49%
  30523  7669      168.5650    33      172.7768      166.7535  1314879    3.49%
  30740  7825      166.7277    54      172.7768      166.7535  1325643    3.49%
  30957  7993      170.2891    39      172.7768      166.7535  1337529    3.49%
  31156  8137      167.4316    43      172.7768      166.7535  1348081    3.49%
Elapsed time = 527.78 sec. (485925.36 ticks, tree = 13.72 MB, solutions = 6)
  31393  8321      166.7979    47      172.7768      166.7535  1360285    3.49%
  31625  8496      170.6515    36      172.7768      166.7535  1368942    3.49%
  31834  8636      173.0219    37      172.7768      166.7535  1378778    3.49%
  32031  8785      169.0325    32      172.7768      166.7535  1389021    3.49%
  32256  8958        cutoff            172.7768      166.7535  1401734    3.49%
  32510  9157      170.5361    35      172.7768      166.7535  1413486    3.49%
  32787  9358      166.7728    43      172.7768      166.7535  1423803    3.49%
  33040  9551      168.1876    34      172.7768      166.7535  1434901    3.49%
  33220  9679        cutoff            172.7768      166.7535  1448180    3.49%
  33451  9849      167.5070    33      172.7768      166.7535  1461662    3.49%
Elapsed time = 570.31 sec. (524339.10 ticks, tree = 16.55 MB, solutions = 6)
  33668 10007      170.5873    45      172.7768      166.7535  1469793    3.49%
  33878 10148      166.8082    50      172.7768      166.7535  1482796    3.49%
  34110 10310      168.7780    36      172.7768      166.7535  1492858    3.49%
  34324 10451      166.8759    50      172.7768      166.7535  1504894    3.49%
  34525 10616      167.3608    44      172.7768      166.7535  1512633    3.49%
  34773 10793      170.4201    33      172.7768      166.7535  1522577    3.49%
  35030 10981      169.1140    28      172.7768      166.7535  1535162    3.49%
  35241 11136      167.0484    44      172.7768      166.7535  1546408    3.49%
  35493 11336      166.8343    39      172.7768      166.7535  1558449    3.49%
  35715 11518      168.0043    44      172.7768      166.7535  1570023    3.49%
Elapsed time = 614.62 sec. (563213.30 ticks, tree = 19.30 MB, solutions = 6)
  35909 11671      167.3866    56      172.7768      166.7535  1578863    3.49%
  36104 11813      170.0660    39      172.7768      166.7556  1588416    3.48%
  36285 11948      170.8639    30      172.7768      166.7597  1599874    3.48%
  36548 12121      170.2182    44      172.7768      166.7641  1610215    3.48%
  36810 12319      168.0696    38      172.7768      166.7677  1620814    3.48%
  37000 12442      171.6259    45      172.7768      166.7727  1633346    3.48%
  37254 12627      170.2461    39      172.7768      166.7766  1647683    3.47%
  37510 12818      170.0149    45      172.7768      166.7805  1661222    3.47%
  37768 13011      171.8093    55      172.7768      166.7849  1672560    3.47%
  38034 13204      168.1193    39      172.7768      166.7899  1682903    3.47%
Elapsed time = 658.49 sec. (601916.31 ticks, tree = 21.64 MB, solutions = 6)
  38274 13396      168.0404    36      172.7768      166.7946  1692844    3.46%
  38534 13586      166.8153    49      172.7768      166.7991  1702784    3.46%
  38751 13761      170.2018    29      172.7768      166.8020  1712835    3.46%
  39033 13976      167.6100    38      172.7768      166.8037  1721853    3.46%
  39273 14160      166.8415    49      172.7768      166.8070  1732762    3.46%
  39540 14370      172.0144    23      172.7768      166.8103  1745507    3.45%
  39767 14543      168.6374    37      172.7768      166.8134  1759122    3.45%
  40043 14764      171.6509    27      172.7768      166.8163  1770056    3.45%
  40358 15007      168.8786    45      172.7768      166.8194  1780492    3.45%
  40621 15202      169.2086    32      172.7768      166.8234  1792514    3.45%
Elapsed time = 701.98 sec. (640175.09 ticks, tree = 24.33 MB, solutions = 6)
  40882 15398      168.9827    43      172.7768      166.8234  1806644    3.45%
  41088 15542        cutoff            172.7768      166.8234  1818276    3.45%
  41311 15707      170.8480    26      172.7768      166.8263  1828973    3.44%
  41543 15891      168.2012    46      172.7768      166.8284  1839328    3.44%
  41798 16086      167.3217    48      172.7768      166.8313  1847533    3.44%
  42035 16270      167.1042    52      172.7768      166.8341  1859244    3.44%
  42288 16461      169.5022    36      172.7768      166.8391  1869303    3.44%
  42588 16688      166.8435    43      172.7768      166.8435  1878833    3.43%
  42790 16840      168.4007    51      172.7768      166.8447  1891381    3.43%
  43060 17041      166.9418    33      172.7768      166.8494  1902984    3.43%
Elapsed time = 751.35 sec. (678919.67 ticks, tree = 27.49 MB, solutions = 6)
  43346 17242      167.5490    37      172.7768      166.8514  1913576    3.43%
  43610 17449      167.0719    46      172.7768      166.8545  1925812    3.43%
  43844 17624      168.9434    43      172.7768      166.8587  1937411    3.43%
  44059 17770      172.7677     9      172.7768      166.8611  1948488    3.42%
  44306 17924      166.8640    39      172.7768      166.8640  1960415    3.42%
  44531 18085      169.3073    43      172.7768      166.8678  1970520    3.42%
  44713 18229      167.6748    49      172.7768      166.8705  1978782    3.42%
  44978 18414      168.7539    32      172.7768      166.8721  1990020    3.42%
  45244 18594      167.7042    54      172.7768      166.8765  2001452    3.41%
  45552 18828      169.9110    36      172.7768      166.8794  2012504    3.41%
Elapsed time = 796.85 sec. (717248.96 ticks, tree = 30.16 MB, solutions = 6)
  45731 18960      167.6659    36      172.7768      166.8811  2023478    3.41%
  45964 19133      172.7365    19      172.7768      166.8831  2036168    3.41%
  46279 19374      167.8701    39      172.7768      166.8867  2049879    3.41%
  46563 19593      171.9231    30      172.7768      166.8917  2060657    3.41%
  46831 19779      166.9544    50      172.7768      166.8955  2073769    3.40%
  47117 20002      172.6055    48      172.7768      166.8979  2086931    3.40%
  47329 20167      167.3590    49      172.7768      166.8992  2100277    3.40%
  47540 20327      167.3830    39      172.7768      166.9004  2110342    3.40%
  47764 20501      171.2275    23      172.7768      166.9029  2121963    3.40%
  47995 20666      167.0908    41      172.7768      166.9059  2130202    3.40%
Elapsed time = 841.97 sec. (755592.44 ticks, tree = 32.64 MB, solutions = 6)
  48236 20850      169.9645    36      172.7768      166.9082  2141260    3.40%
  48454 20994      167.1679    46      172.7768      166.9118  2153612    3.39%
  48708 21185      167.6358    45      172.7768      166.9147  2164607    3.39%
  48959 21351      167.3237    38      172.7768      166.9166  2176434    3.39%
  49237 21559      166.9739    41      172.7768      166.9195  2186483    3.39%
  49513 21763      167.6915    51      172.7768      166.9218  2197497    3.39%
  49781 21956      168.3955    37      172.7768      166.9259  2210514    3.39%
  50046 22156      167.0092    39      172.7768      166.9282  2222948    3.39%
  50411 22441      167.8529    51      172.7768      166.9307  2232677    3.38%
  50691 22669      167.5411    42      172.7768      166.9339  2245290    3.38%
Elapsed time = 890.14 sec. (794112.76 ticks, tree = 35.41 MB, solutions = 6)
  50910 22815      168.3452    40      172.7768      166.9367  2256004    3.38%
  51154 23003      168.1865    38      172.7768      166.9388  2265496    3.38%
* 51370+22382                          172.4277      166.9404             3.18%
  51410 22411      170.5859    32      172.4277      166.9408  2276392    3.18%
  51660 22592      166.9531    45      172.4277      166.9424  2284766    3.18%
  51916 22780      167.2338    41      172.4277      166.9445  2295142    3.18%
  52168 22963      170.0339    43      172.4277      166.9484  2307310    3.18%
  52426 23162      167.9781    45      172.4277      166.9498  2317603    3.18%
  52668 23334      169.2869    32      172.4277      166.9515  2333281    3.18%
  52921 23499      170.9459    30      172.4277      166.9532  2345877    3.17%
  53197 23684      167.0296    43      172.4277      166.9537  2359638    3.17%
Elapsed time = 936.87 sec. (832572.81 ticks, tree = 36.59 MB, solutions = 7)
  53445 23861      169.3475    37      172.4277      166.9564  2372725    3.17%
  53713 24057      168.5034    36      172.4277      166.9588  2384169    3.17%
  53966 24240      169.3655    36      172.4277      166.9611  2396345    3.17%
  54200 24405        cutoff            172.4277      166.9623  2408656    3.17%
  54401 24538      167.4849    42      172.4277      166.9662  2422105    3.17%
  54648 24718      169.3717    39      172.4277      166.9673  2431898    3.17%
  54851 24859      170.7887    36      172.4277      166.9691  2443655    3.17%
  55092 25026      169.2847    32      172.4277      166.9703  2453320    3.17%
  55317 25198      169.3538    30      172.4277      166.9714  2464140    3.16%
  55504 25333      171.6125    34      172.4277      166.9734  2473324    3.16%
Elapsed time = 984.03 sec. (870972.69 ticks, tree = 39.88 MB, solutions = 7)
  55653 25435      166.9763    41      172.4277      166.9765  2478701    3.16%
  55860 25604      167.6824    42      172.4277      166.9772  2488341    3.16%
  56078 25764      167.0517    60      172.4277      166.9792  2497389    3.16%
  56298 25933      171.3460    27      172.4277      166.9806  2506189    3.16%
  56506 26084      169.3698    35      172.4277      166.9824  2518700    3.16%
  56711 26236      169.1750    36      172.4277      166.9832  2525681    3.16%
  56949 26404      167.2281    51      172.4277      166.9854  2536064    3.16%
  57177 26569      168.8475    44      172.4277      166.9879  2549574    3.15%
  57458 26783      168.9530    31      172.4277      166.9901  2559207    3.15%
  57697 26956      172.0972    28      172.4277      166.9932  2571250    3.15%
Elapsed time = 1034.16 sec. (910304.11 ticks, tree = 42.45 MB, solutions = 7)
  57977 27165      170.8349    32      172.4277      166.9955  2582728    3.15%
  58199 27307      167.2790    45      172.4277      166.9985  2594685    3.15%
  58445 27498      168.6493    36      172.4277      167.0008  2604938    3.15%
  58659 27662      169.2871    22      172.4277      167.0020  2614817    3.15%
  58855 27793      167.7933    39      172.4277      167.0041  2625930    3.15%
  59076 27943      169.3986    36      172.4277      167.0054  2638117    3.14%
  59324 28112      168.2008    41      172.4277      167.0075  2649146    3.14%
  59571 28278      169.6124    40      172.4277      167.0091  2661299    3.14%
  59796 28441      168.2509    38      172.4277      167.0106  2672434    3.14%
  60055 28620      169.7189    30      172.4277      167.0129  2683067    3.14%
Elapsed time = 1081.00 sec. (948815.51 ticks, tree = 45.26 MB, solutions = 7)
  60290 28778      168.1179    44      172.4277      167.0157  2694163    3.14%
  60547 28964      169.9685    30      172.4277      167.0181  2704437    3.14%
  60787 29145      167.7421    41      172.4277      167.0201  2714675    3.14%
  61022 29302      172.0325    44      172.4277      167.0222  2726437    3.13%
  61300 29505        cutoff            172.4277      167.0243  2738583    3.13%
  61590 29701      168.3352    36      172.4277      167.0262  2749664    3.13%
  61910 29953      172.0803    19      172.4277      167.0275  2761343    3.13%
  62196 30148      170.2823    30      172.4277      167.0293  2773587    3.13%
  62392 30275        cutoff            172.4277      167.0306  2783909    3.13%
  62680 30476      167.8886    37      172.4277      167.0329  2794442    3.13%
Elapsed time = 1129.22 sec. (987067.39 ticks, tree = 47.71 MB, solutions = 7)
  62934 30649      168.3763    36      172.4277      167.0349  2807257    3.13%
  63179 30805      168.8607    34      172.4277      167.0388  2818315    3.13%
  63435 30991      169.3023    37      172.4277      167.0399  2828971    3.12%
  63710 31169      167.3284    53      172.4277      167.0426  2840389    3.12%
  63920 31315      170.3354    35      172.4277      167.0449  2851468    3.12%
  64170 31489      167.1834    40      172.4277      167.0465  2864519    3.12%
  64435 31699      168.9144    38      172.4277      167.0487  2875503    3.12%
  64669 31863      170.7790    43      172.4277      167.0503  2887868    3.12%
  64939 32066      167.2750    34      172.4277      167.0517  2899735    3.12%
  65204 32263      168.8444    42      172.4277      167.0550  2912643    3.12%
Elapsed time = 1176.08 sec. (1025351.26 ticks, tree = 51.00 MB, solutions = 7)
  65469 32457      169.1620    33      172.4277      167.0563  2925575    3.12%
  65691 32615      169.3523    34      172.4277      167.0584  2936283    3.11%
  66015 32830      167.4603    41      172.4277      167.0603  2948769    3.11%
  66297 33039      172.3675    26      172.4277      167.0627  2960814    3.11%
  66532 33203      168.7703    39      172.4277      167.0650  2971569    3.11%
  66797 33396      170.7262    35      172.4277      167.0668  2982877    3.11%
  67026 33547      168.1417    27      172.4277      167.0690  2993894    3.11%
  67193 33660      168.3385    39      172.4277      167.0716  3005703    3.11%
  67429 33821      172.3281    28      172.4277      167.0729  3017405    3.11%
  67673 33979      167.1672    39      172.4277      167.0754  3026367    3.10%
Elapsed time = 1222.60 sec. (1063585.61 ticks, tree = 54.70 MB, solutions = 7)
  67897 34128      167.1075    44      172.4277      167.0772  3039065    3.10%
  68078 34245      169.6293    36      172.4277      167.0781  3054842    3.10%
  68381 34461      170.7008    31      172.4277      167.0799  3065432    3.10%
  68672 34692      167.5934    35      172.4277      167.0817  3078044    3.10%
  68927 34876      167.6442    43      172.4277      167.0832  3090829    3.10%
  69205 35060      168.8795    33      172.4277      167.0859  3104321    3.10%
  69459 35232      170.9570    40      172.4277      167.0878  3118119    3.10%
  69730 35420      167.5049    46      172.4277      167.0910  3131494    3.10%
  69973 35602      169.6078    44      172.4277      167.0922  3142843    3.09%
  70132 35704      170.2957    44      172.4277      167.0934  3151953    3.09%
Elapsed time = 1269.87 sec. (1101963.37 ticks, tree = 57.03 MB, solutions = 7)
  70326 35848      167.9993    43      172.4277      167.0949  3164048    3.09%
  70489 35951      170.3424    27      172.4277      167.0959  3176009    3.09%
  70645 36064      171.0590    29      172.4277      167.0969  3189415    3.09%
  70841 36204      167.6827    49      172.4277      167.0987  3199671    3.09%
  71047 36353      167.9542    42      172.4277      167.0997  3209129    3.09%
  71279 36510      169.6031    30      172.4277      167.1008  3221614    3.09%
  71513 36688      170.0419    32      172.4277      167.1016  3234365    3.09%
  71664 36804      167.3885    36      172.4277      167.1025  3243261    3.09%
  71851 36927      168.0861    38      172.4277      167.1054  3255384    3.09%
  72088 37082      170.0924    40      172.4277      167.1072  3267674    3.09%
Elapsed time = 1317.31 sec. (1140685.32 ticks, tree = 58.90 MB, solutions = 7)
  72294 37223      169.0907    46      172.4277      167.1099  3278625    3.08%
  72454 37298      171.3921    47      172.4277      167.1112  3292562    3.08%
  72581 37350      170.9403    34      172.4277      167.1112  3309167    3.08%
  72742 37423      167.8181    52      172.4277      167.1123  3327364    3.08%
  72945 37576      169.0180    27      172.4277      167.1132  3339091    3.08%
  73219 37795        cutoff            172.4277      167.1143  3351489    3.08%
  73470 37982      167.3713    56      172.4277      167.1159  3363845    3.08%
  73733 38174      171.0113    38      172.4277      167.1171  3375360    3.08%
  73940 38324      167.9511    45      172.4277      167.1178  3389501    3.08%
  74193 38505      168.5414    45      172.4277      167.1193  3402536    3.08%
Elapsed time = 1364.07 sec. (1179963.58 ticks, tree = 60.83 MB, solutions = 7)
  74446 38689      167.1505    43      172.4277      167.1206  3414725    3.08%
  74701 38869      170.6876    27      172.4277      167.1221  3426956    3.08%
  74933 39025      169.4157    43      172.4277      167.1234  3439157    3.08%
  75172 39195      169.9808    30      172.4277      167.1247  3449662    3.08%
  75396 39346      170.5112    49      172.4277      167.1260  3460836    3.07%
  75648 39533      170.7775    33      172.4277      167.1275  3471631    3.07%
  75837 39648      168.3222    37      172.4277      167.1288  3483322    3.07%
  76063 39796      171.8489    25      172.4277      167.1301  3494667    3.07%
  76279 39927      169.4526    40      172.4277      167.1317  3506215    3.07%
  76496 40086      167.9277    43      172.4277      167.1330  3518609    3.07%
Elapsed time = 1403.07 sec. (1218371.95 ticks, tree = 63.04 MB, solutions = 7)
  76715 40222      167.5883    41      172.4277      167.1347  3532610    3.07%
  76970 40403      167.2282    47      172.4277      167.1361  3544464    3.07%
  77215 40584      169.4130    52      172.4277      167.1376  3557117    3.07%
  77409 40721      171.1572    30      172.4277      167.1389  3572855    3.07%
  77677 40934      172.2464    38      172.4277      167.1413  3585081    3.07%
  77898 41085      168.2756    33      172.4277      167.1429  3595863    3.06%
  78165 41282      167.2509    47      172.4277      167.1443  3607889    3.06%
  78414 41464      168.4189    41      172.4277      167.1457  3623581    3.06%
  78659 41622      167.7878    41      172.4277      167.1483  3638763    3.06%
  78896 41794      169.5537    24      172.4277      167.1504  3654487    3.06%
Elapsed time = 1444.25 sec. (1256651.04 ticks, tree = 65.55 MB, solutions = 7)
  79137 41968      167.8028    51      172.4277      167.1522  3667618    3.06%
  79373 42129      168.2147    40      172.4277      167.1544  3680537    3.06%
  79570 42251      172.2236    26      172.4277      167.1561  3690794    3.06%
  79820 42428      167.5133    41      172.4277      167.1581  3702066    3.06%
  80060 42592      168.1462    33      172.4277      167.1592  3712934    3.06%
  80289 42750      172.1801    27      172.4277      167.1605  3727261    3.05%
  80560 42936      170.7043    36      172.4277      167.1622  3739308    3.05%
  80784 43082      169.9171    37      172.4277      167.1642  3751508    3.05%
  80982 43189      170.3018    37      172.4277      167.1653  3765628    3.05%
  81226 43373        cutoff            172.4277      167.1667  3779654    3.05%
Elapsed time = 1489.41 sec. (1295406.65 ticks, tree = 67.82 MB, solutions = 7)
  81470 43553      167.8749    40      172.4277      167.1667  3794529    3.05%
  81721 43749      170.1578    45      172.4277      167.1680  3808839    3.05%
  81946 43900      170.6402    26      172.4277      167.1691  3820785    3.05%
  82220 44074      169.8215    31      172.4277      167.1708  3832820    3.05%
  82432 44215      169.9205    41      172.4277      167.1721  3848950    3.05%
  82639 44351      170.0394    52      172.4277      167.1735  3862270    3.05%
  82798 44473      169.7753    36      172.4277      167.1743  3873791    3.05%
  83013 44623      167.8811    45      172.4277      167.1755  3887959    3.05%
  83276 44799      169.4623    47      172.4277      167.1765  3900208    3.05%
  83525 44982      168.5292    41      172.4277      167.1779  3913065    3.04%
Elapsed time = 1533.91 sec. (1333833.38 ticks, tree = 72.41 MB, solutions = 7)
  83713 45084      168.7047    28      172.4277      167.1789  3925884    3.04%
  83950 45185      169.2087    33      172.4277      167.1789  3937188    3.04%
  84170 45307      170.5951    34      172.4277      167.1789  3947686    3.04%
  84393 45430      171.7663    22      172.4277      167.1793  3957538    3.04%
  84640 45603      171.3754    30      172.4277      167.1802  3970142    3.04%
  84854 45745      170.6508    25      172.4277      167.1818  3981655    3.04%
  85030 45865      167.2864    44      172.4277      167.1826  3989718    3.04%
  85212 45986      168.0127    35      172.4277      167.1836  3998367    3.04%
  85404 46096      169.2143    36      172.4277      167.1845  4012198    3.04%
  85604 46227      167.2045    47      172.4277      167.1854  4022395    3.04%
Elapsed time = 1581.29 sec. (1372305.21 ticks, tree = 74.17 MB, solutions = 7)
  85842 46404      170.2781    30      172.4277      167.1865  4033071    3.04%
  86039 46546      170.2581    36      172.4277      167.1874  4042058    3.04%
  86188 46655      167.2365    32      172.4277      167.1882  4048028    3.04%
  86398 46814      168.0296    41      172.4277      167.1889  4059864    3.04%
  86573 46939      168.3725    39      172.4277      167.1901  4070386    3.04%
  86835 47120      169.9486    46      172.4277      167.1922  4082427    3.04%
  87014 47243      167.4745    40      172.4277      167.1936  4093625    3.04%
  87222 47387      169.3131    39      172.4277      167.1952  4103325    3.03%
  87448 47545      167.9240    48      172.4277      167.1960  4113825    3.03%
  87695 47723        cutoff            172.4277      167.1972  4126244    3.03%
Elapsed time = 1625.76 sec. (1410953.67 ticks, tree = 76.20 MB, solutions = 7)
  87947 47904      167.3020    49      172.4277      167.1992  4137965    3.03%
  88109 48012      168.6975    33      172.4277      167.2004  4151282    3.03%
  88299 48135      167.3690    36      172.4277      167.2021  4164928    3.03%
  88543 48288      169.8729    36      172.4277      167.2035  4177675    3.03%
  88799 48469      171.2995    53      172.4277      167.2047  4191402    3.03%
  89003 48584      168.2873    38      172.4277      167.2065  4202572    3.03%
  89239 48742      167.4656    41      172.4277      167.2079  4215389    3.03%
  89480 48902      169.5017    44      172.4277      167.2088  4227341    3.03%
  89728 49098      169.7622    37      172.4277      167.2097  4240309    3.03%
  89917 49229      168.0461    33      172.4277      167.2113  4252968    3.03%
Elapsed time = 1672.79 sec. (1449242.67 ticks, tree = 78.51 MB, solutions = 7)
  90128 49392      168.2108    38      172.4277      167.2121  4266520    3.02%
  90312 49506      167.7096    40      172.4277      167.2131  4277348    3.02%
  90554 49657      168.5046    42      172.4277      167.2149  4288800    3.02%
  90751 49768      168.8304    44      172.4277      167.2171  4303197    3.02%
  90969 49921      168.6722    31      172.4277      167.2174  4318037    3.02%
  91173 50073      168.3100    33      172.4277      167.2183  4329195    3.02%
  91373 50201      171.4587    27      172.4277      167.2194  4344631    3.02%
  91597 50345      171.5090    36      172.4277      167.2208  4356808    3.02%
  91856 50541      168.3136    37      172.4277      167.2224  4368734    3.02%
  92128 50699      167.2462    29      172.4277      167.2238  4381519    3.02%
Elapsed time = 1718.32 sec. (1487495.80 ticks, tree = 80.38 MB, solutions = 7)
  92374 50864      168.1230    36      172.4277      167.2246  4394750    3.02%
  92628 51034        cutoff            172.4277      167.2257  4408907    3.02%
  92866 51205      169.9775    33      172.4277      167.2264  4422912    3.02%
  93106 51377      169.1103    40      172.4277      167.2276  4433724    3.02%
  93361 51563      172.0373    52      172.4277      167.2293  4445532    3.01%
  93585 51735      171.8470    28      172.4277      167.2303  4458080    3.01%
  93820 51898      167.2900    43      172.4277      167.2311  4469223    3.01%
  94031 52043      171.9553    33      172.4277      167.2328  4482536    3.01%
  94253 52169      170.3722    29      172.4277      167.2340  4494235    3.01%
  94468 52313      168.7544    48      172.4277      167.2352  4505887    3.01%
Elapsed time = 1765.75 sec. (1525763.83 ticks, tree = 82.71 MB, solutions = 7)
  94703 52474      167.6217    48      172.4277      167.2365  4516735    3.01%
  94964 52688      169.7000    24      172.4277      167.2373  4527360    3.01%
  95170 52821      171.7137    37      172.4277      167.2388  4542669    3.01%
  95385 52956      167.3062    50      172.4277      167.2408  4554295    3.01%
  95603 53096      169.7036    31      172.4277      167.2421  4570782    3.01%
  95859 53282      169.3263    43      172.4277      167.2428  4585263    3.01%
  96092 53428      171.3249    35      172.4277      167.2448  4601165    3.01%
  96284 53562      169.1565    40      172.4277      167.2455  4616920    3.01%
  96527 53725      167.3830    50      172.4277      167.2472  4630711    3.00%
  96766 53878      167.9122    39      172.4277      167.2485  4644193    3.00%
Elapsed time = 1811.78 sec. (1564046.08 ticks, tree = 84.79 MB, solutions = 7)
  97007 54045      167.3634    32      172.4277      167.2500  4659730    3.00%
  97269 54232      167.7186    34      172.4277      167.2509  4671604    3.00%
  97522 54409      169.7612    38      172.4277      167.2519  4683009    3.00%
  97740 54562      169.2616    41      172.4277      167.2539  4697904    3.00%
  97957 54707      167.2549    38      172.4277      167.2549  4711978    3.00%
  98157 54845      167.3865    43      172.4277      167.2561  4725284    3.00%
  98395 55020      170.2451    47      172.4277      167.2574  4736949    3.00%
  98590 55141      171.4172    39      172.4277      167.2588  4749378    3.00%
  98829 55312      167.9157    50      172.4277      167.2600  4759761    3.00%
  99091 55495      167.2623    36      172.4277      167.2623  4773030    3.00%
Elapsed time = 1858.60 sec. (1602524.49 ticks, tree = 86.99 MB, solutions = 7)
  99336 55679      171.3399    46      172.4277      167.2627  4784826    3.00%
  99528 55786      168.0764    42      172.4277      167.2639  4799127    2.99%
  99761 55940      170.6492    28      172.4277      167.2655  4810759    2.99%
  99976 56052      168.3073    31      172.4277      167.2678  4824289    2.99%
 100187 56202      167.6472    40      172.4277      167.2685  4840043    2.99%
 100411 56363      171.1320    39      172.4277      167.2693  4851334    2.99%
 100675 56541      169.2028    37      172.4277      167.2701  4864894    2.99%
 100907 56676      171.4323    25      172.4277      167.2713  4880750    2.99%
 101137 56833      168.6254    50      172.4277      167.2725  4894860    2.99%
 101357 56982      171.1272    30      172.4277      167.2742  4909301    2.99%
Elapsed time = 1905.36 sec. (1640811.46 ticks, tree = 89.47 MB, solutions = 7)
 101603 57158      172.2529    40      172.4277      167.2758  4921965    2.99%
 101853 57345      167.9813    47      172.4277      167.2767  4935192    2.99%
 102087 57498      170.3787    38      172.4277      167.2783  4950738    2.99%
 102334 57664        cutoff            172.4277      167.2797  4963570    2.99%
 102580 57835      167.6732    46      172.4277      167.2809  4978114    2.98%
 102758 57948      167.2934    52      172.4277      167.2816  4989211    2.98%
 102910 58068      167.2956    63      172.4277      167.2823  4996378    2.98%
 103070 58171      169.6369    30      172.4277      167.2829  5005726    2.98%
 103241 58270      168.1590    59      172.4277      167.2835  5018628    2.98%
 103431 58413      168.7133    40      172.4277      167.2842  5028856    2.98%
Elapsed time = 1954.84 sec. (1680382.01 ticks, tree = 91.42 MB, solutions = 7)
 103600 58522      168.1525    29      172.4277      167.2847  5043071    2.98%
 103759 58604      168.9436    38      172.4277      167.2854  5052915    2.98%
 103929 58726      167.6578    35      172.4277      167.2859  5062569    2.98%
 104088 58845      171.1501    22      172.4277      167.2864  5072451    2.98%
 104232 58944      170.6734    36      172.4277      167.2874  5079944    2.98%
 104378 59036      172.3826    26      172.4277      167.2885  5089082    2.98%
 104584 59187      167.3219    44      172.4277      167.2892  5099425    2.98%
 104834 59371      167.2942    43      172.4277      167.2903  5113265    2.98%
 105041 59526      169.7532    35      172.4277      167.2915  5124695    2.98%
 105220 59641      167.9060    40      172.4277      167.2927  5133511    2.98%
Elapsed time = 2004.89 sec. (1719824.66 ticks, tree = 93.11 MB, solutions = 7)
 105436 59794      171.8162    35      172.4277      167.2938  5143423    2.98%
 105675 59965      171.8139    23      172.4277      167.2948  5153468    2.98%
 105865 60092      167.6776    45      172.4277      167.2956  5163338    2.98%
 106102 60257      167.2972    51      172.4277      167.2964  5175714    2.98%
 106318 60404      167.2973    26      172.4277      167.2973  5189305    2.98%
 106558 60563      171.8227    16      172.4277      167.2982  5201516    2.97%
 106809 60747        cutoff            172.4277      167.2988  5216331    2.97%
 106986 60855      171.1191    49      172.4277      167.3004  5230257    2.97%
 107205 61008      171.4348    36      172.4277      167.3018  5241431    2.97%
 107472 61185      167.3031    31      172.4277      167.3031  5254104    2.97%
Elapsed time = 2052.87 sec. (1758473.78 ticks, tree = 95.23 MB, solutions = 7)
 107713 61373      170.7106    36      172.4277      167.3036  5267171    2.97%
 107914 61496        cutoff            172.4277      167.3047  5278303    2.97%
 108165 61661      172.0108    26      172.4277      167.3057  5290290    2.97%
 108388 61813      167.3414    45      172.4277      167.3068  5302161    2.97%
 108595 61954      167.3806    56      172.4277      167.3078  5315641    2.97%
 108815 62098      169.8126    32      172.4277      167.3086  5329350    2.97%
 109026 62225      169.8357    38      172.4277      167.3095  5340341    2.97%
 109223 62349      168.6666    44      172.4277      167.3110  5354247    2.97%
 109459 62507      170.6911    33      172.4277      167.3122  5367404    2.97%
 109692 62672      168.0467    43      172.4277      167.3138  5381624    2.97%
Elapsed time = 2099.38 sec. (1796808.97 ticks, tree = 97.34 MB, solutions = 7)
 109878 62776      167.5782    38      172.4277      167.3147  5394106    2.97%
 110084 62899      167.7057    48      172.4277      167.3159  5406072    2.96%
 110344 63071      167.3172    50      172.4277      167.3173  5420460    2.96%
 110575 63219      168.7097    46      172.4277      167.3179  5435004    2.96%
 110827 63402      171.0368    23      172.4277      167.3200  5449651    2.96%
 111068 63557      169.3168    42      172.4277      167.3216  5462040    2.96%
 111279 63688      169.4596    36      172.4277      167.3237  5478872    2.96%
 111497 63816      167.3330    59      172.4277      167.3246  5490573    2.96%
 111720 63946      168.4798    41      172.4277      167.3263  5505753    2.96%
 111975 64121      169.2903    34      172.4277      167.3273  5519490    2.96%
Elapsed time = 2147.65 sec. (1835793.61 ticks, tree = 99.45 MB, solutions = 7)
 112172 64249      171.5767    35      172.4277      167.3278  5531758    2.96%
 112398 64397      172.0675    30      172.4277      167.3293  5545347    2.96%
 112591 64518      168.5363    35      172.4277      167.3298  5557841    2.96%
 112810 64659      167.9569    40      172.4277      167.3315  5570035    2.96%
 113010 64797      167.7864    41      172.4277      167.3325  5581360    2.95%
 113225 64906      167.7126    44      172.4277      167.3333  5595229    2.95%
 113412 65021      169.4113    41      172.4277      167.3342  5610529    2.95%
 113616 65151      167.3765    53      172.4277      167.3348  5621401    2.95%
 113855 65295      167.4839    48      172.4277      167.3360  5633742    2.95%
 114071 65428      167.5416    52      172.4277      167.3370  5647405    2.95%
Elapsed time = 2188.15 sec. (1874318.99 ticks, tree = 101.25 MB, solutions = 7)
 114320 65608      172.2306    35      172.4277      167.3380  5659658    2.95%
 114461 65689      170.8063    45      172.4277      167.3385  5672377    2.95%
 114634 65821      172.3136    27      172.4277      167.3390  5686370    2.95%
 114872 65978      172.3034    33      172.4277      167.3398  5698881    2.95%
 115128 66151      170.8076    40      172.4277      167.3405  5711386    2.95%
 115336 66292      167.4213    45      172.4277      167.3416  5726306    2.95%
 115574 66462      167.9005    49      172.4277      167.3430  5739479    2.95%
 115770 66595      171.1178    32      172.4277      167.3436  5756464    2.95%
 115976 66734      169.8931    36      172.4277      167.3447  5773535    2.95%
 116188 66881      170.5867    27      172.4277      167.3461  5786522    2.95%
Elapsed time = 2225.52 sec. (1912572.09 ticks, tree = 106.14 MB, solutions = 7)
 116428 67064      167.3469    67      172.4277      167.3466  5798736    2.95%
 116659 67247      168.1907    46      172.4277      167.3479  5813701    2.95%
 116817 67360      170.7401    36      172.4277      167.3484  5832882    2.95%
 117081 67543      169.4360    39      172.4277      167.3490  5847575    2.95%
 117338 67723      172.0585    47      172.4277      167.3498  5861704    2.94%
 117567 67878      167.7101    46      172.4277      167.3510  5876714    2.94%
 117783 68027      169.3009    57      172.4277      167.3519  5893724    2.94%
 118033 68211      171.0673    31      172.4277      167.3525  5905711    2.94%
 118275 68362      167.4797    45      172.4277      167.3534  5920249    2.94%
 118493 68506      168.1204    47      172.4277      167.3546  5932632    2.94%
Elapsed time = 2268.14 sec. (1950923.12 ticks, tree = 108.95 MB, solutions = 7)
 118711 68658      169.4333    37      172.4277      167.3553  5944674    2.94%
 118889 68769      167.3562    25      172.4277      167.3562  5960088    2.94%
 119117 68929      170.1926    29      172.4277      167.3573  5973026    2.94%
 119332 69072      169.1266    44      172.4277      167.3583  5986155    2.94%
 119543 69215      167.4678    53      172.4277      167.3589  6001005    2.94%
 119737 69335      167.9461    44      172.4277      167.3595  6011048    2.94%
 119972 69486      168.0327    42      172.4277      167.3607  6025155    2.94%
 120185 69634      169.9406    31      172.4277      167.3612  6038034    2.94%
 120410 69776      168.6053    28      172.4277      167.3626  6054079    2.94%
 120641 69956      167.7409    42      172.4277      167.3633  6067097    2.94%
Elapsed time = 2311.02 sec. (1989254.30 ticks, tree = 110.95 MB, solutions = 7)
 120893 70134      167.8570    42      172.4277      167.3641  6079282    2.94%
 121129 70279      169.4422    46      172.4277      167.3649  6094381    2.94%
 121383 70412      169.2953    46      172.4277      167.3649  6110236    2.94%
 121631 70533      168.4078    39      172.4277      167.3649  6126762    2.94%
 121854 70670      169.0864    44      172.4277      167.3649  6140414    2.94%
 122092 70808      170.3098    47      172.4277      167.3649  6155895    2.94%
 122346 70964      168.1195    41      172.4277      167.3649  6171729    2.94%
 122570 71102      169.3252    30      172.4277      167.3649  6187775    2.94%
 122813 71254      169.2716    36      172.4277      167.3649  6202711    2.94%
 123054 71386      171.0707    28      172.4277      167.3649  6217326    2.94%
Elapsed time = 2356.89 sec. (2027718.34 ticks, tree = 112.91 MB, solutions = 7)
 123278 71517      168.6567    38      172.4277      167.3649  6233460    2.94%
 123466 71640      168.6441    43      172.4277      167.3649  6245572    2.94%
 123692 71752      168.7896    39      172.4277      167.3649  6258557    2.94%
 123917 71885      167.8950    50      172.4277      167.3649  6272793    2.94%
 124154 72030      169.9630    41      172.4277      167.3649  6286628    2.94%
 124370 72176      170.7583    35      172.4277      167.3656  6298844    2.94%
 124612 72336      169.4240    54      172.4277      167.3668  6312755    2.94%
 124844 72508      169.2879    35      172.4277      167.3681  6325222    2.93%
 125056 72628      168.4935    50      172.4277      167.3689  6338812    2.93%
 125307 72802      168.5234    24      172.4277      167.3702  6351475    2.93%
Elapsed time = 2405.24 sec. (2067008.87 ticks, tree = 114.86 MB, solutions = 7)
 125519 72948      168.8439    40      172.4277      167.3706  6366338    2.93%
 125740 73108      168.9522    42      172.4277      167.3717  6382592    2.93%
 125992 73289      171.9868    28      172.4277      167.3726  6396566    2.93%
 126228 73456      167.9220    45      172.4277      167.3729  6409200    2.93%
 126498 73641      168.6012    37      172.4277      167.3740  6422560    2.93%
 126752 73790      171.6183    30      172.4277      167.3757  6437487    2.93%
 127012 73974      168.0260    40      172.4277      167.3765  6451422    2.93%
 127243 74124      168.5694    38      172.4277      167.3776  6464939    2.93%
 127480 74280      171.5418    23      172.4277      167.3784  6479494    2.93%
 127689 74431      171.6981    31      172.4277      167.3787  6491638    2.93%
Elapsed time = 2452.76 sec. (2105389.10 ticks, tree = 117.03 MB, solutions = 7)
 127905 74579      167.5544    53      172.4277      167.3798  6506414    2.93%
 128176 74755      167.8907    46      172.4277      167.3812  6519850    2.93%
 128432 74929      169.2278    39      172.4277      167.3820  6532771    2.93%
 128636 75075      169.4053    34      172.4277      167.3825  6547313    2.93%
 128853 75219      168.0981    40      172.4277      167.3842  6563418    2.93%
 129085 75381      168.5458    52      172.4277      167.3849  6574847    2.92%
 129351 75567      167.4345    44      172.4277      167.3856  6588220    2.92%
 129579 75722      168.8521    40      172.4277      167.3868  6601112    2.92%
 129787 75832      167.7169    53      172.4277      167.3878  6616800    2.92%
 130035 76015      171.4790    34      172.4277      167.3880  6629426    2.92%
Elapsed time = 2503.33 sec. (2143779.37 ticks, tree = 119.27 MB, solutions = 7)
 130262 76184      169.4168    34      172.4277      167.3890  6641418    2.92%
 130502 76357      168.1400    51      172.4277      167.3902  6656102    2.92%
 130712 76505      167.5278    56      172.4277      167.3911  6668431    2.92%
 130955 76677      168.5179    34      172.4277      167.3923  6679563    2.92%
 131168 76833      169.8381    35      172.4277      167.3931  6691888    2.92%
 131418 77021      168.3912    48      172.4277      167.3936  6705449    2.92%
 131667 77176        cutoff            172.4277      167.3946  6721002    2.92%
 131893 77328      169.2218    44      172.4277      167.3957  6735880    2.92%
 132135 77505      169.4572    23      172.4277      167.3967  6750729    2.92%
 132416 77700      167.8165    51      172.4277      167.3977  6764832    2.92%
Elapsed time = 2553.63 sec. (2182102.53 ticks, tree = 121.78 MB, solutions = 7)
 132666 77874      169.1498    42      172.4277      167.3987  6780971    2.92%
 132884 78030      167.5795    41      172.4277      167.3994  6797693    2.92%
 133112 78182      169.2341    36      172.4277      167.4005  6812859    2.92%
 133354 78348      171.3137    34      172.4277      167.4014  6827387    2.92%
 133602 78503      167.4026    38      172.4277      167.4026  6840752    2.91%
 133837 78655      167.6960    40      172.4277      167.4037  6858296    2.91%
 134080 78811      171.8666    42      172.4277      167.4046  6873194    2.91%
 134311 78962      167.9418    43      172.4277      167.4054  6887644    2.91%
 134541 79113      172.2814    22      172.4277      167.4058  6903364    2.91%
 134772 79281      169.2023    39      172.4277      167.4067  6916403    2.91%
Elapsed time = 2594.55 sec. (2220428.53 ticks, tree = 124.02 MB, solutions = 7)
 135025 79453      169.8059    42      172.4277      167.4080  6929028    2.91%
 135253 79618      171.9442    31      172.4277      167.4087  6942478    2.91%
 135437 79733      169.7818    43      172.4277      167.4093  6956688    2.91%
 135711 79904      168.6981    32      172.4277      167.4107  6969222    2.91%
 135960 80073      168.9460    26      172.4277      167.4118  6981605    2.91%
 136158 80208      168.9958    46      172.4277      167.4127  6994330    2.91%
 136370 80348      168.8094    43      172.4277      167.4133  7008776    2.91%
 136633 80529      168.4567    31      172.4277      167.4143  7021542    2.91%
 136857 80670      171.0035    33      172.4277      167.4149  7036156    2.91%
 137089 80827      168.6418    51      172.4277      167.4155  7049702    2.91%
Elapsed time = 2640.74 sec. (2258721.17 ticks, tree = 126.14 MB, solutions = 7)
 137346 81023      168.3168    42      172.4277      167.4158  7063945    2.91%
 137590 81187      167.6417    37      172.4277      167.4164  7077342    2.91%
 137881 81380      167.9001    51      172.4277      167.4172  7090932    2.91%
 138113 81536      169.4670    32      172.4277      167.4179  7107622    2.91%
 138329 81699      168.2605    45      172.4277      167.4184  7123367    2.91%
 138526 81822      168.2377    56      172.4277      167.4197  7136641    2.90%
 138781 82003      170.7194    28      172.4277      167.4202  7150193    2.90%
 139081 82206      171.3186    32      172.4277      167.4210  7164227    2.90%
 139332 82312      170.7115    35      172.4277      167.4210  7178025    2.90%
 139583 82445      170.1034    19      172.4277      167.4210  7192329    2.90%
Elapsed time = 2687.18 sec. (2296922.22 ticks, tree = 128.30 MB, solutions = 7)
 139825 82564      169.8691    37      172.4277      167.4210  7205680    2.90%
 140092 82683      171.6499    30      172.4277      167.4210  7219518    2.90%
 140327 82774      169.4911    48      172.4277      167.4210  7233989    2.90%
 140569 82884      170.5356    18      172.4277      167.4210  7247683    2.90%
 140785 82995      171.5249    31      172.4277      167.4210  7259914    2.90%
 141001 83102      169.1497    40      172.4277      167.4210  7272795    2.90%
 141198 83207      170.6535    34      172.4277      167.4210  7284316    2.90%
 141423 83322      169.2012    42      172.4277      167.4210  7296350    2.90%
 141601 83418      170.2737    37      172.4277      167.4210  7307436    2.90%
 141806 83531      170.8769    41      172.4277      167.4210  7319574    2.90%
Elapsed time = 2734.09 sec. (2335199.26 ticks, tree = 129.79 MB, solutions = 7)
 142057 83663      170.1742    39      172.4277      167.4210  7331045    2.90%
 142287 83792      169.8081    41      172.4277      167.4210  7342429    2.90%
 142465 83897      169.0838    57      172.4277      167.4210  7354388    2.90%
 142570 83957      167.4211    47      172.4277      167.4211  7364427    2.90%
 142805 84113      171.1734    33      172.4277      167.4218  7380132    2.90%
 143063 84312      169.5737    68      172.4277      167.4224  7392605    2.90%
 143280 84448      169.8479    37      172.4277      167.4233  7408803    2.90%
 143550 84606      170.1820    35      172.4277      167.4244  7423293    2.90%
 143730 84708      168.0494    52      172.4277      167.4256  7436100    2.90%
 143969 84861      168.4315    41      172.4277      167.4264  7450585    2.90%
Elapsed time = 2780.59 sec. (2373827.86 ticks, tree = 131.62 MB, solutions = 7)
 144212 85032      168.0993    37      172.4277      167.4271  7464834    2.90%
 144451 85202      171.9892    26      172.4277      167.4276  7480821    2.90%
 144686 85361      167.5187    45      172.4277      167.4285  7494572    2.90%
 144960 85555      167.7432    29      172.4277      167.4294  7508599    2.90%
 145220 85722      168.8012    35      172.4277      167.4301  7520965    2.90%
 145449 85879      169.1702    44      172.4277      167.4305  7533782    2.90%
 145674 86022      167.6326    48      172.4277      167.4316  7546610    2.90%
 145940 86208      172.2366    28      172.4277      167.4328  7559620    2.90%
 146212 86412      170.7655    28      172.4277      167.4338  7573016    2.90%
 146497 86566        cutoff            172.4277      167.4347  7586328    2.90%
Elapsed time = 2828.27 sec. (2412052.45 ticks, tree = 133.90 MB, solutions = 7)
 146750 86727      168.0300    45      172.4277      167.4353  7600270    2.90%
 146980 86872      172.2465    36      172.4277      167.4363  7617564    2.89%
 147200 87007      168.9929    32      172.4277      167.4375  7632545    2.89%
 147430 87177      169.5035    37      172.4277      167.4383  7646930    2.89%
 147615 87253      170.8641    33      172.4277      167.4383  7660630    2.89%
 147846 87339      168.6582    40      172.4277      167.4383  7673495    2.89%
 148072 87439      169.5116    39      172.4277      167.4383  7687009    2.89%
 148309 87550      171.6071    32      172.4277      167.4383  7700121    2.89%
 148556 87662      169.0638    50      172.4277      167.4383  7712526    2.89%
 148781 87767      169.8598    45      172.4277      167.4383  7726211    2.89%
Elapsed time = 2876.12 sec. (2450939.92 ticks, tree = 135.55 MB, solutions = 7)
 148974 87871        cutoff            172.4277      167.4383  7737310    2.89%
 149179 87975      167.6259    45      172.4277      167.4383  7752166    2.89%
 149401 88126      168.7159    47      172.4277      167.4387  7765829    2.89%
 149647 88311      167.5180    47      172.4277      167.4389  7779903    2.89%
 149925 88506      172.3361    25      172.4277      167.4403  7791880    2.89%
 150163 88663      169.6848    36      172.4277      167.4416  7804265    2.89%
 150426 88822      167.6550    61      172.4277      167.4425  7820400    2.89%
 150665 88991      169.2597    48      172.4277      167.4431  7835107    2.89%
 150851 89100      167.7355    50      172.4277      167.4436  7849159    2.89%
 151101 89259      169.0844    41      172.4277      167.4443  7860578    2.89%
Elapsed time = 2923.41 sec. (2489308.44 ticks, tree = 137.60 MB, solutions = 7)
 151374 89437      169.0479    43      172.4277      167.4449  7875009    2.89%
 151620 89598      170.7262    32      172.4277      167.4455  7889326    2.89%
 151894 89803      167.7282    40      172.4277      167.4456  7904199    2.89%
 152136 89927      171.5412    28      172.4277      167.4467  7921064    2.89%
 152390 90085      167.5715    37      172.4277      167.4476  7935395    2.89%
 152639 90256      170.1550    37      172.4277      167.4484  7949986    2.89%
 152903 90417      168.5128    51      172.4277      167.4492  7964087    2.89%
 153115 90550      171.8817    31      172.4277      167.4497  7978214    2.89%
 153282 90647      167.4728    46      172.4277      167.4504  7991036    2.89%
 153535 90829      167.5418    55      172.4277      167.4507  8002675    2.89%
Elapsed time = 2969.99 sec. (2527785.13 ticks, tree = 139.76 MB, solutions = 7)
 153771 90984        cutoff            172.4277      167.4513  8016151    2.89%
 154006 91144      168.0173    40      172.4277      167.4519  8030482    2.89%
 154207 91286      171.2981    32      172.4277      167.4522  8045082    2.89%
 154411 91396      170.6262    35      172.4277      167.4532  8061215    2.88%
 154578 91498      168.9931    49      172.4277      167.4537  8071502    2.88%
 154806 91638      169.2897    38      172.4277      167.4541  8087197    2.88%
 155069 91807      167.8405    48      172.4277      167.4554  8100224    2.88%
 155332 91977      170.0090    28      172.4277      167.4561  8112597    2.88%
 155589 92148      167.8659    45      172.4277      167.4569  8125957    2.88%
 155852 92303      168.6924    47      172.4277      167.4585  8139251    2.88%
Elapsed time = 3015.13 sec. (2566024.18 ticks, tree = 141.78 MB, solutions = 7)
 156105 92471      168.7985    51      172.4277      167.4594  8153314    2.88%
 156365 92634      170.3146    40      172.4277      167.4605  8167118    2.88%
 156570 92769      171.5860    20      172.4277      167.4608  8184755    2.88%
 156829 92938      169.6858    37      172.4277      167.4612  8200267    2.88%
 157057 93060      169.5810    33      172.4277      167.4623  8215990    2.88%
 157314 93226      171.7159    34      172.4277      167.4631  8229470    2.88%
 157572 93384        cutoff            172.4277      167.4641  8243454    2.88%
 157823 93549      167.7373    52      172.4277      167.4650  8258410    2.88%
 158075 93701      169.0136    40      172.4277      167.4659  8272781    2.88%
 158328 93865      169.8624    52      172.4277      167.4668  8289326    2.88%
Elapsed time = 3062.23 sec. (2604332.24 ticks, tree = 143.93 MB, solutions = 7)
 158615 94058      169.4071    50      172.4277      167.4677  8302081    2.88%
 158838 94198      171.3547    32      172.4277      167.4685  8312493    2.88%
 159113 94369      169.2976    25      172.4277      167.4699  8326007    2.88%
 159346 94528      167.9818    41      172.4277      167.4705  8339444    2.87%
 159569 94653      171.7087    16      172.4277      167.4713  8353652    2.87%
 159810 94801      169.3046    41      172.4277      167.4720  8367468    2.87%
 160049 94967      171.5096    27      172.4277      167.4728  8381908    2.87%
 160254 95101      170.1038    35      172.4277      167.4735  8398035    2.87%
 160512 95279      171.9351    29      172.4277      167.4745  8410582    2.87%
 160740 95421      169.3208    41      172.4277      167.4752  8422039    2.87%
Elapsed time = 3108.60 sec. (2642596.79 ticks, tree = 146.07 MB, solutions = 7)
 161014 95632      170.5232    38      172.4277      167.4757  8435971    2.87%
 161245 95775      169.2200    44      172.4277      167.4770  8451238    2.87%
 161502 95948      167.5496    66      172.4277      167.4781  8465530    2.87%
 161739 96104        cutoff            172.4277      167.4789  8478815    2.87%
 161970 96245      171.0936    38      172.4277      167.4796  8494001    2.87%
 162208 96398      172.0323    29      172.4277      167.4805  8509748    2.87%
 162441 96577      169.6719    41      172.4277      167.4806  8525831    2.87%
 162695 96752      169.6707    44      172.4277      167.4811  8540812    2.87%
 162905 96876      170.4472    42      172.4277      167.4820  8558712    2.87%
 163150 97039      167.7864    33      172.4277      167.4828  8573299    2.87%
Elapsed time = 3150.10 sec. (2680944.90 ticks, tree = 148.48 MB, solutions = 7)
 163386 97192      168.7245    48      172.4277      167.4835  8588068    2.87%
 163624 97356      170.1937    39      172.4277      167.4839  8603781    2.87%
 163897 97528      171.6834    29      172.4277      167.4847  8617171    2.87%
 164138 97696      168.7610    37      172.4277      167.4855  8630292    2.87%
 164412 97874      167.5958    40      172.4277      167.4863  8646570    2.87%
 164663 98017      171.6447    35      172.4277      167.4872  8660870    2.87%
 164947 98218      168.6904    41      172.4277      167.4880  8673466    2.86%
 165217 98401      172.2760    25      172.4277      167.4892  8684915    2.86%
 165450 98548      171.4663    26      172.4277      167.4897  8699316    2.86%
 165670 98671      167.6911    35      172.4277      167.4904  8714714    2.86%
Elapsed time = 3190.07 sec. (2719260.40 ticks, tree = 150.66 MB, solutions = 7)
 165901 98805      171.7953    29      172.4277      167.4913  8729632    2.86%
 166143 98959      168.1043    45      172.4277      167.4921  8742764    2.86%
 166428 99153      168.6495    39      172.4277      167.4931  8753749    2.86%
 166661 99299      169.0451    32      172.4277      167.4938  8766542    2.86%
 166911 99463      170.6764    35      172.4277      167.4945  8779210    2.86%
 167125 99580      170.3493    33      172.4277      167.4952  8794674    2.86%
 167335 99714      167.8984    34      172.4277      167.4957  8806501    2.86%
 167605 99885        cutoff            172.4277      167.4963  8819723    2.86%
 167885 100101      170.4628    42      172.4277      167.4969  8832289    2.86%
 168139 100268      169.9670    35      172.4277      167.4976  8845796    2.86%
Elapsed time = 3233.95 sec. (2757886.32 ticks, tree = 152.79 MB, solutions = 7)
 168386 100436      172.2538    31      172.4277      167.4985  8860078    2.86%
 168570 100551      168.1443    53      172.4277      167.4989  8870265    2.86%
 168770 100667      168.9248    44      172.4277      167.4997  8882316    2.86%
 168967 100793      169.9479    44      172.4277      167.5000  8890999    2.86%
 168981 100801      168.2471    38      172.4277      167.5001  8891993    2.86%
 169070 100863      169.9888    48      172.4277      167.5003  8898357    2.86%
 169256 100995        cutoff            172.4277      167.5004  8908221    2.86%
 169270 101005      169.0040    41      172.4277      167.5004  8910075    2.86%
 169370 101082      169.4724    37      172.4277      167.5006  8913267    2.86%
 169470 101158      171.3326    36      172.4277      167.5010  8918261    2.86%
Elapsed time = 3293.31 sec. (2815016.02 ticks, tree = 154.14 MB, solutions = 7)
 169670 101295      168.3289    47      172.4277      167.5016  8930663    2.86%
 169770 101367      172.1091    27      172.4277      167.5020  8935423    2.86%
 169870 101440      170.5220    33      172.4277      167.5023  8940614    2.86%
 169970 101510      169.5971    28      172.4277      167.5029  8946152    2.86%
 170070 101576      170.3332    31      172.4277      167.5032  8950531    2.86%
 170170 101635      167.7469    41      172.4277      167.5035  8955201    2.86%
 170270 101696      167.5403    37      172.4277      167.5039  8960643    2.86%
 170470 101828      170.4814    35      172.4277      167.5044  8972584    2.86%
 170570 101898      168.4139    34      172.4277      167.5046  8977236    2.86%
 170770 102041      170.7279    31      172.4277      167.5050  8987831    2.85%
Elapsed time = 3370.75 sec. (2885916.62 ticks, tree = 155.29 MB, solutions = 7)
 170879 102106      170.9327    31      172.4277      167.5053  8994558    2.85%
 170970 102160      167.8080    35      172.4277      167.5056  9000789    2.85%
 171070 102229      167.6310    45      172.4277      167.5061  9006293    2.85%
 171170 102296      167.6305    52      172.4277      167.5064  9011109    2.85%
 171270 102356      169.8936    31      172.4277      167.5066  9016242    2.85%
 171370 102428      170.3358    36      172.4277      167.5067  9022575    2.85%
 171470 102486      172.2226    32      172.4277      167.5071  9029347    2.85%
 171570 102566      172.3470    20      172.4277      167.5071  9032959    2.85%
*171670+102013                          172.3644      167.5074             2.82%
 171670 102015      168.0422    43      172.3644      167.5074  9037591    2.82%
*171770+102002                          172.3537      167.5078             2.81%
 171770 102004      169.5300    33      172.3537      167.5078  9043543    2.81%
Elapsed time = 3435.74 sec. (2951256.17 ticks, tree = 155.18 MB, solutions = 9)
 171870 102062      169.9633    31      172.3537      167.5079  9051079    2.81%
 171970 102142      168.3016    45      172.3537      167.5080  9057396    2.81%
 172070 102217      171.5317    38      172.3537      167.5082  9061812    2.81%
 172294 102368      169.8013    43      172.3537      167.5086  9076141    2.81%
 172437 102442      172.3376    28      172.3537      167.5092  9085944    2.81%
 172470 102460      168.5560    37      172.3537      167.5099  9087834    2.81%
*172570+101286                          172.2154      167.5102             2.73%
 172570 101288      167.6259    55      172.2154      167.5102  9091634    2.73%
 172670 101351      170.7078    42      172.2154      167.5107  9097624    2.73%
 172770 101424      167.6533    39      172.2154      167.5109  9100982    2.73%
 172870 101483      169.4135    35      172.2154      167.5111  9108291    2.73%
Elapsed time = 3501.53 sec. (3011737.58 ticks, tree = 154.48 MB, solutions = 10)
 172970 101554      170.4194    32      172.2154      167.5112  9114613    2.73%
*173070+97826                          171.8499      167.5116             2.52%
 173151 97879      169.7391    29      171.8499      167.5121  9125323    2.52%
 173170 97884      167.6653    46      171.8499      167.5122  9126947    2.52%
*173270+97657                          171.8239      167.5128             2.51%
 173270 97659      168.4565    44      171.8239      167.5128  9133484    2.51%
 173470 97748      167.6253    47      171.8239      167.5138  9149444    2.51%
*173670+97242                          171.7705      167.5145             2.48%
 173670 97244      170.6273    29      171.7705      167.5145  9159546    2.48%
*173770+96933                          171.7378      167.5149             2.46%
 173770 96933      171.7378     0      171.7378      167.5149  9165867    2.46%
*173870+96416                          171.6855      167.5152             2.43%
*173870+93219                          171.4215      167.5152             2.28%
 173870 93221      167.5564    36      171.4215      167.5152  9173299    2.28%
 174024 93313      170.0632    30      171.4215      167.5156  9184449    2.28%
 174070 93332      167.5544    32      171.4215      167.5159  9187703    2.28%
Elapsed time = 3555.12 sec. (3061247.82 ticks, tree = 142.68 MB, solutions = 16)
 174170 93394      167.7355    39      171.4215      167.5164  9191084    2.28%
 174370 93501      170.4409    31      171.4215      167.5172  9204269    2.28%
 174547 93614      169.5604    30      171.4215      167.5174  9214027    2.28%
 174670 93701      167.5317    48      171.4215      167.5174  9222320    2.28%
 174870 93831      170.9860    28      171.4215      167.5180  9232224    2.28%
 175037 93923        cutoff            171.4215      167.5187  9242290    2.28%
 175079 93943      171.3557    30      171.4215      167.5190  9244914    2.28%

GUB cover cuts applied:  9
Clique cuts applied:  2
Cover cuts applied:  2
Implied bound cuts applied:  29
Flow cuts applied:  9
Mixed integer rounding cuts applied:  371
Gomory fractional cuts applied:  6

Root node processing (before b&c):
  Real time             =    3.40 sec. (3242.35 ticks)
Sequential b&c:
  Real time             = 3596.60 sec. (3098370.81 ticks)
                          ------------
Total (root+branch&cut) = 3600.00 sec. (3101613.17 ticks)
