Version identifier: 22.1.0.0 | 2022-03-09 | 1a383f8ce
CPXPARAM_Read_DataCheck                          1
CPXPARAM_Threads                                 1
CPXPARAM_TimeLimit                               3600
Tried aggregator 2 times.
MIP Presolve eliminated 926 rows and 30 columns.
MIP Presolve modified 32476 coefficients.
Aggregator did 180 substitutions.
Reduced MIP has 8655 rows, 770 columns, and 67815 nonzeros.
Reduced MIP has 560 binaries, 0 generals, 0 SOSs, and 0 indicators.
Presolve time = 0.14 sec. (100.19 ticks)
Probing time = 0.01 sec. (5.32 ticks)
Tried aggregator 1 time.
Detecting symmetries...
Reduced MIP has 8655 rows, 770 columns, and 67815 nonzeros.
Reduced MIP has 560 binaries, 0 generals, 0 SOSs, and 0 indicators.
Presolve time = 0.05 sec. (28.65 ticks)
Probing time = 0.01 sec. (5.46 ticks)
MIP emphasis: balance optimality and feasibility.
MIP search method: dynamic search.
Parallel mode: none, using 1 thread.
Root relaxation solution time = 0.06 sec. (38.43 ticks)

        Nodes                                         Cuts/
   Node  Left     Objective  IInf  Best Integer    Best Bound    ItCnt     Gap

      0     0      148.6449   108                    148.6449      352         
      0     0      148.6449    73                   Cuts: 325      666         
      0     0      148.6449    70                   Cuts: 433      956         
      0     0      148.6449    65                   Cuts: 377     1504         
      0     0      148.6742   124                   Cuts: 366     2117         
      0     0      148.7283   180                  Cuts: 1469     2465         
Detecting symmetries...
      0     0      148.8311   163                  Cuts: 1482     2677         
      0     0      148.8996   189                  Cuts: 1393     2950         
      0     0      148.9136   177                   Cuts: 535     3167         
      0     0      148.9680   190                   Cuts: 412     3374         
      0     0      148.9715   190                   Cuts: 368     3520         
      0     0      148.9721   161                   Cuts: 139     3624         
      0     0      148.9750   179                   Cuts: 894     3738         
Detecting symmetries...
      0     2      148.9750   132                    148.9755     3738         
Elapsed time = 9.71 sec. (7871.80 ticks, tree = 0.01 MB, solutions = 0)
      4     6      150.6605    92                    149.0264     5352         
     18    18    infeasible                          149.0264     6837         
     30    24      163.1432    74                    149.0264     8104         
     40    26    infeasible                          149.0264     9730         
     46    32      187.9898    56                    149.0264    10437         
     58    44      157.7059    55                    149.0264    11640         
     72    56      173.7357    45                    149.0264    12729         
     89    71      160.0836    38                    149.0264    14141         
    114    88      172.1236    21                    149.0264    14927         
    215   175      149.9681    83                    149.0265    19365         
Elapsed time = 12.88 sec. (11344.58 ticks, tree = 0.33 MB, solutions = 0)
    260   216      171.6701    62                    149.0265    24641         
    300   254      150.9273    55                    149.0265    29052         
    361   307      152.0032    39                    149.0265    33531         
    420   348    infeasible                          149.0265    38355         

Performing restart 1

Repeating presolve.
Tried aggregator 1 time.
Reduced MIP has 8655 rows, 770 columns, and 67815 nonzeros.
Reduced MIP has 560 binaries, 0 generals, 0 SOSs, and 0 indicators.
Presolve time = 0.03 sec. (22.21 ticks)
Tried aggregator 1 time.
Reduced MIP has 8655 rows, 770 columns, and 67815 nonzeros.
Reduced MIP has 560 binaries, 0 generals, 0 SOSs, and 0 indicators.
Presolve time = 0.07 sec. (29.22 ticks)
Represolve time = 0.18 sec. (82.50 ticks)
    464     0      148.9750   143                  Cuts: 2263    40631         
    464     0      148.9786   159                   Cuts: 668    40884         
    464     0      148.9852   146                   Cuts: 882    41042         
    464     0      149.0266   158                  Cuts: 2263    41262         
    464     0      149.0493   172                  Cuts: 1327    41479         
    464     0      149.0530   135                  Cuts: 1252    41683         
    464     0      149.0566   142                   Cuts: 633    41854         
    464     0      149.0606   149                  Cuts: 1574    42081         
    464     2      149.0606   132                    149.3058    42081         
    465     3      149.0633   130                    149.3058    42084         
    469     7      149.0695   111                    149.3058    42115         
    473    11      149.0715   109                    149.3058    42673         
    478    14      155.9614    62                    149.3058    43376         
    483    19      159.8995    84                    149.3058    44281         
Elapsed time = 44.79 sec. (40802.37 ticks, tree = 0.03 MB, solutions = 0)
    488    24      150.4914    90                    149.3058    44541         
    504    40      152.9112    53                    149.3058    45528         
    524    60      153.3796    62                    149.3058    46382         
    546    82      156.7701    37                    149.3058    47958         
    587   115      174.4863     3                    149.3058    49415         
*   588   114      integral     0      174.5908      149.3058    49421   14.48%
    591   115      152.4514    72      174.5908      149.3058    50570   14.48%
    613   136      162.0250    57      174.5908      149.3058    52168   14.48%
    631   154      164.4528    67      174.5908      149.3058    54565   14.48%
    653   166      155.8323    57      174.5908      149.3058    56229   14.48%
    676   189      170.5593    39      174.5908      149.3058    57701   14.48%
Elapsed time = 53.62 sec. (51085.78 ticks, tree = 1.83 MB, solutions = 1)
    725   228      154.9771    49      174.5908      149.3058    59394   14.48%
    820   315      149.6296    49      174.5908      149.3058    60607   14.48%
    864   351      149.5884    94      174.5908      149.3058    62767   14.48%
    919   399      173.6613    30      174.5908      149.3058    66149   14.48%
    986   450        cutoff            174.5908      149.3058    68874   14.48%
   1019   478      170.4371    47      174.5908      149.3058    71794   14.48%
   1074   518      165.0201    62      174.5908      149.3058    75474   14.48%
   1099   540      172.1620    36      174.5908      149.3058    77183   14.48%
   1116   549      172.1853    49      174.5908      149.3058    79102   14.48%
   1151   579      152.9449    51      174.5908      149.3058    82374   14.48%
Elapsed time = 62.60 sec. (61171.20 ticks, tree = 2.36 MB, solutions = 1)
   1198   623      172.4905    27      174.5908      149.3058    84523   14.48%
   1250   659      172.6753    10      174.5908      149.3058    87368   14.48%
   1304   707      158.6392    31      174.5908      149.3058    90661   14.48%
*  1339   709      integral     0      172.8374      149.3058    91925   13.61%
   1367   733      164.8503    47      172.8374      149.3058    93544   13.61%
   1418   764      155.1392    79      172.8374      149.3058    98382   13.61%
*  1449+  694                          168.6768      149.3058            11.48%
*  1449+  685                          168.3170      149.3058            11.29%
   1449   687      159.6194    54      168.3170      149.3058   100505   11.29%
   1450   688      149.3567    71      168.3170      149.3058   100560   11.29%
   1478   696      153.5455    59      168.3170      149.3392   104339   11.28%
   1504   722      159.0935    57      168.3170      149.3392   106862   11.28%
   1569   778      167.7965    25      168.3170      149.3859   109894   11.25%
Elapsed time = 82.27 sec. (80009.59 ticks, tree = 2.37 MB, solutions = 4)
   1613   814      165.4463    34      168.3170      149.4120   113332   11.23%
   1660   848      165.9011    43      168.3170      149.4598   117079   11.20%
   1703   880      159.8107    39      168.3170      149.4636   120450   11.20%
   1771   925      149.5129    58      168.3170      149.5030   123680   11.18%
   1850   985        cutoff            168.3170      149.5102   127399   11.17%
   1904  1021      167.0241    38      168.3170      149.5189   131182   11.17%
   1972  1073      164.6513    38      168.3170      149.5332   135001   11.16%
   2024  1107      161.5846    53      168.3170      149.5935   139248   11.12%
   2070  1136      151.2865    58      168.3170      149.6069   142533   11.12%
   2131  1173      149.6792    89      168.3170      149.6151   145713   11.11%
Elapsed time = 92.25 sec. (89911.32 ticks, tree = 2.98 MB, solutions = 4)
   2186  1213      154.8799    56      168.3170      149.6208   149620   11.11%
   2227  1239      153.8384    47      168.3170      149.6453   152695   11.09%
   2291  1283      150.1844    64      168.3170      149.6578   156691   11.09%
   2363  1343      161.4734    17      168.3170      149.6658   159813   11.08%
   2448  1413      158.7929    24      168.3170      149.6667   162785   11.08%
   2512  1466      166.3531    62      168.3170      149.6668   165910   11.08%
   2572  1512      155.7988    58      168.3170      149.6696   170225   11.08%
   2589  1520      153.0335    57      168.3170      149.6854   173339   11.07%
   2638  1562      153.7351    60      168.3170      149.6889   176618   11.07%

Performing restart 2

Repeating presolve.
Tried aggregator 1 time.
Reduced MIP has 8655 rows, 770 columns, and 67818 nonzeros.
Reduced MIP has 560 binaries, 0 generals, 0 SOSs, and 0 indicators.
Presolve time = 0.02 sec. (22.21 ticks)
Tried aggregator 1 time.
Reduced MIP has 8655 rows, 770 columns, and 67818 nonzeros.
Reduced MIP has 560 binaries, 0 generals, 0 SOSs, and 0 indicators.
Presolve time = 0.04 sec. (29.22 ticks)
Represolve time = 0.17 sec. (103.03 ticks)
   2654     0      149.0606   164      168.3170    Cuts: 2263   179012   11.07%
   2654     0      149.0652   181      168.3170     Cuts: 746   179214   11.07%
   2654     0      149.0653   169      168.3170     Cuts: 950   179341   11.07%
   2654     0      149.0686   169      168.3170    Cuts: 1932   179541   11.07%
   2654     0      149.0696   161      168.3170     Cuts: 740   179686   11.07%
   2654     0      149.0711   154      168.3170    Cuts: 2263   179808   11.07%
   2654     0      149.0717   147      168.3170    Cuts: 1281   179883   11.07%
   2654     0      149.0717   157      168.3170    Cuts: 2263   179959   11.07%
   2654     0      149.0719   134      168.3170     Cuts: 448   180050   11.07%
   2654     0      149.0719   134      168.3170    Cuts: 2263   180099   11.07%
   2654     0      149.0838   151      168.3170     Cuts: 408   180211   11.07%
   2654     2      149.0838   136      168.3170      149.6889   180211   11.07%
Elapsed time = 129.47 sec. (119935.68 ticks, tree = 0.01 MB, solutions = 4)
   2656     4      149.0893   131      168.3170      149.6889   180242   11.07%
   2661     7      165.4628    45      168.3170      149.6889   181677   11.07%
   2666     9      149.0920   101      168.3170      149.6889   182162   11.07%
   2669    12      159.8403    66      168.3170      149.6889   183247   11.07%
   2674    16      158.1019    75      168.3170      149.6889   183962   11.07%
   2678    19      159.5004    54      168.3170      149.6889   184258   11.07%
   2683    21      165.6501    53      168.3170      149.6889   184863   11.07%
   2687    25      165.6501    46      168.3170      149.6889   184969   11.07%
   2694    26      167.0487    39      168.3170      149.6889   185588   11.07%
   2701    28      149.1030   105      168.3170      149.6889   186154   11.07%
Elapsed time = 138.33 sec. (131129.85 ticks, tree = 0.85 MB, solutions = 4)
   2707    34      149.1171   112      168.3170      149.6889   186206   11.07%
   2729    56      149.1779    94      168.3170      149.6889   186372   11.07%
   2748    75      149.4178    81      168.3170      149.6889   186680   11.07%
   2761    88      150.1512    53      168.3170      149.6889   187045   11.07%
   2783   110      153.6516    35      168.3170      149.6889   187669   11.07%
   2797   120      150.1587    94      168.3170      149.6889   188229   11.07%
   2822   145      150.2733    83      168.3170      149.6889   188475   11.07%
   2853   174      152.0886    46      168.3170      149.6889   189312   11.07%
   2880   189      161.3456    55      168.3170      149.6889   190496   11.07%
   2895   203      161.5708    44      168.3170      149.6889   191150   11.07%
Elapsed time = 146.10 sec. (141177.83 ticks, tree = 1.11 MB, solutions = 4)
   2908   207      155.9636    65      168.3170      149.6889   193378   11.07%
   2914   210      163.7075    49      168.3170      149.6889   194057   11.07%
   2925   218        cutoff            168.3170      149.6889   195265   11.07%
   2939   226      166.4643    45      168.3170      149.6889   196952   11.07%
   2957   232      150.4529    81      168.3170      149.6889   197890   11.07%
   2984   259      164.5757    37      168.3170      149.6889   199795   11.07%
   3014   285      156.0821    57      168.3170      149.6889   201608   11.07%
   3048   307      152.4304    74      168.3170      149.6889   203384   11.07%
   3066   321      163.6644    58      168.3170      149.6889   204520   11.07%
   3218   441      151.5333    46      168.3170      149.6889   212957   11.07%
Elapsed time = 157.01 sec. (154359.78 ticks, tree = 1.46 MB, solutions = 4)
   3326   512      155.9545    70      168.3170      149.6889   221255   11.07%
   3512   647      150.0087    63      168.3170      149.8041   231023   11.00%
   3654   753      149.8915    62      168.3170      149.8837   238579   10.95%
*  3774+  819                          167.4016      149.8837            10.46%
   3877   876      152.4167    47      167.4016      149.9070   245892   10.45%
   4028   989      162.5423    30      167.4016      149.9370   256069   10.43%
   4193  1103      153.3191    46      167.4016      150.0076   263814   10.39%
   4289  1172      155.3113    64      167.4016      150.0381   273390   10.37%
   4472  1289      158.3302    45      167.4016      150.1393   284572   10.31%
   4664  1437      163.3899    23      167.4016      150.1727   294045   10.29%
   4874  1591      154.1196    70      167.4016      150.2042   304852   10.27%
Elapsed time = 194.52 sec. (193267.03 ticks, tree = 3.17 MB, solutions = 5)
   5029  1693      153.3934    39      167.4016      150.2369   314289   10.25%
   5134  1758      150.4716    66      167.4016      150.2551   322661   10.24%
   5293  1879      151.4559    66      167.4016      150.2701   333606   10.23%
   5439  1980      157.8816    51      167.4016      150.3125   344270   10.21%
   5577  2066    infeasible            167.4016      150.3572   356084   10.18%
   5770  2211      151.0432    58      167.4016      150.4171   369132   10.15%
   6000  2364      158.9899    57      167.4016      150.4559   382705   10.12%
   6233  2535      158.7058    62      167.4016      150.5361   395160   10.07%
   6439  2684      158.9049    55      167.4016      150.5766   408302   10.05%
   6616  2821      157.2715    59      167.4016      150.6069   422346   10.03%
Elapsed time = 232.66 sec. (231800.19 ticks, tree = 5.03 MB, solutions = 5)
   6693  2878      154.6934    73      167.4016      150.6191   429591   10.03%
   6848  2992      152.3802    56      167.4016      150.6725   442386    9.99%
   7064  3150      163.8271    54      167.4016      150.7108   454619    9.97%
   7335  3357      166.0686    34      167.4016      150.7549   467480    9.94%
   7567  3525      150.8553    72      167.4016      150.7881   480382    9.92%
   7700  3620      150.9826    67      167.4016      150.8092   491395    9.91%
   7918  3783      160.8375    55      167.4016      150.8221   503895    9.90%
   8128  3932      155.3791    48      167.4016      150.8535   518750    9.89%
   8326  4086      160.9193    69      167.4016      150.8930   532756    9.86%
   8526  4224      155.0291    48      167.4016      150.9122   546195    9.85%
Elapsed time = 271.07 sec. (270252.55 ticks, tree = 7.34 MB, solutions = 5)
   8750  4394        cutoff            167.4016      150.9536   558120    9.83%
*  8839  4220      integral     0      166.7577      150.9573   562867    9.48%
   8908  4276      161.8302    25      166.7577      150.9844   568965    9.46%
*  8939+ 4175                          166.3434      150.9904             9.23%
*  8939+ 4088                          165.9201      150.9904             9.00%
*  8939+ 4062                          165.7593      150.9904             8.91%
*  8939+ 4025                          165.6345      150.9904             8.84%
   9009  4071      151.2529    56      165.6345      151.0058   575509    8.83%
   9201  4202      151.4995    85      165.6345      151.0213   585807    8.82%
   9387  4337      155.0994    70      165.6345      151.0308   598491    8.82%
   9576  4476      152.5415    48      165.6345      151.0636   610039    8.80%
   9760  4622      158.5368    74      165.6345      151.0696   623627    8.79%
   9961  4772      162.1814    32      165.6345      151.0848   637813    8.78%
  10166  4905      154.9241    54      165.6345      151.1252   651250    8.76%
  10278  4987      165.3381    32      165.6345      151.1379   661992    8.75%
Elapsed time = 309.65 sec. (309022.42 ticks, tree = 8.17 MB, solutions = 10)
  10424  5100      160.9263    23      165.6345      151.1501   672970    8.74%
  10551  5191      160.4490    46      165.6345      151.1675   684785    8.73%
  10671  5284      160.6798    40      165.6345      151.1841   696809    8.72%
  10839  5404      163.2168    26      165.6345      151.1982   708617    8.72%
  11052  5552      151.9188    59      165.6345      151.2377   721623    8.69%
  11230  5689      151.6628    49      165.6345      151.2497   734616    8.68%
  11417  5836      155.5347    48      165.6345      151.2684   748626    8.67%
  11639  5991      159.1164    34      165.6345      151.2800   761225    8.67%
  11790  6112      157.5762    62      165.6345      151.2903   770697    8.66%
  11940  6211      152.9419    59      165.6345      151.3106   782744    8.65%
Elapsed time = 348.25 sec. (347616.71 ticks, tree = 10.36 MB, solutions = 10)
  12046  6282      152.3465    55      165.6345      151.3189   794220    8.64%
  12193  6386      162.7357    47      165.6345      151.3487   806881    8.62%
  12316  6470      162.2164    64      165.6345      151.3623   818548    8.62%
  12488  6595      158.1734    56      165.6345      151.3832   832867    8.60%
  12654  6711      164.4041    35      165.6345      151.3885   845965    8.60%
  12809  6832      155.0018    61      165.6345      151.4034   859485    8.59%
  13010  6973      158.4826    34      165.6345      151.4186   873836    8.58%
* 13189  6914      integral     0      165.1414      151.4275   882208    8.30%
  13314  6997      156.6429    51      165.1414      151.4373   892194    8.30%
  13473  7101      160.9054    67      165.1414      151.4557   904092    8.29%
Elapsed time = 386.98 sec. (386187.20 ticks, tree = 11.80 MB, solutions = 11)
  13618  7209      152.8368    77      165.1414      151.4617   916850    8.28%
  13756  7313      160.7396    35      165.1414      151.4779   927462    8.27%
  13942  7439      160.9470    44      165.1414      151.4995   940690    8.26%
  14111  7559      162.2282    44      165.1414      151.5191   955041    8.25%
  14299  7692      154.7002    59      165.1414      151.5258   969522    8.24%
  14493  7839      164.3859    24      165.1414      151.5373   984221    8.24%
  14673  7976      156.5586    55      165.1414      151.5589   996941    8.22%
  14829  8075      163.8170    69      165.1414      151.5637  1010168    8.22%
  14982  8175      151.8411    61      165.1414      151.5754  1020120    8.21%
  15152  8293      161.1705    45      165.1414      151.5897  1031495    8.21%
Elapsed time = 425.42 sec. (424469.01 ticks, tree = 14.01 MB, solutions = 11)
  15337  8419      159.8057    59      165.1414      151.6065  1044041    8.20%
  15504  8543      151.9201    66      165.1414      151.6159  1056289    8.19%
  15654  8655      161.5358    56      165.1414      151.6199  1068525    8.19%
  15803  8745      157.6978    71      165.1414      151.6276  1081975    8.18%
  16041  8922      158.8430    57      165.1414      151.6339  1094326    8.18%
  16179  9017      158.7942    61      165.1414      151.6484  1109075    8.17%
  16310  9109      152.8365    58      165.1414      151.6628  1123186    8.16%
  16468  9233      164.3854    17      165.1414      151.6633  1135732    8.16%
  16650  9359        cutoff            165.1414      151.6714  1149417    8.16%
  16734  9422      152.5674    83      165.1414      151.6800  1156294    8.15%
Elapsed time = 464.36 sec. (463273.62 ticks, tree = 17.04 MB, solutions = 11)
  16885  9535      165.0166    43      165.1414      151.7006  1169132    8.14%
  17037  9634      164.3303    53      165.1414      151.7052  1181182    8.14%
  17198  9733      151.7090    76      165.1414      151.7092  1192341    8.13%
  17392  9863      156.8680    49      165.1414      151.7196  1206060    8.13%
  17602 10031      157.4321    44      165.1414      151.7263  1219780    8.12%
  17739 10135      154.3876    54      165.1414      151.7287  1231775    8.12%
  17933 10289      160.0467    32      165.1414      151.7393  1246172    8.12%
  18151 10436      158.7647    40      165.1414      151.7468  1259354    8.11%
  18336 10567      162.0777    42      165.1414      151.7561  1273671    8.11%
  18515 10681      162.5401    37      165.1414      151.7697  1288575    8.10%
Elapsed time = 503.29 sec. (502070.21 ticks, tree = 18.89 MB, solutions = 11)
  18667 10791      157.4007    51      165.1414      151.7814  1300717    8.09%
  18816 10886      162.4611    52      165.1414      151.7901  1312287    8.08%
  18949 10980      161.2706    49      165.1414      151.7949  1324402    8.08%
  19141 11107      160.8393    27      165.1414      151.8026  1337500    8.08%
  19307 11227      152.7761    59      165.1414      151.8135  1350939    8.07%
  19526 11393      154.2556    63      165.1414      151.8370  1363642    8.06%
  19654 11484      160.5310    58      165.1414      151.8451  1375172    8.05%
  19835 11608      159.4548    38      165.1414      151.8528  1390889    8.05%
  20021 11747      159.1180    54      165.1414      151.8615  1405063    8.04%
  20249 11898      157.1531    55      165.1414      151.8841  1419553    8.03%
Elapsed time = 539.68 sec. (540432.24 ticks, tree = 20.67 MB, solutions = 11)
  20461 12040      160.8370    24      165.1414      151.8959  1433354    8.02%
  20632 12161      159.3065    75      165.1414      151.9137  1447219    8.01%
  20790 12278      159.3310    44      165.1414      151.9188  1458018    8.01%
  20986 12427      161.6084    58      165.1414      151.9293  1470287    8.00%
  21123 12509      158.8739    57      165.1414      151.9410  1484045    7.99%
  21296 12633      163.4229    45      165.1414      151.9510  1495539    7.99%
  21450 12739      155.8255    54      165.1414      151.9680  1509685    7.98%
  21648 12865      158.3426    44      165.1414      151.9759  1524758    7.97%
  21794 12971      163.4059    48      165.1414      151.9796  1534190    7.97%
  21983 13106      160.1941    38      165.1414      151.9876  1548808    7.97%
Elapsed time = 572.39 sec. (579027.80 ticks, tree = 22.94 MB, solutions = 11)
  22225 13278      156.7690    55      165.1414      152.0111  1562127    7.95%
  22423 13414      160.5408    49      165.1414      152.0240  1576191    7.94%
  22618 13530      159.3232    57      165.1414      152.0334  1591456    7.94%
  22734 13605      158.5369    55      165.1414      152.0468  1600372    7.93%
  22901 13725      158.8512    40      165.1414      152.0512  1612691    7.93%
  23035 13791      160.5017    39      165.1414      152.0648  1623907    7.92%
  23218 13922      159.9243    29      165.1414      152.0751  1636204    7.91%
  23392 14039      161.6811    37      165.1414      152.0885  1649252    7.90%
  23579 14176      155.6596    55      165.1414      152.0962  1662582    7.90%
  23699 14258      156.1902    63      165.1414      152.1057  1671535    7.89%
Elapsed time = 604.93 sec. (617337.30 ticks, tree = 24.63 MB, solutions = 11)
  23867 14381      152.7460    57      165.1414      152.1140  1683707    7.89%
  24011 14475      156.5883    57      165.1414      152.1219  1699724    7.88%
  24231 14627      156.4328    52      165.1414      152.1299  1714362    7.88%
  24414 14760      158.3648    35      165.1414      152.1387  1729306    7.87%
  24566 14849      153.9600    50      165.1414      152.1484  1743996    7.87%
  24695 14940      159.1738    46      165.1414      152.1522  1753508    7.87%
  24896 15070      152.8996    60      165.1414      152.1691  1769088    7.86%
  25059 15184      156.0062    47      165.1414      152.1763  1781674    7.85%
  25232 15301      152.3119    50      165.1414      152.1879  1794052    7.84%
  25381 15394      160.0205    40      165.1414      152.1932  1807047    7.84%
Elapsed time = 637.58 sec. (655971.01 ticks, tree = 26.30 MB, solutions = 11)
  25538 15493      158.8550    54      165.1414      152.2038  1819040    7.83%
* 25654+15092                          164.7543      152.2072             7.62%
  25722 15135      157.6290    42      164.7543      152.2136  1832193    7.61%
  25916 15264      154.7510    55      164.7543      152.2311  1844650    7.60%
  26092 15386      160.1223    48      164.7543      152.2460  1858653    7.59%
  26242 15471      159.1116    70      164.7543      152.2587  1872604    7.58%
  26432 15588      164.6756    44      164.7543      152.2711  1887840    7.58%
  26601 15692      152.6798    67      164.7543      152.2871  1901525    7.57%
  26794 15836      162.0728    33      164.7543      152.2977  1915879    7.56%
  27013 15995      153.4232    72      164.7543      152.3083  1930616    7.55%
  27232 16154      163.8352    35      164.7543      152.3166  1944493    7.55%
Elapsed time = 670.32 sec. (694220.19 ticks, tree = 27.36 MB, solutions = 12)
  27400 16254      157.3398    53      164.7543      152.3302  1957997    7.54%
  27556 16357        cutoff            164.7543      152.3342  1970822    7.54%
  27711 16459      162.7270    13      164.7543      152.3412  1983149    7.53%
  27876 16568      164.2104    46      164.7543      152.3465  1994448    7.53%
  28062 16684      162.9245    27      164.7543      152.3547  2008574    7.53%
  28230 16789      160.7510    43      164.7543      152.3631  2022624    7.52%
  28408 16902      157.5041    60      164.7543      152.3704  2036450    7.52%
  28634 17069        cutoff            164.7543      152.3789  2050272    7.51%
  28793 17190      161.7555    47      164.7543      152.3894  2063749    7.51%
  28983 17330      157.4368    43      164.7543      152.3951  2079642    7.50%
Elapsed time = 703.70 sec. (732540.75 ticks, tree = 29.76 MB, solutions = 12)
  29163 17444      154.8030    51      164.7543      152.4095  2095235    7.49%
  29376 17593      157.2370    69      164.7543      152.4192  2110159    7.49%
  29499 17674      159.3365    59      164.7543      152.4276  2123163    7.48%
  29654 17780      164.0180    33      164.7543      152.4349  2134162    7.48%
  29793 17883      157.8418    44      164.7543      152.4419  2147222    7.47%
  29985 18008      152.6407    52      164.7543      152.4607  2162004    7.46%
  30173 18143      154.9877    49      164.7543      152.4667  2174912    7.46%
  30346 18251      155.7461    55      164.7543      152.4738  2187253    7.45%
  30533 18385      158.0930    54      164.7543      152.4824  2199843    7.45%
  30686 18484      159.1712    48      164.7543      152.4889  2214476    7.44%
Elapsed time = 735.93 sec. (771217.52 ticks, tree = 31.46 MB, solutions = 12)
  30873 18614      162.6374    45      164.7543      152.5024  2227193    7.44%
  31078 18734      162.6212    61      164.7543      152.5182  2240293    7.43%
  31240 18840        cutoff            164.7543      152.5225  2253098    7.42%
  31417 18961      160.3269    52      164.7543      152.5297  2266932    7.42%
  31582 19066      158.8668    35      164.7543      152.5363  2281170    7.42%
  31789 19215      156.1604    53      164.7543      152.5414  2295310    7.41%
  31987 19360      159.0343    51      164.7543      152.5588  2310049    7.40%
  32170 19493      160.8194    46      164.7543      152.5685  2325577    7.40%
  32358 19611      152.8322    96      164.7543      152.5838  2338829    7.39%
  32479 19706      155.0937    52      164.7543      152.5873  2350811    7.38%
Elapsed time = 767.54 sec. (809458.82 ticks, tree = 33.26 MB, solutions = 12)
  32665 19841        cutoff            164.7543      152.5918  2362513    7.38%
  32865 19970      163.6841    31      164.7543      152.5998  2377016    7.38%
  33044 20080      157.8167    89      164.7543      152.6055  2391669    7.37%
  33188 20172      160.4031    39      164.7543      152.6116  2405071    7.37%
  33333 20264      160.0863    47      164.7543      152.6200  2418334    7.37%
  33491 20357      159.4411    56      164.7543      152.6320  2432111    7.36%
  33657 20467      153.5808    59      164.7543      152.6359  2443621    7.36%
  33816 20583      163.7306    52      164.7543      152.6377  2456115    7.35%
  33938 20657      154.7186    57      164.7543      152.6460  2471587    7.35%
  34122 20778      159.3952    34      164.7543      152.6586  2485040    7.34%
Elapsed time = 799.61 sec. (847843.05 ticks, tree = 34.92 MB, solutions = 12)
  34319 20913      158.9799    41      164.7543      152.6704  2499638    7.33%
  34504 21043      161.5268    39      164.7543      152.6789  2513658    7.33%
  34665 21156      155.8371    40      164.7543      152.6872  2524848    7.32%
  34870 21297      154.6173    72      164.7543      152.6891  2540343    7.32%
  35056 21423      163.7880    60      164.7543      152.6981  2557071    7.32%
  35246 21545      163.7359    32      164.7543      152.7010  2571970    7.32%
  35434 21674      161.7923    63      164.7543      152.7088  2586799    7.31%
  35627 21819        cutoff            164.7543      152.7156  2602063    7.31%
  35782 21916      154.0820    42      164.7543      152.7268  2615348    7.30%
  35971 22035        cutoff            164.7543      152.7359  2628650    7.29%
Elapsed time = 833.49 sec. (886295.56 ticks, tree = 36.84 MB, solutions = 12)
  36129 22153      161.7069    28      164.7543      152.7406  2641580    7.29%
  36284 22243      153.0822    75      164.7543      152.7519  2654254    7.29%
  36436 22348      161.1293    64      164.7543      152.7596  2667388    7.28%
  36594 22449      164.3631    52      164.7543      152.7681  2681367    7.28%
  36724 22546      156.0757    60      164.7543      152.7778  2690469    7.27%
  36897 22668      153.7842    61      164.7543      152.7820  2704495    7.27%
  37103 22809      160.5453    39      164.7543      152.7868  2718156    7.26%
  37316 22959      163.3162    30      164.7543      152.7950  2733257    7.26%
  37489 23063      164.2258    31      164.7543      152.8020  2748422    7.25%
  37654 23167      155.2810    71      164.7543      152.8114  2758995    7.25%
Elapsed time = 870.94 sec. (925082.62 ticks, tree = 38.50 MB, solutions = 12)
  37787 23265      153.8065    67      164.7543      152.8156  2773478    7.25%
  38014 23422      154.2344    47      164.7543      152.8181  2788058    7.24%
  38214 23559      160.0202    44      164.7543      152.8262  2803320    7.24%
  38409 23689      157.9639    52      164.7543      152.8337  2817580    7.24%
  38601 23828      163.0210    40      164.7543      152.8365  2832517    7.23%
  38716 23904      161.1030    41      164.7543      152.8445  2843790    7.23%
  38874 24015      160.1827    32      164.7543      152.8456  2857638    7.23%
  39036 24111      157.4942    66      164.7543      152.8517  2872617    7.22%
  39221 24236      158.5237    34      164.7543      152.8608  2885520    7.22%
  39372 24334      153.7013    44      164.7543      152.8689  2897547    7.21%
Elapsed time = 907.56 sec. (963579.46 ticks, tree = 40.22 MB, solutions = 12)
  39587 24481      163.2684    56      164.7543      152.8775  2911014    7.21%
  39669 24528      154.8417    44      164.7543      152.8824  2918406    7.21%
  39854 24658      162.3262    49      164.7543      152.8865  2932492    7.20%
  40062 24787      158.6354    35      164.7543      152.8936  2947505    7.20%
  40272 24936      159.6802    47      164.7543      152.8972  2962165    7.20%
  40473 25092      153.4839    53      164.7543      152.9008  2976455    7.19%
  40654 25216      164.4818    32      164.7543      152.9099  2990708    7.19%
  40807 25315      156.3812    57      164.7543      152.9202  3004719    7.18%
  40993 25435      153.0910    77      164.7543      152.9298  3020918    7.18%
  41129 25536      164.5386    73      164.7543      152.9327  3035864    7.18%
Elapsed time = 944.08 sec. (1001976.17 ticks, tree = 41.99 MB, solutions = 12)
  41317 25660      164.3301    26      164.7543      152.9378  3049381    7.17%
  41509 25804      160.2631    40      164.7543      152.9434  3064697    7.17%
  41654 25905      158.6537    48      164.7543      152.9504  3075888    7.16%
  41851 26047      156.1155    76      164.7543      152.9573  3090119    7.16%
  42038 26171      158.2822    49      164.7543      152.9633  3102964    7.16%
  42231 26297      162.8753    46      164.7543      152.9691  3116305    7.15%
  42406 26416      155.5898    90      164.7543      152.9741  3128840    7.15%
  42564 26528      158.8901    53      164.7543      152.9776  3141327    7.15%
  42669 26600      161.4892    62      164.7543      152.9819  3148781    7.15%
  42837 26699      155.0072    66      164.7543      152.9900  3162983    7.14%
Elapsed time = 980.84 sec. (1041285.04 ticks, tree = 43.64 MB, solutions = 12)
  42985 26799      159.5618    44      164.7543      152.9942  3177755    7.14%
  43132 26889      159.4232    36      164.7543      152.9995  3193463    7.13%
  43347 27037      158.7941    51      164.7543      153.0082  3208196    7.13%
  43544 27182      158.7015    67      164.7543      153.0147  3223703    7.13%
  43654 27251      160.7683    64      164.7543      153.0172  3235637    7.12%
  43854 27394      154.0010    79      164.7543      153.0235  3250330    7.12%
  44047 27527      164.2826    26      164.7543      153.0291  3265859    7.12%
  44254 27674      162.2194    17      164.7543      153.0378  3280016    7.11%
  44471 27820      153.0434    47      164.7543      153.0434  3295312    7.11%
  44640 27924      162.0040    45      164.7543      153.0505  3311501    7.10%
Elapsed time = 1018.54 sec. (1079882.67 ticks, tree = 45.52 MB, solutions = 12)
  44726 27984      160.8107    38      164.7543      153.0538  3316703    7.10%
  44879 28082      164.4804    30      164.7543      153.0568  3331546    7.10%
  45057 28184      160.2366    43      164.7543      153.0688  3343603    7.09%
  45209 28288      153.7845    52      164.7543      153.0712  3357656    7.09%
  45370 28406      156.6777    69      164.7543      153.0741  3371308    7.09%
  45525 28524      164.0521    32      164.7543      153.0786  3383454    7.09%
  45688 28630      155.9785    79      164.7543      153.0839  3398128    7.08%
  45855 28743      158.3945    48      164.7543      153.0887  3413271    7.08%
  46028 28838      163.7180    41      164.7543      153.0992  3428043    7.07%
  46192 28946      158.8188    54      164.7543      153.1061  3442754    7.07%
Elapsed time = 1055.60 sec. (1118254.88 ticks, tree = 47.24 MB, solutions = 12)
  46389 29058      159.9589    46      164.7543      153.1115  3457136    7.07%
  46598 29195      162.2539    29      164.7543      153.1191  3472246    7.06%
  46754 29300      162.3759    46      164.7543      153.1255  3483908    7.06%
  46944 29429      159.1819    45      164.7543      153.1303  3499272    7.06%
  47114 29531      164.2904    30      164.7543      153.1386  3514598    7.05%
  47317 29668      159.6082    57      164.7543      153.1536  3528953    7.04%
  47529 29787      163.1861    41      164.7543      153.1561  3543513    7.04%
  47654 29858      155.3241    47      164.7543      153.1646  3557700    7.03%
  47809 29955      161.9494    49      164.7543      153.1758  3572534    7.03%
  47948 30040      158.4690    48      164.7543      153.1814  3585362    7.02%
Elapsed time = 1094.15 sec. (1156853.80 ticks, tree = 49.07 MB, solutions = 12)
  48134 30174      159.7077    39      164.7543      153.1868  3599290    7.02%
  48279 30274      161.3040    44      164.7543      153.1901  3612960    7.02%
  48445 30377      163.0958    32      164.7543      153.2007  3626921    7.01%
  48609 30499      161.7603    37      164.7543      153.2061  3639728    7.01%
  48731 30569      161.5572    38      164.7543      153.2122  3648733    7.01%
  48895 30678      157.7485    51      164.7543      153.2208  3661099    7.00%
  49085 30817      157.0661    83      164.7543      153.2251  3674122    7.00%
  49269 30946      163.6836    32      164.7543      153.2289  3689517    7.00%
  49406 31021      154.5799    69      164.7543      153.2354  3705463    6.99%
  49612 31160      160.1265    36      164.7543      153.2435  3720947    6.99%
Elapsed time = 1132.19 sec. (1195158.55 ticks, tree = 50.73 MB, solutions = 12)
  49705 31232      158.4528    55      164.7543      153.2437  3728554    6.99%
  49845 31317      157.3490    57      164.7543      153.2478  3744343    6.98%
  50085 31494      161.3598    41      164.7543      153.2562  3759326    6.98%
  50270 31609      164.5659    37      164.7543      153.2662  3774601    6.97%
  50507 31776      155.7926    45      164.7543      153.2766  3788068    6.97%
  50637 31881      157.4742    70      164.7543      153.2766  3802175    6.97%
  50815 32019      161.9954    33      164.7543      153.2807  3817237    6.96%
  51018 32144      160.7654    56      164.7543      153.2928  3833523    6.96%
  51229 32282      160.6949    47      164.7543      153.2995  3847752    6.95%
  51430 32406      161.4939    44      164.7543      153.3066  3861373    6.95%
Elapsed time = 1170.65 sec. (1233503.98 ticks, tree = 52.58 MB, solutions = 12)
  51644 32545      160.5493    46      164.7543      153.3147  3874330    6.94%
  51714 32580      160.5130    46      164.7543      153.3173  3880159    6.94%
  51909 32703      159.7081    55      164.7543      153.3249  3892507    6.94%
  52084 32815      162.9788    40      164.7543      153.3285  3906768    6.94%
  52246 32908      161.5132    49      164.7543      153.3328  3921057    6.93%
  52428 33049      163.7404    29      164.7543      153.3328  3936180    6.93%
  52638 33197      161.9358    27      164.7543      153.3352  3951180    6.93%
  52704 33232      153.3391    52      164.7543      153.3366  3956103    6.93%
  52888 33369      164.3357    31      164.7543      153.3418  3971183    6.93%
  53037 33472      164.5548    52      164.7543      153.3432  3986133    6.93%
Elapsed time = 1207.93 sec. (1272106.12 ticks, tree = 55.61 MB, solutions = 12)
  53275 33631      161.3983    28      164.7543      153.3478  4000265    6.92%
  53423 33722      160.4385    45      164.7543      153.3524  4016637    6.92%
  53647 33888      158.8687    51      164.7543      153.3558  4032833    6.92%
  53784 33991      159.9003    34      164.7543      153.3581  4042693    6.92%
  53993 34120      156.3091    49      164.7543      153.3676  4057616    6.91%
  54211 34267      164.6811    33      164.7543      153.3706  4073585    6.91%
  54409 34387      162.9478    27      164.7543      153.3761  4088002    6.91%
  54583 34489      154.8811    62      164.7543      153.3823  4105268    6.90%
* 54654+33579                          164.4287      153.3826             6.72%
* 54754+32833                          164.1768      153.3852             6.57%
* 54754+32020                          163.9305      153.3852             6.43%
  54761 32029      159.4499    48      163.9305      153.3865  4118361    6.43%
  54959 32152      157.8668    56      163.9305      153.3907  4132473    6.43%
Elapsed time = 1245.04 sec. (1310441.48 ticks, tree = 53.68 MB, solutions = 15)
  55155 32271      160.9005    60      163.9305      153.3964  4145382    6.43%
  55394 32441      161.9473    26      163.9305      153.4018  4158796    6.42%
  55584 32574      153.6152    55      163.9305      153.4081  4171656    6.42%
  55742 32683      158.1044    25      163.9305      153.4089  4182244    6.42%
  55928 32803      156.9407    57      163.9305      153.4133  4196591    6.42%
  56107 32910        cutoff            163.9305      153.4192  4210355    6.41%
  56293 33028      160.5433    49      163.9305      153.4251  4225343    6.41%
  56477 33139      157.3618    58      163.9305      153.4346  4238846    6.40%
  56660 33244      158.7764    46      163.9305      153.4398  4254266    6.40%
  56820 33346      154.4762    73      163.9305      153.4447  4267830    6.40%
Elapsed time = 1282.10 sec. (1348886.40 ticks, tree = 55.45 MB, solutions = 15)
  57040 33482      154.8890    56      163.9305      153.4519  4282735    6.39%
  57231 33617      160.2911    38      163.9305      153.4581  4298128    6.39%
  57432 33730      159.0107    38      163.9305      153.4638  4313867    6.38%
  57642 33857      157.2601    45      163.9305      153.4709  4328991    6.38%
  57823 33990      161.9614    55      163.9305      153.4727  4343629    6.38%
  58046 34136      160.4968    41      163.9305      153.4799  4358642    6.38%
  58220 34254      156.6881    52      163.9305      153.4857  4374418    6.37%
  58384 34381      154.9545    61      163.9305      153.4888  4387795    6.37%
  58599 34524      163.5685    30      163.9305      153.4928  4401899    6.37%
  58759 34636      154.6551    74      163.9305      153.4935  4413688    6.37%
Elapsed time = 1319.67 sec. (1387175.05 ticks, tree = 57.36 MB, solutions = 15)
  59007 34807      154.9259    47      163.9305      153.4990  4428045    6.36%
  59199 34945      153.6889    68      163.9305      153.5072  4440613    6.36%
  59379 35056      154.8119    75      163.9305      153.5102  4454400    6.36%
  59558 35167      163.1470    48      163.9305      153.5157  4467202    6.35%
  59758 35279      163.3076    28      163.9305      153.5206  4481864    6.35%
  59932 35395      163.2687    57      163.9305      153.5253  4496473    6.35%
  60136 35527      153.6768    54      163.9305      153.5325  4509594    6.34%
  60323 35644      162.9981    27      163.9305      153.5404  4523346    6.34%
  60536 35792      155.4507    49      163.9305      153.5442  4537438    6.34%
  60654 35868      161.5653    44      163.9305      153.5526  4543453    6.33%
Elapsed time = 1357.32 sec. (1425630.40 ticks, tree = 59.19 MB, solutions = 15)
  60876 36013      163.3864    43      163.9305      153.5618  4558336    6.33%
  61062 36128      160.1870    36      163.9305      153.5675  4574277    6.32%
  61262 36245      162.6879    38      163.9305      153.5763  4588750    6.32%
  61473 36384      163.7384    36      163.9305      153.5814  4602414    6.31%
  61648 36516      162.6676    27      163.9305      153.5846  4617077    6.31%
  61820 36631      153.8436    65      163.9305      153.5902  4629820    6.31%
  62015 36765      158.7714    62      163.9305      153.5948  4644831    6.30%
  62241 36918      161.2607    39      163.9305      153.6002  4659409    6.30%
  62489 37081      162.1849    50      163.9305      153.6047  4674382    6.30%
  62745 37252      158.1000    51      163.9305      153.6094  4688964    6.30%
Elapsed time = 1398.25 sec. (1464016.11 ticks, tree = 61.24 MB, solutions = 15)
  62956 37383      157.8073    53      163.9305      153.6168  4705200    6.29%
  63134 37479      158.7944    48      163.9305      153.6242  4720374    6.29%
  63313 37591      157.6840    52      163.9305      153.6283  4735438    6.28%
  63522 37736      160.6656    39      163.9305      153.6326  4748028    6.28%
  63678 37843      158.7851    54      163.9305      153.6327  4761571    6.28%
  63839 37959      157.0009    85      163.9305      153.6348  4776742    6.28%
  64025 38068      160.7101    39      163.9305      153.6377  4790823    6.28%
  64222 38175      154.0746    71      163.9305      153.6420  4805004    6.28%
  64426 38309      153.9708    59      163.9305      153.6444  4817902    6.27%
  64553 38402      162.8293    44      163.9305      153.6483  4830291    6.27%
Elapsed time = 1437.65 sec. (1502498.05 ticks, tree = 62.94 MB, solutions = 15)
  64663 38457      160.1768    57      163.9305      153.6527  4839701    6.27%
  64890 38592      161.9564    38      163.9305      153.6581  4854015    6.27%
  65102 38731      153.8432   105      163.9305      153.6637  4868410    6.26%
  65302 38866      155.3706    50      163.9305      153.6705  4882621    6.26%
  65531 39032      154.7802    58      163.9305      153.6795  4896897    6.25%
  65740 39173      159.3212    49      163.9305      153.6841  4913585    6.25%
  65969 39324      163.4754    35      163.9305      153.6889  4928412    6.25%
  66208 39490      162.0604    22      163.9305      153.6940  4941888    6.24%
  66436 39647      160.5835    38      163.9305      153.6971  4956151    6.24%
  66640 39788      153.6978    44      163.9305      153.6978  4972875    6.24%
Elapsed time = 1478.53 sec. (1540858.26 ticks, tree = 64.99 MB, solutions = 15)
  66760 39876      158.4776    44      163.9305      153.6995  4981008    6.24%
  66985 40009      161.6640    33      163.9305      153.7073  4996479    6.24%
  67212 40164      154.9040    82      163.9305      153.7119  5012115    6.23%
  67391 40269      161.0953    41      163.9305      153.7159  5029037    6.23%
  67621 40416      160.2906    48      163.9305      153.7241  5044958    6.23%
  67795 40505      162.3635    56      163.9305      153.7309  5060224    6.22%
  68028 40655      157.1997    57      163.9305      153.7398  5073958    6.22%
  68265 40811        cutoff            163.9305      153.7429  5086600    6.21%
  68409 40897      161.6307    37      163.9305      153.7452  5099824    6.21%
  68622 41025      156.7258    48      163.9305      153.7504  5112264    6.21%
Elapsed time = 1518.27 sec. (1579135.98 ticks, tree = 66.82 MB, solutions = 15)
  68755 41106      163.7120    51      163.9305      153.7520  5125183    6.21%
  68912 41196      154.7198    41      163.9305      153.7575  5140736    6.21%
  69119 41327      157.5822    51      163.9305      153.7672  5155496    6.20%
  69284 41424      161.6757    47      163.9305      153.7707  5171625    6.20%
  69462 41540      157.8054    48      163.9305      153.7762  5186436    6.19%
  69641 41649        cutoff            163.9305      153.7841  5201409    6.19%
  69811 41755        cutoff            163.9305      153.7865  5212871    6.19%
  70032 41904      157.0192    50      163.9305      153.7932  5228483    6.18%
  70236 42029        cutoff            163.9305      153.7976  5243345    6.18%
  70451 42176      160.2315    42      163.9305      153.8042  5258180    6.18%
Elapsed time = 1558.68 sec. (1617478.84 ticks, tree = 68.52 MB, solutions = 15)
  70636 42293      154.5138    75      163.9305      153.8065  5272058    6.18%
  70743 42374      162.6981    50      163.9305      153.8065  5282814    6.18%
  70938 42511      159.5409    45      163.9305      153.8108  5297062    6.17%
  71142 42664      157.3971    57      163.9305      153.8142  5312696    6.17%
  71372 42822      163.8774    50      163.9305      153.8173  5326894    6.17%
  71556 42933      157.1613    31      163.9305      153.8236  5341646    6.17%
  71665 43010      158.4194    31      163.9305      153.8255  5351645    6.16%
  71860 43137      159.6726    35      163.9305      153.8304  5367292    6.16%
  72075 43264      156.5317    41      163.9305      153.8350  5382896    6.16%
  72260 43387      157.1976    40      163.9305      153.8399  5396526    6.16%
Elapsed time = 1598.49 sec. (1655729.62 ticks, tree = 70.39 MB, solutions = 15)
  72421 43483      158.8484    63      163.9305      153.8431  5411623    6.15%
* 72613 41143      integral     0      163.4215      153.8474  5422247    5.86%
  72649 41170      161.1012    35      163.4215      153.8480  5425166    5.86%
* 72713+39614                          163.1009      153.8484             5.67%
* 72713+38736                          162.9229      153.8484             5.57%
  72833 38823      161.6151    48      162.9229      153.8502  5436227    5.57%
  73078 38989      159.1272    59      162.9229      153.8597  5449408    5.56%
  73310 39156      161.1939    40      162.9229      153.8642  5462907    5.56%
  73495 39281      161.7857    47      162.9229      153.8707  5476525    5.56%
  73668 39392      154.7193    57      162.9229      153.8756  5486581    5.55%
  73837 39494      158.1016    58      162.9229      153.8786  5501135    5.55%
  74057 39632      157.0377    41      162.9229      153.8824  5515627    5.55%
  74254 39740        cutoff            162.9229      153.8880  5530048    5.55%
Elapsed time = 1638.34 sec. (1693993.85 ticks, tree = 65.04 MB, solutions = 18)
  74415 39828      158.9891    42      162.9229      153.8903  5544219    5.54%
  74617 39931      155.1139    44      162.9229      153.8948  5558570    5.54%
  74809 40073      158.1058    37      162.9229      153.8977  5571925    5.54%
  75055 40230        cutoff            162.9229      153.9020  5586139    5.54%
  75270 40371      157.9679    56      162.9229      153.9103  5601799    5.53%
  75469 40483      158.9296    67      162.9229      153.9145  5617536    5.53%
  75654 40604      162.7442    39      162.9229      153.9202  5631089    5.53%
  75860 40722      159.1707    61      162.9229      153.9224  5646972    5.52%
  76009 40801      159.1971    64      162.9229      153.9264  5664228    5.52%
  76199 40904      153.9346    72      162.9229      153.9335  5680074    5.52%
Elapsed time = 1679.81 sec. (1732918.71 ticks, tree = 66.76 MB, solutions = 18)
  76400 41041      157.1677    42      162.9229      153.9374  5696123    5.52%
  76577 41152      156.9112    59      162.9229      153.9389  5711215    5.51%
  76654 41199      162.1042    46      162.9229      153.9402  5718827    5.51%
  76825 41292      154.2674    95      162.9229      153.9467  5732847    5.51%
  77037 41435      159.9160    59      162.9229      153.9510  5746742    5.51%
  77224 41559      158.0878    43      162.9229      153.9560  5760296    5.50%
  77384 41667      156.3597    67      162.9229      153.9575  5774933    5.50%
  77574 41766      159.8084    41      162.9229      153.9642  5790138    5.50%
  77786 41894      160.0225    34      162.9229      153.9693  5803117    5.50%
  77997 42034      159.3465    53      162.9229      153.9723  5816979    5.49%
Elapsed time = 1720.21 sec. (1771728.29 ticks, tree = 68.51 MB, solutions = 18)
  78236 42184      159.2581    64      162.9229      153.9755  5831116    5.49%
  78432 42291      154.0077    59      162.9229      153.9806  5846263    5.49%
  78595 42388      158.0541    39      162.9229      153.9851  5860573    5.49%
  78730 42490      159.9564    52      162.9229      153.9864  5872715    5.49%
  78934 42611      161.5365    30      162.9229      153.9913  5888760    5.48%
  79096 42701      156.0213    60      162.9229      153.9928  5904029    5.48%
  79218 42792      162.0089    33      162.9229      153.9930  5919258    5.48%
  79436 42935      161.1521    35      162.9229      154.0004  5934504    5.48%
  79650 43080      156.4417    59      162.9229      154.0040  5949650    5.47%
  79778 43164      156.0227    47      162.9229      154.0052  5957761    5.47%
Elapsed time = 1760.12 sec. (1810095.76 ticks, tree = 70.18 MB, solutions = 18)
  79916 43244      162.7275    30      162.9229      154.0073  5974151    5.47%
  80095 43343      158.1847    63      162.9229      154.0137  5989612    5.47%
  80299 43461      162.8327    32      162.9229      154.0176  6004874    5.47%
  80553 43618      156.6650    47      162.9229      154.0217  6019215    5.46%
  80764 43759      160.6599    47      162.9229      154.0254  6034536    5.46%
  81048 43955      155.4415    64      162.9229      154.0317  6048627    5.46%
  81252 44087      155.6575    50      162.9229      154.0355  6064442    5.45%
  81419 44178      158.4226    48      162.9229      154.0396  6078610    5.45%
  81635 44313      161.6707    48      162.9229      154.0462  6092781    5.45%
  81818 44435      155.5791    83      162.9229      154.0498  6106338    5.45%
Elapsed time = 1799.74 sec. (1848399.76 ticks, tree = 72.06 MB, solutions = 18)
  82022 44550      154.6927    59      162.9229      154.0574  6119501    5.44%
  82216 44680      155.0951    45      162.9229      154.0602  6134324    5.44%
  82372 44786      160.8034    43      162.9229      154.0602  6149036    5.44%
  82544 44881      158.7955    44      162.9229      154.0624  6163573    5.44%
  82776 45034      162.3089    39      162.9229      154.0646  6177548    5.44%
  82965 45138      162.4736    49      162.9229      154.0727  6191658    5.43%
  83156 45256      161.5718    52      162.9229      154.0757  6206952    5.43%
  83351 45380      159.5585    49      162.9229      154.0769  6223097    5.43%
  83546 45500      156.6549    50      162.9229      154.0804  6238858    5.43%
  83654 45566      161.6131    37      162.9229      154.0812  6247161    5.43%
Elapsed time = 1839.05 sec. (1886864.26 ticks, tree = 73.73 MB, solutions = 18)
  83833 45661      158.0984    40      162.9229      154.0871  6263073    5.42%
  84012 45758        cutoff            162.9229      154.0923  6277105    5.42%
  84233 45901      155.6376    40      162.9229      154.0982  6292277    5.42%
  84421 46011      159.8958    53      162.9229      154.1034  6308900    5.41%
  84632 46142      160.6994    50      162.9229      154.1081  6325847    5.41%
  84752 46213      156.7177    47      162.9229      154.1092  6335370    5.41%
  84993 46368      158.1497    48      162.9229      154.1148  6349072    5.41%
  85188 46469      157.7685    51      162.9229      154.1196  6364788    5.40%
  85388 46583      155.5743    41      162.9229      154.1244  6381316    5.40%
  85607 46726      158.7777    71      162.9229      154.1302  6396026    5.40%
Elapsed time = 1879.15 sec. (1925162.81 ticks, tree = 75.45 MB, solutions = 18)
  85743 46815      162.7570    30      162.9229      154.1332  6407880    5.40%
  85938 46948      162.4147    42      162.9229      154.1367  6422266    5.39%
  86137 47054        cutoff            162.9229      154.1422  6435685    5.39%
  86327 47163      154.4551    95      162.9229      154.1460  6450601    5.39%
  86496 47262      156.0497    63      162.9229      154.1492  6463946    5.39%
  86665 47373      162.0698    20      162.9229      154.1529  6475873    5.38%
  86860 47493      158.3148    63      162.9229      154.1561  6490668    5.38%
  87055 47585      161.3345    33      162.9229      154.1598  6505291    5.38%
  87221 47696      160.3536    49      162.9229      154.1652  6520278    5.38%
  87487 47858      162.5891    24      162.9229      154.1683  6533360    5.37%
Elapsed time = 1919.21 sec. (1963569.51 ticks, tree = 77.13 MB, solutions = 18)
  87690 47968      154.3863    86      162.9229      154.1721  6546756    5.37%
  87832 48042      154.5005    74      162.9229      154.1758  6561459    5.37%
  88015 48149      158.5345    61      162.9229      154.1787  6576295    5.37%
  88255 48301      156.9434    45      162.9229      154.1841  6590187    5.36%
  88451 48435      156.6970    63      162.9229      154.1905  6605156    5.36%
  88639 48572      162.2547    45      162.9229      154.1952  6620929    5.36%
  88732 48627      159.9695    83      162.9229      154.1967  6629724    5.36%
  88923 48749      158.4696    50      162.9229      154.2006  6645573    5.35%
  89088 48847      160.6583    44      162.9229      154.2043  6662070    5.35%
  89312 49001      156.9202    43      162.9229      154.2109  6676398    5.35%
Elapsed time = 1959.33 sec. (2001910.74 ticks, tree = 78.81 MB, solutions = 18)
  89537 49144      160.5910    27      162.9229      154.2144  6691450    5.35%
  89669 49233        cutoff            162.9229      154.2157  6699262    5.34%
  89849 49339      156.1109    40      162.9229      154.2210  6714361    5.34%
  90042 49459      155.5466    54      162.9229      154.2254  6730094    5.34%
  90276 49614      154.8306    63      162.9229      154.2306  6745501    5.34%
  90502 49766      159.9611    35      162.9229      154.2330  6760361    5.33%
  90667 49876      159.1440    33      162.9229      154.2346  6770939    5.33%
  90859 50000      160.4196    36      162.9229      154.2364  6785416    5.33%
  91045 50112      158.5511    53      162.9229      154.2399  6799639    5.33%
  91245 50228      159.3281    39      162.9229      154.2457  6812965    5.33%
Elapsed time = 1998.92 sec. (2040180.70 ticks, tree = 80.63 MB, solutions = 18)
  91434 50351      157.5433    63      162.9229      154.2486  6827240    5.32%
  91658 50512      156.5087    46      162.9229      154.2507  6840276    5.32%
  91823 50599      159.6096    56      162.9229      154.2556  6855211    5.32%
  91980 50673      159.1097    37      162.9229      154.2600  6868627    5.32%
  92164 50791      156.7793    36      162.9229      154.2658  6882672    5.31%
  92332 50892      156.9682    65      162.9229      154.2691  6896321    5.31%
  92533 51028      156.1518    74      162.9229      154.2732  6910737    5.31%
  92677 51114      157.0507    39      162.9229      154.2770  6923412    5.31%
  92890 51244      157.5708    39      162.9229      154.2797  6939560    5.31%
  93079 51361      159.7823    66      162.9229      154.2844  6955630    5.30%
Elapsed time = 2037.73 sec. (2078564.02 ticks, tree = 82.31 MB, solutions = 18)
  93263 51462      158.5321    37      162.9229      154.2865  6971032    5.30%
  93451 51573      160.2056    37      162.9229      154.2893  6986823    5.30%
  93651 51692      155.7098    81      162.9229      154.2918  7003148    5.30%
  93834 51805      159.5631    47      162.9229      154.2934  7020014    5.30%
  94089 51973      157.4788    38      162.9229      154.2972  7033919    5.29%
  94316 52114      160.2898    40      162.9229      154.3014  7051112    5.29%
  94486 52205      159.3051    53      162.9229      154.3079  7067363    5.29%
  94650 52276      156.1241    49      162.9229      154.3134  7083374    5.28%
  94791 52379      161.8106    71      162.9229      154.3145  7090125    5.28%
  95006 52516      162.5649    51      162.9229      154.3191  7105897    5.28%
Elapsed time = 2073.91 sec. (2116895.21 ticks, tree = 84.16 MB, solutions = 18)
  95211 52629      161.3563    55      162.9229      154.3217  7122026    5.28%
  95363 52714      160.0136    52      162.9229      154.3253  7136779    5.28%
  95525 52802      159.2977    53      162.9229      154.3305  7151576    5.27%
  95716 52928      157.8993    41      162.9229      154.3331  7165610    5.27%
  95889 53021      159.7378    59      162.9229      154.3362  7180532    5.27%
  96042 53111      162.8324    37      162.9229      154.3400  7194917    5.27%
  96233 53211      162.3223    24      162.9229      154.3473  7209378    5.26%
  96458 53327      159.3041    52      162.9229      154.3524  7224008    5.26%
  96659 53448      159.4447    34      162.9229      154.3571  7233629    5.26%
  96891 53598      159.1663    26      162.9229      154.3614  7247394    5.25%
Elapsed time = 2107.09 sec. (2155473.33 ticks, tree = 85.76 MB, solutions = 18)
  97114 53751      160.7823    30      162.9229      154.3651  7261640    5.25%
  97301 53853      161.4409    55      162.9229      154.3678  7276621    5.25%
  97497 53965      159.0467    46      162.9229      154.3707  7292945    5.25%
  97696 54077      156.9347    46      162.9229      154.3728  7306902    5.25%
  97912 54196        cutoff            162.9229      154.3742  7323908    5.25%
  98102 54304      159.1089    61      162.9229      154.3785  7339521    5.24%
  98324 54447      158.2929    43      162.9229      154.3827  7355995    5.24%
  98569 54608      155.0847    53      162.9229      154.3883  7371632    5.24%
  98751 54708      156.0360    49      162.9229      154.3918  7384973    5.24%
  98988 54834      154.4164    66      162.9229      154.3957  7399598    5.23%
Elapsed time = 2139.81 sec. (2193746.09 ticks, tree = 87.59 MB, solutions = 18)
  99177 54940      155.5056    69      162.9229      154.3989  7415120    5.23%
  99386 55043      161.7958    39      162.9229      154.4034  7429799    5.23%
  99588 55182      159.7454    40      162.9229      154.4072  7445818    5.23%
  99725 55263        cutoff            162.9229      154.4088  7454458    5.23%
  99973 55410      154.7706    40      162.9229      154.4154  7469883    5.22%
 100177 55532      158.4194    34      162.9229      154.4187  7485261    5.22%
 100391 55648      154.4440    50      162.9229      154.4220  7500765    5.22%
 100597 55773      156.4967    38      162.9229      154.4250  7513609    5.22%
 100707 55817      158.6534    45      162.9229      154.4273  7526302    5.21%
 100948 55955      161.3849    32      162.9229      154.4322  7539649    5.21%
Elapsed time = 2172.48 sec. (2232035.46 ticks, tree = 89.67 MB, solutions = 18)
 101133 56060      158.4500    25      162.9229      154.4366  7553684    5.21%
 101329 56183      162.8448    45      162.9229      154.4395  7567063    5.21%
 101494 56286      162.1968    54      162.9229      154.4442  7581997    5.20%
 101677 56385      160.8468    28      162.9229      154.4480  7594789    5.20%
 101866 56485      162.2398    43      162.9229      154.4534  7608896    5.20%
 102042 56585      161.8477    53      162.9229      154.4577  7622457    5.20%
 102240 56699      157.6400    66      162.9229      154.4621  7637724    5.19%
 102451 56823      161.6329    51      162.9229      154.4663  7652927    5.19%
 102642 56937      159.3830    25      162.9229      154.4707  7668750    5.19%
 102874 57102      156.2391    49      162.9229      154.4740  7684459    5.19%
Elapsed time = 2204.96 sec. (2270353.27 ticks, tree = 91.37 MB, solutions = 18)
 103049 57209      154.9160    75      162.9229      154.4776  7699264    5.18%
 103224 57307      158.1748    56      162.9229      154.4817  7715453    5.18%
 103465 57458      162.6107    53      162.9229      154.4866  7730886    5.18%
 103654 57557      156.4288    62      162.9229      154.4893  7746746    5.18%
 103854 57672      158.4767    39      162.9229      154.4948  7761953    5.17%
 104073 57796      159.7760    53      162.9229      154.5051  7777736    5.17%
 104288 57939      162.4635    46      162.9229      154.5093  7793459    5.16%
 104509 58067      157.6812    88      162.9229      154.5129  7809848    5.16%
 104697 58183      154.8663    44      162.9229      154.5177  7821887    5.16%
 104923 58330      155.2153    61      162.9229      154.5182  7837453    5.16%
Elapsed time = 2239.00 sec. (2310067.33 ticks, tree = 93.18 MB, solutions = 18)
 105140 58430        cutoff            162.9229      154.5227  7852968    5.16%
 105327 58536      157.3875    62      162.9229      154.5271  7867496    5.15%
 105504 58667      161.5127    41      162.9229      154.5286  7882846    5.15%
 105689 58782        cutoff            162.9229      154.5317  7897181    5.15%
 105900 58927      157.1754    53      162.9229      154.5346  7911425    5.15%
 106101 59048      157.7364    83      162.9229      154.5397  7926363    5.15%
 106284 59145      162.9171    65      162.9229      154.5441  7940612    5.14%
 106521 59302      160.4891    32      162.9229      154.5465  7954197    5.14%
 106671 59377      162.7664    40      162.9229      154.5495  7965865    5.14%
 106874 59511      160.5350    42      162.9229      154.5550  7979459    5.14%
Elapsed time = 2271.57 sec. (2348395.74 ticks, tree = 94.93 MB, solutions = 18)
 107023 59594      162.5515    40      162.9229      154.5577  7992771    5.13%
 107253 59754      159.6783    44      162.9229      154.5607  8006275    5.13%
 107458 59886      159.7901    60      162.9229      154.5630  8020374    5.13%
 107710 60031      162.4770    58      162.9229      154.5685  8035550    5.13%
 107943 60192      158.0798    42      162.9229      154.5727  8050113    5.13%
 108136 60308      155.8707    63      162.9229      154.5768  8065839    5.12%
 108383 60455      159.7228    53      162.9229      154.5812  8080512    5.12%
 108586 60577        cutoff            162.9229      154.5844  8095624    5.12%
 108700 60663        cutoff            162.9229      154.5855  8103231    5.12%
 108920 60799      162.5805    40      162.9229      154.5893  8118259    5.12%
Elapsed time = 2303.89 sec. (2386646.17 ticks, tree = 96.84 MB, solutions = 18)
 109161 60974      161.7638    43      162.9229      154.5919  8133455    5.11%
 109312 61066      155.1792    70      162.9229      154.5967  8144474    5.11%
 109512 61160      155.4589    63      162.9229      154.6012  8160738    5.11%
 109713 61293      160.0379    51      162.9229      154.6049  8174273    5.11%
 109958 61441        cutoff            162.9229      154.6086  8188703    5.10%
 110195 61609      161.3593    37      162.9229      154.6103  8202996    5.10%
 110454 61792      155.3097    64      162.9229      154.6143  8217185    5.10%
 110654 61922      156.7526    39      162.9229      154.6177  8229158    5.10%
 110880 62080      160.9786    24      162.9229      154.6198  8243293    5.10%
 111118 62228      159.2697    50      162.9229      154.6236  8259371    5.09%
Elapsed time = 2336.83 sec. (2425347.19 ticks, tree = 98.96 MB, solutions = 18)
 111353 62374      162.7296    37      162.9229      154.6264  8274444    5.09%
 111564 62504      155.4765    60      162.9229      154.6295  8286022    5.09%
 111744 62622      154.7333    98      162.9229      154.6319  8299928    5.09%
 111916 62702      156.1985    59      162.9229      154.6369  8314437    5.09%
 112146 62848      154.9576    63      162.9229      154.6401  8328085    5.08%
 112353 62985      161.6356    55      162.9229      154.6415  8343466    5.08%
 112547 63098      154.7530    46      162.9229      154.6459  8358725    5.08%
 112704 63210      154.9687    49      162.9229      154.6479  8369175    5.08%
 112940 63359      157.3621    41      162.9229      154.6510  8383304    5.08%
 113124 63473      159.2914    39      162.9229      154.6535  8397651    5.08%
Elapsed time = 2368.93 sec. (2463728.28 ticks, tree = 100.80 MB, solutions = 18)
 113321 63585      161.8541    45      162.9229      154.6567  8412896    5.07%
 113476 63686      161.9802    36      162.9229      154.6573  8427471    5.07%
 113689 63834      159.3856    37      162.9229      154.6589  8442564    5.07%
 113934 64000      155.5068    62      162.9229      154.6622  8456574    5.07%
 114144 64128      161.9351    30      162.9229      154.6654  8473325    5.07%
 114352 64240      157.5227    59      162.9229      154.6692  8488634    5.07%
 114570 64370      155.1625    61      162.9229      154.6723  8502440    5.06%
 114810 64519      160.1728    42      162.9229      154.6753  8517239    5.06%
 115054 64677      158.9298    28      162.9229      154.6791  8531503    5.06%
 115252 64785      157.3446    42      162.9229      154.6844  8545571    5.06%
Elapsed time = 2403.29 sec. (2502101.94 ticks, tree = 102.74 MB, solutions = 18)
 115509 64962      159.5851    38      162.9229      154.6869  8559475    5.06%
 115737 65101        cutoff            162.9229      154.6900  8574143    5.05%
 115964 65266      159.8351    35      162.9229      154.6927  8589226    5.05%
 116174 65396      158.5679    42      162.9229      154.6959  8604442    5.05%
 116367 65524      162.1845    29      162.9229      154.6976  8620273    5.05%
 116562 65662      157.3197    51      162.9229      154.7004  8633603    5.05%
 116734 65764      156.6170    44      162.9229      154.7015  8647125    5.05%
 116962 65894      159.8652    46      162.9229      154.7080  8663444    5.04%
 117187 66046      162.0745    66      162.9229      154.7112  8677011    5.04%
 117389 66170      161.2480    43      162.9229      154.7140  8691848    5.04%
Elapsed time = 2437.66 sec. (2540363.62 ticks, tree = 107.63 MB, solutions = 18)
 117613 66314      162.0559    37      162.9229      154.7163  8704924    5.04%
 117803 66448      158.4553    43      162.9229      154.7183  8718192    5.04%
 118041 66611      155.2221    59      162.9229      154.7214  8731334    5.03%
 118219 66706      154.7241    61      162.9229      154.7241  8745340    5.03%
 118450 66856      160.6509    34      162.9229      154.7262  8758247    5.03%
 118654 66993      156.4380    54      162.9229      154.7279  8769574    5.03%
 118850 67121      157.5864    28      162.9229      154.7323  8784921    5.03%
 119042 67241      156.0339    53      162.9229      154.7343  8796918    5.03%
 119249 67367      162.8954    43      162.9229      154.7369  8810461    5.02%
 119400 67434      160.3135    56      162.9229      154.7420  8825483    5.02%
Elapsed time = 2471.63 sec. (2579887.47 ticks, tree = 109.50 MB, solutions = 18)
 119624 67567        cutoff            162.9229      154.7448  8840279    5.02%
 119718 67620      159.3078    84      162.9229      154.7458  8848752    5.02%
 119903 67731      159.9652    31      162.9229      154.7491  8862430    5.02%
 120125 67882      155.2373    79      162.9229      154.7520  8877454    5.02%
 120332 68015      162.8380    33      162.9229      154.7538  8893166    5.01%
 120581 68155        cutoff            162.9229      154.7567  8906939    5.01%
 120807 68294      155.8422    57      162.9229      154.7614  8920423    5.01%
 120968 68412      162.5097    40      162.9229      154.7616  8935024    5.01%
 121182 68553      156.6529    21      162.9229      154.7626  8948679    5.01%
 121361 68655      161.1651    47      162.9229      154.7640  8964332    5.01%
Elapsed time = 2504.49 sec. (2618162.52 ticks, tree = 111.30 MB, solutions = 18)
 121585 68794      161.9578    54      162.9229      154.7679  8980206    5.01%
 121707 68865      155.7044    74      162.9229      154.7698  8989617    5.00%
 121952 69021      157.9245    35      162.9229      154.7711  9004928    5.00%
 122163 69153      162.7354    36      162.9229      154.7745  9020810    5.00%
 122390 69269      156.0646    73      162.9229      154.7772  9036104    5.00%
 122625 69403        cutoff            162.9229      154.7819  9050655    5.00%
 122820 69526      155.3868    43      162.9229      154.7841  9065816    5.00%
 123037 69649      158.4583    47      162.9229      154.7861  9080153    4.99%
 123217 69748      156.7099    50      162.9229      154.7897  9094335    4.99%
 123433 69897      156.4158    39      162.9229      154.7913  9109368    4.99%
Elapsed time = 2537.38 sec. (2656448.92 ticks, tree = 113.14 MB, solutions = 18)
 123652 70033        cutoff            162.9229      154.7937  9123763    4.99%
 123864 70163      155.6656    33      162.9229      154.7960  9138047    4.99%
 124095 70292      156.1401    53      162.9229      154.7985  9152000    4.99%
 124323 70428      162.7640    34      162.9229      154.8022  9166087    4.98%
 124504 70548      155.4456    64      162.9229      154.8034  9180345    4.98%
 124654 70642      160.9519    43      162.9229      154.8045  9188661    4.98%
 124867 70764      160.2062    45      162.9229      154.8068  9202416    4.98%
 125099 70906      158.0396    31      162.9229      154.8097  9215594    4.98%
 125300 71032      161.2522    26      162.9229      154.8127  9228028    4.98%
 125507 71177      162.8793    43      162.9229      154.8149  9241542    4.98%
Elapsed time = 2571.48 sec. (2695559.00 ticks, tree = 114.97 MB, solutions = 18)
 125715 71301      159.0006    54      162.9229      154.8169  9255686    4.98%
 125935 71449      162.6752    48      162.9229      154.8176  9270519    4.97%
 126212 71652      162.3559    27      162.9229      154.8188  9285510    4.97%
 126370 71728      157.1840    33      162.9229      154.8232  9301381    4.97%
 126556 71818      159.1990    48      162.9229      154.8271  9315975    4.97%
 126774 71958      161.4386    40      162.9229      154.8300  9331274    4.97%
 127039 72135      160.5430    33      162.9229      154.8330  9345480    4.97%
 127272 72275      160.6507    39      162.9229      154.8356  9359639    4.96%
 127492 72412      159.6179    73      162.9229      154.8369  9375800    4.96%
 127647 72496      155.1236    39      162.9229      154.8396  9391216    4.96%
Elapsed time = 2605.23 sec. (2733923.18 ticks, tree = 116.92 MB, solutions = 18)
 127851 72623      161.9804    37      162.9229      154.8410  9407881    4.96%
 128089 72784      158.1813    48      162.9229      154.8439  9422549    4.96%
 128269 72883      161.7987    41      162.9229      154.8460  9439094    4.96%
 128483 73012      158.5052    27      162.9229      154.8476  9453494    4.96%
 128717 73151      162.2781    63      162.9229      154.8509  9467866    4.95%
 128955 73276      160.8503    33      162.9229      154.8534  9483705    4.95%
 129179 73403      160.8500    46      162.9229      154.8573  9499611    4.95%
 129376 73516      162.0616    35      162.9229      154.8599  9513966    4.95%
 129531 73589      155.0136    50      162.9229      154.8611  9529061    4.95%
 129728 73709      156.9940    42      162.9229      154.8627  9543245    4.95%
Elapsed time = 2638.74 sec. (2772260.42 ticks, tree = 118.72 MB, solutions = 18)
 129896 73812      156.3926    33      162.9229      154.8649  9557798    4.95%
 130094 73926      158.5079    22      162.9229      154.8668  9571482    4.94%
 130312 74069      155.5265    33      162.9229      154.8684  9585392    4.94%
 130547 74235      157.2123    35      162.9229      154.8706  9599342    4.94%
 130705 74331        cutoff            162.9229      154.8737  9610030    4.94%
 130920 74464      159.3078    57      162.9229      154.8767  9624760    4.94%
 131127 74587      157.4021    23      162.9229      154.8791  9638298    4.94%
 131338 74705      155.2866    45      162.9229      154.8827  9653022    4.93%
 131543 74845      161.9552    52      162.9229      154.8845  9665418    4.93%
 131668 74912      160.7217    53      162.9229      154.8872  9674420    4.93%
Elapsed time = 2670.88 sec. (2810518.46 ticks, tree = 120.50 MB, solutions = 18)
 131871 75011      158.9056    62      162.9229      154.8901  9688579    4.93%
 132102 75147      161.5567    53      162.9229      154.8919  9703771    4.93%
 132304 75252      162.3882    35      162.9229      154.8946  9718656    4.93%
 132525 75393      161.1833    70      162.9229      154.8963  9732887    4.93%
 132743 75517      162.4497    57      162.9229      154.8989  9748222    4.93%
 132959 75680      162.6911    37      162.9229      154.9003  9763783    4.92%
 133196 75819      159.5226    54      162.9229      154.9034  9779195    4.92%
 133400 75941      160.5642    35      162.9229      154.9045  9793571    4.92%
 133624 76059      158.2840    39      162.9229      154.9067  9809279    4.92%
 133804 76153      160.7633    52      162.9229      154.9082  9822730    4.92%
Elapsed time = 2703.77 sec. (2848880.80 ticks, tree = 122.34 MB, solutions = 18)
 134026 76287        cutoff            162.9229      154.9110  9837209    4.92%
 134213 76403      162.8705    21      162.9229      154.9142  9853749    4.92%
 134442 76538      155.7221    43      162.9229      154.9158  9868211    4.91%
 134613 76622      155.9371    37      162.9229      154.9183  9884407    4.91%
 134742 76697      160.5716    60      162.9229      154.9197  9893360    4.91%
 135000 76858      156.0302    49      162.9229      154.9211  9908233    4.91%
 135226 76985      156.7513    58      162.9229      154.9235  9922712    4.91%
 135466 77141      158.2879    25      162.9229      154.9268  9936400    4.91%
 135654 77262      161.5761    33      162.9229      154.9293  9949813    4.91%
 135890 77425      158.8598    49      162.9229      154.9309  9963778    4.91%
Elapsed time = 2736.81 sec. (2887180.23 ticks, tree = 124.22 MB, solutions = 18)
 136088 77565      155.6833    57      162.9229      154.9318  9979082    4.90%
 136257 77664      161.8993    33      162.9229      154.9342  9994335    4.90%
 136448 77762      157.6099    48      162.9229      154.9371 10009694    4.90%
 136671 77891      162.7684    27      162.9229      154.9399 10023127    4.90%
 136888 78030      157.3773    39      162.9229      154.9411 10037222    4.90%
 137117 78181      157.6305    60      162.9229      154.9423 10050602    4.90%
 137321 78316      158.9184    29      162.9229      154.9444 10064781    4.90%
 137523 78410      159.2230    60      162.9229      154.9474 10078113    4.90%
 137699 78518      159.4609    30      162.9229      154.9499 10091014    4.89%
 137912 78656      156.5037    46      162.9229      154.9515 10104985    4.89%
Elapsed time = 2769.62 sec. (2925524.82 ticks, tree = 126.04 MB, solutions = 18)
 138130 78789      156.1646    29      162.9229      154.9537 10119756    4.89%
 138370 78948      162.7923    56      162.9229      154.9557 10133565    4.89%
 138618 79091      157.5346    43      162.9229      154.9592 10148746    4.89%
 138817 79202      156.0280    72      162.9229      154.9623 10162698    4.89%
 139041 79364      155.2060    60      162.9229      154.9634 10176682    4.89%
 139246 79487      161.2570    31      162.9229      154.9649 10190317    4.88%
 139464 79624      155.4541    63      162.9229      154.9669 10205103    4.88%
 139677 79750      156.2568    59      162.9229      154.9695 10219648    4.88%
 139943 79939      157.2561    49      162.9229      154.9707 10232076    4.88%
 140210 80112      162.4527    40      162.9229      154.9723 10245618    4.88%
Elapsed time = 2802.79 sec. (2963832.96 ticks, tree = 128.20 MB, solutions = 18)
 140440 80262      155.9518    41      162.9229      154.9740 10259825    4.88%
 140654 80409      161.8335    39      162.9229      154.9743 10275888    4.88%
 140866 80540      156.0358    31      162.9229      154.9755 10292652    4.88%
 141107 80695      160.9570    32      162.9229      154.9766 10306822    4.88%
 141287 80801      154.9773    49      162.9229      154.9773 10322601    4.88%
 141463 80906      161.9786    26      162.9229      154.9778 10339656    4.88%
 141636 81022      155.2166    67      162.9229      154.9792 10353829    4.88%
 141822 81118      159.8304    46      162.9229      154.9804 10368849    4.87%
 142014 81244      158.0619    37      162.9229      154.9816 10382932    4.87%
 142228 81361      155.6233    55      162.9229      154.9850 10396083    4.87%
Elapsed time = 2837.11 sec. (3003646.54 ticks, tree = 130.04 MB, solutions = 18)
 142444 81493      154.9899    42      162.9229      154.9876 10409482    4.87%
 142616 81580      155.8322    55      162.9229      154.9892 10423332    4.87%
 142801 81693      158.0862    57      162.9229      154.9905 10437704    4.87%
 142963 81793      161.5165    29      162.9229      154.9927 10452826    4.87%
 143149 81900      155.4921    58      162.9229      154.9952 10467180    4.87%
 143362 82015      158.1543    37      162.9229      154.9973 10481607    4.86%
 143538 82115      162.7162    32      162.9229      154.9995 10496485    4.86%
 143713 82204      159.6934    56      162.9229      155.0018 10507835    4.86%
 143931 82343      157.8992    38      162.9229      155.0031 10521605    4.86%
 144072 82426      156.4773    66      162.9229      155.0040 10536271    4.86%
Elapsed time = 2869.94 sec. (3042099.94 ticks, tree = 131.62 MB, solutions = 18)
 144248 82524      155.7066    69      162.9229      155.0057 10550609    4.86%
 144424 82633      155.6108    66      162.9229      155.0067 10566986    4.86%
 144601 82748      157.7258    49      162.9229      155.0086 10583418    4.86%
 144719 82815      157.6081    58      162.9229      155.0098 10592561    4.86%
 144913 82925      158.3479    47      162.9229      155.0122 10608008    4.86%
 145114 83066      160.0075    46      162.9229      155.0136 10622205    4.85%
 145349 83208      162.7986    29      162.9229      155.0161 10635937    4.85%
 145545 83307      160.8685    36      162.9229      155.0187 10651478    4.85%
 145702 83390      157.6995    48      162.9229      155.0204 10664742    4.85%
 145872 83485      159.7414    50      162.9229      155.0225 10680686    4.85%
Elapsed time = 2903.16 sec. (3080500.96 ticks, tree = 133.19 MB, solutions = 18)
 146059 83595      156.4285    54      162.9229      155.0240 10695234    4.85%
 146283 83746      161.3842    18      162.9229      155.0262 10709595    4.85%
 146496 83871      159.6751    61      162.9229      155.0280 10725350    4.85%
 146656 83960      162.2097    31      162.9229      155.0292 10741506    4.85%
 146914 84120      155.8575    35      162.9229      155.0310 10755357    4.84%
 147105 84216      156.0317    41      162.9229      155.0341 10771162    4.84%
 147329 84354      160.5526    31      162.9229      155.0380 10784667    4.84%
 147546 84474      155.3321    47      162.9229      155.0407 10798799    4.84%
 147675 84546      162.6265    30      162.9229      155.0420 10806232    4.84%
 147855 84635      155.0535    38      162.9229      155.0450 10822586    4.84%
Elapsed time = 2936.24 sec. (3118793.77 ticks, tree = 134.89 MB, solutions = 18)
 148049 84733      156.7542    60      162.9229      155.0469 10837776    4.83%
 148270 84891      158.3974    41      162.9229      155.0479 10849506    4.83%
 148480 85029      160.3687    34      162.9229      155.0499 10863521    4.83%
 148676 85177      159.8388    58      162.9229      155.0505 10876369    4.83%
 148854 85271      158.3880    37      162.9229      155.0522 10889805    4.83%
 149094 85434      159.6109    45      162.9229      155.0540 10902714    4.83%
 149290 85541      160.3594    39      162.9229      155.0578 10917030    4.83%
 149574 85733        cutoff            162.9229      155.0590 10929993    4.83%
 149711 85823      161.4872    61      162.9229      155.0604 10941786    4.83%
 149865 85910      161.8280    36      162.9229      155.0619 10958323    4.83%
Elapsed time = 2968.99 sec. (3157189.67 ticks, tree = 136.78 MB, solutions = 18)
 150061 86004      161.2811    43      162.9229      155.0631 10972963    4.82%
 150301 86146      155.6484    38      162.9229      155.0651 10987073    4.82%
 150503 86277      161.2773    44      162.9229      155.0664 11002265    4.82%
 150654 86333      158.5507    46      162.9229      155.0681 11015455    4.82%
 150860 86454      160.4189    34      162.9229      155.0706 11029008    4.82%
 151035 86584      160.2890    21      162.9229      155.0709 11042707    4.82%
 151203 86688      158.6277    58      162.9229      155.0722 11058849    4.82%
 151398 86798      162.1898    45      162.9229      155.0741 11073219    4.82%
 151597 86906      158.3938    37      162.9229      155.0761 11088380    4.82%
 151804 87033      162.0867    39      162.9229      155.0770 11100163    4.82%
Elapsed time = 3002.68 sec. (3196520.02 ticks, tree = 138.44 MB, solutions = 18)
 152006 87157      155.3965    67      162.9229      155.0787 11116068    4.81%
 152250 87299      162.5786    47      162.9229      155.0812 11131305    4.81%
 152507 87472      155.6931    39      162.9229      155.0838 11145913    4.81%
 152705 87596      159.1018    45      162.9229      155.0854 11160750    4.81%
 152928 87749      160.0215    31      162.9229      155.0869 11175576    4.81%
 153155 87891      159.9581    26      162.9229      155.0900 11189898    4.81%
 153372 88015      157.5430    45      162.9229      155.0937 11204659    4.81%
 153573 88141      157.2455    61      162.9229      155.0953 11218797    4.80%
 153769 88261        cutoff            162.9229      155.0960 11234648    4.80%
 153992 88390      156.2439    79      162.9229      155.0991 11248807    4.80%
Elapsed time = 3035.94 sec. (3234800.41 ticks, tree = 140.45 MB, solutions = 18)
 154184 88510      162.3896    35      162.9229      155.1013 11263420    4.80%
 154403 88641      156.9968    46      162.9229      155.1038 11277632    4.80%
 154635 88791      159.8315    51      162.9229      155.1076 11292265    4.80%
 154849 88923      159.0299    31      162.9229      155.1100 11307342    4.80%
 155057 89056      161.6975    28      162.9229      155.1113 11320060    4.79%
 155191 89126      160.0021    54      162.9229      155.1125 11334771    4.79%
 155370 89238      161.7716    31      162.9229      155.1138 11349988    4.79%
 155559 89340      159.8043    61      162.9229      155.1158 11363993    4.79%
 155814 89506      162.2347    48      162.9229      155.1174 11375984    4.79%
 155983 89603      155.1190    58      162.9229      155.1190 11391274    4.79%
Elapsed time = 3068.97 sec. (3273144.35 ticks, tree = 142.25 MB, solutions = 18)
 156258 89768      156.1776    32      162.9229      155.1219 11404475    4.79%
 156467 89896      156.7176    62      162.9229      155.1237 11419345    4.79%
 156676 90037      157.8517    50      162.9229      155.1248 11433187    4.79%
 156871 90136      155.1262    52      162.9229      155.1262 11448272    4.79%
 157031 90206      156.6601    35      162.9229      155.1279 11463321    4.78%
 157276 90344      160.4396    26      162.9229      155.1312 11476441    4.78%
 157503 90488      156.0280    56      162.9229      155.1329 11490539    4.78%
 157670 90555      162.3713    38      162.9229      155.1342 11503713    4.78%
 157854 90658      158.4649    43      162.9229      155.1369 11517774    4.78%
 158061 90759      159.5950    57      162.9229      155.1392 11534094    4.78%
Elapsed time = 3134.28 sec. (3311717.02 ticks, tree = 143.96 MB, solutions = 18)
 158260 90895      159.0733    62      162.9229      155.1410 11547991    4.78%
 158464 91016      155.9029    64      162.9229      155.1425 11563604    4.78%
 158637 91120      161.6465    50      162.9229      155.1431 11580564    4.78%
 158797 91216      162.8410    57      162.9229      155.1437 11591365    4.77%
 159018 91346        cutoff            162.9229      155.1453 11605061    4.77%
 159248 91483      156.1057    72      162.9229      155.1475 11619996    4.77%
 159439 91597      162.5855    28      162.9229      155.1500 11634618    4.77%
 159654 91744      160.2872    32      162.9229      155.1515 11648870    4.77%
 159891 91896        cutoff            162.9229      155.1527 11663161    4.77%
 160104 92018      160.7170    50      162.9229      155.1550 11678450    4.77%
Elapsed time = 3194.60 sec. (3350333.28 ticks, tree = 145.82 MB, solutions = 18)
 160284 92117      161.9190    29      162.9229      155.1580 11693207    4.77%
 160488 92230      155.8899    42      162.9229      155.1601 11707537    4.76%
 160710 92370      160.0591    23      162.9229      155.1614 11722164    4.76%
 160897 92480      160.9550    41      162.9229      155.1637 11738025    4.76%
 161100 92584      160.5465    46      162.9229      155.1652 11752633    4.76%
 161302 92702      162.2459    64      162.9229      155.1669 11768308    4.76%
 161517 92827      155.6749    69      162.9229      155.1696 11783766    4.76%
 161654 92895      158.9679    47      162.9229      155.1717 11793943    4.76%
 161849 93022      162.6615    53      162.9229      155.1733 11807080    4.76%
 162055 93132      157.0832    44      162.9229      155.1762 11820427    4.75%
Elapsed time = 3234.11 sec. (3389489.80 ticks, tree = 147.48 MB, solutions = 18)
 162271 93263      158.3134    50      162.9229      155.1787 11833892    4.75%
 162454 93347      162.6830    33      162.9229      155.1808 11848034    4.75%
 162592 93440      160.3988    27      162.9229      155.1822 11855890    4.75%
 162663 93490      160.0012    32      162.9229      155.1825 11861016    4.75%
 162851 93594      162.5063    51      162.9229      155.1850 11873557    4.75%
 162912 93617      159.0680    44      162.9229      155.1858 11878082    4.75%
*162954+93227                          162.9039      155.1859             4.74%
 162995 93253      155.4467    41      162.9039      155.1859 11882652    4.74%
 163054 93293      162.0754    35      162.9039      155.1864 11886513    4.74%
 163154 93346      162.7704    23      162.9039      155.1868 11895379    4.74%
 163254 93414      157.5227    28      162.9039      155.1880 11902156    4.74%
Elapsed time = 3280.51 sec. (3433779.84 ticks, tree = 147.90 MB, solutions = 19)
 163362 93478      157.4416    35      162.9039      155.1892 11908910    4.74%
 163454 93532      158.7376    46      162.9039      155.1899 11914816    4.74%
 163554 93595      162.7499    32      162.9039      155.1903 11925603    4.74%
 163654 93666      160.3149    20      162.9039      155.1912 11930501    4.73%
 163754 93728      160.4684    43      162.9039      155.1924 11937709    4.73%
 163854 93788      158.4226    40      162.9039      155.1930 11944311    4.73%
 164020 93876      155.9282    33      162.9039      155.1961 11958192    4.73%
 164221 94001      159.9301    40      162.9039      155.1977 11972078    4.73%
 164254 94018      155.2236    54      162.9039      155.1979 11974348    4.73%
 164354 94091      159.2065    50      162.9039      155.1985 11983606    4.73%
Elapsed time = 3340.04 sec. (3493391.57 ticks, tree = 148.90 MB, solutions = 19)
 164547 94204      156.3975    57      162.9039      155.1993 11998804    4.73%
 164554 94211      158.5077    35      162.9039      155.1993 11999331    4.73%
 164677 94290      155.5909    42      162.9039      155.2017 12009038    4.73%
 164812 94367        cutoff            162.9039      155.2024 12019097    4.73%
 164880 94396      159.0150    46      162.9039      155.2030 12026000    4.73%
 164954 94440      155.8636    30      162.9039      155.2033 12029746    4.73%
 165054 94502      155.6319    34      162.9039      155.2042 12034275    4.73%
 165154 94547      155.5106    64      162.9039      155.2056 12042528    4.73%
 165254 94612      159.9952    32      162.9039      155.2063 12052923    4.73%
 165354 94686      162.5468    27      162.9039      155.2073 12058327    4.72%
Elapsed time = 3396.50 sec. (3550553.50 ticks, tree = 149.79 MB, solutions = 19)
 165454 94747      160.1922    48      162.9039      155.2076 12065259    4.72%
 165554 94809      157.3475    44      162.9039      155.2081 12075994    4.72%
 165654 94858      157.5029    58      162.9039      155.2091 12083879    4.72%
 165754 94915      161.7889    17      162.9039      155.2102 12093514    4.72%
 165854 94980      161.7002    65      162.9039      155.2109 12105347    4.72%
 165954 95040      160.2312    18      162.9039      155.2113 12114816    4.72%
 166154 95145      156.7098    29      162.9039      155.2147 12128761    4.72%
 166354 95248      162.2409    33      162.9039      155.2153 12144937    4.72%
 166551 95366      155.2432    43      162.9039      155.2167 12160009    4.72%
 166560 95375      160.6347    30      162.9039      155.2167 12160879    4.72%
Elapsed time = 3462.96 sec. (3617761.85 ticks, tree = 150.67 MB, solutions = 19)
 166654 95432      155.8442    54      162.9039      155.2181 12167409    4.72%
 166754 95507      160.3627    20      162.9039      155.2189 12173612    4.72%
 166854 95572      156.9612    46      162.9039      155.2197 12180029    4.72%
 166954 95629      159.9437    52      162.9039      155.2206 12187703    4.72%
 167152 95755      157.8002    77      162.9039      155.2216 12203399    4.72%
 167176 95765      157.2987    64      162.9039      155.2221 12206345    4.72%
 167354 95883      161.7241    45      162.9039      155.2232 12217109    4.71%
 167554 95995      162.8646    16      162.9039      155.2263 12228234    4.71%
 167654 96054      162.0867    39      162.9039      155.2277 12235591    4.71%
 167790 96140      161.0171    30      162.9039      155.2288 12245333    4.71%
Elapsed time = 3521.41 sec. (3674893.79 ticks, tree = 152.02 MB, solutions = 19)
 167854 96177      155.7658    48      162.9039      155.2291 12250515    4.71%
 168054 96299      160.5998    30      162.9039      155.2310 12265911    4.71%
 168154 96350      160.4656    43      162.9039      155.2317 12274346    4.71%
 168254 96409      158.8432    52      162.9039      155.2320 12281192    4.71%
 168354 96478      156.6590    51      162.9039      155.2325 12288589    4.71%
 168454 96533      162.2346    34      162.9039      155.2341 12294550    4.71%
 168654 96660      155.4615    54      162.9039      155.2366 12307180    4.71%
 168754 96716      155.4933    40      162.9039      155.2372 12313160    4.71%
 168854 96774      155.8543    41      162.9039      155.2386 12320511    4.71%
 169254 97023      155.6933    57      162.9039      155.2422 12350706    4.70%
Elapsed time = 3598.70 sec. (3748829.77 ticks, tree = 153.33 MB, solutions = 19)

Cover cuts applied:  35
Implied bound cuts applied:  20
Flow cuts applied:  25
Mixed integer rounding cuts applied:  486
Zero-half cuts applied:  2
Lift and project cuts applied:  7
Gomory fractional cuts applied:  5

Root node processing (before b&c):
  Real time             =    9.71 sec. (7862.90 ticks)
Sequential b&c:
  Real time             = 3590.29 sec. (3742874.70 ticks)
                          ------------
Total (root+branch&cut) = 3600.00 sec. (3750737.60 ticks)
