Version identifier: 22.1.0.0 | 2022-03-09 | 1a383f8ce
CPXPARAM_Read_DataCheck                          1
CPXPARAM_Threads                                 1
CPXPARAM_TimeLimit                               3600
Tried aggregator 2 times.
MIP Presolve eliminated 3325 rows and 196 columns.
MIP Presolve modified 30265 coefficients.
Aggregator did 128 substitutions.
Reduced MIP has 6308 rows, 656 columns, and 45745 nonzeros.
Reduced MIP has 477 binaries, 0 generals, 0 SOSs, and 0 indicators.
Presolve time = 0.13 sec. (85.52 ticks)
Probing fixed 6 vars, tightened 1 bounds.
Probing time = 0.07 sec. (32.22 ticks)
Tried aggregator 1 time.
Detecting symmetries...
MIP Presolve eliminated 8 rows and 6 columns.
MIP Presolve modified 46 coefficients.
Reduced MIP has 6300 rows, 650 columns, and 45572 nonzeros.
Reduced MIP has 471 binaries, 0 generals, 0 SOSs, and 0 indicators.
Presolve time = 0.06 sec. (19.93 ticks)
Probing time = 0.01 sec. (5.48 ticks)
Clique table members: 2766.
MIP emphasis: balance optimality and feasibility.
MIP search method: dynamic search.
Parallel mode: none, using 1 thread.
Root relaxation solution time = 0.02 sec. (21.55 ticks)

        Nodes                                         Cuts/
   Node  Left     Objective  IInf  Best Integer    Best Bound    ItCnt     Gap

      0     0      137.1138   130                    137.1138      256         
      0     0      137.1138    63                   Cuts: 850      612         
      0     0      137.1138    59                   Cuts: 413     1016         
      0     0      137.1154    75                   Cuts: 352     1717         
      0     0      137.1200    78                   Cuts: 257     1893         
Detecting symmetries...
      0     2      137.1200    68                    137.1202     1893         
Elapsed time = 2.48 sec. (2263.19 ticks, tree = 0.01 MB, solutions = 0)
     10    12      137.2074    65                    137.1253     3744         
     20    22      138.0882    62                    137.1253     6104         
     30    32      143.0475    61                    137.1253     7606         
     40    42      139.1902    55                    137.1253     8951         
     58    58      158.6084    27                    137.1253    10501         
     87    79      145.9264    27                    137.1253    11737         
    140   110      137.1325    51                    137.1325    12832         
    152   120      175.4858    85                    137.1325    15008         
    160   126      140.6180    54                    137.1325    16267         
    195   159      144.3181    49                    137.1325    22940         
Elapsed time = 5.81 sec. (5830.64 ticks, tree = 1.11 MB, solutions = 0)
    236   198      139.3482    67                    137.1325    29207         
*   240+  173                          150.7046      137.1325             9.01%
    330   243      148.5964    39      150.7046      137.1325    34777    9.01%
    421   316        cutoff            150.7046      137.1325    39114    9.01%

Performing restart 1

Repeating presolve.
Tried aggregator 1 time.
MIP Presolve eliminated 226 rows and 15 columns.
MIP Presolve modified 2980 coefficients.
Reduced MIP has 6074 rows, 635 columns, and 43070 nonzeros.
Reduced MIP has 460 binaries, 0 generals, 0 SOSs, and 0 indicators.
Presolve time = 0.07 sec. (29.31 ticks)
Tried aggregator 1 time.
MIP Presolve eliminated 3 rows and 2 columns.
Reduced MIP has 6071 rows, 633 columns, and 43004 nonzeros.
Reduced MIP has 458 binaries, 0 generals, 0 SOSs, and 0 indicators.
Presolve time = 0.03 sec. (19.07 ticks)
Represolve time = 0.17 sec. (86.43 ticks)
    514     0      137.1229    77      150.7046     Cuts: 962    46074    9.01%
    514     0      137.1248    97      150.7046     Cuts: 411    46265    9.01%
    514     0      137.1278    98      150.7046     Cuts: 574    46427    9.01%
    514     0      137.1278   105      150.7046     Cuts: 549    46517    9.01%
    514     0      137.1289   109      150.7046     Cuts: 620    46618    9.01%
    514     0      137.1299    69      150.7046     Cuts: 466    46705    9.01%
    514     0      137.1305   101      150.7046     Cuts: 418    46799    9.01%
    514     0      137.1306   105      150.7046     Cuts: 406    46905    9.01%
    514     0      137.1311   107      150.7046      Cuts: 58    47042    9.01%
    514     0      137.1311    93      150.7046     Cuts: 482    47157    9.01%
    514     0      137.1312    84      150.7046    Cuts: 1117    47229    9.01%
    514     0      137.1313    69      150.7046     Cuts: 195    47331    9.01%
    514     0      137.1342    70      150.7046      Cuts: 73    47400    9.00%
*   514+    0                          146.7440      137.1342             6.55%
    514     2      137.1342    63      146.7440      137.1354    47400    6.55%
    517     5      137.6338    44      146.7440      137.1359    48172    6.55%
    522     9      137.6339    30      146.7440      137.1359    48841    6.55%
    525    12      137.6342    61      146.7440      137.1359    48918    6.55%
    545    32      137.6838    59      146.7440      137.1359    49368    6.55%
    558    45      139.7977    37      146.7440      137.1359    50255    6.55%
    594    75      137.1360    51      146.7440      137.1360    51003    6.55%
Elapsed time = 21.67 sec. (21430.51 ticks, tree = 0.15 MB, solutions = 2)
    633   114      141.7639    31      146.7440      137.1360    53402    6.55%
    666   138      137.1882    80      146.7440      137.1364    54475    6.55%
*   708   172      integral     0      146.3314      137.1364    55412    6.28%
    765   220      137.9688    31      146.3314      137.1477    57182    6.28%
    815   260      141.8741    39      146.3314      137.1549    60543    6.27%
    844   284      137.5949    40      146.3314      137.1576    61933    6.27%
    906   336      141.6464    36      146.3314      137.1638    64939    6.26%
    932   356      137.9812    46      146.3314      137.1638    66644    6.26%
   1019   434      137.1902    52      146.3314      137.1655    69528    6.26%
   1062   473      137.2307    44      146.3314      137.1803    71997    6.25%
Elapsed time = 31.13 sec. (30874.04 ticks, tree = 2.03 MB, solutions = 3)
   1146   550      145.3711    23      146.3314      137.1880    76241    6.25%
   1180   578      138.1079    57      146.3314      137.1885    78417    6.25%
   1212   606      137.2476    74      146.3314      137.1905    80902    6.25%
   1256   644      137.9438    47      146.3314      137.1905    83446    6.25%
   1331   712      137.1961    45      146.3314      137.1965    86633    6.24%
   1434   800      137.3705    51      146.3314      137.2019    90749    6.24%
*  1474+  819                          145.9074      137.2038             5.97%
   1492   835      137.2888    35      145.9074      137.2079    93454    5.96%
   1535   873      141.2805    39      145.9074      137.2091    96660    5.96%
   1578   906      137.2390    61      145.9074      137.2125   100567    5.96%
   1654   972      137.3335    50      145.9074      137.2126   104793    5.96%
Elapsed time = 41.36 sec. (40830.06 ticks, tree = 3.01 MB, solutions = 4)
   1721  1026      140.9656    38      145.9074      137.2240   108411    5.95%
   1751  1046      137.2646    62      145.9074      137.2276   111412    5.95%
   1812  1100      143.8212    27      145.9074      137.2309   116418    5.95%
   1880  1151      137.2723    40      145.9074      137.2390   120277    5.94%
   1969  1219      138.8764    38      145.9074      137.2527   125410    5.93%
   2067  1305      138.9844    48      145.9074      137.2713   129956    5.92%
   2122  1353      137.3918    46      145.9074      137.2723   132385    5.92%
   2188  1402      137.5974    51      145.9074      137.2888   136473    5.91%
   2271  1474      144.2134    24      145.9074      137.2922   142386    5.90%
*  2274+ 1325                          144.2428      137.2922             4.82%
*  2277  1323      integral     0      144.2134      137.2922   142430    4.80%
   2331  1365      137.2925    45      144.2134      137.2925   145869    4.80%
Elapsed time = 52.31 sec. (50872.00 ticks, tree = 4.44 MB, solutions = 6)
   2400  1414      140.2327    31      144.2134      137.2965   150163    4.80%
   2460  1463      139.2107    39      144.2134      137.3233   154579    4.78%
   2514  1501      140.5936    40      144.2134      137.3577   158580    4.75%
   2576  1540      137.4637    39      144.2134      137.4003   163940    4.72%
   2664  1595      138.0486    31      144.2134      137.4313   168206    4.70%
   2746  1641      137.4670    33      144.2134      137.4675   172764    4.68%
   2822  1701      137.9850    36      144.2134      137.4691   178238    4.68%
   2886  1748      142.8160    47      144.2134      137.4691   184285    4.68%
   2956  1793      142.6168    30      144.2134      137.4718   189171    4.67%
   3012  1832      142.4182    37      144.2134      137.4718   193663    4.67%
Elapsed time = 63.18 sec. (60787.47 ticks, tree = 4.99 MB, solutions = 6)
   3074  1874      137.4954    25      144.2134      137.4768   198315    4.67%
   3151  1941      138.2763    36      144.2134      137.4807   202370    4.67%
   3223  1986      143.4352    30      144.2134      137.4954   207599    4.66%
   3288  2038      138.1466    42      144.2134      137.5125   212838    4.65%
   3351  2085      138.1618    59      144.2134      137.5294   217281    4.63%
   3445  2159      140.2601    45      144.2134      137.5637   221765    4.61%
   3518  2211      142.3169    37      144.2134      137.5637   226922    4.61%
   3587  2258      138.5688    33      144.2134      137.5637   230888    4.61%
   3662  2317      137.7147    43      144.2134      137.5655   235195    4.61%
   3738  2375      138.0806    40      144.2134      137.5714   240436    4.61%
Elapsed time = 73.90 sec. (70644.66 ticks, tree = 5.67 MB, solutions = 6)
   3818  2422      137.5978    39      144.2134      137.6021   246672    4.58%
   3920  2493      138.2806    26      144.2134      137.6174   252429    4.57%
   3996  2548      138.2077    50      144.2134      137.6340   258884    4.56%
   4051  2573      137.8721    53      144.2134      137.6360   263611    4.56%
   4122  2626      139.5672    38      144.2134      137.6520   270450    4.55%
   4194  2675      140.0712    47      144.2134      137.6520   275198    4.55%
   4259  2708      143.3057    44      144.2134      137.6676   280930    4.54%
   4329  2762      137.8147    25      144.2134      137.6863   286348    4.53%
   4419  2833      138.8255    43      144.2134      137.6994   292585    4.52%
   4510  2908      142.5141    39      144.2134      137.7009   297163    4.52%
Elapsed time = 85.01 sec. (80728.40 ticks, tree = 6.30 MB, solutions = 6)
   4606  2962      139.1334    36      144.2134      137.7125   302854    4.51%
   4691  3029      141.4761    42      144.2134      137.7198   309703    4.50%
   4804  3116      141.2955    27      144.2134      137.7339   315834    4.49%
   4889  3183      138.0117    39      144.2134      137.7389   321597    4.49%
   4954  3228      143.7369    36      144.2134      137.7501   327115    4.48%
   5035  3286      138.1897    66      144.2134      137.7615   334502    4.47%
   5084  3316      138.3950    34      144.2134      137.7659   338764    4.47%
   5170  3381      137.9270    32      144.2134      137.7729   344654    4.47%
   5236  3417      140.3655    36      144.2134      137.7843   350351    4.46%
   5297  3457      139.4349    44      144.2134      137.7924   355741    4.45%
Elapsed time = 95.77 sec. (90494.53 ticks, tree = 7.22 MB, solutions = 6)
   5386  3524      139.7742    45      144.2134      137.7949   361959    4.45%
   5468  3569      137.9243    56      144.2134      137.8070   368282    4.44%
   5532  3612      142.8696    42      144.2134      137.8156   374745    4.44%
   5627  3671      142.1075    42      144.2134      137.8195   381380    4.43%
   5667  3691        cutoff            144.2134      137.8266   386698    4.43%
   5735  3736      138.1463    47      144.2134      137.8283   391727    4.43%
   5805  3782      141.7356    41      144.2134      137.8335   399212    4.42%
   5871  3826      139.9251    47      144.2134      137.8335   404955    4.42%
   5943  3874      143.7486    39      144.2134      137.8335   410464    4.42%
   6254  4073      141.1538    39      144.2134      137.8487   432467    4.41%
Elapsed time = 109.49 sec. (103339.34 ticks, tree = 8.17 MB, solutions = 6)
   6557  4253      139.0968    50      144.2134      137.8748   454482    4.40%
   6841  4398      139.1043    36      144.2134      137.9016   477280    4.38%
   7104  4536      137.9499    50      144.2134      137.9311   500394    4.36%
   7401  4733      139.1478    35      144.2134      137.9479   524494    4.34%
   7716  4936      139.8444    41      144.2134      137.9644   547982    4.33%
   8020  5136      138.0252    55      144.2134      137.9766   573374    4.32%
   8320  5326      138.0703    47      144.2134      138.0025   598790    4.31%
   8619  5518      138.4296    36      144.2134      138.0178   623355    4.30%
   8851  5636      141.0212    28      144.2134      138.0246   647181    4.29%
   9142  5793      139.1492    36      144.2134      138.0389   672018    4.28%
Elapsed time = 151.20 sec. (141815.84 ticks, tree = 10.80 MB, solutions = 6)
   9441  5975      142.2189    20      144.2134      138.0473   695339    4.28%
   9708  6135      141.7292    28      144.2134      138.0626   718734    4.27%
  10013  6306      141.0461    39      144.2134      138.0798   741948    4.25%
  10313  6474      142.4467    32      144.2134      138.0938   767358    4.24%
  10600  6635      138.7125    29      144.2134      138.1092   791911    4.23%
  10794  6761      141.6875    39      144.2134      138.1118   809376    4.23%
  10796  6763      140.3210    34      144.2134      138.1118   810188    4.23%

Performing restart 2

Repeating presolve.
Tried aggregator 1 time.
MIP Presolve eliminated 498 rows and 49 columns.
MIP Presolve modified 5990 coefficients.
Reduced MIP has 5573 rows, 584 columns, and 39507 nonzeros.
Reduced MIP has 420 binaries, 0 generals, 0 SOSs, and 0 indicators.
Presolve time = 0.14 sec. (65.16 ticks)
Tried aggregator 1 time.
MIP Presolve eliminated 79 rows and 10 columns.
MIP Presolve modified 1179 coefficients.
Reduced MIP has 5494 rows, 574 columns, and 38932 nonzeros.
Reduced MIP has 410 binaries, 0 generals, 0 SOSs, and 0 indicators.
Presolve time = 0.09 sec. (45.32 ticks)
Tried aggregator 1 time.
Reduced MIP has 5494 rows, 574 columns, and 38932 nonzeros.
Reduced MIP has 410 binaries, 0 generals, 0 SOSs, and 0 indicators.
Presolve time = 0.03 sec. (17.85 ticks)
Represolve time = 0.45 sec. (228.19 ticks)
  10797     0      137.1355    80      144.2134     Cuts: 134   811328    4.23%
  10797     0      137.1359    32      144.2134     Cuts: 694   811445    4.23%
  10797     0      137.1368    82      144.2134     Cuts: 102   811554    4.23%
  10797     0      137.1374   114      144.2134     Cuts: 664   811668    4.23%
  10797     0      137.1388    81      144.2134     Cuts: 355   811736    4.23%
  10797     0      137.1394    31      144.2134     Cuts: 275   811779    4.23%
  10797     0      137.1411    34      144.2134      Cuts: 51   811842    4.23%
  10797     0      137.1414    34      144.2134     Cuts: 420   812027    4.23%
  10797     0      137.1414    31      144.2134      Cuts: 34   812102    4.23%

Repeating presolve.
Tried aggregator 1 time.
MIP Presolve eliminated 201 rows and 22 columns.
MIP Presolve modified 5192 coefficients.
Reduced MIP has 5293 rows, 552 columns, and 37513 nonzeros.
Reduced MIP has 393 binaries, 0 generals, 0 SOSs, and 0 indicators.
Presolve time = 0.09 sec. (56.07 ticks)
Tried aggregator 1 time.
MIP Presolve eliminated 12 rows and 5 columns.
MIP Presolve modified 890 coefficients.
Reduced MIP has 5281 rows, 547 columns, and 37385 nonzeros.
Reduced MIP has 388 binaries, 0 generals, 0 SOSs, and 0 indicators.
Presolve time = 0.06 sec. (35.36 ticks)
Represolve time = 0.26 sec. (150.64 ticks)
  10797     0      137.1418    68      144.2134     Cuts: 329   813227    4.23%
  10797     0      137.1439    89      144.2134     Cuts: 181   813371    4.23%
  10797     0      137.1449    67      144.2134     Cuts: 886   813616    4.23%
  10797     0      137.1457    84      144.2134     Cuts: 641   813706    4.23%
  10797     0      137.1458    65      144.2134     Cuts: 115   813772    4.23%
  10797     0      137.1458    80      144.2134     Cuts: 270   813841    4.23%
  10797     0      137.1458    82      144.2134     Cuts: 518   813933    4.23%
  10797     0      137.1458    85      144.2134     Cuts: 226   814006    4.23%
  10797     2      137.1458    75      144.2134      138.1118   814006    4.23%
  10867    60      141.0836    26      144.2134      138.1118   817760    4.23%
  11071   227      138.5104    42      144.2134      138.1118   828079    4.23%
Elapsed time = 215.09 sec. (200481.12 ticks, tree = 1.30 MB, solutions = 6)
  11313   427      138.1236    43      144.2134      138.1118   842132    4.23%
  11654   688      139.8485    41      144.2134      138.1118   860047    4.23%
  11946   912      137.7483    37      144.2134      138.1118   881922    4.23%
  12285  1155      137.7435    40      144.2134      138.1118   905577    4.23%
  12613  1373        cutoff            144.2134      138.1118   930818    4.23%
  12977  1594      137.6454    45      144.2134      138.1118   956218    4.23%
  13299  1803      138.0289    51      144.2134      138.1118   979441    4.23%
  13625  1983      138.4763    46      144.2134      138.1118  1006984    4.23%
  13967  2206      141.1347    37      144.2134      138.1118  1032680    4.23%
  14248  2369      144.1960    58      144.2134      138.1118  1059855    4.23%
Elapsed time = 258.99 sec. (238791.65 ticks, tree = 3.95 MB, solutions = 6)
  14582  2528      140.9566    32      144.2134      138.1118  1087585    4.23%
  14842  2682      138.4025    46      144.2134      138.1118  1114227    4.23%
  15127  2871      139.2727    43      144.2134      138.1118  1139330    4.23%
  15400  3043      142.5088    37      144.2134      138.1118  1165608    4.23%
  15725  3237      140.6035    43      144.2134      138.1118  1191745    4.23%
  16041  3430      143.9011    39      144.2134      138.1118  1219293    4.23%
  16346  3618      138.5043    53      144.2134      138.1118  1246577    4.23%
  16650  3793      140.8893    44      144.2134      138.1118  1274189    4.23%
  16982  3962      138.7875    45      144.2134      138.1118  1303427    4.23%
  17301  4152      138.1257    42      144.2134      138.1239  1329538    4.22%
Elapsed time = 303.71 sec. (277065.31 ticks, tree = 5.95 MB, solutions = 6)
  17627  4355      142.3785    48      144.2134      138.1313  1356893    4.22%
  17968  4577        cutoff            144.2134      138.1345  1383920    4.22%
  18212  4730      142.9544    26      144.2134      138.1492  1403991    4.21%
  18449  4861      138.5440    54      144.2134      138.1778  1427233    4.19%
  18678  5002      138.7005    39      144.2134      138.1907  1446627    4.18%
  18907  5116      142.5434    34      144.2134      138.2091  1468924    4.16%
  19165  5250      138.8638    33      144.2134      138.2342  1491501    4.15%
  19403  5386      140.9518    53      144.2134      138.2547  1514858    4.13%
  19668  5499      138.3379    58      144.2134      138.2828  1542746    4.11%
  19908  5634        cutoff            144.2134      138.2879  1564507    4.11%
Elapsed time = 351.09 sec. (315408.32 ticks, tree = 7.69 MB, solutions = 6)
  20179  5761      139.9663    52      144.2134      138.3129  1588574    4.09%
  20410  5883      139.8046    46      144.2134      138.3346  1610790    4.08%
  20657  6013      143.7229    37      144.2134      138.3552  1634724    4.06%
  20896  6111      141.2660    28      144.2134      138.3756  1659337    4.05%
  21134  6219      140.2820    31      144.2134      138.3922  1684156    4.04%
  21358  6331      142.7274    34      144.2134      138.4110  1710609    4.02%
  21627  6468      140.9706    40      144.2134      138.4304  1737322    4.01%
  21888  6591      139.3231    39      144.2134      138.4491  1765395    4.00%
  22161  6724      143.6719    37      144.2134      138.4670  1788284    3.98%
  22457  6882      138.6858    37      144.2134      138.4924  1812832    3.97%
Elapsed time = 397.93 sec. (353858.52 ticks, tree = 9.00 MB, solutions = 6)
  22711  7010        cutoff            144.2134      138.5088  1840613    3.96%
  22984  7175      139.2881    38      144.2134      138.5145  1867004    3.95%
  23263  7308      141.9991    43      144.2134      138.5425  1893379    3.93%
  23543  7441      139.0963    40      144.2134      138.5624  1918915    3.92%
  23878  7631      142.2662    39      144.2134      138.5750  1945652    3.91%
  24156  7768      139.2659    55      144.2134      138.5940  1972162    3.90%
  24443  7948      141.2046    51      144.2134      138.6065  1998364    3.89%
  24742  8111      139.2776    30      144.2134      138.6272  2024867    3.87%
  25034  8258      143.3862    45      144.2134      138.6482  2051877    3.86%
  25353  8410      141.1764    49      144.2134      138.6733  2078341    3.84%
Elapsed time = 443.54 sec. (392081.14 ticks, tree = 10.70 MB, solutions = 6)
  25600  8524      143.9442    28      144.2134      138.6858  2104400    3.83%
  25920  8671      143.2111    27      144.2134      138.7047  2130500    3.82%
  26227  8811      141.0415    24      144.2134      138.7172  2156322    3.81%
  26542  8957      142.5487    42      144.2134      138.7365  2184373    3.80%
  26876  9102      138.9006    44      144.2134      138.7610  2211083    3.78%
  27168  9266      139.5499    38      144.2134      138.7777  2240315    3.77%
  27443  9415      142.3164    47      144.2134      138.7898  2268556    3.76%
  27714  9531      140.3515    34      144.2134      138.8053  2294767    3.75%
  28020  9665      143.5841    23      144.2134      138.8241  2321535    3.74%
  28282  9804      142.2965    50      144.2134      138.8316  2350123    3.73%
Elapsed time = 487.08 sec. (430368.80 ticks, tree = 12.28 MB, solutions = 6)
  28575  9962      141.8179    31      144.2134      138.8499  2377135    3.72%
  28896 10116      140.2933    45      144.2134      138.8653  2405516    3.71%
  29200 10262      139.3403    38      144.2134      138.8776  2433093    3.70%
  29496 10412      141.2432    42      144.2134      138.8925  2461706    3.69%
  29791 10545      139.5388    33      144.2134      138.9045  2489664    3.68%
  30127 10725      139.8965    37      144.2134      138.9151  2517324    3.67%
  30422 10874      143.1631    29      144.2134      138.9242  2544583    3.67%
  30725 11006      143.6287    30      144.2134      138.9323  2572565    3.66%
  31073 11169      143.8791    33      144.2134      138.9458  2600802    3.65%
  31395 11356      143.9595    28      144.2134      138.9574  2628121    3.64%
Elapsed time = 524.72 sec. (468687.03 ticks, tree = 13.84 MB, solutions = 6)
  31728 11518      139.6453    48      144.2134      138.9734  2655603    3.63%
  32051 11691      142.0180    32      144.2134      138.9844  2683572    3.63%
  32353 11862      139.1315    39      144.2134      138.9918  2711375    3.62%
  32611 11994      140.7734    28      144.2134      139.0030  2736391    3.61%
  32902 12113      139.4327    26      144.2134      139.0152  2762607    3.60%
  33197 12244      142.5156    41      144.2134      139.0310  2790500    3.59%
  33493 12416      141.4990    36      144.2134      139.0374  2816163    3.59%
  33767 12547      139.1028    40      144.2134      139.0540  2839998    3.58%
  34029 12682      139.2491    54      144.2134      139.0622  2865660    3.57%
  34288 12835      140.9656    26      144.2134      139.0682  2889155    3.57%
Elapsed time = 567.02 sec. (506971.49 ticks, tree = 15.25 MB, solutions = 6)
  34591 13019      139.1367    62      144.2134      139.0744  2916387    3.56%
  34820 13142      143.4746    39      144.2134      139.0831  2943663    3.56%
  35089 13262      144.1180    29      144.2134      139.0952  2972522    3.55%
  35347 13394    infeasible            144.2134      139.1023  3000070    3.54%
  35611 13520      141.3768    42      144.2134      139.1086  3026448    3.54%
  35916 13681      142.4430    28      144.2134      139.1171  3052029    3.53%
  36153 13793      139.7412    49      144.2134      139.1242  3078169    3.53%
  36401 13900      142.5203    34      144.2134      139.1312  3104806    3.52%
  36695 14050      141.4516    38      144.2134      139.1389  3131492    3.52%
  36948 14161      139.4434    30      144.2134      139.1451  3158144    3.51%
Elapsed time = 609.89 sec. (545307.12 ticks, tree = 16.73 MB, solutions = 6)
  37217 14297      140.8580    34      144.2134      139.1537  3185268    3.51%
  37475 14415      141.4559    37      144.2134      139.1607  3212635    3.50%
  37707 14524      139.5544    30      144.2134      139.1693  3241056    3.50%
  37981 14658      140.0139    41      144.2134      139.1776  3270316    3.49%
  38243 14784      144.1272    25      144.2134      139.1838  3298499    3.49%
  38509 14878        cutoff            144.2134      139.1974  3327468    3.48%
  38770 14992      140.0987    39      144.2134      139.2050  3354391    3.47%
  39070 15146      143.5159    51      144.2134      139.2149  3379965    3.47%
  39318 15265      140.4278    36      144.2134      139.2240  3408315    3.46%
  39585 15391      143.0897    41      144.2134      139.2293  3437024    3.46%
Elapsed time = 654.25 sec. (583550.49 ticks, tree = 18.24 MB, solutions = 6)
  39834 15494      139.5411    39      144.2134      139.2361  3465386    3.45%
  40087 15597      142.0638    32      144.2134      139.2424  3494759    3.45%
  40382 15745      142.1368    41      144.2134      139.2486  3521793    3.44%
  40665 15870      139.7808    51      144.2134      139.2536  3550512    3.44%
  40949 15998      141.6940    25      144.2134      139.2596  3578459    3.44%
  41234 16115      139.8808    42      144.2134      139.2676  3606730    3.43%
  41550 16265      142.9611    39      144.2134      139.2743  3634668    3.42%
  41806 16391      143.2166    23      144.2134      139.2797  3662795    3.42%
  42089 16524      141.0157    41      144.2134      139.2919  3692528    3.41%
  42378 16642        cutoff            144.2134      139.3006  3721557    3.41%
Elapsed time = 698.02 sec. (621811.47 ticks, tree = 20.98 MB, solutions = 6)
  42647 16777      139.5670    28      144.2134      139.3062  3750702    3.40%
  42933 16911      142.2849    43      144.2134      139.3133  3779662    3.40%
  43215 17037      141.6958    28      144.2134      139.3202  3808029    3.39%
  43536 17194      143.1030    37      144.2134      139.3273  3836370    3.39%
  43867 17355      140.7818    54      144.2134      139.3355  3865486    3.38%
  44144 17478      139.9118    38      144.2134      139.3409  3894811    3.38%
  44421 17606      141.8126    39      144.2134      139.3480  3923266    3.37%
  44739 17769      143.7556    22      144.2134      139.3554  3951431    3.37%
  45045 17908      143.2019    31      144.2134      139.3628  3980786    3.36%
  45381 18057      139.9076    39      144.2134      139.3724  4009076    3.36%
Elapsed time = 747.30 sec. (660047.85 ticks, tree = 22.46 MB, solutions = 6)
  45685 18208      141.8305    32      144.2134      139.3779  4037005    3.35%
  45992 18347      143.5809    43      144.2134      139.3859  4066056    3.35%
  46228 18455      142.3733    31      144.2134      139.3861  4093482    3.35%
  46425 18538      142.6275    27      144.2134      139.3861  4122367    3.35%
  46681 18627      142.1458    35      144.2134      139.3923  4147964    3.34%
  46986 18776      142.3281    24      144.2134      139.3997  4175282    3.34%
  47306 18893      140.4560    50      144.2134      139.4112  4204255    3.33%
  47627 19051      140.8246    34      144.2134      139.4153  4233202    3.33%
  47887 19165        cutoff            144.2134      139.4212  4260827    3.32%
  48139 19330      140.2096    33      144.2134      139.4238  4288777    3.32%
Elapsed time = 792.83 sec. (698369.52 ticks, tree = 23.71 MB, solutions = 6)
  48425 19487      140.6771    45      144.2134      139.4272  4315706    3.32%
  48775 19650      142.9513    28      144.2134      139.4353  4344467    3.31%
  49110 19814      141.5747    43      144.2134      139.4412  4372892    3.31%
  49469 20002      139.5743    56      144.2134      139.4490  4400255    3.30%
  49792 20152      141.1143    43      144.2134      139.4565  4428438    3.30%
  50117 20291      140.0842    46      144.2134      139.4603  4458090    3.30%
  50426 20432      142.5102    39      144.2134      139.4652  4485613    3.29%
  50705 20551      144.1213    30      144.2134      139.4730  4513095    3.29%
  51016 20707        cutoff            144.2134      139.4804  4539316    3.28%
  51336 20876        cutoff            144.2134      139.4857  4567409    3.28%
Elapsed time = 836.12 sec. (736637.78 ticks, tree = 25.11 MB, solutions = 6)
  51651 21036      142.2288    42      144.2134      139.4964  4595179    3.27%
  51961 21190      142.3130    21      144.2134      139.5005  4622927    3.27%
  52297 21352      142.5858    35      144.2134      139.5086  4650162    3.26%
  52587 21492      141.3982    37      144.2134      139.5140  4676670    3.26%
  52863 21610      140.0382    31      144.2134      139.5197  4704634    3.25%
  53201 21826      141.3516    41      144.2134      139.5227  4730808    3.25%
  53463 21944      142.7269    30      144.2134      139.5278  4758604    3.25%
  53775 22060      139.9157    52      144.2134      139.5356  4786448    3.24%
  54105 22256      143.8401    33      144.2134      139.5417  4814570    3.24%
  54408 22400      141.2109    46      144.2134      139.5491  4843035    3.23%
Elapsed time = 883.08 sec. (774860.45 ticks, tree = 26.58 MB, solutions = 6)
  54694 22517      139.7741    44      144.2134      139.5549  4870993    3.23%
  55036 22704      142.2985    36      144.2134      139.5607  4898891    3.23%
  55340 22829      140.2676    42      144.2134      139.5692  4928388    3.22%
  55621 22935      141.0247    42      144.2134      139.5765  4955130    3.22%
  55934 23043        cutoff            144.2134      139.5843  4983940    3.21%
  56209 23153      141.9587    38      144.2134      139.5913  5011479    3.21%
  56512 23270      141.4395    29      144.2134      139.5973  5039595    3.20%
  56837 23443      140.4761    56      144.2134      139.6056  5067001    3.20%
  57145 23602      140.8204    41      144.2134      139.6097  5094237    3.19%
  57486 23780      141.7117    15      144.2134      139.6161  5121746    3.19%
Elapsed time = 930.04 sec. (813180.17 ticks, tree = 27.90 MB, solutions = 6)
  57812 23927      142.5839    29      144.2134      139.6197  5148337    3.19%
  58125 24063        cutoff            144.2134      139.6264  5177037    3.18%
  58406 24184      141.7632    51      144.2134      139.6322  5206463    3.18%
  58734 24354      140.1176    33      144.2134      139.6367  5234543    3.17%
  59055 24487      140.1239    45      144.2134      139.6432  5262893    3.17%
  59337 24591      140.9511    38      144.2134      139.6490  5292313    3.17%
  59682 24744      143.9160    40      144.2134      139.6565  5320810    3.16%
  60018 24879      144.1118    35      144.2134      139.6620  5348983    3.16%
  60364 25036      142.3321    40      144.2134      139.6687  5376158    3.15%
  60688 25181      142.4514    21      144.2134      139.6743  5404148    3.15%
Elapsed time = 976.46 sec. (851487.82 ticks, tree = 29.16 MB, solutions = 6)
  61006 25321      140.2356    39      144.2134      139.6806  5431612    3.14%
  61322 25464      140.9483    51      144.2134      139.6862  5460815    3.14%
  61643 25588      141.4908    38      144.2134      139.6914  5488869    3.14%
  61994 25745      143.6741    36      144.2134      139.6948  5517879    3.13%
  62294 25861      141.5998    44      144.2134      139.7021  5546842    3.13%
  62615 25982      142.5878    24      144.2134      139.7077  5575410    3.12%
  62903 26074      142.0129    38      144.2134      139.7175  5602696    3.12%
  63205 26203        cutoff            144.2134      139.7231  5631286    3.11%
  63532 26320      140.4965    34      144.2134      139.7308  5658268    3.11%
  63887 26469      141.0348    40      144.2134      139.7384  5686215    3.10%
Elapsed time = 1022.63 sec. (889727.88 ticks, tree = 30.43 MB, solutions = 6)
  64190 26599      142.8471    35      144.2134      139.7434  5714928    3.10%
  64534 26760      143.5885    26      144.2134      139.7509  5743286    3.09%
  64828 26899      142.8093    26      144.2134      139.7582  5770424    3.09%
  65169 27055      143.4170    36      144.2134      139.7625  5798887    3.09%
  65486 27185      140.6045    36      144.2134      139.7687  5828266    3.08%
  65780 27312        cutoff            144.2134      139.7756  5855921    3.08%
  66099 27449      140.4486    48      144.2134      139.7814  5884008    3.07%
  66421 27587      141.0940    27      144.2134      139.7871  5910071    3.07%
  66753 27714      141.3551    35      144.2134      139.7937  5937573    3.06%
  67055 27833      140.2762    45      144.2134      139.8004  5965287    3.06%
Elapsed time = 1069.01 sec. (927958.62 ticks, tree = 31.78 MB, solutions = 6)
  67371 27965      142.1221    37      144.2134      139.8055  5993015    3.06%
  67683 28077      141.1129    39      144.2134      139.8098  6020796    3.05%
  67993 28226      140.9791    26      144.2134      139.8145  6049032    3.05%
  68323 28383      143.5637    33      144.2134      139.8188  6077101    3.05%
  68664 28530      142.4359    32      144.2134      139.8241  6105191    3.04%
  69010 28669        cutoff            144.2134      139.8281  6133844    3.04%
  69320 28781      139.8750    45      144.2134      139.8336  6162780    3.04%
  69597 28851      141.1118    34      144.2134      139.8370  6190855    3.03%
  69874 28970      141.6954    36      144.2134      139.8414  6218991    3.03%
  70140 29115      140.1371    48      144.2134      139.8427  6246739    3.03%
Elapsed time = 1114.99 sec. (966196.38 ticks, tree = 32.84 MB, solutions = 6)
  70433 29210      140.5998    29      144.2134      139.8474  6275608    3.03%
  70734 29336      143.6540    37      144.2134      139.8531  6303388    3.02%
  71027 29451      144.1992    44      144.2134      139.8581  6331062    3.02%
  71320 29594      140.1471    44      144.2134      139.8622  6356363    3.02%
  71661 29752      140.7449    37      144.2134      139.8683  6383673    3.01%
  71923 29903      140.7186    38      144.2134      139.8692  6414577    3.01%
  72191 30019      142.4347    39      144.2134      139.8708  6441877    3.01%
  72548 30186      141.7505    40      144.2134      139.8750  6469009    3.01%
  72828 30292        cutoff            144.2134      139.8789  6495801    3.01%
  73118 30414      142.9727    35      144.2134      139.8844  6523189    3.00%
Elapsed time = 1161.67 sec. (1004445.67 ticks, tree = 34.13 MB, solutions = 6)
  73400 30546      140.9605    45      144.2134      139.8887  6551253    3.00%
  73707 30678      143.0015    40      144.2134      139.8964  6579737    2.99%
  73973 30775      143.7998    27      144.2134      139.9005  6608532    2.99%
  74301 30894        cutoff            144.2134      139.9064  6637368    2.99%
  74654 31062      141.0277    29      144.2134      139.9113  6665129    2.98%
  74997 31226      142.7236    39      144.2134      139.9159  6693426    2.98%
  75286 31332        cutoff            144.2134      139.9196  6721929    2.98%
  75608 31468      139.9281    32      144.2134      139.9238  6750500    2.97%
  75897 31597      141.3067    47      144.2134      139.9284  6780301    2.97%
  76184 31709      143.6541    42      144.2134      139.9334  6807467    2.97%
Elapsed time = 1207.22 sec. (1042701.58 ticks, tree = 35.37 MB, solutions = 6)
  76497 31841      142.6889    30      144.2134      139.9382  6835209    2.96%
  76839 32008      143.4252    29      144.2134      139.9458  6863124    2.96%
  77163 32145      143.2082    38      144.2134      139.9494  6890956    2.96%
  77464 32226      141.8588    36      144.2134      139.9549  6919413    2.95%
  77750 32332      142.3782    30      144.2134      139.9607  6947780    2.95%
  78015 32425      140.1675    43      144.2134      139.9651  6974734    2.95%
  78327 32615      141.0363    47      144.2134      139.9685  7003251    2.94%
  78640 32777      143.8125    40      144.2134      139.9727  7031424    2.94%
  78960 32895      140.0825    49      144.2134      139.9783  7058655    2.94%
  79237 33001      141.0112    46      144.2134      139.9824  7088266    2.93%
Elapsed time = 1253.88 sec. (1080925.49 ticks, tree = 37.98 MB, solutions = 6)
  79502 33087      140.0674    24      144.2134      139.9862  7117158    2.93%
  79772 33195      141.6701    38      144.2134      139.9896  7145675    2.93%
  80086 33351      140.3828    41      144.2134      139.9946  7172064    2.93%
  80403 33498      141.5637    30      144.2134      139.9996  7200903    2.92%
  80734 33660      144.0123    36      144.2134      140.0030  7228331    2.92%
  81057 33811      140.1798    44      144.2134      140.0067  7256763    2.92%
  81374 33933      140.5786    34      144.2134      140.0095  7286061    2.92%
  81689 34096      140.5344    28      144.2134      140.0128  7313365    2.91%
  81997 34202      141.9041    44      144.2134      140.0162  7342491    2.91%
  82319 34322      142.2205    38      144.2134      140.0197  7370879    2.91%
Elapsed time = 1300.73 sec. (1119136.52 ticks, tree = 39.25 MB, solutions = 6)
  82662 34463      140.6713    37      144.2134      140.0241  7400786    2.90%
  82977 34598      140.6089    26      144.2134      140.0277  7430038    2.90%
  83256 34734      141.8444    36      144.2134      140.0305  7457404    2.90%
  83544 34862      143.8095    39      144.2134      140.0356  7486186    2.90%
  83812 34976      140.0874    37      144.2134      140.0384  7515418    2.90%
  84097 35100      143.2470    37      144.2134      140.0422  7546413    2.89%
  84439 35257      141.4012    33      144.2134      140.0459  7573392    2.89%
  84754 35389      143.8056    32      144.2134      140.0496  7601965    2.89%
  85072 35491      141.3981    31      144.2134      140.0535  7631540    2.88%
  85388 35631      140.9019    37      144.2134      140.0568  7660197    2.88%
Elapsed time = 1346.35 sec. (1157431.11 ticks, tree = 40.46 MB, solutions = 6)
  85690 35773      142.8696    33      144.2134      140.0614  7687533    2.88%
  85963 35867      140.9687    43      144.2134      140.0668  7716073    2.88%
  86331 36061      143.1136    35      144.2134      140.0702  7743128    2.87%
  86667 36197      141.9276    26      144.2134      140.0745  7770490    2.87%
  86967 36317      143.9936    46      144.2134      140.0784  7799554    2.87%
  87251 36417      140.0820    27      144.2134      140.0820  7828168    2.86%
  87556 36584      142.4502    35      144.2134      140.0845  7854896    2.86%
  87832 36679      144.1539    28      144.2134      140.0890  7882134    2.86%
  88143 36813      144.0761    39      144.2134      140.0939  7910064    2.86%
  88489 36973      144.0543    28      144.2134      140.0984  7938089    2.85%
Elapsed time = 1387.42 sec. (1195670.51 ticks, tree = 41.87 MB, solutions = 6)
  88805 37110      144.1199    31      144.2134      140.1019  7965859    2.85%
  89099 37228      144.1749    38      144.2134      140.1070  7995468    2.85%
  89411 37336      144.1635    27      144.2134      140.1113  8023599    2.84%
  89750 37489      143.4648    48      144.2134      140.1153  8052344    2.84%
  90073 37623      140.2091    43      144.2134      140.1196  8081097    2.84%
  90398 37765        cutoff            144.2134      140.1229  8109433    2.84%
  90704 37863      140.9569    31      144.2134      140.1276  8136941    2.83%
  91011 37955      142.4070    51      144.2134      140.1320  8165475    2.83%
  91285 38108      141.3546    39      144.2134      140.1340  8194393    2.83%
  91642 38283      143.9314    35      144.2134      140.1372  8223118    2.83%
Elapsed time = 1424.98 sec. (1233958.69 ticks, tree = 43.39 MB, solutions = 6)
  91948 38404        cutoff            144.2134      140.1420  8251392    2.82%
  92239 38509      142.4844    46      144.2134      140.1471  8279173    2.82%
  92548 38616      140.2311    43      144.2134      140.1507  8305229    2.82%
  92859 38758      141.9276    31      144.2134      140.1545  8333041    2.81%
  93191 38912      141.9904    35      144.2134      140.1586  8359305    2.81%
  93498 39024      142.4978    33      144.2134      140.1635  8387275    2.81%
  93748 39118      141.0727    38      144.2134      140.1678  8414352    2.81%
  94053 39337      144.1237    38      144.2134      140.1681  8439332    2.81%
  94347 39481      141.9551    40      144.2134      140.1705  8467401    2.80%
  94673 39623      141.8735    40      144.2134      140.1750  8495522    2.80%
Elapsed time = 1469.14 sec. (1272215.32 ticks, tree = 44.77 MB, solutions = 6)
  94996 39745      141.8954    42      144.2134      140.1804  8523888    2.80%
  95294 39879      142.3771    37      144.2134      140.1842  8551528    2.79%
  95665 40032      142.5000    30      144.2134      140.1888  8579046    2.79%
  95985 40165      140.7366    37      144.2134      140.1924  8607227    2.79%
  96275 40279      140.8995    25      144.2134      140.1957  8635378    2.79%
  96590 40417      141.6986    37      144.2134      140.1990  8663134    2.78%
  96882 40534      140.7135    39      144.2134      140.2035  8689921    2.78%
  97211 40674      141.8555    32      144.2134      140.2068  8718571    2.78%
  97535 40820      143.4435    22      144.2134      140.2098  8746954    2.78%
  97807 40905      143.8932    39      144.2134      140.2134  8775022    2.77%
Elapsed time = 1514.20 sec. (1310513.36 ticks, tree = 46.00 MB, solutions = 6)
  98117 40999      143.1072    43      144.2134      140.2174  8802392    2.77%
  98428 41126      141.9735    34      144.2134      140.2218  8830069    2.77%
  98748 41250      143.8399    33      144.2134      140.2264  8858181    2.76%
  99103 41414      143.1453    20      144.2134      140.2307  8886394    2.76%
  99391 41523      140.9619    38      144.2134      140.2337  8913986    2.76%
  99712 41663      143.5310    29      144.2134      140.2393  8941768    2.76%
 100063 41822      140.3496    32      144.2134      140.2425  8969488    2.75%
 100393 41992        cutoff            144.2134      140.2441  8997960    2.75%
 100704 42109      141.6504    32      144.2134      140.2479  9026472    2.75%
 100999 42207      142.4780    29      144.2134      140.2510  9055285    2.75%
Elapsed time = 1559.72 sec. (1348731.13 ticks, tree = 47.60 MB, solutions = 6)
 101295 42316      142.1485    37      144.2134      140.2538  9080836    2.75%
 101564 42414      143.2294    36      144.2134      140.2578  9108894    2.74%
 101902 42553      143.6983    34      144.2134      140.2605  9135438    2.74%
 102243 42706      144.1137    32      144.2134      140.2636  9162525    2.74%
 102529 42892      143.6786    39      144.2134      140.2637  9187573    2.74%
 102812 43000      143.7075    37      144.2134      140.2649  9213765    2.74%
 103110 43105      140.2971    29      144.2134      140.2688  9239493    2.74%
 103411 43252      141.5457    39      144.2134      140.2718  9267099    2.73%
 103702 43363      140.5236    23      144.2134      140.2748  9293906    2.73%
 103989 43474      140.5643    36      144.2134      140.2787  9322344    2.73%
Elapsed time = 1601.86 sec. (1387032.84 ticks, tree = 48.90 MB, solutions = 6)
 104288 43556      140.6000    33      144.2134      140.2803  9350997    2.73%
 104616 43702      143.7135    37      144.2134      140.2837  9379523    2.72%
 104931 43808      141.8474    43      144.2134      140.2877  9406213    2.72%
 105210 43903      141.7255    30      144.2134      140.2909  9432320    2.72%
 105482 43977      142.7074    33      144.2134      140.2947  9459261    2.72%
 105830 44128      142.7744    20      144.2134      140.2978  9487312    2.72%
 106127 44250      142.4832    36      144.2134      140.3009  9513545    2.71%
 106392 44352      142.4925    41      144.2134      140.3035  9541671    2.71%
 106716 44447      143.3733    26      144.2134      140.3079  9569153    2.71%
 107056 44568      143.4884    35      144.2134      140.3114  9596879    2.71%
Elapsed time = 1648.23 sec. (1425299.88 ticks, tree = 49.95 MB, solutions = 6)
 107363 44667      141.8592    35      144.2134      140.3167  9624454    2.70%
 107698 44817      142.6300    51      144.2134      140.3190  9651565    2.70%
 108027 44950      141.2971    45      144.2134      140.3226  9679046    2.70%
 108326 45063      140.8265    38      144.2134      140.3266  9706595    2.70%
 108640 45156      142.0855    41      144.2134      140.3316  9733568    2.69%
 108960 45293      141.8595    45      144.2134      140.3357  9760216    2.69%
 109241 45400      142.2405    33      144.2134      140.3406  9787993    2.69%
 109540 45509      142.7454    38      144.2134      140.3445  9816320    2.68%
 109856 45621      141.6821    32      144.2134      140.3480  9844637    2.68%
 110156 45738      140.3523    49      144.2134      140.3496  9872323    2.68%
Elapsed time = 1695.56 sec. (1463560.62 ticks, tree = 51.07 MB, solutions = 6)
 110486 45906      142.5622    42      144.2134      140.3507  9899512    2.68%
 110808 45997      141.1412    52      144.2134      140.3543  9927907    2.68%
 111182 46160        cutoff            144.2134      140.3579  9954312    2.67%
 111480 46245      141.0117    36      144.2134      140.3618  9981435    2.67%
 111781 46373        cutoff            144.2134      140.3653 10006132    2.67%
 112085 46472      140.6965    41      144.2134      140.3690 10033438    2.67%
 112353 46582      143.9201    33      144.2134      140.3700 10062827    2.67%
 112668 46710      144.0370    31      144.2134      140.3726 10090125    2.66%
 112937 46830      141.3853    41      144.2134      140.3740 10117833    2.66%
 113246 46955      143.9949    27      144.2134      140.3760 10145542    2.66%
Elapsed time = 1742.55 sec. (1501764.50 ticks, tree = 52.24 MB, solutions = 6)
 113598 47107      142.6501    33      144.2134      140.3785 10173658    2.66%
 113952 47244      142.2996    34      144.2134      140.3833 10200077    2.66%
*114291 47184      integral     0      144.1856      140.3880 10225139    2.63%
 114302 47190      141.8982    29      144.1856      140.3883 10226106    2.63%
 114597 47276      141.3848    50      144.1856      140.3935 10252717    2.63%
 114904 47366      141.7754    24      144.1856      140.3978 10280891    2.63%
 115252 47510      141.9243    32      144.1856      140.4017 10308220    2.62%
 115611 47620      141.6139    27      144.1856      140.4068 10335648    2.62%
 115940 47744      141.9428    36      144.1856      140.4108 10362803    2.62%
 116243 47864      142.5964    40      144.1856      140.4145 10391041    2.62%
 116533 47966      143.8174    27      144.1856      140.4171 10417616    2.61%
Elapsed time = 1789.98 sec. (1540053.08 ticks, tree = 53.24 MB, solutions = 7)
 116860 48099        cutoff            144.1856      140.4206 10444567    2.61%
 117192 48200      144.0602    33      144.1856      140.4259 10472400    2.61%
 117541 48313      143.0226    50      144.1856      140.4300 10499569    2.60%
 117877 48440      141.4221    27      144.1856      140.4336 10527907    2.60%
 118171 48563      141.6565    48      144.1856      140.4351 10555728    2.60%
 118477 48696      143.6220    26      144.1856      140.4377 10583090    2.60%
 118759 48829      143.8455    34      144.1856      140.4402 10610382    2.60%
 119087 48939      140.9089    21      144.1856      140.4439 10638021    2.60%
 119424 49071      142.2377    37      144.1856      140.4473 10663766    2.59%
 119755 49194        cutoff            144.1856      140.4504 10691595    2.59%
Elapsed time = 1837.12 sec. (1578276.64 ticks, tree = 54.47 MB, solutions = 7)
 120085 49317      140.5666    49      144.1856      140.4537 10718948    2.59%
 120379 49408      141.1015    36      144.1856      140.4562 10746669    2.59%
 120696 49525      143.9756    35      144.1856      140.4590 10773884    2.58%
 120997 49647      143.1054    31      144.1856      140.4612 10801521    2.58%
 121332 49760      142.1592    27      144.1856      140.4653 10829121    2.58%
 121666 49897      144.0121    27      144.1856      140.4687 10856097    2.58%
 122005 50007      142.3846    35      144.1856      140.4722 10883301    2.58%
 122361 50131        cutoff            144.1856      140.4766 10911032    2.57%
 122683 50250      141.7404    45      144.1856      140.4802 10939162    2.57%
 123031 50394      140.8777    48      144.1856      140.4835 10966641    2.57%
Elapsed time = 1884.30 sec. (1616512.86 ticks, tree = 55.62 MB, solutions = 7)
 123360 50507      142.8923    32      144.1856      140.4872 10992623    2.57%
 123692 50646      140.7350    37      144.1856      140.4892 11019555    2.56%
 123985 50756      141.4351    45      144.1856      140.4922 11047263    2.56%
 124281 50857      143.8301    35      144.1856      140.4953 11076422    2.56%
 124631 51012      141.5379    40      144.1856      140.4983 11102093    2.56%
 124925 51118      140.9557    35      144.1856      140.5017 11129059    2.55%
 125234 51228      143.9672    27      144.1856      140.5054 11157314    2.55%
 125549 51357      142.1889    43      144.1856      140.5102 11184145    2.55%
 125837 51454      142.4452    30      144.1856      140.5131 11211690    2.55%
 126142 51534      142.1040    35      144.1856      140.5163 11238051    2.54%
Elapsed time = 1931.61 sec. (1654803.97 ticks, tree = 56.75 MB, solutions = 7)
 126484 51660      143.6831    32      144.1856      140.5196 11266100    2.54%
 126799 51785      141.4628    31      144.1856      140.5226 11293405    2.54%
 127134 51894      140.6315    38      144.1856      140.5283 11320524    2.54%
 127432 52014      142.9122    35      144.1856      140.5313 11348127    2.53%
 127733 52094      142.0211    37      144.1856      140.5342 11375438    2.53%
 128077 52218      142.0721    37      144.1856      140.5369 11403437    2.53%
 128369 52313      141.5101    47      144.1856      140.5407 11430896    2.53%
 128671 52425      143.9982    30      144.1856      140.5425 11457648    2.53%
 128991 52513      143.9719    26      144.1856      140.5451 11482322    2.52%
 129292 52608      142.7196    41      144.1856      140.5473 11508639    2.52%
Elapsed time = 1978.48 sec. (1693099.02 ticks, tree = 57.78 MB, solutions = 7)
 129529 52692        cutoff            144.1856      140.5502 11537444    2.52%
 129797 52800      140.5590    40      144.1856      140.5524 11565922    2.52%
 130122 52918      140.6215    34      144.1856      140.5546 11593223    2.52%
 130424 53023        cutoff            144.1856      140.5568 11620413    2.52%
 130758 53145      142.8176    42      144.1856      140.5608 11646073    2.51%
 131063 53244      142.4914    48      144.1856      140.5639 11673527    2.51%
 131341 53335        cutoff            144.1856      140.5668 11700684    2.51%
 131685 53456      142.4072    33      144.1856      140.5710 11728362    2.51%
 131963 53569      140.9567    34      144.1856      140.5730 11754956    2.51%
 132302 53682      142.2849    42      144.1856      140.5759 11782705    2.50%
Elapsed time = 2024.76 sec. (1731361.44 ticks, tree = 58.89 MB, solutions = 7)
 132584 53773      141.2743    35      144.1856      140.5783 11810185    2.50%
 132874 53853        cutoff            144.1856      140.5811 11834724    2.50%
 133172 53939      142.3520    35      144.1856      140.5844 11863652    2.50%
 133467 54047      141.6652    35      144.1856      140.5865 11890734    2.50%
 133766 54147      142.6027    24      144.1856      140.5892 11918912    2.49%
 134053 54207      143.0432    35      144.1856      140.5921 11946354    2.49%
 134336 54262      143.4386    36      144.1856      140.5951 11974389    2.49%
 134679 54374      143.3839    25      144.1856      140.5992 12001699    2.49%
 134998 54452      144.1805    42      144.1856      140.6035 12029237    2.48%
 135300 54554      142.4160    18      144.1856      140.6067 12059136    2.48%
Elapsed time = 2071.71 sec. (1769622.30 ticks, tree = 59.71 MB, solutions = 7)
 135598 54668      144.0541    28      144.1856      140.6089 12088944    2.48%
 135894 54771        cutoff            144.1856      140.6110 12116459    2.48%
 136194 54890      143.1037    40      144.1856      140.6131 12144871    2.48%
 136507 55000      143.6160    33      144.1856      140.6151 12171599    2.48%
 136749 55056        cutoff            144.1856      140.6177 12200070    2.47%
 137041 55162        cutoff            144.1856      140.6208 12225388    2.47%
 137351 55250      143.2309    29      144.1856      140.6238 12253312    2.47%
 137631 55333      143.7849    37      144.1856      140.6253 12281975    2.47%
 137937 55389      140.9026    48      144.1856      140.6280 12310536    2.47%
 138221 55470      143.5636    31      144.1856      140.6290 12337000    2.47%
Elapsed time = 2117.97 sec. (1807833.69 ticks, tree = 60.58 MB, solutions = 7)
 138526 55567      144.0411    29      144.1856      140.6312 12365027    2.47%
 138829 55667      142.2553    45      144.1856      140.6336 12392346    2.46%
 139138 55749      143.5139    34      144.1856      140.6368 12419965    2.46%
 139480 55823        cutoff            144.1856      140.6403 12445932    2.46%
 139787 55909      141.6257    28      144.1856      140.6441 12473556    2.46%
 140084 56003      143.3426    29      144.1856      140.6467 12501325    2.45%
 140381 56090        cutoff            144.1856      140.6492 12529433    2.45%
 140665 56179      144.1721    44      144.1856      140.6514 12556389    2.45%
 140930 56237        cutoff            144.1856      140.6545 12584338    2.45%
 141210 56330      141.4561    29      144.1856      140.6567 12612572    2.45%
Elapsed time = 2163.31 sec. (1846058.14 ticks, tree = 61.40 MB, solutions = 7)
 141529 56442      143.2148    29      144.1856      140.6587 12640498    2.45%
 141837 56548      142.6603    34      144.1856      140.6623 12668561    2.44%
 142149 56612      142.5435    33      144.1856      140.6645 12696927    2.44%
 142450 56712      143.2403    27      144.1856      140.6672 12724500    2.44%
 142766 56810      141.9746    29      144.1856      140.6691 12750984    2.44%
 143077 56938      143.2301    33      144.1856      140.6717 12779456    2.44%
 143413 57046      142.6457    36      144.1856      140.6756 12807666    2.43%
 143715 57143      143.0035    26      144.1856      140.6786 12835024    2.43%
 144024 57244      141.8064    25      144.1856      140.6823 12862457    2.43%
 144366 57364      140.9364    42      144.1856      140.6842 12889792    2.43%
Elapsed time = 2201.92 sec. (1884268.25 ticks, tree = 62.43 MB, solutions = 7)
 144685 57446      142.1670    26      144.1856      140.6880 12918368    2.43%
 145017 57556      143.0692    40      144.1856      140.6916 12945121    2.42%
 145331 57651      143.7676    33      144.1856      140.6949 12973374    2.42%
 145656 57762      142.9439    40      144.1856      140.6971 13001089    2.42%
 145958 57859      141.9236    31      144.1856      140.7007 13029713    2.42%
 146257 57932      142.2926    38      144.1856      140.7039 13057104    2.41%
 146582 57987      142.4901    18      144.1856      140.7074 13083367    2.41%
 146921 58141      140.7787    29      144.1856      140.7101 13108746    2.41%
 147234 58246      142.1309    49      144.1856      140.7134 13137120    2.41%
 147597 58348      141.4243    27      144.1856      140.7162 13162440    2.41%
Elapsed time = 2241.35 sec. (1922510.69 ticks, tree = 63.38 MB, solutions = 7)
 147911 58471      144.0657    31      144.1856      140.7187 13191707    2.40%
 148225 58577        cutoff            144.1856      140.7208 13219394    2.40%
 148554 58684      143.4395    28      144.1856      140.7238 13246786    2.40%
 148890 58789      141.6168    28      144.1856      140.7265 13275003    2.40%
 149211 58874      142.2724    33      144.1856      140.7298 13303111    2.40%
 149521 58955      141.5265    43      144.1856      140.7322 13332254    2.40%
 149852 59052      140.9679    42      144.1856      140.7345 13360943    2.39%
 150150 59153      144.0482    33      144.1856      140.7371 13389262    2.39%
 150512 59270      140.9278    37      144.1856      140.7409 13416395    2.39%
 150883 59431      142.8257    41      144.1856      140.7428 13443984    2.39%
Elapsed time = 2284.47 sec. (1960761.23 ticks, tree = 64.42 MB, solutions = 7)
 151282 59563      142.4426    41      144.1856      140.7463 13470875    2.39%
 151645 59661      141.9272    33      144.1856      140.7495 13497356    2.38%
 151992 59784      141.4201    36      144.1856      140.7516 13523580    2.38%
 152258 59844      142.1716    27      144.1856      140.7546 13552297    2.38%
 152566 59929      141.6877    44      144.1856      140.7569 13578555    2.38%
 152866 60003      142.1006    30      144.1856      140.7594 13604763    2.38%
 153170 60070        cutoff            144.1856      140.7619 13632082    2.37%
 153468 60156      141.7361    24      144.1856      140.7637 13659951    2.37%
 153799 60314      142.8988    28      144.1856      140.7658 13686709    2.37%
 154123 60413      141.4351    35      144.1856      140.7684 13713626    2.37%
Elapsed time = 2328.72 sec. (1999004.20 ticks, tree = 65.45 MB, solutions = 7)
 154413 60524      142.0352    35      144.1856      140.7702 13741849    2.37%
 154726 60610      142.1108    42      144.1856      140.7727 13769816    2.37%
 155068 60729      142.3782    35      144.1856      140.7753 13797666    2.37%
 155391 60842      143.6097    30      144.1856      140.7785 13825063    2.36%
 155683 60925      141.7139    33      144.1856      140.7823 13852044    2.36%
 155962 61070      140.9290    35      144.1856      140.7826 13879208    2.36%
 156241 61220      143.7864    25      144.1856      140.7840 13905515    2.36%
 156599 61373      143.9825    32      144.1856      140.7869 13933034    2.36%
 156941 61505      142.1953    38      144.1856      140.7891 13959621    2.36%
 157301 61632      143.0915    34      144.1856      140.7909 13986228    2.35%
Elapsed time = 2376.11 sec. (2037304.02 ticks, tree = 66.71 MB, solutions = 7)
 157655 61752      143.3566    35      144.1856      140.7933 14012152    2.35%
 158028 61825      143.6966    31      144.1856      140.7954 14036822    2.35%
 158397 61963      142.8434    26      144.1856      140.7982 14062753    2.35%
 158717 62072        cutoff            144.1856      140.8012 14090685    2.35%
 159060 62234        cutoff            144.1856      140.8029 14116396    2.35%
 159363 62355        cutoff            144.1856      140.8055 14144516    2.34%
 159666 62432      142.0535    31      144.1856      140.8083 14172919    2.34%
 159973 62497      142.1350    30      144.1856      140.8114 14199489    2.34%
 160259 62578      143.9218    28      144.1856      140.8124 14226592    2.34%
 160503 62681      143.1049    39      144.1856      140.8132 14250409    2.34%
Elapsed time = 2426.83 sec. (2075553.48 ticks, tree = 67.81 MB, solutions = 7)
 160841 62811      141.6582    35      144.1856      140.8160 14276017    2.34%
 161160 62924      143.4941    40      144.1856      140.8183 14302353    2.34%
 161535 63076      143.4808    22      144.1856      140.8205 14328500    2.33%
 161835 63180      143.9751    39      144.1856      140.8222 14356120    2.33%
 162108 63272      143.4728    34      144.1856      140.8254 14379848    2.33%
 162367 63312      143.7002    24      144.1856      140.8262 14412873    2.33%
 162650 63425      143.1544    34      144.1856      140.8278 14437059    2.33%
 162941 63539      142.7561    25      144.1856      140.8302 14460487    2.33%
 163223 63633      141.0111    22      144.1856      140.8321 14485986    2.33%
 163553 63701      141.5513    34      144.1856      140.8356 14513688    2.32%
Elapsed time = 2480.08 sec. (2113801.07 ticks, tree = 69.14 MB, solutions = 7)
 163846 63820        cutoff            144.1856      140.8369 14543280    2.32%
 164185 63951      144.1205    34      144.1856      140.8388 14569326    2.32%
 164504 64054      143.5004    35      144.1856      140.8404 14597164    2.32%
 164838 64144        cutoff            144.1856      140.8436 14622594    2.32%
 165176 64252      142.7152    24      144.1856      140.8454 14652268    2.32%
 165516 64335      143.7161     9      144.1856      140.8486 14679858    2.31%
 165851 64447      143.6135    42      144.1856      140.8518 14706852    2.31%
 166192 64544      142.8270    43      144.1856      140.8544 14734585    2.31%
 166543 64683      142.5339    33      144.1856      140.8560 14761976    2.31%
 166882 64814      141.9883    20      144.1856      140.8580 14789255    2.31%
Elapsed time = 2532.81 sec. (2152101.42 ticks, tree = 70.30 MB, solutions = 7)
 167225 64920      144.0885    29      144.1856      140.8602 14817128    2.31%
 167570 65028      142.5152    43      144.1856      140.8625 14843456    2.30%
 167873 65111      143.3419    40      144.1856      140.8652 14870406    2.30%
 168204 65199      143.9090    40      144.1856      140.8681 14897001    2.30%
 168567 65329      143.9790    25      144.1856      140.8704 14923300    2.30%
 168910 65468      141.9994    36      144.1856      140.8721 14950205    2.30%
 169226 65562      142.7668    32      144.1856      140.8735 14977279    2.30%
 169569 65689      144.1052    36      144.1856      140.8758 15003901    2.30%
 169899 65774      144.0964    22      144.1856      140.8783 15030708    2.29%
 170186 65818      141.1031    34      144.1856      140.8821 15057968    2.29%
Elapsed time = 2574.99 sec. (2190339.29 ticks, tree = 74.27 MB, solutions = 7)
 170518 65929      140.8878    44      144.1856      140.8844 15086428    2.29%
 170864 66049      143.9624    31      144.1856      140.8877 15113949    2.29%
 171197 66140      141.1874    28      144.1856      140.8897 15140921    2.29%
 171551 66287      142.9776    25      144.1856      140.8922 15166265    2.28%
 171920 66437      142.0810    33      144.1856      140.8945 15192487    2.28%
 172252 66558      143.0864    31      144.1856      140.8960 15220559    2.28%
 172569 66675        cutoff            144.1856      140.8979 15246845    2.28%
 172881 66768      143.5554    17      144.1856      140.8997 15274664    2.28%
 173223 66854      143.0979    41      144.1856      140.9025 15302453    2.28%
 173546 66962      142.6530    33      144.1856      140.9047 15329274    2.28%
Elapsed time = 2622.84 sec. (2228598.55 ticks, tree = 75.50 MB, solutions = 7)
 173890 67080      143.7059    35      144.1856      140.9065 15355988    2.27%
 174223 67182      144.1846    18      144.1856      140.9083 15381572    2.27%
 174551 67306      143.6892    22      144.1856      140.9098 15407356    2.27%
 174859 67374      142.4271    33      144.1856      140.9128 15434007    2.27%
 175203 67497      142.5825    40      144.1856      140.9159 15460121    2.27%
 175553 67628      143.9080    22      144.1856      140.9183 15486158    2.27%
 175893 67719        cutoff            144.1856      140.9214 15513431    2.26%
 176227 67805      140.9229    44      144.1856      140.9229 15540633    2.26%
 176587 67916      142.3598    40      144.1856      140.9259 15568279    2.26%
 176895 68032      144.1674    30      144.1856      140.9281 15596119    2.26%
Elapsed time = 2670.73 sec. (2266919.61 ticks, tree = 76.52 MB, solutions = 7)
 177271 68184      141.9619    36      144.1856      140.9296 15623674    2.26%
 177595 68284      142.9055    26      144.1856      140.9318 15650687    2.26%
 177918 68422      143.9591    26      144.1856      140.9335 15676645    2.26%
 178236 68526      141.8497    32      144.1856      140.9353 15704152    2.25%
 178583 68632      142.5085    50      144.1856      140.9375 15730492    2.25%
 178915 68718      143.9387    25      144.1856      140.9400 15756171    2.25%
 179237 68802      142.6958    38      144.1856      140.9423 15782668    2.25%
 179552 68880      142.7229    33      144.1856      140.9440 15811059    2.25%
 179886 68975      143.8260    32      144.1856      140.9462 15838960    2.25%
 180238 69103      141.8623    18      144.1856      140.9481 15866501    2.25%
Elapsed time = 2717.76 sec. (2305182.88 ticks, tree = 77.64 MB, solutions = 7)
 180562 69212      142.0892    39      144.1856      140.9499 15893847    2.24%
 180868 69296      142.4470    11      144.1856      140.9521 15921694    2.24%
 181202 69387      141.3989    22      144.1856      140.9540 15948647    2.24%
 181524 69483      141.3858    28      144.1856      140.9560 15973506    2.24%
 181860 69572        cutoff            144.1856      140.9587 16000245    2.24%
 182172 69654      142.1330    40      144.1856      140.9604 16027714    2.24%
 182525 69764      143.2646    48      144.1856      140.9630 16055548    2.23%
 182813 69869      143.2848    30      144.1856      140.9638 16082767    2.23%
 183142 69972      143.3597    33      144.1856      140.9656 16110771    2.23%
 183491 70087      144.0030    40      144.1856      140.9678 16138044    2.23%
Elapsed time = 2764.93 sec. (2343411.44 ticks, tree = 78.62 MB, solutions = 7)
 183849 70184      141.5513    37      144.1856      140.9701 16165961    2.23%
 184185 70280        cutoff            144.1856      140.9730 16194275    2.23%
 184505 70355      141.4805    23      144.1856      140.9757 16220472    2.23%
 184818 70463      143.7803    25      144.1856      140.9779 16247970    2.22%
 185156 70570        cutoff            144.1856      140.9800 16275750    2.22%
 185486 70672      141.7513    33      144.1856      140.9817 16302758    2.22%
 185833 70789      142.5122    29      144.1856      140.9845 16328842    2.22%
 186167 70881      140.9870    20      144.1856      140.9870 16355469    2.22%
 186500 70965      143.7033    22      144.1856      140.9893 16382373    2.22%
 186803 71053      142.3807    37      144.1856      140.9911 16408050    2.22%
Elapsed time = 2812.12 sec. (2381650.26 ticks, tree = 79.59 MB, solutions = 7)
 187171 71162        cutoff            144.1856      140.9940 16436041    2.21%
 187481 71257      143.4741    39      144.1856      140.9948 16463990    2.21%
 187773 71359      141.6848    30      144.1856      140.9955 16493023    2.21%
 188077 71438      143.4815    36      144.1856      140.9978 16519609    2.21%
 188451 71584      141.0002    44      144.1856      140.9998 16545376    2.21%
 188780 71685      142.2780    44      144.1856      141.0026 16572789    2.21%
 189096 71761      141.8579    28      144.1856      141.0051 16598942    2.21%
 189390 71835        cutoff            144.1856      141.0066 16625378    2.20%
 189718 71957      142.7874    14      144.1856      141.0082 16651651    2.20%
 190045 72059      141.6356    22      144.1856      141.0093 16679915    2.20%
Elapsed time = 2858.82 sec. (2419951.14 ticks, tree = 80.60 MB, solutions = 7)
 190337 72146      142.9531    27      144.1856      141.0111 16707441    2.20%
 190665 72255      142.5127    27      144.1856      141.0130 16734490    2.20%
 190980 72369      143.9003    26      144.1856      141.0152 16761925    2.20%
 191267 72461      142.3169    23      144.1856      141.0162 16788442    2.20%
 191586 72548        cutoff            144.1856      141.0184 16815642    2.20%
 191911 72664      142.8988    35      144.1856      141.0196 16842824    2.20%
 192226 72742      141.9238    30      144.1856      141.0217 16868379    2.19%
 192525 72824      141.0226    30      144.1856      141.0226 16896446    2.19%
 192852 72921      142.3398    24      144.1856      141.0235 16924031    2.19%
 193191 73026      144.0981    29      144.1856      141.0257 16950306    2.19%
Elapsed time = 2906.18 sec. (2458157.48 ticks, tree = 81.48 MB, solutions = 7)
 193505 73108      141.4194    36      144.1856      141.0278 16977143    2.19%
 193835 73216      142.3675    29      144.1856      141.0299 17003707    2.19%
 194178 73307        cutoff            144.1856      141.0322 17030883    2.19%
 194501 73405      142.6326    38      144.1856      141.0345 17057715    2.19%
 194810 73480      143.3370    31      144.1856      141.0366 17083629    2.18%
 195143 73593      141.6503    33      144.1856      141.0381 17112545    2.18%
 195489 73689      141.9375    35      144.1856      141.0409 17138828    2.18%
 195801 73762      142.9806    19      144.1856      141.0429 17165975    2.18%
 196127 73869        cutoff            144.1856      141.0447 17191677    2.18%
 196472 73969      142.9922    35      144.1856      141.0461 17220549    2.18%
Elapsed time = 2953.09 sec. (2496400.39 ticks, tree = 82.39 MB, solutions = 7)
 196813 74109      143.9727    28      144.1856      141.0474 17247509    2.18%
 197141 74209      142.7801    29      144.1856      141.0492 17276133    2.18%
 197427 74296      141.0528    34      144.1856      141.0513 17304423    2.17%
 197766 74397      143.0198    30      144.1856      141.0529 17331218    2.17%
 198046 74467        cutoff            144.1856      141.0548 17359426    2.17%
 198341 74561      142.4820    40      144.1856      141.0561 17387680    2.17%
 198646 74631      142.2813    53      144.1856      141.0582 17414711    2.17%
 198957 74734      141.1051    41      144.1856      141.0600 17441943    2.17%
 199303 74826      141.9283    26      144.1856      141.0626 17469466    2.17%
 199632 74930      141.8390    34      144.1856      141.0647 17497410    2.16%
Elapsed time = 2999.89 sec. (2534633.16 ticks, tree = 83.35 MB, solutions = 7)
 199975 75024      143.5985    45      144.1856      141.0675 17524536    2.16%
 200311 75113      141.1683    39      144.1856      141.0697 17550865    2.16%
 200624 75180      142.3023    30      144.1856      141.0719 17576944    2.16%
 200901 75281        cutoff            144.1856      141.0728 17603778    2.16%
 201220 75388      141.8564    33      144.1856      141.0742 17632000    2.16%
 201561 75499        cutoff            144.1856      141.0759 17659712    2.16%
 201884 75588      142.3415    30      144.1856      141.0780 17686653    2.16%
 202206 75683      143.0457    25      144.1856      141.0796 17713521    2.15%
 202547 75794      143.7278    43      144.1856      141.0814 17740413    2.15%
 202858 75888      141.6935    44      144.1856      141.0827 17768572    2.15%
Elapsed time = 3046.86 sec. (2572938.81 ticks, tree = 84.27 MB, solutions = 7)
 203129 75958      143.7994    43      144.1856      141.0848 17795633    2.15%
 203494 76063      143.8623    29      144.1856      141.0870 17821785    2.15%
 203828 76141      142.9978    34      144.1856      141.0896 17849056    2.15%
 204195 76249      141.4207    35      144.1856      141.0919 17874966    2.15%
 204509 76324      141.5835    37      144.1856      141.0935 17899990    2.14%
 204871 76428      141.8040    20      144.1856      141.0958 17927899    2.14%
 205247 76516      143.2776    19      144.1856      141.0985 17954551    2.14%
 205586 76619      141.9023    24      144.1856      141.1009 17981854    2.14%
 205948 76741      143.2571    34      144.1856      141.1034 18008554    2.14%
 206252 76786      143.8880    35      144.1856      141.1053 18035889    2.14%
Elapsed time = 3093.97 sec. (2611194.42 ticks, tree = 85.09 MB, solutions = 7)
 206573 76860      143.1125    35      144.1856      141.1075 18062287    2.13%
 206887 76962      143.8778    28      144.1856      141.1098 18088230    2.13%
 207209 77027      142.3114    32      144.1856      141.1124 18114656    2.13%
 207547 77122      144.1047    35      144.1856      141.1145 18141463    2.13%
 207875 77198      143.4860    32      144.1856      141.1171 18168037    2.13%
 208241 77280      142.1578    26      144.1856      141.1190 18195037    2.13%
 208544 77366      142.7911    35      144.1856      141.1204 18221901    2.13%
 208880 77459      141.8615    24      144.1856      141.1230 18247633    2.12%
 209193 77532        cutoff            144.1856      141.1249 18273983    2.12%
 209486 77602      141.5509    50      144.1856      141.1265 18300523    2.12%
Elapsed time = 3139.26 sec. (2649458.57 ticks, tree = 85.91 MB, solutions = 7)
 209808 77662      143.8701    28      144.1856      141.1290 18327075    2.12%
 210145 77716      142.0975    22      144.1856      141.1307 18355066    2.12%
 210437 77780      143.6885    31      144.1856      141.1330 18382738    2.12%
 210781 77844      141.8574    46      144.1856      141.1360 18410294    2.12%
 211091 77983      142.3733    19      144.1856      141.1369 18438452    2.11%
 211411 78079      142.4329    30      144.1856      141.1386 18464356    2.11%
 211755 78196        cutoff            144.1856      141.1403 18491261    2.11%
 212079 78287      141.2028    39      144.1856      141.1426 18518000    2.11%
 212371 78332      142.6671    39      144.1856      141.1443 18545136    2.11%
 212709 78436        cutoff            144.1856      141.1460 18572073    2.11%
Elapsed time = 3177.73 sec. (2687689.63 ticks, tree = 86.66 MB, solutions = 7)
 213042 78505      142.4352    32      144.1856      141.1483 18598560    2.11%
 213336 78583      142.4863    31      144.1856      141.1508 18625716    2.10%
 213674 78659      142.7436    35      144.1856      141.1536 18652805    2.10%
 213997 78746      144.1573     9      144.1856      141.1551 18677245    2.10%
 214323 78794      141.8153    38      144.1856      141.1577 18706651    2.10%
 214679 78870      142.6421    33      144.1856      141.1608 18732725    2.10%
 214988 78942      142.4444    47      144.1856      141.1633 18759383    2.10%
 215314 79035      143.8678    37      144.1856      141.1651 18787074    2.09%
 215652 79113      141.4004    30      144.1856      141.1677 18812483    2.09%
 215966 79178      143.1585    34      144.1856      141.1703 18840263    2.09%
Elapsed time = 3224.73 sec. (2725903.05 ticks, tree = 87.41 MB, solutions = 7)
 216308 79245      141.4094    34      144.1856      141.1728 18866916    2.09%
 216627 79362      142.1943    32      144.1856      141.1750 18894418    2.09%
 216940 79456      142.2695    42      144.1856      141.1768 18916377    2.09%
 217110 79508      141.1776    26      144.1856      141.1776 18930223    2.09%
 217325 79600      143.3850    18      144.1856      141.1781 18948449    2.09%
 217497 79638      143.7110    29      144.1856      141.1789 18962425    2.09%
 217797 79718      141.1821    27      144.1856      141.1812 18985441    2.08%
 218023 79764      143.7735    24      144.1856      141.1828 19005777    2.08%
 218197 79832      143.4915    40      144.1856      141.1832 19017470    2.08%
 218384 79871      144.0637    26      144.1856      141.1839 19030176    2.08%
Elapsed time = 3273.16 sec. (2768287.97 ticks, tree = 89.57 MB, solutions = 7)
 218428 79874        cutoff            144.1856      141.1842 19034340    2.08%
 218638 79929      142.1049    25      144.1856      141.1852 19051751    2.08%
*218697+79769                          144.1746      141.1857             2.07%
 218797 79813      144.0547    22      144.1746      141.1864 19063993    2.07%
 218906 79848      143.6834    46      144.1746      141.1867 19074715    2.07%
 219197 79920      142.6654    33      144.1746      141.1882 19098147    2.07%
 219297 79941      142.4792    46      144.1746      141.1890 19106817    2.07%
 219397 79970      142.7720    25      144.1746      141.1897 19114162    2.07%
 219718 80025      143.1227    30      144.1746      141.1920 19141664    2.07%
 219867 80065      141.7716    41      144.1746      141.1932 19155648    2.07%
 219997 80090      143.4617    27      144.1746      141.1938 19166210    2.07%
Elapsed time = 3321.03 sec. (2813014.45 ticks, tree = 89.79 MB, solutions = 8)
 220097 80106      141.5446    27      144.1746      141.1946 19176025    2.07%
 220378 80182      141.5955    27      144.1746      141.1959 19200619    2.07%
 220447 80201        cutoff            144.1746      141.1967 19206040    2.07%
 220597 80229      142.9153    20      144.1746      141.1983 19216976    2.06%
 220721 80243      142.3364    34      144.1746      141.1992 19227354    2.06%
 220897 80290      141.2003    38      144.1746      141.2004 19241222    2.06%
 221067 80318      141.4103    46      144.1746      141.2012 19255778    2.06%
 221097 80324      141.3912    21      144.1746      141.2012 19258063    2.06%
 221297 80396      143.2651    31      144.1746      141.2028 19272955    2.06%
 221607 80455      141.8039    40      144.1746      141.2049 19299853    2.06%
Elapsed time = 3375.19 sec. (2860540.31 ticks, tree = 90.16 MB, solutions = 8)
 221697 80481      142.7288    29      144.1746      141.2055 19308182    2.06%
 221897 80513      143.3814    21      144.1746      141.2072 19325274    2.06%
 222197 80535      144.0038    33      144.1746      141.2090 19350709    2.06%
 222297 80536      142.7263    44      144.1746      141.2098 19359579    2.06%
 222497 80607      142.1475    28      144.1746      141.2104 19375869    2.06%
*222590 75860      integral     0      143.9224      141.2111 19382367    1.88%
 222649 75864      143.5829    19      143.9224      141.2117 19387291    1.88%
*222690+73921                          143.8282      141.2119             1.82%
 222787 73928      141.9653    36      143.8282      141.2125 19399768    1.82%
 222869 73938      142.4754    26      143.8282      141.2131 19406220    1.82%
 222897 73934      141.9935    44      143.8282      141.2136 19409912    1.82%
 223097 73964      143.6255    17      143.8282      141.2153 19425184    1.82%
Elapsed time = 3427.79 sec. (2910339.18 ticks, tree = 83.28 MB, solutions = 10)
 223297 73985      142.3109    29      143.8282      141.2169 19441589    1.82%
 223463 74025      141.5040    42      143.8282      141.2178 19454639    1.81%
 223497 74039      143.1361    17      143.8282      141.2180 19456109    1.81%
 223597 74058      143.6669    24      143.8282      141.2184 19465046    1.81%
 223797 74073      141.2207    38      143.8282      141.2207 19481215    1.81%
 223897 74091      143.4479    24      143.8282      141.2214 19488425    1.81%
 223997 74114      142.8625    31      143.8282      141.2221 19494846    1.81%
 224097 74156      141.3232    45      143.8282      141.2226 19504478    1.81%
 224297 74214      143.2706    31      143.8282      141.2236 19524337    1.81%
 224437 74239      141.5729    26      143.8282      141.2247 19536322    1.81%
Elapsed time = 3485.15 sec. (2962142.06 ticks, tree = 83.56 MB, solutions = 10)
 224708 74282      141.3428    23      143.8282      141.2266 19560970    1.81%
 224881 74325      143.2138    32      143.8282      141.2276 19576258    1.81%
 224941 74363      141.3209    39      143.8282      141.2276 19581412    1.81%
 225097 74401      143.6721    32      143.8282      141.2276 19598186    1.81%
 225448 74272      143.2721    21      143.8282      141.2276 19630124    1.81%
 225580 74213      143.5843    26      143.8282      141.2276 19646658    1.81%
 225697 74211      143.5678    30      143.8282      141.2281 19659706    1.81%
 225913 74250      143.2532    26      143.8282      141.2298 19678022    1.81%
 226097 74281      142.9933    29      143.8282      141.2305 19692178    1.81%
 226297 74304      143.4322    37      143.8282      141.2320 19711327    1.81%
Elapsed time = 3533.63 sec. (3005165.13 ticks, tree = 83.64 MB, solutions = 10)
 226575 74369      143.3735    34      143.8282      141.2341 19737303    1.80%
 226697 74373      141.4182    38      143.8282      141.2346 19749749    1.80%
 226997 74424      142.5277    31      143.8282      141.2366 19773278    1.80%
 227216 74478      141.9822    34      143.8282      141.2384 19790349    1.80%
 227329 74493      141.4346    28      143.8282      141.2389 19801047    1.80%
 227634 74513      143.2484    24      143.8282      141.2408 19827566    1.80%
 227971 74603      141.3939    45      143.8282      141.2433 19851037    1.80%
 228277 74651      143.4986    38      143.8282      141.2457 19874678    1.80%
 228598 74693      141.6830    30      143.8282      141.2486 19901336    1.79%
 228897 74786      141.5132    40      143.8282      141.2504 19925241    1.79%
Elapsed time = 3587.46 sec. (3049142.76 ticks, tree = 84.17 MB, solutions = 10)
 229197 74825      141.3727    44      143.8282      141.2524 19951907    1.79%
 229494 74871      141.5216    32      143.8282      141.2545 19979239    1.79%

GUB cover cuts applied:  44
Clique cuts applied:  7
Cover cuts applied:  33
Implied bound cuts applied:  14
Flow cuts applied:  17
Mixed integer rounding cuts applied:  359
Zero-half cuts applied:  14
Lift and project cuts applied:  8
Gomory fractional cuts applied:  4

Root node processing (before b&c):
  Real time             =    2.46 sec. (2246.17 ticks)
Sequential b&c:
  Real time             = 3597.54 sec. (3058072.98 ticks)
                          ------------
Total (root+branch&cut) = 3600.00 sec. (3060319.15 ticks)
