Version identifier: 22.1.0.0 | 2022-03-09 | 1a383f8ce
CPXPARAM_Read_DataCheck                          1
CPXPARAM_Threads                                 1
CPXPARAM_TimeLimit                               3600
Tried aggregator 2 times.
MIP Presolve eliminated 8508 rows and 312 columns.
MIP Presolve modified 103123 coefficients.
Aggregator did 334 substitutions.
Reduced MIP has 22149 rows, 1574 columns, and 178868 nonzeros.
Reduced MIP has 1171 binaries, 0 generals, 0 SOSs, and 0 indicators.
Presolve time = 0.40 sec. (316.77 ticks)
Probing fixed 1 vars, tightened 7 bounds.
Probing time = 0.06 sec. (51.20 ticks)
Tried aggregator 1 time.
Detecting symmetries...
MIP Presolve eliminated 5 rows and 1 columns.
MIP Presolve modified 355 coefficients.
Reduced MIP has 22144 rows, 1573 columns, and 178824 nonzeros.
Reduced MIP has 1170 binaries, 0 generals, 0 SOSs, and 0 indicators.
Presolve time = 0.13 sec. (84.90 ticks)
Probing time = 0.01 sec. (8.17 ticks)
Clique table members: 3775.
MIP emphasis: balance optimality and feasibility.
MIP search method: dynamic search.
Parallel mode: none, using 1 thread.
Root relaxation solution time = 0.07 sec. (83.11 ticks)

        Nodes                                         Cuts/
   Node  Left     Objective  IInf  Best Integer    Best Bound    ItCnt     Gap

      0     0      295.7021   231                    295.7021      489         
      0     0      295.7021   116                   Cuts: 414      983         
      0     0      295.7021   110                   Cuts: 899     1404         
      0     0      295.7021   120                   Cuts: 866     2148         
      0     0      295.7021   117                   Cuts: 273     2895         
Detecting symmetries...
      0     2      295.7021    81                    295.7021     2895         
Elapsed time = 8.30 sec. (8198.35 ticks, tree = 0.01 MB, solutions = 0)
      3     5      311.0565   112                    295.7021     4039         
      7     9      295.7021    98                    295.7021     4817         
     10    12      295.7021    94                    295.7021     4945         
     13    15      295.7021    95                    295.7021     5857         
     17    19      295.7021    99                    295.7021     7129         
     20    22      304.0092   100                    295.7021     7758         
     23    25      295.7021    94                    295.7021     8413         
     26    28      295.7021    92                    295.7021     9099         
     28    30      301.8395   103                    295.7021     9826         
     40    42      297.9785    85                    295.7023    13294         
Elapsed time = 12.09 sec. (12563.96 ticks, tree = 0.76 MB, solutions = 0)
     50    52      317.6420   103                    295.7027    17165         
     58    60      312.7143    90                    295.7044    19772         
     60    62      295.8076    91                    295.7044    19922         
     74    76      296.6547    86                    295.7079    23385         
     80    82      295.7079   111                    295.7079    25470         
     86    88      295.7079   109                    295.7079    28198         
     88    90      295.7079   108                    295.7079    30072         
     93    95      332.5256   129                    295.7079    34432         
    103   105      309.8843   101                    295.7079    37442         
    110   112      327.5642   120                    295.7079    40997         
Elapsed time = 23.43 sec. (25076.85 ticks, tree = 1.35 MB, solutions = 0)
    115   117      301.4551    93                    295.7079    48915         
    119   121      295.7079   105                    295.7079    52099         
    123   125      309.4075   146                    295.7079    54749         
    130   132      302.1790   109                    295.7079    57997         
    137   139      299.8046    81                    295.7079    62637         
    147   147      295.7082   104                    295.7079    64621         
    154   152      316.7943   126                    295.7079    67351         
    159   157      295.7082   109                    295.7079    69908         
    168   166      296.7014    88                    295.7079    71979         
    172   170      296.5052    97                    295.7079    74446         
Elapsed time = 36.81 sec. (38004.16 ticks, tree = 5.76 MB, solutions = 0)
    180   178      295.7083   104                    295.7079    76657         
    192   190      298.6958    90                    295.7079    80591         
    200   198      295.7090    97                    295.7079    82276         
    210   208      296.8623    94                    295.7079    86066         
    223   221      297.5392    70                    295.7079    89831         
    230   228      295.7090    95                    295.7079    93001         
    241   237      312.8229   131                    295.7079    97567         
    251   247      298.2015    95                    295.7079   101604         
    260   256      295.7090    95                    295.7079   104470         
    270   266      295.8894   131                    295.7079   108644         
Elapsed time = 46.72 sec. (49306.23 ticks, tree = 6.10 MB, solutions = 0)
    284   278      324.0665    87                    295.7079   112542         
    298   290      298.3876    68                    295.7079   116627         
    314   301      301.6272    70                    295.7079   120259         
    324   309      301.6272    74                    295.7079   124244         
    336   321      313.4411    67                    295.7079   128733         
    346   327      336.1060   141                    295.7079   131970         
    354   325      308.3660    92                    295.7079   135759         
    360   331      333.7564    87                    295.7079   136596         
    386   353      299.7998    95                    295.7079   143488         
    400   367      306.1576    93                    295.7079   147854         
Elapsed time = 57.81 sec. (61043.62 ticks, tree = 6.45 MB, solutions = 0)
    413   380      301.5324    79                    295.7079   150987         
    429   396      311.8016    66                    295.7079   154339         
    457   424      341.0781    49                    295.7079   158027         
    481   446      341.7257    51                    295.7079   162524         
    503   460      340.8763    31                    295.7079   164941         
    523   472      343.2969    22                    295.7079   166398         
    560   501      343.3685    25                    295.7079   168373         
    592   521    infeasible                          295.7079   172497         
    594   521      311.8672   131                    295.7079   175511         
    600   525      333.8868   104                    295.7079   178474         
Elapsed time = 68.36 sec. (71457.22 ticks, tree = 6.85 MB, solutions = 0)
    603   522    infeasible                          295.7079   181483         
    608   522    infeasible                          295.7079   189047         
    615   529      299.3650    75                    295.7082   190401         
    627   541      313.2308    76                    295.7082   192433         
    634   542    infeasible                          295.7082   196966         
    639   547      314.4808    81                    295.7082   199214         
    644   552      320.6287    69                    295.7082   200006         
    671   575      344.2418   122                    295.7082   204843         
    678   576      321.6162    93                    295.7083   211981         
    685   579      298.2690    77                    295.7083   214189         
Elapsed time = 84.68 sec. (86161.02 ticks, tree = 6.69 MB, solutions = 0)
    694   588      297.0668    76                    295.7083   219512         
    717   611      302.3946    73                    295.7083   222886         
    731   625      298.1788    51                    295.7083   224739         
    746   640      301.8878    62                    295.7083   227911         
    758   652      301.0636    64                    295.7083   231804         
    760   654      298.1854    62                    295.7083   232172         
    773   667      298.2086    67                    295.7083   235862         
    791   683      305.1596    62                    295.7083   239841         
    800   692      302.3223    51                    295.7083   241509         
    815   707      302.3223    46                    295.7083   245177         
Elapsed time = 94.16 sec. (96586.32 ticks, tree = 7.13 MB, solutions = 0)
    829   720      302.3223    40                    295.7083   248932         
    842   733      308.4274    68                    295.7083   252582         
    870   758      295.7198    88                    295.7083   255313         
    892   774      309.7532   104                    295.7083   259552         
    910   788      297.0863    74                    295.7084   262668         
    922   800      297.8593    74                    295.7084   266436         
    938   814      298.2551    72                    295.7084   270338         
    954   830      300.3255    75                    295.7084   273812         
    960   836      302.0583    80                    295.7084   274724         
    978   852      301.5156    71                    295.7084   278567         
Elapsed time = 104.75 sec. (107925.18 ticks, tree = 7.63 MB, solutions = 0)
    998   872      303.3738    46                    295.7084   283276         
   1024   898      301.1247    57                    295.7084   286374         
   1051   923      320.0766    64                    295.7084   290441         
   1068   938    infeasible                          295.7084   293904         
   1110   974      297.5381    77                    295.7084   296028         
   1136  1000      311.1012    69                    295.7084   298509         
   1170  1027      339.7599    27                    295.7084   301612         
   1181  1034      315.6920    91                    295.7090   303871         
   1200  1051      314.4560    82                    295.7090   304667         
   1308  1145      324.7072    83                    295.7090   318116         
Elapsed time = 117.18 sec. (121225.70 ticks, tree = 8.69 MB, solutions = 0)
   1360  1197      296.3237    94                    295.7090   329846         
   1430  1261      313.4378    44                    295.7090   344693         

Performing restart 1

Repeating presolve.
Tried aggregator 1 time.
MIP Presolve eliminated 2 rows and 1 columns.
Reduced MIP has 22142 rows, 1572 columns, and 178759 nonzeros.
Reduced MIP has 1169 binaries, 0 generals, 0 SOSs, and 0 indicators.
Presolve time = 0.07 sec. (59.60 ticks)
Tried aggregator 1 time.
Reduced MIP has 22142 rows, 1572 columns, and 178759 nonzeros.
Reduced MIP has 1169 binaries, 0 generals, 0 SOSs, and 0 indicators.
Presolve time = 0.13 sec. (75.90 ticks)
Represolve time = 0.39 sec. (270.89 ticks)
   1518     0      295.7043   115                   Cuts: 584   354219         
   1518     0      295.7147   220                  Cuts: 1013   355182         
   1518     0      295.7263   257                  Cuts: 2352   355650         
   1518     0      295.7332   217                  Cuts: 3194   356061         
   1518     0      295.7419   205                  Cuts: 1818   356610         
   1518     0      295.7539   231                  Cuts: 3348   357245         
   1518     0      295.7567   328                  Cuts: 2714   358001         
   1518     0      295.7629   332                  Cuts: 2440   358461         
   1518     0      295.7732   327                  Cuts: 4543   358935         
   1518     0      295.7806   358                  Cuts: 1964   359358         
   1518     0      295.7944   266                  Cuts: 4177   360138         
   1518     0      295.8023   268                  Cuts: 3270   360498         
   1518     0      295.8027   236                  Cuts: 4321   361052         
   1518     0      295.8065   315                  Cuts: 1842   361634         
   1518     0      295.8162   194                  Cuts: 1985   362078         
   1518     0      295.8197   203                  Cuts: 4041   362480         
   1518     0      295.8208   307                  Cuts: 3749   363168         
   1518     0      295.8212   282                  Cuts: 2101   363479         
   1518     0      295.8223   207                  Cuts: 4707   363851         
   1518     0      295.8225   213                  Cuts: 5334   364091         
   1518     2      295.8225   213                    295.8226   364091         
   1520     4      295.8232   207                    295.8238   364139         
   1524     8      314.1087   106                    295.8241   366094         
   1528    12      295.8242   198                    295.8241   366190         
   1539    22      296.8731    90                    295.8241   370654         
   1550    33      297.3666   108                    295.8241   372587         
   1558    40      297.5869    98                    295.8241   375089         
   1563    45      306.0789   111                    295.8241   378037         
Elapsed time = 210.24 sec. (201997.56 ticks, tree = 2.15 MB, solutions = 0)
   1571    53      297.5890    91                    295.8241   379302         
   1578    59      298.0710    68                    295.8241   380820         
   1615    95      300.2758    76                    295.8241   384559         
   1639   117      311.2141    66                    295.8241   389225         
   1658   136      311.5309    63                    295.8241   393378         
   1713   186      312.7279    47                    295.8241   397215         
   1779   241      299.7714   108                    295.8242   403925         
   1803   265      305.9609    99                    295.8242   408246         
   1823   283      306.0186    89                    295.8242   412324         
   1861   321      303.1604    74                    295.8242   420249         
Elapsed time = 249.07 sec. (242848.53 ticks, tree = 5.47 MB, solutions = 0)
   1918   378      308.8853    61                    295.8242   428796         
   1999   446      298.9024   124                    295.8242   436336         
   2086   533      303.3165    66                    295.8257   441603         
   2133   580      301.0527   103                    295.8326   450267         
   2155   602      324.2412    94                    295.8326   456673         
   2190   635      327.4661    93                    295.8326   464464         
   2238   683      304.7515    58                    295.8326   472710         
   2320   763      312.5247    70                    295.8357   485840         
   2350   793      323.5189   101                    295.8357   494568         
   2363   806      317.3971    71                    295.8357   499073         
Elapsed time = 307.62 sec. (286814.06 ticks, tree = 7.19 MB, solutions = 0)
   2399   842      317.1689    60                    295.8357   507321         
   2481   924      337.2158    30                    295.8357   516354         

Performing restart 2

Repeating presolve.
Tried aggregator 1 time.
MIP Presolve eliminated 12 rows and 3 columns.
MIP Presolve modified 70 coefficients.
Reduced MIP has 22130 rows, 1569 columns, and 185435 nonzeros.
Reduced MIP has 1166 binaries, 0 generals, 0 SOSs, and 0 indicators.
Presolve time = 0.14 sec. (106.22 ticks)
Tried aggregator 1 time.
Reduced MIP has 22130 rows, 1569 columns, and 185435 nonzeros.
Reduced MIP has 1166 binaries, 0 generals, 0 SOSs, and 0 indicators.
Presolve time = 0.15 sec. (81.64 ticks)
Represolve time = 0.73 sec. (404.36 ticks)
   2530     0      295.8239   191                  Cuts: 5623   526880         
   2530     0      295.8250   344                  Cuts: 1385   527234         
   2530     0      295.8261   286                  Cuts: 1004   527644         
   2530     0      295.8284   352                  Cuts: 2648   528061         
   2530     0      295.8298   334                  Cuts: 3488   528436         
   2530     0      295.8298   342                  Cuts: 5632   528613         
   2530     0      295.8298   293                  Cuts: 5632   529038         
   2530     0      295.8322   303                  Cuts: 3727   529364         
   2530     0      295.8338   370                  Cuts: 1124   529724         
   2530     0      295.8341   389                  Cuts: 5324   529985         
   2530     0      295.8408   351                  Cuts: 5140   530362         
   2530     0      295.8470   400                  Cuts: 5060   530676         
   2530     0      295.8604   343                  Cuts: 2133   531230         
   2530     0      295.8641   368                  Cuts: 5522   531804         
   2530     0      295.8786   386                  Cuts: 4549   532198         
   2530     2      295.8786   412                    295.8786   532198         
   2533     5      295.8795   405                    295.8797   532228         
   2536     8      303.6406   106                    295.8804   535523         
   2543    15      303.6406    93                    295.8804   537151         
   2554    26      306.7518    99                    295.8804   538007         
   2560    32      303.6406    87                    295.8804   538233         
   2567    39      304.1571    80                    295.8804   538778         
   2576    48      305.3715    97                    295.8804   539424         
Elapsed time = 582.39 sec. (443189.77 ticks, tree = 4.01 MB, solutions = 0)
   2580    52      304.1841    71                    295.8804   540228         
   2589    61      304.2280    81                    295.8804   540727         
   2600    72      304.3500    90                    295.8804   541485         
   2613    85      305.4364    67                    295.8804   542059         
   2623    95      306.1087    79                    295.8804   542829         
   2635   107      307.5311    57                    295.8804   544124         
   2647   115      307.5311    54                    295.8804   547809         
   2662   130      307.5312    66                    295.8804   549195         
   2679   147      320.5850    56                    295.8804   550310         
   2709   177      307.9531    42                    295.8804   550910         
Elapsed time = 639.18 sec. (483554.93 ticks, tree = 25.43 MB, solutions = 0)
   2753   220      330.5304    22                    295.8804   552355         
   2776   236      295.8804   386                    295.8804   552784         
   2779   239      335.8640    99                    295.8804   556927         
   2785   245      334.6705   110                    295.8804   558196         
   2791   251      346.3087    93                    295.8804   559138         
   2800   260      353.3062    84                    295.8804   559799         
   2810   270      353.3062    79                    295.8804   560618         
   2826   286      359.2457    61                    295.8804   562149         
   2854   314      360.0470    61                    295.8804   563581         
   2897   354      376.1931    39                    295.8804   566131         
Elapsed time = 691.56 sec. (523404.56 ticks, tree = 57.16 MB, solutions = 0)
   2950   392      295.8804   358                    295.8804   567112         
   2953   395      325.2145   103                    295.8804   571714         
   2963   405      327.2829    87                    295.8804   572159         
   2979   421      337.3133    71                    295.8804   572847         
   3008   450      340.9653    63                    295.8804   574444         
   3038   468      295.8804   358                    295.8804   575760         
   3042   472      310.4913    91                    295.8804   579861         
   3053   483      317.9861    88                    295.8804   580857         
   3065   495      331.6420    79                    295.8804   581645         
   3087   517      336.3120    73                    295.8804   583173         
Elapsed time = 736.12 sec. (564474.89 ticks, tree = 86.05 MB, solutions = 0)
   3133   563      347.3789    58                    295.8804   587188         
   3196   618      375.0198    16                    295.8804   589915         
   3271   667      297.8301    70                    295.8809   595001         
   3280   676      297.8301    69                    295.8809   596164         
   3294   690      297.9504    74                    295.8809   597231         
   3307   703      297.8794    90                    295.8809   599171         
   3314   710      336.5426   105                    295.8809   607220         
   3332   728      301.4163    58                    295.8809   610371         
   3369   765      315.4005    66                    295.8809   614472         
   3428   823      327.2024    33                    295.8809   617548         
Elapsed time = 802.76 sec. (609159.05 ticks, tree = 140.06 MB, solutions = 0)
   3465   857      316.3349   142                    295.8810   619887         
   3482   874      354.0765   102                    295.8810   621310         
   3518   910      326.5849    71                    295.8810   623475         
   3582   956      346.8622    45                    295.8810   626851         
   3619   980      295.8812   332                    295.8815   628281         
   3654  1015      295.8956   203                    295.8824   628733         
   3701  1062      303.9424    65                    295.8824   631938         
   3817  1171      332.7414    15                    295.8824   633336         
   3838  1182      323.2525   104                    295.8825   639574         
   3860  1204      302.1814    82                    295.8825   642589         
Elapsed time = 860.92 sec. (650581.29 ticks, tree = 207.83 MB, solutions = 0)
   3883  1227      310.0724    92                    295.8825   645541         
   3910  1254      314.7382    70                    295.8825   649140         
   3947  1288      329.8905    45                    295.8825   653765         
   3970  1301      302.6005    81                    295.8828   660918         
   3988  1319      322.4355    75                    295.8828   662279         
   4060  1391      379.3301    22                    295.8828   666249         
   4108  1433      296.8677    76                    295.8839   670028         
   4127  1452      317.7026    84                    295.8839   672728         
   4178  1503      308.5641    62                    295.8839   675884         
   4226  1545    infeasible                          295.8839   679584         
Elapsed time = 934.57 sec. (691758.94 ticks, tree = 268.78 MB, solutions = 0)
   4282  1593      305.8777    68                    295.8877   681903         
   4321  1626      298.0021    83                    295.8917   687098         
   4325  1630      298.0021    79                    295.8917   691390         
   4340  1645      300.9017    92                    295.8917   694097         
   4365  1670      303.5357    90                    295.8917   699053         
   4405  1710      323.0906    79                    295.8917   703955         
   4433  1738      316.9353    58                    295.8917   708508         
   4488  1786      297.7759    95                    295.8946   714866         
   4526  1824      302.2077    91                    295.8946   716152         
   4624  1905      299.1584    77                    295.9030   720607         
Elapsed time = 1009.25 sec. (737398.21 ticks, tree = 332.59 MB, solutions = 0)
   4661  1942      306.4073    80                    295.9030   725012         
   4701  1982      311.3406    65                    295.9030   728563         
   4760  2037    infeasible                          295.9030   732918         
   4827  2088      316.2787    79                    295.9037   736614         
   4876  2137      307.4135    39                    295.9037   740245         
   4914  2170      301.3179    92                    295.9059   742767         
   4930  2186      303.7803    76                    295.9059   746422         
   4979  2234      316.2991    48                    295.9059   749814         
   5031  2277      295.9155   207                    295.9074   752505         
   5052  2297      300.5529    72                    295.9074   757272         
Elapsed time = 1094.67 sec. (779736.61 ticks, tree = 402.56 MB, solutions = 0)
   5077  2321      305.5965    56                    295.9074   759289         
   5122  2355      298.1292    77                    295.9120   763051         
   5157  2390      308.9516    65                    295.9120   767577         
   5210  2437    infeasible                          295.9120   771201         
   5263  2485      310.1655    63                    295.9157   773957         
   5275  2493      297.9146    90                    295.9191   777154         
   5314  2532      300.0783    66                    295.9191   781968         
   5363  2581      307.6217    49                    295.9191   786000         
   5406  2623      328.8314    16                    295.9191   789626         
   5464  2676    infeasible                          295.9204   792694         
Elapsed time = 1139.35 sec. (818242.43 ticks, tree = 469.76 MB, solutions = 0)
   5504  2706      314.9407    50                    295.9300   797226         
   5581  2778      384.2925    11                    295.9300   800792         
   5636  2823      295.9306   113                    295.9307   804982         
   5687  2874      299.8711    49                    295.9316   809255         
   5760  2944      324.4092    15                    295.9316   812519         
   5771  2949      299.2822    97                    295.9416   815332         
   5787  2965      299.9036   166                    295.9416   818479         
   5807  2985      313.5651    67                    295.9416   822646         
   5860  3038      328.7933    56                    295.9416   826798         
   5905  3071      298.8395    82                    295.9428   831511         
Elapsed time = 1237.36 sec. (856945.87 ticks, tree = 539.24 MB, solutions = 0)
   5957  3123      304.9759    65                    295.9428   836514         
   6030  3190      297.0630    96                    295.9429   840090         
   6149  3302      296.0044   155                    295.9449   842926         
   6191  3344      302.0873    63                    295.9449   847807         
   6248  3399      325.5010    23                    295.9449   852160         
   6262  3407      305.8603    80                    295.9560   856420         
   6327  3470      350.0438    15                    295.9560   860023         
   6379  3516      321.4504    57                    295.9561   863871         
   6406  3535      333.8521    97                    295.9589   868996         
   6426  3555      369.8115    69                    295.9589   871385         
Elapsed time = 1300.44 sec. (895707.59 ticks, tree = 626.00 MB, solutions = 0)
   6468  3585      295.9679   179                    295.9662   874871         
   6509  3626      317.4234    35                    295.9662   879076         
   6565  3676      308.8978    69                    295.9680   883335         
   6595  3702      311.0413    96                    295.9681   888748         
   6637  3732      295.9689   165                    295.9690   892321         
   6676  3771      312.8531    89                    295.9742   896472         
   6703  3790      303.8641    83                    295.9787   903222         
   6709  3796      313.4145    82                    295.9787   906302         
   6722  3809      305.4388    75                    295.9787   909292         
   6742  3829      317.0548    88                    295.9787   913856         
Elapsed time = 1344.26 sec. (936103.31 ticks, tree = 673.93 MB, solutions = 0)
   6801  3886      341.9643    17                    295.9787   918536         
   6840  3917      311.2598    77                    295.9833   922215         
   6865  3938      296.6564    79                    295.9904   926172         
   6904  3977      306.0646    54                    295.9904   932292         
   6930  3997      308.3427    85                    296.0071   936143         
   6991  4048    infeasible                          296.0071   940608         
   7021  4076      321.6673    66                    296.0110   945077         
   7111  4150      355.7699     9                    296.0110   949345         
   7183  4209      296.0331   121                    296.0122   952283         
   7215  4241      320.7292    58                    296.0122   957162         
Elapsed time = 1434.54 sec. (975600.40 ticks, tree = 745.88 MB, solutions = 0)
   7284  4304      298.1641    76                    296.0143   960496         
   7328  4344      327.6106   115                    296.0163   964666         
   7371  4385    infeasible                          296.0163   968945         
   7396  4406      302.3777    80                    296.0174   973710         
   7420  4428      315.3812    77                    296.0174   977984         
   7483  4489      343.6663    11                    296.0174   982406         
   7528  4530      323.9634    58                    296.0176   986293         
   7611  4595      304.3226    84                    296.0213   992083         
   7629  4613      334.9327    71                    296.0213   997047         
   7679  4657      304.8390    74                    296.0227  1005050         
Elapsed time = 1486.72 sec. (1015855.84 ticks, tree = 808.72 MB, solutions = 0)
   7746  4718    infeasible                          296.0227  1011789         
   7757  4727      337.8178    79                    296.0232  1018409         
   7793  4763      361.5846    46                    296.0232  1024107         
   7830  4792      316.8479    54                    296.0239  1033183         
   7883  4841      347.5940    16                    296.0239  1042338         
   7941  4891      329.5612    59                    296.0286  1047808         
   8046  4980    infeasible                          296.0297  1055391         
   8113  5041      306.7896    68                    296.0313  1060207         
   8131  5051      298.4946    99                    296.0319  1062537         
   8177  5091      322.5303    64                    296.0319  1069430         
Elapsed time = 1578.23 sec. (1055294.36 ticks, tree = 809.32 MB, solutions = 0)
   8205  5109      301.4720    86                    296.0319  1075819         
   8256  5152      328.7868    55                    296.0319  1082383         
   8292  5182      298.9959   105                    296.0358  1086767         
   8308  5198      314.8911    77                    296.0358  1096392         
   8370  5252      330.1185    37                    296.0358  1102751         
   8421  5293    infeasible                          296.0426  1110794         
   8482  5345      306.8894    56                    296.0431  1116832         
   8537  5378      347.0692    66                    296.0443  1123606         
   8615  5445      332.4064    48                    296.0448  1131802         
   8680  5502      298.7945    83                    296.0469  1138753         
Elapsed time = 1673.51 sec. (1094205.08 ticks, tree = 809.87 MB, solutions = 0)
   8697  5519      308.8316    71                    296.0469  1147478         
   8729  5547      346.1556    40                    296.0469  1155344         
   8812  5607      297.1403    85                    296.0489  1158038         
   8854  5645      296.2186   109                    296.0498  1164331         
   8890  5680      342.6378    50                    296.0498  1170886         
*  8930+ 4289                          335.2013      296.0498            11.68%
   8960  4315      296.2179   143      335.2013      296.0507  1174343   11.68%
   8995  4346      327.8160    63      335.2013      296.0507  1180579   11.68%
   9045  4389      298.7659    83      335.2013      296.0527  1184267   11.68%
   9095  4433      334.5314    54      335.2013      296.0529  1190629   11.68%
   9159  4484      296.5112    81      335.2013      296.0536  1197022   11.68%
Elapsed time = 1736.70 sec. (1133410.45 ticks, tree = 612.96 MB, solutions = 1)
   9209  4530      312.4316    64      335.2013      296.0561  1202142   11.68%
   9270  4584      299.4729    79      335.2013      296.0565  1209570   11.68%
   9304  4612      323.3719    63      335.2013      296.0607  1217673   11.68%
   9379  4675      301.8808    73      335.2013      296.0618  1223644   11.68%
   9410  4700      302.5036    82      335.2013      296.0623  1232041   11.68%
   9448  4736      329.4616    63      335.2013      296.0623  1240549   11.68%
   9492  4775      296.7052   113      335.2013      296.0633  1243405   11.68%
   9541  4822      315.4859    39      335.2013      296.0633  1246662   11.68%
   9605  4873      299.3724   156      335.2013      296.0648  1253637   11.68%
   9657  4924      302.7422    80      335.2013      296.0648  1257488   11.68%
Elapsed time = 1792.00 sec. (1174432.55 ticks, tree = 614.14 MB, solutions = 1)
   9707  4955      296.1565   211      335.2013      296.0738  1264874   11.67%
   9730  4978      304.5640    80      335.2013      296.0738  1271585   11.67%
   9761  5008      327.8129    55      335.2013      296.0738  1278269   11.67%
   9808  5045      301.5909    72      335.2013      296.0740  1283876   11.67%
   9869  5098      302.3625    57      335.2013      296.0757  1288125   11.67%
   9929  5146      328.1910    61      335.2013      296.0769  1293671   11.67%
   9998  5202      331.2044    45      335.2013      296.0776  1298711   11.67%
  10036  5222      311.9673    86      335.2013      296.0800  1304524   11.67%
  10098  5278      296.2540   121      335.2013      296.0802  1310511   11.67%
  10182  5355      301.7567    65      335.2013      296.0817  1316760   11.67%
Elapsed time = 1842.71 sec. (1214446.74 ticks, tree = 615.27 MB, solutions = 1)
  10240  5395      316.1458    58      335.2013      296.0824  1324358   11.67%
  10274  5423      297.0296    80      335.2013      296.0838  1329878   11.67%
  10329  5469      296.5533   112      335.2013      296.0840  1335578   11.67%
  10388  5514      296.3208    87      335.2013      296.0897  1341732   11.67%
  10490  5597      301.0113    66      335.2013      296.0906  1348278   11.67%
  10548  5646      297.7201   107      335.2013      296.0923  1355541   11.67%
  10588  5682      296.5008   107      335.2013      296.0926  1362847   11.67%
  10639  5727      303.1575    91      335.2013      296.0946  1368521   11.67%
  10684  5761      310.8355    66      335.2013      296.0949  1377118   11.67%
  10715  5788      318.9782    82      335.2013      296.0987  1382245   11.67%
Elapsed time = 1895.61 sec. (1253741.34 ticks, tree = 615.89 MB, solutions = 1)
  10734  5799      335.0841    60      335.2013      296.0987  1385972   11.67%
  10809  5857      296.2143    79      335.2013      296.1020  1392040   11.66%
  10863  5909      311.2561    52      335.2013      296.1020  1398361   11.66%
  10935  5975      304.4213    74      335.2013      296.1023  1405625   11.66%
  10999  6022      296.2884   107      335.2013      296.1038  1410894   11.66%
  11072  6089      305.6377    65      335.2013      296.1044  1419319   11.66%
  11130  6135      315.0149    51      335.2013      296.1045  1425053   11.66%
  11167  6168      304.9268    69      335.2013      296.1068  1431926   11.66%
  11220  6210      328.6964    51      335.2013      296.1109  1438052   11.66%
  11273  6256      297.8263    87      335.2013      296.1112  1443913   11.66%
Elapsed time = 1946.96 sec. (1292885.33 ticks, tree = 616.62 MB, solutions = 1)
  11338  6314      310.6000    54      335.2013      296.1112  1450268   11.66%
  11391  6352      298.8525   106      335.2013      296.1169  1456548   11.66%
  11428  6386      333.4976    49      335.2013      296.1169  1462784   11.66%
  11473  6423      326.6334    55      335.2013      296.1198  1471373   11.66%
  11515  6457      316.8079    60      335.2013      296.1235  1476550   11.66%
  11548  6488      333.0587    54      335.2013      296.1235  1478312   11.66%
  11633  6561      323.1239    43      335.2013      296.1237  1483003   11.66%
  11710  6623      299.9106    74      335.2013      296.1254  1485825   11.66%
  11758  6667      296.8117   104      335.2013      296.1301  1493712   11.66%
  11826  6719      334.7190    44      335.2013      296.1314  1502665   11.66%
Elapsed time = 1993.41 sec. (1331660.20 ticks, tree = 617.51 MB, solutions = 1)
  11890  6769      304.0420    70      335.2013      296.1321  1510540   11.66%
  11961  6833      306.1417    73      335.2013      296.1324  1516627   11.66%
  12042  6901      308.3997    85      335.2013      296.1351  1524547   11.65%
  12108  6963      314.6892    48      335.2013      296.1351  1533346   11.65%
  12186  7026      297.1782    82      335.2013      296.1362  1541278   11.65%
  12249  7079      300.8125    74      335.2013      296.1369  1548143   11.65%
  12302  7116      309.4138    72      335.2013      296.1369  1558147   11.65%
  12348  7149      302.5698    93      335.2013      296.1399  1564941   11.65%
  12370  7171      333.3396    59      335.2013      296.1399  1570600   11.65%
  12441  7220      329.1666    48      335.2013      296.1400  1575557   11.65%
Elapsed time = 2039.53 sec. (1371015.33 ticks, tree = 618.71 MB, solutions = 1)
  12477  7250      309.4763    84      335.2013      296.1404  1580607   11.65%
  12521  7278      296.7444    86      335.2013      296.1409  1586538   11.65%
  12530  7287      298.5902    90      335.2013      296.1409  1587550   11.65%
  12593  7343      297.1343    71      335.2013      296.1413  1591841   11.65%
  12612  7362      316.4345    72      335.2013      296.1413  1598342   11.65%
  12650  7387      307.7464    85      335.2013      296.1424  1605878   11.65%
  12705  7430      299.7810    82      335.2013      296.1424  1612443   11.65%
  12726  7451      300.3109    92      335.2013      296.1424  1617173   11.65%
  12766  7486      305.4380    59      335.2013      296.1426  1625494   11.65%
  12832  7547      305.9070    74      335.2013      296.1478  1630118   11.65%
Elapsed time = 2095.23 sec. (1414369.90 ticks, tree = 619.65 MB, solutions = 1)
  12882  7581      317.5713    73      335.2013      296.1486  1637358   11.65%
  12930  7610      296.6157    78      335.2013      296.1495  1643803   11.65%
  12980  7660      305.9764    56      335.2013      296.1495  1650653   11.65%
  13030  7703      312.2729    61      335.2013      296.1525  1659135   11.65%
  13114  7766      333.6292    46      335.2013      296.1525  1666889   11.65%
  13152  7798      312.9297    60      335.2013      296.1527  1673865   11.65%
  13193  7835      318.9644    72      335.2013      296.1552  1683117   11.65%
  13270  7898      308.5791    44      335.2013      296.1555  1688081   11.65%
* 13330+ 6250                          323.9164      296.1558             8.57%
  13358  6272      306.9662    92      323.9164      296.1568  1694037    8.57%
  13390  6294      308.0034    76      323.9164      296.1570  1699763    8.57%
Elapsed time = 2141.84 sec. (1454306.87 ticks, tree = 497.63 MB, solutions = 2)
  13430  6326      298.5901    83      323.9164      296.1581  1707059    8.57%
  13491  6372      296.1716   208      323.9164      296.1583  1713195    8.57%
  13525  6406      302.2179    83      323.9164      296.1583  1718752    8.57%
  13588  6459      322.9725    44      323.9164      296.1591  1725765    8.57%
  13664  6526        cutoff            323.9164      296.1608  1729938    8.57%
  13736  6587      309.2059    74      323.9164      296.1637  1734782    8.57%
  13783  6619      296.5310    84      323.9164      296.1688  1740043    8.57%
  13862  6690      296.2067   126      323.9164      296.1707  1744420    8.57%
  13924  6747      296.9924    62      323.9164      296.1709  1749166    8.57%
  13981  6793      300.3199   110      323.9164      296.1732  1755430    8.56%
Elapsed time = 2185.87 sec. (1494796.21 ticks, tree = 498.65 MB, solutions = 2)
  14011  6823      308.8234    79      323.9164      296.1732  1761748    8.56%
  14070  6865      309.5108    55      323.9164      296.1734  1768228    8.56%
  14103  6893      299.2863    74      323.9164      296.1749  1771087    8.56%
  14160  6938      298.3814    95      323.9164      296.1768  1779079    8.56%
  14201  6971      302.0928    81      323.9164      296.1801  1783122    8.56%
  14264  7023      296.2160   121      323.9164      296.1803  1790428    8.56%
  14322  7075      297.4158    95      323.9164      296.1805  1797181    8.56%
  14387  7135      298.8900    66      323.9164      296.1805  1803192    8.56%
  14437  7168      301.0174    81      323.9164      296.1819  1811652    8.56%
  14456  7187      311.6979    86      323.9164      296.1819  1818860    8.56%
Elapsed time = 2228.18 sec. (1534661.71 ticks, tree = 499.83 MB, solutions = 2)
  14495  7220      297.7288   101      323.9164      296.1823  1824980    8.56%
  14538  7257      298.8340   114      323.9164      296.1824  1828384    8.56%
  14606  7318      297.0647    75      323.9164      296.1825  1835489    8.56%
  14670  7380      317.6286    38      323.9164      296.1825  1842579    8.56%
  14761  7464      321.3118    19      323.9164      296.1845  1847376    8.56%
  14775  7474      315.5043    83      323.9164      296.1846  1852415    8.56%
  14823  7507      296.5692   101      323.9164      296.1865  1858589    8.56%
  14880  7556        cutoff            323.9164      296.1870  1865784    8.56%
  14959  7618      298.9356    74      323.9164      296.1894  1873081    8.56%
  15025  7677      316.5079    52      323.9164      296.1896  1880711    8.56%
Elapsed time = 2272.46 sec. (1573733.25 ticks, tree = 501.34 MB, solutions = 2)
  15089  7729      310.3373    52      323.9164      296.1904  1888562    8.56%
  15162  7787      297.5765    79      323.9164      296.1931  1895826    8.56%
  15228  7845        cutoff            323.9164      296.1931  1903213    8.56%
  15238  7847      322.7795    66      323.9164      296.1937  1908383    8.56%
  15302  7890      297.5439   103      323.9164      296.1953  1912303    8.56%
  15375  7954      303.1795    68      323.9164      296.1962  1919563    8.56%
  15410  7982      307.0473    92      323.9164      296.1962  1925327    8.56%
  15464  8023      297.6386    72      323.9164      296.1977  1931299    8.56%
  15518  8070      297.0172   100      323.9164      296.1989  1937237    8.56%
  15530  8082      298.6706    70      323.9164      296.1989  1939012    8.56%
Elapsed time = 2317.03 sec. (1614509.84 ticks, tree = 502.22 MB, solutions = 2)
  15582  8128      299.0397    68      323.9164      296.2006  1945397    8.56%
  15628  8165      303.9767    74      323.9164      296.2024  1951193    8.56%
  15670  8192      298.0399    91      323.9164      296.2031  1958554    8.56%
  15706  8218      296.2032   114      323.9164      296.2053  1966309    8.56%
* 15730+ 8216                          323.7686      296.2053             8.51%
* 15740+ 8035                          322.8299      296.2053             8.25%
* 15740+ 7929                          322.3503      296.2053             8.11%
  15750  7941      302.6687    53      322.3503      296.2053  1969635    8.11%
  15807  7992      304.1467    51      322.3503      296.2056  1975394    8.11%
  15828  8007      296.3493    94      322.3503      296.2080  1978984    8.11%
  15871  8046      297.0682    92      322.3503      296.2093  1983850    8.11%
  15900  8073      311.2963    73      322.3503      296.2093  1991399    8.11%
  15930  8095      296.7982   100      322.3503      296.2105  1993598    8.11%
Elapsed time = 2357.61 sec. (1653981.64 ticks, tree = 479.12 MB, solutions = 5)
  15988  8143        cutoff            322.3503      296.2105  2000914    8.11%
  16053  8200      299.1536    69      322.3503      296.2110  2005873    8.11%
  16112  8254      308.4524    71      322.3503      296.2125  2011107    8.11%
  16156  8283      300.3213   101      322.3503      296.2142  2020164    8.11%
  16222  8346      300.2342    68      322.3503      296.2143  2026856    8.11%
  16288  8406      311.4273    49      322.3503      296.2155  2033031    8.11%
  16336  8444      304.9092    68      322.3503      296.2167  2040413    8.11%
  16402  8497      299.3264    53      322.3503      296.2172  2048952    8.11%
  16453  8534      298.4296    99      322.3503      296.2179  2058264    8.11%
  16520  8597      297.3449    63      322.3503      296.2180  2064686    8.11%
Elapsed time = 2402.51 sec. (1692599.82 ticks, tree = 480.84 MB, solutions = 5)
  16530  8607      298.5815    61      322.3503      296.2180  2066837    8.11%
  16564  8635      308.8319    69      322.3503      296.2183  2075170    8.11%
  16603  8665      296.3334   107      322.3503      296.2183  2082897    8.11%
  16658  8720      316.4289    43      322.3503      296.2183  2088122    8.11%
  16741  8788      297.1232    70      322.3503      296.2204  2094110    8.11%
  16792  8825      296.4832   111      322.3503      296.2208  2100302    8.11%
  16836  8868      314.9303    38      322.3503      296.2208  2105737    8.11%
  16918  8928      296.3720   133      322.3503      296.2212  2110594    8.11%
  16951  8955      297.1811   110      322.3503      296.2217  2117291    8.11%
  17001  8998      299.7879    71      322.3503      296.2217  2123048    8.11%
Elapsed time = 2445.70 sec. (1733336.43 ticks, tree = 482.05 MB, solutions = 5)
  17050  9040      311.9331    66      322.3503      296.2217  2130025    8.11%
  17089  9068      313.1470    66      322.3503      296.2217  2137228    8.11%
  17142  9113      297.8606   110      322.3503      296.2217  2142603    8.11%
  17167  9133      297.3023    84      322.3503      296.2217  2149050    8.11%
  17192  9158      305.0433    70      322.3503      296.2217  2153383    8.11%
  17219  9181      308.0458    66      322.3503      296.2217  2159895    8.11%
  17269  9224      301.0553    77      322.3503      296.2217  2165750    8.11%
  17308  9254      297.2178    61      322.3503      296.2225  2174449    8.11%
  17329  9272      304.6468    75      322.3503      296.2225  2179484    8.11%
  17373  9307      319.5580    49      322.3503      296.2225  2185841    8.11%
Elapsed time = 2484.31 sec. (1771913.98 ticks, tree = 482.58 MB, solutions = 5)
  17444  9368      298.7655    61      322.3503      296.2253  2192164    8.10%
  17548  9441      296.2330   135      322.3503      296.2253  2196236    8.10%
  17609  9493      314.9908    68      322.3503      296.2257  2204294    8.10%
  17649  9522      317.5886    64      322.3503      296.2261  2213641    8.10%
  17720  9582      296.3122   105      322.3503      296.2262  2220883    8.10%
  17775  9634      297.2874    81      322.3503      296.2264  2227015    8.10%
  17827  9682      296.3577   143      322.3503      296.2271  2232925    8.10%
  17884  9735      299.8573    73      322.3503      296.2272  2240523    8.10%
  17908  9757      302.8241    66      322.3503      296.2272  2249341    8.10%
  17957  9800      311.8204    52      322.3503      296.2276  2259884    8.10%
Elapsed time = 2528.96 sec. (1810927.93 ticks, tree = 484.10 MB, solutions = 5)
  18035  9866      296.8486    78      322.3503      296.2283  2266198    8.10%
  18108  9934      305.3029    78      322.3503      296.2297  2273388    8.10%
  18168  9986      320.0784    72      322.3503      296.2303  2280265    8.10%
  18229 10034      297.0257    90      322.3503      296.2325  2288725    8.10%
  18306 10094      307.6361    76      322.3503      296.2325  2294916    8.10%
  18346 10126      303.8898    62      322.3503      296.2332  2301618    8.10%
  18383 10160      296.9297   116      322.3503      296.2336  2308642    8.10%
  18413 10185      302.9671    71      322.3503      296.2346  2314691    8.10%
  18451 10211      315.1854    66      322.3503      296.2350  2320320    8.10%
  18506 10254      299.0012    70      322.3503      296.2359  2328344    8.10%
Elapsed time = 2575.29 sec. (1849951.67 ticks, tree = 485.67 MB, solutions = 5)
  18530 10276      303.1721    82      322.3503      296.2359  2331628    8.10%
  18556 10292      318.6002    79      322.3503      296.2396  2339438    8.10%
  18599 10328      296.5525    95      322.3503      296.2397  2342843    8.10%
  18668 10390      300.7195    91      322.3503      296.2399  2348709    8.10%
  18729 10444      314.1608    67      322.3503      296.2399  2355406    8.10%
  18772 10475      320.2551    51      322.3503      296.2401  2364311    8.10%
  18838 10527      313.0378    47      322.3503      296.2402  2371382    8.10%
  18923 10593      302.4562    83      322.3503      296.2406  2376836    8.10%
  18986 10644      300.2418    57      322.3503      296.2408  2384573    8.10%
  19022 10678      308.8719    62      322.3503      296.2408  2394748    8.10%
Elapsed time = 2627.13 sec. (1897101.69 ticks, tree = 487.13 MB, solutions = 5)
  19127 10768      322.1391    21      322.3503      296.2408  2400417    8.10%
  19189 10815      297.0061    77      322.3503      296.2415  2408244    8.10%
  19247 10862      296.7851    89      322.3503      296.2420  2417492    8.10%
  19298 10907      297.5576    78      322.3503      296.2425  2427570    8.10%
  19362 10967      300.1107    59      322.3503      296.2429  2433961    8.10%
  19434 11026      304.8646    75      322.3503      296.2448  2442383    8.10%
  19475 11061      311.9969    60      322.3503      296.2465  2451761    8.10%
  19522 11096      299.8742    72      322.3503      296.2469  2458637    8.10%
  19530 11104      315.2660    60      322.3503      296.2469  2460007    8.10%
  19607 11161      297.2391    95      322.3503      296.2474  2465945    8.10%
Elapsed time = 2675.80 sec. (1937820.33 ticks, tree = 488.62 MB, solutions = 5)
  19677 11225      296.3375   107      322.3503      296.2475  2473461    8.10%
  19740 11284      302.4707    89      322.3503      296.2476  2481392    8.10%
  19802 11339      309.3601    67      322.3503      296.2480  2489449    8.10%
  19846 11376      310.4541    66      322.3503      296.2483  2496031    8.10%
  19896 11418      299.1941    63      322.3503      296.2489  2501907    8.10%
  19942 11454      296.7949   105      322.3503      296.2492  2508812    8.10%
  19993 11497      317.6696    72      322.3503      296.2495  2515101    8.10%
  20048 11546      312.3334    70      322.3503      296.2495  2521494    8.10%
  20135 11622      321.0280    19      322.3503      296.2501  2526024    8.10%
  20180 11653      299.8412    82      322.3503      296.2514  2532437    8.10%
Elapsed time = 2721.33 sec. (1977668.32 ticks, tree = 490.15 MB, solutions = 5)
  20219 11692      305.4694    61      322.3503      296.2514  2540353    8.10%
  20262 11729      302.1434    72      322.3503      296.2526  2547737    8.10%
  20310 11773      307.6570    60      322.3503      296.2535  2554251    8.10%
  20342 11795      302.8057   122      322.3503      296.2543  2560827    8.10%
  20427 11869      321.5903    33      322.3503      296.2565  2567229    8.09%
  20467 11902      310.8049    69      322.3503      296.2605  2576921    8.09%
  20499 11924      303.5864    58      322.3503      296.2607  2584360    8.09%
  20530 11955      317.5436    49      322.3503      296.2607  2588094    8.09%
  20575 11996      296.7532    68      322.3503      296.2611  2592896    8.09%
  20642 12056      297.0601    94      322.3503      296.2621  2598197    8.09%
Elapsed time = 2767.21 sec. (2017204.23 ticks, tree = 491.54 MB, solutions = 5)
  20695 12107      315.0572    61      322.3503      296.2621  2605199    8.09%
  20736 12133      321.1503    60      322.3503      296.2625  2610682    8.09%
  20792 12175      296.4751    91      322.3503      296.2626  2617094    8.09%
  20855 12232      310.3500    66      322.3503      296.2644  2624226    8.09%
  20900 12271      315.4725    58      322.3503      296.2653  2633109    8.09%
  20960 12320      304.1636    59      322.3503      296.2666  2641639    8.09%
  21026 12375      314.2990    72      322.3503      296.2666  2649421    8.09%
  21086 12426      302.4847    98      322.3503      296.2673  2657313    8.09%
  21132 12469      306.6542    81      322.3503      296.2674  2664167    8.09%
  21173 12505      308.2673    83      322.3503      296.2677  2673948    8.09%
Elapsed time = 2814.77 sec. (2055816.98 ticks, tree = 492.73 MB, solutions = 5)
  21230 12554      300.9953    61      322.3503      296.2679  2682734    8.09%
  21307 12618      296.5197    81      322.3503      296.2682  2689813    8.09%
  21359 12655      301.9751    84      322.3503      296.2685  2698450    8.09%
  21416 12702      313.0512    93      322.3503      296.2691  2705464    8.09%
  21453 12722      304.2524    65      322.3503      296.2707  2712124    8.09%
  21510 12768      296.9351   108      322.3503      296.2711  2717477    8.09%
  21530 12788      299.3261    71      322.3503      296.2711  2718841    8.09%
  21609 12858      298.7607    68      322.3503      296.2714  2725315    8.09%
  21670 12905      305.2386    68      322.3503      296.2715  2731548    8.09%
  21730 12953      316.9388    90      322.3503      296.2720  2736703    8.09%
Elapsed time = 2863.96 sec. (2097383.57 ticks, tree = 493.93 MB, solutions = 5)
  21797 12991      296.7259    95      322.3503      296.2732  2744559    8.09%
  21840 13028      297.6786   111      322.3503      296.2737  2750690    8.09%
  21895 13076      298.5357    59      322.3503      296.2742  2757076    8.09%
  21936 13110      317.8283    65      322.3503      296.2746  2762884    8.09%
  21970 13134      302.9690    90      322.3503      296.2750  2768819    8.09%
  22026 13184      309.5491    67      322.3503      296.2751  2776894    8.09%
  22110 13250      300.9747   117      322.3503      296.2763  2781511    8.09%
  22160 13296      298.3299    68      322.3503      296.2767  2787815    8.09%
  22210 13332      310.1744    64      322.3503      296.2768  2798641    8.09%
  22270 13381      298.4431    77      322.3503      296.2783  2806694    8.09%
Elapsed time = 2908.33 sec. (2135997.27 ticks, tree = 495.23 MB, solutions = 5)
  22335 13439      296.7031    72      322.3503      296.2789  2814737    8.09%
  22397 13490      296.6447    90      322.3503      296.2794  2821684    8.09%
  22466 13548      303.1200    61      322.3503      296.2802  2828291    8.09%
  22519 13594      320.6019    71      322.3503      296.2836  2835601    8.09%
  22581 13648      308.5696    55      322.3503      296.2847  2841043    8.09%
  22645 13700      298.2422    78      322.3503      296.2859  2849957    8.09%
  22702 13737      296.6664    86      322.3503      296.2869  2859448    8.09%
  22769 13794      304.4224    61      322.3503      296.2872  2868932    8.09%
  22818 13836      303.6887    71      322.3503      296.2882  2875072    8.09%
  22881 13893      311.0767    57      322.3503      296.2905  2883819    8.08%
Elapsed time = 2954.98 sec. (2174419.44 ticks, tree = 496.82 MB, solutions = 5)
  22956 13950      305.5464    90      322.3503      296.2905  2890625    8.08%
  22990 13975      296.7986   100      322.3503      296.2907  2898426    8.08%
  23089 14065      299.0744    83      322.3503      296.2908  2906124    8.08%
  23130 14100      312.5311    65      322.3503      296.2911  2914668    8.08%
  23160 14122      314.3345    62      322.3503      296.2927  2924289    8.08%
  23232 14182      296.4639   125      322.3503      296.2945  2931505    8.08%
  23265 14213      308.7027    61      322.3503      296.2945  2938546    8.08%
  23297 14240      301.5194    99      322.3503      296.2946  2944963    8.08%
  23344 14271      298.0256    92      322.3503      296.2954  2951832    8.08%
  23404 14318      302.7393    62      322.3503      296.2955  2958233    8.08%
Elapsed time = 3000.30 sec. (2213413.75 ticks, tree = 498.29 MB, solutions = 5)
  23440 14350      300.4715    72      322.3503      296.2955  2965032    8.08%
  23503 14404      297.1710    97      322.3503      296.2972  2970561    8.08%
  23530 14423      320.5423    64      322.3503      296.2972  2973946    8.08%
  23576 14455      313.6601    76      322.3503      296.2988  2980600    8.08%
  23630 14504      322.2128    49      322.3503      296.2988  2988064    8.08%
  23685 14552      297.8814    76      322.3503      296.3004  2993570    8.08%
  23735 14592      296.6903   125      322.3503      296.3014  3001590    8.08%
  23773 14615      298.7110    80      322.3503      296.3019  3010680    8.08%
  23825 14667      319.1992    52      322.3503      296.3019  3016764    8.08%
  23888 14722      321.9394    40      322.3503      296.3020  3022748    8.08%
Elapsed time = 3049.38 sec. (2256922.72 ticks, tree = 499.68 MB, solutions = 5)
  23959 14786      298.1552   159      322.3503      296.3034  3028710    8.08%
  24004 14825      302.0554    94      322.3503      296.3049  3034871    8.08%
  24046 14860      296.8062    99      322.3503      296.3056  3043186    8.08%
  24078 14888      297.3697    66      322.3503      296.3069  3051208    8.08%
  24122 14928      298.4322    76      322.3503      296.3072  3059738    8.08%
  24187 14981      298.2072   101      322.3503      296.3084  3066073    8.08%
  24251 15039      310.6927    78      322.3503      296.3097  3074529    8.08%
  24296 15077      297.6755    83      322.3503      296.3098  3082022    8.08%
  24370 15138      298.3456   150      322.3503      296.3108  3089816    8.08%
  24432 15195      313.4794    70      322.3503      296.3112  3098462    8.08%
Elapsed time = 3096.78 sec. (2296395.98 ticks, tree = 500.78 MB, solutions = 5)
  24470 15229      313.7944    45      322.3503      296.3112  3108935    8.08%
  24530 15279      297.4981   100      322.3503      296.3115  3112709    8.08%
  24610 15355      296.5164   133      322.3503      296.3116  3118786    8.08%
  24675 15409      296.6124    90      322.3503      296.3116  3126681    8.08%
  24731 15458      299.0678    63      322.3503      296.3135  3134281    8.08%
  24794 15514      298.3049    80      322.3503      296.3145  3143087    8.08%
  24859 15571      296.3818   171      322.3503      296.3151  3152047    8.08%
  24927 15629      297.3498   137      322.3503      296.3151  3160353    8.08%
  24997 15695      300.8734    72      322.3503      296.3152  3165635    8.08%
  25066 15752      315.7753    70      322.3503      296.3159  3174867    8.08%
Elapsed time = 3150.93 sec. (2340967.90 ticks, tree = 502.70 MB, solutions = 5)
  25108 15783      306.1301    74      322.3503      296.3159  3183303    8.08%
  25161 15826      300.6155    79      322.3503      296.3166  3190030    8.08%
  25203 15864      304.0306    71      322.3503      296.3169  3196422    8.08%
  25243 15891        cutoff            322.3503      296.3170  3204366    8.08%
  25264 15909      322.0379    60      322.3503      296.3170  3211310    8.08%
  25305 15926      322.3262    68      322.3503      296.3178  3217526    8.08%
  25362 15952      305.4510    78      322.3503      296.3178  3224835    8.08%
  25416 15995      307.4482    61      322.3503      296.3191  3230372    8.08%
  25470 16040      310.4734    83      322.3503      296.3198  3235271    8.08%
  25510 16074      296.4333    97      322.3503      296.3199  3241822    8.08%
Elapsed time = 3195.26 sec. (2379906.14 ticks, tree = 503.29 MB, solutions = 5)
  25534 16098      303.7323    64      322.3503      296.3199  3247521    8.08%
  25586 16136      302.0034    84      322.3503      296.3205  3254346    8.08%
  25651 16187      302.4850    80      322.3503      296.3228  3260885    8.07%
  25704 16227      308.8626    67      322.3503      296.3235  3268017    8.07%
  25746 16260      311.8113    62      322.3503      296.3238  3274983    8.07%
  25798 16298      299.1725   115      322.3503      296.3240  3283046    8.07%
  25860 16352      308.0901    66      322.3503      296.3243  3291628    8.07%
  25938 16419      300.8051    87      322.3503      296.3253  3298104    8.07%
  25992 16460      301.4342    70      322.3503      296.3256  3304659    8.07%
  26050 16513      317.8283    44      322.3503      296.3259  3313975    8.07%
Elapsed time = 3238.51 sec. (2418777.29 ticks, tree = 505.48 MB, solutions = 5)
  26118 16574      315.2959    59      322.3503      296.3260  3320599    8.07%
  26162 16614      307.0859    72      322.3503      296.3263  3324746    8.07%
  26199 16645      304.8042    64      322.3503      296.3268  3332413    8.07%
  26230 16674      315.8517    55      322.3503      296.3268  3336472    8.07%
  26277 16713      298.4243    81      322.3503      296.3268  3342956    8.07%
  26330 16763      299.7090   101      322.3503      296.3269  3349766    8.07%
  26403 16831      318.9156    53      322.3503      296.3272  3356415    8.07%
  26430 16852      315.4400    57      322.3503      296.3276  3362492    8.07%
  26491 16900      298.2372    76      322.3503      296.3294  3370443    8.07%
  26530 16932      296.4623   143      322.3503      296.3304  3375831    8.07%
Elapsed time = 3300.18 sec. (2486116.10 ticks, tree = 506.93 MB, solutions = 5)
  26593 16987      306.8570    99      322.3503      296.3319  3384575    8.07%
  26630 17011      307.7770    75      322.3503      296.3321  3391482    8.07%
  26682 17049      298.8241    76      322.3503      296.3323  3400182    8.07%
  26730 17089      297.2710   102      322.3503      296.3332  3409003    8.07%
  26784 17137      315.0055    63      322.3503      296.3333  3417484    8.07%
  26830 17173      296.8613    75      322.3503      296.3342  3421177    8.07%
  26892 17226      298.2941    97      322.3503      296.3342  3427244    8.07%
  26930 17251      296.4795    76      322.3503      296.3363  3433765    8.07%
  27017 17308      302.0856    90      322.3503      296.3371  3443819    8.07%
* 27030+16713                          321.5247      296.3371             7.83%
  27030 16715      305.7453    75      321.5247      296.3371  3448582    7.83%
Elapsed time = 3373.70 sec. (2566589.42 ticks, tree = 501.28 MB, solutions = 6)
  27067 16748      301.0101    78      321.5247      296.3374  3455872    7.83%
  27109 16783      298.3524    91      321.5247      296.3381  3461049    7.83%
  27149 16818      313.2874    59      321.5247      296.3381  3466455    7.83%
  27188 16843      308.4480    71      321.5247      296.3390  3473243    7.83%
  27249 16887      305.1956    51      321.5247      296.3392  3480043    7.83%
  27321 16940        cutoff            321.5247      296.3401  3487324    7.83%
  27330 16945      299.2200    81      321.5247      296.3402  3489512    7.83%
  27381 16994      319.9129    47      321.5247      296.3402  3495559    7.83%
  27430 17022      315.5911    61      321.5247      296.3404  3502396    7.83%
  27470 17055      301.6150    66      321.5247      296.3418  3508485    7.83%
Elapsed time = 3439.37 sec. (2636848.32 ticks, tree = 502.45 MB, solutions = 6)
  27518 17095      311.7173    67      321.5247      296.3419  3515737    7.83%
  27530 17104      312.1538    60      321.5247      296.3419  3516541    7.83%
  27584 17150      319.5346    59      321.5247      296.3420  3524524    7.83%
  27630 17189      314.4550    56      321.5247      296.3420  3530027    7.83%
  27694 17245      306.0563    71      321.5247      296.3428  3536784    7.83%
  27727 17267      297.9137    95      321.5247      296.3435  3546231    7.83%
  27730 17270      298.3798    93      321.5247      296.3435  3547067    7.83%
  27787 17319      307.1332    70      321.5247      296.3442  3554205    7.83%
  27830 17356      297.8941    63      321.5247      296.3448  3556533    7.83%
  27902 17418      315.4480    51      321.5247      296.3452  3564099    7.83%
Elapsed time = 3503.95 sec. (2704703.32 ticks, tree = 503.70 MB, solutions = 6)
  27930 17440      319.2085    69      321.5247      296.3454  3568933    7.83%
  27972 17471      317.7352    93      321.5247      296.3472  3576698    7.83%
  28030 17513      301.1481    83      321.5247      296.3479  3582421    7.83%
  28093 17562      312.8306    49      321.5247      296.3481  3590527    7.83%
  28130 17595      309.7616    72      321.5247      296.3482  3595575    7.83%
  28225 17675      308.0083    78      321.5247      296.3484  3602870    7.83%
  28285 17721      298.8021    74      321.5247      296.3490  3610832    7.83%
  28329 17761      301.9496    71      321.5247      296.3494  3617842    7.83%
  28330 17762      303.8550    64      321.5247      296.3494  3618512    7.83%
  28370 17796      298.3301    85      321.5247      296.3508  3627542    7.83%
Elapsed time = 3565.75 sec. (2770387.11 ticks, tree = 505.00 MB, solutions = 6)
  28438 17857      318.1472    60      321.5247      296.3510  3634664    7.83%
  28524 17933      298.6199    80      321.5247      296.3512  3641879    7.83%
  28591 17994      299.0340    86      321.5247      296.3513  3649759    7.83%
  28623 18019      297.3234   116      321.5247      296.3524  3657902    7.83%
  28630 18026      297.3281    96      321.5247      296.3524  3657970    7.83%
  28712 18099      318.8870    22      321.5247      296.3529  3665254    7.83%
  28768 18149      316.7368    44      321.5247      296.3535  3672046    7.83%

GUB cover cuts applied:  88
Clique cuts applied:  11
Cover cuts applied:  69
Implied bound cuts applied:  73
Flow cuts applied:  36
Mixed integer rounding cuts applied:  871
Zero-half cuts applied:  5
Gomory fractional cuts applied:  11

Root node processing (before b&c):
  Real time             =    8.26 sec. (8152.37 ticks)
Sequential b&c:
  Real time             = 3591.74 sec. (2797810.02 ticks)
                          ------------
Total (root+branch&cut) = 3600.00 sec. (2805962.40 ticks)
