Version identifier: 22.1.0.0 | 2022-03-09 | 1a383f8ce
CPXPARAM_Read_DataCheck                          1
CPXPARAM_Threads                                 1
CPXPARAM_TimeLimit                               3600
Tried aggregator 2 times.
MIP Presolve eliminated 3873 rows and 256 columns.
MIP Presolve modified 28851 coefficients.
Aggregator did 110 substitutions.
Reduced MIP has 5778 rows, 614 columns, and 39590 nonzeros.
Reduced MIP has 445 binaries, 0 generals, 0 SOSs, and 0 indicators.
Presolve time = 0.12 sec. (72.12 ticks)
Found incumbent of value 175.161231 after 0.18 sec. (99.50 ticks)
Probing fixed 36 vars, tightened 23 bounds.
Probing time = 0.05 sec. (31.25 ticks)
Tried aggregator 1 time.
Detecting symmetries...
MIP Presolve eliminated 188 rows and 36 columns.
MIP Presolve modified 580 coefficients.
Reduced MIP has 5590 rows, 578 columns, and 38056 nonzeros.
Reduced MIP has 409 binaries, 0 generals, 0 SOSs, and 0 indicators.
Presolve time = 0.04 sec. (25.52 ticks)
Probing time = 0.01 sec. (5.26 ticks)
Clique table members: 3511.
MIP emphasis: balance optimality and feasibility.
MIP search method: dynamic search.
Parallel mode: none, using 1 thread.
Root relaxation solution time = 0.02 sec. (18.38 ticks)

        Nodes                                         Cuts/
   Node  Left     Objective  IInf  Best Integer    Best Bound    ItCnt     Gap

*     0+    0                          175.1612      123.6655            29.40%
      0     0      123.6655   100      175.1612      123.6655      212   29.40%
      0     0      123.6655    57      175.1612     Cuts: 284      422   29.40%
      0     0      123.6655    63      175.1612     Cuts: 552      798   29.40%
      0     0      123.6655    54      175.1612      Cuts: 69      941   29.40%
*     0+    0                          162.1177      123.6655            23.72%
      0     0  -1.00000e+75     0      162.1177      123.6655      941   23.72%
      0     0      123.6655    58      162.1177     Cuts: 303     1320   23.72%
Detecting symmetries...
      0     2      123.6655    26      162.1177      123.6655     1320   23.72%
Elapsed time = 1.28 sec. (1028.42 ticks, tree = 0.01 MB, solutions = 2)
     10    12      123.6655    51      162.1177      123.6655     2778   23.72%
     22    24      123.6655    45      162.1177      123.6655     4661   23.72%
*    30+   30                          132.0464      123.6655             6.35%
     31    33      129.5189    49      132.0464      123.6655     6822    6.35%
     55    54      124.6003    37      132.0464      123.6655     8401    6.35%
     70    68      123.6678    32      132.0464      123.6655     8851    6.35%
*    80+   49                          125.7388      123.6655             1.65%
*    90+   59                          125.6268      123.6655             1.56%
    120    91      123.6686    19      125.6268      123.6655     9582    1.56%
    160   131      123.6686    21      125.6268      123.6655    10032    1.56%
    175   142      123.6667    33      125.6268      123.6655    11913    1.56%
    194   161      123.6675    18      125.6268      123.6655    12537    1.56%
    263   200      123.7273    28      125.6268      123.6655    19685    1.56%
Elapsed time = 4.60 sec. (4475.88 ticks, tree = 0.21 MB, solutions = 5)
*   320+  235                          125.6209      123.6655             1.56%
    340   249      123.6655    21      125.6209      123.6655    25117    1.56%
    391   294      124.2892    27      125.6209      123.6655    32406    1.56%
    444   331      123.7584    20      125.6209      123.6655    39955    1.56%
    531   396      123.9044    56      125.6209      123.6655    44704    1.56%
*   560+  415                          125.5661      123.6655             1.51%
    622   466      124.9551    26      125.5661      123.6655    48902    1.51%
    709   515      124.6413    34      125.5661      123.6655    52347    1.51%
    811   586      125.2891    18      125.5661      123.6655    56433    1.51%
    894   639      124.2362    39      125.5661      123.6655    60892    1.51%
    980   697      123.7081    54      125.5661      123.6655    65394    1.51%
*  1016+  701                          125.4864      123.6655             1.45%
   1016   703      123.6686    33      125.4864      123.6655    66980    1.45%
Elapsed time = 14.39 sec. (14539.18 ticks, tree = 11.24 MB, solutions = 8)
*  1017+  699                          125.4583      123.6655             1.43%
   1018   702      123.6655    20      125.4583      123.6655    67846    1.43%
   1090   751      124.7793    24      125.4583      123.6655    72304    1.43%

Performing restart 1

Repeating presolve.
Tried aggregator 1 time.
MIP Presolve eliminated 2678 rows and 228 columns.
MIP Presolve modified 2994 coefficients.
Reduced MIP has 2912 rows, 350 columns, and 14968 nonzeros.
Reduced MIP has 221 binaries, 0 generals, 0 SOSs, and 0 indicators.
Presolve time = 0.03 sec. (12.48 ticks)
Tried aggregator 1 time.
MIP Presolve eliminated 37 rows and 13 columns.
MIP Presolve modified 183 coefficients.
Reduced MIP has 2875 rows, 337 columns, and 14671 nonzeros.
Reduced MIP has 208 binaries, 0 generals, 0 SOSs, and 0 indicators.
Presolve time = 0.02 sec. (7.87 ticks)
Tried aggregator 1 time.
Reduced MIP has 2875 rows, 337 columns, and 14671 nonzeros.
Reduced MIP has 208 binaries, 0 generals, 0 SOSs, and 0 indicators.
Presolve time = 0.01 sec. (6.72 ticks)
Represolve time = 0.12 sec. (51.02 ticks)
   1127     0      123.6655    35      125.4583     Cuts: 149    76219    1.43%
   1127     0      123.6655    21      125.4583     Cuts: 168    76434    1.43%
   1127     0      123.6655    29      125.4583      Cuts: 90    76712    1.43%
   1127     0      123.6655    19      125.4583      Cuts: 10    76768    1.43%
   1127     0      123.6655    16      125.4583      Cuts: 74    76819    1.43%
   1127     0      123.6655    13      125.4583      Cuts: 38    76860    1.43%
   1127     0      123.6655    11      125.4583       Cuts: 6    76891    1.43%
   1127     2      123.6655     9      125.4583      123.6655    76891    1.43%
   1227    76      123.6655    47      125.4583      123.6655    79527    1.43%
   1327   152      123.8419    28      125.4583      123.6655    82516    1.43%
   1427   207      125.0785    16      125.4583      123.6655    85233    1.43%
   1594   305      123.6655    15      125.4583      123.6655    93090    1.43%
   1765   406      123.6816    24      125.4583      123.6816   100908    1.42%
   1949   502      124.0577    35      125.4583      123.7176   110024    1.39%
   2120   599      123.7273    24      125.4583      123.7273   119705    1.38%
Elapsed time = 27.87 sec. (26885.85 ticks, tree = 2.01 MB, solutions = 9)
   2289   650      124.3144    31      125.4583      123.7794   128726    1.34%
   2449   724      123.8265    32      125.4583      123.8035   137316    1.32%
   2654   823      123.8046    22      125.4583      123.8046   147171    1.32%
   2900   916      123.8436    15      125.4583      123.8230   155722    1.30%
   3193  1009      124.6437    22      125.4583      123.8964   165468    1.24%
   3446  1072      123.9710    17      125.4583      123.9710   175411    1.19%
   3707  1244      124.1090    32      125.4583      123.9710   187005    1.19%
   3959  1348      124.6801    21      125.4583      124.0224   197475    1.14%
   4262  1428      124.1285    25      125.4583      124.0813   206561    1.10%
   4581  1518      124.7033    22      125.4583      124.1133   215590    1.07%
Elapsed time = 39.31 sec. (36471.46 ticks, tree = 2.37 MB, solutions = 9)
   4865  1601      124.4671    29      125.4583      124.1210   226343    1.07%
   5153  1705      125.3257    17      125.4583      124.1452   237235    1.05%
   5437  1758      124.5890    23      125.4583      124.2193   246480    0.99%
   5635  1834      124.3893    33      125.4583      124.2246   257211    0.98%
   5827  1895      124.2411    16      125.4583      124.2388   268593    0.97%
   6046  1963      124.2890    21      125.4583      124.2542   279880    0.96%
   6308  2118      124.2542    32      125.4583      124.2542   290721    0.96%
   6589  2240      124.2952    19      125.4583      124.2704   300772    0.95%
   6878  2360      125.1146    23      125.4583      124.2848   310248    0.94%
   7122  2462      124.6512    11      125.4583      124.2848   319807    0.94%
Elapsed time = 50.84 sec. (46055.92 ticks, tree = 2.73 MB, solutions = 9)
   7371  2599        cutoff            125.4583      124.2865   329653    0.93%
   7663  2722      124.7818    20      125.4583      124.3009   338893    0.92%
   8012  2797      124.3618    30      125.4583      124.3450   347832    0.89%
*  8032  2721      integral     0      125.3824      124.3472   348365    0.83%
   8299  2803      124.3900    28      125.3824      124.3626   356912    0.81%
   8607  2891      124.6525    20      125.3824      124.3753   367059    0.80%
   8902  2990      124.8397    24      125.3824      124.3816   377700    0.80%
   9129  3074      125.0438    19      125.3824      124.3816   389046    0.80%
   9466  3182      124.7758    13      125.3824      124.3914   397576    0.79%
   9796  3303      124.4087    17      125.3824      124.3978   407074    0.79%
  10145  3373      124.7724    11      125.3824      124.4150   416791    0.77%
Elapsed time = 63.23 sec. (55612.86 ticks, tree = 3.18 MB, solutions = 10)
  10422  3448      125.1375    10      125.3824      124.4239   427633    0.76%
  10722  3520      124.4324    14      125.3824      124.4351   438084    0.76%
  11043  3558      124.6957    18      125.3824      124.4569   448138    0.74%
  11267  3573      124.9909     6      125.3824      124.4746   454209    0.72%

Performing restart 2

Repeating presolve.
Tried aggregator 1 time.
MIP Presolve eliminated 363 rows and 25 columns.
MIP Presolve modified 3842 coefficients.
Reduced MIP has 2512 rows, 312 columns, and 13491 nonzeros.
Reduced MIP has 187 binaries, 0 generals, 0 SOSs, and 0 indicators.
Presolve time = 0.02 sec. (15.62 ticks)
Tried aggregator 1 time.
MIP Presolve eliminated 16 rows and 3 columns.
MIP Presolve modified 1155 coefficients.
Reduced MIP has 2496 rows, 309 columns, and 13406 nonzeros.
Reduced MIP has 184 binaries, 0 generals, 0 SOSs, and 0 indicators.
Presolve time = 0.02 sec. (9.90 ticks)
Represolve time = 0.06 sec. (40.44 ticks)
  11270     0      123.6655    43      125.3824     Cuts: 235   455036    0.72%
  11270     0      123.6655    27      125.3824     Cuts: 328   455281    0.72%
  11270     0      123.6655    36      125.3824     Cuts: 126   455369    0.72%
  11270     0      123.6655    14      125.3824      Cuts: 29   455410    0.72%
  11270     0      123.6655    21      125.3824     Cuts: 103   455532    0.72%
  11270     0      123.6655    11      125.3824      Cuts: 13   455558    0.72%
  11270     0      123.6655    19      125.3824      Cuts: 88   455710    0.72%
  11270     0      123.6655    14      125.3824      Cuts: 27   455762    0.72%
  11270     0      123.6655    15      125.3824      Cuts: 16   455795    0.72%
  11270     0      123.6655    10      125.3824      Cuts: 16   455816    0.72%
  11289    18      124.7320    20      125.3824      124.4746   456342    0.72%
  11349    52      123.6655    44      125.3824      124.4746   458925    0.72%
  11370    64      123.6655    38      125.3824      124.4746   459850    0.72%
  11457    97      123.8845    31      125.3824      124.4746   464577    0.72%
  11500   121      123.8312    20      125.3824      124.4746   465647    0.72%
  11619   162      123.7273    23      125.3824      124.4746   471736    0.72%
Elapsed time = 79.60 sec. (69814.97 ticks, tree = 0.58 MB, solutions = 10)
  11745   230      123.7746    30      125.3824      124.4746   478244    0.72%
  11933   309      123.8046    29      125.3824      124.4746   487439    0.72%
  12128   383      124.4660    34      125.3824      124.4746   496304    0.72%
  12293   454      123.9872    34      125.3824      124.4746   504132    0.72%
  12448   563      124.4223    33      125.3824      124.4746   512370    0.72%
  12656   664      125.2742    29      125.3824      124.4746   522010    0.72%
  12905   768      124.1299    34      125.3824      124.4746   531668    0.72%
  13151   829      124.2652    28      125.3824      124.4746   542061    0.72%
  13349   915      124.4225    24      125.3824      124.4746   552815    0.72%
  13551  1018      124.2542    27      125.3824      124.4746   563015    0.72%
Elapsed time = 90.98 sec. (79399.35 ticks, tree = 1.02 MB, solutions = 10)
  13779  1145      124.3452    22      125.3824      124.4746   571583    0.72%
  14021  1267      124.4193    19      125.3824      124.4746   580935    0.72%
  14318  1421      125.0612    14      125.3824      124.4746   590694    0.72%
  14569  1533        cutoff            125.3824      124.4746   598686    0.72%
  14925  1699      124.3958    25      125.3824      124.4746   607894    0.72%
  15236  1821      124.7329    10      125.3824      124.4746   616642    0.72%
  15427  1884      124.3816    24      125.3824      124.4746   626085    0.72%
  15724  2025      124.4980    17      125.3824      124.4746   634640    0.72%
  16056  2154      125.0461    14      125.3824      124.4746   645044    0.72%
  16303  2227      124.6799    14      125.3824      124.4746   654623    0.72%
Elapsed time = 102.60 sec. (88972.70 ticks, tree = 1.75 MB, solutions = 10)
  16636  2329      124.6733    35      125.3824      124.4746   663844    0.72%
  16775  2377      124.5403    16      125.3824      124.4768   671222    0.72%
  17133  2506      125.0360     2      125.3824      124.4780   681584    0.72%
  17444  2599      125.1056    13      125.3824      124.4977   690188    0.71%
  17661  2658        cutoff            125.3824      124.4999   699487    0.70%
  17950  2761        cutoff            125.3824      124.4999   711567    0.70%
  18225  2876      124.7321    30      125.3824      124.5003   723704    0.70%
  18493  2940      124.8522    23      125.3824      124.5161   733960    0.69%
  18785  3027      124.5301    25      125.3824      124.5301   744022    0.68%
  20042  3151        cutoff            125.3824      124.6003   789130    0.62%
Elapsed time = 117.46 sec. (101391.57 ticks, tree = 2.12 MB, solutions = 10)
  21265  3371      124.9349    10      125.3824      124.6490   830370    0.58%
  22485  3481        cutoff            125.3824      124.6774   875093    0.56%
  23812  3514      125.1480    16      125.3824      124.7441   914162    0.51%
  24924  3586      124.9335    26      125.3824      124.7783   952790    0.48%
  25920  3557      124.8112    25      125.3824      124.8114   981891    0.46%
  27236  3587        cutoff            125.3824      124.8521  1021565    0.42%
  28535  3495      124.9003    20      125.3824      124.9003  1061394    0.38%
  29750  3486      125.2643    15      125.3824      124.9245  1100382    0.37%
  31193  3156      125.0799    17      125.3824      124.9716  1140067    0.33%
  32923  2586      125.0652     7      125.3824      125.0327  1182144    0.28%
Elapsed time = 163.28 sec. (139559.64 ticks, tree = 1.66 MB, solutions = 10)
  34642  2019      125.0891     4      125.3824      125.0891  1227423    0.23%
  36547  1326      125.1851    14      125.3824      125.1740  1269620    0.17%
  38483   577        cutoff            125.3824      125.2714  1312158    0.09%

GUB cover cuts applied:  21
Clique cuts applied:  2
Cover cuts applied:  227
Implied bound cuts applied:  11
Flow cuts applied:  7
Mixed integer rounding cuts applied:  61
Zero-half cuts applied:  16
Gomory fractional cuts applied:  5

Root node processing (before b&c):
  Real time             =    1.27 sec. (1018.21 ticks)
Sequential b&c:
  Real time             =  177.98 sec. (151706.54 ticks)
                          ------------
Total (root+branch&cut) =  179.25 sec. (152724.74 ticks)
