Version identifier: 22.1.0.0 | 2022-03-09 | 1a383f8ce
CPXPARAM_Read_DataCheck                          1
CPXPARAM_Threads                                 1
CPXPARAM_TimeLimit                               3600
Tried aggregator 2 times.
MIP Presolve eliminated 3183 rows and 158 columns.
MIP Presolve modified 29793 coefficients.
Aggregator did 143 substitutions.
Reduced MIP has 6435 rows, 679 columns, and 49299 nonzeros.
Reduced MIP has 504 binaries, 0 generals, 0 SOSs, and 0 indicators.
Presolve time = 0.08 sec. (73.40 ticks)
Probing fixed 0 vars, tightened 1 bounds.
Probing time = 0.01 sec. (11.87 ticks)
Tried aggregator 1 time.
Detecting symmetries...
MIP Presolve eliminated 1 rows and 0 columns.
MIP Presolve modified 43 coefficients.
Reduced MIP has 6434 rows, 679 columns, and 49296 nonzeros.
Reduced MIP has 504 binaries, 0 generals, 0 SOSs, and 0 indicators.
Presolve time = 0.03 sec. (21.32 ticks)
Probing time = 0.01 sec. (5.42 ticks)
Clique table members: 1079.
MIP emphasis: balance optimality and feasibility.
MIP search method: dynamic search.
Parallel mode: none, using 1 thread.
Root relaxation solution time = 0.02 sec. (23.66 ticks)

        Nodes                                         Cuts/
   Node  Left     Objective  IInf  Best Integer    Best Bound    ItCnt     Gap

      0     0      343.0303   123                    343.0303      291         
      0     0      343.0303    56                   Cuts: 260      483         
      0     0      343.0376    86                   Cuts: 444      918         
      0     0      343.1668   127                  Cuts: 1145     1273         
      0     0      343.4475   157                  Cuts: 1652     1677         
      0     0      343.6174   155                  Cuts: 1442     1936         
Detecting symmetries...
      0     0      343.9002   176                   Cuts: 610     2190         
      0     0      344.2876   192                   Cuts: 862     2403         
      0     0      344.7220   203                   Cuts: 694     2603         
      0     0      344.8095   219                   Cuts: 575     2760         
      0     0      344.8295   219                   Cuts: 864     2833         
      0     0      344.8504   159                   Cuts: 556     2922         
      0     0      344.8949   173                  Cuts: 1358     2998         
      0     0      344.8998   183                   Cuts: 359     3092         
Detecting symmetries...
      0     2      344.8998   132                    344.9052     3092         
Elapsed time = 6.20 sec. (5791.26 ticks, tree = 0.01 MB, solutions = 0)
     10    12      350.5776   104                    345.5634     4197         
     27    29      358.8188    66                    345.5634     5867         
     52    52      376.9948    42                    345.5634     7485         
    127    93    infeasible                          345.5634     8561         
*   180+  106                          395.8432      345.5634            12.70%
    190   113      352.9955    81      395.8432      345.7331     9790   12.66%
    210   129      353.7057    56      395.8432      345.7331    11151   12.66%
    283   180        cutoff            395.8432      345.7331    12479   12.66%
    320   207      352.5251    71      395.8432      346.7855    14075   12.39%
    352   231      350.8126    57      395.8432      346.7861    15315   12.39%
    456   311      362.6217    47      395.8432      347.0778    20147   12.32%
Elapsed time = 8.88 sec. (9219.80 ticks, tree = 0.38 MB, solutions = 1)
    577   403      356.0274    52      395.8432      347.4425    25061   12.23%
*   670   423      integral     0      389.9351      347.6136    28402   10.85%
*   673   386      integral     0      388.5073      347.6136    28436   10.53%
    765   459      371.0779    40      388.5073      348.1819    34215   10.38%
    853   527      364.9068    64      388.5073      348.2318    37873   10.37%
    977   624      384.4091    52      388.5073      348.5781    43558   10.28%

Performing restart 1

Repeating presolve.
Tried aggregator 1 time.
MIP Presolve eliminated 10 rows and 1 columns.
MIP Presolve modified 140 coefficients.
Reduced MIP has 6424 rows, 678 columns, and 49076 nonzeros.
Reduced MIP has 503 binaries, 0 generals, 0 SOSs, and 0 indicators.
Presolve time = 0.02 sec. (16.95 ticks)
Tried aggregator 1 time.
MIP Presolve eliminated 4 rows and 2 columns.
Reduced MIP has 6420 rows, 676 columns, and 48986 nonzeros.
Reduced MIP has 501 binaries, 0 generals, 0 SOSs, and 0 indicators.
Presolve time = 0.03 sec. (21.56 ticks)
Represolve time = 0.12 sec. (81.76 ticks)
   1004     0      344.9102   173      388.5073     Cuts: 428    45251   10.27%
   1004     0      344.9185   182      388.5073     Cuts: 544    45367   10.27%
   1004     0      344.9206   161      388.5073     Cuts: 881    45454   10.27%
   1004     0      344.9330   186      388.5073    Cuts: 1449    45558   10.27%
   1004     0      344.9465   168      388.5073     Cuts: 592    45682   10.27%
   1004     0      344.9484   179      388.5073    Cuts: 1705    45759   10.27%
   1004     2      344.9484   143      388.5073      348.5901    45760   10.27%
   1014     8      344.9500   132      388.5073      348.5901    45783   10.27%
   1024    16      362.1954    54      388.5073      348.5901    46935   10.27%
   1031    23      360.5451    75      388.5073      348.5901    47672   10.27%
   1049    40      384.7463    32      388.5073      348.5901    49904   10.27%
Elapsed time = 30.23 sec. (30510.94 ticks, tree = 0.25 MB, solutions = 3)
   1074    54      378.2488    49      388.5073      348.5901    52513   10.27%
   1121    92      388.4573    39      388.5073      348.5901    54793   10.27%
   1172   130      345.9472    70      388.5073      348.5901    55704   10.27%
   1227   176      375.8280    55      388.5073      348.5901    58031   10.27%
   1277   208      357.2545    65      388.5073      348.5901    60104   10.27%
   1322   246      356.9122    53      388.5073      348.5901    61457   10.27%
   1360   273      346.3727    77      388.5073      348.5901    64017   10.27%
   1401   307      352.4798    46      388.5073      348.5901    65018   10.27%
   1460   354      348.1507    71      388.5073      348.5901    67431   10.27%
   1503   389      374.9473    62      388.5073      348.5901    69751   10.27%
Elapsed time = 41.03 sec. (41873.93 ticks, tree = 8.70 MB, solutions = 3)
   1525   407      349.1104    58      388.5073      348.5901    71177   10.27%
*  1581   399      integral     0      382.4658      348.5901    73655    8.86%
   1583   399      351.1597    53      382.4658      348.5901    73843    8.86%
   1632   427      352.7300    53      382.4658      348.5901    75544    8.86%
   1673   445      354.7953    67      382.4658      348.5901    77425    8.86%
   1737   478      348.5742    75      382.4658      348.5901    79005    8.86%
   1787   515      355.2925    67      382.4658      348.5901    81689    8.86%
   1839   551      353.2632    58      382.4658      348.5901    84807    8.86%
   1893   593      378.0975    24      382.4658      348.5901    87070    8.86%
   1947   627      354.5841    52      382.4658      348.7124    89567    8.83%
   1980   644      353.5402    61      382.4658      348.7977    91032    8.80%
Elapsed time = 51.83 sec. (52997.65 ticks, tree = 14.34 MB, solutions = 4)
   2037   690      369.2815    58      382.4658      348.8696    92961    8.78%
   2088   726      355.1194    86      382.4658      348.9637    95009    8.76%
   2126   755      358.9134    65      382.4658      349.0798    97428    8.73%
   2204   809      357.7341    50      382.4658      349.1939    99587    8.70%
   2257   851      354.6197    61      382.4658      349.2466   101648    8.69%
   2315   884      381.2105    30      382.4658      349.3601   104294    8.66%
   2352   902      376.6071    48      382.4658      349.3753   105738    8.65%
   2386   926      351.8362    73      382.4658      349.4121   107618    8.64%
   2458   971      352.5142    60      382.4658      349.4689   109875    8.63%
   2522  1005      356.2611    82      382.4658      349.5774   112798    8.60%
Elapsed time = 62.29 sec. (64117.43 ticks, tree = 21.36 MB, solutions = 4)
   2566  1035      362.3402    54      382.4658      349.6846   115001    8.57%
   2607  1065      359.3629    80      382.4658      349.7813   117094    8.55%
   2660  1097      351.7090    79      382.4658      349.8311   119122    8.53%
   2704  1121      351.3139    83      382.4658      349.8743   120724    8.52%
   2744  1143      355.6541    74      382.4658      349.9237   122440    8.51%
   2809  1191      353.1606    75      382.4658      349.9275   124764    8.51%
   2865  1234      376.1501    52      382.4658      349.9311   127944    8.51%
   2920  1273      371.4254    63      382.4658      349.9911   130904    8.49%
   2988  1312      371.2399    69      382.4658      350.0894   133445    8.47%
   3043  1350      359.6099    67      382.4658      350.1569   136243    8.45%
Elapsed time = 73.30 sec. (75325.71 ticks, tree = 34.00 MB, solutions = 4)
   3108  1396      354.7025    62      382.4658      350.2273   138829    8.43%
   3158  1423      359.3799    78      382.4658      350.3724   141301    8.39%
   3235  1470      352.2280    85      382.4658      350.5192   143328    8.35%
   3278  1490      351.5297    82      382.4658      350.8054   145181    8.28%
   3332  1525      364.5168    61      382.4658      350.9624   148820    8.24%
   3364  1543      363.7166    47      382.4658      351.0568   151327    8.21%
   3421  1576        cutoff            382.4658      351.1597   153853    8.19%
   3492  1616      352.0720    71      382.4658      351.2146   156091    8.17%
   3581  1677      369.8224    55      382.4658      351.2858   158335    8.15%
   3642  1715      358.8151    48      382.4658      351.3860   160897    8.13%
Elapsed time = 83.46 sec. (86300.31 ticks, tree = 49.20 MB, solutions = 4)
   3684  1743      359.0843    88      382.4658      351.4090   162112    8.12%
   3743  1775      362.3904    59      382.4658      351.5677   164657    8.08%
   3773  1792      356.4482    86      382.4658      351.6609   165797    8.05%
   3823  1814      351.9798    77      382.4658      351.7455   167684    8.03%
   3880  1859      358.1858    53      382.4658      351.8287   169496    8.01%
   3908  1875      363.0068    60      382.4658      351.8335   171430    8.01%
   3976  1919      356.7062    79      382.4658      351.8914   173503    7.99%
   4013  1947        cutoff            382.4658      351.8914   175065    7.99%
   4049  1962      357.7838    65      382.4658      351.9540   177293    7.98%
   4095  1984      354.6844    66      382.4658      352.0720   180006    7.95%
Elapsed time = 94.35 sec. (97206.42 ticks, tree = 57.60 MB, solutions = 4)
   4150  2016      366.8916    56      382.4658      352.1043   182895    7.94%
   4194  2042      365.0247    51      382.4658      352.1388   185899    7.93%
   4228  2050      381.2899    38      382.4658      352.2072   188539    7.91%
   4280  2078      354.3623    81      382.4658      352.2800   190433    7.89%
   4331  2109      366.5658    67      382.4658      352.3289   193471    7.88%
   4364  2122      360.7504    62      382.4658      352.4118   195663    7.86%
   4406  2155      373.6229    29      382.4658      352.4120   196781    7.86%
   4452  2180        cutoff            382.4658      352.4459   199166    7.85%
   4477  2193      362.5716    77      382.4658      352.5254   201922    7.83%
   4536  2219      370.2077    49      382.4658      352.6542   205209    7.79%
Elapsed time = 104.76 sec. (108095.93 ticks, tree = 59.36 MB, solutions = 4)
   4584  2241      382.3432    36      382.4658      352.7157   208265    7.78%
   4627  2260      382.3754    19      382.4658      352.7460   212172    7.77%
   4657  2275      373.9486    48      382.4658      352.7525   214570    7.77%
   4706  2292      375.6247    41      382.4658      352.7746   217603    7.76%
   4747  2313      363.8204    44      382.4658      352.8043   220713    7.76%
   4793  2341      353.6068    69      382.4658      352.8858   223954    7.73%
   4838  2369      352.9578   103      382.4658      352.9032   227564    7.73%
   4883  2403      370.1297    55      382.4658      352.9324   229536    7.72%
   4943  2440      365.2516    67      382.4658      352.9682   232362    7.71%
   5075  2520      356.2210    87      382.4658      353.1679   241986    7.66%
Elapsed time = 115.98 sec. (120826.16 ticks, tree = 64.17 MB, solutions = 4)
*  5100  2436      integral     0      381.7546      353.1679   243258    7.49%
*  5200+ 2376                          381.1702      353.2382             7.33%
*  5200+ 2330                          380.7419      353.2382             7.22%
   5222  2342      353.2386    68      380.7419      353.2386   249188    7.22%
   5359  2425      361.6435    67      380.7419      353.2931   259426    7.21%
   5573  2553        cutoff            380.7419      353.4441   275428    7.17%
   5784  2668      379.1052    45      380.7419      353.5848   285814    7.13%
   5969  2776      377.0017    74      380.7419      353.7491   299889    7.09%
   6184  2904      355.2196   106      380.7419      353.9356   314930    7.04%
   6350  2995      366.1811    67      380.7419      354.0507   326587    7.01%
   6586  3120      371.5629    44      380.7419      354.2227   343143    6.97%
   6731  3204      356.9113    60      380.7419      354.3625   351359    6.93%
   6973  3332      371.4585    49      380.7419      354.4927   365687    6.89%
Elapsed time = 152.03 sec. (159362.08 ticks, tree = 61.21 MB, solutions = 7)
   7165  3430        cutoff            380.7419      354.6197   382906    6.86%
   7399  3549      370.2159    53      380.7419      354.7630   402834    6.82%
   7573  3629      357.5483    71      380.7419      354.8769   414149    6.79%
   7700  3694      358.2139    60      380.7419      354.9574   424851    6.77%
   7850  3774      375.0393    36      380.7419      355.0724   439110    6.74%
   8004  3851      372.9084    91      380.7419      355.1694   453021    6.72%
   8124  3895      377.5140    78      380.7419      355.2216   465028    6.70%
   8265  3976      356.6510   125      380.7419      355.2580   477749    6.69%
   8341  4024      356.2985    97      380.7419      355.2925   484450    6.68%
   8452  4091      373.9289    43      380.7419      355.3347   493461    6.67%
Elapsed time = 190.87 sec. (198880.07 ticks, tree = 63.90 MB, solutions = 7)
   8623  4197      357.6177    63      380.7419      355.3531   502208    6.67%
   8773  4278        cutoff            380.7419      355.4601   515261    6.64%
   8946  4383      358.4838    66      380.7419      355.5086   529835    6.63%
   9099  4475      378.7132    59      380.7419      355.5567   540361    6.61%
   9285  4579      360.7857    71      380.7419      355.6005   557763    6.60%
   9436  4650      371.7840    55      380.7419      355.6541   571271    6.59%
   9623  4743      358.0806   103      380.7419      355.7588   585255    6.56%
   9813  4851      356.7648    92      380.7419      355.8076   600852    6.55%
   9981  4931      360.8402    76      380.7419      355.8712   619258    6.53%
  10169  5039      359.5715    52      380.7419      355.9267   636521    6.52%
Elapsed time = 228.12 sec. (238278.58 ticks, tree = 74.12 MB, solutions = 7)
  10403  5183      362.7731    68      380.7419      356.0021   651668    6.50%
  10537  5266      369.7203    55      380.7419      356.0230   660216    6.49%
  10677  5327      356.6555    81      380.7419      356.0801   669975    6.48%
  10890  5463      377.3170    33      380.7419      356.1434   679956    6.46%
  11043  5547      374.4847    77      380.7419      356.1905   687883    6.45%
  11044  5548      374.4847    75      380.7419      356.1905   687886    6.45%
  11227  5641      364.7184    76      380.7419      356.2755   696852    6.43%
  11429  5744      366.1553    89      380.7419      356.3469   706826    6.41%
  11596  5831      375.5034    81      380.7419      356.4141   718609    6.39%
  11767  5925      378.8053    49      380.7419      356.4524   732485    6.38%
Elapsed time = 318.32 sec. (285307.45 ticks, tree = 96.71 MB, solutions = 7)
  11897  5982      360.8607   110      380.7419      356.5184   739669    6.36%
  12076  6064      377.1221    35      380.7419      356.5796   752442    6.35%
  12256  6143      379.6723    45      380.7419      356.6510   767586    6.33%
  12554  6329      368.2446    68      380.7419      356.7413   787064    6.30%
  12746  6426      368.2342    62      380.7419      356.7909   807420    6.29%
  12897  6496      374.3840    97      380.7419      356.8495   821092    6.28%
  13078  6595      375.8787    39      380.7419      356.9296   836471    6.25%
  13236  6668      376.9052    96      380.7419      356.9772   850384    6.24%
  13407  6757        cutoff            380.7419      357.0238   862642    6.23%
  13590  6849      361.2898    42      380.7419      357.0892   876913    6.21%
Elapsed time = 363.88 sec. (324128.70 ticks, tree = 113.29 MB, solutions = 7)
  13742  6905      373.7573    66      380.7419      357.1239   889424    6.20%
  13940  6988      371.5777    51      380.7419      357.2050   906720    6.18%
  14124  7057      370.0928    51      380.7419      357.2573   921779    6.17%
  14340  7176      373.0166    45      380.7419      357.3430   933739    6.15%
  14543  7280      361.8140    95      380.7419      357.4024   947116    6.13%
  14850  7434      369.2182   108      380.7419      357.5036   968112    6.10%
  15096  7549      363.9754   106      380.7419      357.5807   990235    6.08%
  15337  7687      361.3092    78      380.7419      357.6151  1011030    6.07%
  15561  7789      367.4506    46      380.7419      357.6808  1030492    6.06%
  15709  7875      375.1561    45      380.7419      357.7029  1047546    6.05%
Elapsed time = 403.63 sec. (362613.35 ticks, tree = 125.88 MB, solutions = 7)
  15893  7962      369.8560    43      380.7419      357.7454  1065383    6.04%
  16070  8046      367.2867    50      380.7419      357.7943  1082592    6.03%
  16265  8147      366.5442    55      380.7419      357.8431  1098459    6.01%
  16471  8260      373.7676    62      380.7419      357.9068  1118113    6.00%
  16629  8324      363.5789    47      380.7419      357.9669  1133055    5.98%
  16824  8415      368.8475    46      380.7419      357.9949  1148646    5.97%
  17079  8526      365.3090    58      380.7419      358.0960  1168151    5.95%
  17342  8658      359.6952    79      380.7419      358.1522  1188969    5.93%
  17532  8730        cutoff            380.7419      358.2128  1210795    5.92%
  17758  8845      365.6511    74      380.7419      358.2474  1228084    5.91%
Elapsed time = 442.53 sec. (401084.70 ticks, tree = 129.33 MB, solutions = 7)
  17961  8954      370.5891    52      380.7419      358.2867  1240920    5.90%
  18244  9135      379.2892    36      380.7419      358.3367  1257119    5.88%
  18489  9236        cutoff            380.7419      358.3944  1275101    5.87%
  18704  9331      379.6455    93      380.7419      358.4621  1296542    5.85%
  18938  9416        cutoff            380.7419      358.5284  1319987    5.83%
  19129  9504      371.7658    53      380.7419      358.5726  1338361    5.82%
  19381  9609      367.3393    59      380.7419      358.6640  1357821    5.80%
  19647  9739      366.5158    50      380.7419      358.7280  1378223    5.78%
  19901  9823      372.6363    52      380.7419      358.7826  1398103    5.77%
  20110  9902      373.2388    55      380.7419      358.8275  1417901    5.76%
Elapsed time = 481.97 sec. (439400.77 ticks, tree = 136.13 MB, solutions = 7)
  20316  9999      359.1285    79      380.7419      358.9097  1438830    5.73%
  20518 10091      372.5628    47      380.7419      358.9615  1457959    5.72%
  20744 10171      367.5973    67      380.7419      359.0451  1477750    5.70%
  20998 10271      374.7481    67      380.7419      359.1280  1498941    5.68%
  21192 10355      367.3859    43      380.7419      359.1853  1516926    5.66%
  21478 10479      361.6696    59      380.7419      359.2329  1535910    5.65%
  21723 10619      367.9490    53      380.7419      359.2812  1557333    5.64%
  21992 10758      361.4116    56      380.7419      359.3339  1578688    5.62%
  22219 10842      372.3979    52      380.7419      359.3936  1600074    5.61%
  22439 10932      366.6473    57      380.7419      359.4372  1620292    5.60%
Elapsed time = 521.46 sec. (477779.36 ticks, tree = 137.56 MB, solutions = 7)
  22696 11036        cutoff            380.7419      359.5318  1641394    5.57%
  22935 11150      367.6073    46      380.7419      359.5889  1659940    5.56%
  23166 11244        cutoff            380.7419      359.6442  1679315    5.54%
  23398 11337      366.1548    55      380.7419      359.7012  1700128    5.53%
  23627 11424      360.6916    48      380.7419      359.7791  1720604    5.51%
  23908 11555      361.8937    58      380.7419      359.8195  1740956    5.50%
  24140 11666      378.1481    81      380.7419      359.8554  1762454    5.49%
  24382 11772      371.8824    48      380.7419      359.9000  1784346    5.47%
  24697 11916      378.3691    33      380.7419      359.9634  1804718    5.46%
  24973 12053      371.6183    76      380.7419      360.0316  1825721    5.44%
Elapsed time = 562.91 sec. (516022.18 ticks, tree = 136.40 MB, solutions = 7)
  25212 12187      373.2123    44      380.7419      360.0703  1847302    5.43%
  25491 12298      377.4996    47      380.7419      360.1304  1868961    5.41%
  25743 12391      367.7699    79      380.7419      360.1924  1890965    5.40%
  26004 12510      379.2584    72      380.7419      360.2407  1906302    5.38%
  26326 12645      368.3143    55      380.7419      360.3313  1927621    5.36%
  26581 12737      364.9493    41      380.7419      360.3840  1948865    5.35%
  26820 12819      364.0333    62      380.7419      360.4556  1970101    5.33%
  27106 12935      363.8296    66      380.7419      360.5302  1990055    5.31%
  27372 13059      363.3305    62      380.7419      360.5678  2009954    5.30%
  27640 13187      380.7399    65      380.7419      360.6056  2030487    5.29%
Elapsed time = 605.74 sec. (554756.26 ticks, tree = 135.67 MB, solutions = 7)
  27914 13270      365.5435    53      380.7419      360.6879  2050652    5.27%
  28166 13362      380.0544    37      380.7419      360.7357  2072775    5.25%
  28437 13460      379.8224    25      380.7419      360.7987  2094303    5.24%
  28698 13574      366.4497    64      380.7419      360.8805  2115064    5.22%
  29022 13717      369.2855    42      380.7419      360.9610  2135711    5.20%
  29259 13803        cutoff            380.7419      360.9875  2157944    5.19%
  29535 13911      380.0061    53      380.7419      361.0409  2179292    5.17%
  29829 14036      363.3727    51      380.7419      361.0890  2202320    5.16%
  30090 14134      380.0481    32      380.7419      361.1277  2225882    5.15%
  30352 14245      366.8055    66      380.7419      361.1839  2247909    5.14%
Elapsed time = 646.41 sec. (593045.69 ticks, tree = 135.16 MB, solutions = 7)
  30608 14343      364.6045    48      380.7419      361.2332  2269514    5.12%
  30872 14438      366.3691    46      380.7419      361.2796  2289423    5.11%
  31096 14522      371.3258    41      380.7419      361.3057  2310349    5.10%
  31358 14613      361.3452    52      380.7419      361.3452  2331326    5.09%
  31636 14717      363.4858    83      380.7419      361.3865  2352103    5.08%
  31947 14830      365.4523    66      380.7419      361.4339  2372154    5.07%
  32161 14919      379.2886    39      380.7419      361.4555  2392302    5.07%
  32435 15008        cutoff            380.7419      361.5262  2414019    5.05%
  32686 15087      377.1821    77      380.7419      361.5787  2436637    5.03%
  32994 15195      376.6580    42      380.7419      361.6310  2459244    5.02%
Elapsed time = 686.76 sec. (631413.17 ticks, tree = 134.20 MB, solutions = 7)
  33277 15308      379.6714    53      380.7419      361.6910  2481278    5.00%
  33569 15401      375.2095    45      380.7419      361.7400  2502684    4.99%
  33834 15504      366.1225    50      380.7419      361.7853  2524846    4.98%
  34107 15612      372.7865    88      380.7419      361.8418  2547741    4.96%
  34376 15698        cutoff            380.7419      361.8819  2569747    4.95%
  34733 15862      379.1618    34      380.7419      361.9311  2590921    4.94%
  35006 15980      361.9788    54      380.7419      361.9730  2612254    4.93%
  35267 16092      363.1600    55      380.7419      362.0086  2633677    4.92%
  35564 16180      368.1828    46      380.7419      362.0749  2654632    4.90%
  35820 16267      380.3834    38      380.7419      362.1214  2675863    4.89%
Elapsed time = 728.62 sec. (669746.08 ticks, tree = 133.08 MB, solutions = 7)
  36105 16417      363.2032    56      380.7419      362.1591  2695161    4.88%
  36369 16536      374.9625    45      380.7419      362.1809  2715452    4.87%
  36636 16645      376.2016    77      380.7419      362.2345  2736989    4.86%
  36911 16764      368.3647    56      380.7419      362.2717  2757298    4.85%
  37164 16844      364.1274    63      380.7419      362.3219  2777771    4.84%
  37437 16960        cutoff            380.7419      362.3571  2798928    4.83%
  37722 17077      378.7875    23      380.7419      362.4068  2820360    4.82%
  38029 17192      379.1758    33      380.7419      362.4401  2841307    4.81%
  38305 17294      376.3174    40      380.7419      362.4800  2863478    4.80%
  38596 17414      364.0336    69      380.7419      362.5233  2885323    4.79%
Elapsed time = 770.71 sec. (708143.73 ticks, tree = 133.34 MB, solutions = 7)
  38940 17537      372.3669    43      380.7419      362.5719  2906570    4.77%
  39276 17644      368.1537    43      380.7419      362.6200  2928434    4.76%
  39511 17731      365.1261    59      380.7419      362.6444  2949434    4.75%
  39780 17838      374.1619    46      380.7419      362.6652  2971748    4.75%
  40065 17960      367.7168    72      380.7419      362.6853  2993640    4.74%
  40365 18066      370.1904    39      380.7419      362.7117  3015774    4.74%
  40688 18223      370.8778    46      380.7419      362.7361  3036597    4.73%
  40932 18329      366.9723    93      380.7419      362.7599  3056402    4.72%
  41226 18471      371.5846    51      380.7419      362.7933  3076165    4.71%
  41508 18567      363.2674    58      380.7419      362.8318  3097272    4.70%
Elapsed time = 811.31 sec. (746450.99 ticks, tree = 132.69 MB, solutions = 7)
  41808 18689      379.2383    23      380.7419      362.8692  3118058    4.69%
  42103 18809      368.8108    55      380.7419      362.8962  3136808    4.69%
  42375 18928      380.3572    43      380.7419      362.9275  3157222    4.68%
  42614 19030        cutoff            380.7419      362.9357  3178052    4.68%
  42880 19116      370.9892    49      380.7419      362.9637  3198938    4.67%
  43115 19209      377.5647    80      380.7419      362.9884  3219093    4.66%
  43345 19303      375.9442    40      380.7419      363.0132  3242121    4.66%
  43641 19394      370.8354    68      380.7419      363.0488  3264191    4.65%
  43909 19461      364.3529    86      380.7419      363.0844  3287206    4.64%
  44217 19606        cutoff            380.7419      363.1212  3308253    4.63%
Elapsed time = 857.36 sec. (784665.66 ticks, tree = 132.14 MB, solutions = 7)
  44484 19676        cutoff            380.7419      363.1524  3331065    4.62%
  44762 19768      378.7271    38      380.7419      363.1908  3354304    4.61%
  45035 19867      366.8463    86      380.7419      363.2254  3376967    4.60%
  45335 19995      373.7367    40      380.7419      363.2551  3398172    4.59%
  45666 20122      373.1422    48      380.7419      363.2727  3419802    4.59%
  45952 20226      363.9949    51      380.7419      363.3116  3440712    4.58%
  46234 20328      371.1370    44      380.7419      363.3487  3460857    4.57%
  46535 20447      369.3050    56      380.7419      363.3862  3481123    4.56%
  46831 20547      375.1115    43      380.7419      363.4186  3501672    4.55%
  47072 20645      369.0640    72      380.7419      363.4458  3520903    4.54%
Elapsed time = 903.85 sec. (822965.69 ticks, tree = 132.18 MB, solutions = 7)
  47383 20775      367.8502    74      380.7419      363.4813  3541346    4.53%
  47592 20843      369.5847    49      380.7419      363.4993  3563111    4.53%
  47815 20901      368.2053    50      380.7419      363.5229  3584077    4.52%
  48055 20975      367.4181    85      380.7419      363.5567  3602703    4.51%
  48302 21054      369.5165    46      380.7419      363.5825  3623963    4.51%
  48646 21182      377.1165    47      380.7419      363.6140  3645864    4.50%
  48910 21272        cutoff            380.7419      363.6309  3668436    4.49%
  49140 21359      365.7869    58      380.7419      363.6611  3689345    4.49%
  49392 21465      378.7791    27      380.7419      363.6867  3710247    4.48%
  49659 21566      363.7557    91      380.7419      363.7165  3732513    4.47%
Elapsed time = 947.80 sec. (861213.39 ticks, tree = 132.03 MB, solutions = 7)
  49906 21685      380.5645    34      380.7419      363.7267  3754362    4.47%
  50190 21798        cutoff            380.7419      363.7514  3776362    4.46%
  50459 21923      375.7066    49      380.7419      363.7716  3797385    4.46%
  50722 22000      365.6599    61      380.7419      363.8049  3818702    4.45%
  51074 22124        cutoff            380.7419      363.8423  3840832    4.44%
  51361 22241      378.4226    98      380.7419      363.8632  3863147    4.43%
  51673 22349      379.4423    51      380.7419      363.8919  3884461    4.43%
  51995 22441      366.8271    49      380.7419      363.9216  3906474    4.42%
  52224 22516      374.5475    27      380.7419      363.9447  3927248    4.41%
  52546 22621      363.9689    58      380.7419      363.9689  3949298    4.41%
Elapsed time = 989.63 sec. (899468.78 ticks, tree = 132.51 MB, solutions = 7)
  52817 22700      377.2856    38      380.7419      364.0016  3970687    4.40%
  53084 22785        cutoff            380.7419      364.0189  3991860    4.39%
  53370 22869      369.5158    53      380.7419      364.0460  4013581    4.39%
  53627 22947      365.1923    55      380.7419      364.0643  4034318    4.38%
  53960 23057      367.1271    53      380.7419      364.0918  4054352    4.37%
  54254 23127      370.7135    73      380.7419      364.1246  4075414    4.36%
  54555 23225      372.4500    40      380.7419      364.1582  4096250    4.36%
  54844 23343      369.0298    44      380.7419      364.1809  4117233    4.35%
  55062 23409      369.0385    86      380.7419      364.1986  4139430    4.35%
  55334 23511      372.6217    75      380.7419      364.2207  4160639    4.34%
Elapsed time = 1044.66 sec. (937812.31 ticks, tree = 132.42 MB, solutions = 7)
  55640 23614        cutoff            380.7419      364.2498  4183021    4.33%
  55935 23717      369.4278    48      380.7419      364.2697  4204294    4.33%
  56200 23801        cutoff            380.7419      364.2897  4226658    4.32%
  56488 23890      373.1223    71      380.7419      364.3123  4248115    4.32%
  56796 23991        cutoff            380.7419      364.3374  4270076    4.31%
  57037 24081      368.6145    66      380.7419      364.3704  4291540    4.30%
  57304 24168      365.9757    49      380.7419      364.3974  4314391    4.29%
  57590 24262      368.1458    48      380.7419      364.4229  4336528    4.29%
  57943 24411      374.3027    42      380.7419      364.4387  4358013    4.28%
  58209 24519      373.8208    46      380.7419      364.4571  4377242    4.28%
Elapsed time = 1102.11 sec. (976093.86 ticks, tree = 132.53 MB, solutions = 7)
  58541 24644      377.4778    28      380.7419      364.4813  4398430    4.27%
  58790 24723      368.6029    52      380.7419      364.5132  4420618    4.26%
  59051 24801      374.3938    62      380.7419      364.5304  4441519    4.26%
  59318 24891      374.9479    63      380.7419      364.5493  4462736    4.25%
  59636 25024      367.0774    46      380.7419      364.5693  4481549    4.25%
  59917 25101      375.6941    39      380.7419      364.5994  4502389    4.24%
  60186 25181      370.8172    51      380.7419      364.6239  4523631    4.23%
  60421 25263      374.7115    68      380.7419      364.6413  4544568    4.23%
  60691 25340      368.8975    49      380.7419      364.6680  4565945    4.22%
  60982 25424      380.3363    36      380.7419      364.6947  4586523    4.21%
Elapsed time = 1163.15 sec. (1014617.38 ticks, tree = 132.34 MB, solutions = 7)
  61229 25495      374.3562    54      380.7419      364.7153  4604946    4.21%
  61505 25608        cutoff            380.7419      364.7313  4625890    4.21%
  61770 25698      378.0178    54      380.7419      364.7483  4647879    4.20%
  62099 25803      367.2294    51      380.7419      364.7701  4670090    4.19%
  62409 25884      374.2655    45      380.7419      364.7980  4692591    4.19%
  62732 25968        cutoff            380.7419      364.8279  4713821    4.18%
  63024 26061        cutoff            380.7419      364.8495  4734858    4.17%
  63329 26141      375.8667    30      380.7419      364.8808  4757482    4.17%
  63590 26222      374.1331    60      380.7419      364.8980  4780718    4.16%
  63901 26342      365.5882    49      380.7419      364.9124  4802029    4.16%
Elapsed time = 1214.68 sec. (1052921.80 ticks, tree = 132.28 MB, solutions = 7)
  64161 26419      369.8612    53      380.7419      364.9358  4823688    4.15%
  64497 26533        cutoff            380.7419      364.9611  4844427    4.14%
  64778 26621      369.0208    49      380.7419      364.9954  4866263    4.14%
  65004 26695      367.2838    52      380.7419      365.0159  4886266    4.13%
  65337 26790      367.6832    44      380.7419      365.0485  4907931    4.12%
  65605 26859        cutoff            380.7419      365.0710  4928252    4.12%
  65911 26991      380.1014    57      380.7419      365.0916  4949945    4.11%
  66108 27050      376.5610    40      380.7419      365.1065  4967318    4.11%
  66395 27143      365.1290    78      380.7419      365.1275  4988791    4.10%
  66702 27235      376.3250    51      380.7419      365.1538  5009604    4.09%
Elapsed time = 1264.87 sec. (1091606.42 ticks, tree = 132.67 MB, solutions = 7)
  66988 27314      367.0939    63      380.7419      365.1730  5031515    4.09%
  67224 27390      378.5292    47      380.7419      365.1830  5051152    4.09%
  67521 27478      373.4921    81      380.7419      365.2008  5072468    4.08%
  67814 27561      371.0473    39      380.7419      365.2192  5093167    4.08%
  68110 27651        cutoff            380.7419      365.2369  5113348    4.07%
  68413 27761        cutoff            380.7419      365.2573  5134339    4.07%
  68659 27821      378.6827   102      380.7419      365.2718  5156530    4.06%
  68961 27927      379.9259    64      380.7419      365.2982  5178078    4.06%
  69249 28020      366.7479    80      380.7419      365.3152  5200619    4.05%
  69604 28144        cutoff            380.7419      365.3373  5220820    4.05%
Elapsed time = 1328.90 sec. (1129839.08 ticks, tree = 132.70 MB, solutions = 7)
  69930 28241      366.3449    62      380.7419      365.3679  5242190    4.04%
  70248 28309      375.1259    34      380.7419      365.3955  5264754    4.03%
  70551 28406      379.7260    34      380.7419      365.4101  5286884    4.03%
  70832 28497      376.1195    43      380.7419      365.4251  5308587    4.02%
  71121 28548      369.5416    52      380.7419      365.4520  5331054    4.02%
  71435 28678        cutoff            380.7419      365.4711  5352226    4.01%
  71682 28762      374.2685    42      380.7419      365.4877  5376520    4.01%
  71948 28812      375.7530    36      380.7419      365.5089  5399443    4.00%
  72273 28904      370.4548    48      380.7419      365.5296  5421407    4.00%
  72524 28959      366.9142    73      380.7419      365.5459  5444693    3.99%
Elapsed time = 1382.33 sec. (1168171.02 ticks, tree = 132.20 MB, solutions = 7)
  72799 29033        cutoff            380.7419      365.5661  5465090    3.99%
  73081 29082      366.0304    62      380.7419      365.5902  5487385    3.98%
  73311 29144      373.3139    36      380.7419      365.6098  5509158    3.97%
  73580 29222      369.8694    46      380.7419      365.6300  5531195    3.97%
  73877 29272      369.6150    72      380.7419      365.6559  5552060    3.96%
  74191 29378      367.9737    45      380.7419      365.6740  5573620    3.96%
  74410 29471      378.1466    43      380.7419      365.6818  5595062    3.96%
  74689 29555      380.4398    23      380.7419      365.7025  5616652    3.95%
  74954 29630      376.8802    54      380.7419      365.7170  5637825    3.95%
  75154 29704      369.1440    52      380.7419      365.7270  5656636    3.94%
Elapsed time = 1428.19 sec. (1206519.25 ticks, tree = 131.94 MB, solutions = 7)
  75483 29798      369.4287    55      380.7419      365.7425  5677382    3.94%
  75719 29861      369.1809    55      380.7419      365.7577  5700171    3.94%
  76010 29932      375.3577    33      380.7419      365.7820  5721251    3.93%
  76296 30025      365.7988    85      380.7419      365.7988  5743466    3.92%
  76574 30083      372.2390    46      380.7419      365.8183  5765654    3.92%
  76821 30133      380.6468    32      380.7419      365.8367  5788032    3.91%
  77057 30216      380.2090    35      380.7419      365.8501  5806700    3.91%
  77339 30302      377.0222    45      380.7419      365.8682  5830059    3.91%
  77635 30382        cutoff            380.7419      365.8888  5851689    3.90%
  77947 30461      370.9257    75      380.7419      365.9135  5874888    3.89%
Elapsed time = 1489.41 sec. (1244788.73 ticks, tree = 132.31 MB, solutions = 7)
  78237 30554      375.9476    40      380.7419      365.9318  5897864    3.89%
  78528 30625      369.1828    46      380.7419      365.9570  5919792    3.88%
  78850 30739      367.7017    53      380.7419      365.9771  5941588    3.88%
  79113 30791      367.7092    53      380.7419      366.0078  5963017    3.87%
  79433 30905      372.3126    52      380.7419      366.0255  5984292    3.87%
  79733 30979      370.5439    44      380.7419      366.0443  6005079    3.86%
  80014 31040        cutoff            380.7419      366.0605  6026574    3.86%
  80292 31100      369.1627    51      380.7419      366.0837  6048344    3.85%
  80537 31183      376.0820    51      380.7419      366.0988  6069492    3.85%
  80810 31298      366.8266    49      380.7419      366.1122  6090344    3.84%
Elapsed time = 1543.17 sec. (1283079.74 ticks, tree = 132.42 MB, solutions = 7)
  81109 31366      370.3513    50      380.7419      366.1322  6109066    3.84%
  81391 31448      380.2310    45      380.7419      366.1508  6128884    3.83%
  81682 31538      377.2719    30      380.7419      366.1651  6150316    3.83%
  81967 31597      372.3442    46      380.7419      366.1840  6170859    3.82%
  82188 31647      376.0021    37      380.7419      366.1958  6188249    3.82%
  82429 31690      368.9603    49      380.7419      366.2142  6208426    3.82%
  82701 31728      374.4569    48      380.7419      366.2410  6229225    3.81%
  82950 31780      367.6135    52      380.7419      366.2686  6250786    3.80%
  83226 31834      374.8544    83      380.7419      366.2925  6273756    3.80%
  83516 31912      380.2653    42      380.7419      366.3084  6296328    3.79%
Elapsed time = 1607.07 sec. (1321511.98 ticks, tree = 132.06 MB, solutions = 7)
  83852 32014      366.3389    87      380.7419      366.3280  6318661    3.79%
  84187 32121      366.5922    44      380.7419      366.3435  6340832    3.78%
  84488 32198      379.4947    64      380.7419      366.3644  6362649    3.78%
  84800 32313        cutoff            380.7419      366.3804  6384729    3.77%
  85061 32360      375.9854    48      380.7419      366.4030  6401568    3.77%
  85402 32485      379.7678    41      380.7419      366.4248  6422735    3.76%
  85706 32552      377.2742    38      380.7419      366.4518  6445737    3.75%
  85964 32616      380.4175    83      380.7419      366.4745  6469168    3.75%
  86238 32685      373.7107    40      380.7419      366.4973  6490870    3.74%
  86579 32760        cutoff            380.7419      366.5155  6513249    3.74%
Elapsed time = 1657.49 sec. (1359750.41 ticks, tree = 132.56 MB, solutions = 7)
  86882 32832      379.2889    36      380.7419      366.5379  6535382    3.73%
  87142 32909      379.6878    39      380.7419      366.5580  6556804    3.73%
  87444 32980        cutoff            380.7419      366.5851  6579137    3.72%
  87678 33053      373.4877    44      380.7419      366.6024  6600684    3.71%
  87997 33123      374.2630    70      380.7419      366.6279  6620189    3.71%
  88321 33206      380.2611    48      380.7419      366.6409  6642733    3.70%
  88582 33279      373.2677    97      380.7419      366.6580  6664540    3.70%
  88871 33357      376.7950    36      380.7419      366.6788  6685958    3.69%
  89162 33424        cutoff            380.7419      366.6924  6707500    3.69%
  89433 33496        cutoff            380.7419      366.7098  6728190    3.69%
Elapsed time = 1707.89 sec. (1398013.75 ticks, tree = 133.93 MB, solutions = 7)
  89759 33582      366.7421    60      380.7419      366.7312  6748339    3.68%
  90059 33663      378.5319    45      380.7419      366.7450  6768129    3.68%
  90387 33748      368.9179    46      380.7419      366.7655  6789149    3.67%
  90678 33815        cutoff            380.7419      366.7835  6811546    3.67%
  90983 33866      370.8812    63      380.7419      366.8015  6834573    3.66%
  91262 33935      379.4582    63      380.7419      366.8162  6854664    3.66%
  91606 34014        cutoff            380.7419      366.8371  6877662    3.65%
  91909 34094      376.5319    44      380.7419      366.8520  6899359    3.65%
  92218 34183      370.8672    50      380.7419      366.8663  6921546    3.64%
  92513 34222      379.1966    70      380.7419      366.8855  6943941    3.64%
Elapsed time = 1757.63 sec. (1436310.97 ticks, tree = 133.97 MB, solutions = 7)
  92763 34259      378.9428    28      380.7419      366.8980  6966692    3.64%
  93038 34334      371.1867    39      380.7419      366.9134  6985056    3.63%
  93343 34410      369.3249    41      380.7419      366.9366  7008245    3.63%
  93636 34455        cutoff            380.7419      366.9586  7029995    3.62%
  93911 34513        cutoff            380.7419      366.9747  7052369    3.62%
  94143 34545      375.5667    37      380.7419      366.9912  7069671    3.61%
  94433 34615      371.8528    52      380.7419      367.0133  7091857    3.61%
  94721 34693      367.2031    67      380.7419      367.0299  7114219    3.60%
  95004 34739      370.5896    36      380.7419      367.0459  7136529    3.60%
  95312 34834      376.4660    54      380.7419      367.0601  7157657    3.59%
Elapsed time = 1802.79 sec. (1474797.25 ticks, tree = 133.66 MB, solutions = 7)
  95619 34916      380.3993    31      380.7419      367.0779  7178281    3.59%
  95937 35007      378.4323    36      380.7419      367.0951  7200005    3.58%
  96221 35042      373.3331    51      380.7419      367.1167  7222236    3.58%
  96535 35136      370.5461    49      380.7419      367.1363  7243178    3.57%
  96815 35195      373.5129    52      380.7419      367.1595  7264654    3.57%
  97102 35275      375.4053    53      380.7419      367.1735  7286114    3.56%
  97426 35321      373.2633    56      380.7419      367.1916  7307176    3.56%
  97709 35400      370.4172    60      380.7419      367.2065  7328688    3.56%
  98025 35469      378.6833    37      380.7419      367.2276  7349478    3.55%
  98359 35589      368.3008    50      380.7419      367.2452  7369487    3.54%
Elapsed time = 1842.93 sec. (1513219.70 ticks, tree = 133.73 MB, solutions = 7)
  98681 35677      373.4084    59      380.7419      367.2589  7389009    3.54%
  98989 35759      374.6475    30      380.7419      367.2684  7410641    3.54%
  99263 35836      374.9437    59      380.7419      367.2831  7432719    3.53%
  99551 35944      371.8359    80      380.7419      367.2989  7454140    3.53%
  99857 35983      371.6213    41      380.7419      367.3221  7475588    3.52%
 100120 36035      377.2405    36      380.7419      367.3400  7496038    3.52%
 100444 36095      377.1746    52      380.7419      367.3604  7518120    3.51%
 100759 36162      377.1665    34      380.7419      367.3802  7540484    3.51%
 101075 36248      374.2992    48      380.7419      367.3950  7562676    3.51%
 101421 36311      378.9296    44      380.7419      367.4131  7584144    3.50%
Elapsed time = 1883.56 sec. (1551561.18 ticks, tree = 134.07 MB, solutions = 7)
 101759 36412      370.8705    49      380.7419      367.4334  7606751    3.50%
 102115 36491      378.0642    62      380.7419      367.4547  7629209    3.49%
 102416 36546      375.9517    48      380.7419      367.4793  7649767    3.48%
 102747 36658      370.2118    50      380.7419      367.4946  7671553    3.48%
 103015 36703      369.3961    45      380.7419      367.5155  7690084    3.47%
 103352 36767        cutoff            380.7419      367.5321  7712677    3.47%
 103706 36829      372.6799    48      380.7419      367.5519  7733900    3.46%
 104036 36898      373.1885    66      380.7419      367.5670  7755400    3.46%
 104369 36995      372.6521    39      380.7419      367.5834  7776945    3.46%
 104670 37054        cutoff            380.7419      367.5976  7799151    3.45%
Elapsed time = 1925.35 sec. (1589859.03 ticks, tree = 133.87 MB, solutions = 7)
 104970 37111      378.6095    33      380.7419      367.6197  7821115    3.45%
 105307 37196      369.4903    45      380.7419      367.6361  7841127    3.44%
 105631 37277      376.0049    48      380.7419      367.6545  7863492    3.44%
 105884 37317      376.6956    48      380.7419      367.6680  7884429    3.43%
 106172 37355      373.9558    68      380.7419      367.6811  7905269    3.43%
 106463 37439      376.8083    79      380.7419      367.6891  7927079    3.43%
 106771 37510        cutoff            380.7419      367.7092  7946842    3.42%
 107037 37581      372.9547    50      380.7419      367.7200  7967686    3.42%
 107330 37643      372.6402    46      380.7419      367.7378  7988871    3.42%
 107623 37723      378.6530    78      380.7419      367.7510  8010337    3.41%
Elapsed time = 1965.26 sec. (1628133.93 ticks, tree = 133.94 MB, solutions = 7)
 107892 37777      379.9810    48      380.7419      367.7639  8031473    3.41%
 108209 37840        cutoff            380.7419      367.7780  8052482    3.40%
 108503 37911      371.9967    39      380.7419      367.7974  8073308    3.40%
 108822 37944      367.8375    78      380.7419      367.8168  8095264    3.39%
*108920 36863      integral     0      380.2027      367.8206  8103317    3.26%
*109020+34995                          379.4826      367.8260             3.07%
 109054 34993      371.7170    44      379.4826      367.8314  8113039    3.07%
 109339 35059        cutoff            379.4826      367.8458  8133854    3.07%
 109711 35120    infeasible            379.4826      367.8678  8154915    3.06%
 110004 35165      371.7049    46      379.4826      367.8901  8176241    3.05%
 110339 35219      372.6484    44      379.4826      367.9103  8196879    3.05%
 110655 35269      376.8917    36      379.4826      367.9337  8218955    3.04%
Elapsed time = 2008.53 sec. (1666922.83 ticks, tree = 119.75 MB, solutions = 9)
 110952 35317      368.5347    60      379.4826      367.9538  8240873    3.04%
 111257 35397      376.2933    38      379.4826      367.9700  8262669    3.03%
 111552 35474      376.9695    41      379.4826      367.9841  8284219    3.03%
 111884 35553      375.3521    37      379.4826      367.9986  8305524    3.03%
 112216 35601      377.1321    33      379.4826      368.0143  8325419    3.02%
 112522 35653      376.9354    55      379.4826      368.0299  8345983    3.02%
 112856 35693      378.4001    41      379.4826      368.0497  8367304    3.01%
 113188 35731      369.9017    48      379.4826      368.0705  8388933    3.01%
 113564 35789      375.8354    44      379.4826      368.0870  8409810    3.00%
 113868 35829      371.6801    70      379.4826      368.1070  8431523    3.00%
Elapsed time = 2056.92 sec. (1705095.02 ticks, tree = 119.79 MB, solutions = 9)
 114204 35860      371.3191    51      379.4826      368.1351  8452776    2.99%
 114501 35903        cutoff            379.4826      368.1539  8474881    2.99%
 114867 35966      376.8378    36      379.4826      368.1721  8496258    2.98%
 115188 35995        cutoff            379.4826      368.1958  8518854    2.97%
 115483 36043      375.7157    53      379.4826      368.2116  8541977    2.97%
 115810 36078      368.7089    51      379.4826      368.2342  8562895    2.96%
 116118 36118      372.1815    65      379.4826      368.2501  8583943    2.96%
 116480 36185      376.4877    39      379.4826      368.2642  8604480    2.96%
 116745 36249        cutoff            379.4826      368.2762  8625032    2.95%
 117064 36307      369.4365    50      379.4826      368.2941  8646161    2.95%
Elapsed time = 2105.94 sec. (1743365.64 ticks, tree = 118.89 MB, solutions = 9)
 117368 36323      377.8642    65      379.4826      368.3163  8667740    2.94%
 117654 36366      371.0501    72      379.4826      368.3315  8688524    2.94%
 117958 36398      378.1355    41      379.4826      368.3463  8709325    2.93%
 118302 36462        cutoff            379.4826      368.3661  8729114    2.93%
 118649 36525        cutoff            379.4826      368.3837  8748702    2.92%
 118951 36532        cutoff            379.4826      368.4084  8769877    2.92%
 119228 36540      371.2310    52      379.4826      368.4305  8790289    2.91%
 119582 36600      371.1927    49      379.4826      368.4482  8811240    2.91%
 119914 36660      377.8779    29      379.4826      368.4652  8832141    2.90%
 120226 36718      374.8712    71      379.4826      368.4815  8852185    2.90%
Elapsed time = 2154.47 sec. (1781613.64 ticks, tree = 118.55 MB, solutions = 9)
 120553 36782      376.1464    43      379.4826      368.5040  8873210    2.89%
 120864 36861      369.9761    44      379.4826      368.5178  8892511    2.89%
 121159 36939      376.8936    71      379.4826      368.5293  8911374    2.89%
 121516 36979      372.7293    63      379.4826      368.5490  8932160    2.88%
 121860 37016      378.9622    40      379.4826      368.5712  8954102    2.88%
 122149 37067      368.6426    73      379.4826      368.5860  8976773    2.87%
 122457 37148      375.5857    30      379.4826      368.6030  8997647    2.87%
 122800 37252        cutoff            379.4826      368.6140  9017871    2.86%
 123087 37286      376.3586    48      379.4826      368.6268  9036302    2.86%
 123474 37376      373.9562    41      379.4826      368.6447  9055978    2.86%
Elapsed time = 2209.46 sec. (1819878.70 ticks, tree = 118.13 MB, solutions = 9)
 123838 37437        cutoff            379.4826      368.6608  9076382    2.85%
*123990 36844      integral     0      379.3152      368.6676  9086950    2.81%
*124090+35802                          379.0234      368.6715             2.73%
 124185 35842      369.3566    41      379.0234      368.6734  9096217    2.73%
 124525 35909      371.3669    45      379.0234      368.6939  9115509    2.73%
 124833 35950      371.6220    53      379.0234      368.7163  9136151    2.72%
 125033 35987      368.7265    40      379.0234      368.7217  9154036    2.72%
 125390 36059      370.7219    69      379.0234      368.7397  9175721    2.71%
 125710 36118      373.2063    41      379.0234      368.7548  9195803    2.71%
 126101 36186        cutoff            379.0234      368.7715  9216870    2.70%
 126378 36214        cutoff            379.0234      368.7864  9237014    2.70%
 126615 36303      375.6867    65      379.0234      368.7957  9257611    2.70%
Elapsed time = 2258.60 sec. (1858158.48 ticks, tree = 110.65 MB, solutions = 11)
 126887 36331      376.3390    46      379.0234      368.8130  9276748    2.69%
 127161 36401        cutoff            379.0234      368.8240  9294370    2.69%
 127472 36455      373.4641    32      379.0234      368.8339  9314283    2.69%
 127795 36509      373.1686    43      379.0234      368.8499  9335206    2.68%
 128189 36596        cutoff            379.0234      368.8642  9355479    2.68%
 128509 36658      372.7938    79      379.0234      368.8785  9375268    2.68%
 128844 36695      376.1080    29      379.0234      368.8982  9395292    2.67%
 129152 36764        cutoff            379.0234      368.9136  9416317    2.67%
 129441 36816      374.3408    60      379.0234      368.9311  9436089    2.66%
 129750 36896      375.8437    26      379.0234      368.9471  9455830    2.66%
Elapsed time = 2307.27 sec. (1896378.39 ticks, tree = 110.73 MB, solutions = 11)
 130073 36922      369.1910    54      379.0234      368.9700  9477030    2.65%
 130386 36978      374.8402    53      379.0234      368.9861  9496069    2.65%
*130644+35554                          378.5807      369.0019             2.53%
 130709 35545      371.7307    55      378.5807      369.0087  9516479    2.53%
*130744+35094                          378.4443      369.0095             2.49%
*130744+34057                          378.1524      369.0095             2.42%
 130983 34072      377.0677    45      378.1524      369.0289  9533522    2.41%
 131267 34159    infeasible            378.1524      369.0355  9551016    2.41%
 131629 34176      369.5937    46      378.1524      369.0591  9571307    2.40%
 131894 34226      375.4598    39      378.1524      369.0695  9592473    2.40%
 132196 34247      370.5711    31      378.1524      369.0880  9613610    2.40%
 132504 34361      374.1707    34      378.1524      369.0963  9633898    2.39%
 132808 34398        cutoff            378.1524      369.1115  9654362    2.39%
Elapsed time = 2356.42 sec. (1934630.99 ticks, tree = 98.85 MB, solutions = 14)
 133094 34454      374.4441    51      378.1524      369.1214  9675018    2.39%
 133420 34505      376.5774    37      378.1524      369.1394  9695881    2.38%
 133737 34532      373.4954    40      378.1524      369.1585  9715604    2.38%
 134004 34552      372.9296    41      378.1524      369.1721  9734743    2.37%
 134357 34584      375.0616    41      378.1524      369.1882  9755578    2.37%
 134684 34603      372.4849    33      378.1524      369.2063  9776025    2.37%
 135020 34651      371.0681    46      378.1524      369.2242  9794749    2.36%
 135341 34655      373.3575    32      378.1524      369.2414  9816270    2.36%
 135640 34703      372.6347    35      378.1524      369.2550  9837025    2.35%
 135963 34714      375.3383    53      378.1524      369.2704  9859338    2.35%
Elapsed time = 2406.50 sec. (1972929.51 ticks, tree = 98.76 MB, solutions = 14)
 136290 34735        cutoff            378.1524      369.2859  9879919    2.34%
 136621 34743      372.9262    50      378.1524      369.3077  9900235    2.34%
 136940 34739      374.4937    60      378.1524      369.3282  9921894    2.33%
 137324 34735      371.9961    41      378.1524      369.3547  9943832    2.33%
 137624 34787      373.1823    23      378.1524      369.3710  9963947    2.32%
 137958 34807      375.9007    35      378.1524      369.3933  9984994    2.32%
 138193 34853      378.1306    60      378.1524      369.4077 10000951    2.31%
 138477 34860      373.0634    37      378.1524      369.4287 10020664    2.31%
 138852 34887      371.0623    36      378.1524      369.4512 10040684    2.30%
 139202 34879      375.8077    78      378.1524      369.4748 10061399    2.29%
Elapsed time = 2455.43 sec. (2011162.08 ticks, tree = 97.97 MB, solutions = 14)
 139538 34909      371.4836    46      378.1524      369.4977 10082803    2.29%
 139894 34952      374.9670    31      378.1524      369.5153 10102973    2.28%
 140189 34971      369.8869    42      378.1524      369.5347 10122466    2.28%
 140532 34985      373.1697    52      378.1524      369.5586 10143204    2.27%
 140846 34984      372.0490    68      378.1524      369.5768 10164315    2.27%
 141163 35016      370.5859    53      378.1524      369.5925 10183801    2.26%
 141484 35037      376.0479    39      378.1524      369.6087 10202989    2.26%
 141817 35036      375.4541    43      378.1524      369.6310 10221644    2.25%
 142186 35047      375.7169    44      378.1524      369.6501 10242015    2.25%
 142494 35074        cutoff            378.1524      369.6621 10262543    2.25%
Elapsed time = 2505.50 sec. (2049450.83 ticks, tree = 97.83 MB, solutions = 14)
 142804 35069      370.2915    52      378.1524      369.6822 10281671    2.24%
 143153 35090        cutoff            378.1524      369.6981 10302083    2.24%
 143484 35114        cutoff            378.1524      369.7151 10322766    2.23%
 143836 35119      369.8558    39      378.1524      369.7308 10344111    2.23%
 144229 35119        cutoff            378.1524      369.7564 10364902    2.22%
 144585 35160      375.2522    62      378.1524      369.7783 10385685    2.21%
 144943 35162      373.8809    69      378.1524      369.7959 10405275    2.21%
 145204 35208      372.6950    29      378.1524      369.8027 10425307    2.21%
 145539 35255      375.7372    36      378.1524      369.8191 10443782    2.20%
 145839 35243      373.5619    26      378.1524      369.8410 10465136    2.20%
Elapsed time = 2555.41 sec. (2087732.91 ticks, tree = 96.98 MB, solutions = 14)
 146144 35274      373.3021    38      378.1524      369.8575 10484555    2.19%
 146438 35321      369.9266    41      378.1524      369.8681 10504121    2.19%
 146768 35377      372.6897    44      378.1524      369.8820 10523713    2.19%
 147067 35408        cutoff            378.1524      369.8942 10542874    2.18%
 147347 35472      375.6456    41      378.1524      369.9065 10562821    2.18%
 147641 35497      372.9530    29      378.1524      369.9209 10583967    2.18%
 147950 35601      373.6017    40      378.1524      369.9281 10602234    2.17%
 148292 35621      375.7353    68      378.1524      369.9467 10620962    2.17%
 148611 35670        cutoff            378.1524      369.9588 10640942    2.17%
 148911 35691      377.2553    76      378.1524      369.9761 10660007    2.16%
Elapsed time = 2606.12 sec. (2126015.51 ticks, tree = 96.95 MB, solutions = 14)
 149249 35719      373.6560    33      378.1524      369.9903 10680151    2.16%
 149519 35710      373.0219    49      378.1524      370.0034 10701681    2.15%
 149825 35720      370.1109    40      378.1524      370.0239 10721748    2.15%
 150149 35746      371.6829    41      378.1524      370.0438 10740189    2.14%
 150482 35781      370.3083    43      378.1524      370.0607 10759659    2.14%
 150817 35785      376.7858    79      378.1524      370.0797 10779516    2.13%
 151139 35833      375.6126    30      378.1524      370.0943 10798252    2.13%
 151451 35857      377.1317    50      378.1524      370.1107 10818726    2.13%
 151779 35897      375.2228    39      378.1524      370.1272 10838532    2.12%
 152108 35904      373.3935    29      378.1524      370.1429 10855707    2.12%
Elapsed time = 2655.57 sec. (2164417.28 ticks, tree = 96.48 MB, solutions = 14)
 152410 35892      376.6653    44      378.1524      370.1591 10875557    2.11%
 152737 35914        cutoff            378.1524      370.1756 10895858    2.11%
 153019 35938      377.3617    36      378.1524      370.1930 10915615    2.10%
 153365 36008      376.5671    44      378.1524      370.2061 10935695    2.10%
 153683 36032      372.4153    38      378.1524      370.2235 10955682    2.10%
 153988 36113      370.6920    54      378.1524      370.2310 10973755    2.09%
 154320 36198        cutoff            378.1524      370.2432 10991840    2.09%
 154730 36265        cutoff            378.1524      370.2626 11009955    2.09%
 155028 36282      375.8148    40      378.1524      370.2780 11027090    2.08%
 155343 36306        cutoff            378.1524      370.2962 11047307    2.08%
Elapsed time = 2704.11 sec. (2202690.11 ticks, tree = 96.29 MB, solutions = 14)
 155666 36331        cutoff            378.1524      370.3122 11067045    2.07%
 156030 36365      374.4086    37      378.1524      370.3267 11087665    2.07%
 156387 36388        cutoff            378.1524      370.3424 11108598    2.07%
 156753 36509      370.3832    31      378.1524      370.3491 11127028    2.06%
 157056 36590      370.4358    47      378.1524      370.3551 11146304    2.06%
 157360 36615      376.2323    32      378.1524      370.3669 11164368    2.06%
 157677 36654      373.7962    27      378.1524      370.3822 11182782    2.05%
 158014 36641      373.1448    37      378.1524      370.3982 11201347    2.05%
 158368 36678      370.4128    50      378.1524      370.4137 11220357    2.05%
 158681 36665      370.4332    83      378.1524      370.4337 11240729    2.04%
Elapsed time = 2750.15 sec. (2240970.77 ticks, tree = 95.88 MB, solutions = 14)
 158999 36720      376.5118    48      378.1524      370.4434 11260705    2.04%
 159343 36749        cutoff            378.1524      370.4572 11280408    2.03%
 159654 36759      376.0391    27      378.1524      370.4715 11299609    2.03%
 159995 36770      377.2472    46      378.1524      370.4864 11319461    2.03%
 160322 36779      374.0107    31      378.1524      370.4983 11339731    2.02%
 160636 36799        cutoff            378.1524      370.5138 11360183    2.02%
 160962 36816        cutoff            378.1524      370.5297 11378974    2.02%
 161284 36867      371.0232    88      378.1524      370.5390 11399478    2.01%
 161657 36919      370.7320    46      378.1524      370.5572 11418316    2.01%
 161940 36971      377.8460    31      378.1524      370.5677 11436451    2.01%
Elapsed time = 2798.23 sec. (2279161.55 ticks, tree = 95.52 MB, solutions = 14)
 162258 36968      376.1855    37      378.1524      370.5816 11456340    2.00%
 162610 36991        cutoff            378.1524      370.5957 11477851    2.00%
 162961 37032        cutoff            378.1524      370.6085 11496019    1.99%
 163298 37034        cutoff            378.1524      370.6228 11514046    1.99%
 163638 37055      376.3089    30      378.1524      370.6376 11532330    1.99%
 163927 37073      375.4391    36      378.1524      370.6464 11552996    1.98%
 164281 37095      376.1574    27      378.1524      370.6638 11573144    1.98%
 164641 37144      376.6257    42      378.1524      370.6735 11592665    1.98%
 164993 37143      372.5081    38      378.1524      370.6917 11611344    1.97%
 165284 37145      374.4181    42      378.1524      370.7101 11626802    1.97%
Elapsed time = 2844.71 sec. (2317390.51 ticks, tree = 94.94 MB, solutions = 14)
 165644 37163      373.4043    41      378.1524      370.7254 11644723    1.96%
 165952 37199      370.8830    38      378.1524      370.7404 11662828    1.96%
 166344 37213      374.9707    37      378.1524      370.7589 11680993    1.96%
 166684 37263      376.7903    34      378.1524      370.7727 11699246    1.95%
 167005 37282        cutoff            378.1524      370.7882 11718028    1.95%
 167338 37331      372.2895    46      378.1524      370.8022 11736897    1.94%
 167649 37360      371.3485    48      378.1524      370.8146 11756977    1.94%
 167948 37389      372.0410    53      378.1524      370.8268 11778425    1.94%
 168274 37402      370.8646    47      378.1524      370.8404 11798799    1.93%
 168575 37427      371.2272    43      378.1524      370.8541 11818823    1.93%
Elapsed time = 2887.28 sec. (2355636.55 ticks, tree = 94.40 MB, solutions = 14)
 168965 37467      376.7702    43      378.1524      370.8718 11838175    1.93%
 169334 37503      374.4989    43      378.1524      370.8865 11857707    1.92%
 169617 37536      377.3098    57      378.1524      370.8945 11878203    1.92%
 169952 37571        cutoff            378.1524      370.9082 11897647    1.92%
 170294 37597      370.9208    39      378.1524      370.9208 11915924    1.91%
 170634 37601      372.8151    33      378.1524      370.9341 11936922    1.91%
 170984 37636      370.9563    45      378.1524      370.9547 11956306    1.90%
 171297 37639      372.9817    38      378.1524      370.9673 11974449    1.90%
 171675 37646      377.5857    33      378.1524      370.9814 11994553    1.90%
 172030 37652        cutoff            378.1524      370.9989 12014782    1.89%
Elapsed time = 2932.44 sec. (2393920.11 ticks, tree = 94.26 MB, solutions = 14)
 172404 37694      372.0863    39      378.1524      371.0132 12034322    1.89%
 172764 37711      376.0401    36      378.1524      371.0274 12053954    1.88%
 173096 37718      372.9200    31      378.1524      371.0451 12074467    1.88%
 173457 37700      376.8019    40      378.1524      371.0665 12094081    1.87%
 173749 37726        cutoff            378.1524      371.0764 12116766    1.87%
 174107 37793      376.9762    31      378.1524      371.0882 12136198    1.87%
 174446 37819      377.6022    30      378.1524      371.1048 12156338    1.86%
 174807 37817      372.5830    34      378.1524      371.1211 12176394    1.86%
 175081 37845        cutoff            378.1524      371.1279 12196076    1.86%
 175405 37895      375.8451    40      378.1524      371.1381 12213694    1.85%
Elapsed time = 2977.03 sec. (2432129.87 ticks, tree = 93.81 MB, solutions = 14)
 175704 37942      371.5400    51      378.1524      371.1489 12231631    1.85%
 176040 37971      372.5683    37      378.1524      371.1655 12250102    1.85%
 176403 37976      372.9352    60      378.1524      371.1878 12269084    1.84%
 176731 37981      371.2123    31      378.1524      371.2046 12289428    1.84%
 177078 38036        cutoff            378.1524      371.2201 12307992    1.83%
 177447 38094      372.9160    41      378.1524      371.2355 12326183    1.83%
 177794 38116      373.6939    42      378.1524      371.2516 12346979    1.82%
 178140 38209      371.3974    63      378.1524      371.2604 12363685    1.82%
 178448 38266      376.0518    40      378.1524      371.2722 12383718    1.82%
 178796 38337      374.7611    41      378.1524      371.2818 12402736    1.82%
Elapsed time = 3021.50 sec. (2470451.22 ticks, tree = 93.63 MB, solutions = 14)
 179142 38374    infeasible            378.1524      371.2975 12421636    1.81%
 179457 38439      377.2196    82      378.1524      371.3064 12439339    1.81%
 179784 38467      372.4204    35      378.1524      371.3189 12457380    1.81%
 180099 38496      373.4612    35      378.1524      371.3278 12476601    1.80%
 180391 38543      372.9348    40      378.1524      371.3361 12495246    1.80%
 180666 38575      375.1664    38      378.1524      371.3472 12514478    1.80%
 181004 38577      374.7313    37      378.1524      371.3642 12533472    1.80%
 181331 38577      373.6602    46      378.1524      371.3800 12553565    1.79%
 181690 38611      372.6514    40      378.1524      371.3913 12572939    1.79%
 182024 38680      373.4778    33      378.1524      371.4017 12589872    1.79%
Elapsed time = 3066.24 sec. (2508769.45 ticks, tree = 93.26 MB, solutions = 14)
 182379 38707      372.0382    42      378.1524      371.4181 12609223    1.78%
 182680 38728      377.4637    26      378.1524      371.4304 12629183    1.78%
 182980 38762      373.8447    34      378.1524      371.4420 12648610    1.77%
 183328 38809      372.5830    31      378.1524      371.4533 12668206    1.77%
 183650 38831      372.5830    34      378.1524      371.4650 12687446    1.77%
 183959 38871      377.0882    26      378.1524      371.4802 12707909    1.76%
 184309 38898      372.3066    40      378.1524      371.4965 12725691    1.76%
 184664 38926        cutoff            378.1524      371.5102 12745008    1.76%
 184998 38972      376.0094    38      378.1524      371.5245 12764080    1.75%
 185325 39074      376.3294    26      378.1524      371.5314 12782299    1.75%
Elapsed time = 3111.37 sec. (2547033.01 ticks, tree = 92.76 MB, solutions = 14)
 185651 39117      375.0758    41      378.1524      371.5438 12801381    1.75%
 185964 39191      378.0570    34      378.1524      371.5505 12820896    1.75%
 186260 39222        cutoff            378.1524      371.5594 12839750    1.74%
 186576 39224      375.9517    26      378.1524      371.5765 12858301    1.74%
 186867 39282      373.1675    52      378.1524      371.5840 12876533    1.74%
 187168 39330      377.6455    20      378.1524      371.5946 12895045    1.73%
 187466 39350        cutoff            378.1524      371.6043 12912567    1.73%
 187798 39397      374.5157    30      378.1524      371.6120 12931477    1.73%
 188092 39424      372.9147    33      378.1524      371.6214 12946918    1.73%
 188402 39486      371.6345    42      378.1524      371.6307 12964008    1.72%
Elapsed time = 3156.36 sec. (2585232.13 ticks, tree = 92.26 MB, solutions = 14)
 188703 39532      372.0801    38      378.1524      371.6394 12983052    1.72%
 189016 39595      373.6373    19      378.1524      371.6480 13000977    1.72%
 189314 39630      376.8892    33      378.1524      371.6555 13018563    1.72%
 189623 39725      371.6617    44      378.1524      371.6617 13034188    1.72%
 189910 39825      371.6750    31      378.1524      371.6669 13052084    1.72%
 190218 39865      373.7869    44      378.1524      371.6761 13069869    1.71%
 190547 39873      377.0311    11      378.1524      371.6893 13089411    1.71%
 190901 39931      376.6261    18      378.1524      371.6991 13106720    1.71%
 191207 40057      377.9587    35      378.1524      371.6991 13124680    1.71%
 191504 40146      374.2985    31      378.1524      371.7044 13141832    1.71%
Elapsed time = 3202.15 sec. (2623431.27 ticks, tree = 91.96 MB, solutions = 14)
 191829 40164      375.6856    34      378.1524      371.7149 13160691    1.70%
 192150 40215        cutoff            378.1524      371.7218 13177744    1.70%
 192459 40251      376.8923    20      378.1524      371.7299 13195701    1.70%
 192783 40277      375.6930    31      378.1524      371.7422 13214826    1.70%
 193126 40329      371.8705    69      378.1524      371.7501 13230781    1.69%
 193453 40405      377.6330    26      378.1524      371.7574 13248127    1.69%
 193804 40450      377.3012    25      378.1524      371.7673 13266088    1.69%
 194097 40472      374.0325    37      378.1524      371.7782 13280348    1.69%
 194304 40487      375.3272    44      378.1524      371.7839 13289068    1.68%
 194665 40500      378.0649    23      378.1524      371.7929 13306015    1.68%
Elapsed time = 3247.95 sec. (2662785.71 ticks, tree = 91.49 MB, solutions = 14)
 194804 40501      377.7549    55      378.1524      371.7985 13311777    1.68%
 195004 40493      372.0128    78      378.1524      371.8071 13321620    1.68%
 195302 40517      371.8326    39      378.1524      371.8173 13339054    1.68%
 195504 40543      374.9509    28      378.1524      371.8231 13351570    1.67%
 195857 40597      371.9154    49      378.1524      371.8358 13370813    1.67%
 196004 40617      371.8426    41      378.1524      371.8401 13378218    1.67%
 196204 40607      377.9569    58      378.1524      371.8525 13389196    1.67%
 196338 40632      376.2867    14      378.1524      371.8560 13395891    1.67%
 196506 40630      374.3182    35      378.1524      371.8630 13404345    1.66%
 196604 40636      374.0202    32      378.1524      371.8695 13409182    1.66%
Elapsed time = 3303.55 sec. (2710883.96 ticks, tree = 91.29 MB, solutions = 14)
 196804 40650      375.7100    34      378.1524      371.8743 13420374    1.66%
 197117 40694      376.2721    19      378.1524      371.8829 13439444    1.66%
 197304 40707      373.9703    43      378.1524      371.8877 13453635    1.66%
 197527 40691      375.3771    78      378.1524      371.8987 13466551    1.65%
 197804 40717      376.5726    26      378.1524      371.9079 13479612    1.65%
 197904 40740      374.3717    39      378.1524      371.9096 13484724    1.65%
 198115 40751      372.4467    36      378.1524      371.9162 13497405    1.65%
 198404 40745      376.5485    26      378.1524      371.9219 13513504    1.65%
 198504 40735      376.3955    37      378.1524      371.9277 13519111    1.65%
 198745 40742      377.0311    15      378.1524      371.9379 13530130    1.64%
Elapsed time = 3359.60 sec. (2759384.31 ticks, tree = 90.90 MB, solutions = 14)
 198878 40727      372.0292    43      378.1524      371.9451 13537661    1.64%
 198904 40730      372.7044    37      378.1524      371.9458 13539792    1.64%
 199104 40750      373.5537    31      378.1524      371.9535 13549021    1.64%
 199431 40733      374.6976    80      378.1524      371.9695 13569329    1.64%
 199604 40734      378.1054    29      378.1524      371.9754 13576630    1.63%
 199704 40735      372.2962    37      378.1524      371.9807 13583466    1.63%
 200004 40724      375.9813    25      378.1524      371.9953 13601208    1.63%
 200195 40725        cutoff            378.1524      372.0010 13611553    1.63%
 200304 40727      377.1185    39      378.1524      372.0056 13618406    1.63%
 200604 40735      374.2693    34      378.1524      372.0166 13635791    1.62%
Elapsed time = 3417.43 sec. (2810031.98 ticks, tree = 90.43 MB, solutions = 14)
 200804 40722      374.4193    39      378.1524      372.0256 13647208    1.62%
 200904 40691      377.3719    28      378.1524      372.0315 13652169    1.62%
 201004 40699      372.2152    64      378.1524      372.0336 13657163    1.62%
 201322 40715        cutoff            378.1524      372.0436 13677920    1.62%
 201504 40724      374.0274    27      378.1524      372.0494 13688597    1.61%
 201604 40723      377.5499    41      378.1524      372.0529 13693521    1.61%
 201738 40729      373.9097    37      378.1524      372.0585 13699397    1.61%
 202004 40741      375.3096    24      378.1524      372.0693 13713751    1.61%
 202204 40775      373.9816    36      378.1524      372.0754 13725440    1.61%
 202426 40836        cutoff            378.1524      372.0786 13735677    1.61%
Elapsed time = 3478.48 sec. (2863029.08 ticks, tree = 90.29 MB, solutions = 14)
 202504 40847      376.2682    82      378.1524      372.0805 13739161    1.61%
 202704 40885      372.3208    62      378.1524      372.0850 13748743    1.60%
 203004 40911      374.6008    58      378.1524      372.0981 13766362    1.60%
 203104 40910      372.1055    80      378.1524      372.1039 13771528    1.60%
 203230 40912      376.6943    39      378.1524      372.1115 13778224    1.60%
 203404 40915      373.7350    47      378.1524      372.1180 13787000    1.60%
 203504 40919      372.7216    46      378.1524      372.1224 13792397    1.59%
 203954 41066      372.1299    45      378.1524      372.1299 13809903    1.59%
 204329 41096      372.2358    54      378.1524      372.1441 13828646    1.59%
 204638 41141        cutoff            378.1524      372.1543 13847717    1.59%
Elapsed time = 3538.95 sec. (2916917.22 ticks, tree = 90.45 MB, solutions = 14)
 204945 41161      375.8114    54      378.1524      372.1652 13866413    1.58%
 205293 41196      372.4945    66      378.1524      372.1745 13884671    1.58%
 205639 41218        cutoff            378.1524      372.1877 13904337    1.58%
 205958 41280      372.6422    35      378.1524      372.1932 13921830    1.58%
 206304 41331      374.6839    32      378.1524      372.2050 13938908    1.57%
 206604 41310      376.4396    41      378.1524      372.2155 13954289    1.57%
 206949 41312      372.2285    35      378.1524      372.2285 13973130    1.57%
 207269 41332      374.6364    42      378.1524      372.2374 13990945    1.56%
 207599 41342        cutoff            378.1524      372.2471 14010750    1.56%
 208003 41340      377.7442    27      378.1524      372.2588 14028383    1.56%
Elapsed time = 3582.81 sec. (2956113.67 ticks, tree = 90.11 MB, solutions = 14)
 208341 41360      374.8450    33      378.1524      372.2714 14046115    1.56%
 208724 41363      373.0618    73      378.1524      372.2862 14063003    1.55%
 209035 41359      377.7890    35      378.1524      372.2984 14078672    1.55%
 209456 41372      377.3709    39      378.1524      372.3157 14096793    1.54%

GUB cover cuts applied:  47
Clique cuts applied:  6
Cover cuts applied:  49
Implied bound cuts applied:  40
Flow cuts applied:  24
Mixed integer rounding cuts applied:  453
Zero-half cuts applied:  2
Lift and project cuts applied:  5
Gomory fractional cuts applied:  6

Root node processing (before b&c):
  Real time             =    6.19 sec. (5775.45 ticks)
Sequential b&c:
  Real time             = 3593.81 sec. (2966980.25 ticks)
                          ------------
Total (root+branch&cut) = 3600.00 sec. (2972755.70 ticks)
