Version identifier: 22.1.0.0 | 2022-03-09 | 1a383f8ce
CPXPARAM_Read_DataCheck                          1
CPXPARAM_Threads                                 1
CPXPARAM_TimeLimit                               3600
Tried aggregator 2 times.
MIP Presolve eliminated 1389 rows and 64 columns.
MIP Presolve modified 32190 coefficients.
Aggregator did 164 substitutions.
Reduced MIP has 8208 rows, 752 columns, and 62561 nonzeros.
Reduced MIP has 543 binaries, 0 generals, 0 SOSs, and 0 indicators.
Presolve time = 0.15 sec. (118.96 ticks)
Probing fixed 0 vars, tightened 2 bounds.
Probing time = 0.03 sec. (15.42 ticks)
Tried aggregator 1 time.
Detecting symmetries...
MIP Presolve modified 75 coefficients.
Reduced MIP has 8208 rows, 752 columns, and 62561 nonzeros.
Reduced MIP has 543 binaries, 0 generals, 0 SOSs, and 0 indicators.
Presolve time = 0.07 sec. (26.61 ticks)
Probing time = 0.01 sec. (5.69 ticks)
Clique table members: 762.
MIP emphasis: balance optimality and feasibility.
MIP search method: dynamic search.
Parallel mode: none, using 1 thread.
Root relaxation solution time = 0.03 sec. (33.90 ticks)

        Nodes                                         Cuts/
   Node  Left     Objective  IInf  Best Integer    Best Bound    ItCnt     Gap

      0     0      160.6920   147                    160.6920      378         
      0     0      160.6920    64                   Cuts: 422      705         
      0     0      160.6920    60                   Cuts: 417     1053         
      0     0      160.6921    75                   Cuts: 501     1600         
      0     0      160.6994    79                   Cuts: 692     1972         
      0     0      160.7267    92                   Cuts: 579     2301         
Detecting symmetries...
      0     0      160.7377   100                   Cuts: 970     2735         
      0     0      160.8445   155                   Cuts: 720     3182         
      0     0      160.8727   173                  Cuts: 1055     3440         
      0     0      160.9276   179                  Cuts: 1496     3686         
      0     0      160.9463   173                  Cuts: 1340     3861         
      0     0      160.9815   193                  Cuts: 1458     4134         
      0     0      160.9914   124                  Cuts: 1192     4278         
      0     0      160.9969   193                  Cuts: 1481     4414         
Detecting symmetries...
      0     2      160.9969   117                    161.0006     4414         
Elapsed time = 8.20 sec. (6648.84 ticks, tree = 0.01 MB, solutions = 0)
      5     7      162.0050    81                    161.0202     5604         
     13    15      165.3531    54                    161.0601     8879         
     15    17      161.0970    86                    161.0982    10235         
     18    20      161.2115    72                    161.0993    11244         
     20    22      161.3254    77                    161.0993    12214         
     24    26      161.4576    87                    161.0993    13387         
     30    32      161.7296    76                    161.0993    14325         
     40    42      162.9691    46                    161.0993    14723         
     63    65      171.8523    67                    161.0993    16144         
*    70+   60                          172.6972      161.0993             6.72%
    139   120      163.7489    58      172.6972      161.1062    20368    6.71%
Elapsed time = 12.25 sec. (10665.92 ticks, tree = 0.45 MB, solutions = 1)
    170   149      161.1753    54      172.6972      161.1062    22925    6.71%
    230   209      161.5521    47      172.6972      161.1062    26058    6.71%
    261   236      162.0535    39      172.6972      161.1062    30444    6.71%
    349   303      161.1512   107      172.6972      161.1073    35705    6.71%
    412   361      161.5285    45      172.6972      161.1329    40020    6.70%
    490   413        cutoff            172.6972      161.1628    45403    6.68%
    565   479      161.5327    43      172.6972      161.1753    50580    6.67%
    640   533      164.0560    46      172.6972      161.1753    54183    6.67%
    726   602      163.2704    43      172.6972      161.1753    59776    6.67%
    796   655      170.3826    24      172.6972      161.1753    65824    6.67%
Elapsed time = 21.51 sec. (20506.25 ticks, tree = 1.12 MB, solutions = 1)
    837   680      170.8474    33      172.6972      161.1753    72248    6.67%
    902   734      166.1095    33      172.6972      161.1753    77072    6.67%
    954   773      166.2501    55      172.6972      161.1753    83618    6.67%

Performing restart 1

Repeating presolve.
Tried aggregator 1 time.
MIP Presolve eliminated 1633 rows and 96 columns.
MIP Presolve modified 3102 coefficients.
Reduced MIP has 6575 rows, 656 columns, and 47159 nonzeros.
Reduced MIP has 474 binaries, 0 generals, 0 SOSs, and 0 indicators.
Presolve time = 0.04 sec. (37.47 ticks)
Tried aggregator 1 time.
MIP Presolve eliminated 18 rows and 4 columns.
MIP Presolve modified 47 coefficients.
Reduced MIP has 6557 rows, 652 columns, and 46983 nonzeros.
Reduced MIP has 470 binaries, 0 generals, 0 SOSs, and 0 indicators.
Presolve time = 0.05 sec. (20.88 ticks)
Represolve time = 0.20 sec. (99.11 ticks)
    988     0      161.0134   150      172.6972    Cuts: 1500    89617    6.67%
    988     0      161.0157   154      172.6972    Cuts: 1739    89861    6.67%
    988     0      161.0293   149      172.6972     Cuts: 306    90061    6.67%
    988     0      161.0295   119      172.6972    Cuts: 1682    90212    6.67%
    988     0      161.0300   185      172.6972    Cuts: 1677    90336    6.67%
    988     0      161.0315   160      172.6972     Cuts: 856    90470    6.67%
    988     0      161.0317   171      172.6972     Cuts: 956    90576    6.67%
    988     2      161.0317   117      172.6972      161.1753    90576    6.67%
    991     5      161.0369   101      172.6972      161.1753    90606    6.67%
    993     7      161.0394    99      172.6972      161.1753    90609    6.67%
    995     9      169.1583    50      172.6972      161.1753    91455    6.67%
    999    13      161.0428    90      172.6972      161.1753    92454    6.67%
   1007    20      170.1318    43      172.6972      161.1753    94236    6.67%
   1020    28      172.5747    28      172.6972      161.1753    96012    6.67%
Elapsed time = 46.75 sec. (42670.14 ticks, tree = 0.19 MB, solutions = 1)
   1042    36      163.4355    67      172.6972      161.1753    98162    6.67%
   1066    56      161.1004    82      172.6972      161.1753   100339    6.67%
   1080    70      161.1800    57      172.6972      161.1753   100689    6.67%
   1116   104      161.7449    36      172.6972      161.1753   101405    6.67%
   1154   131      162.1524    61      172.6972      161.1753   102361    6.67%
   1213   179      165.3393    63      172.6972      161.1753   104797    6.67%
   1260   213      164.1720    54      172.6972      161.1753   108656    6.67%
   1296   243      167.5294    36      172.6972      161.1753   111058    6.67%
   1317   256      162.5281    76      172.6972      161.1839   112820    6.67%
   1343   275      161.3483    64      172.6972      161.2073   114644    6.65%
Elapsed time = 56.98 sec. (53366.10 ticks, tree = 0.44 MB, solutions = 1)
   1396   321      162.2070    43      172.6972      161.2997   117336    6.60%
   1441   357      161.8507    60      172.6972      161.3239   122539    6.59%
   1517   424      165.5523    52      172.6972      161.3574   125948    6.57%
   1560   459      167.8343    36      172.6972      161.3668   129972    6.56%
   1632   512      167.5400    64      172.6972      161.3713   133525    6.56%
   1713   583      161.4916    47      172.6972      161.4015   136012    6.54%
   1788   648      172.0687    14      172.6972      161.4068   140079    6.54%
   1841   686      169.0555    48      172.6972      161.4495   143071    6.51%
   1920   752      165.0874    22      172.6972      161.4832   147912    6.49%
   1997   816      169.5802    25      172.6972      161.5324   151053    6.46%
Elapsed time = 68.99 sec. (63608.98 ticks, tree = 1.08 MB, solutions = 1)
   2080   881        cutoff            172.6972      161.5637   155005    6.45%
*  2128+  897                          172.3634      161.5718             6.26%
   2147   910      161.9751    47      172.3634      161.5793   158069    6.26%
*  2218+  969                          172.3359      161.5811             6.24%
   2219   972      171.2835     9      172.3359      161.5811   161956    6.24%
   2286  1021      165.8851    21      172.3359      161.6042   165555    6.23%
   2326  1049      161.7660    49      172.3359      161.6222   167352    6.22%
   2395  1100      163.0806    45      172.3359      161.6448   170560    6.20%
   2455  1143      161.6656    43      172.3359      161.6665   174403    6.19%
   2551  1217      161.7166    51      172.3359      161.6814   178554    6.18%
   2649  1288      162.2589    39      172.3359      161.6907   182362    6.18%
   2750  1363      170.9730    19      172.3359      161.6967   185970    6.17%
Elapsed time = 81.40 sec. (73607.35 ticks, tree = 1.75 MB, solutions = 3)
   2822  1415      167.4680    33      172.3359      161.7116   190374    6.16%
   2862  1447      164.1881    57      172.3359      161.7175   192878    6.16%
   2950  1511      169.8392    22      172.3359      161.7285   196973    6.16%
   3019  1564      170.9651     7      172.3359      161.7384   200837    6.15%
   3081  1602      162.3012    45      172.3359      161.7607   203899    6.14%
   3175  1676      164.2909    27      172.3359      161.7837   208333    6.12%
   3243  1724      166.6018    35      172.3359      161.7894   212043    6.12%
   3338  1796      162.7266    45      172.3359      161.7963   216216    6.12%
   3413  1847      162.5805    47      172.3359      161.8019   220213    6.11%
   3513  1928      166.8511    31      172.3359      161.8061   224874    6.11%
Elapsed time = 92.98 sec. (83320.01 ticks, tree = 2.39 MB, solutions = 3)
   3577  1960      162.2615    48      172.3359      161.8230   228487    6.10%
   3677  2035      162.5084    39      172.3359      161.8272   232648    6.10%
   3758  2088      169.5476    28      172.3359      161.8379   237880    6.09%
   3820  2130      161.8612    57      172.3359      161.8528   241916    6.08%
   3928  2209      161.9634    40      172.3359      161.8606   247110    6.08%
   4018  2276      168.5765    29      172.3359      161.8799   251708    6.07%
   4107  2342      162.1026    56      172.3359      161.8844   255845    6.06%
   4167  2385      170.2301    26      172.3359      161.8855   261478    6.06%
   4246  2444      163.1494    34      172.3359      161.8940   266362    6.06%
   4351  2524      171.9455    38      172.3359      161.9028   270964    6.05%
Elapsed time = 105.01 sec. (93531.39 ticks, tree = 3.17 MB, solutions = 3)
   4418  2569      162.6737    41      172.3359      161.9070   275709    6.05%
   4512  2635      172.3319    31      172.3359      161.9149   281224    6.05%
   4586  2689      162.0994    54      172.3359      161.9348   285471    6.04%
   4684  2760      167.1853    27      172.3359      161.9465   291480    6.03%
   4761  2809        cutoff            172.3359      161.9751   296540    6.01%
   4842  2866      168.0003    35      172.3359      161.9797   301178    6.01%
   4952  2935      162.5094    72      172.3359      161.9900   305938    6.00%
   4988  2961      164.4894    36      172.3359      161.9984   308235    6.00%
   5072  3022      163.0076    37      172.3359      162.0076   312514    5.99%
   5140  3069      162.9064    53      172.3359      162.0105   318825    5.99%
Elapsed time = 117.03 sec. (103789.69 ticks, tree = 3.80 MB, solutions = 3)
   5215  3126      164.8651    30      172.3359      162.0191   323085    5.99%
   5310  3193      163.2574    39      172.3359      162.0277   328102    5.98%
   5417  3269      168.7634    43      172.3359      162.0316   333377    5.98%
   5499  3324      162.3663    56      172.3359      162.0411   338149    5.97%
   5580  3382      167.6113    31      172.3359      162.0435   343706    5.97%
   5666  3441      162.5812    34      172.3359      162.0477   348895    5.97%
   5751  3504      162.1864    32      172.3359      162.0495   354048    5.97%
   5845  3573      164.1587    40      172.3359      162.0636   359311    5.96%
   5928  3634      165.4021    39      172.3359      162.0663   364539    5.96%
   6229  3850      170.6160    28      172.3359      162.0803   384262    5.95%
Elapsed time = 131.70 sec. (116446.11 ticks, tree = 4.69 MB, solutions = 3)
   6617  4125      171.2252    21      172.3359      162.0931   405523    5.94%
   6982  4381      163.5420    38      172.3359      162.1114   425511    5.93%
   7295  4605      167.4826    33      172.3359      162.1275   444774    5.92%
   7624  4854      162.7106    48      172.3359      162.1388   464327    5.92%
   7964  5107      165.4573    35      172.3359      162.1568   485117    5.91%
   8244  5321      166.6730    39      172.3359      162.1618   504120    5.90%
   8606  5556      162.4777    53      172.3359      162.1972   524726    5.88%
*  8835  5684      integral     0      172.1454      162.2060   537418    5.77%
*  8935+ 5722                          172.0687      162.2136             5.73%
   8956  5738      163.5062    52      172.0687      162.2144   543752    5.73%
   9333  6020      162.2310    44      172.0687      162.2310   562383    5.72%
   9696  6261      163.7876    35      172.0687      162.2473   583363    5.71%
Elapsed time = 176.06 sec. (154789.96 ticks, tree = 7.92 MB, solutions = 5)
  10010  6478      162.2619    44      172.0687      162.2614   600610    5.70%
  10382  6743      169.4646    23      172.0687      162.2744   621712    5.69%
  10675  6935      163.8839    30      172.0687      162.2842   642187    5.69%
* 10868+ 7055                          172.0438      162.2935             5.67%
  10868  7055        cutoff            172.0438      162.2935   653775    5.67%
  10869  7056      162.4331    58      172.0438      162.2954   653875    5.67%
  11215  7298      171.3742    18      172.0438      162.3146   673631    5.66%
  11549  7523      163.6819    38      172.0438      162.3355   692742    5.64%
  11924  7789      170.3102    32      172.0438      162.3489   711903    5.64%
  12233  7993      163.0171    41      172.0438      162.3559   730162    5.63%
  12602  8253      169.2909    32      172.0438      162.3719   750288    5.62%
Elapsed time = 236.54 sec. (207302.96 ticks, tree = 10.55 MB, solutions = 6)
  12993  8528      165.3139    36      172.0438      162.3808   769414    5.62%
  13397  8830      166.7863    30      172.0438      162.3910   790161    5.61%
  13799  9127      164.3689    27      172.0438      162.3989   809936    5.61%
  14148  9335      165.3666    55      172.0438      162.4015   832606    5.60%
  14523  9586        cutoff            172.0438      162.4082   853502    5.60%
  14909  9864      165.0472    36      172.0438      162.4194   872836    5.59%
  15278 10142      164.2468    32      172.0438      162.4250   894203    5.59%
  15618 10380      165.6140    33      172.0438      162.4337   913825    5.59%
  16021 10658      162.4431    40      172.0438      162.4431   932669    5.58%
  16376 10909      163.1676    35      172.0438      162.4561   952238    5.57%
Elapsed time = 280.57 sec. (246002.16 ticks, tree = 13.67 MB, solutions = 6)
  16741 11144      164.3809    32      172.0438      162.4658   972997    5.57%
  17095 11382      166.3283    32      172.0438      162.4756   993370    5.56%
  17442 11614      164.0960    36      172.0438      162.4841  1013828    5.56%
  17872 11904      163.7037    40      172.0438      162.4937  1034850    5.55%
  18208 12130      164.5583    34      172.0438      162.5036  1054966    5.55%
  18556 12359      162.5615    41      172.0438      162.5145  1077293    5.54%
  18938 12636      164.8514    48      172.0438      162.5235  1098278    5.53%
  19332 12907      162.8269    37      172.0438      162.5302  1118081    5.53%
  19702 13170      164.9797    46      172.0438      162.5395  1139144    5.52%
  19988 13378      166.6487    29      172.0438      162.5416  1152799    5.52%
Elapsed time = 323.15 sec. (284471.00 ticks, tree = 16.69 MB, solutions = 6)
  20364 13617        cutoff            172.0438      162.5519  1172624    5.52%
  20702 13846      166.0053    40      172.0438      162.5604  1191983    5.51%

Performing restart 2

Repeating presolve.
Tried aggregator 1 time.
MIP Presolve eliminated 61 rows and 3 columns.
MIP Presolve modified 6129 coefficients.
Reduced MIP has 6496 rows, 649 columns, and 49580 nonzeros.
Reduced MIP has 467 binaries, 0 generals, 0 SOSs, and 0 indicators.
Presolve time = 0.12 sec. (81.06 ticks)
Tried aggregator 1 time.
MIP Presolve eliminated 1 rows and 0 columns.
MIP Presolve modified 632 coefficients.
Reduced MIP has 6495 rows, 649 columns, and 49577 nonzeros.
Reduced MIP has 467 binaries, 0 generals, 0 SOSs, and 0 indicators.
Presolve time = 0.05 sec. (29.71 ticks)
Represolve time = 0.32 sec. (184.82 ticks)
  20968     0      161.0337   142      172.0438    Cuts: 1526  1206705    5.51%
  20968     0      161.0355   118      172.0438    Cuts: 1298  1206826    5.51%
  20968     0      161.0355   115      172.0438    Cuts: 1723  1206954    5.51%
  20968     0      161.0395   158      172.0438     Cuts: 733  1207090    5.51%
  20968     0      161.0397   158      172.0438     Cuts: 782  1207212    5.51%
  20968     0      161.0397   132      172.0438     Cuts: 610  1207349    5.51%
  20968     0      161.0397   140      172.0438    Cuts: 1303  1207451    5.51%
  20968     0      161.0397   119      172.0438    Cuts: 1723  1207570    5.51%
  20968     0      161.0397   135      172.0438    Cuts: 1426  1207661    5.51%
  20968     0      161.0417   126      172.0438     Cuts: 520  1207755    5.51%
  20968     2      161.0417    99      172.0438      162.5666  1207755    5.51%
  20978    11      164.6222    49      172.0438      162.5666  1211076    5.51%
  21024    43      167.1279    53      172.0438      162.5666  1218592    5.51%
  21106   111      163.3568    58      172.0438      162.5666  1223507    5.51%
  21295   267      163.9666    39      172.0438      162.5666  1230710    5.51%
  21591   496      168.5874    21      172.0438      162.5666  1239069    5.51%
  21847   690      162.8807    29      172.0438      162.5666  1248016    5.51%
  22088   864      167.6253    36      172.0438      162.5666  1259131    5.51%
Elapsed time = 376.81 sec. (337009.70 ticks, tree = 23.02 MB, solutions = 6)
  22329  1046      163.1588    37      172.0438      162.5666  1269163    5.51%
  22568  1225      161.9272    48      172.0438      162.5666  1278838    5.51%
  22808  1408      162.4550    39      172.0438      162.5666  1288761    5.51%
  23031  1565      162.1077    41      172.0438      162.5666  1298823    5.51%
  23281  1749      161.9836    46      172.0438      162.5666  1308680    5.51%
  23533  1945      164.8550    32      172.0438      162.5666  1318780    5.51%
  23806  2142      162.8222    40      172.0438      162.5666  1329552    5.51%
  24111  2364      164.6673    38      172.0438      162.5666  1339462    5.51%
  24356  2532      162.4278    32      172.0438      162.5666  1349587    5.51%
  24650  2759      162.7185    44      172.0438      162.5666  1358922    5.51%
Elapsed time = 415.20 sec. (375274.43 ticks, tree = 95.97 MB, solutions = 6)
  24923  2957      162.6061    51      172.0438      162.5666  1369742    5.51%
  25184  3158      162.6922    43      172.0438      162.5666  1379166    5.51%
  25424  3347      162.5575    43      172.0438      162.5666  1389355    5.51%
  25650  3502      162.8966    49      172.0438      162.5666  1399751    5.51%
  25896  3690      171.7970    15      172.0438      162.5666  1409163    5.51%
  26098  3837      162.4658    35      172.0438      162.5666  1416322    5.51%
  26302  3982      162.1163    42      172.0438      162.5666  1425656    5.51%
  26478  4105      167.2682    38      172.0438      162.5666  1433190    5.51%
  26697  4264      164.0590    40      172.0438      162.5666  1441963    5.51%
  26916  4403      163.7751    41      172.0438      162.5666  1451355    5.51%
Elapsed time = 454.35 sec. (413638.48 ticks, tree = 152.44 MB, solutions = 6)
  27136  4558      164.2267    42      172.0438      162.5666  1461018    5.51%
  27392  4744      163.6739    42      172.0438      162.5666  1470503    5.51%
  27658  4948      164.2006    35      172.0438      162.5666  1480115    5.51%
  27882  5112        cutoff            172.0438      162.5666  1489562    5.51%
  28085  5259      162.6509    36      172.0438      162.5666  1499011    5.51%
  28330  5442      168.9630    24      172.0438      162.5666  1509631    5.51%
  28598  5625      163.9118    31      172.0438      162.5666  1519668    5.51%
  28801  5764      166.7781    34      172.0438      162.5666  1528192    5.51%
  29042  5929      163.5347    33      172.0438      162.5666  1538260    5.51%
  29295  6128        cutoff            172.0438      162.5666  1548565    5.51%
Elapsed time = 492.69 sec. (452033.90 ticks, tree = 221.15 MB, solutions = 6)
  29540  6295      164.3649    57      172.0438      162.5666  1557318    5.51%
  29780  6476      162.2933    52      172.0438      162.5666  1567146    5.51%
  30019  6661      163.3173    42      172.0438      162.5666  1575892    5.51%
  30284  6837        cutoff            172.0438      162.5666  1586452    5.51%
  30541  7026      162.3987    39      172.0438      162.5666  1595938    5.51%
  30787  7202      162.9129    49      172.0438      162.5666  1606233    5.51%
  31024  7384      163.4274    43      172.0438      162.5666  1615486    5.51%
  31269  7548      162.5164    41      172.0438      162.5666  1625125    5.51%
  31559  7749      163.9884    44      172.0438      162.5666  1635713    5.51%
  31817  7933      165.3642    35      172.0438      162.5666  1644549    5.51%
Elapsed time = 530.75 sec. (490280.40 ticks, tree = 283.71 MB, solutions = 6)
  32024  8079      162.9301    41      172.0438      162.5666  1653417    5.51%
  32272  8239      163.6815    37      172.0438      162.5666  1664389    5.51%
  32511  8397      163.7004    28      172.0438      162.5666  1673924    5.51%
  32757  8565      164.2948    49      172.0438      162.5666  1683994    5.51%
  32997  8737      170.9458    20      172.0438      162.5666  1693082    5.51%
  33252  8916      167.0584    40      172.0438      162.5666  1703202    5.51%
  33444  9048      162.5605    57      172.0438      162.5666  1711092    5.51%
  33692  9218      168.6956    32      172.0438      162.5666  1721836    5.51%
  33954  9382      162.4813    50      172.0438      162.5666  1731836    5.51%
  34173  9524      162.8273    43      172.0438      162.5666  1742377    5.51%
Elapsed time = 572.16 sec. (529109.38 ticks, tree = 340.46 MB, solutions = 6)
  34388  9669      166.9019    51      172.0438      162.5666  1752932    5.51%
  34640  9822      170.0670    30      172.0438      162.5666  1763295    5.51%
  34855  9974      166.4847    29      172.0438      162.5666  1774142    5.51%
  35099 10146      162.7673    55      172.0438      162.5666  1783264    5.51%
  35355 10325      162.5172    53      172.0438      162.5666  1793619    5.51%
  35599 10501      166.3729    33      172.0438      162.5666  1803690    5.51%
  35790 10578      162.9473    42      172.0438      162.5666  1814584    5.51%
  36055 10752      163.1805    52      172.0438      162.5666  1824874    5.51%
  36293 10924      165.2487    32      172.0438      162.5666  1834233    5.51%
  36477 11039      167.0631    37      172.0438      162.5666  1845085    5.51%
Elapsed time = 610.64 sec. (567409.12 ticks, tree = 379.45 MB, solutions = 6)
  36692 11184      168.8427    34      172.0438      162.5666  1854572    5.51%
  36948 11350      163.3474    45      172.0438      162.5666  1864982    5.51%
  37243 11561      167.2830    37      172.0438      162.5666  1883021    5.51%
  37509 11741      170.4686    30      172.0438      162.5666  1902660    5.51%
  37821 11938      167.3599    36      172.0438      162.5666  1919866    5.51%
  38130 12139      164.7311    43      172.0438      162.5666  1938394    5.51%
  38392 12300      167.9208    22      172.0438      162.5666  1956502    5.51%
  38707 12523      165.5734    30      172.0438      162.5666  1974940    5.51%
  38958 12692      169.8512    17      172.0438      162.5666  1991788    5.51%
  39227 12872      166.2718    35      172.0438      162.5666  2009833    5.51%
Elapsed time = 650.21 sec. (605655.54 ticks, tree = 383.57 MB, solutions = 6)
  39556 13087      165.1965    35      172.0438      162.5666  2027338    5.51%
  39890 13335      163.9345    35      172.0438      162.5666  2045973    5.51%
  40172 13525      168.8544    32      172.0438      162.5679  2063289    5.51%
  40472 13724      162.8056    58      172.0438      162.5739  2080895    5.50%
  40738 13912      166.6490    35      172.0438      162.5771  2100626    5.50%
  41042 14101      166.5762    35      172.0438      162.5845  2117839    5.50%
  41323 14274      163.5107    48      172.0438      162.5905  2135175    5.49%
  41591 14459      162.6013    53      172.0438      162.5984  2152390    5.49%
  41900 14669      165.6923    20      172.0438      162.6047  2170868    5.49%
  42211 14880      169.2692    36      172.0438      162.6113  2189570    5.48%
Elapsed time = 689.92 sec. (644026.56 ticks, tree = 381.20 MB, solutions = 6)
  42567 15111        cutoff            172.0438      162.6141  2207318    5.48%
  42874 15311      170.9607    29      172.0438      162.6198  2225007    5.48%
  43184 15499      163.2077    38      172.0438      162.6266  2243507    5.47%
  43523 15707      165.0894    34      172.0438      162.6360  2262065    5.47%
  43834 15902        cutoff            172.0438      162.6422  2280391    5.46%
  44126 16066        cutoff            172.0438      162.6540  2297918    5.46%
  44406 16254      164.7756    39      172.0438      162.6614  2316149    5.45%
  44711 16451        cutoff            172.0438      162.6689  2334744    5.45%
  45010 16642      163.6237    41      172.0438      162.6748  2351365    5.45%
  45320 16858      171.4597    26      172.0438      162.6803  2370048    5.44%
Elapsed time = 729.95 sec. (682259.43 ticks, tree = 380.05 MB, solutions = 6)
  45652 17086      166.4714    31      172.0438      162.6842  2388982    5.44%
  45987 17296      164.6157    32      172.0438      162.6906  2407514    5.44%
  46306 17507      167.1284    27      172.0438      162.6946  2425093    5.43%
  46574 17678      165.0192    44      172.0438      162.6991  2442934    5.43%
  46828 17842      171.7329    32      172.0438      162.7045  2460714    5.43%
  47121 18038      165.6373    34      172.0438      162.7088  2478774    5.43%
  47434 18249      162.7651    50      172.0438      162.7168  2497505    5.42%
  47747 18458      171.8468    25      172.0438      162.7217  2516191    5.42%
  48036 18659      167.8169    36      172.0438      162.7271  2534405    5.42%
  48372 18867      168.1944    29      172.0438      162.7322  2551938    5.41%
Elapsed time = 769.88 sec. (720490.95 ticks, tree = 378.66 MB, solutions = 6)
  48729 19105      163.1512    49      172.0438      162.7416  2570384    5.41%
  49034 19313      171.2271    42      172.0438      162.7463  2588114    5.40%
  49342 19506        cutoff            172.0438      162.7502  2605816    5.40%
  49644 19698      163.0103    58      172.0438      162.7581  2623318    5.40%
  49939 19893      164.5636    46      172.0438      162.7630  2641691    5.39%
  50247 20081      163.8135    38      172.0438      162.7699  2659976    5.39%
  50601 20319        cutoff            172.0438      162.7763  2677992    5.39%
  50948 20536        cutoff            172.0438      162.7842  2696717    5.38%
  51236 20735      164.7578    25      172.0438      162.7882  2712587    5.38%
  51546 20940      163.4720    47      172.0438      162.7920  2731973    5.38%
Elapsed time = 809.59 sec. (758741.09 ticks, tree = 377.09 MB, solutions = 6)
  51814 21096      163.6983    42      172.0438      162.7964  2752635    5.38%
  52142 21274      167.4976    38      172.0438      162.8036  2772080    5.37%
  52424 21445      162.8095    49      172.0438      162.8103  2789322    5.37%
  52743 21667    infeasible            172.0438      162.8156  2806722    5.36%
  53062 21868      164.3582    32      172.0438      162.8196  2825498    5.36%
  53381 22070      164.1563    31      172.0438      162.8264  2842754    5.36%
  53684 22261        cutoff            172.0438      162.8319  2861779    5.35%
  54017 22482      166.9730    30      172.0438      162.8376  2880182    5.35%
  54338 22686      165.1124    41      172.0438      162.8453  2898165    5.35%
  54646 22898      163.0980    35      172.0438      162.8499  2916989    5.34%
Elapsed time = 849.64 sec. (797325.00 ticks, tree = 375.44 MB, solutions = 6)
  54968 23114      163.2322    38      172.0438      162.8544  2935171    5.34%
  55275 23324      165.3338    35      172.0438      162.8589  2953176    5.34%
  55623 23559        cutoff            172.0438      162.8639  2970812    5.34%
  55965 23785      164.9940    38      172.0438      162.8673  2989533    5.33%
  56279 23962      166.7172    37      172.0438      162.8730  3008916    5.33%
  56597 24164      168.4937    37      172.0438      162.8775  3026982    5.33%
  56906 24362      168.3420    44      172.0438      162.8834  3046618    5.32%
  57181 24536      163.9927    44      172.0438      162.8857  3063228    5.32%
  57441 24713      169.9822    38      172.0438      162.8889  3081613    5.32%
  57723 24877      163.9944    38      172.0438      162.8921  3100292    5.32%
Elapsed time = 888.89 sec. (835538.16 ticks, tree = 374.11 MB, solutions = 6)
  57985 25043      168.9542    33      172.0438      162.8958  3115789    5.32%
  58315 25249      165.1206    41      172.0438      162.9002  3134507    5.31%
  58556 25403      163.8214    48      172.0438      162.9066  3152659    5.31%
  58901 25643      167.9061    31      172.0438      162.9115  3170279    5.31%
  59221 25860      162.9162    37      172.0438      162.9163  3187445    5.31%
  59539 26073      164.8352    45      172.0438      162.9209  3205657    5.30%
  59836 26254      165.1196    47      172.0438      162.9272  3223142    5.30%
  60133 26461      163.2115    41      172.0438      162.9306  3242331    5.30%
  60405 26646      171.5198    25      172.0438      162.9341  3259180    5.30%
  60702 26836      171.2989    30      172.0438      162.9373  3277660    5.29%
Elapsed time = 928.09 sec. (873764.03 ticks, tree = 373.60 MB, solutions = 6)
  60992 27023      163.0442    57      172.0438      162.9400  3296267    5.29%
  61256 27175      166.8410    40      172.0438      162.9434  3315162    5.29%
  61556 27384      169.8915    26      172.0438      162.9468  3334209    5.29%
  61880 27603      163.0982    30      172.0438      162.9501  3351936    5.29%
  62138 27775      163.9700    34      172.0438      162.9548  3372081    5.28%
  62446 27968      165.8607    39      172.0438      162.9597  3390836    5.28%
  62775 28189      170.2275    35      172.0438      162.9651  3408301    5.28%
  63003 28337      163.6503    44      172.0438      162.9671  3423700    5.28%
  63304 28529      166.6054    33      172.0438      162.9712  3443382    5.27%
  63635 28733      169.5993    30      172.0438      162.9770  3462417    5.27%
Elapsed time = 967.27 sec. (911942.67 ticks, tree = 373.37 MB, solutions = 6)
  63910 28878      167.8490    39      172.0438      162.9788  3482087    5.27%
  64119 28995      167.2174    37      172.0438      162.9788  3499016    5.27%
  64339 29127      163.3610    57      172.0438      162.9801  3519569    5.27%
  64657 29327      167.5931    39      172.0438      162.9831  3539316    5.27%
  64916 29479      166.2547    40      172.0438      162.9872  3558871    5.26%
  65213 29676      163.9334    36      172.0438      162.9896  3576445    5.26%
  65508 29872      163.7827    42      172.0438      162.9918  3596675    5.26%
  65826 30098      164.2720    39      172.0438      162.9937  3614274    5.26%
  66142 30324        cutoff            172.0438      162.9959  3631077    5.26%
  66422 30481        cutoff            172.0438      163.0008  3650094    5.26%
Elapsed time = 1006.66 sec. (950155.38 ticks, tree = 372.00 MB, solutions = 6)
  66701 30658      163.7797    36      172.0438      163.0042  3667661    5.25%
  66977 30831      163.6813    41      172.0438      163.0084  3687154    5.25%
  67297 31036      163.5687    36      172.0438      163.0124  3703939    5.25%
  67578 31224      170.0886    45      172.0438      163.0148  3724023    5.25%
  67872 31396      171.8680    34      172.0438      163.0181  3743127    5.25%
  68204 31621      167.5274    33      172.0438      163.0218  3760287    5.24%
  68500 31799      171.6263    41      172.0438      163.0265  3779552    5.24%
  68788 31964      167.2064    24      172.0438      163.0321  3798459    5.24%
  69070 32128      165.5370    36      172.0438      163.0365  3814907    5.24%
  69404 32353      165.4017    26      172.0438      163.0427  3833354    5.23%
Elapsed time = 1047.04 sec. (988461.54 ticks, tree = 371.28 MB, solutions = 6)
  69731 32554        cutoff            172.0438      163.0458  3852773    5.23%
  70017 32728      165.9199    41      172.0438      163.0506  3870668    5.23%
  70346 32937      166.2574    36      172.0438      163.0537  3888536    5.23%
  70606 33093      164.3761    40      172.0438      163.0572  3906469    5.22%
  70889 33272      166.7895    33      172.0438      163.0599  3925551    5.22%
  71188 33445      165.4882    36      172.0438      163.0630  3941241    5.22%
  71494 33645      165.6894    37      172.0438      163.0662  3960112    5.22%
  71768 33838      165.9270    32      172.0438      163.0690  3978122    5.22%
  72084 34048      170.9838    25      172.0438      163.0712  3996918    5.22%
  72419 34271      166.7390    32      172.0438      163.0744  4015090    5.21%
Elapsed time = 1086.38 sec. (1026702.88 ticks, tree = 372.72 MB, solutions = 6)
  72731 34450      166.8666    38      172.0438      163.0780  4033950    5.21%
  73021 34649      163.9770    40      172.0438      163.0810  4052137    5.21%
  73361 34870      163.8182    43      172.0438      163.0838  4070653    5.21%
  73677 35076      171.7243    27      172.0438      163.0868  4088453    5.21%
  73919 35212      165.6478    42      172.0438      163.0895  4103955    5.20%
  74184 35358      167.8130    44      172.0438      163.0933  4122723    5.20%
  74458 35527      168.1635    35      172.0438      163.0971  4141493    5.20%
  74774 35714      165.8086    24      172.0438      163.1011  4160382    5.20%
  75030 35871      169.0878    20      172.0438      163.1038  4177143    5.20%
  75370 36103      163.7115    52      172.0438      163.1072  4193673    5.19%
Elapsed time = 1126.17 sec. (1064970.49 ticks, tree = 372.73 MB, solutions = 6)
  75621 36253      167.1288    31      172.0438      163.1104  4212532    5.19%
  75959 36458      164.3285    32      172.0438      163.1141  4231230    5.19%
  76192 36601      166.2531    30      172.0438      163.1165  4246907    5.19%
  76462 36769      168.4601    26      172.0438      163.1192  4267034    5.19%
  76738 36941      169.4319    19      172.0438      163.1229  4286446    5.19%
  77026 37115      171.7248    25      172.0438      163.1254  4305546    5.18%
  77349 37325      169.6523    28      172.0438      163.1283  4324304    5.18%
  77670 37537      171.9799    18      172.0438      163.1310  4342073    5.18%
  77968 37718      165.0781    37      172.0438      163.1348  4358464    5.18%
  78308 37951      165.1980    34      172.0438      163.1384  4376700    5.18%
Elapsed time = 1165.91 sec. (1103180.06 ticks, tree = 372.75 MB, solutions = 6)
  78592 38126      165.4045    40      172.0438      163.1415  4394844    5.17%
  78893 38317      164.6569    37      172.0438      163.1442  4414362    5.17%
  79118 38477      169.8905    33      172.0438      163.1460  4433007    5.17%
  79442 38694      165.7885    29      172.0438      163.1492  4449461    5.17%
  79681 38840      163.5537    38      172.0438      163.1508  4468984    5.17%
  79974 39038      163.1892    52      172.0438      163.1525  4486768    5.17%
  80244 39199      168.6618    26      172.0438      163.1525  4506743    5.17%
  80486 39348      167.8473    33      172.0438      163.1525  4527403    5.17%
  80664 39452      166.8840    39      172.0438      163.1525  4548061    5.17%
  80862 39570      169.1646    29      172.0438      163.1525  4568115    5.17%
Elapsed time = 1205.38 sec. (1141391.25 ticks, tree = 371.95 MB, solutions = 6)
  81040 39676      167.3761    50      172.0438      163.1525  4586219    5.17%
  81234 39790      170.7964    35      172.0438      163.1525  4606734    5.17%
  81399 39881      167.2061    52      172.0438      163.1527  4623852    5.17%
  81678 40043      163.4103    38      172.0438      163.1552  4641928    5.17%
  81990 40242      168.6069    27      172.0438      163.1573  4659886    5.17%
  82306 40446      164.0948    29      172.0438      163.1600  4678165    5.16%
  82617 40638      164.4916    33      172.0438      163.1627  4696907    5.16%
  82945 40830      169.2687    31      172.0438      163.1651  4716532    5.16%
  83228 40994      164.9788    38      172.0438      163.1675  4734043    5.16%
  83466 41124      166.0760    41      172.0438      163.1719  4751948    5.16%
Elapsed time = 1245.45 sec. (1179644.76 ticks, tree = 371.54 MB, solutions = 6)
  83790 41334      168.2428    42      172.0438      163.1740  4768802    5.16%
  84059 41485      170.6417    26      172.0438      163.1762  4788881    5.15%
  84380 41698      167.2948    24      172.0438      163.1788  4807653    5.15%
  84674 41879      164.6898    35      172.0438      163.1817  4826512    5.15%
  84978 42103      170.7167    26      172.0438      163.1820  4847384    5.15%
  85276 42291      163.3557    36      172.0438      163.1844  4866806    5.15%
  85577 42490      163.4125    59      172.0438      163.1861  4886001    5.15%
  85874 42686      166.9163    49      172.0438      163.1879  4904266    5.15%
  86117 42840      170.4578    25      172.0438      163.1906  4919366    5.15%
  86387 42999      165.7723    34      172.0438      163.1930  4939675    5.14%
Elapsed time = 1291.43 sec. (1217891.07 ticks, tree = 371.96 MB, solutions = 6)
  86678 43193      170.9361    24      172.0438      163.1957  4957936    5.14%
  86908 43341      168.8032    33      172.0438      163.1982  4973008    5.14%
  87208 43515      163.2029    63      172.0438      163.2019  4990402    5.14%
  87482 43668      163.7767    45      172.0438      163.2049  5007026    5.14%
  87760 43837      166.0838    35      172.0438      163.2078  5025224    5.14%
  88015 43992      169.5376    32      172.0438      163.2092  5042886    5.14%
  88279 44136      168.6917    36      172.0438      163.2123  5063101    5.13%
  88581 44336      165.2202    37      172.0438      163.2155  5081210    5.13%
  88864 44501      171.4837    32      172.0438      163.2179  5099583    5.13%
  89134 44688      170.4516    37      172.0438      163.2194  5117936    5.13%
Elapsed time = 1358.90 sec. (1256133.17 ticks, tree = 372.53 MB, solutions = 6)
  89462 44894      171.3358    25      172.0438      163.2227  5137731    5.13%
  89737 45050      168.2990    34      172.0438      163.2251  5154499    5.13%
  90048 45230      163.8453    29      172.0438      163.2275  5173313    5.12%
  90331 45404      165.8133    30      172.0438      163.2306  5191849    5.12%
  90645 45590      164.8846    39      172.0438      163.2341  5210146    5.12%
  90964 45800      164.4489    32      172.0438      163.2366  5229684    5.12%
  91253 45981      168.6120    40      172.0438      163.2382  5249163    5.12%
  91532 46147      165.4847    25      172.0438      163.2402  5267544    5.12%
  91846 46367      166.2418    30      172.0438      163.2416  5285034    5.12%
  92161 46565      170.7039    36      172.0438      163.2454  5304218    5.11%
Elapsed time = 1403.46 sec. (1294378.92 ticks, tree = 372.75 MB, solutions = 6)
  92482 46782      164.1912    45      172.0438      163.2478  5321925    5.11%
  92798 46965      165.2583    25      172.0438      163.2503  5341048    5.11%
  93098 47140      165.6367    34      172.0438      163.2524  5360465    5.11%
  93434 47356      165.3862    46      172.0438      163.2548  5377549    5.11%
  93739 47549      166.9833    32      172.0438      163.2569  5395883    5.11%
  94085 47786      168.1169    24      172.0438      163.2589  5413289    5.11%
  94409 48001      163.2943    50      172.0438      163.2618  5431592    5.10%
  94720 48212      169.1213    28      172.0438      163.2630  5450289    5.10%
  94992 48380      164.5637    41      172.0438      163.2659  5467176    5.10%
  95278 48554      165.1905    33      172.0438      163.2687  5486881    5.10%
Elapsed time = 1448.14 sec. (1332592.15 ticks, tree = 373.31 MB, solutions = 6)
  95570 48745      165.5684    29      172.0438      163.2711  5505103    5.10%
  95905 48948      171.8677    25      172.0438      163.2737  5524544    5.10%
  96203 49132      165.3961    50      172.0438      163.2757  5544290    5.10%
  96530 49321      163.9128    39      172.0438      163.2777  5564166    5.10%
  96894 49554      164.6683    34      172.0438      163.2800  5583376    5.09%
  97188 49739      171.2127    27      172.0438      163.2815  5599559    5.09%
  97489 49927      164.0777    42      172.0438      163.2832  5617284    5.09%
  97781 50129      171.8790    18      172.0438      163.2848  5636216    5.09%
  98072 50328      165.3468    30      172.0438      163.2858  5654007    5.09%
  98373 50501      164.4138    48      172.0438      163.2877  5672993    5.09%
Elapsed time = 1493.36 sec. (1370806.12 ticks, tree = 373.82 MB, solutions = 6)
  98667 50706      168.8826    27      172.0438      163.2897  5692255    5.09%
  98927 50850      169.6643    37      172.0438      163.2919  5711180    5.09%
  99205 51023      170.1208    34      172.0438      163.2943  5727957    5.09%
  99518 51218      163.4238    43      172.0438      163.2959  5744202    5.08%
  99794 51399      167.1077    22      172.0438      163.2971  5762666    5.08%
 100003 51516      166.4259    41      172.0438      163.2988  5778330    5.08%
 100284 51701      166.7883    36      172.0438      163.3003  5799554    5.08%
 100568 51873      168.1504    30      172.0438      163.3015  5819118    5.08%
 100923 52119      163.4402    59      172.0438      163.3034  5837294    5.08%
 101200 52297      169.5173    30      172.0438      163.3056  5855975    5.08%
Elapsed time = 1538.15 sec. (1409130.16 ticks, tree = 374.72 MB, solutions = 6)
 101511 52478      164.9493    48      172.0438      163.3082  5873736    5.08%
 101833 52662      163.9507    29      172.0438      163.3112  5892744    5.08%
 102122 52819      171.8522    23      172.0438      163.3134  5909821    5.07%
 102461 53047      166.2581    32      172.0438      163.3156  5927249    5.07%
 102760 53242      163.6661    50      172.0438      163.3174  5945190    5.07%
 103025 53390      170.0245    29      172.0438      163.3191  5962375    5.07%
 103371 53601      167.1844    35      172.0438      163.3208  5980773    5.07%
 103712 53824      163.6159    37      172.0438      163.3229  5999737    5.07%
 104041 54037      164.2655    29      172.0438      163.3247  6019082    5.07%
 104334 54201      169.0661    21      172.0438      163.3272  6038338    5.07%
Elapsed time = 1583.10 sec. (1447352.33 ticks, tree = 375.95 MB, solutions = 6)
 104619 54375      171.5100    27      172.0438      163.3292  6056806    5.07%
 104959 54586      165.2888    38      172.0438      163.3318  6075433    5.06%
 105271 54767      170.4280    21      172.0438      163.3328  6093282    5.06%
 105570 54927      170.0333    29      172.0438      163.3355  6111222    5.06%
 105876 55116      167.5837    31      172.0438      163.3376  6130080    5.06%
 106166 55295      170.0406    24      172.0438      163.3400  6147943    5.06%
 106478 55478      169.1039    32      172.0438      163.3420  6168048    5.06%
 106796 55667      163.3821    35      172.0438      163.3442  6186444    5.06%
 107061 55862      165.5760    35      172.0438      163.3450  6203686    5.06%
 107374 56051        cutoff            172.0438      163.3470  6223203    5.06%
Elapsed time = 1629.78 sec. (1485576.32 ticks, tree = 377.07 MB, solutions = 6)
 107716 56246      164.0601    32      172.0438      163.3495  6241699    5.05%
 107994 56399      168.9448    49      172.0438      163.3512  6258758    5.05%
 108275 56582      164.4449    32      172.0438      163.3528  6277468    5.05%
 108595 56775      165.4513    39      172.0438      163.3545  6297546    5.05%
 108928 57001      165.7246    37      172.0438      163.3562  6315981    5.05%
 109246 57201      170.8395    19      172.0438      163.3582  6333059    5.05%
 109561 57371      164.9980    42      172.0438      163.3603  6352038    5.05%
 109856 57552      166.5280    55      172.0438      163.3622  6372041    5.05%
 110138 57717      164.9476    39      172.0438      163.3647  6389851    5.04%
 110437 57898      163.5340    44      172.0438      163.3666  6408121    5.04%
Elapsed time = 1676.25 sec. (1523826.97 ticks, tree = 377.31 MB, solutions = 6)
 110702 58048      165.5018    48      172.0438      163.3683  6427183    5.04%
 111007 58251      165.6488    45      172.0438      163.3704  6444745    5.04%
 111352 58440      164.1130    41      172.0438      163.3721  6463077    5.04%
 111682 58641        cutoff            172.0438      163.3746  6479651    5.04%
 111952 58809      167.9337    47      172.0438      163.3758  6500241    5.04%
 112124 58906        cutoff            172.0438      163.3777  6512215    5.04%
 112419 59099      168.5414    34      172.0438      163.3791  6530747    5.04%
 112740 59272      167.9948    43      172.0438      163.3814  6548578    5.04%
 113041 59459      165.5314    36      172.0438      163.3830  6566407    5.03%
 113371 59674      171.3239    27      172.0438      163.3843  6584148    5.03%
Elapsed time = 1724.56 sec. (1562041.07 ticks, tree = 378.19 MB, solutions = 6)
 113674 59872      164.2409    33      172.0438      163.3859  6601972    5.03%
 113986 60076      165.5208    52      172.0438      163.3882  6620115    5.03%
 114220 60219      165.3966    32      172.0438      163.3895  6637257    5.03%
 114523 60414      170.6642    25      172.0438      163.3908  6655407    5.03%
 114870 60640      167.5524    24      172.0438      163.3933  6673316    5.03%
 115097 60782      166.1487    41      172.0438      163.3947  6687451    5.03%
 115376 60965      163.8875    29      172.0438      163.3959  6706164    5.03%
 115614 61091      163.4194    38      172.0438      163.3976  6725968    5.03%
 115942 61278      166.2942    40      172.0438      163.3995  6744289    5.02%
 116215 61454      164.3452    34      172.0438      163.4006  6762746    5.02%
Elapsed time = 1771.89 sec. (1600253.74 ticks, tree = 379.38 MB, solutions = 6)
 116514 61651      168.3512    23      172.0438      163.4022  6782850    5.02%
 116827 61856      163.9955    38      172.0438      163.4037  6800055    5.02%
 117091 62024      165.4321    48      172.0438      163.4046  6818523    5.02%
 117430 62227      167.7675    41      172.0438      163.4067  6837110    5.02%
 117698 62388      165.3565    42      172.0438      163.4087  6856534    5.02%
 117983 62557      165.5838    39      172.0438      163.4109  6875031    5.02%
 118248 62721      166.2484    50      172.0438      163.4129  6893000    5.02%
 118565 62915      164.7885    28      172.0438      163.4146  6911059    5.02%
 118882 63105      170.7795    27      172.0438      163.4174  6931397    5.01%
 119167 63272      166.8991    32      172.0438      163.4194  6949177    5.01%
Elapsed time = 1823.01 sec. (1638939.20 ticks, tree = 380.20 MB, solutions = 6)
 119482 63469      164.1873    35      172.0438      163.4207  6967638    5.01%
 119824 63678        cutoff            172.0438      163.4225  6985625    5.01%
 120120 63859        cutoff            172.0438      163.4241  7004765    5.01%
 120407 64040      163.8345    37      172.0438      163.4259  7022747    5.01%
 120712 64232      170.6320    36      172.0438      163.4275  7041631    5.01%
 121027 64422      165.0097    38      172.0438      163.4292  7059889    5.01%
 121311 64596      164.1913    30      172.0438      163.4312  7078544    5.01%
 121588 64772      163.4322    44      172.0438      163.4322  7097061    5.01%
 121875 64939      163.6997    49      172.0438      163.4339  7116356    5.00%
 122120 65076      165.7181    41      172.0438      163.4351  7136090    5.00%
Elapsed time = 1876.88 sec. (1677619.40 ticks, tree = 381.23 MB, solutions = 6)
 122398 65229      167.0112    42      172.0438      163.4375  7155926    5.00%
 122717 65423      168.1527    26      172.0438      163.4393  7174015    5.00%
 122968 65559      167.7777    33      172.0438      163.4415  7189242    5.00%
 123220 65707      166.0834    30      172.0438      163.4422  7208965    5.00%
 123478 65862      163.4583    44      172.0438      163.4437  7228652    5.00%
 123812 66058      170.5692    52      172.0438      163.4450  7246004    5.00%
 124051 66202      168.5246    39      172.0438      163.4465  7264690    5.00%
 124320 66365      163.8689    47      172.0438      163.4476  7283824    5.00%
 124610 66546      170.0707    30      172.0438      163.4492  7301991    5.00%
 124936 66746      170.1794    41      172.0438      163.4509  7321555    4.99%
Elapsed time = 1926.61 sec. (1716596.30 ticks, tree = 384.97 MB, solutions = 6)
 125184 66899      170.2155    26      172.0438      163.4517  7337332    4.99%
 125468 67068      168.4412    39      172.0438      163.4541  7355573    4.99%
 125796 67264      164.9819    38      172.0438      163.4562  7373949    4.99%
 126098 67465      170.5614    25      172.0438      163.4581  7393488    4.99%
 126397 67630        cutoff            172.0438      163.4610  7411820    4.99%
 126684 67778      168.2198    36      172.0438      163.4638  7429870    4.99%
 126968 67945      166.4912    33      172.0438      163.4655  7449268    4.99%
 127284 68128      163.6042    43      172.0438      163.4675  7467322    4.98%
 127574 68310      165.2370    29      172.0438      163.4688  7485464    4.98%
 127872 68486      170.9793    30      172.0438      163.4704  7505126    4.98%
Elapsed time = 1992.19 sec. (1755227.31 ticks, tree = 385.86 MB, solutions = 6)
 128127 68622      164.7957    48      172.0438      163.4722  7522133    4.98%
 128413 68801      166.1658    31      172.0438      163.4740  7540791    4.98%
 128724 68984      163.5068    39      172.0438      163.4762  7561194    4.98%
 129052 69175      163.5120    41      172.0438      163.4781  7579998    4.98%
 129386 69389      171.7741    15      172.0438      163.4792  7598361    4.98%
 129686 69571      168.7226    27      172.0438      163.4810  7615417    4.98%
 129943 69707      165.6905    63      172.0438      163.4829  7634240    4.98%
 130168 69830      164.1986    36      172.0438      163.4838  7650049    4.98%
 130431 69974      165.3140    29      172.0438      163.4855  7668931    4.97%
 130744 70173        cutoff            172.0438      163.4871  7687788    4.97%
Elapsed time = 2066.26 sec. (1793552.38 ticks, tree = 386.55 MB, solutions = 6)
 131007 70326      167.5374    35      172.0438      163.4885  7706430    4.97%
 131286 70482      170.4546    19      172.0438      163.4900  7724714    4.97%
 131590 70649      171.9464    28      172.0438      163.4918  7743513    4.97%
 131887 70827      165.0624    38      172.0438      163.4937  7761425    4.97%
 132216 71018      166.9632    33      172.0438      163.4952  7779960    4.97%
 132480 71184      163.5285    44      172.0438      163.4968  7799454    4.97%
 132823 71398      166.2239    39      172.0438      163.4984  7819547    4.97%
 133121 71575      164.0988    45      172.0438      163.5005  7837379    4.97%
 133396 71731      168.9564    30      172.0438      163.5024  7857037    4.96%
 133628 71880      168.8895    21      172.0438      163.5032  7874521    4.96%
Elapsed time = 2129.08 sec. (1831839.92 ticks, tree = 387.87 MB, solutions = 6)
 133911 72048      171.2876    27      172.0438      163.5053  7894270    4.96%
 134221 72260        cutoff            172.0438      163.5060  7912308    4.96%
 134542 72463      171.5175    20      172.0438      163.5078  7931316    4.96%
 134862 72660      166.9871    34      172.0438      163.5086  7950914    4.96%
 135170 72833      165.1687    29      172.0438      163.5104  7968081    4.96%
 135440 72985      164.5446    41      172.0438      163.5114  7986711    4.96%
 135736 73172        cutoff            172.0438      163.5134  8004732    4.96%
 136037 73331      169.9926    29      172.0438      163.5154  8024550    4.96%
 136356 73518      163.6659    38      172.0438      163.5172  8043180    4.96%
 136633 73690      171.1023    24      172.0438      163.5184  8062677    4.96%
Elapsed time = 2181.93 sec. (1870087.65 ticks, tree = 389.10 MB, solutions = 6)
 136927 73842      169.4480    37      172.0438      163.5199  8082350    4.95%
 137182 73963      171.8255    18      172.0438      163.5214  8100060    4.95%
 137465 74129      169.7374    26      172.0438      163.5231  8116834    4.95%
 137823 74350      169.5860    30      172.0438      163.5250  8135549    4.95%
 138054 74478      163.5361    45      172.0438      163.5263  8153689    4.95%
 138349 74669      168.9289    33      172.0438      163.5275  8172200    4.95%
 138643 74844      163.6748    36      172.0438      163.5291  8191608    4.95%
 138912 75019      171.8408    35      172.0438      163.5304  8210799    4.95%
 139222 75229      164.5469    27      172.0438      163.5313  8226770    4.95%
 139523 75417      163.7017    50      172.0438      163.5326  8245965    4.95%
Elapsed time = 2238.49 sec. (1908345.98 ticks, tree = 390.14 MB, solutions = 6)
 139761 75562      164.9910    32      172.0438      163.5338  8264333    4.95%
 140085 75759      167.0775    26      172.0438      163.5350  8282746    4.95%
 140354 75933      166.8086    24      172.0438      163.5362  8299428    4.94%
 140682 76116      168.1671    30      172.0438      163.5391  8317535    4.94%
 140990 76297      167.3256    20      172.0438      163.5411  8336548    4.94%
 141308 76499      170.4108    46      172.0438      163.5430  8354851    4.94%
 141617 76702      170.0478    37      172.0438      163.5442  8373334    4.94%
 141878 76875      164.2919    39      172.0438      163.5455  8390893    4.94%
 142133 77024      165.9080    36      172.0438      163.5463  8410624    4.94%
 142417 77184      171.4930    26      172.0438      163.5480  8430728    4.94%
Elapsed time = 2293.52 sec. (1946603.54 ticks, tree = 391.53 MB, solutions = 6)
 142686 77347      163.8499    41      172.0438      163.5495  8448691    4.94%
 142969 77512      168.7271    34      172.0438      163.5504  8466525    4.94%
 143229 77666      172.0144    40      172.0438      163.5519  8485063    4.94%
 143543 77846      170.3055    30      172.0438      163.5534  8503140    4.94%
 143865 78043      171.3744    18      172.0438      163.5543  8521078    4.93%
 144110 78184      163.9633    49      172.0438      163.5553  8537629    4.93%
 144439 78392      163.7889    34      172.0438      163.5567  8556466    4.93%
 144727 78551      166.3925    37      172.0438      163.5584  8575294    4.93%
 145015 78728      164.3221    34      172.0438      163.5599  8591425    4.93%
 145298 78893      164.3878    29      172.0438      163.5617  8610693    4.93%
Elapsed time = 2351.65 sec. (1984808.93 ticks, tree = 392.49 MB, solutions = 6)
 145601 79058      170.9603    25      172.0438      163.5632  8628506    4.93%
 145868 79217      170.9755    33      172.0438      163.5644  8647255    4.93%
 146133 79377      164.6687    44      172.0438      163.5654  8664288    4.93%
 146411 79560      170.6325    24      172.0438      163.5663  8682453    4.93%
 146638 79686      169.7850    30      172.0438      163.5672  8702065    4.93%
 146912 79846      164.7430    36      172.0438      163.5687  8721286    4.93%
 147187 79984      169.3602    18      172.0438      163.5704  8741037    4.93%
 147490 80155      168.0227    37      172.0438      163.5722  8759998    4.92%
 147768 80319      167.1024    44      172.0438      163.5732  8780409    4.92%
 148050 80503      169.4072    27      172.0438      163.5744  8798635    4.92%
Elapsed time = 2405.94 sec. (2023070.50 ticks, tree = 393.19 MB, solutions = 6)
 148284 80668      165.3971    33      172.0438      163.5753  8816731    4.92%
 148667 80908      165.4002    42      172.0438      163.5767  8835020    4.92%
 148967 81069      166.8024    33      172.0438      163.5783  8853272    4.92%
 149225 81207      168.9142    40      172.0438      163.5794  8869675    4.92%
 149528 81361      169.2999    32      172.0438      163.5817  8889304    4.92%
 149847 81547      171.7424    21      172.0438      163.5827  8906088    4.92%
 150185 81735      166.9201    61      172.0438      163.5841  8924131    4.92%
 150494 81909      169.7821    28      172.0438      163.5863  8943244    4.92%
 150836 82137      171.9160    27      172.0438      163.5876  8959841    4.92%
 151128 82321      164.4462    25      172.0438      163.5892  8978303    4.91%
Elapsed time = 2474.73 sec. (2061324.60 ticks, tree = 393.97 MB, solutions = 6)
 151400 82485      164.9102    34      172.0438      163.5900  8997875    4.91%
 151676 82667      165.6570    41      172.0438      163.5903  9016459    4.91%
 151968 82850      171.9000    29      172.0438      163.5923  9033861    4.91%
 152211 82990      167.0704    27      172.0438      163.5935  9052672    4.91%
 152486 83161      167.9826    30      172.0438      163.5943  9071467    4.91%
 152792 83342      165.0818    31      172.0438      163.5954  9089747    4.91%
 153051 83474      163.7167    60      172.0438      163.5966  9108638    4.91%
 153302 83636      166.4111    39      172.0438      163.5980  9127824    4.91%
 153605 83819      168.4850    35      172.0438      163.5994  9146783    4.91%
 153897 83991      164.7941    31      172.0438      163.6002  9162672    4.91%
Elapsed time = 2532.08 sec. (2099619.28 ticks, tree = 395.24 MB, solutions = 6)
 154212 84186      171.2517    29      172.0438      163.6015  9182586    4.91%
 154527 84384      164.0007    63      172.0438      163.6029  9201032    4.91%
 154828 84570      170.5338    17      172.0438      163.6040  9220597    4.91%
 155192 84823      170.3015    21      172.0438      163.6046  9237999    4.91%
 155518 85017      170.7172    26      172.0438      163.6066  9256698    4.90%
 155773 85171      167.7063    36      172.0438      163.6082  9276449    4.90%
 156078 85357      164.8759    31      172.0438      163.6094  9293430    4.90%
 156365 85533      164.2442    44      172.0438      163.6107  9311881    4.90%
 156596 85672      169.7398    34      172.0438      163.6118  9330394    4.90%
 156912 85838      168.8038    39      172.0438      163.6141  9349351    4.90%
Elapsed time = 2590.30 sec. (2137899.44 ticks, tree = 396.52 MB, solutions = 6)
 157180 86008      167.9123    23      172.0438      163.6153  9366164    4.90%
 157475 86187        cutoff            172.0438      163.6167  9384456    4.90%
 157774 86364      164.2596    47      172.0438      163.6180  9404248    4.90%
 158063 86537      164.4857    42      172.0438      163.6193  9422685    4.90%
 158347 86692      171.3667    26      172.0438      163.6204  9442034    4.90%
 158635 86873      165.1540    36      172.0438      163.6225  9460750    4.89%
 158857 86987      164.0888    47      172.0438      163.6237  9476482    4.89%
 159161 87175      169.8822    27      172.0438      163.6244  9494298    4.89%
 159467 87340      166.7399    29      172.0438      163.6264  9513585    4.89%
 159732 87489      171.0172    46      172.0438      163.6275  9531029    4.89%
Elapsed time = 2646.02 sec. (2176157.23 ticks, tree = 398.14 MB, solutions = 6)
 159968 87615      169.0541    28      172.0438      163.6287  9545746    4.89%
 160258 87790        cutoff            172.0438      163.6293  9565318    4.89%
 160549 87955      164.7828    54      172.0438      163.6311  9584630    4.89%
 160841 88138        cutoff            172.0438      163.6325  9602128    4.89%
 161173 88333      166.2754    29      172.0438      163.6340  9619341    4.89%
 161440 88487      164.9520    17      172.0438      163.6350  9638574    4.89%
 161748 88668      163.6566    66      172.0438      163.6366  9657789    4.89%
 162093 88877      164.6681    28      172.0438      163.6379  9675945    4.89%
 162395 89065    infeasible            172.0438      163.6391  9692935    4.89%
 162732 89252      168.4919    31      172.0438      163.6411  9712496    4.88%
Elapsed time = 2698.76 sec. (2214935.45 ticks, tree = 399.63 MB, solutions = 6)
 163043 89422      164.9224    41      172.0438      163.6439  9731315    4.88%
 163292 89566      164.8603    33      172.0438      163.6452  9748418    4.88%
 163531 89691      167.4409    39      172.0438      163.6466  9767281    4.88%
 163815 89864      166.5724    39      172.0438      163.6474  9785808    4.88%
 164145 90044      170.0538    29      172.0438      163.6489  9803495    4.88%
 164470 90267      165.9766    23      172.0438      163.6499  9822117    4.88%
 164766 90456      169.8613    26      172.0438      163.6513  9840692    4.88%
 165032 90607      169.6235    36      172.0438      163.6525  9858650    4.88%
 165306 90791      171.9120    28      172.0438      163.6533  9878008    4.88%
 165633 90960      166.0033    31      172.0438      163.6551  9895996    4.88%
Elapsed time = 2765.91 sec. (2253240.04 ticks, tree = 400.90 MB, solutions = 6)
 165924 91126      163.7188    42      172.0438      163.6568  9914821    4.87%
 166194 91292      163.9057    31      172.0438      163.6580  9931125    4.87%
 166559 91512      171.6949    18      172.0438      163.6603  9948317    4.87%
 166823 91660      170.8609    31      172.0438      163.6612  9967196    4.87%
 167134 91827      163.8608    40      172.0438      163.6628  9983626    4.87%
 167395 91987      170.9152    19      172.0438      163.6639 10002716    4.87%
 167666 92130      165.4179    29      172.0438      163.6649 10020137    4.87%
 168010 92335      167.1442    25      172.0438      163.6662 10037311    4.87%
 168312 92508      169.5436    32      172.0438      163.6674 10055838    4.87%
 168613 92685      164.0462    45      172.0438      163.6693 10073219    4.87%
Elapsed time = 2823.77 sec. (2291472.16 ticks, tree = 402.14 MB, solutions = 6)
 168916 92857      165.7950    58      172.0438      163.6707 10093300    4.87%
 169210 93038      170.9660    40      172.0438      163.6716 10111035    4.87%
 169495 93218      169.2620    26      172.0438      163.6731 10129179    4.87%
 169735 93345      165.1191    44      172.0438      163.6745 10149756    4.86%
 170008 93501      164.6085    28      172.0438      163.6759 10168385    4.86%
 170303 93691      167.1687    26      172.0438      163.6781 10186746    4.86%
 170618 93869      171.3595    26      172.0438      163.6795 10204691    4.86%
 170908 94051      166.2958    28      172.0438      163.6807 10222789    4.86%
 171227 94231      169.7911    30      172.0438      163.6818 10242586    4.86%
 171487 94406      166.4462    32      172.0438      163.6826 10261032    4.86%
Elapsed time = 2869.88 sec. (2329689.99 ticks, tree = 403.39 MB, solutions = 6)
 171829 94597      166.0570    27      172.0438      163.6838 10278324    4.86%
 172168 94786      165.4165    29      172.0438      163.6854 10295637    4.86%
 172430 94927      164.3329    48      172.0438      163.6863 10313867    4.86%
 172706 95095      168.4627    34      172.0438      163.6875 10333097    4.86%
 172995 95253      164.1338    38      172.0438      163.6885 10350081    4.86%
 173330 95446      170.3661    51      172.0438      163.6898 10369377    4.86%
 173619 95633      167.2202    42      172.0438      163.6906 10388828    4.86%
 173895 95778      169.4453    30      172.0438      163.6920 10407763    4.85%
 174138 95923      165.2032    35      172.0438      163.6930 10424041    4.85%
 174442 96089      164.4184    41      172.0438      163.6946 10444416    4.85%
Elapsed time = 2924.44 sec. (2368125.52 ticks, tree = 404.07 MB, solutions = 6)
 174762 96248      168.5497    34      172.0438      163.6961 10463260    4.85%
 175074 96429      168.6066    34      172.0438      163.6971 10482097    4.85%
 175372 96601      170.4450    34      172.0438      163.6983 10501835    4.85%
 175635 96742      170.0109    40      172.0438      163.6993 10521282    4.85%
 175889 96885      164.4241    37      172.0438      163.7004 10539982    4.85%
 176116 97007      167.0748    34      172.0438      163.7010 10555505    4.85%
 176402 97172      163.8007    40      172.0438      163.7023 10574619    4.85%
 176693 97343      164.3785    40      172.0438      163.7041 10593014    4.85%
 177036 97572      167.7116    18      172.0438      163.7050 10610628    4.85%
 177305 97715        cutoff            172.0438      163.7065 10629487    4.85%
Elapsed time = 2984.71 sec. (2406379.00 ticks, tree = 405.25 MB, solutions = 6)
 177614 97926      164.3831    41      172.0438      163.7075 10647325    4.85%
 177934 98111      170.8804    23      172.0438      163.7085 10666332    4.84%
 178191 98234        cutoff            172.0438      163.7101 10685699    4.84%
 178505 98408      169.5889    20      172.0438      163.7113 10705042    4.84%
 178802 98549      164.4360    47      172.0438      163.7122 10722596    4.84%
 179107 98714      165.9439    45      172.0438      163.7139 10740579    4.84%
 179416 98894      169.9801    28      172.0438      163.7157 10757934    4.84%
 179722 99083      167.8166    40      172.0438      163.7175 10776531    4.84%
 180043 99245      165.6319    38      172.0438      163.7188 10794832    4.84%
 180356 99433      167.6510    23      172.0438      163.7198 10814318    4.84%
Elapsed time = 3033.79 sec. (2444618.98 ticks, tree = 406.80 MB, solutions = 6)
 180672 99628      169.5431    21      172.0438      163.7218 10832182    4.84%
 180992 99806      165.1959    43      172.0438      163.7235 10849859    4.84%
 181290 99972      172.0050    14      172.0438      163.7258 10868328    4.83%
 181591 100155      170.5172    26      172.0438      163.7271 10886619    4.83%
 181904 100348      171.1290    33      172.0438      163.7283 10904735    4.83%
 182235 100549      164.7118    38      172.0438      163.7291 10922900    4.83%
 182493 100708      165.9931    30      172.0438      163.7303 10942825    4.83%
 182823 100899      164.0554    50      172.0438      163.7315 10961542    4.83%
 183080 101039      165.5968    50      172.0438      163.7331 10978945    4.83%
 183347 101185      171.8385    18      172.0438      163.7345 10997978    4.83%
Elapsed time = 3098.70 sec. (2482978.48 ticks, tree = 408.34 MB, solutions = 6)
 183648 101356      166.2804    39      172.0438      163.7362 11016924    4.83%
 183932 101510      169.8075    22      172.0438      163.7373 11033634    4.83%
 184191 101650      164.6598    34      172.0438      163.7388 11051547    4.83%
 184469 101829      167.9022    37      172.0438      163.7403 11070360    4.83%
 184774 101986      171.1207    37      172.0438      163.7418 11089364    4.83%
 185014 102142      167.8180    39      172.0438      163.7427 11104868    4.82%
 185313 102311      168.6947    33      172.0438      163.7442 11121725    4.82%
 185636 102503      163.9304    45      172.0438      163.7456 11139963    4.82%
 185881 102655      164.1663    43      172.0438      163.7464 11156987    4.82%
 186139 102783      166.0366    32      172.0438      163.7482 11174220    4.82%
Elapsed time = 3153.93 sec. (2521239.20 ticks, tree = 409.29 MB, solutions = 6)
 186456 102975      164.5616    40      172.0438      163.7493 11192402    4.82%
 186783 103158      170.9002    25      172.0438      163.7507 11211150    4.82%
 187089 103319      163.7519    55      172.0438      163.7520 11229385    4.82%
 187421 103537      163.8380    37      172.0438      163.7529 11246966    4.82%
 187734 103740      171.7615    26      172.0438      163.7542 11265679    4.82%
 188064 103939      171.7998    28      172.0438      163.7557 11282321    4.82%
 188331 104081      163.9997    55      172.0438      163.7567 11300885    4.82%
 188608 104238      163.9562    42      172.0438      163.7576 11319540    4.82%
 188934 104436      163.9478    50      172.0438      163.7588 11337470    4.82%
 189257 104639      170.6748    21      172.0438      163.7600 11354436    4.81%
Elapsed time = 3210.88 sec. (2559473.01 ticks, tree = 410.54 MB, solutions = 6)
 189523 104776      168.4381    28      172.0438      163.7617 11373325    4.81%
 189841 104970      164.8396    41      172.0438      163.7625 11392626    4.81%
 190089 105130      169.2690    25      172.0438      163.7633 11408926    4.81%
 190378 105298      169.4946    31      172.0438      163.7644 11427851    4.81%
 190488 105360      171.2900    27      172.0438      163.7648 11436015    4.81%
 190738 105511      167.6305    30      172.0438      163.7659 11451701    4.81%
 190775 105533      171.5284    32      172.0438      163.7661 11454683    4.81%
 190879 105589      167.9861    30      172.0438      163.7665 11462172    4.81%
 191168 105771      171.7692    24      172.0438      163.7679 11480679    4.81%
 191396 105911      164.1181    35      172.0438      163.7685 11494528    4.81%
Elapsed time = 3279.96 sec. (2598250.78 ticks, tree = 411.78 MB, solutions = 6)
 191468 105946      164.4721    38      172.0438      163.7687 11499666    4.81%
 191568 105991      164.5606    30      172.0438      163.7693 11507570    4.81%
 191668 106058      164.6415    38      172.0438      163.7697 11513036    4.81%
 191868 106184      166.1686    35      172.0438      163.7704 11523361    4.81%
 192068 106302      164.7073    40      172.0438      163.7710 11535500    4.81%
 192168 106351      166.0095    42      172.0438      163.7717 11541986    4.81%
 192268 106412      169.7517    46      172.0438      163.7722 11548405    4.81%
 192398 106480      170.9064    38      172.0438      163.7728 11554822    4.81%
 192497 106547      163.8676    50      172.0438      163.7732 11559364    4.81%
 192568 106588      169.1346    38      172.0438      163.7735 11563289    4.81%
Elapsed time = 3354.53 sec. (2654311.62 ticks, tree = 412.16 MB, solutions = 6)
 192668 106640      171.2911    13      172.0438      163.7740 11570486    4.81%
 192868 106754      165.9521    34      172.0438      163.7750 11586355    4.81%
 192968 106808      165.4098    40      172.0438      163.7752 11593027    4.81%
 193068 106875      163.9020    46      172.0438      163.7756 11599430    4.81%
 193268 107006      166.6486    41      172.0438      163.7762 11611301    4.81%
 193439 107088      168.1718    25      172.0438      163.7767 11623851    4.81%
 193468 107103      167.1408    35      172.0438      163.7768 11625194    4.81%
 193625 107188      165.2835    42      172.0438      163.7772 11636543    4.80%
 193768 107248      164.0160    28      172.0438      163.7782 11647478    4.80%
 194051 107412      168.8887    30      172.0438      163.7794 11666530    4.80%
Elapsed time = 3417.73 sec. (2707469.71 ticks, tree = 412.77 MB, solutions = 6)
 194073 107423        cutoff            172.0438      163.7795 11668078    4.80%
 194297 107537      171.4956    29      172.0438      163.7810 11681665    4.80%
 194568 107697      168.9905    22      172.0438      163.7820 11700836    4.80%
 194668 107752      166.0267    28      172.0438      163.7823 11707104    4.80%
 194768 107817      164.8259    49      172.0438      163.7827 11713423    4.80%
 194868 107871      165.5577    37      172.0438      163.7834 11719542    4.80%
 194968 107934      166.5084    30      172.0438      163.7837 11724905    4.80%
 195168 108055      164.3871    26      172.0438      163.7846 11735063    4.80%
 195268 108118      164.1601    45      172.0438      163.7854 11741152    4.80%
 195368 108176      167.4454    30      172.0438      163.7857 11746985    4.80%
Elapsed time = 3486.98 sec. (2769715.03 ticks, tree = 413.35 MB, solutions = 6)
 195468 108241      165.9559    33      172.0438      163.7862 11753478    4.80%
 195568 108297      166.3068    48      172.0438      163.7868 11758543    4.80%
 195680 108371        cutoff            172.0438      163.7871 11765902    4.80%
 195868 108484      163.8220    36      172.0438      163.7879 11775965    4.80%
 195968 108541      165.7016    27      172.0438      163.7882 11781268    4.80%
 196068 108603      166.2833    34      172.0438      163.7888 11787046    4.80%
 196229 108706      165.4611    45      172.0438      163.7892 11796948    4.80%
 196268 108734      166.9186    25      172.0438      163.7894 11798607    4.80%
 196368 108802      168.9346    23      172.0438      163.7897 11802678    4.80%
 196468 108850      170.7409    29      172.0438      163.7903 11810687    4.80%
Elapsed time = 3558.26 sec. (2837089.29 ticks, tree = 413.94 MB, solutions = 6)
 196568 108901      169.3756    28      172.0438      163.7907 11815479    4.80%
 196668 108957      170.6717    23      172.0438      163.7912 11822542    4.80%
 196768 109009      164.4718    45      172.0438      163.7916 11829784    4.80%
 197068 109201      165.2695    43      172.0438      163.7929 11847390    4.80%
 197291 109341      163.7938    54      172.0438      163.7938 11859797    4.80%
 197390 109407      170.8410    36      172.0438      163.7940 11865147    4.80%
Advanced basis not built.

GUB cover cuts applied:  39
Clique cuts applied:  3
Cover cuts applied:  26
Implied bound cuts applied:  16
Flow cuts applied:  14
Mixed integer rounding cuts applied:  351
Zero-half cuts applied:  3
Lift and project cuts applied:  9
Gomory fractional cuts applied:  3

Root node processing (before b&c):
  Real time             =    8.18 sec. (6632.67 ticks)
Sequential b&c:
  Real time             = 3591.83 sec. (2870268.16 ticks)
                          ------------
Total (root+branch&cut) = 3600.00 sec. (2876900.83 ticks)
