Version identifier: 22.1.0.0 | 2022-03-09 | 1a383f8ce
CPXPARAM_Read_DataCheck                          1
CPXPARAM_Threads                                 1
CPXPARAM_TimeLimit                               3600
Tried aggregator 2 times.
MIP Presolve eliminated 11916 rows and 449 columns.
MIP Presolve modified 98615 coefficients.
Aggregator did 310 substitutions.
Reduced MIP has 18765 rows, 1461 columns, and 154002 nonzeros.
Reduced MIP has 1099 binaries, 0 generals, 0 SOSs, and 0 indicators.
Presolve time = 0.39 sec. (290.92 ticks)
Probing fixed 2 vars, tightened 1 bounds.
Probing time = 0.06 sec. (43.60 ticks)
Tried aggregator 1 time.
Detecting symmetries...
MIP Presolve eliminated 6 rows and 2 columns.
MIP Presolve modified 52 coefficients.
Reduced MIP has 18759 rows, 1459 columns, and 153924 nonzeros.
Reduced MIP has 1097 binaries, 0 generals, 0 SOSs, and 0 indicators.
Presolve time = 0.13 sec. (89.14 ticks)
Probing time = 0.02 sec. (8.16 ticks)
Clique table members: 3958.
MIP emphasis: balance optimality and feasibility.
MIP search method: dynamic search.
Parallel mode: none, using 1 thread.
Root relaxation solution time = 0.07 sec. (82.36 ticks)

        Nodes                                         Cuts/
   Node  Left     Objective  IInf  Best Integer    Best Bound    ItCnt     Gap

      0     0      594.6258   215                    594.6258      664         
      0     0      594.6258   100                   Cuts: 961     1123         
      0     0      594.6258   108                   Cuts: 991     1680         
      0     0      594.6271   111                   Cuts: 307     2324         
Detecting symmetries...
      0     2      594.6271   111                    594.6289     2338         
Elapsed time = 11.11 sec. (8296.00 ticks, tree = 0.01 MB, solutions = 0)
      6     8      685.2523   109                    594.6456     3024         
     14    16      659.8231   102                    594.6456     4160         
     17    19      594.8897   119                    594.6456     5336         
     20    22      594.8897   117                    594.6456     6324         
     23    25      667.0092   125                    594.6456     7269         
     26    28      702.6815   121                    594.6456     8094         
     29    29      751.2258   135                    594.6456     9509         
     36    36      721.6444   134                    594.6456    10121         
     39    39      710.3188   129                    594.6456    10918         
     55    53      758.5107   123                    594.6456    12084         
Elapsed time = 15.15 sec. (12249.15 ticks, tree = 3.26 MB, solutions = 0)
     76    70      749.6370   146                    594.6456    22392         
     78    72      651.6097   101                    594.6456    24818         
     88    80      725.3156   108                    594.6456    28015         
     90    82      598.0695   113                    594.6456    28367         
    105    95      603.7370    95                    594.6456    31171         
    119   109      604.5040    82                    594.6456    33959         
    120   110      606.7422    92                    594.6456    34048         
    136   124      678.6259    95                    594.6456    37274         
    169   151      613.3847    58                    594.6456    40328         
    193   173      617.6649    60                    594.6456    42504         
Elapsed time = 29.43 sec. (25744.53 ticks, tree = 4.65 MB, solutions = 0)
    217   191      629.4380    48                    594.6456    45090         
    240   214      643.9148    43                    594.6456    47439         
    280   240    infeasible                          594.6456    50231         
    286   244      695.5583   123                    594.7074    52387         
    292   250      599.3426   142                    594.7074    55052         
    300   258      608.0535   120                    594.7074    57445         
    307   263      605.6020   131                    594.7074    59993         
    314   270      662.1456   149                    594.7074    62888         
    320   276      599.6704   117                    594.7074    64400         
    328   284      728.7309   133                    594.7074    68070         
Elapsed time = 40.15 sec. (36643.34 ticks, tree = 5.58 MB, solutions = 0)
    335   289    infeasible                          594.7074    70508         
    338   292      715.8269   140                    594.7074    74179         
    340   294      594.7074   113                    594.7074    74182         
    349   303      609.5831   145                    594.7074    76957         
    353   307      703.5314   180                    594.7074    79312         
    356   310      632.6002   136                    594.7074    82802         
    362   316      796.6645   137                    594.7074    84516         
    368   322      624.0707   134                    594.7074    86818         
    372   326      643.8191   126                    594.7074    89510         
    382   336      623.5803   130                    594.7074    92300         
Elapsed time = 52.33 sec. (48200.24 ticks, tree = 7.06 MB, solutions = 0)
    391   345      704.1937   136                    594.7074    94752         
    398   352      671.2198   132                    594.7074    98050         
    400   353      594.7308   117                    594.7074    98945         
    410   363      594.7643   125                    594.7074   101622         
    415   368      681.4517   149                    594.7074   104288         
    419   372      602.7855   120                    594.7074   106576         
    433   384      607.6167   113                    594.7074   109256         
    440   389      702.0685   118                    594.7074   111246         
    446   389      700.2673   153                    594.7074   114413         
    459   396      594.8740   104                    594.7074   116611         
Elapsed time = 64.66 sec. (60412.94 ticks, tree = 8.72 MB, solutions = 0)
    480   415      598.1643   101                    594.7074   118867         
    499   433      664.6356    98                    594.7074   121417         
    524   456    infeasible                          594.7074   123467         
    535   463      665.3944    68                    594.7074   125765         
    541   460    infeasible                          594.7074   129854         
    545   464      767.0756   150                    594.7074   132543         
    550   467      746.1129   121                    594.7074   135250         
    555   468      633.0658   115                    594.7074   137386         
    560   473      783.4644   113                    594.7074   138220         
    576   485      594.8532   122                    594.7074   140030         
Elapsed time = 75.86 sec. (72067.97 ticks, tree = 8.83 MB, solutions = 0)
    580   489      719.8400   134                    594.7074   145464         
    597   502    infeasible                          594.7074   148424         
    606   509    infeasible                          594.7074   154521         
    640   541      603.1563    82                    594.7074   155892         
    664   565      637.6950    65                    594.7074   157705         
    680   581      604.7465    63                    594.7074   159137         
    697   598      675.4240    88                    594.7074   161322         
    717   618      643.7651    91                    594.7074   163688         
    731   632      639.7080    91                    594.7074   165402         
    752   651      626.2896    71                    594.7074   167814         
Elapsed time = 89.44 sec. (85673.61 ticks, tree = 30.40 MB, solutions = 0)
    769   668      605.6563    81                    594.7074   169571         
    782   679    infeasible                          594.7074   174081         
    802   694      615.7326    70                    594.7074   175675         
    818   710      730.7870    66                    594.7074   178152         
    836   728      638.6965    64                    594.7074   180029         
    865   749      800.1973   152                    594.7074   183869         
    870   750      598.1852    92                    594.7074   185464         
    880   758      602.3590   111                    594.7074   186690         
    908   782      606.1942    95                    594.7074   188664         
    923   795      795.5162    97                    594.7074   192388         
Elapsed time = 102.22 sec. (98878.19 ticks, tree = 52.32 MB, solutions = 0)
    937   809      760.7186    86                    594.7074   194935         
    991   859      654.5837    60                    594.7074   196806         
   1006   870      712.4739   135                    594.7074   198595         
   1014   874    infeasible                          594.7074   201322         
   1022   880      697.9456   110                    594.7149   202577         

Performing restart 1

Repeating presolve.
Tried aggregator 1 time.
MIP Presolve eliminated 19 rows and 3 columns.
Reduced MIP has 18740 rows, 1456 columns, and 153744 nonzeros.
Reduced MIP has 1094 binaries, 0 generals, 0 SOSs, and 0 indicators.
Presolve time = 0.06 sec. (51.54 ticks)
Tried aggregator 1 time.
MIP Presolve eliminated 6 rows and 3 columns.
Reduced MIP has 18734 rows, 1453 columns, and 153555 nonzeros.
Reduced MIP has 1091 binaries, 0 generals, 0 SOSs, and 0 indicators.
Presolve time = 0.10 sec. (66.32 ticks)
Represolve time = 0.33 sec. (255.91 ticks)
   1034     0      594.9643   195                  Cuts: 2291   205903         
   1034     0      595.8465   205                  Cuts: 2054   206469         
   1034     0      596.8577   348                  Cuts: 1207   207242         
   1034     0      597.6781   298                  Cuts: 1754   207792         
   1034     0      598.1445   324                  Cuts: 2481   208112         
   1034     0      598.4716   324                  Cuts: 1258   208543         
   1034     0      598.5528   364                  Cuts: 2569   208933         
   1034     0      598.6190   363                  Cuts: 2849   209203         
   1034     0      598.7373   375                  Cuts: 2009   209426         
   1034     0      598.7466   359                  Cuts: 2706   209596         
   1034     0      599.0547   353                  Cuts: 1812   209894         
   1034     0      599.1901   360                   Cuts: 896   210233         
   1034     0      599.4788   335                  Cuts: 2699   210599         
   1034     0      599.5561   328                  Cuts: 1921   210940         
   1034     0      599.6189   318                  Cuts: 1878   211182         
   1034     0      599.7144   354                   Cuts: 969   211429         
   1034     0      599.7516   329                  Cuts: 2580   211679         
   1034     0      599.7757   322                  Cuts: 2110   211998         
   1034     0      599.8326   292                   Cuts: 709   212289         
   1034     0      599.8945   301                  Cuts: 1264   212493         
   1034     0      599.9881   288                   Cuts: 466   212768         
   1034     0      600.0042   270                  Cuts: 2416   212976         
   1034     0      600.0185   266                   Cuts: 484   213246         
   1034     0      600.0286   268                  Cuts: 4783   213387         
   1034     2      600.0286   268                    600.0286   213387         
   1035     3      600.0286   267                    600.0330   213390         
   1036     4      600.0438   263                    600.0440   213513         
   1037     5      611.3145   150                    600.0440   215469         
   1038     6      611.3145   147                    600.0440   215475         
Elapsed time = 211.33 sec. (187274.44 ticks, tree = 0.02 MB, solutions = 0)
   1041     8      666.8736   146                    600.0440   215833         
   1044    11      685.8353   160                    600.0440   216430         
   1047    14      682.9713   137                    600.0440   217224         
   1054    20      668.3190   128                    600.0440   217975         
   1057    23      689.5027   114                    600.0440   219468         
   1064    30      690.6193   115                    600.0440   221313         
   1067    33      693.8425   104                    600.0440   223073         
   1070    36      806.5814   113                    600.0440   224910         
   1076    42      691.0655    97                    600.0440   226146         
   1088    54      693.3965    83                    600.0440   228868         
Elapsed time = 229.83 sec. (209981.33 ticks, tree = 1.06 MB, solutions = 0)
   1097    63      694.2510    86                    600.0440   233222         
   1134    99      705.0261    61                    600.0440   236754         
   1181   140      780.3415    31                    600.0440   239609         
   1223   165      608.9398   144                    600.0563   241557         
   1229   170      662.8349   122                    600.0563   244320         
   1257   198      711.4629    87                    600.0563   247456         
   1302   233      719.4247    56                    600.0563   251634         
   1384   307      600.0612   255                    600.0612   254499         
   1396   319      770.9763   109                    600.0698   258916         
   1405   328      648.4229   102                    600.0698   263195         
Elapsed time = 269.91 sec. (253302.53 ticks, tree = 40.91 MB, solutions = 0)
   1409   332      698.3946   137                    600.0698   264255         
   1424   346      680.3167    93                    600.0698   269341         
   1465   387      644.6670   100                    600.0796   277633         
   1485   407      662.6461    90                    600.0796   281267         
   1532   446      765.8386   116                    600.1357   287776         
   1569   483      779.6730    83                    600.1357   295184         
   1604   518      807.3340    52                    600.1357   302144         
   1675   580      770.6582   114                    600.1378   308097         
   1689   594      676.8412    96                    600.1378   316004         
   1704   609      643.2218    98                    600.1378   323455         
Elapsed time = 313.29 sec. (298654.86 ticks, tree = 47.47 MB, solutions = 0)
   1753   652      678.2583    56                    600.1378   330678         
   1807   692      671.1205   157                    600.1384   337871         
   1830   713      620.9013    91                    600.1384   343791         
   1869   752      662.9687    72                    600.1384   353458         
   1928   800      696.6544   161                    600.1434   362007         
   1993   862      836.4230    74                    600.1434   369451         
   2012   877      614.5500   104                    600.2534   377744         
   2050   915      627.3592    93                    600.2534   386762         

Performing restart 2

Repeating presolve.
Tried aggregator 1 time.
MIP Presolve modified 67 coefficients.
Reduced MIP has 18734 rows, 1453 columns, and 160733 nonzeros.
Reduced MIP has 1091 binaries, 0 generals, 0 SOSs, and 0 indicators.
Presolve time = 0.11 sec. (85.15 ticks)
Tried aggregator 1 time.
Reduced MIP has 18734 rows, 1453 columns, and 160733 nonzeros.
Reduced MIP has 1091 binaries, 0 generals, 0 SOSs, and 0 indicators.
Presolve time = 0.12 sec. (71.69 ticks)
Represolve time = 0.60 sec. (362.60 ticks)
   2068     0      600.0286   282                  Cuts: 4783   392336         
   2068     0      600.0338   260                  Cuts: 1189   392521         
   2068     0      600.0453   298                   Cuts: 539   392794         
   2068     0      600.0544   277                  Cuts: 2956   393029         
   2068     0      600.0590   278                  Cuts: 2297   393189         
   2068     0      600.0607   278                   Cuts: 948   393368         
   2068     0      600.0609   248                  Cuts: 2241   393464         
   2068     0      600.0658   286                  Cuts: 2013   393702         
   2068     0      600.0685   265                  Cuts: 2158   393922         
   2068     0      600.0696   269                  Cuts: 1594   394065         
   2068     2      600.0696   252                    600.2534   394065         
   2069     3      600.0763   244                    600.2534   394110         
Elapsed time = 456.09 sec. (421855.69 ticks, tree = 0.01 MB, solutions = 0)
   2071     5      600.2809   217                    600.2815   395235         
   2073     7      602.5140   250                    600.2815   395829         
   2079    13      690.8387   166                    600.2815   397919         
   2084    18      746.0004   102                    600.2815   400831         
   2090    24      638.7536   172                    600.2815   403655         
   2094    27      688.8654   131                    600.2815   407267         
   2106    37      740.5522   118                    600.2815   410658         
   2128    59      800.6712    78                    600.2815   413576         
   2168    95      684.5466   157                    600.3172   417972         
   2183   110      693.7057   102                    600.3172   422588         
Elapsed time = 502.03 sec. (475300.51 ticks, tree = 9.51 MB, solutions = 0)
   2210   135      699.1958    78                    600.3172   425108         
   2254   179      714.1161    57                    600.3172   427446         
   2287   207      649.8350   135                    600.3172   432567         
   2310   230      655.0608   127                    600.3172   436437         
   2330   250      689.0409    75                    600.3172   439430         
   2399   307      600.6106   175                    600.3209   443026         
   2434   342      615.1591    81                    600.3209   446145         
   2480   383      600.5982   181                    600.3625   448570         
   2493   396      616.9412   121                    600.3625   451773         
   2522   425      637.2246    94                    600.3625   456132         
Elapsed time = 539.27 sec. (517545.64 ticks, tree = 56.36 MB, solutions = 0)
   2550   450      647.0804    64                    600.3625   460183         
   2606   494      775.3507   126                    600.3766   464961         
   2653   541      897.2457    73                    600.3766   470384         
   2664   548      710.0548   118                    600.4044   475855         
   2682   566      726.6562    96                    600.4044   480095         
   2702   586      767.3277    99                    600.4044   485987         
   2717   601      809.5168    81                    600.4044   490682         
   2771   653      860.6656    48                    600.4044   494951         
   2796   668      726.5716   117                    600.4451   501276         
   2832   704      803.0840    90                    600.4451   504315         
Elapsed time = 579.99 sec. (560625.69 ticks, tree = 89.85 MB, solutions = 0)
   2884   748      601.5473   205                    600.4506   508377         
   2897   761      611.9310   144                    600.4506   511367         
   2935   799      701.0531    74                    600.4506   516308         
   2988   842      608.8714   180                    600.4670   520594         
   3019   873      716.7728    66                    600.4670   524210         
   3064   913      685.7742   107                    600.5247   528137         
   3117   961    infeasible                          600.5247   532901         
   3177  1015      652.4683    71                    600.5600   536827         
*  3209   880      integral     0      820.0426      600.5600   538129   26.76%
   3214   885      644.9983   107      820.0426      600.5744   541914   26.76%
   3262   929      607.9928   155      820.0426      600.6282   547179   26.76%
Elapsed time = 622.92 sec. (601343.19 ticks, tree = 117.19 MB, solutions = 1)
   3298   965      736.8130    53      820.0426      600.6282   550830   26.76%
   3333   994      627.1267   101      820.0426      600.6629   554052   26.75%
   3372  1025      638.6622   123      820.0426      600.6700   559203   26.75%
   3417  1063      813.1089    38      820.0426      600.6700   564407   26.75%
   3433  1077      703.1370    71      820.0426      600.6741   570238   26.75%
   3472  1113      715.6107    93      820.0426      600.7380   575266   26.74%
   3527  1163      649.5154    94      820.0426      600.7393   579901   26.74%
   3583  1212      696.1117   121      820.0426      600.7692   585786   26.74%
   3622  1244      692.7779   118      820.0426      600.8032   591755   26.74%
   3648  1270      710.3183    81      820.0426      600.8032   597016   26.74%
Elapsed time = 674.15 sec. (641072.70 ticks, tree = 153.70 MB, solutions = 1)
   3709  1325      636.0002    97      820.0426      600.8156   601339   26.73%
   3751  1359      611.9895   117      820.0426      600.8450   605413   26.73%
   3787  1390      655.5625   108      820.0426      600.8569   610979   26.73%
   3831  1426      656.1744   123      820.0426      600.9067   616583   26.72%
   3869  1460      715.3907    94      820.0426      600.9430   621436   26.72%
   3907  1495      699.9347    80      820.0426      600.9508   626392   26.72%
   3948  1529      705.1052    76      820.0426      600.9788   630952   26.71%
   3998  1570      686.6691    72      820.0426      600.9820   635510   26.71%
   4033  1602      640.5842    94      820.0426      601.0096   642704   26.71%
*  4068+ 1634                          819.7809      601.0096            26.69%
*  4068+ 1562                          804.3583      601.0096            25.28%
   4068  1564      728.8024    39      804.3583      601.0096   644741   25.28%
Elapsed time = 726.36 sec. (687786.70 ticks, tree = 179.56 MB, solutions = 3)
   4101  1592      666.1240    89      804.3583      601.0264   649883   25.28%
   4150  1630      621.8208    90      804.3583      601.0389   655345   25.28%
   4198  1669      609.2036   121      804.3583      601.0654   660009   25.27%
   4247  1712      631.6289   128      804.3583      601.0840   665270   25.27%
   4277  1738      689.0062    90      804.3583      601.0886   670857   25.27%
   4319  1776      635.9598   117      804.3583      601.1288   676426   25.27%
   4347  1799      765.3887    73      804.3583      601.1288   683131   25.27%
   4382  1824      603.5075   142      804.3583      601.1541   688976   25.26%
   4424  1866      699.1383    69      804.3583      601.1541   694344   25.26%
   4477  1911      603.7238   125      804.3583      601.2059   697804   25.26%
Elapsed time = 774.55 sec. (726804.86 ticks, tree = 217.40 MB, solutions = 3)
   4526  1951      602.8809   147      804.3583      601.2228   702929   25.25%
   4555  1980      685.2488    67      804.3583      601.2228   709369   25.25%
   4602  2020      603.2675   140      804.3583      601.2827   714757   25.25%
   4651  2065      725.2209    84      804.3583      601.3043   719515   25.24%
   4689  2086      603.6139   141      804.3583      601.3316   725288   25.24%
   4722  2113        cutoff            804.3583      601.4092   730575   25.23%
   4767  2148      601.8183   132      804.3583      601.5100   735949   25.22%
   4795  2172      612.4573   128      804.3583      601.5463   741654   25.21%
   4826  2199      634.8526   113      804.3583      601.5856   747159   25.21%
   4860  2222      604.8777   137      804.3583      601.5982   753410   25.21%
Elapsed time = 827.40 sec. (766253.24 ticks, tree = 244.12 MB, solutions = 3)
   4915  2265      602.1983   179      804.3583      601.6134   757202   25.21%
   4958  2307      775.5525    48      804.3583      601.6134   762720   25.21%
   4987  2329      643.9188   109      804.3583      601.6391   767586   25.20%
   5019  2353      610.3463   140      804.3583      601.6588   773044   25.20%
   5050  2378      602.1889   125      804.3583      601.6735   779759   25.20%
   5092  2420      778.0959    43      804.3583      601.6735   784196   25.20%
   5133  2456      684.1937    96      804.3583      601.7211   789549   25.19%
   5177  2496      745.7202    74      804.3583      601.7564   795630   25.19%
   5219  2532      732.0870    51      804.3583      601.7624   801073   25.19%
   5261  2566      756.3232    66      804.3583      601.7667   806473   25.19%
Elapsed time = 875.99 sec. (805412.16 ticks, tree = 271.18 MB, solutions = 3)
   5311  2604      612.4970   109      804.3583      601.8146   811724   25.18%
   5352  2638      698.2876   105      804.3583      601.8196   817810   25.18%
   5386  2662      656.1744   104      804.3583      601.8354   825620   25.18%
   5424  2693      617.6390    80      804.3583      601.8574   830238   25.18%
   5472  2735      790.5768    54      804.3583      601.8904   835018   25.17%
   5523  2778      606.1481   135      804.3583      601.9289   839699   25.17%
   5559  2812      747.5949    54      804.3583      601.9289   845597   25.17%
   5609  2857      749.7379    55      804.3583      601.9366   850444   25.17%
   5635  2875      620.7143   102      804.3583      601.9806   855880   25.16%
   5673  2902      741.2325   103      804.3583      602.0102   861121   25.16%
Elapsed time = 933.83 sec. (844869.39 ticks, tree = 302.75 MB, solutions = 3)
   5729  2946      782.9187    65      804.3583      602.0121   865509   25.16%
   5776  2983      738.4968   137      804.3583      602.0256   871019   25.15%
   5817  3019      764.9159    83      804.3583      602.0357   876309   25.15%
   5860  3049      602.3121   143      804.3583      602.0737   882033   25.15%
   5899  3081      623.9404   106      804.3583      602.0776   887295   25.15%
   5918  3094      724.2924   115      804.3583      602.1785   892933   25.14%
   5971  3130        cutoff            804.3583      602.1969   898525   25.13%
   6030  3169      630.2319    99      804.3583      602.2030   903892   25.13%
   6068  3201      607.1207   114      804.3583      602.2087   908034   25.13%
   6119  3246      774.8105    63      804.3583      602.2482   912970   25.13%
Elapsed time = 991.67 sec. (884127.74 ticks, tree = 354.41 MB, solutions = 3)
   6161  3276      684.9038   179      804.3583      602.2954   920721   25.12%
   6184  3295      770.8394   111      804.3583      602.3602   925552   25.11%
   6207  3310      608.8238   119      804.3583      602.3932   931213   25.11%
   6254  3350      630.0692   117      804.3583      602.5175   935517   25.09%
   6305  3383      730.6564   118      804.3583      602.5377   942356   25.09%
   6331  3407      790.3103    92      804.3583      602.5377   947401   25.09%
   6353  3419      763.5829   117      804.3583      602.5413   953691   25.09%
   6386  3444      663.0639   116      804.3583      602.5517   959081   25.09%
   6408  3460      632.9440   156      804.3583      602.5569   966668   25.09%
   6427  3475      719.9589   129      804.3583      602.5834   975380   25.09%
Elapsed time = 1057.41 sec. (927608.54 ticks, tree = 375.35 MB, solutions = 3)
   6468  3510      693.3040    93      804.3583      602.5956   978958   25.08%
   6523  3559      791.1593    44      804.3583      602.6016   983724   25.08%
   6550  3575      714.2056   145      804.3583      602.6360   989858   25.08%
   6566  3587      763.5872   112      804.3583      602.6387   994885   25.08%
   6587  3603      696.7755   175      804.3583      602.6483  1001030   25.08%
   6637  3641      604.7638   181      804.3583      602.6485  1005665   25.08%
   6680  3681      782.1109    54      804.3583      602.6485  1011203   25.08%
   6719  3703      602.8790   127      804.3583      602.6809  1016622   25.07%
   6763  3740      676.9158    75      804.3583      602.6958  1022315   25.07%
   6798  3769      792.2607    61      804.3583      602.7049  1027517   25.07%
Elapsed time = 1103.45 sec. (967009.45 ticks, tree = 392.38 MB, solutions = 3)
   6844  3803      602.9825   203      804.3583      602.7515  1031925   25.06%
   6853  3812      742.1939   103      804.3583      602.7515  1040577   25.06%
   6905  3856      675.6178   110      804.3583      602.7718  1043754   25.06%
   6945  3892      688.6050   101      804.3583      602.8044  1048475   25.06%
   6990  3930      648.5472   127      804.3583      602.8084  1053556   25.06%
   7031  3968      772.4656    63      804.3583      602.8084  1059787   25.06%
   7068  3996      743.3751    95      804.3583      602.8626  1063181   25.05%
   7108  4028      610.2796   164      804.3583      602.8818  1067936   25.05%
   7157  4070      786.2801    66      804.3583      602.8848  1073122   25.05%
   7208  4107      607.1548   140      804.3583      602.8978  1077214   25.05%
Elapsed time = 1150.80 sec. (1013559.37 ticks, tree = 437.65 MB, solutions = 3)
   7245  4141      744.2460    96      804.3583      602.9274  1083036   25.04%
   7288  4177      764.4851    71      804.3583      602.9405  1088237   25.04%
   7330  4206      780.2202    62      804.3583      602.9616  1093731   25.04%
   7397  4264      761.2666   111      804.3583      602.9687  1098573   25.04%
   7441  4305      729.0380    88      804.3583      602.9805  1103376   25.04%
   7502  4353      795.5579    54      804.3583      602.9834  1108257   25.04%
   7546  4391      753.1905    96      804.3583      603.0071  1112121   25.03%
   7600  4434      796.7830    56      804.3583      603.0109  1117361   25.03%
   7618  4448      627.5450   142      804.3583      603.0273  1121678   25.03%
   7683  4509      714.3706    49      804.3583      603.0273  1126740   25.03%
Elapsed time = 1200.11 sec. (1052403.32 ticks, tree = 498.83 MB, solutions = 3)
   7753  4555      610.0547   132      804.3583      603.0951  1130739   25.02%
   7819  4617      757.8618    27      804.3583      603.0951  1136056   25.02%
   7876  4660      606.1960   157      804.3583      603.1363  1140563   25.02%
   7904  4687      774.8734    87      804.3583      603.1363  1146525   25.02%
   7957  4723      711.5036   108      804.3583      603.1538  1152338   25.01%
   7996  4751    infeasible            804.3583      603.1801  1158905   25.01%
   8034  4781      744.7720    59      804.3583      603.1845  1164491   25.01%
   8066  4804      613.8736   122      804.3583      603.2042  1169404   25.01%
   8068  4806      607.9596   117      804.3583      603.2042  1169465   25.01%
   8093  4825      612.7060   174      804.3583      603.2093  1175914   25.01%
Elapsed time = 1247.00 sec. (1096380.11 ticks, tree = 546.36 MB, solutions = 3)
   8126  4856      763.2338    77      804.3583      603.2093  1182491   25.01%
   8155  4875      611.1285   136      804.3583      603.2239  1188331   25.01%
   8196  4906      603.8397   165      804.3583      603.2339  1194213   25.00%
   8234  4934      675.8141    84      804.3583      603.2610  1199848   25.00%
   8284  4970      603.7185   143      804.3583      603.2660  1204929   25.00%
   8335  5015      787.9245    66      804.3583      603.2727  1210872   25.00%
   8369  5039      793.4271   106      804.3583      603.2873  1216413   25.00%
   8385  5048      653.5854   155      804.3583      603.3126  1221712   24.99%
   8428  5087      737.8827   109      804.3583      603.3156  1232430   24.99%
   8459  5110      610.1584   123      804.3583      603.3178  1238797   24.99%
Elapsed time = 1289.41 sec. (1137642.35 ticks, tree = 579.25 MB, solutions = 3)
   8497  5141      611.1031   152      804.3583      603.3219  1244117   24.99%
   8540  5176      729.7478   127      804.3583      603.3312  1251219   24.99%
   8600  5216      609.2865   131      804.3583      603.3325  1256681   24.99%
   8644  5253      608.1375   119      804.3583      603.3326  1261865   24.99%
   8687  5286      652.8199   105      804.3583      603.3344  1267440   24.99%
   8747  5338      688.2581   102      804.3583      603.3449  1272288   24.99%
   8809  5375      804.3483    43      804.3583      603.3578  1278161   24.99%
   8849  5408      687.7130    89      804.3583      603.3665  1283433   24.99%
   8903  5456      661.6793   112      804.3583      603.3684  1288914   24.99%
   8944  5486      642.4314   152      804.3583      603.3700  1294079   24.99%
Elapsed time = 1331.31 sec. (1177588.70 ticks, tree = 606.04 MB, solutions = 3)
   8988  5518      610.3310    98      804.3583      603.3708  1299638   24.99%
   9043  5557      613.2442   142      804.3583      603.3743  1305085   24.99%
   9060  5572      722.3209    85      804.3583      603.3743  1311600   24.99%
   9096  5604      673.5379   104      804.3583      603.3972  1315254   24.98%
   9149  5642      656.9609   112      804.3583      603.4115  1323572   24.98%
   9220  5694      608.5880   159      804.3583      603.4135  1331159   24.98%
   9268  5724      761.6227    80      804.3583      603.4211  1339410   24.98%
   9350  5778      608.5182   112      804.3583      603.4339  1348866   24.98%
   9400  5821      772.9754   101      804.3583      603.4359  1358951   24.98%
   9461  5861      606.0369   120      804.3583      603.4515  1369554   24.98%
Elapsed time = 1372.38 sec. (1216689.82 ticks, tree = 605.82 MB, solutions = 3)
   9530  5912      677.6457   192      804.3583      603.4632  1378187   24.98%
   9573  5945      772.2342    91      804.3583      603.4665  1388936   24.98%
   9642  5987      695.8595   122      804.3583      603.4699  1397875   24.97%
   9702  6042      662.9709   112      804.3583      603.4764  1406332   24.97%
   9763  6089      720.2502    84      804.3583      603.4811  1416339   24.97%
   9856  6164      604.8177   150      804.3583      603.4969  1423961   24.97%
   9906  6203      645.4270   101      804.3583      603.5171  1433358   24.97%
   9960  6250      619.6743   112      804.3583      603.5197  1443499   24.97%
* 10029  6074      integral     0      797.4610      603.5197  1449215   24.32%
  10052  6089      670.1088    76      797.4610      603.5269  1459871   24.32%
Elapsed time = 1414.48 sec. (1254231.96 ticks, tree = 584.92 MB, solutions = 4)
  10068  6096      625.3300   145      797.4610      603.5391  1464240   24.32%
  10116  6138      610.3443   123      797.4610      603.5469  1473904   24.32%
  10177  6194      716.0809   112      797.4610      603.5551  1482142   24.32%
  10241  6236      605.4844   156      797.4610      603.5662  1490367   24.31%
  10312  6301      713.7549    62      797.4610      603.5790  1500808   24.31%
  10380  6352      604.0633   118      797.4610      603.5940  1508820   24.31%
  10422  6389      610.5901   138      797.4610      603.5949  1518452   24.31%
  10455  6416      688.0586    71      797.4610      603.5959  1529184   24.31%
  10506  6453      776.8101    80      797.4610      603.6129  1538016   24.31%
  10570  6499      610.0215   131      797.4610      603.6259  1546348   24.31%
Elapsed time = 1458.44 sec. (1296477.50 ticks, tree = 585.25 MB, solutions = 4)
  10637  6558      659.0569    98      797.4610      603.6376  1554843   24.31%
  10696  6603      704.4940   101      797.4610      603.6429  1564343   24.30%
  10749  6652      712.7984   114      797.4610      603.6636  1572981   24.30%
  10874  6766      605.2385   125      797.4610      603.6877  1580729   24.30%
  10933  6818      691.4299    94      797.4610      603.6880  1591136   24.30%
  10976  6848      758.5981    81      797.4610      603.6950  1601832   24.30%
  11049  6907      635.9359    95      797.4610      603.7125  1609979   24.30%
  11068  6926      762.1630    56      797.4610      603.7125  1614024   24.30%
  11120  6966      609.4457   130      797.4610      603.7223  1624134   24.29%
  11179  7012      613.1640   128      797.4610      603.7334  1633498   24.29%
Elapsed time = 1501.36 sec. (1338428.14 ticks, tree = 585.72 MB, solutions = 4)
  11238  7066      739.6428    94      797.4610      603.7444  1642576   24.29%
  11291  7100      616.4455   146      797.4610      603.7509  1652521   24.29%
  11355  7142      625.9177   117      797.4610      603.7695  1661450   24.29%
  11387  7166      650.1364   110      797.4610      603.7768  1669174   24.29%
  11421  7193      671.0188    95      797.4610      603.7926  1679512   24.29%
  11484  7247      606.0201   122      797.4610      603.8020  1688459   24.28%
  11544  7288      618.9504   126      797.4610      603.8140  1698209   24.28%
  11604  7328      758.1248    94      797.4610      603.8157  1708256   24.28%
  11671  7384      786.7091    73      797.4610      603.8221  1717101   24.28%
  11741  7439    infeasible            797.4610      603.8524  1725374   24.28%
Elapsed time = 1540.72 sec. (1376869.99 ticks, tree = 586.10 MB, solutions = 4)
  11780  7470      725.7154    93      797.4610      603.8637  1735178   24.28%
  11828  7512      631.4885   149      797.4610      603.8701  1746114   24.28%
  11892  7566      607.7855   103      797.4610      603.8872  1756034   24.27%
  11939  7605      679.9324    92      797.4610      603.8921  1766372   24.27%
  11982  7644      634.5623   123      797.4610      603.8963  1777069   24.27%
  12013  7669      605.8921   126      797.4610      603.9028  1787767   24.27%
  12048  7697      716.6544   102      797.4610      603.9099  1798168   24.27%
  12068  7717      765.8655    76      797.4610      603.9099  1799259   24.27%
  12130  7773      789.8198    57      797.4610      603.9172  1807233   24.27%
  12173  7808      671.5768    91      797.4610      603.9437  1817554   24.27%
Elapsed time = 1582.16 sec. (1417340.65 ticks, tree = 586.74 MB, solutions = 4)
  12221  7846      666.3897   107      797.4610      603.9500  1827079   24.27%
  12306  7923      640.5963   117      797.4610      603.9558  1835336   24.27%
  12362  7964      610.1819   138      797.4610      603.9935  1844926   24.26%
  12411  8008      696.2401    97      797.4610      603.9984  1854178   24.26%
  12485  8066      711.1889    82      797.4610      604.0088  1861243   24.26%
  12514  8081      734.0072   114      797.4610      604.0392  1872491   24.25%
  12559  8111      764.8838    81      797.4610      604.0432  1883404   24.25%
  12637  8182      778.0528    38      797.4610      604.0726  1890917   24.25%
  12679  8208      607.7623   105      797.4610      604.0780  1900390   24.25%
  12718  8247      703.3012    78      797.4610      604.0780  1911259   24.25%
Elapsed time = 1622.55 sec. (1455951.80 ticks, tree = 587.04 MB, solutions = 4)
  12796  8309      628.9983   121      797.4610      604.0849  1920228   24.25%
  12846  8338      607.0552   148      797.4610      604.0984  1929482   24.25%
  12905  8386      690.1663    82      797.4610      604.1028  1938645   24.25%
  12952  8417      631.4991    74      797.4610      604.1060  1948336   24.25%
  13001  8452      792.5561    77      797.4610      604.1154  1958376   24.25%
  13060  8497      759.3378    80      797.4610      604.1163  1967038   24.25%
  13068  8504      780.1332    68      797.4610      604.1163  1968780   24.25%
  13136  8546      616.7948    91      797.4610      604.1282  1977096   24.24%
  13184  8579      668.1101    88      797.4610      604.1484  1986734   24.24%
  13237  8620      744.4677    86      797.4610      604.1539  1997192   24.24%
Elapsed time = 1663.44 sec. (1496258.19 ticks, tree = 587.41 MB, solutions = 4)
  13308  8675      652.9059   123      797.4610      604.1602  2005422   24.24%
  13351  8706      780.0196    83      797.4610      604.1747  2015627   24.24%
  13413  8750      608.0594   114      797.4610      604.1904  2024948   24.24%
  13471  8797      637.8986   137      797.4610      604.2008  2034572   24.23%
  13536  8854      708.5574   119      797.4610      604.2087  2044218   24.23%
  13586  8888      649.5236    96      797.4610      604.2090  2054844   24.23%
  13653  8946      758.0095    90      797.4610      604.2274  2064074   24.23%
  13727  9013      784.0606    68      797.4610      604.2432  2071624   24.23%
  13780  9052      686.0302    99      797.4610      604.2583  2080229   24.23%
  13826  9092      792.6548    53      797.4610      604.2583  2091371   24.23%
Elapsed time = 1703.43 sec. (1535033.74 ticks, tree = 588.07 MB, solutions = 4)
  13887  9137      608.9431   145      797.4610      604.2754  2100534   24.23%
  13948  9186      774.9383    87      797.4610      604.2875  2110590   24.22%
  13992  9212      606.5492   142      797.4610      604.3168  2120109   24.22%
  14048  9254        cutoff            797.4610      604.3243  2130540   24.22%
  14095  9295      754.9772    67      797.4610      604.3246  2136238   24.22%
  14177  9363    infeasible            797.4610      604.3323  2145060   24.22%
  14224  9402      619.6736    82      797.4610      604.3355  2154966   24.22%
  14281  9450      687.4903   181      797.4610      604.3635  2165801   24.21%
  14323  9487      645.3674   105      797.4610      604.3637  2174506   24.21%
  14395  9547      783.7843    63      797.4610      604.3717  2184458   24.21%
Elapsed time = 1745.25 sec. (1574255.67 ticks, tree = 588.68 MB, solutions = 4)
  14458  9594      607.1743   140      797.4610      604.3765  2193163   24.21%
  14506  9637      684.1186   113      797.4610      604.3775  2200892   24.21%
  14558  9683      610.7924   124      797.4610      604.3792  2209563   24.21%
  14607  9720      639.3229   105      797.4610      604.3888  2221521   24.21%
  14657  9764      633.5185   109      797.4610      604.3973  2229883   24.21%
  14715  9808      614.1009   132      797.4610      604.4085  2240345   24.21%
  14763  9844      654.9124   107      797.4610      604.4237  2250796   24.21%
  14818  9890      689.3515   136      797.4610      604.4259  2260366   24.21%
  14868  9924      791.8044    73      797.4610      604.4316  2269815   24.21%
  14907  9949      607.2564   136      797.4610      604.4671  2278578   24.20%
Elapsed time = 1787.76 sec. (1614355.35 ticks, tree = 589.28 MB, solutions = 4)
  14969 10002      642.3633   110      797.4610      604.4725  2287935   24.20%
  15038 10061      779.9945    53      797.4610      604.4734  2297422   24.20%
  15068 10080      651.1563   118      797.4610      604.4758  2300937   24.20%
  15127 10131      632.4748   104      797.4610      604.4770  2311042   24.20%
  15178 10170      650.9971   136      797.4610      604.4788  2321074   24.20%
  15233 10217      747.7363   115      797.4610      604.4948  2329998   24.20%
  15305 10260      605.6846   193      797.4610      604.5151  2337119   24.20%
  15355 10299      617.1127   130      797.4610      604.5517  2348158   24.19%
  15410 10343      605.2980   187      797.4610      604.5573  2357698   24.19%
  15460 10387      697.6400    96      797.4610      604.5591  2366776   24.19%
Elapsed time = 1835.11 sec. (1657490.99 ticks, tree = 589.84 MB, solutions = 4)
  15515 10436      742.7284    82      797.4610      604.5620  2376375   24.19%
  15566 10470      610.7701   153      797.4610      604.5716  2385980   24.19%
  15648 10529      613.6686   146      797.4610      604.5867  2394671   24.19%
  15715 10590      622.2396    95      797.4610      604.5936  2402218   24.19%
  15773 10646      753.6520    38      797.4610      604.5936  2409732   24.19%
  15808 10676      623.3847    94      797.4610      604.5985  2419729   24.18%
  15875 10739      785.9117    35      797.4610      604.6003  2428958   24.18%
  15931 10774      622.1306    82      797.4610      604.6193  2439299   24.18%
  15976 10813      666.5022   106      797.4610      604.6200  2449578   24.18%
  16032 10853      613.1450   121      797.4610      604.6250  2459196   24.18%
Elapsed time = 1889.74 sec. (1696695.87 ticks, tree = 590.63 MB, solutions = 4)
  16080 10896      694.0669   116      797.4610      604.6288  2464491   24.18%
  16142 10938      624.4617   128      797.4610      604.6340  2474303   24.18%
  16190 10981      763.7855    58      797.4610      604.6340  2484090   24.18%
  16228 11009      761.3566    76      797.4610      604.6393  2494206   24.18%
  16294 11068      606.8298   114      797.4610      604.6518  2504418   24.18%
  16351 11119      761.1587    59      797.4610      604.6542  2513656   24.18%
  16396 11153      644.8701   128      797.4610      604.6618  2523363   24.18%
  16475 11222      794.7592    59      797.4610      604.6633  2532124   24.18%
  16523 11252      754.2852    95      797.4610      604.6909  2542221   24.17%
  16585 11311      765.2797    81      797.4610      604.6952  2551521   24.17%
Elapsed time = 1934.97 sec. (1735466.96 ticks, tree = 591.25 MB, solutions = 4)
  16662 11369    infeasible            797.4610      604.7027  2559928   24.17%
  16718 11406      681.0651    72      797.4610      604.7152  2569926   24.17%
  16779 11455      711.5090    91      797.4610      604.7162  2578984   24.17%
  16848 11514      778.5572    72      797.4610      604.7241  2589070   24.17%
  16910 11562      757.8192    84      797.4610      604.7304  2598987   24.17%
  16983 11627      781.6172    84      797.4610      604.7377  2607822   24.17%
  17039 11673      605.1990   151      797.4610      604.7396  2616969   24.17%
  17112 11727      631.2570   145      797.4610      604.7463  2625044   24.17%
  17148 11753      706.8489    86      797.4610      604.7561  2635318   24.16%
  17212 11801      638.2951   101      797.4610      604.7661  2644556   24.16%
Elapsed time = 1981.49 sec. (1774469.66 ticks, tree = 591.52 MB, solutions = 4)
  17248 11831      722.2766    93      797.4610      604.7671  2655443   24.16%
  17302 11875      643.6832    93      797.4610      604.7873  2667021   24.16%
  17360 11919      616.1844   117      797.4610      604.7932  2678184   24.16%
  17410 11961      749.2348    96      797.4610      604.8049  2688178   24.16%
  17498 12032      605.2390   158      797.4610      604.8246  2696272   24.16%
  17566 12100      789.6237    22      797.4610      604.8246  2704835   24.16%
  17612 12130      608.5491   122      797.4610      604.8381  2714027   24.15%
  17675 12185      777.4740    76      797.4610      604.8389  2724058   24.15%
  17740 12239      671.9655    93      797.4610      604.8420  2732385   24.15%
  17813 12291      610.4779   177      797.4610      604.8648  2740430   24.15%
Elapsed time = 2030.96 sec. (1813105.89 ticks, tree = 591.80 MB, solutions = 4)
  17872 12345      650.4319   114      797.4610      604.8660  2749484   24.15%
  17926 12384      770.2829    75      797.4610      604.8670  2759845   24.15%
  17982 12433      736.7066    80      797.4610      604.8785  2769502   24.15%
  18049 12482      771.2083    79      797.4610      604.8816  2779005   24.15%
  18102 12520      711.3357   127      797.4610      604.8869  2788758   24.15%
  18143 12545      631.8231   110      797.4610      604.8961  2798815   24.15%
  18219 12611      753.3352    69      797.4610      604.8966  2807427   24.15%
  18262 12638      605.3087   120      797.4610      604.9058  2817300   24.15%
  18306 12668      748.5161    97      797.4610      604.9124  2828400   24.15%
  18353 12701      619.6790   154      797.4610      604.9139  2838489   24.15%
Elapsed time = 2082.26 sec. (1851624.63 ticks, tree = 592.27 MB, solutions = 4)
  18411 12753      621.9125   108      797.4610      604.9155  2849093   24.14%
  18452 12786      726.7529    79      797.4610      604.9215  2858691   24.14%
  18501 12827      633.4778   112      797.4610      604.9223  2867558   24.14%
  18537 12851      609.6592   165      797.4610      604.9235  2877073   24.14%
  18609 12915      732.0870   107      797.4610      604.9244  2886299   24.14%
  18658 12954      633.5285   127      797.4610      604.9337  2896974   24.14%
  18682 12972      609.6287   151      797.4610      604.9339  2906430   24.14%
  18793 13073      609.8162   142      797.4610      604.9374  2913300   24.14%
  18838 13113      783.4284    75      797.4610      604.9414  2922716   24.14%
  18887 13146      669.6698   106      797.4610      604.9468  2930650   24.14%
Elapsed time = 2134.54 sec. (1890233.73 ticks, tree = 593.15 MB, solutions = 4)
  18952 13198      794.3587    37      797.4610      604.9468  2939682   24.14%
  18977 13215      701.7378   133      797.4610      604.9565  2948253   24.14%
  19033 13260      771.6684    89      797.4610      604.9591  2957886   24.14%
  19068 13284      618.7851   119      797.4610      604.9675  2965894   24.14%
  19112 13316      755.0591    92      797.4610      604.9730  2975456   24.14%
  19154 13345      609.5506   131      797.4610      604.9749  2984518   24.14%
  19204 13375      605.3163   149      797.4610      604.9947  2995449   24.13%
  19284 13434      617.8353   103      797.4610      604.9969  3004424   24.13%
  19327 13468      731.7086   111      797.4610      605.0035  3013709   24.13%
  19408 13531      622.9832   135      797.4610      605.0065  3022953   24.13%
Elapsed time = 2205.98 sec. (1939263.21 ticks, tree = 593.70 MB, solutions = 4)
  19457 13570      652.6892    97      797.4610      605.0088  3032007   24.13%
  19515 13613      608.0111   120      797.4610      605.0160  3042837   24.13%
  19558 13646      768.2751   124      797.4610      605.0173  3053118   24.13%
  19611 13673      620.4191   129      797.4610      605.0273  3063464   24.13%
  19651 13707      663.5497   134      797.4610      605.0359  3072586   24.13%
  19705 13748      748.8538    88      797.4610      605.0424  3083257   24.13%
  19745 13775      606.9789   185      797.4610      605.0551  3092394   24.13%
  19798 13824      612.0568   131      797.4610      605.0572  3102752   24.13%
  19865 13884      759.3609   105      797.4610      605.0614  3111782   24.13%
  19908 13916      795.9597    98      797.4610      605.0790  3122044   24.12%
Elapsed time = 2260.07 sec. (1978190.75 ticks, tree = 594.69 MB, solutions = 4)
  19963 13950      686.9628   144      797.4610      605.0943  3131077   24.12%
  20037 13989      614.1342   120      797.4610      605.0989  3140056   24.12%
  20068 14020      760.5927    86      797.4610      605.0989  3146906   24.12%
  20133 14074      605.5284   171      797.4610      605.1006  3156928   24.12%
  20178 14106      645.3084   131      797.4610      605.1074  3167480   24.12%
  20250 14162      639.8021    84      797.4610      605.1105  3176559   24.12%
  20304 14196      753.5081    92      797.4610      605.1151  3187407   24.12%
  20373 14233      794.5387    78      797.4610      605.1169  3196940   24.12%
  20437 14275      650.2182   100      797.4610      605.1226  3206965   24.12%
  20474 14306      793.9069    95      797.4610      605.1277  3216581   24.12%
Elapsed time = 2313.27 sec. (2020692.36 ticks, tree = 594.95 MB, solutions = 4)
  20530 14334      665.3569   121      797.4610      605.1467  3228802   24.12%
  20589 14380      780.5815    74      797.4610      605.1470  3238524   24.12%
  20634 14404      645.4290   103      797.4610      605.1846  3248479   24.11%
  20679 14436      783.7385   108      797.4610      605.1999  3258199   24.11%
  20737 14470      612.7541   135      797.4610      605.2113  3267007   24.11%
  20806 14532      784.2313    53      797.4610      605.2174  3277185   24.11%
  20875 14581      609.9999    92      797.4610      605.2233  3287519   24.11%
  20916 14613      757.5400    88      797.4610      605.2233  3297988   24.11%
  20976 14653      732.0882   105      797.4610      605.2413  3307836   24.10%
  21040 14699      751.0574    84      797.4610      605.2427  3317264   24.10%
Elapsed time = 2375.02 sec. (2060156.63 ticks, tree = 595.38 MB, solutions = 4)
  21105 14738      796.5907    62      797.4610      605.2441  3325640   24.10%
  21153 14770      680.2608    97      797.4610      605.2535  3336725   24.10%
  21195 14797      657.6998   125      797.4610      605.2556  3347311   24.10%
  21243 14831      613.3601   168      797.4610      605.2722  3357360   24.10%
  21291 14868      745.1535    86      797.4610      605.2724  3367736   24.10%
  21350 14896      609.6651   101      797.4610      605.2805  3377561   24.10%
  21396 14938      754.3200    72      797.4610      605.2832  3388268   24.10%
  21467 14990      634.7233   102      797.4610      605.2856  3396500   24.10%
  21528 15033      689.3176    97      797.4610      605.2970  3406076   24.10%
  21596 15093      691.3124   112      797.4610      605.3010  3415891   24.10%
Elapsed time = 2428.74 sec. (2099056.73 ticks, tree = 596.40 MB, solutions = 4)
  21656 15134      611.2234   122      797.4610      605.3125  3426340   24.10%
  21708 15178      765.8255    77      797.4610      605.3176  3436075   24.09%
  21772 15231      793.6990    55      797.4610      605.3189  3445579   24.09%
  21834 15276      787.7906    67      797.4610      605.3246  3455639   24.09%
  21899 15318      617.8633    96      797.4610      605.3416  3465590   24.09%
  21973 15375      787.4151    93      797.4610      605.3495  3474527   24.09%
  22008 15401      705.0987    95      797.4610      605.3553  3484943   24.09%
  22068 15450      605.3626   117      797.4610      605.3618  3494046   24.09%
  22116 15486      777.6343    65      797.4610      605.3658  3505998   24.09%
  22147 15507      687.7097   109      797.4610      605.3714  3516907   24.09%
Elapsed time = 2486.04 sec. (2144173.90 ticks, tree = 596.74 MB, solutions = 4)
  22199 15555      737.7817    62      797.4610      605.3714  3527830   24.09%
  22291 15631      791.6360    61      797.4610      605.3738  3536827   24.09%
  22322 15654      678.0847    96      797.4610      605.3771  3547964   24.09%
  22395 15715      782.5815    59      797.4610      605.3779  3557143   24.09%
  22463 15763        cutoff            797.4610      605.3834  3565738   24.09%
  22528 15816      762.0953    70      797.4610      605.3875  3575393   24.09%
  22579 15845      755.3668    95      797.4610      605.3976  3585372   24.08%
  22642 15896      649.1500   124      797.4610      605.4027  3594306   24.08%
  22696 15940      631.0923    99      797.4610      605.4167  3604612   24.08%
  22754 15979      642.4095   124      797.4610      605.4216  3614419   24.08%
Elapsed time = 2540.35 sec. (2183113.94 ticks, tree = 597.69 MB, solutions = 4)
  22811 16014      696.0831   147      797.4610      605.4223  3625020   24.08%
  22847 16044      680.7895    84      797.4610      605.4234  3634351   24.08%
  22899 16077      641.7638   146      797.4610      605.4270  3643783   24.08%
  22955 16125      788.3851    74      797.4610      605.4353  3652999   24.08%
  23022 16180      768.5593    83      797.4610      605.4415  3662189   24.08%
  23068 16213      777.2688    68      797.4610      605.4454  3669693   24.08%
  23124 16259      797.3410    73      797.4610      605.4513  3679437   24.08%
  23171 16288      606.7228   158      797.4610      605.4522  3689178   24.08%
  23243 16347      632.3577   103      797.4610      605.4522  3698328   24.08%
  23315 16406      733.4767    69      797.4610      605.4528  3707997   24.08%
Elapsed time = 2593.01 sec. (2224516.50 ticks, tree = 599.49 MB, solutions = 4)
  23385 16466      785.2031    87      797.4610      605.4546  3718006   24.08%
  23422 16488      623.8235   105      797.4610      605.4694  3728710   24.08%
  23474 16534      611.4935   108      797.4610      605.4714  3737873   24.08%
  23527 16575      738.7326    85      797.4610      605.4745  3746969   24.07%
  23582 16603      645.4286   129      797.4610      605.4857  3759065   24.07%
  23653 16668      760.8198    74      797.4610      605.4869  3768471   24.07%
  23738 16733      658.4256   121      797.4610      605.4914  3777650   24.07%
  23794 16772      788.1879    73      797.4610      605.4981  3788216   24.07%
  23846 16808      655.1231   130      797.4610      605.5168  3797338   24.07%
  23906 16853      752.4148    77      797.4610      605.5196  3807673   24.07%
Elapsed time = 2632.57 sec. (2263981.47 ticks, tree = 600.37 MB, solutions = 4)
  23963 16901      754.4858    71      797.4610      605.5257  3817677   24.07%
  24013 16936      655.2876   124      797.4610      605.5352  3828327   24.07%
  24068 16976      674.7705   123      797.4610      605.5358  3836547   24.07%
  24125 17019      649.0724   110      797.4610      605.5380  3846346   24.07%
  24184 17063      797.4508    83      797.4610      605.5381  3854903   24.07%
  24234 17100      745.3616    87      797.4610      605.5430  3864595   24.07%
  24270 17132      751.3999    92      797.4610      605.5433  3874298   24.07%
  24336 17178      611.9791   173      797.4610      605.5451  3883155   24.07%
  24411 17248      624.2572   118      797.4610      605.5479  3891236   24.07%
  24469 17296      677.8025   100      797.4610      605.5479  3900499   24.07%
Elapsed time = 2685.64 sec. (2312073.48 ticks, tree = 601.09 MB, solutions = 4)
  24502 17322      675.1448   125      797.4610      605.5531  3911142   24.06%
  24570 17371      757.8163    91      797.4610      605.5575  3920996   24.06%
  24645 17424      632.1408   108      797.4610      605.5598  3931846   24.06%
  24697 17453      736.4585    96      797.4610      605.5746  3943019   24.06%
  24765 17509      653.4984   117      797.4610      605.5762  3952425   24.06%
  24804 17531      657.5763   120      797.4610      605.5852  3963085   24.06%
  24844 17561      645.8251   111      797.4610      605.5895  3974008   24.06%
  24893 17602      731.2267    91      797.4610      605.5918  3984117   24.06%
  24948 17643      694.7200   104      797.4610      605.5951  3993123   24.06%
  24997 17680      606.3526   139      797.4610      605.6007  4004600   24.06%
Elapsed time = 2730.17 sec. (2351910.03 ticks, tree = 601.21 MB, solutions = 4)
  25044 17722      668.0665    89      797.4610      605.6071  4014978   24.06%
  25090 17748      705.3107    80      797.4610      605.6094  4025851   24.06%
  25154 17801      746.5836    71      797.4610      605.6095  4035639   24.06%
  25209 17839      771.2936    77      797.4610      605.6215  4043669   24.06%
  25290 17889      613.2679   125      797.4610      605.6267  4052745   24.06%
  25364 17954      793.8223    73      797.4610      605.6269  4061985   24.06%
  25408 17982      710.9075   104      797.4610      605.6271  4071997   24.06%
  25481 18035      614.0267   166      797.4610      605.6299  4081354   24.06%
  25536 18084      624.3596   146      797.4610      605.6302  4089957   24.06%
  25597 18133      736.3295   123      797.4610      605.6364  4099243   24.05%
Elapsed time = 2773.17 sec. (2390309.81 ticks, tree = 601.37 MB, solutions = 4)
  25643 18169      646.2794   142      797.4610      605.6383  4109951   24.05%
  25696 18212      692.7758    86      797.4610      605.6445  4118524   24.05%
  25751 18245      692.0591    90      797.4610      605.6489  4129459   24.05%
  25815 18303      759.7249    74      797.4610      605.6504  4139403   24.05%
  25854 18329      752.1246    87      797.4610      605.6536  4150416   24.05%
  25921 18388      755.3186    76      797.4610      605.6561  4159312   24.05%
  25998 18450      796.5249    53      797.4610      605.6624  4168861   24.05%
  26055 18489      719.2938   109      797.4610      605.6666  4179052   24.05%
  26068 18500      754.5194    78      797.4610      605.6666  4181498   24.05%
  26113 18538      661.8512   123      797.4610      605.6687  4191819   24.05%
Elapsed time = 2817.53 sec. (2430949.34 ticks, tree = 602.43 MB, solutions = 4)
  26163 18580      793.8218    68      797.4610      605.6705  4202181   24.05%
  26216 18607      610.2768   128      797.4610      605.6829  4212576   24.05%
  26254 18636      679.6493   154      797.4610      605.6832  4222678   24.05%
  26299 18663      623.3686   169      797.4610      605.6970  4232010   24.05%
  26366 18700      627.0002    97      797.4610      605.6984  4242519   24.05%
  26428 18747      795.1926    58      797.4610      605.7008  4252240   24.05%
  26464 18770      633.4188    94      797.4610      605.7074  4262549   24.05%
  26501 18798      660.8505   109      797.4610      605.7086  4273845   24.05%
  26557 18840      612.7347   103      797.4610      605.7189  4283288   24.04%
  26595 18862      610.1970   158      797.4610      605.7190  4294603   24.04%
Elapsed time = 2861.26 sec. (2469857.75 ticks, tree = 603.09 MB, solutions = 4)
  26669 18923      719.2693   104      797.4610      605.7194  4303500   24.04%
  26749 18983      620.9834   137      797.4610      605.7233  4312937   24.04%
  26789 19010      606.4915   113      797.4610      605.7271  4323696   24.04%
  26860 19072      652.0657   103      797.4610      605.7344  4332629   24.04%
  26929 19131      681.3476   127      797.4610      605.7388  4340428   24.04%
  26984 19176      691.9701   109      797.4610      605.7467  4351109   24.04%
  27058 19239      789.0682    60      797.4610      605.7484  4360314   24.04%
  27068 19245      606.7160   129      797.4610      605.7496  4360814   24.04%
  27116 19279      732.4603   120      797.4610      605.7497  4370966   24.04%
  27159 19309      618.4209   165      797.4610      605.7522  4378926   24.04%
Elapsed time = 2904.82 sec. (2509851.40 ticks, tree = 603.98 MB, solutions = 4)
  27211 19348      738.3246    90      797.4610      605.7550  4390027   24.04%
  27269 19392      758.1259    76      797.4610      605.7578  4399599   24.04%
  27332 19434      788.5055    54      797.4610      605.7590  4410038   24.04%
  27402 19482      625.5236   106      797.4610      605.7635  4421113   24.04%
  27475 19551      774.2443    63      797.4610      605.7678  4430648   24.04%
  27546 19601      608.8045   111      797.4610      605.7695  4438928   24.04%
  27589 19625      706.3370    96      797.4610      605.7753  4449715   24.04%
  27653 19677      618.8178   115      797.4610      605.7773  4458549   24.04%
  27682 19696      625.3973   121      797.4610      605.7775  4466206   24.04%
  27745 19742      760.5386    73      797.4610      605.7953  4476555   24.03%
Elapsed time = 2947.83 sec. (2548798.76 ticks, tree = 604.82 MB, solutions = 4)
  27818 19781        cutoff            797.4610      605.8027  4486850   24.03%
  27879 19834      630.3918    96      797.4610      605.8050  4495723   24.03%
  27942 19888      758.0616    94      797.4610      605.8063  4504369   24.03%
  28033 19961      611.6263   122      797.4610      605.8119  4513227   24.03%
  28068 19992      757.8710    80      797.4610      605.8119  4522380   24.03%
  28124 20029      622.8453   129      797.4610      605.8253  4530652   24.03%
  28170 20059      642.7399   123      797.4610      605.8267  4541039   24.03%
  28249 20116      665.4530   101      797.4610      605.8311  4550335   24.03%
  28295 20151      663.8370   148      797.4610      605.8370  4560369   24.03%
  28336 20179      608.2169   172      797.4610      605.8424  4569519   24.03%
Elapsed time = 2995.17 sec. (2591922.48 ticks, tree = 605.97 MB, solutions = 4)
  28382 20213      776.0912    77      797.4610      605.8445  4579805   24.03%
  28443 20247      635.7947   150      797.4610      605.8463  4588721   24.03%
  28508 20307      776.7518    76      797.4610      605.8470  4598423   24.03%
  28533 20324      719.5653   107      797.4610      605.8559  4609181   24.03%
  28600 20366      644.1016   128      797.4610      605.8594  4618012   24.03%
  28643 20397      632.8705   123      797.4610      605.8625  4628608   24.03%
  28694 20431      783.9740    78      797.4610      605.8697  4639744   24.03%
  28725 20454      656.2080   124      797.4610      605.8760  4650243   24.02%
  28769 20482      782.5828    56      797.4610      605.8760  4661614   24.02%
  28828 20524      627.3874   116      797.4610      605.8788  4671514   24.02%
Elapsed time = 3037.13 sec. (2630395.98 ticks, tree = 606.41 MB, solutions = 4)
  28871 20547      606.1827   164      797.4610      605.8857  4681453   24.02%
  28931 20591      741.3462   111      797.4610      605.8942  4691349   24.02%
  28970 20612      773.3774    82      797.4610      605.9052  4700103   24.02%
  29037 20670      757.9201    94      797.4610      605.9061  4709287   24.02%
  29068 20695      657.8720   102      797.4610      605.9069  4712752   24.02%
  29112 20726      783.7602    61      797.4610      605.9134  4722664   24.02%
  29177 20773      758.4976    93      797.4610      605.9191  4732004   24.02%
  29230 20806      620.6287   153      797.4610      605.9267  4743146   24.02%
  29271 20838      653.9189    88      797.4610      605.9282  4751870   24.02%
  29317 20875      718.8018    99      797.4610      605.9331  4761753   24.02%
Elapsed time = 3086.56 sec. (2676201.57 ticks, tree = 607.30 MB, solutions = 4)
  29368 20914      641.8284   150      797.4610      605.9336  4772140   24.02%
  29427 20965      739.1551    98      797.4610      605.9336  4782713   24.02%
  29488 21015      796.7377    31      797.4610      605.9361  4792422   24.02%
  29546 21055      651.8304   100      797.4610      605.9470  4802455   24.02%
  29614 21107      607.0402   114      797.4610      605.9501  4811960   24.02%
  29658 21134      788.2557    73      797.4610      605.9503  4823056   24.02%
  29708 21167      791.6743   108      797.4610      605.9582  4832663   24.01%
  29758 21200      644.6140   154      797.4610      605.9617  4843300   24.01%
  29802 21230      666.9089   104      797.4610      605.9703  4854113   24.01%
  29869 21289      739.6764   100      797.4610      605.9742  4863066   24.01%
Elapsed time = 3129.50 sec. (2715335.19 ticks, tree = 608.09 MB, solutions = 4)
  29947 21345      784.0209    56      797.4610      605.9763  4872926   24.01%
  30034 21406      634.2315   131      797.4610      605.9823  4881973   24.01%
  30095 21450      608.5399   113      797.4610      605.9854  4892519   24.01%
  30152 21500      790.2662    33      797.4610      605.9854  4903617   24.01%
  30218 21544        cutoff            797.4610      605.9896  4913244   24.01%
  30282 21597      621.3773   164      797.4610      605.9932  4921687   24.01%
  30335 21645      709.0629   107      797.4610      605.9939  4932424   24.01%
  30372 21672      607.7653   133      797.4610      605.9990  4943955   24.01%
  30435 21729      690.1326   104      797.4610      606.0016  4954382   24.01%
  30476 21762      772.7485   119      797.4610      606.0063  4964747   24.01%
Elapsed time = 3171.61 sec. (2754154.15 ticks, tree = 609.20 MB, solutions = 4)
  30534 21800      629.6552   153      797.4610      606.0160  4973904   24.01%
  30590 21848      711.2267    89      797.4610      606.0167  4984217   24.01%
  30647 21880      712.6801   103      797.4610      606.0193  4994363   24.01%
  30719 21934      657.9289    93      797.4610      606.0222  5002073   24.01%
  30773 21982      640.7918    99      797.4610      606.0227  5011332   24.01%
  30850 22029      627.3674   125      797.4610      606.0257  5021499   24.01%
  30903 22067      771.8832    79      797.4610      606.0322  5031856   24.00%
  30958 22113      659.6217    95      797.4610      606.0349  5041844   24.00%
  31023 22167      653.0676    97      797.4610      606.0432  5052139   24.00%
  31068 22203      764.7161    80      797.4610      606.0440  5061311   24.00%
Elapsed time = 3219.81 sec. (2797644.47 ticks, tree = 610.36 MB, solutions = 4)
  31124 22249      612.5706   107      797.4610      606.0482  5071471   24.00%
  31189 22298      607.0704   157      797.4610      606.0548  5081304   24.00%
  31242 22343      611.5337   119      797.4610      606.0588  5091639   24.00%
  31312 22395      606.7619   121      797.4610      606.0659  5100471   24.00%
  31368 22436      768.5925    77      797.4610      606.0702  5111214   24.00%
  31424 22482      792.4958    35      797.4610      606.0707  5121952   24.00%
  31456 22503      775.6355   105      797.4610      606.0708  5132406   24.00%
  31468 22514      785.2786    81      797.4610      606.0708  5133357   24.00%
  31535 22563      615.9335    91      797.4610      606.0721  5143649   24.00%
  31587 22596      627.2705   123      797.4610      606.0790  5153839   24.00%
Elapsed time = 3271.76 sec. (2846089.93 ticks, tree = 611.09 MB, solutions = 4)
  31654 22646      711.7437   103      797.4610      606.0810  5163315   24.00%
  31687 22675      720.0481    98      797.4610      606.0824  5172174   24.00%
  31768 22741      790.0194    81      797.4610      606.0954  5179558   24.00%
  31831 22787      624.9588   123      797.4610      606.1055  5188041   24.00%
* 31868+22317                          795.0675      606.1077            23.77%
  31875 22326      763.3396    66      795.0675      606.1077  5193754   23.77%
  31926 22369      673.4113    92      795.0675      606.1086  5202149   23.77%
  31968 22401      658.5022   120      795.0675      606.1109  5206619   23.77%
  32026 22452      755.0114    98      795.0675      606.1135  5214635   23.77%
  32068 22481      767.3245    78      795.0675      606.1140  5222386   23.77%
  32122 22515      671.1876   113      795.0675      606.1178  5229698   23.77%
Elapsed time = 3337.48 sec. (2896959.22 ticks, tree = 604.54 MB, solutions = 5)
  32168 22555      626.3381   132      795.0675      606.1217  5236475   23.76%
  32244 22617      618.4908   108      795.0675      606.1232  5245240   23.76%
* 32268+22442                          794.3075      606.1239            23.69%
  32268 22444      731.9315   100      794.3075      606.1239  5250535   23.69%
  32338 22499      622.7010    95      794.3075      606.1315  5260176   23.69%
* 32368+21610                          789.9405      606.1338            23.27%
  32368 21612      607.8606   148      789.9405      606.1339  5266241   23.27%
  32430 21651      735.8274    78      789.9405      606.1384  5275683   23.27%
* 32468+21516                          789.0491      606.1399            23.18%
  32468 21518      709.5417   110      789.0491      606.1399  5283279   23.18%
  32539 21564      606.5169   121      789.0491      606.1432  5291773   23.18%
  32568 21590      707.9245    76      789.0491      606.1432  5296009   23.18%
  32594 21612      706.4141   103      789.0491      606.1438  5305634   23.18%
Elapsed time = 3416.92 sec. (2974061.78 ticks, tree = 578.67 MB, solutions = 8)
  32641 21648      647.4240   131      789.0491      606.1452  5316748   23.18%
  32668 21667      700.2997   112      789.0491      606.1481  5324764   23.18%
  32732 21715      698.0372   105      789.0491      606.1580  5333806   23.18%
  32768 21736      787.9975    73      789.0491      606.1580  5337617   23.18%
  32824 21773      663.3378   128      789.0491      606.1675  5348665   23.18%
  32868 21812      785.5271    35      789.0491      606.1675  5353202   23.18%
  32914 21839      628.6818   115      789.0491      606.1713  5362860   23.18%
  32968 21888      776.0863    65      789.0491      606.1735  5371679   23.18%
  33026 21937      747.6610    86      789.0491      606.1737  5381010   23.18%
* 33068+18850                          771.5966      606.1737            21.44%
  33069 18850      631.0921   130      771.5966      606.1739  5384987   21.44%
Elapsed time = 3476.30 sec. (3037985.59 ticks, tree = 525.27 MB, solutions = 9)
  33112 18874      637.1530   137      771.5966      606.1858  5396972   21.44%
  33168 18924      655.9851    99      771.5966      606.1883  5408359   21.44%
  33237 18964        cutoff            771.5966      606.1959  5417009   21.44%
  33268 18984      758.2234    64      771.5966      606.1959  5421560   21.44%
  33349 19041      739.2517    81      771.5966      606.1983  5430753   21.44%
  33368 19053      622.3443   137      771.5966      606.2006  5432656   21.44%
  33418 19090      611.6140   184      771.5966      606.2058  5442338   21.43%
  33451 19116      611.4760    91      771.5966      606.2098  5452885   21.43%
  33468 19128      684.8822   130      771.5966      606.2116  5456619   21.43%
  33531 19181      718.2307   104      771.5966      606.2129  5466533   21.43%
Elapsed time = 3521.88 sec. (3088705.40 ticks, tree = 525.95 MB, solutions = 9)
  33568 19212      618.1236   127      771.5966      606.2132  5469890   21.43%
  33602 19235      625.8977   124      771.5966      606.2206  5481538   21.43%
  33668 19294      612.5518   160      771.5966      606.2269  5489505   21.43%
  33723 19342      670.4093   109      771.5966      606.2297  5500200   21.43%
  33771 19379      610.5228   138      771.5966      606.2358  5504756   21.43%
  33818 19414      743.3427   109      771.5966      606.2359  5515908   21.43%
  33868 19448      763.4189    58      771.5966      606.2360  5520821   21.43%
  33923 19489      611.8521   121      771.5966      606.2454  5530279   21.43%
  33968 19530      751.1396    52      771.5966      606.2454  5540066   21.43%
  34035 19571      606.8466   119      771.5966      606.2494  5549683   21.43%
Elapsed time = 3579.14 sec. (3149126.75 ticks, tree = 526.96 MB, solutions = 9)
* 34068+19394                          770.2163      606.2494            21.29%
  34068 19396      761.4974    77      770.2163      606.2494  5554327   21.29%
  34121 19439      634.6184    99      770.2163      606.2506  5564081   21.29%
  34159 19460      629.0327   121      770.2163      606.2561  5574059   21.29%
Advanced basis not built.

GUB cover cuts applied:  79
Clique cuts applied:  14
Cover cuts applied:  80
Implied bound cuts applied:  62
Flow cuts applied:  76
Mixed integer rounding cuts applied:  630
Zero-half cuts applied:  10
Gomory fractional cuts applied:  2

Root node processing (before b&c):
  Real time             =   11.06 sec. (8258.06 ticks)
Sequential b&c:
  Real time             = 3588.95 sec. (3161672.21 ticks)
                          ------------
Total (root+branch&cut) = 3600.01 sec. (3169930.27 ticks)
