Version identifier: 22.1.0.0 | 2022-03-09 | 1a383f8ce
CPXPARAM_Read_DataCheck                          1
CPXPARAM_Threads                                 1
CPXPARAM_TimeLimit                               3600
Tried aggregator 2 times.
MIP Presolve eliminated 10253 rows and 373 columns.
MIP Presolve modified 101201 coefficients.
Aggregator did 326 substitutions.
Reduced MIP has 20412 rows, 1521 columns, and 167524 nonzeros.
Reduced MIP has 1140 binaries, 0 generals, 0 SOSs, and 0 indicators.
Presolve time = 0.34 sec. (291.98 ticks)
Probing fixed 0 vars, tightened 1 bounds.
Probing time = 0.02 sec. (17.15 ticks)
Tried aggregator 1 time.
Detecting symmetries...
MIP Presolve eliminated 2 rows and 0 columns.
MIP Presolve modified 66 coefficients.
Reduced MIP has 20410 rows, 1521 columns, and 167517 nonzeros.
Reduced MIP has 1140 binaries, 0 generals, 0 SOSs, and 0 indicators.
Presolve time = 0.13 sec. (91.26 ticks)
Probing time = 0.01 sec. (8.39 ticks)
Clique table members: 1405.
MIP emphasis: balance optimality and feasibility.
MIP search method: dynamic search.
Parallel mode: none, using 1 thread.
Root relaxation solution time = 0.06 sec. (78.53 ticks)

        Nodes                                         Cuts/
   Node  Left     Objective  IInf  Best Integer    Best Bound    ItCnt     Gap

      0     0      458.4856   248                    458.4856      558         
      0     0      458.4856   125                   Cuts: 699     1040         
      0     0      458.4856   112                  Cuts: 1099     2026         
      0     0      458.5431   208                   Cuts: 874     3698         
      0     0      458.7891   222                  Cuts: 2651     5585         
      0     0      459.3237   248                  Cuts: 2340     6447         
Detecting symmetries...
      0     0      459.6224   270                  Cuts: 3069     7275         
      0     0      459.9436   310                  Cuts: 3033     7897         
      0     0      460.3250   332                  Cuts: 2950     8272         
      0     0      460.8348   363                  Cuts: 1874     8596         
      0     0      461.0165   372                  Cuts: 2558     8868         
      0     0      461.1152   383                  Cuts: 2931     9110         
      0     0      461.1887   385                  Cuts: 1712     9382         
      0     0      461.2157   393                  Cuts: 2977     9585         
      0     0      461.2774   342                   Cuts: 756     9822         
      0     0      461.2972   351                  Cuts: 3046     9987         
Detecting symmetries...
      0     2      461.2972   282                    461.2986     9987         
Elapsed time = 36.03 sec. (28380.71 ticks, tree = 0.01 MB, solutions = 0)
      4     6      461.4017   255                    461.4033    10570         
      8    10      461.9154   236                    461.4742    11053         
     10    12      482.9043   124                    461.4742    12266         
     12    14      472.3926   151                    461.4742    13270         
     18    20      465.9787   140                    461.4742    14498         
     20    22      467.9176    95                    461.4742    15066         
     21    23      468.5561   114                    461.4742    16350         
     22    24      469.0680   131                    461.4742    17416         
     23    25      476.6207   172                    461.4742    18768         
     38    38      505.8281    85                    461.4742    22192         
Elapsed time = 41.81 sec. (34932.77 ticks, tree = 0.44 MB, solutions = 0)
     42    42      479.8682    84                    461.4742    24016         
     60    51      461.6986   251                    461.4813    25638         
     66    57      463.8817   200                    461.4813    28068         
     76    67      471.1118   176                    461.4813    29803         
     81    72      511.1674   184                    461.4813    33498         
     90    77      480.5599   172                    461.4813    36125         
    112    95      518.5922   116                    461.4813    39334         
    120   103      485.3055   133                    461.4813    41287         
    140   121      490.5013   106                    461.4813    44013         
    167   142      490.5083    99                    461.4813    47572         
Elapsed time = 52.16 sec. (47632.21 ticks, tree = 0.77 MB, solutions = 0)
    187   162      561.3364    89                    461.4813    51309         
    210   181      538.2248    51                    461.4813    53417         
    242   211      542.1388    45                    461.4813    54895         
    288   247    infeasible                          461.4813    57771         
    301   256      463.3075   185                    461.6676    60285         
    317   272      468.5405   122                    461.6676    63268         
    332   287      489.1605   104                    461.6676    65954         
    337   290      470.1812   103                    461.6676    68801         
    352   305      481.1913   109                    461.6676    73580         
    360   313      470.2756    93                    461.6676    75605         
Elapsed time = 60.88 sec. (58109.02 ticks, tree = 1.32 MB, solutions = 0)
    374   327      470.9377    97                    461.6676    79236         
    393   346      471.2294   109                    461.6676    82052         
    403   354      461.8005   263                    461.8284    84946         
    420   371      483.1297   138                    461.8696    88418         
    432   381      507.8348   117                    461.8696    94038         
    459   406      478.4626   122                    461.8696    95861         
    473   416      470.9070    96                    461.8696    98188         
    483   426      476.2054    91                    461.8696   100484         
    502   443      490.8734    97                    461.8696   102815         
    532   467      493.0425    96                    461.8696   105006         
Elapsed time = 69.80 sec. (69132.50 ticks, tree = 1.80 MB, solutions = 0)
    559   492      476.8766    83                    461.8696   107157         
    571   500      504.4304    78                    461.8696   108388         
    578   503      472.8349   137                    462.0469   113182         
    591   516      491.6604   142                    462.1114   117517         
    608   531      465.8101   161                    462.1114   120238         
    634   555      475.8143   121                    462.1114   123365         
    640   557      464.8728   141                    462.1716   125082         
    663   576      493.2322   135                    462.1716   129583         
    677   590      468.6952   133                    462.1716   132373         
    724   629      477.8200    65                    462.1716   134248         
Elapsed time = 79.61 sec. (81047.14 ticks, tree = 2.33 MB, solutions = 0)
    758   661      514.1569    47                    462.1716   137211         
    795   682      465.3828   180                    462.1856   139645         
    851   728      535.7653    90                    462.1856   141980         
    880   745      462.6176   244                    462.1963   142762         
    891   756      463.8751   165                    462.1963   145696         
    920   785      474.2593   126                    462.1963   147773         
    947   812      480.2915    68                    462.1963   149867         
   1004   865      521.9739    24                    462.1963   152118         
   1036   883      464.0946   177                    462.2142   153680         
   1040   887      464.1484   160                    462.2142   153739         
Elapsed time = 87.88 sec. (91324.02 ticks, tree = 3.14 MB, solutions = 0)
   1111   948      536.7875    73                    462.2142   156247         
   1128   961      463.9865   228                    462.2489   157504         
   1146   979      472.0698   121                    462.2489   160932         
   1165   998      509.1922   105                    462.2489   164294         
   1194  1025      484.9040    85                    462.2489   166863         
   1210  1041      513.8397    81                    462.2489   169461         
   1270  1087      532.7432    41                    462.2489   171774         
   1320  1131      464.1896   181                    462.4755   173692         
   1356  1163      471.2868   177                    462.5165   175570         
   1382  1187      468.0480   107                    462.5165   178564         
Elapsed time = 96.01 sec. (101217.41 ticks, tree = 4.13 MB, solutions = 0)
   1401  1204      470.7365    87                    462.5165   181719         
   1426  1229      499.4443    75                    462.5165   184846         
   1461  1264      516.3748    43                    462.5165   187732         
   1484  1275      464.9965   235                    462.5230   190097         

Performing restart 1

Repeating presolve.
Tried aggregator 1 time.
Reduced MIP has 20410 rows, 1521 columns, and 167517 nonzeros.
Reduced MIP has 1140 binaries, 0 generals, 0 SOSs, and 0 indicators.
Presolve time = 0.06 sec. (55.02 ticks)
Tried aggregator 1 time.
Reduced MIP has 20410 rows, 1521 columns, and 167517 nonzeros.
Reduced MIP has 1140 binaries, 0 generals, 0 SOSs, and 0 indicators.
Presolve time = 0.10 sec. (71.25 ticks)
Represolve time = 0.39 sec. (284.98 ticks)
   1485     0      461.4002   289                  Cuts: 5202   192663         
   1485     0      461.4783   312                  Cuts: 1177   192924         
   1485     0      461.4856   299                   Cuts: 712   193134         
   1485     0      461.5075   335                  Cuts: 2857   193396         
   1485     0      461.5164   295                  Cuts: 2029   193599         
   1485     0      461.6875   294                  Cuts: 2773   193815         
   1485     0      461.7035   312                  Cuts: 1440   193997         
   1485     0      461.7156   285                  Cuts: 3426   194184         
   1485     0      461.7176   308                  Cuts: 2738   194375         
   1485     2      461.7176   259                    462.5230   194375         
   1486     3      461.7556   240                    462.5230   194420         
   1487     3      461.7632   239                    462.5230   194435         
   1490     6      519.2651   131                    462.5230   197523         
   1491     7      519.2651   132                    462.5230   198151         
   1492     8      530.3637   125                    462.5230   198472         
Elapsed time = 176.69 sec. (179515.44 ticks, tree = 0.03 MB, solutions = 0)
   1495    11      530.3637   122                    462.5230   199027         
   1503    19      531.9835   120                    462.5230   200505         
   1505    21      531.9835   117                    462.5230   201674         
   1515    31      535.5901   121                    462.5230   203042         
   1530    46      547.8808   112                    462.5230   204327         
   1546    62      551.9622   105                    462.5230   205856         
   1555    67      546.8401    99                    462.5230   206158         
   1563    75      551.9653    91                    462.5230   207846         
   1565    77      552.2576    96                    462.5230   207908         
   1582    94      558.5003    69                    462.5230   209736         
Elapsed time = 190.78 sec. (192363.90 ticks, tree = 1.24 MB, solutions = 0)
   1585    97      556.9654    80                    462.5230   210496         
   1599   111      560.4369    62                    462.5230   212548         
   1609   119      571.1799    48                    462.5230   214220         
   1615   121      547.8804   145                    462.5230   216125         
   1623   129      547.9429   133                    462.5230   217770         
   1629   135      564.6241   105                    462.5230   218235         
   1635   141      565.8521   109                    462.5230   219604         
   1652   158      566.9537   105                    462.5230   220754         
   1655   161      581.4232   101                    462.5230   221921         
   1695   199      605.5836    62                    462.5230   226773         
Elapsed time = 207.41 sec. (209785.94 ticks, tree = 1.89 MB, solutions = 0)
   1726   226      521.6635   119                    462.5230   231193         
   1740   240      522.1341   175                    462.5230   235391         
   1750   250      571.5493   125                    462.5230   238400         
   1817   315      628.6500    58                    462.5230   244350         
   1890   380      486.9199   134                    462.5230   250739         
   1907   395      558.5397   120                    462.5230   255344         
   1965   451      619.1539    54                    462.5230   262440         
   1992   474      505.8613   162                    462.5230   269240         
   2034   512      542.6608    84                    462.5230   275343         
   2112   563      468.8709   154                    462.5230   280877         
Elapsed time = 245.28 sec. (252731.14 ticks, tree = 3.69 MB, solutions = 0)
   2136   585      564.1892    95                    462.5230   287797         
   2196   635      486.1691    90                    462.5230   293755         
   2252   683      481.6536   146                    462.5230   301329         
   2305   736      558.7653    76                    462.5230   310066         
   2369   790      501.7059    80                    462.5230   317629         
   2445   860      529.4798    67                    462.5230   325238         

Performing restart 2

Repeating presolve.
Tried aggregator 1 time.
MIP Presolve eliminated 2 rows and 0 columns.
MIP Presolve modified 83 coefficients.
Reduced MIP has 20408 rows, 1521 columns, and 175589 nonzeros.
Reduced MIP has 1140 binaries, 0 generals, 0 SOSs, and 0 indicators.
Presolve time = 0.13 sec. (101.23 ticks)
Tried aggregator 1 time.
Reduced MIP has 20408 rows, 1521 columns, and 175589 nonzeros.
Reduced MIP has 1140 binaries, 0 generals, 0 SOSs, and 0 indicators.
Presolve time = 0.13 sec. (77.62 ticks)
Represolve time = 0.62 sec. (374.43 ticks)
   2475     0      461.7178   303                  Cuts: 5202   330539         
   2475     0      461.7232   331                  Cuts: 3677   330753         
   2475     0      461.7306   295                  Cuts: 3512   330956         
   2475     0      461.7435   324                  Cuts: 2008   331193         
   2475     0      461.7547   292                  Cuts: 4805   331439         
   2475     0      461.7643   297                  Cuts: 3346   331648         
   2475     0      461.7663   314                  Cuts: 2493   331865         
   2475     0      461.7671   285                  Cuts: 1341   332030         
   2475     0      461.7674   301                  Cuts: 5202   332203         
   2475     0      461.7683   300                  Cuts: 1064   332365         
   2475     2      461.7683   280                    462.5230   332365         
   2476     3      461.7704   279                    462.5230   332395         
   2477     4      495.9868   126                    462.5230   339387         
   2478     5      495.9868   125                    462.5230   339394         
Elapsed time = 425.72 sec. (412112.96 ticks, tree = 0.02 MB, solutions = 0)
   2480     7      566.2526   145                    462.5230   340342         
   2486    13      496.0852   144                    462.5230   341419         
   2491    18      543.0500   117                    462.5230   350529         
   2504    31      562.1355   109                    462.5230   352590         
   2519    46      577.5496    76                    462.5230   355189         
   2543    70      578.3519    74                    462.5230   357550         
   2556    82      637.3981    77                    462.5230   359963         
   2638   154      713.2963    36                    462.5230   364102         
   2667   170      521.0269   107                    462.5230   369704         
   2670   173      511.4009   122                    462.5230   371879         
Elapsed time = 472.57 sec. (465916.60 ticks, tree = 9.88 MB, solutions = 0)
   2677   180      512.8783   203                    462.5230   375873         
   2688   191      630.6427   149                    462.5230   378910         
   2720   223      627.0354    71                    462.5230   382692         
   2759   254      473.4553   216                    462.5230   387145         
   2775   270      574.2751   105                    462.5230   390739         
   2802   297      503.4415    91                    462.5230   395212         
   2834   329      513.9444    79                    462.5230   401207         
   2861   354      540.6444    51                    462.5230   406075         
   2915   401      473.5765   121                    462.5230   409225         
   2952   434      486.0215   194                    462.5230   416984         
Elapsed time = 514.84 sec. (509007.40 ticks, tree = 10.71 MB, solutions = 0)
   2964   446      597.7545   122                    462.5230   423182         
   2988   470      557.0166   112                    462.5230   428226         
   3035   517      572.4835    80                    462.5230   433259         
   3060   536      618.1010   130                    462.5230   442335         
   3074   550      484.8049   125                    462.5230   447599         
   3109   585      477.0573    95                    462.5230   454013         
   3181   651    infeasible                          462.5230   460683         
   3234   688      487.8139   136                    462.5230   465235         
   3263   717      494.8133    87                    462.5230   472651         
   3304   758      546.4662    49                    462.5230   481372         
Elapsed time = 565.18 sec. (552469.09 ticks, tree = 13.48 MB, solutions = 0)
   3360   804      473.2082   100                    462.5230   485264         
   3422   858      486.7820   128                    462.5230   490930         
   3438   874      523.2747   113                    462.5230   496877         
   3456   892      591.7786    96                    462.5230   503331         
   3517   950      466.5673   153                    462.5230   510997         
   3571  1000      472.5832   143                    462.5230   516789         
   3630  1057      529.8846    42                    462.5230   525794         
   3675  1090      509.5440   102                    462.5230   533488         
   3703  1114      548.3507   137                    462.5230   539721         
   3767  1177      643.1448    68                    462.5230   548316         
Elapsed time = 610.21 sec. (591308.22 ticks, tree = 14.83 MB, solutions = 0)
   3857  1243      464.8370   147                    462.5230   556255         
   3912  1291      464.7636   215                    462.5230   564526         
   3937  1316      540.8688   117                    462.5230   572512         
   4012  1379      492.9220   178                    462.5230   582541         
   4054  1421      540.3315    73                    462.5230   591782         
   4101  1464      493.6814   124                    462.5230   600268         
   4175  1528      462.9746   135                    462.5230   607186         
   4239  1588      470.9703   131                    462.5230   612931         
   4282  1631      541.4400    71                    462.5230   620089         
   4348  1683      484.4451    71                    462.5230   626299         
Elapsed time = 671.05 sec. (631637.60 ticks, tree = 16.40 MB, solutions = 0)
   4430  1749      526.2531   132                    462.5230   635541         
   4455  1774      597.2200    90                    462.5230   641444         
   4513  1824      504.5747    87                    462.5230   647500         
   4553  1858      518.1733   104                    462.5230   656258         
   4585  1884      572.3661   118                    462.5230   663869         
   4645  1936      468.4157   145                    462.5230   671180         
   4689  1980      502.1256    63                    462.5230   681224         
   4746  2031      483.7346   110                    462.5230   689114         
   4785  2068      588.6906    56                    462.5230   698056         
   4841  2110      465.1688   171                    462.5230   705345         
Elapsed time = 740.31 sec. (671375.35 ticks, tree = 17.81 MB, solutions = 0)
   4878  2141      592.4206    61                    462.5230   714534         
   4927  2180      468.3350   128                    462.5230   722136         
   4994  2243      481.2622    74                    462.5230   728760         
   5029  2274      510.9082   174                    462.5246   736934         
   5063  2308      538.5829    93                    462.5246   745824         
   5109  2350      509.2976    67                    462.5424   755610         
   5165  2398      478.8018    87                    462.5478   762889         
   5232  2449      464.3003   110                    462.5511   769683         
   5286  2495      463.2211   200                    462.6056   775750         
   5328  2533      485.0348   126                    462.6103   784114         
Elapsed time = 800.02 sec. (710227.78 ticks, tree = 19.14 MB, solutions = 0)
   5378  2579      515.0269   134                    462.6149   793434         
   5453  2648      463.6493   122                    462.6395   801716         
   5514  2699      484.1329    90                    462.6441   808225         
   5565  2744      470.5767    93                    462.6444   815829         
   5609  2780      534.6026    63                    462.6766   823881         
   5685  2848      516.9525    53                    462.6914   831477         
   5743  2894      470.4629    97                    462.7021   837287         
   5791  2936      555.7995    84                    462.7201   844419         
   5842  2969      523.1064   130                    462.8128   851921         
   5875  3002      555.1273    74                    462.8128   860135         
Elapsed time = 851.93 sec. (748912.58 ticks, tree = 20.60 MB, solutions = 0)
   5939  3052      479.9529    89                    462.8200   868344         
   6017  3122      481.6133    87                    462.8385   874163         
   6064  3165      535.4059    64                    462.9659   881850         
   6127  3218      469.8529   124                    462.9746   887877         
   6176  3259      471.5248   114                    462.9799   894108         
   6258  3331      502.2312    82                    462.9918   901740         
   6317  3376      463.5672   162                    462.9977   907783         
   6344  3397      515.7429   111                    463.0054   916229         
   6396  3437      468.5749   144                    463.0062   925337         
   6433  3468      484.3550   132                    463.0285   932524         
Elapsed time = 909.48 sec. (787857.93 ticks, tree = 22.05 MB, solutions = 0)
   6466  3497      591.8722    76                    463.0508   940531         
   6542  3565      530.1958    54                    463.0568   948098         
   6589  3602      474.9178   106                    463.0707   955677         
   6640  3647      500.2928    96                    463.1186   965372         
   6710  3701      474.2084   124                    463.1236   972814         
   6784  3755      464.4729   126                    463.1490   980232         
   6844  3803      473.8467   111                    463.1512   986661         
   6898  3845      480.0896    71                    463.1679   991875         
*  6920  3263      integral     0      596.3963      463.1679   993646   22.34%
   6972  3309      485.4142   132      596.3963      463.1948   999157   22.33%
   7028  3359      472.5713   107      596.3963      463.1997  1007494   22.33%
Elapsed time = 962.88 sec. (826787.85 ticks, tree = 20.61 MB, solutions = 1)
   7083  3403      469.5578   111      596.3963      463.2037  1014407   22.33%
   7141  3447      468.9744   156      596.3963      463.2273  1021180   22.33%
   7206  3500      488.4933    76      596.3963      463.2826  1028931   22.32%
   7277  3561      475.2263    81      596.3963      463.2923  1035716   22.32%
   7335  3607      481.2940   107      596.3963      463.3023  1042374   22.32%
   7417  3670      478.6530   121      596.3963      463.3220  1049277   22.31%
   7473  3722      471.9097    78      596.3963      463.3222  1057619   22.31%
   7475  3724      496.5021    75      596.3963      463.3222  1059229   22.31%
   7513  3752      466.8313   146      596.3963      463.3323  1066605   22.31%
   7570  3805      584.5671    62      596.3963      463.3515  1074415   22.31%
Elapsed time = 1028.80 sec. (869768.10 ticks, tree = 22.01 MB, solutions = 1)
   7632  3852      466.7137   144      596.3963      463.3733  1082252   22.30%
*  7674  3753      integral     0      587.4531      463.3733  1089859   21.12%
   7677  3754      473.6092   142      587.4531      463.3937  1090666   21.12%
   7736  3807      525.0642    74      587.4531      463.3976  1098462   21.12%
*  7755  3824      integral     0      587.2477      463.3976  1099331   21.09%
   7781  3848      552.7837   102      587.2477      463.4263  1105765   21.09%
   7834  3881      560.9233   124      587.2477      463.4536  1113907   21.08%
   7870  3909      474.4367   101      587.2477      463.4779  1120862   21.08%
   7932  3959      494.5560    91      587.2477      463.5330  1129035   21.07%
   7987  4004      463.7041   188      587.2477      463.5735  1136680   21.06%
   8061  4068      485.5368   119      587.2477      463.5797  1145992   21.06%
   8105  4104      488.0608    98      587.2477      463.5832  1153056   21.06%
Elapsed time = 1087.14 sec. (909703.26 ticks, tree = 22.77 MB, solutions = 3)
   8181  4164      470.2664   156      587.2477      463.6157  1160299   21.05%
   8244  4217      582.7917    38      587.2477      463.6245  1169291   21.05%
   8301  4263      472.1306   153      587.2477      463.6325  1175793   21.05%
   8363  4315      495.5844    69      587.2477      463.6338  1183022   21.05%
   8440  4382      466.8336   157      587.2477      463.6588  1190000   21.05%
   8489  4421      469.2853   168      587.2477      463.6619  1195214   21.04%
   8541  4464      568.3726    55      587.2477      463.6619  1203411   21.04%
   8605  4512      546.9964   130      587.2477      463.6640  1210774   21.04%
   8664  4562      533.6122    79      587.2477      463.6753  1218214   21.04%
   8698  4593      541.3561    55      587.2477      463.6778  1225987   21.04%
Elapsed time = 1140.98 sec. (948914.66 ticks, tree = 24.14 MB, solutions = 3)
   8762  4645      535.6669    83      587.2477      463.7028  1232916   21.04%
   8833  4708      464.3496   133      587.2477      463.7089  1240034   21.04%
   8878  4749      499.3120    89      587.2477      463.7109  1246912   21.04%
   8944  4803      472.2552   121      587.2477      463.7221  1254241   21.03%
   8998  4845      505.3286    90      587.2477      463.7426  1261121   21.03%
   9054  4887      465.8743   128      587.2477      463.7504  1267930   21.03%
*  9105+ 4709                          576.4917      463.7504            19.56%
   9121  4721      516.9539    93      576.4917      463.7762  1276078   19.55%
   9157  4755      497.5889   107      576.4917      463.7778  1282202   19.55%
   9191  4781      484.8224   122      576.4917      463.7846  1287583   19.55%
*  9205+ 4784                          576.0336      463.7846            19.49%
*  9205+ 4784                          575.9289      463.7846            19.47%
*  9205+ 4780                          575.7235      463.7846            19.44%
   9221  4794      469.2291   127      575.7235      463.7924  1295619   19.44%
Elapsed time = 1209.98 sec. (987650.40 ticks, tree = 18.92 MB, solutions = 7)
   9266  4827      531.9626    83      575.7235      463.7977  1302655   19.44%
   9307  4856      470.0684   141      575.7235      463.8187  1308900   19.44%
   9367  4905      465.3143   144      575.7235      463.8296  1314630   19.44%
   9423  4949      475.8411   146      575.7235      463.8456  1320764   19.43%
   9477  4995      563.6119   138      575.7235      463.8493  1330065   19.43%
   9512  5014      469.5303   143      575.7235      463.8693  1338762   19.43%
   9559  5055      558.2360    45      575.7235      463.8746  1345353   19.43%
   9608  5096      550.9447    62      575.7235      463.8746  1352818   19.43%
   9641  5125      505.9368    85      575.7235      463.8768  1359904   19.43%
   9698  5178      503.7421   101      575.7235      463.8846  1366338   19.43%
Elapsed time = 1274.54 sec. (1026587.60 ticks, tree = 20.13 MB, solutions = 7)
   9763  5216      486.2275   141      575.7235      463.8887  1375982   19.43%
   9813  5264      551.9886    41      575.7235      463.8887  1383373   19.43%
   9872  5309      567.2820    40      575.7235      463.8938  1389186   19.42%
   9944  5363      473.8928   180      575.7235      463.9186  1397981   19.42%
   9983  5392      464.4885   172      575.7235      463.9222  1405264   19.42%
  10027  5434      496.3439    73      575.7235      463.9222  1413056   19.42%
  10075  5474      555.2140    74      575.7235      463.9257  1420368   19.42%
  10116  5500      509.8039   117      575.7235      463.9371  1429471   19.42%
  10153  5533      501.6211    92      575.7235      463.9523  1438361   19.41%
  10200  5576      527.3194    63      575.7235      463.9708  1444087   19.41%
Elapsed time = 1333.13 sec. (1066158.98 ticks, tree = 21.38 MB, solutions = 7)
  10262  5615      518.4597    70      575.7235      463.9796  1452312   19.41%
  10303  5646      549.5724    67      575.7235      463.9799  1460503   19.41%
  10336  5671      547.5705    93      575.7235      463.9810  1467444   19.41%
  10394  5717      522.6580    71      575.7235      463.9934  1475065   19.41%
  10441  5759      547.3693    76      575.7235      463.9951  1482307   19.41%
  10475  5789      534.2819    89      575.7235      464.0025  1489176   19.41%
  10519  5821      520.0139   106      575.7235      464.0120  1497250   19.40%
  10562  5858      515.8043    67      575.7235      464.0206  1504704   19.40%
  10607  5885      571.0965    69      575.7235      464.0463  1513331   19.40%
  10655  5919      497.9478   135      575.7235      464.0607  1521210   19.40%
Elapsed time = 1401.18 sec. (1114061.40 ticks, tree = 22.46 MB, solutions = 7)
  10706  5957      490.2428   119      575.7235      464.0619  1530011   19.40%
  10734  5979      558.7287    92      575.7235      464.0666  1539115   19.39%
  10793  6025      464.6404   157      575.7235      464.0682  1547767   19.39%
  10855  6070      468.4622   121      575.7235      464.0914  1554115   19.39%
  10923  6131      486.3735    95      575.7235      464.0993  1561447   19.39%
  10972  6172      495.9541   105      575.7235      464.1028  1569573   19.39%
  11026  6216      566.1434   148      575.7235      464.1091  1581539   19.39%
  11062  6244      531.7533    77      575.7235      464.1183  1589643   19.39%
  11116  6282      498.6038   135      575.7235      464.1338  1599666   19.38%
  11170  6324      466.3515   211      575.7235      464.1451  1607414   19.38%
Elapsed time = 1459.41 sec. (1153977.76 ticks, tree = 23.73 MB, solutions = 7)
  11221  6365      488.5623    96      575.7235      464.1859  1617410   19.37%
  11282  6417      474.6630   126      575.7235      464.1922  1625306   19.37%
  11323  6448      503.8291    99      575.7235      464.1987  1633265   19.37%
  11367  6485      548.1909   102      575.7235      464.2048  1643017   19.37%
  11431  6539      520.5704    47      575.7235      464.2048  1650244   19.37%
  11491  6587      471.3968   127      575.7235      464.2225  1656624   19.37%
  11552  6644      532.6069    66      575.7235      464.2309  1665411   19.37%
  11606  6681      547.6696   125      575.7235      464.2408  1673582   19.36%
  11651  6722      549.6705    65      575.7235      464.2408  1683210   19.36%
  11709  6764      492.7228   109      575.7235      464.2505  1691653   19.36%
Elapsed time = 1511.28 sec. (1193230.44 ticks, tree = 25.11 MB, solutions = 7)
  11782  6827      483.3042    83      575.7235      464.2612  1697499   19.36%
  11833  6866      492.2138   143      575.7235      464.2612  1705731   19.36%
  11874  6899      488.9834   120      575.7235      464.2649  1715490   19.36%
  11909  6929      567.9238    83      575.7235      464.2854  1724304   19.36%
  11959  6973      549.3710    56      575.7235      464.2857  1731862   19.36%
  12000  7004      524.1829   128      575.7235      464.2894  1740250   19.36%
  12062  7060        cutoff            575.7235      464.2905  1748290   19.36%
  12112  7098      480.5132    99      575.7235      464.2931  1755297   19.35%
  12141  7123      545.6650    71      575.7235      464.2976  1764511   19.35%
  12208  7169      547.1548    58      575.7235      464.3052  1772556   19.35%
Elapsed time = 1556.41 sec. (1232112.73 ticks, tree = 26.38 MB, solutions = 7)
  12268  7222      572.8442    39      575.7235      464.3089  1779713   19.35%
  12328  7268      482.4542   136      575.7235      464.3149  1787042   19.35%
  12384  7316      465.7177   121      575.7235      464.3244  1795164   19.35%
  12440  7363      489.2565    85      575.7235      464.3318  1803195   19.35%
  12475  7392      503.5987    67      575.7235      464.3340  1809809   19.35%
  12540  7441      468.6624   142      575.7235      464.3491  1818186   19.35%
  12596  7491      546.3831    65      575.7235      464.3510  1826504   19.34%
  12655  7534      497.3420   108      575.7235      464.3556  1834084   19.34%
  12705  7570      493.7653   166      575.7235      464.3632  1842508   19.34%
  12755  7610      548.1760    63      575.7235      464.3701  1850688   19.34%
Elapsed time = 1603.48 sec. (1273182.46 ticks, tree = 27.77 MB, solutions = 7)
  12796  7643      540.6796    69      575.7235      464.3745  1859417   19.34%
  12852  7684      514.5301   105      575.7235      464.3778  1867264   19.34%
  12916  7736      474.9893   107      575.7235      464.3793  1874958   19.34%
  12971  7777      492.0150   100      575.7235      464.3847  1883804   19.34%
  13024  7818      476.3233   119      575.7235      464.3904  1891705   19.34%
  13081  7868      510.8223    55      575.7235      464.3956  1897556   19.34%
  13129  7907      536.4505    97      575.7235      464.4037  1906469   19.34%
  13204  7961      476.0102   134      575.7235      464.4143  1916594   19.33%
  13273  8020      499.0972    82      575.7235      464.4211  1922465   19.33%
  13322  8062      538.6175    59      575.7235      464.4271  1931080   19.33%
Elapsed time = 1650.43 sec. (1312643.01 ticks, tree = 29.19 MB, solutions = 7)
  13402  8125      476.8029   116      575.7235      464.4331  1936298   19.33%
  13460  8171      489.5913    96      575.7235      464.4639  1945771   19.33%
  13475  8186      505.5275    84      575.7235      464.4639  1948637   19.33%
  13539  8234      500.1450    91      575.7235      464.4695  1955935   19.32%
  13596  8284      473.3883   169      575.7235      464.4859  1962143   19.32%
  13658  8338      488.3374   120      575.7235      464.4953  1970970   19.32%
  13675  8353      509.5847    91      575.7235      464.4953  1981273   19.32%
  13738  8404      560.9784    68      575.7235      464.5022  1989547   19.32%
  13788  8438      548.9787    60      575.7235      464.5151  1997712   19.32%
  13843  8479      528.0781    80      575.7235      464.5213  2005708   19.32%
Elapsed time = 1698.07 sec. (1355012.29 ticks, tree = 30.83 MB, solutions = 7)
  13908  8530      574.7671    34      575.7235      464.5226  2012961   19.31%
  13959  8567      492.9093    95      575.7235      464.5412  2020829   19.31%
  14010  8608      470.2005   152      575.7235      464.5576  2028663   19.31%
  14056  8650      517.4420   128      575.7235      464.5619  2035687   19.31%
  14101  8682      475.8010   157      575.7235      464.5652  2045351   19.31%
  14141  8718      523.9752   104      575.7235      464.5669  2053926   19.31%
  14211  8770      480.5964    93      575.7235      464.5749  2060067   19.31%
  14294  8829      507.8212    78      575.7235      464.5788  2067336   19.31%
  14373  8899      490.1110    75      575.7235      464.5808  2074098   19.30%
  14445  8960      489.1107   111      575.7235      464.5955  2081491   19.30%
Elapsed time = 1742.24 sec. (1393583.92 ticks, tree = 32.35 MB, solutions = 7)
  14475  8986      516.1423    48      575.7235      464.5955  2084741   19.30%
  14529  9026      496.6949    78      575.7235      464.6063  2092881   19.30%
  14575  9064      559.7547    95      575.7235      464.6119  2102462   19.30%
  14629  9108      538.3326    96      575.7235      464.6156  2110131   19.30%
  14674  9137      513.0099    77      575.7235      464.6308  2119941   19.30%
  14719  9164      515.5087   131      575.7235      464.6411  2128271   19.29%
  14742  9183      553.0299    86      575.7235      464.6567  2137248   19.29%
  14819  9237      474.6377    96      575.7235      464.6612  2144507   19.29%
  14887  9289      481.3131   134      575.7235      464.6634  2152541   19.29%
  14937  9333      525.2005    57      575.7235      464.6789  2161273   19.29%
Elapsed time = 1788.09 sec. (1434121.98 ticks, tree = 33.52 MB, solutions = 7)
  14997  9377      483.2221   120      575.7235      464.6869  2168612   19.29%
  15057  9421      487.3755   100      575.7235      464.7168  2177600   19.28%
  15122  9478      482.3420    92      575.7235      464.7195  2184212   19.28%
  15183  9532      497.0429    95      575.7235      464.7222  2190492   19.28%
  15252  9580      528.6597    76      575.7235      464.7336  2197719   19.28%
  15319  9633      474.3078   131      575.7235      464.7402  2204955   19.28%
  15380  9684      530.2373    63      575.7235      464.7433  2213791   19.28%
  15437  9733      494.0196    79      575.7235      464.7491  2221819   19.28%
  15475  9763      488.6266   122      575.7235      464.7534  2225342   19.27%
  15555  9828      485.5462   136      575.7235      464.7674  2232077   19.27%
Elapsed time = 1837.25 sec. (1477232.18 ticks, tree = 35.07 MB, solutions = 7)
  15629  9888      465.6150   157      575.7235      464.7694  2239012   19.27%
  15675  9926      541.0596    61      575.7235      464.7727  2246517   19.27%
  15731  9968      515.7968    97      575.7235      464.7771  2255419   19.27%
  15789 10012      479.7173   104      575.7235      464.7814  2263386   19.27%
  15855 10062      480.2067   122      575.7235      464.7896  2269145   19.27%
  15909 10104      497.3438   112      575.7235      464.7999  2276527   19.27%
  15972 10149      469.0867   103      575.7235      464.8156  2283919   19.26%
  16028 10199      520.2660    81      575.7235      464.8160  2291214   19.26%
  16075 10234      530.5844   167      575.7235      464.8225  2298157   19.26%
  16144 10296      546.7894    57      575.7235      464.8266  2305246   19.26%
Elapsed time = 1883.88 sec. (1515834.65 ticks, tree = 36.55 MB, solutions = 7)
  16185 10331      523.0485    85      575.7235      464.8342  2314777   19.26%
  16234 10368      464.9052   182      575.7235      464.8394  2324088   19.26%
  16280 10404      543.3631   101      575.7235      464.8450  2332733   19.26%
  16325 10439      475.3890   107      575.7235      464.8580  2339978   19.26%
  16404 10509      563.3414    30      575.7235      464.8589  2347287   19.26%
  16475 10569      527.7276    59      575.7235      464.8664  2354563   19.26%
  16536 10610      465.9947   119      575.7235      464.8701  2362932   19.25%
  16580 10644      533.8516    67      575.7235      464.8749  2372863   19.25%
  16625 10678      491.2038   134      575.7235      464.8829  2381732   19.25%
  16661 10710      502.4811    95      575.7235      464.8971  2390480   19.25%
Elapsed time = 1931.30 sec. (1556644.56 ticks, tree = 37.85 MB, solutions = 7)
  16721 10754      515.3395    90      575.7235      464.9034  2399023   19.25%
  16767 10796      499.7737   103      575.7235      464.9058  2406518   19.25%
  16850 10858      465.3869   232      575.7235      464.9099  2414034   19.25%
  16891 10893      490.2662   103      575.7235      464.9137  2422035   19.25%
  16953 10947      496.6555   112      575.7235      464.9154  2429878   19.25%
  17020 11008      551.3174    44      575.7235      464.9181  2436786   19.25%
  17059 11031      553.1466    84      575.7235      464.9194  2446982   19.25%
  17121 11075      476.1302   125      575.7235      464.9248  2454806   19.25%
  17176 11122      495.6768    97      575.7235      464.9278  2463828   19.24%
  17248 11176      479.5893   113      575.7235      464.9420  2471124   19.24%
Elapsed time = 1983.13 sec. (1595225.16 ticks, tree = 39.31 MB, solutions = 7)
  17293 11213      567.2108    66      575.7235      464.9458  2477161   19.24%
  17360 11266        cutoff            575.7235      464.9615  2484688   19.24%
  17439 11327      530.1278   105      575.7235      464.9778  2491969   19.24%
  17475 11355      512.8734   103      575.7235      464.9886  2498860   19.23%
  17530 11405      561.1474    46      575.7235      464.9893  2506684   19.23%
  17572 11438      524.1189    68      575.7235      464.9968  2514587   19.23%
  17629 11480      469.2354   155      575.7235      464.9984  2520583   19.23%
  17674 11521      512.5068    97      575.7235      465.0012  2529102   19.23%
  17707 11548      556.7213    63      575.7235      465.0012  2534596   19.23%
  17758 11589      476.4187    87      575.7235      465.0055  2541488   19.23%
Elapsed time = 2038.19 sec. (1637598.11 ticks, tree = 40.61 MB, solutions = 7)
  17813 11631      472.5548   125      575.7235      465.0134  2548914   19.23%
  17843 11659      520.5150   101      575.7235      465.0134  2558550   19.23%
  17912 11718      492.0779   108      575.7235      465.0191  2565737   19.23%
  17994 11788      465.3438   153      575.7235      465.0238  2574072   19.23%
  18045 11827      468.9573   152      575.7235      465.0290  2582609   19.23%
  18103 11877      531.3822    81      575.7235      465.0316  2589414   19.23%
  18156 11917      478.5258   148      575.7235      465.0420  2597994   19.22%
  18221 11974      495.9228   102      575.7235      465.0455  2603842   19.22%
  18300 12041      465.7333   140      575.7235      465.0637  2611800   19.22%
  18367 12086      514.7761    45      575.7235      465.0657  2619290   19.22%
Elapsed time = 2085.34 sec. (1676779.98 ticks, tree = 42.18 MB, solutions = 7)
  18419 12128      486.3855    96      575.7235      465.0705  2627184   19.22%
  18475 12177      572.1367    53      575.7235      465.0731  2635906   19.22%
  18541 12227      478.6810    90      575.7235      465.0767  2642529   19.22%
  18605 12278      522.4853    68      575.7235      465.0812  2650500   19.22%
  18685 12338      473.2248   114      575.7235      465.0868  2658077   19.22%
  18737 12385      530.4922    54      575.7235      465.0869  2666736   19.22%
  18782 12426      555.8178    83      575.7235      465.0903  2677088   19.22%
  18853 12484      469.5340    87      575.7235      465.0997  2684792   19.21%
  18908 12530      567.9866    36      575.7235      465.1078  2689701   19.21%
  18951 12564      572.0819    47      575.7235      465.1137  2697768   19.21%
Elapsed time = 2133.11 sec. (1717291.76 ticks, tree = 43.68 MB, solutions = 7)
  19003 12607      480.3746   112      575.7235      465.1163  2704032   19.21%
  19051 12649      554.5075    39      575.7235      465.1164  2711486   19.21%
  19101 12686      487.4160   112      575.7235      465.1215  2720023   19.21%
  19169 12745      510.8809    58      575.7235      465.1280  2727974   19.21%
  19244 12804      511.8609   109      575.7235      465.1338  2735302   19.21%
  19298 12854      572.3892    53      575.7235      465.1354  2742432   19.21%
  19374 12918      505.8555    55      575.7235      465.1366  2750334   19.21%
  19455 12990      480.1234    91      575.7235      465.1486  2757300   19.21%
  19506 13035      539.1085    84      575.7235      465.1491  2764159   19.21%
  19578 13089      525.9978    71      575.7235      465.1537  2772185   19.21%
Elapsed time = 2180.47 sec. (1755756.45 ticks, tree = 45.33 MB, solutions = 7)
  19649 13152      480.2863   105      575.7235      465.1656  2780023   19.20%
  19686 13184      511.4896    74      575.7235      465.1690  2787480   19.20%
  19750 13238      471.3530   170      575.7235      465.1703  2795643   19.20%
  19828 13302      495.4589   112      575.7235      465.1716  2803917   19.20%
  19878 13341      565.5629    60      575.7235      465.1722  2812371   19.20%
  19946 13401      544.9186    49      575.7235      465.1822  2819489   19.20%
  19999 13442      478.5246   133      575.7235      465.1852  2826903   19.20%
  20050 13485      481.8540    76      575.7235      465.1877  2834638   19.20%
  20113 13532      513.9254   111      575.7235      465.1896  2841503   19.20%
  20166 13573      516.3116    86      575.7235      465.1927  2851541   19.20%
Elapsed time = 2229.55 sec. (1795474.48 ticks, tree = 46.86 MB, solutions = 7)
  20226 13618      556.2443    38      575.7235      465.1992  2859403   19.20%
  20288 13662      471.1806   169      575.7235      465.2072  2867955   19.20%
  20358 13723      522.8138   115      575.7235      465.2084  2876378   19.20%
  20423 13776      465.2326   103      575.7235      465.2166  2884308   19.19%
  20460 13809      568.9771    76      575.7235      465.2180  2892874   19.19%
  20475 13812      466.1026   147      575.7235      465.2207  2894827   19.19%
  20534 13867      553.3933    73      575.7235      465.2252  2902075   19.19%
  20605 13926      480.8253   126      575.7235      465.2306  2909243   19.19%
  20640 13957      523.3967    71      575.7235      465.2329  2920562   19.19%
  20709 14004      542.8438    88      575.7235      465.2353  2928534   19.19%
Elapsed time = 2286.34 sec. (1838795.52 ticks, tree = 48.21 MB, solutions = 7)
  20768 14053      500.9097   124      575.7235      465.2377  2936525   19.19%
  20813 14095      487.6320   118      575.7235      465.2378  2945517   19.19%
  20857 14135      561.0955    57      575.7235      465.2378  2952370   19.19%
  20910 14174      465.7877   167      575.7235      465.2419  2959502   19.19%
  20975 14235      488.1890    79      575.7235      465.2422  2966257   19.19%
  21026 14274      511.0875   103      575.7235      465.2494  2976071   19.19%
  21097 14334      465.8232   121      575.7235      465.2523  2983657   19.19%
  21137 14367      541.8698    80      575.7235      465.2574  2992203   19.19%
  21197 14420      525.1126    60      575.7235      465.2594  3000770   19.19%
  21266 14472      469.0906   126      575.7235      465.2650  3008868   19.19%
Elapsed time = 2361.08 sec. (1877553.47 ticks, tree = 49.69 MB, solutions = 7)
  21324 14521      531.1767    51      575.7235      465.2652  3016986   19.19%
  21387 14570      506.5573    69      575.7235      465.2749  3024196   19.18%
  21455 14618      481.4357   198      575.7235      465.2841  3032410   19.18%
  21475 14638      521.1382   119      575.7235      465.2841  3036788   19.18%
  21539 14693      469.3326   111      575.7235      465.2853  3044168   19.18%
  21583 14724      471.9919   111      575.7235      465.2860  3052183   19.18%
  21639 14770      553.1064   141      575.7235      465.2906  3060453   19.18%
  21687 14807      506.1564   114      575.7235      465.2938  3070108   19.18%
  21755 14867    infeasible            575.7235      465.2942  3077553   19.18%
  21808 14913      571.8868    60      575.7235      465.2971  3084031   19.18%
Elapsed time = 2432.20 sec. (1921377.04 ticks, tree = 51.08 MB, solutions = 7)
  21867 14959      477.9055   126      575.7235      465.3023  3092276   19.18%
  21935 15015      569.5723    40      575.7235      465.3041  3100276   19.18%
  22000 15066      544.7736    81      575.7235      465.3120  3107592   19.18%
  22059 15108      505.6595   125      575.7235      465.3143  3114208   19.18%
  22126 15161      482.6935   103      575.7235      465.3180  3123047   19.18%
  22175 15204      525.7980    99      575.7235      465.3233  3131155   19.18%
  22237 15256      518.4812    80      575.7235      465.3254  3138042   19.18%
  22307 15313      487.3352   104      575.7235      465.3276  3146124   19.18%
  22369 15369      498.5686    84      575.7235      465.3276  3154059   19.18%
  22437 15425      533.8332    66      575.7235      465.3326  3160667   19.17%
Elapsed time = 2498.18 sec. (1960236.37 ticks, tree = 52.69 MB, solutions = 7)
  22475 15458      500.3776    88      575.7235      465.3398  3163152   19.17%
  22557 15522      538.7342   110      575.7235      465.3594  3170261   19.17%
  22642 15580      536.7485    70      575.7235      465.3630  3178189   19.17%
  22696 15626      481.5208   137      575.7235      465.3767  3187857   19.17%
  22759 15685      496.3169    77      575.7235      465.3773  3194951   19.17%
  22830 15747      531.9987    52      575.7235      465.3803  3203733   19.17%
  22909 15811      465.8442   240      575.7235      465.3835  3210085   19.17%
  22952 15853      569.8786    47      575.7235      465.3835  3217984   19.17%
  22981 15875      564.6364    59      575.7235      465.3836  3228148   19.17%
  23043 15923      519.7869    59      575.7235      465.3872  3235475   19.16%
Elapsed time = 2556.26 sec. (1999456.96 ticks, tree = 54.26 MB, solutions = 7)
  23114 15978      465.7793   126      575.7235      465.3892  3242546   19.16%
  23175 16027      482.1172   123      575.7235      465.3892  3250713   19.16%
  23218 16066      513.8156    91      575.7235      465.3922  3259451   19.16%
  23275 16113      493.7642    73      575.7235      465.3994  3267411   19.16%
  23344 16170      575.6323    27      575.7235      465.4002  3275393   19.16%
  23392 16207      481.4406   104      575.7235      465.4191  3284023   19.16%
  23442 16247      520.0432    89      575.7235      465.4237  3292044   19.16%
  23476 16275      478.7845   109      575.7235      465.4269  3295554   19.16%
  23552 16337      569.6964    36      575.7235      465.4272  3303891   19.16%
  23601 16374      553.9665    73      575.7235      465.4293  3311622   19.16%
Elapsed time = 2609.54 sec. (2038549.28 ticks, tree = 55.68 MB, solutions = 7)
  23655 16406      493.7127   161      575.7235      465.4319  3317829   19.16%
  23705 16451      559.0563    53      575.7235      465.4319  3327747   19.16%
  23755 16495      524.3735    80      575.7235      465.4390  3335301   19.16%
  23823 16549      504.7194    81      575.7235      465.4435  3342660   19.16%
  23891 16609      467.9007   157      575.7235      465.4571  3348474   19.15%
  23948 16653      502.2817    96      575.7235      465.4573  3356771   19.15%
  24019 16707      481.2612   114      575.7235      465.4583  3364943   19.15%
  24075 16751      517.8005   120      575.7235      465.4610  3373338   19.15%
  24136 16800      552.3224    51      575.7235      465.4621  3381542   19.15%
  24199 16847      479.9825    86      575.7235      465.4743  3389096   19.15%
Elapsed time = 2660.65 sec. (2077120.59 ticks, tree = 57.85 MB, solutions = 7)
  24272 16912      574.2559    46      575.7235      465.4772  3396272   19.15%
  24327 16954      558.6156    70      575.7235      465.4783  3404987   19.15%
  24391 17009      533.3786    52      575.7235      465.4903  3411092   19.15%
  24443 17044      482.3869   128      575.7235      465.5103  3419960   19.14%
  24475 17068      474.3446   105      575.7235      465.5123  3424313   19.14%
  24525 17112      509.4751    99      575.7235      465.5139  3432981   19.14%
  24585 17163      493.7605   123      575.7235      465.5200  3440205   19.14%
  24645 17213      537.4487   113      575.7235      465.5231  3447819   19.14%
  24694 17254      529.7201    85      575.7235      465.5231  3455812   19.14%
  24733 17287      514.3026    96      575.7235      465.5280  3463979   19.14%
Elapsed time = 2715.37 sec. (2117086.35 ticks, tree = 59.07 MB, solutions = 7)
  24806 17340      563.1142   137      575.7235      465.5330  3471986   19.14%
  24850 17380      513.1725   114      575.7235      465.5346  3479224   19.14%
  24916 17433      485.3518   169      575.7235      465.5351  3488552   19.14%
  24954 17462      475.3963   109      575.7235      465.5386  3498134   19.14%
  24997 17499      536.8324    57      575.7235      465.5418  3506552   19.14%
  25046 17534      498.8830   107      575.7235      465.5533  3515260   19.14%
  25099 17577      539.1036    75      575.7235      465.5579  3524079   19.14%
  25140 17607      569.6286    72      575.7235      465.5598  3532001   19.13%
  25168 17627      516.2314    88      575.7235      465.5706  3541902   19.13%
  25192 17645      530.9847   107      575.7235      465.5739  3550380   19.13%
Elapsed time = 2767.34 sec. (2156303.88 ticks, tree = 60.20 MB, solutions = 7)
  25244 17686      486.1375   109      575.7235      465.5771  3558557   19.13%
  25302 17738      513.9215    94      575.7235      465.5771  3565836   19.13%
  25370 17791      469.8123   143      575.7235      465.5780  3573826   19.13%
  25420 17832      466.9308   159      575.7235      465.5800  3583103   19.13%
  25472 17880      472.1294   120      575.7235      465.5840  3592120   19.13%
  25498 17906      518.8844    70      575.7235      465.5840  3597455   19.13%
  25543 17943      516.6163    53      575.7235      465.5854  3606054   19.13%
  25606 17996      469.5123   147      575.7235      465.5870  3613969   19.13%
  25649 18033      510.8993    89      575.7235      465.5911  3623083   19.13%
  25717 18093      539.1598    59      575.7235      465.5928  3631403   19.13%
Elapsed time = 2820.15 sec. (2195080.39 ticks, tree = 61.62 MB, solutions = 7)
  25780 18139      468.6713   123      575.7235      465.5996  3639196   19.13%
  25825 18179      515.1897    93      575.7235      465.6026  3648213   19.13%
  25872 18220      491.1451   130      575.7235      465.6035  3656689   19.13%
  25924 18263      515.8367    78      575.7235      465.6124  3664957   19.13%
  25980 18311      493.9475    93      575.7235      465.6173  3672929   19.12%
  26042 18363      486.9329   104      575.7235      465.6173  3681852   19.12%
  26086 18393      516.4798   200      575.7235      465.6245  3690452   19.12%
  26136 18431      515.0639   101      575.7235      465.6252  3699157   19.12%
  26215 18504      561.5890    47      575.7235      465.6278  3706129   19.12%
  26272 18553      482.1575   119      575.7235      465.6306  3713335   19.12%
Elapsed time = 2889.92 sec. (2233845.32 ticks, tree = 63.07 MB, solutions = 7)
  26316 18588      466.4159   127      575.7235      465.6313  3721586   19.12%
  26372 18636      487.8416   130      575.7235      465.6321  3730624   19.12%
  26429 18689      466.9849   161      575.7235      465.6368  3738197   19.12%
  26475 18725      487.4605   127      575.7235      465.6414  3745910   19.12%
  26535 18781      574.1778    72      575.7235      465.6416  3753813   19.12%
  26575 18811      565.9060    64      575.7235      465.6444  3762561   19.12%
  26607 18839      534.8710    52      575.7235      465.6446  3771132   19.12%
  26664 18892      505.4804   112      575.7235      465.6448  3776840   19.12%
  26735 18950        cutoff            575.7235      465.6539  3785012   19.12%
  26802 18996      498.4465    87      575.7235      465.6621  3793240   19.12%
Elapsed time = 2948.35 sec. (2276856.83 ticks, tree = 64.47 MB, solutions = 7)
  26860 19044      493.1575   142      575.7235      465.6641  3800514   19.12%
  26879 19061      557.7267   105      575.7235      465.6641  3807818   19.12%
  26940 19107      486.3307   119      575.7235      465.6693  3815335   19.12%
  27028 19181      554.1729    48      575.7235      465.6751  3821999   19.11%
  27088 19231      532.5484    87      575.7235      465.6810  3829448   19.11%
  27157 19287      474.5645   111      575.7235      465.6835  3837334   19.11%
  27229 19336      483.5653    99      575.7235      465.6956  3844712   19.11%
  27281 19374      513.1025    95      575.7235      465.6978  3852899   19.11%
  27336 19419      475.5651   110      575.7235      465.6980  3859523   19.11%
  27373 19452      556.3992    71      575.7235      465.7016  3868590   19.11%
Elapsed time = 3001.38 sec. (2315484.96 ticks, tree = 65.91 MB, solutions = 7)
  27438 19505      471.5333   129      575.7235      465.7050  3875684   19.11%
  27485 19549      512.5763    81      575.7235      465.7057  3882369   19.11%
  27556 19608        cutoff            575.7235      465.7060  3889521   19.11%
  27615 19645      470.7804   122      575.7235      465.7134  3897973   19.11%
  27674 19692      574.0136    74      575.7235      465.7145  3905814   19.11%
  27737 19737      565.4363    67      575.7235      465.7212  3914876   19.11%
  27817 19805      470.5507   108      575.7235      465.7299  3921084   19.11%
  27867 19844      497.8607   110      575.7235      465.7308  3930659   19.11%
  27929 19897      500.7082   100      575.7235      465.7387  3938599   19.10%
  27994 19951      467.5169   109      575.7235      465.7486  3946532   19.10%
Elapsed time = 3058.14 sec. (2354222.54 ticks, tree = 67.48 MB, solutions = 7)
  28048 19999      495.5126    97      575.7235      465.7519  3954644   19.10%
  28114 20053      532.2710    72      575.7235      465.7524  3962826   19.10%
  28181 20103      514.3997   117      575.7235      465.7602  3970442   19.10%
  28251 20157      545.4771    64      575.7235      465.7669  3978214   19.10%
  28331 20218      466.2156   166      575.7235      465.7801  3984565   19.10%
  28389 20270      564.6500    48      575.7235      465.7801  3993384   19.10%
  28446 20309      522.7406   105      575.7235      465.7835  4000741   19.10%
  28502 20355        cutoff            575.7235      465.7893  4008060   19.09%
  28541 20390      538.6311    69      575.7235      465.7894  4017115   19.09%
  28610 20435      522.4108    63      575.7235      465.7911  4024533   19.09%
Elapsed time = 3121.17 sec. (2392904.58 ticks, tree = 69.02 MB, solutions = 7)
  28643 20462      519.5974    89      575.7235      465.7918  4033835   19.09%
  28719 20524      499.7735   107      575.7235      465.7969  4042017   19.09%
  28785 20583      512.7859    99      575.7235      465.7975  4051002   19.09%
  28855 20643      532.2157    75      575.7235      465.7980  4057231   19.09%
  28903 20686      510.8346   108      575.7235      465.8050  4064816   19.09%
  28956 20723      540.4716    64      575.7235      465.8094  4073709   19.09%
  29028 20774      528.0988   116      575.7235      465.8146  4080707   19.09%
  29094 20833      564.3319    50      575.7235      465.8148  4090331   19.09%
  29158 20884      487.1868   116      575.7235      465.8155  4100008   19.09%
  29216 20926      501.7357    91      575.7235      465.8203  4108725   19.09%
Elapsed time = 3177.86 sec. (2431907.06 ticks, tree = 70.57 MB, solutions = 7)
  29268 20968      537.8590    68      575.7235      465.8232  4116590   19.09%
  29333 21009      470.2702   154      575.7235      465.8310  4124242   19.09%
  29397 21068      536.9008    88      575.7235      465.8323  4133194   19.09%
  29451 21112      537.1312    78      575.7235      465.8325  4141923   19.09%
  29475 21130      562.5895   100      575.7235      465.8331  4149935   19.09%
  29534 21177      518.0279    76      575.7235      465.8343  4158102   19.09%
  29581 21216      497.5274   101      575.7235      465.8370  4165159   19.09%
  29659 21275      475.6795    86      575.7235      465.8429  4172872   19.09%
  29721 21313      469.0527   120      575.7235      465.8445  4182650   19.09%
  29773 21351      476.7651    89      575.7235      465.8496  4190702   19.08%
Elapsed time = 3248.10 sec. (2475414.04 ticks, tree = 71.91 MB, solutions = 7)
  29775 21353      479.3294    91      575.7235      465.8496  4190998   19.08%
  29835 21392      468.7534   176      575.7235      465.8520  4198301   19.08%
  29873 21420      490.4988   111      575.7235      465.8547  4206001   19.08%
  29875 21422      503.9772   104      575.7235      465.8547  4206759   19.08%
  29949 21481      476.3826   125      575.7235      465.8568  4213787   19.08%
  30017 21541      471.7599   108      575.7235      465.8590  4220473   19.08%
  30075 21591      477.7348   136      575.7235      465.8623  4225851   19.08%
  30116 21622      497.6140   101      575.7235      465.8642  4234666   19.08%
  30144 21645      565.2940   120      575.7235      465.8653  4243478   19.08%
* 30175+21608                          575.2691      465.8655            19.02%
  30175 21610      522.3504   117      575.2691      465.8655  4250566   19.02%
Elapsed time = 3318.51 sec. (2524657.19 ticks, tree = 72.73 MB, solutions = 8)
  30222 21647      483.5680   101      575.2691      465.8668  4260234   19.02%
  30263 21676      481.8370   141      575.2691      465.8779  4269375   19.02%
  30292 21698      484.7980   110      575.2691      465.8789  4277545   19.02%
  30333 21729      471.0875   191      575.2691      465.8820  4284724   19.01%
  30375 21769      543.7207    57      575.2691      465.8820  4290187   19.01%
  30453 21834        cutoff            575.2691      465.8871  4296451   19.01%
* 30475+21807                          574.7583      465.8898            18.94%
* 30475+21805                          574.7281      465.8898            18.94%
  30475 21807      501.3796    95      574.7281      465.8898  4300898   18.94%
  30528 21856      528.0203    73      574.7281      465.8977  4309298   18.94%
* 30575+21751                          573.6891      465.8987            18.79%
* 30575+21730                          573.5631      465.8987            18.77%
* 30575+21728                          573.5329      465.8987            18.77%
  30575 21730      520.6763   125      573.5329      465.8987  4313581   18.77%
  30627 21778      555.7138    54      573.5329      465.9024  4321305   18.77%
Elapsed time = 3403.01 sec. (2575633.72 ticks, tree = 73.26 MB, solutions = 13)
  30663 21810      505.8712   105      573.5329      465.9032  4329934   18.77%
  30675 21820      514.3135    92      573.5329      465.9032  4332965   18.77%
  30742 21876      531.0569    94      573.5329      465.9043  4341194   18.77%
  30775 21905      482.9714   127      573.5329      465.9044  4345921   18.77%
  30822 21947      491.2636   113      573.5329      465.9099  4353640   18.76%
  30868 21980      524.3661   106      573.5329      465.9105  4361923   18.76%
  30875 21987      542.6260    63      573.5329      465.9105  4364416   18.76%
  30925 22030      494.5581   104      573.5329      465.9123  4373608   18.76%
* 30975+21924                          572.2213      465.9174            18.58%
  30975 21926      541.5200    57      572.2213      465.9174  4377472   18.58%
  31028 21966      474.6457   122      572.2213      465.9185  4386250   18.58%
Elapsed time = 3487.70 sec. (2638738.93 ticks, tree = 73.86 MB, solutions = 14)
  31075 22009      515.6794   105      572.2213      465.9191  4393729   18.58%
  31099 22025      497.9735   179      572.2213      465.9256  4403547   18.58%
  31141 22060      497.4501   111      572.2213      465.9363  4412391   18.57%
  31175 22084      474.6411    99      572.2213      465.9483  4419474   18.57%
  31251 22136      466.8383   133      572.2213      465.9574  4426432   18.57%
  31275 22152      499.0098   137      572.2213      465.9585  4431029   18.57%
  31323 22192      492.4589   105      572.2213      465.9635  4439571   18.57%
  31375 22236      550.5413    47      572.2213      465.9646  4445922   18.57%
  31443 22290      539.2701    67      572.2213      465.9701  4453939   18.57%
  31475 22312      466.1771   156      572.2213      465.9731  4460334   18.57%
Elapsed time = 3581.91 sec. (2728009.79 ticks, tree = 74.95 MB, solutions = 14)
  31529 22362      539.3128    64      572.2213      465.9749  4467680   18.57%
Advanced basis not built.

GUB cover cuts applied:  51
Clique cuts applied:  13
Cover cuts applied:  50
Implied bound cuts applied:  35
Flow cuts applied:  28
Mixed integer rounding cuts applied:  514
Zero-half cuts applied:  2
Lift and project cuts applied:  21
Gomory fractional cuts applied:  2

Root node processing (before b&c):
  Real time             =   35.97 sec. (28308.59 ticks)
Sequential b&c:
  Real time             = 3564.04 sec. (2716425.80 ticks)
                          ------------
Total (root+branch&cut) = 3600.01 sec. (2744734.39 ticks)
