Version identifier: 22.1.0.0 | 2022-03-09 | 1a383f8ce
CPXPARAM_Read_DataCheck                          1
CPXPARAM_Threads                                 1
CPXPARAM_TimeLimit                               3600
Tried aggregator 2 times.
MIP Presolve eliminated 3650 rows and 198 columns.
MIP Presolve modified 29983 coefficients.
Aggregator did 131 substitutions.
Reduced MIP has 5980 rows, 651 columns, and 44522 nonzeros.
Reduced MIP has 482 binaries, 0 generals, 0 SOSs, and 0 indicators.
Presolve time = 0.12 sec. (85.20 ticks)
Probing fixed 12 vars, tightened 1 bounds.
Probing time = 0.03 sec. (24.57 ticks)
Tried aggregator 1 time.
Detecting symmetries...
MIP Presolve eliminated 38 rows and 12 columns.
MIP Presolve modified 12 coefficients.
Reduced MIP has 5942 rows, 639 columns, and 44048 nonzeros.
Reduced MIP has 470 binaries, 0 generals, 0 SOSs, and 0 indicators.
Presolve time = 0.04 sec. (19.28 ticks)
Probing time = 0.01 sec. (5.26 ticks)
Clique table members: 2391.
MIP emphasis: balance optimality and feasibility.
MIP search method: dynamic search.
Parallel mode: none, using 1 thread.
Root relaxation solution time = 0.02 sec. (20.94 ticks)

        Nodes                                         Cuts/
   Node  Left     Objective  IInf  Best Integer    Best Bound    ItCnt     Gap

      0     0      239.5023   109                    239.5023      255         
      0     0      239.5023    56                   Cuts: 393      564         
      0     0      239.5028    73                   Cuts: 409      945         
      0     0      239.5972   117                   Cuts: 631     1335         
      0     0      239.9189   154                  Cuts: 1172     1601         
      0     0      240.3139   174                   Cuts: 659     1839         
Detecting symmetries...
      0     0      241.8981   132                   Cuts: 889     2226         
      0     0      242.1426   131                  Cuts: 1001     2394         
      0     0      242.2050   130                   Cuts: 788     2574         
      0     0      242.2537   140                   Cuts: 384     2734         
      0     0      242.3292   153                   Cuts: 592     2876         
      0     0      242.5395   125                   Cuts: 514     2997         
      0     0      242.5700   157                   Cuts: 873     3092         
      0     0      242.5866   158                   Cuts: 679     3172         
Detecting symmetries...
      0     2      242.5866   111                    242.7368     3172         
Elapsed time = 5.73 sec. (4632.87 ticks, tree = 0.01 MB, solutions = 0)
      8    10      247.4387    61                    243.3416     4675         
     27    29      251.0497    46                    243.3416     6695         
     41    37      243.7244   104                    243.7334     8155         
     50    46      246.3404    79                    243.8983     9022         
     65    59      289.5115    64                    243.8983    11792         
     78    70      287.1783    64                    243.8983    13732         
     90    80      253.7646    65                    243.8983    15187         
    105    95      258.7869    50                    243.8983    17284         
    130   118      268.2411    44                    243.8983    18976         
    187   171      253.5477    56                    244.9209    24849         
Elapsed time = 8.98 sec. (7918.85 ticks, tree = 0.71 MB, solutions = 0)
    286   266      255.1657    32                    244.9209    29621         
    394   358      290.7081    61                    246.2921    36211         
    480   434      250.7269    49                    246.3798    42754         

Performing restart 1

Repeating presolve.
Tried aggregator 1 time.
Reduced MIP has 5942 rows, 639 columns, and 44048 nonzeros.
Reduced MIP has 470 binaries, 0 generals, 0 SOSs, and 0 indicators.
Presolve time = 0.02 sec. (14.92 ticks)
Tried aggregator 1 time.
Reduced MIP has 5942 rows, 639 columns, and 44048 nonzeros.
Reduced MIP has 470 binaries, 0 generals, 0 SOSs, and 0 indicators.
Presolve time = 0.03 sec. (19.31 ticks)
Represolve time = 0.10 sec. (69.03 ticks)
    505     0      242.5881   141                  Cuts: 1585    45951         
    505     0      242.6149   159                   Cuts: 867    46125         
    505     0      242.6737   142                   Cuts: 543    46299         
    505     0      242.7180   112                  Cuts: 1134    46461         
    505     0      242.7547   162                   Cuts: 687    46627         
    505     0      242.7597   118                   Cuts: 496    46767         
    505     0      242.7663   118                  Cuts: 1433    46953         
    505     0      242.7711   132                  Cuts: 1195    47098         
    505     2      242.7711   109                    246.3798    47098         
    508     5      243.5741   112                    246.3798    47590         
    512     8      247.4532    99                    246.3798    48174         
    513     8      263.1183    67                    246.3798    50570         
    515    10      263.1183    62                    246.3798    50634         
    519    14      265.0731    53                    246.3798    50938         
    535    30      270.1769    37                    246.3798    52055         
Elapsed time = 32.64 sec. (28391.43 ticks, tree = 0.22 MB, solutions = 0)
    555    50      284.9285    41                    246.3798    53708         
    591    82      245.1626    91                    246.3798    55432         
    631   116      372.1384    30                    246.3798    58336         
    677   156      310.6893    53                    246.3798    61255         
    720   192      291.4217    41                    246.3798    64636         
    748   213      286.7868    60                    246.3798    65849         
    794   249      245.3386   110                    246.3798    68869         
    837   288      270.8611    38                    246.3798    72351         
    896   337      327.7953    39                    246.3798    75627         
    946   376      248.0382    85                    246.3798    78469         
Elapsed time = 42.25 sec. (38279.83 ticks, tree = 0.56 MB, solutions = 0)
   1024   433      249.4129    75                    246.3798    83052         
   1104   498      262.4704    56                    246.3798    87360         
   1163   543      298.9785    53                    246.3798    91756         
   1225   591      249.2970    77                    246.3798    95384         
   1297   651      276.2474    49                    246.3798    99490         
*  1328   670      integral     0      428.2157      246.3798   100905   42.46%
   1399   710      254.2327    78      428.2157      246.3798   105710   42.46%
   1464   765      274.0924    50      428.2157      246.3798   110017   42.46%
*  1515+  789                          398.9290      246.3798            38.24%
*  1515+  789                          396.0054      246.3798            37.78%
   1515   791      367.0362    22      396.0054      246.3798   113063   37.78%
   1565   827      343.8085    42      396.0054      246.3798   117137   37.78%
Elapsed time = 56.42 sec. (50858.63 ticks, tree = 1.02 MB, solutions = 3)
   1625   873      247.3066    69      396.0054      246.3798   121581   37.78%
   1705   933      246.7232    70      396.0054      246.3798   125798   37.78%
   1776   994      272.0939    51      396.0054      246.3912   130649   37.78%
   1884  1079      369.0482    31      396.0054      246.4015   135395   37.78%
   1943  1117      260.9544    46      396.0054      246.4168   139483   37.77%
   1999  1151      259.8231    65      396.0054      246.4373   143913   37.77%
   2043  1181      267.1398    59      396.0054      246.4851   148478   37.76%
   2097  1219      266.8952    42      396.0054      246.4937   153411   37.75%
   2159  1267      247.3038    76      396.0054      246.4990   158127   37.75%
   2206  1304      265.6944    56      396.0054      246.5091   163931   37.75%
Elapsed time = 67.43 sec. (60753.71 ticks, tree = 1.57 MB, solutions = 3)
   2280  1356      251.3293    61      396.0054      246.5229   169262   37.75%
   2336  1392      262.9351    62      396.0054      246.5334   175092   37.74%
   2407  1450      277.9304    42      396.0054      246.5637   179869   37.74%
   2479  1501    infeasible            396.0054      246.6098   184897   37.73%
   2523  1529      261.8279   105      396.0054      246.6301   190012   37.72%
   2581  1573      247.8012   100      396.0054      246.6857   194844   37.71%
   2646  1622      259.3361    58      396.0054      246.7016   200005   37.70%
   2707  1671      246.9773    93      396.0054      246.7410   204736   37.69%

Performing restart 2

Repeating presolve.
Tried aggregator 1 time.
MIP Presolve eliminated 5 rows and 1 columns.
MIP Presolve modified 47 coefficients.
Reduced MIP has 5937 rows, 638 columns, and 46670 nonzeros.
Reduced MIP has 469 binaries, 0 generals, 0 SOSs, and 0 indicators.
Presolve time = 0.10 sec. (43.69 ticks)
Tried aggregator 1 time.
Reduced MIP has 5937 rows, 638 columns, and 46670 nonzeros.
Reduced MIP has 469 binaries, 0 generals, 0 SOSs, and 0 indicators.
Presolve time = 0.03 sec. (21.48 ticks)
Represolve time = 0.25 sec. (119.10 ticks)
   2745     0      242.7751   143      396.0054    Cuts: 1584   208790   37.69%
   2745     0      242.8005   149      396.0054     Cuts: 270   208900   37.69%
   2745     0      242.8032   130      396.0054     Cuts: 390   209019   37.69%
   2745     0      242.8035   132      396.0054     Cuts: 496   209151   37.69%
   2745     0      242.8035   124      396.0054    Cuts: 1116   209263   37.69%
   2745     0      242.8035   131      396.0054    Cuts: 1584   209375   37.69%
   2745     0      242.8035   118      396.0054     Cuts: 726   209456   37.69%
   2745     0      242.8035   116      396.0054    Cuts: 1156   209603   37.69%
   2745     0      242.8035   125      396.0054     Cuts: 771   209733   37.69%
   2745     2      242.8035   101      396.0054      246.7656   209733   37.69%
   2748     5      243.5197    87      396.0054      246.7656   209923   37.69%
Elapsed time = 92.65 sec. (80264.35 ticks, tree = 0.01 MB, solutions = 3)
   2754    11      243.5970    71      396.0054      246.7656   210017   37.69%
   2756    13      256.3789    53      396.0054      246.7656   211092   37.69%
   2760    17      256.3789    55      396.0054      246.7656   211340   37.69%
   2798    55      269.0380    40      396.0054      246.7656   212993   37.69%
   2825    76      251.8853    49      396.0054      246.7656   214793   37.69%
   2847    97      286.7697    37      396.0054      246.7656   216931   37.69%
   2889   135      250.7860    39      396.0054      246.7656   218906   37.69%
   2916   155      259.2355    65      396.0054      246.7656   220519   37.69%
   2962   194      245.4751    65      396.0054      246.7656   222525   37.69%
   3000   226      264.1170    70      396.0054      246.7656   225213   37.69%
Elapsed time = 102.71 sec. (91551.73 ticks, tree = 3.35 MB, solutions = 3)
   3022   248      284.9532    46      396.0054      246.7656   227042   37.69%
   3067   283      253.3260    56      396.0054      246.7656   229539   37.69%
   3121   331      265.8253    44      396.0054      246.7656   232325   37.69%
*  3141   347      integral     0      363.3772      246.7656   233169   32.09%
   3177   376      249.7948    74      363.3772      246.7656   235449   32.09%
   3241   426      250.9479    64      363.3772      246.7656   239153   32.09%
   3300   467      258.8907    58      363.3772      246.7656   242855   32.09%
   3362   519      263.3171    48      363.3772      246.7656   246511   32.09%
   3441   580      250.3865    70      363.3772      246.9936   250553   32.03%
   3503   628      247.3143    93      363.3772      247.0473   254656   32.01%
   3575   694      335.3565    36      363.3772      247.1294   258212   31.99%
Elapsed time = 114.07 sec. (102596.90 ticks, tree = 6.99 MB, solutions = 4)
   3632   731      254.7321    62      363.3772      247.1986   262323   31.97%
   3700   787      268.9558    58      363.3772      247.3221   266634   31.94%
   3754   823        cutoff            363.3772      247.3221   270645   31.94%
   3827   887      252.1672    58      363.3772      247.3885   274221   31.92%
   3905   953      313.7010    46      363.3772      247.4066   278534   31.91%
   3942   977      253.2050    66      363.3772      247.4443   282459   31.90%
   4031  1050      357.2405    21      363.3772      247.4915   286917   31.89%
   4105  1111      259.1855    73      363.3772      247.6060   290863   31.86%
   4190  1176      260.9322    61      363.3772      247.6736   296083   31.84%
   4265  1234      260.7818    62      363.3772      247.7393   300672   31.82%
Elapsed time = 124.94 sec. (112269.98 ticks, tree = 7.62 MB, solutions = 4)
   4347  1294      250.2970    71      363.3772      247.7873   305250   31.81%
   4411  1344      251.4873    91      363.3772      247.8048   310232   31.81%
   4476  1389      255.4668    53      363.3772      247.8153   315742   31.80%
   4533  1434      277.5726    52      363.3772      247.8942   320698   31.78%
   4605  1497      258.9662    53      363.3772      247.9314   325839   31.77%
   4672  1544      251.9722    82      363.3772      247.9607   330739   31.76%
   4733  1587      255.1883    56      363.3772      247.9904   335976   31.75%
   4799  1639      266.5414    55      363.3772      248.0791   340934   31.73%
   4869  1681      265.4388    44      363.3772      248.1207   345876   31.72%
   5187  1905    infeasible            363.3772      248.4586   365790   31.63%
Elapsed time = 138.80 sec. (124845.81 ticks, tree = 8.30 MB, solutions = 4)
   5447  2102      302.0494    41      363.3772      248.6061   387676   31.58%
   5696  2273      267.1702    58      363.3772      248.8538   405812   31.52%
*  5810  2325      integral     0      356.2740      248.9141   412190   30.13%
   5910  2398      250.0771    80      356.2740      249.0478   420057   30.10%
   6197  2597      253.9533    73      356.2740      249.2754   440255   30.03%
   6464  2780      272.9916    61      356.2740      249.5317   460199   29.96%
   6745  2980      322.3694    41      356.2740      249.6494   478355   29.93%
   7003  3154      256.2188    73      356.2740      249.7477   499211   29.90%
   7264  3343      268.6020    61      356.2740      249.8851   520556   29.86%
   7522  3517      290.1787    59      356.2740      249.9819   541605   29.83%
   7791  3703    infeasible            356.2740      250.0694   562244   29.81%
Elapsed time = 182.18 sec. (163770.02 ticks, tree = 11.90 MB, solutions = 5)
*  7894  3656      integral     0      344.9166      250.0978   570546   27.49%
*  7994+ 3704                          343.9617      250.1233            27.28%
*  7994+ 3704                          343.8200      250.1233            27.25%
   8035  3731      251.0814    74      343.8200      250.1296   579991   27.25%
   8296  3911    infeasible            343.8200      250.2499   601706   27.21%
   8538  4055      273.6621    56      343.8200      250.3698   623332   27.18%
   8845  4259      283.2256    45      343.8200      250.4343   643933   27.16%
   9117  4438      265.1699    50      343.8200      250.5615   665638   27.12%
   9362  4610    infeasible            343.8200      250.6102   685561   27.11%
   9595  4770      263.4824    63      343.8200      250.6858   706834   27.09%
   9867  4943      251.5287    62      343.8200      250.7316   728668   27.07%
  10097  5089      255.0913    61      343.8200      250.7879   751281   27.06%
  10373  5266      286.2266    49      343.8200      250.8606   772014   27.04%
Elapsed time = 225.19 sec. (202009.67 ticks, tree = 14.11 MB, solutions = 8)
  10647  5459      338.4198    52      343.8200      250.9049   793535   27.02%
  10861  5592      257.0916    52      343.8200      250.9653   811107   27.01%
  11081  5722      263.9457    57      343.8200      251.0393   834434   26.99%
  11341  5883      254.1337    66      343.8200      251.0996   856699   26.97%
  11589  6051      263.5093    44      343.8200      251.1643   878998   26.95%
  11853  6197      289.0328    42      343.8200      251.2271   901659   26.93%
  12132  6379      253.0877    75      343.8200      251.2767   923629   26.92%
  12408  6559      251.4243    65      343.8200      251.3484   944716   26.90%
  12665  6717      337.2306    44      343.8200      251.3930   965855   26.88%
  12901  6848      298.4959    49      343.8200      251.4633   988284   26.86%
Elapsed time = 268.43 sec. (240423.95 ticks, tree = 16.45 MB, solutions = 8)
  13159  6991      259.5490    41      343.8200      251.5001  1009185   26.85%
  13404  7150      265.4968    64      343.8200      251.5467  1031393   26.84%
  13637  7300      278.1174    58      343.8200      251.5769  1052594   26.83%
  13891  7464      255.6878    57      343.8200      251.6064  1074454   26.82%
  14155  7623      280.3324    53      343.8200      251.6716  1095888   26.80%
  14395  7764      253.1073    67      343.8200      251.6935  1118019   26.79%
  14662  7921      268.8039    45      343.8200      251.7342  1141086   26.78%
  14899  8062      254.2880    39      343.8200      251.7796  1164172   26.77%
  15115  8193      264.1666    55      343.8200      251.8141  1185764   26.76%
  15365  8353      259.8992    57      343.8200      251.8585  1207617   26.75%
Elapsed time = 311.10 sec. (278642.22 ticks, tree = 18.49 MB, solutions = 8)
  15638  8534      266.3357    58      343.8200      251.8945  1230761   26.74%
  15928  8697      274.0734    46      343.8200      251.9515  1253641   26.72%
  16188  8859      258.2864    48      343.8200      252.0169  1276034   26.70%
  16451  9016        cutoff            343.8200      252.0567  1297444   26.69%
  16688  9164        cutoff            343.8200      252.0880  1320981   26.68%
  16945  9313      252.5365    82      343.8200      252.1297  1343251   26.67%
  17219  9492      253.2550    65      343.8200      252.1627  1365656   26.66%
  17490  9641      255.3158    63      343.8200      252.2107  1387705   26.64%
  17745  9795      321.1132    40      343.8200      252.2308  1408950   26.64%
  18011  9973      286.8063    49      343.8200      252.2685  1431257   26.63%
Elapsed time = 354.63 sec. (316853.89 ticks, tree = 20.38 MB, solutions = 8)
  18269 10138      273.4940    48      343.8200      252.3065  1453706   26.62%
  18531 10297        cutoff            343.8200      252.3444  1475561   26.61%
  18788 10446      253.3618    69      343.8200      252.3917  1497913   26.59%
  19048 10604      256.5435    56      343.8200      252.4241  1520876   26.58%
  19307 10733      265.6035    62      343.8200      252.4460  1543064   26.58%
  19579 10900      275.3387    62      343.8200      252.4741  1564880   26.57%
  19792 11027      257.6793    64      343.8200      252.5218  1584969   26.55%
  20056 11164      260.4466    63      343.8200      252.5657  1607096   26.54%
  20334 11332      258.5701    61      343.8200      252.6030  1629802   26.53%
  20601 11490      263.7916    66      343.8200      252.6421  1652278   26.52%
Elapsed time = 396.70 sec. (355127.93 ticks, tree = 22.07 MB, solutions = 8)
  20865 11648    infeasible            343.8200      252.6955  1675223   26.50%
  21120 11802      265.4418    47      343.8200      252.7124  1697609   26.50%
  21401 11979      264.7031    50      343.8200      252.7461  1719183   26.49%
  21644 12126      258.0864    56      343.8200      252.7697  1741464   26.48%
  21892 12269      283.9783    60      343.8200      252.7960  1763295   26.47%
  22122 12413      264.6883    55      343.8200      252.8252  1784831   26.47%
  22327 12540      273.4133    58      343.8200      252.8490  1807169   26.46%
  22578 12687      264.4174    63      343.8200      252.8827  1828491   26.45%
  22832 12829      258.2276    61      343.8200      252.9088  1850695   26.44%
  23115 13011      260.7652    48      343.8200      252.9301  1872619   26.44%
Elapsed time = 439.06 sec. (393403.65 ticks, tree = 24.25 MB, solutions = 8)
  23364 13158      307.1482    41      343.8200      252.9480  1895239   26.43%
  23656 13331      292.8532    62      343.8200      252.9881  1916324   26.42%
  23914 13490      277.2939    57      343.8200      253.0122  1939547   26.41%
  24177 13631    infeasible            343.8200      253.0548  1962332   26.40%
  24413 13776      259.2744    61      343.8200      253.0853  1985835   26.39%
  24662 13926      280.1021    57      343.8200      253.1100  2008000   26.38%
  24902 14057      258.8255    65      343.8200      253.1333  2029893   26.38%
  25145 14205      271.8241    54      343.8200      253.1545  2052642   26.37%
  25405 14357    infeasible            343.8200      253.1810  2076275   26.36%
  25666 14512      259.6044    51      343.8200      253.2044  2099040   26.36%
Elapsed time = 480.05 sec. (431691.26 ticks, tree = 26.07 MB, solutions = 8)
  25954 14680      256.8799    74      343.8200      253.2343  2121673   26.35%
  26238 14823      254.1501    79      343.8200      253.2575  2143837   26.34%
  26467 14978      258.3248    71      343.8200      253.2776  2164951   26.33%
  26734 15131      263.0137    57      343.8200      253.3076  2188566   26.33%
  26978 15279      263.5831    70      343.8200      253.3264  2209354   26.32%
  27224 15421    infeasible            343.8200      253.3481  2231398   26.31%
  27481 15565      255.5494    62      343.8200      253.3754  2253969   26.31%
  27733 15704      259.5652    75      343.8200      253.3990  2276545   26.30%
  27988 15849      256.4869    64      343.8200      253.4162  2298920   26.29%
  28232 16006      261.5935    61      343.8200      253.4374  2321709   26.29%
Elapsed time = 517.55 sec. (469987.70 ticks, tree = 27.60 MB, solutions = 8)
  28521 16174      275.2395    45      343.8200      253.4537  2344652   26.28%
  28745 16291      270.7884    48      343.8200      253.4752  2367631   26.28%
  29012 16463      255.1916    73      343.8200      253.4981  2390169   26.27%
  29307 16638      268.7760    57      343.8200      253.5148  2412923   26.27%
  29600 16802      260.3221    55      343.8200      253.5359  2434878   26.26%
  29855 16956      287.4998    34      343.8200      253.5479  2457570   26.26%
  30102 17101      253.9578    67      343.8200      253.5681  2478964   26.25%
  30345 17257      268.0820    60      343.8200      253.5961  2501582   26.24%
  30586 17372      275.4259    55      343.8200      253.6213  2524648   26.23%
  30815 17504      268.1244    47      343.8200      253.6411  2542891   26.23%
Elapsed time = 552.82 sec. (508431.92 ticks, tree = 29.90 MB, solutions = 8)
  31058 17636      267.2176    55      343.8200      253.6565  2566322   26.22%
  31327 17802      327.1321    47      343.8200      253.6729  2590165   26.22%
  31613 17964      254.0981    73      343.8200      253.7062  2611815   26.21%
  31877 18128      309.3437    47      343.8200      253.7276  2634728   26.20%
  32132 18259      255.9220    64      343.8200      253.7482  2658821   26.20%
  32366 18414      281.8747    59      343.8200      253.7602  2681807   26.19%
  32625 18555      265.8206    52      343.8200      253.7803  2704483   26.19%
  32844 18661      263.4041    65      343.8200      253.8062  2727614   26.18%
  33103 18802      260.2666    35      343.8200      253.8317  2751654   26.17%
  33396 18973      253.8487    60      343.8200      253.8487  2773936   26.17%
Elapsed time = 587.45 sec. (546671.54 ticks, tree = 31.59 MB, solutions = 8)
  33624 19107      262.6080    67      343.8200      253.8685  2796775   26.16%
  33875 19240      273.0631    54      343.8200      253.8827  2820671   26.16%
  34133 19399      309.5493    37      343.8200      253.9023  2842054   26.15%
  34346 19514      271.6241    60      343.8200      253.9148  2864036   26.15%
  34579 19643      255.1281    62      343.8200      253.9391  2887561   26.14%
  34809 19779      276.6808    53      343.8200      253.9524  2909242   26.14%
  35088 19916      264.6338    68      343.8200      253.9784  2932355   26.13%
  35380 20082        cutoff            343.8200      253.9942  2954570   26.13%
  35668 20252      260.1163    66      343.8200      254.0122  2977006   26.12%
  35931 20388      257.2122    54      343.8200      254.0286  2999308   26.12%
Elapsed time = 622.44 sec. (584899.14 ticks, tree = 33.13 MB, solutions = 8)
  36170 20519      343.2417    26      343.8200      254.0451  3022247   26.11%
  36451 20674      265.4582    54      343.8200      254.0630  3045573   26.11%
  36732 20821      270.5816    53      343.8200      254.0887  3068451   26.10%
  36960 20955      275.2668    66      343.8200      254.1046  3091375   26.09%
  37239 21113      265.0557    67      343.8200      254.1182  3113682   26.09%
  37477 21249      259.4594    62      343.8200      254.1383  3136321   26.08%
  37724 21393      259.4174    65      343.8200      254.1482  3159507   26.08%
  37983 21532      274.4661    46      343.8200      254.1664  3181588   26.08%
  38229 21656      285.0652    47      343.8200      254.1837  3205042   26.07%
  38488 21805      302.3263    48      343.8200      254.2044  3227919   26.06%
Elapsed time = 657.86 sec. (623203.46 ticks, tree = 34.86 MB, solutions = 8)
  38725 21901      257.7777    66      343.8200      254.2308  3252016   26.06%
  38950 22024      256.4925    60      343.8200      254.2429  3275957   26.05%
  39190 22163      292.6285    49      343.8200      254.2561  3299562   26.05%
  39493 22330      264.8426    59      343.8200      254.2785  3322384   26.04%
  39760 22485    infeasible            343.8200      254.2940  3345552   26.04%
  40019 22610      260.7918    48      343.8200      254.3200  3367812   26.03%
  40249 22729      303.1304    38      343.8200      254.3348  3391369   26.03%
  40515 22867      279.6446    45      343.8200      254.3488  3414968   26.02%
  40751 22999      268.5244    35      343.8200      254.3660  3438758   26.02%
  41008 23152      271.2302    50      343.8200      254.3807  3462159   26.01%
Elapsed time = 692.56 sec. (661476.48 ticks, tree = 36.58 MB, solutions = 8)
  41292 23302      268.6113    51      343.8200      254.3998  3484540   26.01%
  41547 23445      265.3967    53      343.8200      254.4242  3508622   26.00%
  41789 23557      273.8607    55      343.8200      254.4415  3531841   26.00%
  42060 23701      258.0013    63      343.8200      254.4636  3554088   25.99%
  42315 23852      278.2503    57      343.8200      254.4775  3576364   25.99%
  42591 24035      340.1402    17      343.8200      254.4894  3598569   25.98%
  42865 24187      258.0314    63      343.8200      254.5076  3622088   25.98%
  43147 24331      341.2763    25      343.8200      254.5221  3644559   25.97%
  43374 24434      274.4872    51      343.8200      254.5476  3669646   25.96%
  43640 24566      256.2991    65      343.8200      254.5633  3691985   25.96%
Elapsed time = 727.01 sec. (699778.75 ticks, tree = 38.21 MB, solutions = 8)
  43870 24676      284.2562    44      343.8200      254.5778  3714271   25.96%
  44094 24803      256.6372    51      343.8200      254.5939  3736429   25.95%
  44376 24952      255.5316    60      343.8200      254.6097  3759010   25.95%
  44620 25086      272.0850    58      343.8200      254.6263  3782280   25.94%
  44877 25213      293.7996    25      343.8200      254.6379  3806254   25.94%
  45159 25355      265.5803    42      343.8200      254.6560  3828834   25.93%
  45404 25470      261.5010    46      343.8200      254.6688  3852868   25.93%
  45685 25634      264.1503    60      343.8200      254.6855  3874773   25.92%
  45939 25775      268.8427    64      343.8200      254.6978  3897966   25.92%
  46215 25923      278.5745    56      343.8200      254.7116  3920974   25.92%
Elapsed time = 762.14 sec. (738045.37 ticks, tree = 39.72 MB, solutions = 8)
  46465 26057      254.9106    67      343.8200      254.7321  3944754   25.91%
  46714 26194      276.9075    50      343.8200      254.7518  3968579   25.91%
  46958 26311      276.6408    47      343.8200      254.7659  3992117   25.90%
  47228 26455      262.9013    48      343.8200      254.7833  4015151   25.90%
  47475 26573    infeasible            343.8200      254.7932  4037482   25.89%
  47715 26710      335.0322    49      343.8200      254.8063  4060502   25.89%
  47927 26818      275.6071    61      343.8200      254.8285  4079087   25.88%
  48174 26952      269.2091    45      343.8200      254.8396  4101579   25.88%
  48425 27082      280.8858    52      343.8200      254.8542  4125123   25.88%
  48665 27210      288.8897    40      343.8200      254.8668  4148155   25.87%
Elapsed time = 799.39 sec. (776353.87 ticks, tree = 41.22 MB, solutions = 8)
  48927 27354    infeasible            343.8200      254.8860  4170432   25.87%
  49168 27471      262.6019    56      343.8200      254.9068  4194013   25.86%
  49407 27588      285.7252    43      343.8200      254.9142  4217278   25.86%
  49661 27721      340.6237    27      343.8200      254.9367  4240802   25.85%
  49906 27851      307.7517    48      343.8200      254.9535  4263582   25.85%
  50157 27980      260.1730    52      343.8200      254.9704  4286572   25.84%
  50395 28087      267.4494    54      343.8200      254.9871  4309936   25.84%
  50647 28213      278.7846    52      343.8200      255.0045  4333537   25.83%
  50907 28352      293.8928    61      343.8200      255.0172  4357132   25.83%
  51148 28477      262.6131    64      343.8200      255.0313  4379450   25.82%
Elapsed time = 834.10 sec. (814585.71 ticks, tree = 42.54 MB, solutions = 8)
  51434 28631      260.5021    68      343.8200      255.0474  4403130   25.82%
  51686 28756      257.9104    63      343.8200      255.0651  4426291   25.81%
  51955 28900      272.3479    51      343.8200      255.0825  4450098   25.81%
  52209 29021      258.7856    59      343.8200      255.1006  4473701   25.80%
  52459 29149        cutoff            343.8200      255.1170  4497186   25.80%
  52714 29309      274.9534    56      343.8200      255.1344  4519481   25.79%
  52954 29444      323.4299    32      343.8200      255.1449  4541310   25.79%
  53251 29623      312.0032    39      343.8200      255.1543  4563235   25.79%
  53497 29746    infeasible            343.8200      255.1690  4586575   25.78%
  53738 29888      265.3769    40      343.8200      255.1794  4609795   25.78%
Elapsed time = 869.15 sec. (852930.28 ticks, tree = 44.12 MB, solutions = 8)
  53997 30041      279.1582    39      343.8200      255.1953  4632305   25.78%
  54233 30183      334.6534    31      343.8200      255.2061  4656596   25.77%
  54489 30319      260.4844    62      343.8200      255.2233  4680196   25.77%
  54735 30423      262.1370    55      343.8200      255.2366  4704791   25.76%
  55006 30557      296.6491    59      343.8200      255.2497  4727696   25.76%
  55259 30689    infeasible            343.8200      255.2587  4751289   25.76%
  55484 30796      255.7484    81      343.8200      255.2669  4774852   25.76%
  55764 30953      263.6446    60      343.8200      255.2771  4798043   25.75%
  55996 31067      269.2504    45      343.8200      255.2875  4821375   25.75%
  56250 31217      265.9537    54      343.8200      255.2973  4845083   25.75%
Elapsed time = 903.66 sec. (891157.00 ticks, tree = 45.57 MB, solutions = 8)
  56503 31352        cutoff            343.8200      255.3082  4868398   25.74%
  56757 31477      263.4455    44      343.8200      255.3236  4890800   25.74%
  57012 31592      257.6561    56      343.8200      255.3381  4913324   25.73%
  57248 31694      257.5101    65      343.8200      255.3546  4935383   25.73%
  57499 31839      278.4668    56      343.8200      255.3660  4958461   25.73%
  57730 31950      278.3238    51      343.8200      255.3826  4981907   25.72%
  57945 32083      275.2265    54      343.8200      255.3901  5004742   25.72%
  58204 32222      257.8229    46      343.8200      255.4048  5027384   25.72%
  58442 32342      264.2243    58      343.8200      255.4175  5050849   25.71%
  58724 32510      259.6884    56      343.8200      255.4272  5073879   25.71%
Elapsed time = 938.63 sec. (929451.73 ticks, tree = 46.88 MB, solutions = 8)
  58949 32617      274.1102    58      343.8200      255.4436  5094789   25.70%
  59215 32753      256.4576    56      343.8200      255.4610  5116763   25.70%
  59441 32867      287.3008    43      343.8200      255.4708  5140305   25.70%
  59652 32977    infeasible            343.8200      255.4825  5165604   25.69%
  59898 33106      291.5330    57      343.8200      255.4918  5188130   25.69%
  60150 33239      294.8340    59      343.8200      255.5033  5211035   25.69%
  60367 33341      258.1567    60      343.8200      255.5139  5234855   25.68%
  60607 33457      258.1393    59      343.8200      255.5225  5258180   25.68%
  60861 33592      257.9212    70      343.8200      255.5351  5281551   25.68%
  61101 33724      273.8407    48      343.8200      255.5432  5304882   25.68%
Elapsed time = 973.62 sec. (967702.33 ticks, tree = 49.63 MB, solutions = 8)
  61375 33853      264.0976    66      343.8200      255.5586  5328815   25.67%
  61648 34008      261.1364    59      343.8200      255.5716  5352447   25.67%
  61898 34175      269.3480    40      343.8200      255.5782  5375230   25.67%
  62176 34324      265.4663    49      343.8200      255.5898  5397638   25.66%
  62445 34496      260.8803    54      343.8200      255.5980  5420624   25.66%
  62720 34642      339.0856    29      343.8200      255.6082  5444380   25.66%
  62959 34761      259.2884    55      343.8200      255.6224  5468153   25.65%
  63192 34882      261.7459    54      343.8200      255.6299  5491240   25.65%
  63490 35068      264.8865    49      343.8200      255.6438  5512729   25.65%
  63747 35195      268.8502    49      343.8200      255.6587  5535031   25.64%
Elapsed time = 1008.43 sec. (1005951.72 ticks, tree = 51.28 MB, solutions = 8)
  63998 35335      281.5248    47      343.8200      255.6688  5557414   25.64%
  64252 35470      272.6279    58      343.8200      255.6839  5581131   25.63%
  64527 35600      264.3021    56      343.8200      255.6993  5604416   25.63%
  64769 35728      256.4139    59      343.8200      255.7149  5628252   25.63%
  65023 35856      260.8513    63      343.8200      255.7271  5652407   25.62%
  65254 35977      258.4915    61      343.8200      255.7383  5675090   25.62%
  65543 36142      276.9131    50      343.8200      255.7518  5698109   25.61%
  65777 36281      263.5464    62      343.8200      255.7612  5719073   25.61%
  66015 36393      259.8844    69      343.8200      255.7786  5742379   25.61%
  66289 36534    infeasible            343.8200      255.7941  5765618   25.60%
Elapsed time = 1043.57 sec. (1044237.46 ticks, tree = 52.79 MB, solutions = 8)
  66526 36678      270.1209    62      343.8200      255.8031  5789393   25.60%
  66811 36806        cutoff            343.8200      255.8181  5812555   25.60%
  67052 36925      263.0781    55      343.8200      255.8301  5835800   25.59%
  67339 37078    infeasible            343.8200      255.8439  5859135   25.59%
  67584 37196      256.9337    58      343.8200      255.8577  5882765   25.58%
  67845 37338      277.8000    49      343.8200      255.8662  5904756   25.58%
  68097 37468      281.9042    46      343.8200      255.8790  5928368   25.58%
  68378 37624      287.5280    51      343.8200      255.8919  5952225   25.57%
  68618 37757      329.1703    62      343.8200      255.9047  5976769   25.57%
  68882 37876      281.2986    47      343.8200      255.9203  5999264   25.57%
Elapsed time = 1078.13 sec. (1082485.97 ticks, tree = 54.25 MB, solutions = 8)
  69136 38031      287.5832    51      343.8200      255.9262  6023167   25.56%
  69358 38157      259.6431    38      343.8200      255.9389  6046075   25.56%
* 69628 38294      integral     0      343.5168      255.9460  6068135   25.49%
  69636 38296      272.1598    39      343.5168      255.9467  6069065   25.49%
* 69728+38258                          343.0935      255.9521            25.40%
  69888 38336    infeasible            343.0935      255.9597  6090810   25.40%
  70142 38463      276.3607    52      343.0935      255.9719  6113978   25.39%
  70395 38585      292.3347    48      343.0935      255.9822  6138017   25.39%
  70649 38715      274.4369    61      343.0935      255.9895  6162235   25.39%
  70908 38874      268.6765    49      343.0935      256.0011  6184804   25.38%
  71181 39009      274.5300    53      343.0935      256.0182  6208116   25.38%
  71414 39121      285.1292    48      343.0935      256.0262  6232051   25.38%
Elapsed time = 1112.84 sec. (1120734.52 ticks, tree = 55.76 MB, solutions = 10)
  71649 39241      290.3566    53      343.0935      256.0378  6255697   25.37%
  71895 39365      261.4536    49      343.0935      256.0472  6278835   25.37%
  72154 39532      291.4387    47      343.0935      256.0586  6302037   25.37%
  72444 39690      342.0670    25      343.0935      256.0747  6324667   25.36%
  72720 39831      277.2589    43      343.0935      256.0877  6347871   25.36%
  73007 39989      259.1873    61      343.0935      256.0979  6371224   25.36%
  73264 40120    infeasible            343.0935      256.1066  6395306   25.35%
  73527 40254      307.1352    45      343.0935      256.1173  6417615   25.35%
  73787 40390      256.1269    57      343.0935      256.1273  6439263   25.35%
  74014 40492      260.7310    58      343.0935      256.1405  6461278   25.34%
Elapsed time = 1147.78 sec. (1159036.13 ticks, tree = 57.20 MB, solutions = 10)
  74273 40633      269.0433    47      343.0935      256.1479  6484294   25.34%
  74528 40787      268.1276    60      343.0935      256.1586  6506761   25.34%
  74731 40908      263.7652    54      343.0935      256.1612  6530876   25.34%
  74967 41038      272.7164    48      343.0935      256.1742  6554049   25.33%
  75243 41169      274.4872    51      343.0935      256.1869  6576094   25.33%
  75485 41303      261.8802    40      343.0935      256.1968  6599867   25.33%
  75723 41419      263.7601    55      343.0935      256.2068  6623233   25.32%
  75944 41518      262.3880    54      343.0935      256.2171  6647123   25.32%
  76189 41642      259.0419    62      343.0935      256.2248  6669865   25.32%
  76460 41774      282.4202    61      343.0935      256.2368  6692585   25.32%
Elapsed time = 1183.30 sec. (1197320.36 ticks, tree = 58.65 MB, solutions = 10)
  76712 41887      264.1904    65      343.0935      256.2458  6716319   25.31%
  76955 42008      256.8932    61      343.0935      256.2593  6739550   25.31%
  77199 42126      264.5669    44      343.0935      256.2672  6763941   25.31%
  77450 42260      278.1581    51      343.0935      256.2759  6787091   25.30%
  77730 42414      259.0853    63      343.0935      256.2835  6809269   25.30%
  78009 42570      266.2929    62      343.0935      256.2913  6831470   25.30%
  78275 42708      270.0943    56      343.0935      256.2997  6853744   25.30%
  78547 42863      286.7888    46      343.0935      256.3102  6876963   25.29%
  78791 42989      264.3852    53      343.0935      256.3214  6900519   25.29%
  79032 43108      262.0071    54      343.0935      256.3285  6924341   25.29%
Elapsed time = 1218.22 sec. (1235591.14 ticks, tree = 60.15 MB, solutions = 10)
  79288 43244        cutoff            343.0935      256.3346  6948432   25.29%
  79550 43368      264.2307    60      343.0935      256.3458  6971666   25.28%
  79795 43508      298.7278    36      343.0935      256.3574  6994532   25.28%
  80079 43634      267.5539    53      343.0935      256.3733  7018052   25.28%
  80375 43795        cutoff            343.0935      256.3868  7040603   25.27%
  80631 43938      327.5697    32      343.0935      256.3968  7064309   25.27%
  80885 44093    infeasible            343.0935      256.4023  7086334   25.27%
  81144 44216      287.7665    46      343.0935      256.4083  7109468   25.27%
  81436 44364      290.3425    46      343.0935      256.4189  7132090   25.26%
  81711 44525      267.2636    60      343.0935      256.4270  7155171   25.26%
Elapsed time = 1253.47 sec. (1273822.46 ticks, tree = 61.74 MB, solutions = 10)
  81964 44657      329.9127    39      343.0935      256.4415  7177599   25.26%
  82230 44785      260.1635    64      343.0935      256.4523  7200487   25.25%
  82475 44926      261.3320    51      343.0935      256.4608  7223074   25.25%
  82726 45068    infeasible            343.0935      256.4694  7246270   25.25%
  82987 45235      264.8897    54      343.0935      256.4793  7268307   25.25%
  83258 45380      274.1003    49      343.0935      256.4874  7292805   25.24%
  83520 45511    infeasible            343.0935      256.4930  7316613   25.24%
  83752 45650      262.6809    56      343.0935      256.4998  7340324   25.24%
  83994 45770      272.4263    60      343.0935      256.5094  7364095   25.24%
  84257 45902      260.6226    57      343.0935      256.5188  7388086   25.23%
Elapsed time = 1288.89 sec. (1312144.15 ticks, tree = 63.44 MB, solutions = 10)
  84489 46023      262.1765    57      343.0935      256.5260  7411418   25.23%
  84713 46129      264.8172    68      343.0935      256.5351  7435288   25.23%
  84986 46289      280.2517    52      343.0935      256.5424  7457984   25.23%
  85242 46415      261.9310    58      343.0935      256.5534  7481241   25.22%
  85492 46563      274.9224    38      343.0935      256.5611  7503761   25.22%
  85761 46707        cutoff            343.0935      256.5749  7527433   25.22%
  86004 46811      334.0563    32      343.0935      256.5850  7550155   25.21%
* 86190 46566      integral     0      340.6631      256.5930  7566308   24.68%
  86272 46596      279.8784    51      340.6631      256.5954  7573127   24.68%
* 86290+46593                          340.6184      256.5955            24.67%
* 86290+46586                          340.5181      256.5955            24.65%
  86470 46694      326.1866    38      340.5181      256.5986  7594011   24.64%
  86713 46819      262.5872    53      340.5181      256.6055  7617212   24.64%
Elapsed time = 1323.76 sec. (1350462.41 ticks, tree = 64.64 MB, solutions = 13)
  86986 46958        cutoff            340.5181      256.6202  7638178   24.64%
  87250 47104      295.5396    49      340.5181      256.6320  7661454   24.63%
  87526 47233      306.3732    46      340.5181      256.6422  7685032   24.63%
  87814 47393      261.3585    47      340.5181      256.6518  7707844   24.63%
  88093 47534      272.8547    54      340.5181      256.6601  7730749   24.63%
  88335 47653      267.0940    47      340.5181      256.6674  7751976   24.62%
  88589 47797      281.0749    49      340.5181      256.6771  7775252   24.62%
  88839 47934        cutoff            340.5181      256.6829  7798429   24.62%
  89091 48078      277.6170    41      340.5181      256.6914  7822240   24.62%
  89323 48189      262.6904    53      340.5181      256.7046  7845361   24.61%
Elapsed time = 1359.16 sec. (1388744.08 ticks, tree = 66.45 MB, solutions = 13)
  89566 48338      261.6170    61      340.5181      256.7099  7867003   24.61%
  89794 48451      292.6098    40      340.5181      256.7171  7886997   24.61%
  90030 48567      299.1454    47      340.5181      256.7239  7910437   24.61%
  90261 48693      264.1374    60      340.5181      256.7280  7933690   24.61%
  90547 48829      260.1583    61      340.5181      256.7363  7956601   24.60%
  90764 48945      317.2759    37      340.5181      256.7422  7974936   24.60%
  91007 49069      261.4315    42      340.5181      256.7520  7998856   24.60%
  91250 49191      272.5845    50      340.5181      256.7582  8022113   24.60%
  91540 49343    infeasible            340.5181      256.7681  8044542   24.59%
  91808 49478      260.0807    57      340.5181      256.7814  8067450   24.59%
Elapsed time = 1393.74 sec. (1426985.55 ticks, tree = 67.90 MB, solutions = 13)
  92021 49588      263.1601    46      340.5181      256.7896  8091761   24.59%
  92227 49701      296.1422    37      340.5181      256.7954  8114595   24.59%
  92487 49825      283.0032    55      340.5181      256.8079  8137269   24.58%
  92775 49991      265.0843    65      340.5181      256.8152  8159668   24.58%
  93024 50097      272.0302    43      340.5181      256.8274  8183843   24.58%
  93286 50247    infeasible            340.5181      256.8340  8206543   24.58%
  93556 50388      268.4944    59      340.5181      256.8431  8229862   24.57%
  93817 50525      258.1804    83      340.5181      256.8518  8253136   24.57%
  94061 50665        cutoff            340.5181      256.8593  8275139   24.57%
  94343 50809      265.8573    46      340.5181      256.8658  8299054   24.57%
Elapsed time = 1428.69 sec. (1465222.28 ticks, tree = 69.41 MB, solutions = 13)
  94602 50935      262.0657    42      340.5181      256.8761  8322305   24.56%
  94841 51056      260.1382    48      340.5181      256.8859  8344319   24.56%
  95117 51195      260.9572    71      340.5181      256.8928  8366712   24.56%
  95373 51360      260.6251    64      340.5181      256.9012  8388308   24.56%
  95617 51484      273.0226    56      340.5181      256.9106  8412059   24.55%
  95868 51624      284.5025    42      340.5181      256.9187  8434900   24.55%
  96093 51750      286.2874    45      340.5181      256.9264  8458078   24.55%
  96324 51857      275.0933    64      340.5181      256.9340  8482028   24.55%
  96585 51990      271.6382    53      340.5181      256.9425  8505374   24.54%
  96827 52104      273.9996    57      340.5181      256.9540  8529175   24.54%
Elapsed time = 1463.38 sec. (1503459.91 ticks, tree = 70.88 MB, solutions = 13)
  97072 52214      279.3543    42      340.5181      256.9625  8553252   24.54%
  97364 52340      267.7821    42      340.5181      256.9759  8576407   24.53%
  97618 52459      258.5181    64      340.5181      256.9876  8600335   24.53%
  97894 52597      260.1419    60      340.5181      256.9959  8623110   24.53%
  98159 52723      265.7533    66      340.5181      257.0043  8646837   24.53%
  98429 52848        cutoff            340.5181      257.0160  8669460   24.52%
  98675 52967      275.3843    53      340.5181      257.0297  8693047   24.52%
  98945 53094      263.5899    64      340.5181      257.0416  8716671   24.51%
  99186 53202      317.3069    39      340.5181      257.0494  8741265   24.51%
  99445 53330      268.4397    53      340.5181      257.0576  8764693   24.51%
Elapsed time = 1508.37 sec. (1541793.58 ticks, tree = 72.23 MB, solutions = 13)
  99701 53440      257.2057    67      340.5181      257.0636  8787909   24.51%
  99945 53570    infeasible            340.5181      257.0707  8812015   24.51%
 100240 53722      259.7863    58      340.5181      257.0852  8835825   24.50%
 100471 53823      265.1420    35      340.5181      257.0961  8859723   24.50%
 100712 53947      266.9305    54      340.5181      257.1092  8883302   24.49%
 100991 54105      277.7000    45      340.5181      257.1148  8906635   24.49%
 101256 54248      273.5486    43      340.5181      257.1249  8930432   24.49%
 101519 54380      261.0063    50      340.5181      257.1358  8953437   24.49%
 101750 54487      258.8672    60      340.5181      257.1450  8976223   24.48%
 101990 54600      267.8039    53      340.5181      257.1529  8999246   24.48%
Elapsed time = 1580.77 sec. (1580031.92 ticks, tree = 73.62 MB, solutions = 13)
 102257 54740      276.8780    55      340.5181      257.1612  9021869   24.48%
 102504 54872      261.4706    74      340.5181      257.1691  9044133   24.48%
 102743 54977      262.3276    51      340.5181      257.1803  9068028   24.47%
 103009 55092      260.9529    62      340.5181      257.1877  9091185   24.47%
 103287 55259      260.7593    56      340.5181      257.1899  9112867   24.47%
 103558 55388      273.2766    50      340.5181      257.2013  9134683   24.47%
 103786 55488      267.8115    60      340.5181      257.2122  9158270   24.46%
 104032 55596      281.9371    44      340.5181      257.2208  9181924   24.46%
 104268 55708      264.4328    61      340.5181      257.2314  9205442   24.46%
 104521 55839      301.8549    35      340.5181      257.2396  9228075   24.46%
Elapsed time = 1620.46 sec. (1618323.53 ticks, tree = 75.07 MB, solutions = 13)
 104773 55977      281.5189    45      340.5181      257.2433  9249795   24.46%
 105004 56088    infeasible            340.5181      257.2529  9273419   24.45%
 105272 56226      264.2038    50      340.5181      257.2615  9296208   24.45%
 105523 56358      263.9494    45      340.5181      257.2723  9319773   24.45%
 105769 56475      257.2823    51      340.5181      257.2823  9341525   24.44%
 106027 56590      262.8389    60      340.5181      257.2960  9365359   24.44%
 106268 56715      270.2451    41      340.5181      257.3052  9388818   24.44%
 106532 56829      270.0853    56      340.5181      257.3120  9411917   24.44%
 106791 56978      304.6166    42      340.5181      257.3193  9434318   24.43%
 107060 57133      267.4929    51      340.5181      257.3277  9457956   24.43%
Elapsed time = 1659.71 sec. (1656556.22 ticks, tree = 76.59 MB, solutions = 13)
 107289 57249    infeasible            340.5181      257.3343  9481869   24.43%
 107530 57384      271.4122    64      340.5181      257.3397  9505450   24.43%
 107762 57505      262.6879    56      340.5181      257.3443  9528521   24.43%
 108015 57628        cutoff            340.5181      257.3520  9551726   24.42%
 108263 57748      266.0756    62      340.5181      257.3609  9575238   24.42%
 108516 57863      258.2936    62      340.5181      257.3706  9598183   24.42%
 108775 57990      270.2858    58      340.5181      257.3775  9621334   24.42%
 109021 58106      267.8909    62      340.5181      257.3892  9645697   24.41%
 109312 58246        cutoff            340.5181      257.3966  9668069   24.41%
 109560 58379      274.7492    52      340.5181      257.4072  9691291   24.41%
Elapsed time = 1699.69 sec. (1694849.47 ticks, tree = 78.21 MB, solutions = 13)
 109833 58500        cutoff            340.5181      257.4124  9713808   24.41%
 110122 58662      270.5991    55      340.5181      257.4184  9736044   24.40%
 110387 58781      266.4484    61      340.5181      257.4281  9759672   24.40%
 110662 58926      262.2196    56      340.5181      257.4370  9782172   24.40%
 110931 59059      260.8959    60      340.5181      257.4481  9805382   24.40%
 111198 59202      275.0106    66      340.5181      257.4579  9828133   24.39%
 111443 59292        cutoff            340.5181      257.4667  9851784   24.39%
 111722 59409      277.0372    46      340.5181      257.4784  9874690   24.39%
 111996 59545      264.5561    53      340.5181      257.4905  9898236   24.38%
 112247 59672      303.6712    36      340.5181      257.4989  9921522   24.38%
Elapsed time = 1738.96 sec. (1733092.38 ticks, tree = 79.78 MB, solutions = 13)
 112515 59803      269.4829    52      340.5181      257.5054  9945099   24.38%
 112785 59927      285.0065    60      340.5181      257.5123  9969605   24.38%
 113059 60083        cutoff            340.5181      257.5207  9992565   24.37%
 113323 60220      260.1360    62      340.5181      257.5280 10015394   24.37%
 113629 60381      259.6744    55      340.5181      257.5416 10038643   24.37%
 113908 60532      266.0268    62      340.5181      257.5533 10061603   24.36%
 114173 60668      307.1247    35      340.5181      257.5584 10084525   24.36%
 114426 60790      299.2036    52      340.5181      257.5650 10107929   24.36%
 114712 60931      264.1514    57      340.5181      257.5702 10131001   24.36%
 114993 61099      325.3820    40      340.5181      257.5785 10153163   24.36%
Elapsed time = 1778.44 sec. (1771357.99 ticks, tree = 81.41 MB, solutions = 13)
 115230 61209      264.9423    66      340.5181      257.5832 10176093   24.36%
 115497 61334    infeasible            340.5181      257.6002 10198630   24.35%
 115745 61455      289.3238    41      340.5181      257.6101 10220889   24.35%
 116018 61587      260.1877    57      340.5181      257.6163 10243860   24.35%
 116302 61740        cutoff            340.5181      257.6248 10266686   24.34%
 116564 61849        cutoff            340.5181      257.6324 10289978   24.34%
 116824 61993      267.3085    41      340.5181      257.6378 10312256   24.34%
 117063 62114      268.7799    40      340.5181      257.6464 10335564   24.34%
 117314 62253      269.3420    51      340.5181      257.6519 10358200   24.34%
 117575 62370      278.7399    37      340.5181      257.6619 10381496   24.33%
Elapsed time = 1818.11 sec. (1809879.67 ticks, tree = 82.85 MB, solutions = 13)
 117808 62482      285.0753    42      340.5181      257.6736 10405060   24.33%
 118048 62614      291.4940    46      340.5181      257.6794 10428597   24.33%
 118330 62761    infeasible            340.5181      257.6914 10451916   24.32%
 118620 62925    infeasible            340.5181      257.7024 10474295   24.32%
 118860 63025      268.2673    54      340.5181      257.7101 10497797   24.32%
 119112 63157      299.8996    49      340.5181      257.7181 10521587   24.32%
 119384 63299      282.3261    47      340.5181      257.7260 10544458   24.31%
 119631 63419      266.4468    63      340.5181      257.7352 10566959   24.31%
 119897 63555      267.0715    43      340.5181      257.7433 10589959   24.31%
 120148 63675      261.2485    51      340.5181      257.7517 10613214   24.31%
Elapsed time = 1858.16 sec. (1848117.31 ticks, tree = 84.24 MB, solutions = 13)
 120431 63832      264.8891    39      340.5181      257.7576 10636112   24.30%
 120673 63964      295.7766    48      340.5181      257.7652 10658762   24.30%
 120934 64072    infeasible            340.5181      257.7755 10682209   24.30%
 121199 64198      286.1676    57      340.5181      257.7866 10704889   24.30%
 121468 64303      262.2099    51      340.5181      257.7962 10728230   24.29%
 121705 64438      325.9359    36      340.5181      257.8018 10750345   24.29%
 121974 64594      257.8078    69      340.5181      257.8078 10772064   24.29%
 122194 64712        cutoff            340.5181      257.8117 10795043   24.29%
 122418 64837      270.6920    49      340.5181      257.8189 10818309   24.29%
 122668 64957      257.8459    75      340.5181      257.8281 10841261   24.28%
Elapsed time = 1897.65 sec. (1886373.14 ticks, tree = 85.56 MB, solutions = 13)
 122953 65103    infeasible            340.5181      257.8351 10863454   24.28%
 123206 65237      326.7267    43      340.5181      257.8417 10887021   24.28%
 123484 65360      261.6249    70      340.5181      257.8509 10910163   24.28%
 123768 65481      264.8789    53      340.5181      257.8586 10933223   24.27%
 123999 65590    infeasible            340.5181      257.8628 10956463   24.27%
 124270 65709      280.1335    46      340.5181      257.8683 10979836   24.27%
 124508 65826      316.7446    36      340.5181      257.8760 11002781   24.27%
 124789 65961      298.3929    36      340.5181      257.8840 11024851   24.27%
 125087 66108      277.9336    44      340.5181      257.8937 11047762   24.26%
 125361 66245      282.2666    46      340.5181      257.8986 11071250   24.26%
Elapsed time = 1937.11 sec. (1924629.08 ticks, tree = 89.92 MB, solutions = 13)
 125610 66359        cutoff            340.5181      257.9071 11094099   24.26%
 125828 66454    infeasible            340.5181      257.9119 11111803   24.26%
 126081 66609      284.5135    58      340.5181      257.9154 11134467   24.26%
 126336 66718      310.8407    38      340.5181      257.9246 11157513   24.26%
 126600 66838      287.1513    58      340.5181      257.9306 11180759   24.25%
 126859 66972      272.1113    55      340.5181      257.9390 11203175   24.25%
 127132 67124      270.3109    52      340.5181      257.9489 11225483   24.25%
 127370 67239      269.4119    53      340.5181      257.9557 11249041   24.25%
 127628 67384      331.7372    32      340.5181      257.9607 11271804   24.24%
 127878 67505      262.2830    46      340.5181      257.9654 11295402   24.24%
Elapsed time = 1976.53 sec. (1962935.25 ticks, tree = 91.31 MB, solutions = 13)
 128144 67660      268.8412    55      340.5181      257.9712 11318077   24.24%
 128375 67777      270.3455    45      340.5181      257.9803 11342021   24.24%
 128655 67936      258.0344    56      340.5181      257.9869 11363816   24.24%
 128893 68065      307.3217    43      340.5181      257.9936 11387323   24.23%
 129154 68193      272.1924    48      340.5181      257.9996 11410613   24.23%
 129409 68296      281.5113    62      340.5181      258.0100 11434227   24.23%
 129650 68415      269.9552    50      340.5181      258.0188 11457056   24.23%
 129888 68537      259.3385    50      340.5181      258.0244 11480359   24.23%
 130155 68664      267.1162    59      340.5181      258.0323 11502788   24.22%
 130400 68801    infeasible            340.5181      258.0376 11525819   24.22%
Elapsed time = 2016.14 sec. (2001289.78 ticks, tree = 92.79 MB, solutions = 13)
 130669 68937    infeasible            340.5181      258.0447 11549721   24.22%
 130935 69072      272.8874    49      340.5181      258.0544 11572804   24.22%
 131179 69221        cutoff            340.5181      258.0573 11595819   24.22%
 131447 69323      259.4615    59      340.5181      258.0652 11619352   24.21%
 131730 69461      271.4810    58      340.5181      258.0705 11642425   24.21%
 131947 69544        cutoff            340.5181      258.0772 11666516   24.21%
 132159 69656      274.6900    47      340.5181      258.0807 11689477   24.21%
 132398 69778      266.4266    52      340.5181      258.0862 11710756   24.21%
 132665 69930      262.3966    61      340.5181      258.0905 11733873   24.21%
 132919 70040      277.3207    43      340.5181      258.0969 11756578   24.20%
Elapsed time = 2055.98 sec. (2039507.21 ticks, tree = 94.21 MB, solutions = 13)
 133197 70181    infeasible            340.5181      258.1026 11780350   24.20%
 133471 70307      271.9066    50      340.5181      258.1078 11803219   24.20%
 133761 70459      315.0704    45      340.5181      258.1130 11825441   24.20%
 133997 70578      280.2843    41      340.5181      258.1181 11848264   24.20%
 134258 70704      260.4959    42      340.5181      258.1274 11871205   24.20%
 134558 70850      273.7071    53      340.5181      258.1339 11893523   24.19%
 134796 70991      279.0518    48      340.5181      258.1399 11912284   24.19%
 135059 71118      259.5749    45      340.5181      258.1449 11935400   24.19%
 135336 71279      329.6897    26      340.5181      258.1522 11957578   24.19%
 135574 71397      335.7708    37      340.5181      258.1585 11980788   24.19%
Elapsed time = 2096.58 sec. (2077767.74 ticks, tree = 95.81 MB, solutions = 13)
 135834 71500      269.0301    67      340.5181      258.1673 12004594   24.18%
 136077 71618      279.6617    45      340.5181      258.1734 12027456   24.18%
 136339 71766      268.5545    54      340.5181      258.1814 12050599   24.18%
 136636 71917      262.2830    54      340.5181      258.1892 12074004   24.18%
 136889 72040      273.3846    45      340.5181      258.1944 12097299   24.18%
 137163 72162      260.9421    56      340.5181      258.2041 12119285   24.17%
 137415 72298    infeasible            340.5181      258.2103 12143398   24.17%
 137693 72425      259.4481    64      340.5181      258.2165 12165624   24.17%
 137959 72557      317.6823    38      340.5181      258.2230 12188764   24.17%
 138247 72704      285.8965    53      340.5181      258.2287 12211566   24.17%
Elapsed time = 2139.18 sec. (2116037.97 ticks, tree = 97.30 MB, solutions = 13)
 138519 72826      308.3030    44      340.5181      258.2368 12233824   24.16%
 138774 72938      264.6307    41      340.5181      258.2457 12256989   24.16%
 139033 73050      261.9898    58      340.5181      258.2544 12279500   24.16%
 139283 73150      264.5241    57      340.5181      258.2611 12302169   24.16%
 139560 73301    infeasible            340.5181      258.2644 12325038   24.16%
 139766 73395      260.4828    61      340.5181      258.2682 12349120   24.15%
 140034 73535      258.2727    54      340.5181      258.2727 12371876   24.15%
 140292 73666      259.5285    60      340.5181      258.2765 12395235   24.15%
 140508 73780      275.6537    45      340.5181      258.2799 12418513   24.15%
 140760 73892      260.3167    48      340.5181      258.2858 12441275   24.15%
Elapsed time = 2180.12 sec. (2154273.16 ticks, tree = 98.77 MB, solutions = 13)
 141014 74028      258.6233    61      340.5181      258.2927 12463522   24.15%
 141211 74136      269.7326    63      340.5181      258.2972 12486273   24.15%
 141481 74263      268.1431    61      340.5181      258.3035 12509194   24.14%
 141733 74389      272.2083    56      340.5181      258.3102 12532427   24.14%
 141973 74514        cutoff            340.5181      258.3144 12553101   24.14%
 142207 74637      337.0965    24      340.5181      258.3193 12575330   24.14%
 142445 74760      275.7810    46      340.5181      258.3259 12598898   24.14%
 142709 74903    infeasible            340.5181      258.3326 12621534   24.14%
 142927 75015      269.7705    46      340.5181      258.3352 12644202   24.13%
 143204 75161    infeasible            340.5181      258.3412 12666703   24.13%
Elapsed time = 2223.24 sec. (2192611.56 ticks, tree = 101.20 MB, solutions = 13)
 143451 75284      292.4165    38      340.5181      258.3471 12689895   24.13%
 143709 75411      278.1073    57      340.5181      258.3545 12712109   24.13%
 143962 75509      286.0318    40      340.5181      258.3603 12735710   24.13%
 144203 75615      269.1669    43      340.5181      258.3654 12759055   24.13%
 144462 75742      270.5047    37      340.5181      258.3754 12782679   24.12%
 144711 75862      304.7386    55      340.5181      258.3820 12806357   24.12%
 144969 75976      263.7574    55      340.5181      258.3928 12828195   24.12%
 145211 76089      273.0998    52      340.5181      258.4010 12851028   24.12%
 145490 76209      276.5172    41      340.5181      258.4091 12873587   24.11%
 145723 76320      277.0355    57      340.5181      258.4164 12896185   24.11%
Elapsed time = 2264.15 sec. (2230847.54 ticks, tree = 102.48 MB, solutions = 13)
 145999 76442      272.5024    50      340.5181      258.4232 12918598   24.11%
 146254 76589      265.5424    49      340.5181      258.4312 12941704   24.11%
 146525 76754      268.4694    47      340.5181      258.4366 12965003   24.10%
 146771 76868      264.6961    48      340.5181      258.4443 12989470   24.10%
 147061 77025      292.6098    36      340.5181      258.4501 13012642   24.10%
 147324 77151      275.2306    50      340.5181      258.4545 13035226   24.10%
 147588 77265      263.6503    40      340.5181      258.4645 13058209   24.10%
 147836 77374        cutoff            340.5181      258.4713 13080117   24.09%
 148103 77521      261.4346    84      340.5181      258.4779 13102341   24.09%
 148338 77642      275.7260    45      340.5181      258.4851 13124891   24.09%
Elapsed time = 2310.12 sec. (2269056.58 ticks, tree = 103.94 MB, solutions = 13)
 148566 77750    infeasible            340.5181      258.4906 13148027   24.09%
 148819 77869      258.9075    44      340.5181      258.4947 13170125   24.09%
 149065 77985    infeasible            340.5181      258.5018 13193108   24.09%
 149318 78119      265.4530    50      340.5181      258.5062 13216872   24.08%
 149573 78238      262.2767    51      340.5181      258.5134 13240202   24.08%
 149833 78370      259.1064    66      340.5181      258.5190 13263614   24.08%
 150119 78536      260.8050    52      340.5181      258.5236 13285411   24.08%
 150359 78655      270.9712    56      340.5181      258.5300 13309451   24.08%
 150624 78802      280.3456    38      340.5181      258.5356 13332398   24.08%
 150872 78925      265.4256    54      340.5181      258.5412 13355089   24.07%
Elapsed time = 2355.09 sec. (2307345.87 ticks, tree = 105.46 MB, solutions = 13)
 151133 79067      269.8275    56      340.5181      258.5445 13377512   24.07%
*151297 78897      integral     0      339.4197      258.5463 13391904   23.83%
 151490 78965    infeasible            339.4197      258.5531 13412375   23.82%
 151758 79105      260.4731    46      339.4197      258.5609 13434535   23.82%
 152016 79240      261.7205    61      339.4197      258.5677 13457656   23.82%
 152279 79378      290.0401    36      339.4197      258.5736 13481172   23.82%
 152512 79511        cutoff            339.4197      258.5774 13504126   23.82%
 152755 79609    infeasible            339.4197      258.5819 13526578   23.82%
 152973 79691      270.1352    52      339.4197      258.5857 13551150   23.82%
 153246 79805      276.7767    47      339.4197      258.5912 13574011   23.81%
Elapsed time = 2399.48 sec. (2344038.20 ticks, tree = 106.48 MB, solutions = 14)
 153491 79939      258.7311    57      339.4197      258.5932 13598576   23.81%
 153733 80079      261.1778    62      339.4197      258.5979 13620872   23.81%
 153999 80193      260.2459    53      339.4197      258.6033 13643120   23.81%
 154272 80319      275.6799    54      339.4197      258.6112 13665885   23.81%
 154520 80427        cutoff            339.4197      258.6191 13689408   23.81%
 154800 80579      259.1138    62      339.4197      258.6252 13711024   23.80%
 155042 80700      293.2943    47      339.4197      258.6311 13734727   23.80%
 155281 80809      276.0800    43      339.4197      258.6368 13757924   23.80%
 155525 80957      261.0801    68      339.4197      258.6408 13780785   23.80%
 155779 81073      261.3092    61      339.4197      258.6506 13802637   23.80%
Elapsed time = 2443.36 sec. (2382263.84 ticks, tree = 107.93 MB, solutions = 14)
 156047 81199      264.8209    47      339.4197      258.6558 13826481   23.79%
 156302 81316      272.2254    62      339.4197      258.6625 13848805   23.79%
 156575 81448      264.0408    57      339.4197      258.6675 13871581   23.79%
 156804 81573      272.8791    54      339.4197      258.6716 13894270   23.79%
 157049 81670      271.5424    50      339.4197      258.6788 13918030   23.79%
 157291 81796      279.7586    52      339.4197      258.6859 13940907   23.79%
 157572 81899      259.1767    59      339.4197      258.6959 13964457   23.78%
 157830 82023      261.7720    53      339.4197      258.7027 13986850   23.78%
 158085 82141      280.0597    50      339.4197      258.7087 14010464   23.78%
 158333 82247      264.1596    52      339.4197      258.7135 14033068   23.78%
Elapsed time = 2499.36 sec. (2420534.07 ticks, tree = 109.24 MB, solutions = 14)
 158590 82400      261.2218    56      339.4197      258.7161 14055628   23.78%
 158844 82518    infeasible            339.4197      258.7206 14078937   23.78%
 159115 82683      258.9528    57      339.4197      258.7267 14100478   23.77%
 159373 82790    infeasible            339.4197      258.7315 14123181   23.77%
 159644 82951      265.1091    54      339.4197      258.7374 14145102   23.77%
 159916 83084      265.6505    56      339.4197      258.7430 14167958   23.77%
 160155 83205      285.4537    42      339.4197      258.7475 14190683   23.77%
 160403 83317    infeasible            339.4197      258.7540 14213643   23.77%
 160678 83450      259.0024    83      339.4197      258.7606 14236546   23.76%
 160952 83559      267.9963    56      339.4197      258.7670 14259532   23.76%
Elapsed time = 2558.07 sec. (2458859.08 ticks, tree = 110.70 MB, solutions = 14)
 161199 83672      262.6337    43      339.4197      258.7727 14281889   23.76%
 161438 83772      270.5152    64      339.4197      258.7779 14305267   23.76%
 161692 83902      274.7941    43      339.4197      258.7814 14329185   23.76%
 161945 84038      268.9342    45      339.4197      258.7853 14351827   23.76%
 162212 84144      265.1451    60      339.4197      258.7942 14374882   23.75%
 162430 84240      264.6519    46      339.4197      258.8010 14396689   23.75%
 162729 84389      335.5377    38      339.4197      258.8065 14419644   23.75%
 162990 84503      265.0800    47      339.4197      258.8109 14440583   23.75%
 163235 84616      259.7552    60      339.4197      258.8196 14464528   23.75%
 163485 84760      264.2910    57      339.4197      258.8250 14487081   23.74%
Elapsed time = 2612.26 sec. (2497208.39 ticks, tree = 112.18 MB, solutions = 14)
 163710 84871      272.5356    50      339.4197      258.8312 14511474   23.74%
 163984 84995      265.4512    61      339.4197      258.8363 14534689   23.74%
 164206 85074      269.9376    50      339.4197      258.8420 14558005   23.74%
 164483 85223      301.6048    45      339.4197      258.8470 14579900   23.74%
 164745 85359      263.7314    65      339.4197      258.8529 14601477   23.74%
 164975 85458        cutoff            339.4197      258.8591 14625753   23.73%
 165200 85573      264.5223    56      339.4197      258.8632 14648286   23.73%
 165448 85687      276.4164    39      339.4197      258.8699 14671391   23.73%
 165696 85807      262.7655    54      339.4197      258.8739 14695646   23.73%
 165939 85931      283.7748    42      339.4197      258.8759 14719001   23.73%
Elapsed time = 2665.67 sec. (2535466.22 ticks, tree = 113.53 MB, solutions = 14)
 166201 86068      259.2963    48      339.4197      258.8823 14741614   23.73%
 166443 86178      260.9730    50      339.4197      258.8872 14764355   23.73%
 166692 86276      271.2559    49      339.4197      258.8929 14788242   23.72%
 166974 86420      269.6110    55      339.4197      258.8970 14811894   23.72%
 167240 86550      276.8854    40      339.4197      258.9031 14834988   23.72%
 167508 86672      283.1574    50      339.4197      258.9076 14857134   23.72%
 167739 86805      262.0781    56      339.4197      258.9106 14879855   23.72%
 167981 86911      265.5849    55      339.4197      258.9171 14902781   23.72%
 168268 87083      269.3476    51      339.4197      258.9221 14925287   23.72%
 168524 87183    infeasible            339.4197      258.9300 14948937   23.71%
Elapsed time = 2711.96 sec. (2573713.21 ticks, tree = 114.98 MB, solutions = 14)
 168780 87307    infeasible            339.4197      258.9344 14971364   23.71%
 169064 87476    infeasible            339.4197      258.9389 14994797   23.71%
 169315 87581      275.1523    53      339.4197      258.9451 15017107   23.71%
 169573 87699    infeasible            339.4197      258.9518 15039991   23.71%
 169858 87845      271.5544    44      339.4197      258.9574 15063220   23.71%
 170120 87971      274.8261    58      339.4197      258.9610 15085920   23.70%
 170375 88094      283.1089    46      339.4197      258.9670 15107626   23.70%
 170665 88248        cutoff            339.4197      258.9734 15130933   23.70%
 170929 88396      282.5117    44      339.4197      258.9780 15153881   23.70%
 171181 88531      316.8386    42      339.4197      258.9822 15177038   23.70%
Elapsed time = 2763.04 sec. (2611995.27 ticks, tree = 116.49 MB, solutions = 14)
 171445 88626      268.3443    62      339.4197      258.9918 15200201   23.70%
 171718 88736      266.5001    63      339.4197      258.9984 15224531   23.69%
 171974 88869      280.2631    49      339.4197      259.0043 15246682   23.69%
 172256 88994    infeasible            339.4197      259.0114 15269268   23.69%
 172525 89097      260.0534    42      339.4197      259.0188 15291594   23.69%
 172760 89218      271.2327    62      339.4197      259.0239 15314022   23.69%
 172992 89323      274.8050    48      339.4197      259.0283 15337105   23.68%
 173245 89463      282.6033    54      339.4197      259.0330 15359247   23.68%
 173498 89595      274.5549    55      339.4197      259.0374 15382395   23.68%
 173743 89727      261.7116    67      339.4197      259.0432 15405129   23.68%
Elapsed time = 2815.77 sec. (2650261.99 ticks, tree = 117.87 MB, solutions = 14)
 174008 89869      264.7455    65      339.4197      259.0492 15427643   23.68%
 174305 90026      263.4643    46      339.4197      259.0544 15450499   23.68%
 174567 90144      276.4219    51      339.4197      259.0604 15473163   23.68%
 174838 90277      263.2646    51      339.4197      259.0654 15496706   23.67%
 175085 90415      298.7062    45      339.4197      259.0699 15520329   23.67%
 175371 90567    infeasible            339.4197      259.0767 15541896   23.67%
 175644 90728      307.2938    55      339.4197      259.0824 15564138   23.67%
 175912 90863      291.2251    50      339.4197      259.0880 15586903   23.67%
 176198 91035      269.8595    53      339.4197      259.0923 15607163   23.67%
 176459 91153    infeasible            339.4197      259.0989 15630519   23.66%
Elapsed time = 2865.12 sec. (2688520.21 ticks, tree = 119.42 MB, solutions = 14)
 176728 91270      272.0923    50      339.4197      259.1055 15652904   23.66%
 176985 91381      260.1083    60      339.4197      259.1116 15675495   23.66%
 177192 91476      271.7099    54      339.4197      259.1180 15699458   23.66%
 177447 91599        cutoff            339.4197      259.1237 15720990   23.66%
 177690 91715    infeasible            339.4197      259.1296 15743567   23.66%
 177959 91842      263.6661    43      339.4197      259.1360 15766639   23.65%
 178220 91989      278.0532    39      339.4197      259.1411 15789928   23.65%
 178453 92096        cutoff            339.4197      259.1445 15812683   23.65%
 178709 92199      260.5184    46      339.4197      259.1515 15835770   23.65%
 178941 92314      269.3659    44      339.4197      259.1578 15857939   23.65%
Elapsed time = 2906.39 sec. (2726855.69 ticks, tree = 120.76 MB, solutions = 14)
 179167 92417      269.2239    53      339.4197      259.1614 15881011   23.65%
 179444 92554      259.9615    51      339.4197      259.1665 15904401   23.64%
 179707 92685      283.1669    56      339.4197      259.1710 15926898   23.64%
 179964 92808      271.9646    52      339.4197      259.1770 15949409   23.64%
 180271 92950      270.0637    54      339.4197      259.1838 15971951   23.64%
 180502 93087      260.3973    66      339.4197      259.1875 15994465   23.64%
 180763 93210      265.7523    46      339.4197      259.1921 16016629   23.64%
 181013 93371      286.3899    43      339.4197      259.1941 16039013   23.64%
 181278 93511      264.0743    63      339.4197      259.1997 16061495   23.63%
 181552 93650      282.5223    58      339.4197      259.2060 16082377   23.63%
Elapsed time = 2947.15 sec. (2765167.63 ticks, tree = 122.30 MB, solutions = 14)
 181809 93776      265.4818    51      339.4197      259.2103 16104981   23.63%
 182065 93885    infeasible            339.4197      259.2159 16127780   23.63%
 182328 93989      334.1719    41      339.4197      259.2217 16151789   23.63%
 182599 94156      285.7358    38      339.4197      259.2263 16174529   23.63%
 182875 94303      267.3054    56      339.4197      259.2306 16197912   23.63%
 183100 94409      268.9067    60      339.4197      259.2355 16220913   23.62%
 183295 94540      295.9642    39      339.4197      259.2374 16241997   23.62%
 183578 94667      265.7800    52      339.4197      259.2427 16264967   23.62%
 183819 94803      282.8790    49      339.4197      259.2473 16287036   23.62%
 184063 94904    infeasible            339.4197      259.2520 16309197   23.62%
Elapsed time = 2986.74 sec. (2803517.71 ticks, tree = 123.61 MB, solutions = 14)
 184298 95004      276.2928    48      339.4197      259.2589 16332989   23.62%
 184542 95134      299.7109    44      339.4197      259.2649 16355236   23.62%
 184818 95259      338.5359    27      339.4197      259.2689 16377956   23.61%
 185069 95356        cutoff            339.4197      259.2740 16401199   23.61%
 185332 95469      291.4298    38      339.4197      259.2801 16424172   23.61%
 185638 95631    infeasible            339.4197      259.2853 16446353   23.61%
 185905 95772      329.5336    22      339.4197      259.2904 16469649   23.61%
 186169 95892    infeasible            339.4197      259.2964 16491852   23.61%
 186423 96002    infeasible            339.4197      259.3045 16515221   23.60%
 186702 96125    infeasible            339.4197      259.3095 16538042   23.60%
Elapsed time = 3053.16 sec. (2841736.36 ticks, tree = 124.97 MB, solutions = 14)
 186932 96205      265.1437    54      339.4197      259.3146 16561156   23.60%
 187145 96364      275.6924    49      339.4197      259.3158 16582024   23.60%
 187412 96495      271.5179    59      339.4197      259.3222 16605347   23.60%
 187682 96648      276.3177    42      339.4197      259.3244 16627965   23.60%
 187929 96757      266.4924    36      339.4197      259.3300 16650233   23.60%
 188162 96871      259.3449    62      339.4197      259.3329 16673435   23.60%
 188387 96995      260.0156    85      339.4197      259.3348 16695579   23.59%
 188614 97111      262.1149    61      339.4197      259.3417 16718154   23.59%
 188865 97287        cutoff            339.4197      259.3429 16740639   23.59%
 189119 97423      261.3222    70      339.4197      259.3470 16763533   23.59%
Elapsed time = 3112.05 sec. (2880069.56 ticks, tree = 126.48 MB, solutions = 14)
 189347 97531      309.2324    41      339.4197      259.3500 16787350   23.59%
 189621 97658    infeasible            339.4197      259.3547 16810022   23.59%
 189903 97826      261.0509    62      339.4197      259.3599 16831402   23.59%
 190185 98019      329.0740    24      339.4197      259.3603 16853227   23.59%
 190446 98170      280.7153    48      339.4197      259.3638 16875953   23.59%
 190707 98287      271.9980    61      339.4197      259.3680 16898920   23.58%
 190959 98404      263.5022    62      339.4197      259.3723 16922288   23.58%
 191207 98541      262.3869    51      339.4197      259.3753 16944605   23.58%
 191467 98653      263.2372    57      339.4197      259.3776 16968430   23.58%
 191716 98798        cutoff            339.4197      259.3809 16991369   23.58%
Elapsed time = 3157.66 sec. (2918280.86 ticks, tree = 128.07 MB, solutions = 14)
 191972 98922      284.4829    40      339.4197      259.3854 17014897   23.58%
 192226 99112      263.6161    64      339.4197      259.3854 17038023   23.58%
 192482 99258        cutoff            339.4197      259.3884 17060532   23.58%
 192758 99377    infeasible            339.4197      259.3909 17083567   23.58%
 192978 99512      273.8658    54      339.4197      259.3921 17105624   23.58%
 193190 99637      291.9221    43      339.4197      259.3932 17128969   23.58%
 193421 99760      260.4876    64      339.4197      259.3968 17152140   23.58%
 193623 99873      272.9612    64      339.4197      259.3995 17173331   23.58%
 193856 100002      276.0467    50      339.4197      259.4041 17196518   23.57%
 194113 100111      261.8517    70      339.4197      259.4084 17219008   23.57%
Elapsed time = 3218.09 sec. (2956512.63 ticks, tree = 129.54 MB, solutions = 14)
 194375 100242      260.2105    69      339.4197      259.4126 17241841   23.57%
 194614 100369    infeasible            339.4197      259.4172 17265159   23.57%
 194928 100552      271.4175    54      339.4197      259.4211 17288236   23.57%
 195193 100677        cutoff            339.4197      259.4263 17310544   23.57%
 195426 100788      260.9688    63      339.4197      259.4313 17334383   23.57%
 195645 100901      293.5624    45      339.4197      259.4349 17356685   23.57%
 195845 100993      261.0145    57      339.4197      259.4370 17374790   23.56%
 195945 101042      277.0078    53      339.4197      259.4377 17385209   23.56%
 196154 101141      273.6588    58      339.4197      259.4428 17404033   23.56%
 196345 101243      299.4887    42      339.4197      259.4459 17420802   23.56%
Elapsed time = 3280.68 sec. (3003632.61 ticks, tree = 130.76 MB, solutions = 14)
 196545 101346      264.6090    59      339.4197      259.4490 17438659   23.56%
 196645 101388      261.6454    43      339.4197      259.4519 17445542   23.56%
 196745 101428      271.4458    60      339.4197      259.4545 17455162   23.56%
 196845 101463      269.7183    45      339.4197      259.4579 17463893   23.56%
*196945+101038                          338.0442      259.4584            23.25%
*196945+100984                          337.9025      259.4584            23.22%
 196949 100985      274.8476    59      337.9025      259.4588 17473265   23.21%
 197145 101098      262.9486    60      337.9025      259.4609 17491002   23.21%
 197245 101143      264.9803    62      337.9025      259.4626 17501135   23.21%
 197345 101203      273.3859    43      337.9025      259.4648 17510070   23.21%
 197639 101325      274.1564    56      337.9025      259.4710 17532655   23.21%
 197745 101383      261.2778    62      337.9025      259.4740 17540442   23.21%
Elapsed time = 3362.05 sec. (3058981.37 ticks, tree = 130.94 MB, solutions = 16)
 197935 101472      271.9279    51      337.9025      259.4785 17559022   23.21%
 198113 101554      317.5599    45      337.9025      259.4826 17575614   23.21%
 198171 101585      332.3877    40      337.9025      259.4831 17578593   23.21%
 198245 101618      272.3840    51      337.9025      259.4841 17584533   23.21%
 198345 101662      289.0821    53      337.9025      259.4864 17594367   23.21%
 198445 101702      268.6546    47      337.9025      259.4886 17602969   23.21%
 198545 101755      272.5861    53      337.9025      259.4896 17610097   23.21%
 198645 101793      273.0334    42      337.9025      259.4916 17618998   23.21%
 198745 101838      270.1903    61      337.9025      259.4937 17628671   23.20%
 198945 101928      332.1315    38      337.9025      259.4983 17647189   23.20%
Elapsed time = 3430.16 sec. (3111981.39 ticks, tree = 131.58 MB, solutions = 16)
 199091 101996      265.9372    55      337.9025      259.5014 17658348   23.20%
 199245 102077      309.5414    48      337.9025      259.5052 17674952   23.20%
 199345 102130      291.7627    38      337.9025      259.5070 17684861   23.20%
 199445 102180      284.2086    51      337.9025      259.5080 17692129   23.20%
 199545 102230      271.3562    48      337.9025      259.5099 17702591   23.20%
 199745 102323      278.5141    42      337.9025      259.5145 17719906   23.20%
 199945 102427      270.8338    48      337.9025      259.5174 17737992   23.20%
 200045 102473      314.1963    39      337.9025      259.5206 17747957   23.20%
 200145 102524      272.5452    51      337.9025      259.5221 17757790   23.20%
 200423 102647      268.3188    68      337.9025      259.5269 17781036   23.19%
Elapsed time = 3491.99 sec. (3159567.12 ticks, tree = 132.32 MB, solutions = 16)
 200545 102728      321.7708    34      337.9025      259.5276 17793541   23.19%
 200645 102781      259.8124    76      337.9025      259.5276 17805750   23.19%
 200845 102878      259.9785    55      337.9025      259.5320 17824749   23.19%
 200945 102933      295.1184    51      337.9025      259.5342 17832746   23.19%
 201045 102993      288.5133    42      337.9025      259.5351 17841303   23.19%
 201145 103027      276.9132    51      337.9025      259.5377 17852320   23.19%
 201388 103169      267.7828    41      337.9025      259.5417 17872973   23.19%
 201545 103253      316.7347    41      337.9025      259.5438 17883458   23.19%
 201645 103312      328.5228    44      337.9025      259.5461 17892553   23.19%
 201745 103358      260.6154    65      337.9025      259.5485 17901379   23.19%
Elapsed time = 3567.63 sec. (3216287.54 ticks, tree = 133.83 MB, solutions = 16)
 201845 103420      263.3637    52      337.9025      259.5490 17911608   23.19%
 201965 103486      276.2988    54      337.9025      259.5499 17923888   23.19%
*202145+103501                          337.7156      259.5528            23.14%
 202145 103503      322.0372    34      337.7156      259.5528 17939322   23.14%
 202245 103557      264.4789    47      337.7156      259.5542 17947184   23.14%

GUB cover cuts applied:  61
Clique cuts applied:  15
Cover cuts applied:  109
Implied bound cuts applied:  20
Flow cuts applied:  58
Mixed integer rounding cuts applied:  656
Zero-half cuts applied:  2
Lift and project cuts applied:  9
Gomory fractional cuts applied:  4

Root node processing (before b&c):
  Real time             =    5.72 sec. (4619.33 ticks)
Sequential b&c:
  Real time             = 3594.29 sec. (3236141.05 ticks)
                          ------------
Total (root+branch&cut) = 3600.00 sec. (3240760.38 ticks)
