Version identifier: 22.1.0.0 | 2022-03-09 | 1a383f8ce
CPXPARAM_Read_DataCheck                          1
CPXPARAM_Threads                                 1
CPXPARAM_TimeLimit                               3600
Tried aggregator 2 times.
MIP Presolve eliminated 1925 rows and 90 columns.
MIP Presolve modified 32168 coefficients.
Aggregator did 160 substitutions.
Reduced MIP has 7676 rows, 730 columns, and 58910 nonzeros.
Reduced MIP has 533 binaries, 0 generals, 0 SOSs, and 0 indicators.
Presolve time = 0.16 sec. (113.65 ticks)
Probing time = 0.01 sec. (5.36 ticks)
Tried aggregator 1 time.
Detecting symmetries...
Reduced MIP has 7676 rows, 730 columns, and 58910 nonzeros.
Reduced MIP has 533 binaries, 0 generals, 0 SOSs, and 0 indicators.
Presolve time = 0.04 sec. (24.90 ticks)
Probing time = 0.00 sec. (5.32 ticks)
Clique table members: 361.
MIP emphasis: balance optimality and feasibility.
MIP search method: dynamic search.
Parallel mode: none, using 1 thread.
Root relaxation solution time = 0.02 sec. (29.51 ticks)

        Nodes                                         Cuts/
   Node  Left     Objective  IInf  Best Integer    Best Bound    ItCnt     Gap

      0     0      195.5173   130                    195.5173      269         
      0     0      195.5173    67                   Cuts: 615      659         
      0     0      195.5173    62                   Cuts: 424      959         
      0     0      195.5209    68                   Cuts: 358     1388         
      0     0      195.5380    76                   Cuts: 181     1602         
      0     0      195.5614    99                   Cuts: 487     1967         
Detecting symmetries...
      0     0      195.5700    86                   Cuts: 642     2187         
      0     0      195.5785   149                   Cuts: 773     2378         
Detecting symmetries...
      0     2      195.5785    85                    195.5820     2378         
Elapsed time = 3.73 sec. (3355.25 ticks, tree = 0.01 MB, solutions = 0)
      9    11      196.2450    62                    195.6375     3855         
     15    17      201.2316    58                    195.6375     5221         
     22    24      198.3628    73                    195.6375     6887         
     30    32      196.4050    54                    195.6375     7824         
     31    33      201.6487    77                    195.6375     9803         
     39    41      205.3377    62                    195.6375    10942         
     43    45      197.7437    68                    195.6375    11295         
     50    52      196.4050    50                    195.6375    12444         
     56    58      197.3844    56                    195.6375    13771         
     87    87      226.6229    71                    195.6375    17909         
Elapsed time = 7.58 sec. (7321.17 ticks, tree = 2.78 MB, solutions = 0)
    107   105      197.4101    36                    195.6375    22103         
    146   144      197.4103    36                    195.6375    26634         
    196   194      205.2146    42                    195.6375    30773         
    237   231      197.4105    32                    195.6375    34211         
    280   272      207.1979    39                    195.6375    37352         
    323   315      206.5183    35                    195.6375    40734         
    368   358      198.9954    41                    195.6375    44021         
    398   384      243.4486    50                    195.6375    48311         
    427   413      235.3874    39                    195.6375    52039         
    457   435      208.3310    81                    195.6459    56540         
Elapsed time = 16.88 sec. (17425.66 ticks, tree = 23.38 MB, solutions = 0)
    478   456      198.8760    59                    195.6459    61676         

Performing restart 1

Repeating presolve.
Tried aggregator 1 time.
MIP Presolve eliminated 4 rows and 2 columns.
Reduced MIP has 7672 rows, 728 columns, and 58820 nonzeros.
Reduced MIP has 531 binaries, 0 generals, 0 SOSs, and 0 indicators.
Presolve time = 0.02 sec. (19.83 ticks)
Tried aggregator 1 time.
Reduced MIP has 7672 rows, 728 columns, and 58820 nonzeros.
Reduced MIP has 531 binaries, 0 generals, 0 SOSs, and 0 indicators.
Presolve time = 0.04 sec. (25.34 ticks)
Represolve time = 0.11 sec. (77.77 ticks)
    500     0      195.6028    83                  Cuts: 1898    66930         
    500     0      195.6429   139                   Cuts: 845    67256         
    500     0      195.6540   191                  Cuts: 1461    67545         
    500     0      195.6758   113                  Cuts: 2018    67768         
    500     0      195.6859   123                   Cuts: 981    67988         
    500     0      195.6953   132                   Cuts: 882    68297         
    500     0      195.6959   177                  Cuts: 1322    68438         
    500     0      195.6974   177                  Cuts: 1192    68607         
    500     0      195.6989   181                   Cuts: 595    68819         
    500     0      195.7013   151                  Cuts: 1668    69117         
    500     0      195.7075   147                   Cuts: 538    69572         
    500     0      195.7137   128                  Cuts: 1410    69800         
    500     0      195.7159   122                  Cuts: 1203    70013         
    500     0      195.7330    86                   Cuts: 641    70600         
    500     0      195.7467    89                  Cuts: 1678    70855         
    500     0      195.7511   134                  Cuts: 1278    71374         
    500     0      195.7554   131                   Cuts: 579    71602         
    500     0      195.7560   136                  Cuts: 1221    71797         
    500     2      195.7560   124                    195.7560    71797         
    501     3      195.7560   123                    195.7562    71800         
    503     5      211.8593    63                    195.7564    74083         
    530    32      195.8108    60                    195.7572    74516         
    541    42      204.6562    66                    195.7572    75320         
    552    53      204.7761    53                    195.7572    76501         
    568    67      204.7765    53                    195.7572    78978         
*   570+   66                          217.7318      195.7572            10.09%
    579    76      212.0704    42      217.7318      195.7572    80310   10.09%
    609    99      200.4233    57      217.7318      195.7602    82839   10.09%
Elapsed time = 56.67 sec. (51685.33 ticks, tree = 1.01 MB, solutions = 1)
    634   122      205.9536    62      217.7318      195.7602    84910   10.09%
    691   165      210.6403    69      217.7318      195.7625    87431   10.09%
    744   202      203.8428    56      217.7318      195.8109    90778   10.07%
    791   242      216.8274    23      217.7318      195.8109    93116   10.07%
    812   248      195.8129    55      217.7318      195.8129    95803   10.07%
    862   294      210.6044    18      217.7318      195.8129    98607   10.07%
    961   379      212.8880    67      217.7318      195.8368   103119   10.06%
   1000   411      196.1264    62      217.7318      195.8456   106490   10.05%
   1103   497      214.5865    34      217.7318      195.8535   109730   10.05%
   1149   530      213.0019    56      217.7318      195.8694   113262   10.04%
Elapsed time = 66.84 sec. (62308.22 ticks, tree = 1.62 MB, solutions = 1)
   1192   561      198.5254    33      217.7318      195.9034   117383   10.03%
   1241   606      197.7099    47      217.7318      195.9435   120874   10.01%
   1339   691      196.9180    39      217.7318      195.9750   124530    9.99%
   1384   732      202.3917    70      217.7318      195.9924   126383    9.98%
   1457   795      196.1489    47      217.7318      195.9942   129086    9.98%
   1500   833      206.5562    43      217.7318      196.0017   132207    9.98%
   1501   834      201.5231    51      217.7318      196.0112   132581    9.98%
   1601   921      209.2705    18      217.7318      196.0416   135511    9.96%
   1687   993      210.5982    28      217.7318      196.0449   139524    9.96%
   1779  1066      197.1369    51      217.7318      196.0572   142088    9.95%
Elapsed time = 85.07 sec. (79630.85 ticks, tree = 2.38 MB, solutions = 1)
   1889  1166      199.1874    47      217.7318      196.0685   145757    9.95%
   1968  1239      207.4400    20      217.7318      196.0741   149901    9.95%
   2020  1275      199.5404    49      217.7318      196.0799   153838    9.94%
   2105  1353      196.6351    43      217.7318      196.0898   157663    9.94%
   2180  1412      196.1102    69      217.7318      196.0904   161450    9.94%
   2255  1478      217.6414    16      217.7318      196.0942   165079    9.94%
*  2340+ 1440                          216.1869      196.1056             9.29%
   2351  1451      200.9529    29      216.1869      196.1125   168539    9.29%
   2404  1491      209.0637    36      216.1869      196.1271   172663    9.28%
   2489  1564      200.1828    58      216.1869      196.1336   176020    9.28%
   2551  1623      197.9072    47      216.1869      196.1491   178492    9.27%
Elapsed time = 95.62 sec. (89530.07 ticks, tree = 3.13 MB, solutions = 2)
   2627  1688      200.9169    35      216.1869      196.1643   182784    9.26%
*  2680+ 1663                          214.8820      196.1681             8.71%
   2691  1676      199.9551    28      214.8820      196.1681   186163    8.71%
*  2720+ 1698                          214.7845      196.1703             8.67%
*  2740+ 1639                          212.9594      196.1703             7.88%
   2763  1658      209.3313    26      212.9594      196.1814   189419    7.88%
   2832  1700      206.8164    44      212.9594      196.1950   193501    7.87%
   2903  1752      209.0140    41      212.9594      196.2155   196838    7.86%
   2960  1790      199.7877    44      212.9594      196.2289   201336    7.86%
   3071  1892      201.9291    27      212.9594      196.2409   204874    7.85%
*  3149  1938      integral     0      212.7940      196.2458   208082    7.78%
   3187  1964      198.9581    29      212.7940      196.2650   212833    7.77%
   3249  2008      200.4162    43      212.7940      196.2744   217462    7.76%
Elapsed time = 105.70 sec. (99261.26 ticks, tree = 3.65 MB, solutions = 6)
*  3260+ 1603                          208.5373      196.2744             5.88%
   3303  1630      196.2830    58      208.5373      196.2830   221431    5.88%
   3340  1665      197.0427    60      208.5373      196.2830   224963    5.88%
   3390  1706      196.4758    48      208.5373      196.2881   227791    5.87%
   3480  1786      196.6041    57      208.5373      196.3094   230924    5.86%
   3565  1865      196.4120    52      208.5373      196.3137   233419    5.86%
   3630  1922      207.4419    11      208.5373      196.3137   237645    5.86%
   3750  2019      207.2688    23      208.5373      196.3573   241533    5.84%
   3819  2078      206.3701    32      208.5373      196.3605   245794    5.84%
   3887  2132      205.8295    37      208.5373      196.3674   249774    5.84%
   3968  2192      196.3926    70      208.5373      196.3748   254137    5.83%
Elapsed time = 115.86 sec. (109255.33 ticks, tree = 4.11 MB, solutions = 7)
   4078  2285      200.1472    38      208.5373      196.3762   258351    5.83%
   4125  2316      207.1103    31      208.5373      196.3838   263550    5.83%
   4232  2411      200.6835    38      208.5373      196.3958   267150    5.82%
   4312  2469      198.0563    38      208.5373      196.4044   272115    5.82%
   4403  2553      197.9860    48      208.5373      196.4078   276215    5.82%
   4504  2628      197.3180    38      208.5373      196.4249   280592    5.81%
   4598  2703      205.3902    32      208.5373      196.4377   285206    5.80%
   4662  2760      200.2582    41      208.5373      196.4407   289958    5.80%
   4737  2818      197.6688    49      208.5373      196.4420   294513    5.80%
   4815  2887      206.6033    25      208.5373      196.4443   299311    5.80%
Elapsed time = 126.21 sec. (119036.18 ticks, tree = 5.16 MB, solutions = 7)
   4889  2942      198.1373    36      208.5373      196.4476   303067    5.80%
   4968  3000      197.9824    32      208.5373      196.4588   307242    5.79%
   5077  3096      201.6049    43      208.5373      196.4710   310908    5.79%
   5202  3211      198.1587    29      208.5373      196.4752   314120    5.78%
   5300  3292      198.8908    52      208.5373      196.4758   318704    5.78%
   5377  3358      199.8460    32      208.5373      196.4787   323644    5.78%
   5437  3396      200.2536    36      208.5373      196.4789   328143    5.78%
   5512  3453      206.8852    36      208.5373      196.4918   333489    5.78%
   5606  3525      198.2865    39      208.5373      196.4957   338384    5.77%
   5925  3781      199.5950    55      208.5373      196.5105   355309    5.77%
Elapsed time = 140.15 sec. (131878.71 ticks, tree = 6.98 MB, solutions = 7)
   6281  4072      200.8489    38      208.5373      196.5580   372513    5.74%
   6525  4269      207.4030    44      208.5373      196.5682   388412    5.74%
   6856  4530      198.9634    28      208.5373      196.5860   407324    5.73%
   7221  4827      201.4845    46      208.5373      196.6012   424649    5.72%
   7522  5064      199.9426    42      208.5373      196.6252   443106    5.71%
   7843  5330      197.7054    37      208.5373      196.6397   459938    5.71%
   8159  5590      201.5271    37      208.5373      196.6676   477080    5.69%
   8455  5820      201.9149    38      208.5373      196.6879   495302    5.68%

Performing restart 2

Repeating presolve.
Tried aggregator 1 time.
MIP Presolve eliminated 36 rows and 5 columns.
MIP Presolve modified 25 coefficients.
Reduced MIP has 7636 rows, 723 columns, and 62436 nonzeros.
Reduced MIP has 526 binaries, 0 generals, 0 SOSs, and 0 indicators.
Presolve time = 0.08 sec. (41.13 ticks)
Tried aggregator 1 time.
Reduced MIP has 7636 rows, 723 columns, and 62436 nonzeros.
Reduced MIP has 526 binaries, 0 generals, 0 SOSs, and 0 indicators.
Presolve time = 0.05 sec. (28.32 ticks)
Represolve time = 0.28 sec. (143.91 ticks)
   8516     0      195.7561   136      208.5373    Cuts: 2009   503110    5.68%
   8516     0      195.7561   148      208.5373     Cuts: 659   503234    5.68%
   8516     0      195.7562   133      208.5373     Cuts: 234   503382    5.68%
   8516     0      195.7567   140      208.5373    Cuts: 1427   503550    5.68%
   8516     0      195.7568   135      208.5373    Cuts: 1170   503674    5.68%
   8516     0      195.7568   151      208.5373     Cuts: 829   503757    5.68%
   8516     0      195.7575   138      208.5373    Cuts: 1269   503922    5.68%
   8516     0      195.7577   147      208.5373    Cuts: 1478   504037    5.68%
   8516     0      195.7580   160      208.5373    Cuts: 1183   504157    5.68%
   8516     2      195.7580   116      208.5373      196.6935   504157    5.68%
   8530    12      202.5110    56      208.5373      196.6935   506249    5.68%
Elapsed time = 192.84 sec. (179465.63 ticks, tree = 0.08 MB, solutions = 7)
   8558    32      195.7621    86      208.5373      196.6935   508604    5.68%
   8572    36      208.1969    25      208.5373      196.6935   511580    5.68%
   8601    57      195.8027    72      208.5373      196.6935   512465    5.68%
   8674   118      207.3219    44      208.5373      196.6935   514338    5.68%
   8754   180        cutoff            208.5373      196.6935   516990    5.68%
   8817   225      203.0916    42      208.5373      196.6935   521774    5.68%
   8924   310      207.1239    36      208.5373      196.6935   528029    5.68%
   9047   398      200.3078    46      208.5373      196.6935   532846    5.68%
   9120   456      204.7194    38      208.5373      196.6935   538243    5.68%
   9299   575        cutoff            208.5373      196.6935   544131    5.68%
Elapsed time = 227.24 sec. (218354.88 ticks, tree = 23.75 MB, solutions = 7)
   9462   706      198.6466    33      208.5373      196.6935   550926    5.68%
   9663   863      196.7516    52      208.5373      196.6935   558030    5.68%
   9796   971      200.3097    44      208.5373      196.6935   564664    5.68%
  10019  1151      200.5300    34      208.5373      196.6935   572259    5.68%
  10234  1323      202.5702    30      208.5373      196.6935   579133    5.68%
  10391  1445      201.7778    38      208.5373      196.6935   588238    5.68%
  10569  1586      202.1767    34      208.5373      196.6935   595109    5.68%
  10756  1730      208.4961    25      208.5373      196.6935   602574    5.68%
  10880  1816      208.1638    43      208.5373      196.6935   610142    5.68%
  11064  1966      202.5066    32      208.5373      196.6935   619548    5.68%
Elapsed time = 267.90 sec. (256720.27 ticks, tree = 82.62 MB, solutions = 7)
  11233  2083      208.2461    24      208.5373      196.6999   627380    5.68%
  11422  2219      199.1727    36      208.5373      196.7739   635577    5.64%
  11615  2378      207.3101    27      208.5373      196.7741   642031    5.64%
  11784  2501      198.8245    30      208.5373      196.7966   648442    5.63%
  11890  2564      201.4645    49      208.5373      196.8302   655082    5.61%
  12054  2686      201.7680    43      208.5373      196.8530   663639    5.60%
  12248  2821      199.2386    30      208.5373      196.8862   671948    5.59%
  12417  2949      200.4672    45      208.5373      196.9123   679066    5.57%
  12569  3065      199.9216    43      208.5373      196.9302   685605    5.57%
  12758  3205      199.6492    47      208.5373      196.9824   693560    5.54%
Elapsed time = 309.73 sec. (295144.37 ticks, tree = 140.29 MB, solutions = 7)
  12986  3380      206.9735    30      208.5373      197.0039   701631    5.53%
  13152  3509      203.8302    38      208.5373      197.0235   710140    5.52%
  13296  3604      199.3619    34      208.5373      197.0642   719207    5.50%
  13455  3719      206.5636    24      208.5373      197.0818   728184    5.49%
  13626  3843      201.5948    57      208.5373      197.1194   736645    5.48%
  13779  3958      208.2756    14      208.5373      197.1270   746656    5.47%
  13977  4085      203.5071    44      208.5373      197.1783   755736    5.45%
  14098  4158      197.7453    46      208.5373      197.1994   765280    5.44%
  14329  4331      198.6096    31      208.5373      197.2099   773018    5.43%
  14531  4475      197.2295    41      208.5373      197.2294   781274    5.42%
Elapsed time = 351.58 sec. (333656.56 ticks, tree = 202.74 MB, solutions = 7)
  14694  4581      201.3058    37      208.5373      197.2474   789752    5.41%
  14886  4717      205.2732    38      208.5373      197.2691   799042    5.40%
  15067  4844      207.9608    20      208.5373      197.2787   807345    5.40%
  15198  4945        cutoff            208.5373      197.2850   815409    5.40%
* 15356+ 5037                          208.4570      197.2938             5.36%
  15403  5072      207.1430    52      208.4570      197.2984   823663    5.35%
* 15456+ 5069                          208.3718      197.3016             5.31%
* 15456+ 4837                          207.4619      197.3016             4.90%
  15534  4891      198.3841    43      207.4619      197.3023   831455    4.90%
  15651  4972      200.2315    46      207.4619      197.3083   841359    4.89%
  15768  5059      203.3332    36      207.4619      197.3127   848037    4.89%
  15956  5213      200.5151    45      207.4619      197.3252   856713    4.89%
  16128  5344      200.6799    48      207.4619      197.3341   865656    4.88%
Elapsed time = 390.18 sec. (372679.62 ticks, tree = 236.17 MB, solutions = 10)
  16281  5457      202.0984    62      207.4619      197.3476   876220    4.88%
  16466  5613      198.2579    47      207.4619      197.3568   883985    4.87%
* 16516+ 5634                          207.4202      197.3582             4.85%
  16635  5728      200.6352    32      207.4202      197.3655   892103    4.85%
  16805  5852      200.0365    41      207.4202      197.3715   900221    4.84%
  16934  5950      198.3969    60      207.4202      197.3800   908020    4.84%
  17103  6079      200.6580    38      207.4202      197.3836   915662    4.84%
  17269  6213      199.8661    43      207.4202      197.3864   923211    4.84%
  17439  6336      197.9299    42      207.4202      197.3927   932117    4.83%
  17577  6451      204.3747    26      207.4202      197.3971   938571    4.83%
  17776  6608      202.5841    34      207.4202      197.4009   947212    4.83%
Elapsed time = 425.52 sec. (411396.07 ticks, tree = 268.23 MB, solutions = 11)
  17963  6761      201.1610    30      207.4202      197.4046   956110    4.83%
  18145  6905      204.3023    49      207.4202      197.4144   965532    4.82%
  18360  7080        cutoff            207.4202      197.4209   975200    4.82%
  18509  7183      199.7606    50      207.4202      197.4257   982941    4.82%
  18609  7233      199.4363    28      207.4202      197.4308   990385    4.82%
  18783  7360      201.4604    35      207.4202      197.4344   997820    4.81%
  18919  7454      199.9541    46      207.4202      197.4372  1005611    4.81%
  19129  7624      201.6957    30      207.4202      197.4482  1013111    4.81%
  19316  7762      204.4351    32      207.4202      197.4562  1021996    4.80%
  19510  7916      201.0419    37      207.4202      197.4624  1030825    4.80%
Elapsed time = 462.86 sec. (449664.80 ticks, tree = 321.67 MB, solutions = 11)
  19665  8025      202.0643    43      207.4202      197.4654  1039889    4.80%
  19822  8148      204.6147    44      207.4202      197.4679  1049740    4.80%
  19986  8265      197.8928    41      207.4202      197.4789  1058770    4.79%
  20154  8400      207.0036    19      207.4202      197.4865  1068677    4.79%
  20343  8531      199.1004    49      207.4202      197.4921  1078185    4.79%
  20515  8678      202.9280    41      207.4202      197.4938  1085687    4.79%
  20690  8795      199.4869    38      207.4202      197.4981  1092888    4.78%
  20862  8908      201.7428    51      207.4202      197.5109  1100418    4.78%
  21002  9019      200.0671    35      207.4202      197.5143  1109100    4.78%
  21132  9113      205.6536    31      207.4202      197.5178  1117084    4.77%
Elapsed time = 502.29 sec. (488105.47 ticks, tree = 365.78 MB, solutions = 11)
  21292  9225      199.5490    32      207.4202      197.5318  1125904    4.77%
  21493  9382      202.2576    28      207.4202      197.5377  1133647    4.76%
  21671  9514      202.2170    40      207.4202      197.5465  1142938    4.76%
  21829  9643      198.6232    38      207.4202      197.5468  1151093    4.76%
  22040  9799      200.1454    42      207.4202      197.5537  1160078    4.76%
  22220  9919      200.4024    43      207.4202      197.5595  1169340    4.75%
  22458 10109      198.8680    44      207.4202      197.5677  1177578    4.75%
  22616 10219      207.2957    46      207.4202      197.5741  1186475    4.75%
  22793 10350      204.4185    28      207.4202      197.5811  1195662    4.74%
  22939 10469      205.5353    36      207.4202      197.5872  1202924    4.74%
Elapsed time = 539.04 sec. (526467.11 ticks, tree = 422.00 MB, solutions = 11)
  23098 10589      203.6541    27      207.4202      197.5962  1210706    4.74%
  23247 10696      206.1472    14      207.4202      197.6030  1219144    4.73%
  23433 10822      198.5748    36      207.4202      197.6075  1227021    4.73%
  23625 10969      201.2743    34      207.4202      197.6164  1235928    4.73%
  23818 11117      202.3044    28      207.4202      197.6246  1244494    4.72%
  24001 11247      204.1034    25      207.4202      197.6310  1253949    4.72%
  24194 11377      198.3706    58      207.4202      197.6429  1262813    4.71%
  24377 11509      204.1806    37      207.4202      197.6563  1271562    4.71%
  24583 11663      202.2680    22      207.4202      197.6581  1281822    4.71%
  24736 11768      199.8769    40      207.4202      197.6625  1291187    4.70%
Elapsed time = 581.72 sec. (564781.91 ticks, tree = 470.53 MB, solutions = 11)
  24918 11900      200.6948    37      207.4202      197.6725  1300785    4.70%
  25099 12025      206.1494    31      207.4202      197.6793  1308421    4.70%
  25249 12137      203.2069    28      207.4202      197.6840  1316996    4.69%
  25431 12284      198.3075    41      207.4202      197.6888  1324923    4.69%
  25570 12385      206.9707    40      207.4202      197.6942  1332115    4.69%
  25751 12509      200.0539    42      207.4202      197.7025  1343069    4.69%
  25950 12661        cutoff            207.4202      197.7050  1356821    4.68%
  26179 12828      199.2675    41      207.4202      197.7107  1371698    4.68%
  26425 13008      201.9676    33      207.4202      197.7168  1387143    4.68%
  26608 13149      198.2777    42      207.4202      197.7208  1400705    4.68%
Elapsed time = 624.57 sec. (603133.75 ticks, tree = 494.39 MB, solutions = 11)
  26811 13291      198.7148    48      207.4202      197.7338  1415654    4.67%
  26989 13419      199.7807    46      207.4202      197.7394  1431153    4.67%
  27183 13551      199.4893    34      207.4202      197.7469  1444168    4.66%
  27363 13684      204.0319    46      207.4202      197.7505  1457423    4.66%
  27565 13819      200.7408    31      207.4202      197.7609  1470047    4.66%
  27750 13939      199.3870    39      207.4202      197.7708  1483094    4.65%
  27943 14083      199.2873    54      207.4202      197.7756  1497881    4.65%
  28132 14233      203.2230    39      207.4202      197.7804  1512846    4.65%
  28310 14369      206.7695    30      207.4202      197.7833  1528926    4.65%
  28508 14507      203.3469    44      207.4202      197.7919  1543440    4.64%
Elapsed time = 667.21 sec. (641803.94 ticks, tree = 492.50 MB, solutions = 11)
  28692 14639      198.9834    62      207.4202      197.8004  1555648    4.64%
  28934 14831      200.0136    51      207.4202      197.8091  1571913    4.63%
  29141 14992      203.5470    49      207.4202      197.8155  1584079    4.63%
  29283 15080      205.7146    37      207.4202      197.8155  1598883    4.63%
  29429 15174      204.2645    41      207.4202      197.8155  1613785    4.63%
  29523 15235      206.0494    30      207.4202      197.8155  1627443    4.63%
  29704 15361      197.9595    27      207.4202      197.8176  1640304    4.63%
  29926 15529      199.4876    43      207.4202      197.8232  1655068    4.63%
  30110 15663      201.4442    43      207.4202      197.8329  1670708    4.62%
  30327 15816      202.1715    40      207.4202      197.8406  1686274    4.62%
Elapsed time = 710.64 sec. (680463.24 ticks, tree = 491.23 MB, solutions = 11)
  30532 15956      198.3632    28      207.4202      197.8439  1700782    4.62%
  30782 16130      202.6910    33      207.4202      197.8526  1716281    4.61%
  30932 16249      200.0689    41      207.4202      197.8560  1731701    4.61%
  31093 16364      206.0072    31      207.4202      197.8583  1745920    4.61%
  31268 16481      199.1907    37      207.4202      197.8602  1758041    4.61%
  31465 16620      198.3399    36      207.4202      197.8639  1770338    4.61%
  31629 16744      204.7831    29      207.4202      197.8653  1785113    4.61%
  31849 16894        cutoff            207.4202      197.8725  1800246    4.60%
  32048 17037      203.7450    29      207.4202      197.8771  1814145    4.60%
  32257 17186      200.7650    54      207.4202      197.8851  1830105    4.60%
Elapsed time = 753.26 sec. (719083.30 ticks, tree = 491.00 MB, solutions = 11)
  32476 17356      200.7769    47      207.4202      197.8897  1845836    4.59%
  32707 17520      198.2099    66      207.4202      197.8940  1862304    4.59%
  32928 17675      203.6667    33      207.4202      197.9037  1879157    4.59%
  33134 17822      204.0083    33      207.4202      197.9120  1894300    4.58%
  33327 17967      202.4809    35      207.4202      197.9166  1909145    4.58%
  33516 18098      204.6087    34      207.4202      197.9211  1921602    4.58%
  33679 18197      198.8545    42      207.4202      197.9271  1936166    4.58%
  33926 18385      201.5233    47      207.4202      197.9299  1948595    4.58%
  34066 18477      200.7900    61      207.4202      197.9323  1962661    4.57%
  34179 18559      199.8018    44      207.4202      197.9359  1974718    4.57%
Elapsed time = 796.34 sec. (758032.55 ticks, tree = 489.38 MB, solutions = 11)
  34426 18742      205.5191    29      207.4202      197.9403  1990042    4.57%
  34690 18916      206.7379    26      207.4202      197.9478  2005553    4.57%
  34900 19065        cutoff            207.4202      197.9502  2022230    4.57%
  35145 19259      199.0975    36      207.4202      197.9567  2036812    4.56%
  35374 19428      200.3297    46      207.4202      197.9628  2053020    4.56%
  35619 19604      198.8928    46      207.4202      197.9735  2068779    4.55%
  35831 19753      204.6448    24      207.4202      197.9825  2083859    4.55%
  36040 19893      201.7968    28      207.4202      197.9892  2098608    4.55%
  36227 20021      199.0035    42      207.4202      197.9950  2112348    4.54%
  36446 20176      200.3229    38      207.4202      198.0024  2124529    4.54%
Elapsed time = 839.91 sec. (796325.18 ticks, tree = 488.01 MB, solutions = 11)
  36630 20302      204.1274    31      207.4202      198.0105  2137677    4.54%
  36831 20442      203.6989    34      207.4202      198.0184  2152780    4.53%
  37050 20594      198.2610    29      207.4202      198.0240  2167115    4.53%
  37295 20770      200.2915    48      207.4202      198.0351  2182925    4.52%
  37472 20895      205.5015    37      207.4202      198.0456  2198724    4.52%
  37681 21069      202.8581    28      207.4202      198.0470  2212758    4.52%
  37929 21232      201.9163    40      207.4202      198.0534  2228985    4.52%
  38165 21400      200.4840    30      207.4202      198.0632  2244728    4.51%
  38361 21531      202.0877    45      207.4202      198.0670  2260004    4.51%
  38547 21674      199.8114    33      207.4202      198.0701  2271648    4.51%
Elapsed time = 884.19 sec. (834674.71 ticks, tree = 487.29 MB, solutions = 11)
  38777 21847      202.6033    29      207.4202      198.0731  2285893    4.51%
  38989 21998      200.8929    38      207.4202      198.0781  2298972    4.50%
  39180 22150      198.6127    45      207.4202      198.0798  2313407    4.50%
  39406 22322      199.5703    46      207.4202      198.0833  2326998    4.50%
  39613 22473        cutoff            207.4202      198.0870  2340398    4.50%
  39806 22612      200.5544    47      207.4202      198.0898  2355144    4.50%
  40006 22768      201.9225    33      207.4202      198.0953  2370612    4.50%
  40220 22915      198.3650    26      207.4202      198.0984  2387315    4.49%
  40467 23086      200.0017    40      207.4202      198.1080  2402841    4.49%
  40650 23207      201.5378    35      207.4202      198.1128  2417721    4.49%
Elapsed time = 927.85 sec. (873050.92 ticks, tree = 487.21 MB, solutions = 11)
  40868 23366        cutoff            207.4202      198.1165  2433747    4.49%
  41060 23497      200.4102    65      207.4202      198.1206  2450004    4.48%
  41278 23648      203.2034    39      207.4202      198.1268  2464485    4.48%
  41476 23769      202.4270    33      207.4202      198.1370  2477964    4.48%
  41651 23877      199.2708    46      207.4202      198.1410  2489619    4.47%
  41826 24007      200.7261    46      207.4202      198.1466  2503376    4.47%
  42105 24216      203.2721    37      207.4202      198.1506  2516922    4.47%
  42298 24354      201.4708    36      207.4202      198.1540  2531817    4.47%
  42516 24505      205.5682    24      207.4202      198.1585  2546262    4.47%
  42712 24641      202.5471    38      207.4202      198.1649  2562255    4.46%
Elapsed time = 971.94 sec. (911493.97 ticks, tree = 487.25 MB, solutions = 11)
  42929 24805      202.3865    56      207.4202      198.1683  2575856    4.46%
  43184 24985      198.1805    54      207.4202      198.1790  2590593    4.46%
  43449 25178      198.1988    34      207.4202      198.1815  2606110    4.45%
  43691 25369      198.2449    49      207.4202      198.1854  2621931    4.45%
  43899 25538      205.5550    24      207.4202      198.1878  2637818    4.45%
  44134 25702      199.7041    37      207.4202      198.1957  2652187    4.45%
  44340 25854      198.2005    34      207.4202      198.2005  2666976    4.44%
  44549 26022      198.9161    38      207.4202      198.2007  2680336    4.44%
  44717 26123      200.7220    29      207.4202      198.2066  2693174    4.44%
  44879 26244      203.7175    37      207.4202      198.2083  2707669    4.44%
Elapsed time = 1015.54 sec. (949782.00 ticks, tree = 487.70 MB, solutions = 11)
  45078 26396      201.0715    34      207.4202      198.2113  2721489    4.44%
  45203 26479      202.6359    39      207.4202      198.2171  2734377    4.44%
  45448 26658      207.3332    22      207.4202      198.2191  2748818    4.44%
  45629 26802      198.2910    57      207.4202      198.2206  2762707    4.44%
  45821 26929      202.5423    28      207.4202      198.2222  2777524    4.43%
  46084 27099      203.2654    35      207.4202      198.2282  2794668    4.43%
  46255 27241      207.2611    22      207.4202      198.2311  2809842    4.43%
  46542 27450      201.8063    36      207.4202      198.2385  2825065    4.43%
  46745 27588      206.2955    28      207.4202      198.2422  2840151    4.42%
  47004 27761      204.2081    24      207.4202      198.2466  2856302    4.42%
Elapsed time = 1058.76 sec. (988063.55 ticks, tree = 488.02 MB, solutions = 11)
  47226 27900      202.6685    27      207.4202      198.2499  2873059    4.42%
  47429 28049      206.2984    29      207.4202      198.2543  2887914    4.42%
  47582 28155      201.5696    34      207.4202      198.2594  2898389    4.42%
  47805 28288      200.8480    38      207.4202      198.2665  2912221    4.41%
  48009 28424      201.3573    47      207.4202      198.2709  2924766    4.41%
  48232 28579      199.0172    41      207.4202      198.2758  2939325    4.41%
  48448 28747      200.3731    36      207.4202      198.2791  2952866    4.41%
  48635 28877      206.3896    28      207.4202      198.2828  2968340    4.41%
  48847 29023      203.6760    46      207.4202      198.2881  2982518    4.40%
  49112 29213      198.5599    28      207.4202      198.2938  2998149    4.40%
Elapsed time = 1101.58 sec. (1026435.90 ticks, tree = 488.44 MB, solutions = 11)
  49338 29363      199.6871    42      207.4202      198.2961  3015103    4.40%
  49621 29567        cutoff            207.4202      198.3011  3029232    4.40%
  49890 29743      202.7462    31      207.4202      198.3061  3044042    4.39%
  50107 29885        cutoff            207.4202      198.3095  3060057    4.39%
  50321 30018      203.5948    31      207.4202      198.3184  3076116    4.39%
  50513 30157      200.7251    32      207.4202      198.3217  3093028    4.39%
  50712 30296      207.0324    20      207.4202      198.3242  3108670    4.39%
  50900 30433      200.2322    31      207.4202      198.3295  3122901    4.38%
  51128 30608      207.1427     9      207.4202      198.3337  3137039    4.38%
  51372 30778      207.3233    41      207.4202      198.3374  3150781    4.38%
Elapsed time = 1146.10 sec. (1064980.30 ticks, tree = 488.70 MB, solutions = 11)
  51538 30885      199.9147    40      207.4202      198.3399  3163345    4.38%
  51719 31017      199.7572    52      207.4202      198.3439  3178202    4.38%
  51921 31163      198.3838    35      207.4202      198.3473  3192454    4.37%
  52170 31340      198.8230    39      207.4202      198.3570  3207115    4.37%
* 52190 30726      integral     0      207.0651      198.3570  3207990    4.21%
* 52290+30584                          206.9459      198.3581             4.15%
  52395 30657      199.3310    53      206.9459      198.3590  3222473    4.15%
  52602 30814      199.2761    61      206.9459      198.3607  3235600    4.15%
  52847 30998      204.8744    19      206.9459      198.3636  3251775    4.15%
  53073 31169      200.8345    31      206.9459      198.3659  3267084    4.15%
  53284 31326      203.0477    29      206.9459      198.3685  3282126    4.14%
  53575 31547      203.0055    39      206.9459      198.3719  3297148    4.14%
Elapsed time = 1190.55 sec. (1103372.06 ticks, tree = 474.00 MB, solutions = 13)
  53835 31749      203.0274    28      206.9459      198.3737  3313237    4.14%
  54099 31941      200.6899    43      206.9459      198.3758  3328247    4.14%
  54354 32149      206.1041    28      206.9459      198.3776  3342506    4.14%
  54537 32282      198.4318    56      206.9459      198.3805  3355052    4.14%
  54752 32448      201.3979    39      206.9459      198.3841  3368790    4.14%
  54917 32583      199.9335    62      206.9459      198.3841  3384109    4.14%
  55132 32751      200.8565    39      206.9459      198.3881  3399539    4.14%
  55316 32866      200.2272    40      206.9459      198.3897  3413775    4.13%
  55506 32992      200.3872    35      206.9459      198.3943  3428260    4.13%
  55718 33140      203.4665    17      206.9459      198.3976  3443439    4.13%
Elapsed time = 1234.48 sec. (1141776.47 ticks, tree = 475.38 MB, solutions = 13)
  55970 33314      200.5067    52      206.9459      198.4007  3458671    4.13%
  56215 33489      200.7359    24      206.9459      198.4045  3474468    4.13%
  56421 33638      206.0842    28      206.9459      198.4067  3491375    4.13%
* 56516+31264                          205.9758      198.4085             3.67%
  56594 31325      204.6154    31      205.9758      198.4097  3504603    3.67%
  56781 31447      201.6994    43      205.9758      198.4130  3520154    3.67%
  57007 31603      199.1901    31      205.9758      198.4141  3535850    3.67%
  57264 31782      203.3705    36      205.9758      198.4190  3551268    3.67%
  57479 31920      199.5495    48      205.9758      198.4229  3567001    3.67%
  57695 32066      205.4495    36      205.9758      198.4255  3582330    3.67%
  57884 32193      200.6979    32      205.9758      198.4289  3595605    3.66%
Elapsed time = 1279.35 sec. (1180050.88 ticks, tree = 442.91 MB, solutions = 14)
  58131 32373      199.7576    31      205.9758      198.4311  3609786    3.66%
  58386 32574      204.1530    32      205.9758      198.4328  3622415    3.66%
  58600 32697      201.2196    35      205.9758      198.4350  3635084    3.66%
  58812 32849      201.8185    36      205.9758      198.4378  3647754    3.66%
  59062 33017      202.5561    28      205.9758      198.4406  3661375    3.66%
  59259 33126      201.3530    32      205.9758      198.4452  3676362    3.66%
  59459 33249      202.9297    43      205.9758      198.4488  3692228    3.65%
  59708 33416      205.5652    21      205.9758      198.4507  3706655    3.65%
  59941 33551      198.5892    28      205.9758      198.4606  3722280    3.65%
  60159 33703      200.9012    51      205.9758      198.4629  3738352    3.65%
Elapsed time = 1321.95 sec. (1218632.03 ticks, tree = 442.68 MB, solutions = 14)
  60399 33887      199.6870    46      205.9758      198.4671  3753726    3.65%
  60633 34055      201.2318    39      205.9758      198.4712  3768440    3.64%
  60834 34190      205.5596    33      205.9758      198.4744  3784747    3.64%
  61065 34340      201.0520    35      205.9758      198.4787  3800606    3.64%
  61279 34478      201.2154    32      205.9758      198.4834  3814953    3.64%
  61516 34634      199.8012    50      205.9758      198.4867  3828303    3.64%
  61705 34749      201.7611    31      205.9758      198.4889  3842545    3.63%
  61917 34895        cutoff            205.9758      198.4916  3856698    3.63%
  62108 35017      200.9616    35      205.9758      198.4952  3870519    3.63%
  62259 35116      202.8151    36      205.9758      198.4977  3885181    3.63%
Elapsed time = 1359.54 sec. (1257367.94 ticks, tree = 442.93 MB, solutions = 14)
  62419 35224      198.4985    39      205.9758      198.4985  3899880    3.63%
  62568 35348      201.0244    33      205.9758      198.4995  3915016    3.63%
  62781 35488      198.5027    59      205.9758      198.5028  3930493    3.63%
  63016 35651      204.6418    32      205.9758      198.5061  3947016    3.63%
  63256 35804        cutoff            205.9758      198.5102  3963860    3.62%
  63458 35936      202.5800    55      205.9758      198.5139  3979554    3.62%
  63619 36024      202.5349    27      205.9758      198.5201  3992146    3.62%
  63826 36180      205.3658    30      205.9758      198.5214  4006474    3.62%
  64044 36329      204.6177    33      205.9758      198.5249  4022217    3.62%
  64260 36470      200.7682    34      205.9758      198.5271  4038790    3.62%
Elapsed time = 1395.71 sec. (1295687.27 ticks, tree = 443.65 MB, solutions = 14)
  64508 36636      203.0995    23      205.9758      198.5295  4054416    3.62%
  64705 36774        cutoff            205.9758      198.5312  4070485    3.61%
  64918 36912      205.6700    24      205.9758      198.5347  4085310    3.61%
  65134 37056      202.8986    33      205.9758      198.5377  4100127    3.61%
  65351 37226      205.2896    20      205.9758      198.5400  4113739    3.61%
  65524 37355      200.8872    30      205.9758      198.5428  4124607    3.61%
  65735 37471      200.7677    28      205.9758      198.5460  4138850    3.61%
  65952 37609      199.6617    43      205.9758      198.5495  4153601    3.61%
  66175 37742        cutoff            205.9758      198.5533  4169409    3.60%
  66420 37933      200.9207    47      205.9758      198.5554  4184884    3.60%
Elapsed time = 1437.23 sec. (1333971.82 ticks, tree = 444.16 MB, solutions = 14)
  66602 38062      201.0697    50      205.9758      198.5582  4197671    3.60%
  66835 38210      205.6922    32      205.9758      198.5596  4212967    3.60%
  67066 38355      199.9331    39      205.9758      198.5632  4227196    3.60%
  67310 38536      199.7771    35      205.9758      198.5659  4243734    3.60%
  67516 38686      203.2240    28      205.9758      198.5671  4260419    3.60%
  67755 38826      200.7858    44      205.9758      198.5707  4276957    3.60%
  67914 38922      205.3074    30      205.9758      198.5733  4291446    3.59%
  68164 39082      201.7069    42      205.9758      198.5776  4308103    3.59%
  68418 39252      201.0953    44      205.9758      198.5797  4324405    3.59%
  68579 39340      202.8298    28      205.9758      198.5822  4335707    3.59%
Elapsed time = 1481.15 sec. (1372372.74 ticks, tree = 444.35 MB, solutions = 14)
  68810 39499      199.6722    41      205.9758      198.5845  4349356    3.59%
  69005 39612      201.5069    46      205.9758      198.5884  4363370    3.59%
  69225 39728      200.5336    36      205.9758      198.5927  4377275    3.58%
  69432 39875      201.1107    44      205.9758      198.5951  4392529    3.58%
  69678 40032      205.2982    28      205.9758      198.5975  4406267    3.58%
  69863 40150      201.3611    21      205.9758      198.5995  4420931    3.58%
  70060 40273      200.5709    28      205.9758      198.6016  4436351    3.58%
  70248 40385      202.6857    39      205.9758      198.6051  4453097    3.58%
  70434 40494      202.7967    49      205.9758      198.6081  4469552    3.58%
  70656 40649      201.8162    41      205.9758      198.6107  4484709    3.58%
Elapsed time = 1522.75 sec. (1410810.56 ticks, tree = 444.10 MB, solutions = 14)
  70884 40801      204.9444    33      205.9758      198.6132  4500739    3.57%
  71126 40966      199.0010    27      205.9758      198.6180  4516498    3.57%
  71356 41108      201.1488    41      205.9758      198.6212  4533211    3.57%
  71581 41250      203.5703    28      205.9758      198.6234  4549064    3.57%
  71810 41401      198.6267    39      205.9758      198.6268  4564994    3.57%
  72064 41573      203.5804    31      205.9758      198.6312  4580772    3.57%
  72281 41715      198.7144    41      205.9758      198.6339  4595458    3.56%
  72503 41856      198.8317    40      205.9758      198.6375  4608842    3.56%
  72702 41999      204.0780    29      205.9758      198.6389  4622069    3.56%
  72917 42143      204.9028    17      205.9758      198.6418  4635197    3.56%
Elapsed time = 1564.31 sec. (1449139.09 ticks, tree = 444.71 MB, solutions = 14)
  73138 42290        cutoff            205.9758      198.6444  4650261    3.56%
  73325 42414      198.8916    39      205.9758      198.6468  4664395    3.56%
  73520 42534      201.6791    43      205.9758      198.6497  4677299    3.56%
  73736 42672      205.4233    48      205.9758      198.6525  4691485    3.56%
  73965 42821      203.4436    20      205.9758      198.6561  4706137    3.55%
  74208 42989      202.6277    28      205.9758      198.6580  4722017    3.55%
  74428 43119      204.9119    31      205.9758      198.6614  4737616    3.55%
  74617 43249      199.2256    39      205.9758      198.6627  4751141    3.55%
  74815 43394      202.5556    30      205.9758      198.6634  4766125    3.55%
  75047 43532      199.8134    30      205.9758      198.6662  4781304    3.55%
Elapsed time = 1605.95 sec. (1487465.33 ticks, tree = 445.17 MB, solutions = 14)
  75309 43708      203.1401    26      205.9758      198.6696  4797032    3.55%
  75566 43874      205.4475    35      205.9758      198.6721  4813323    3.55%
  75780 44026      200.7104    37      205.9758      198.6733  4829126    3.55%
  76033 44189      199.7349    33      205.9758      198.6775  4844615    3.54%
  76239 44325      202.7138    42      205.9758      198.6796  4860769    3.54%
  76449 44463      199.5193    31      205.9758      198.6823  4874928    3.54%
  76632 44568      202.6425    30      205.9758      198.6851  4888308    3.54%
  76857 44718      200.4752    45      205.9758      198.6877  4902119    3.54%
  77050 44856      204.9166    25      205.9758      198.6893  4917356    3.54%
  77286 45008      205.3105    29      205.9758      198.6926  4931675    3.54%
Elapsed time = 1645.54 sec. (1525739.15 ticks, tree = 445.39 MB, solutions = 14)
  77483 45128      204.7902    42      205.9758      198.6944  4945805    3.54%
  77674 45259      198.7937    50      205.9758      198.6951  4957855    3.53%
  77912 45430      202.3970    42      205.9758      198.6978  4972126    3.53%
  78116 45558      200.9580    44      205.9758      198.7006  4986584    3.53%
  78298 45666      201.7928    27      205.9758      198.7039  5002826    3.53%
  78516 45811      203.7893    41      205.9758      198.7063  5018674    3.53%
  78751 45958      200.5203    27      205.9758      198.7104  5033534    3.53%
  79006 46131      201.5035    34      205.9758      198.7142  5049424    3.53%
  79220 46269      201.7919    28      205.9758      198.7160  5065858    3.52%
  79444 46408      205.8298    23      205.9758      198.7188  5082189    3.52%
Elapsed time = 1690.88 sec. (1564144.58 ticks, tree = 445.81 MB, solutions = 14)
  79621 46514      200.3891    56      205.9758      198.7207  5094338    3.52%
  79820 46656      200.8372    34      205.9758      198.7229  5110160    3.52%
  80074 46817      199.9276    26      205.9758      198.7255  5126342    3.52%
  80328 46979      201.9977    28      205.9758      198.7290  5142665    3.52%
  80552 47105      202.7748    39      205.9758      198.7321  5158735    3.52%
  80773 47263      201.5136    33      205.9758      198.7361  5172581    3.51%
  81019 47428      203.2918    31      205.9758      198.7396  5186967    3.51%
  81232 47557        cutoff            205.9758      198.7418  5202379    3.51%
  81422 47684        cutoff            205.9758      198.7436  5216922    3.51%
  81668 47846      204.2944    30      205.9758      198.7457  5231070    3.51%
Elapsed time = 1735.41 sec. (1602455.89 ticks, tree = 446.58 MB, solutions = 14)
  81881 47977      199.9355    29      205.9758      198.7480  5246073    3.51%
  82071 48093      200.9577    25      205.9758      198.7497  5261097    3.51%
  82328 48252      205.1982    25      205.9758      198.7523  5276592    3.51%
  82516 48385      201.4434    25      205.9758      198.7542  5289702    3.51%
  82759 48540      202.4154    23      205.9758      198.7578  5306049    3.50%
  82969 48662      201.4323    37      205.9758      198.7603  5321962    3.50%
  83205 48820      204.7001    16      205.9758      198.7622  5336161    3.50%
  83451 48960      204.6281    45      205.9758      198.7651  5352717    3.50%
  83674 49078        cutoff            205.9758      198.7683  5367492    3.50%
  83881 49202      205.6770    31      205.9758      198.7720  5382243    3.50%
Elapsed time = 1780.85 sec. (1640739.58 ticks, tree = 447.36 MB, solutions = 14)
  84082 49341      202.1418    31      205.9758      198.7748  5398968    3.50%
  84251 49466      202.3082    34      205.9758      198.7769  5411310    3.50%
  84514 49652      198.7788    39      205.9758      198.7788  5427975    3.49%
  84707 49764      201.0274    32      205.9758      198.7815  5445666    3.49%
  84927 49908      199.7097    56      205.9758      198.7846  5461249    3.49%
  85099 50031      202.1003    32      205.9758      198.7856  5475952    3.49%
  85327 50187      204.6342    28      205.9758      198.7871  5491776    3.49%
  85599 50362      205.7380    28      205.9758      198.7893  5507906    3.49%
  85825 50502      201.9990    33      205.9758      198.7940  5523171    3.49%
  86090 50683      200.4480    62      205.9758      198.7968  5538235    3.49%
Elapsed time = 1825.65 sec. (1679364.70 ticks, tree = 447.95 MB, solutions = 14)
  86297 50820      204.5286    33      205.9758      198.7983  5552248    3.48%
  86516 50949      202.6631    28      205.9758      198.8007  5566909    3.48%
  86746 51096      203.3211    25      205.9758      198.8030  5581418    3.48%
  86939 51213        cutoff            205.9758      198.8049  5596061    3.48%
  87131 51346      199.2515    41      205.9758      198.8071  5610431    3.48%
  87404 51521      201.1184    30      205.9758      198.8100  5624562    3.48%
  87650 51658      200.5542    27      205.9758      198.8135  5638675    3.48%
  87881 51791      201.1603    31      205.9758      198.8166  5653459    3.48%
  88076 51908      200.2475    42      205.9758      198.8192  5668824    3.47%
  88323 52057      200.7153    29      205.9758      198.8228  5683667    3.47%
Elapsed time = 1870.50 sec. (1718159.07 ticks, tree = 448.45 MB, solutions = 14)
  88543 52214      202.6830    14      205.9758      198.8249  5698805    3.47%
  88766 52364      200.9026    49      205.9758      198.8266  5715030    3.47%
  88976 52527      201.5330    30      205.9758      198.8274  5730135    3.47%
  89146 52631      204.4062    13      205.9758      198.8286  5746538    3.47%
  89365 52769      202.3106    43      205.9758      198.8310  5763099    3.47%
  89614 52950      201.0521    34      205.9758      198.8328  5778690    3.47%
  89891 53142      200.0664    46      205.9758      198.8349  5793895    3.47%
  90116 53299      199.4654    41      205.9758      198.8358  5810675    3.47%
  90336 53452      204.8672    33      205.9758      198.8381  5824002    3.47%
  90516 53562      203.7667    17      205.9758      198.8393  5837694    3.46%
Elapsed time = 1914.72 sec. (1756484.49 ticks, tree = 449.68 MB, solutions = 14)
  90782 53729      203.6906    29      205.9758      198.8437  5852197    3.46%
  90999 53877      201.2396    39      205.9758      198.8462  5867048    3.46%
  91220 54041      200.8734    46      205.9758      198.8479  5880711    3.46%
  91458 54203        cutoff            205.9758      198.8499  5895503    3.46%
  91647 54336      203.4958    31      205.9758      198.8516  5909548    3.46%
  91880 54487      201.1630    35      205.9758      198.8551  5924927    3.46%
  92101 54641      201.3669    43      205.9758      198.8576  5940049    3.46%
  92246 54728      205.5232    44      205.9758      198.8593  5955020    3.46%
  92488 54863      199.4300    43      205.9758      198.8622  5970583    3.45%
  92661 54980      203.8750    37      205.9758      198.8638  5985322    3.45%
Elapsed time = 1959.01 sec. (1794840.02 ticks, tree = 449.88 MB, solutions = 14)
  92916 55147      204.3085    33      205.9758      198.8653  5999484    3.45%
  93120 55276      201.3006    38      205.9758      198.8680  6015215    3.45%
  93308 55376      201.1435    41      205.9758      198.8698  6031931    3.45%
  93530 55523      205.1326    11      205.9758      198.8721  6046571    3.45%
  93746 55651      198.8782    56      205.9758      198.8745  6063380    3.45%
  93972 55808      202.6326    28      205.9758      198.8754  6078401    3.45%
  94244 55989      202.8417    27      205.9758      198.8778  6094225    3.45%
  94481 56143      199.3823    23      205.9758      198.8803  6109808    3.44%
  94656 56269      204.1096    29      205.9758      198.8818  6122090    3.44%
  94914 56446      204.5542    27      205.9758      198.8838  6138170    3.44%
Elapsed time = 2004.53 sec. (1833152.24 ticks, tree = 450.75 MB, solutions = 14)
  95161 56614        cutoff            205.9758      198.8859  6154632    3.44%
  95380 56762      203.2291    29      205.9758      198.8875  6168556    3.44%
  95573 56886      201.2910    50      205.9758      198.8907  6180646    3.44%
  95814 57042      203.4569    35      205.9758      198.8926  6194571    3.44%
  96023 57162      205.3076    28      205.9758      198.8948  6209813    3.44%
  96219 57284      202.7610    35      205.9758      198.8961  6225678    3.44%
  96425 57414      203.7549    38      205.9758      198.8984  6239887    3.44%
  96637 57562      200.5811    41      205.9758      198.9000  6253249    3.44%
  96836 57707      203.2085    39      205.9758      198.9020  6269756    3.43%
  97044 57838      199.3941    41      205.9758      198.9041  6283942    3.43%
Elapsed time = 2048.78 sec. (1871716.79 ticks, tree = 451.04 MB, solutions = 14)
  97313 58039      204.7212    25      205.9758      198.9058  6298488    3.43%
  97533 58173      199.1246    43      205.9758      198.9081  6310722    3.43%
* 97659 56647      integral     0      205.6525      198.9090  6322194    3.28%
  97712 56685      203.7470    26      205.6525      198.9096  6326922    3.28%
* 97759+56524                          205.6207      198.9097             3.26%
* 97759+55870                          205.4870      198.9097             3.20%
  97936 55978      202.2133    33      205.4870      198.9123  6341662    3.20%
  98184 56110      201.2363    47      205.4870      198.9153  6356300    3.20%
  98424 56276      200.9297    32      205.4870      198.9172  6371325    3.20%
  98650 56410        cutoff            205.4870      198.9196  6387505    3.20%
  98906 56569        cutoff            205.4870      198.9224  6402572    3.19%
  99114 56681      201.6213    43      205.4870      198.9255  6418385    3.19%
  99373 56859      201.4418    42      205.4870      198.9291  6432962    3.19%
Elapsed time = 2093.65 sec. (1910023.43 ticks, tree = 429.98 MB, solutions = 17)
  99591 57004      200.5415    43      205.4870      198.9306  6444714    3.19%
  99766 57089      200.0687    40      205.4870      198.9335  6460554    3.19%
  99958 57211      204.6883    29      205.4870      198.9348  6476385    3.19%
 100169 57326        cutoff            205.4870      198.9366  6492346    3.19%
 100372 57464      204.3235    20      205.4870      198.9378  6508464    3.19%
 100575 57583      201.2478    35      205.4870      198.9393  6523325    3.19%
 100772 57699      199.8294    49      205.4870      198.9423  6538338    3.19%
 100991 57842      205.0961    25      205.4870      198.9446  6552947    3.18%
 101202 57952      199.1705    56      205.4870      198.9470  6566287    3.18%
 101409 58084      200.6202    38      205.4870      198.9484  6581242    3.18%
Elapsed time = 2139.06 sec. (1948367.74 ticks, tree = 430.41 MB, solutions = 17)
 101623 58235      204.3502    14      205.4870      198.9496  6596549    3.18%
 101833 58351      198.9531    42      205.4870      198.9531  6610942    3.18%
 102049 58506      199.4881    33      205.4870      198.9540  6627564    3.18%
 102264 58629      200.7465    39      205.4870      198.9561  6642516    3.18%
 102468 58741      204.8352    27      205.4870      198.9590  6659081    3.18%
 102644 58839      198.9774    51      205.4870      198.9610  6674518    3.18%
 102864 58974      200.7696    32      205.4870      198.9627  6691094    3.18%
 103078 59111      201.9486    32      205.4870      198.9649  6707232    3.17%
 103283 59230      199.5312    37      205.4870      198.9670  6723296    3.17%
 103497 59371      201.4798    43      205.4870      198.9700  6738405    3.17%
Elapsed time = 2183.27 sec. (1987169.11 ticks, tree = 431.34 MB, solutions = 17)
 103741 59517      203.6409    33      205.4870      198.9728  6753566    3.17%
 103959 59656      201.8781    30      205.4870      198.9744  6769527    3.17%
 104190 59794      205.2592    33      205.4870      198.9768  6785922    3.17%
 104391 59913      203.4793    24      205.4870      198.9783  6802534    3.17%
 104571 60039      202.2371    21      205.4870      198.9800  6815027    3.17%
 104807 60183      202.5509    26      205.4870      198.9824  6831134    3.17%
 104981 60292      200.5289    42      205.4870      198.9828  6846899    3.17%
 105184 60406      201.3499    48      205.4870      198.9846  6862515    3.16%
 105382 60521      201.8299    30      205.4870      198.9865  6877436    3.16%
 105591 60658      205.0199    25      205.4870      198.9882  6892189    3.16%
Elapsed time = 2228.36 sec. (2025419.65 ticks, tree = 431.44 MB, solutions = 17)
 105797 60801      203.7752    29      205.4870      198.9902  6907385    3.16%
 105990 60934      205.2011    38      205.4870      198.9910  6921402    3.16%
 106221 61074      202.0253    25      205.4870      198.9933  6935745    3.16%
 106439 61196        cutoff            205.4870      198.9950  6949944    3.16%
 106648 61312      201.7134    28      205.4870      198.9972  6962701    3.16%
 106867 61420      201.2683    35      205.4870      198.9996  6976209    3.16%
 107089 61565      200.8311    37      205.4870      199.0024  6990562    3.16%
 107339 61735        cutoff            205.4870      199.0038  7004656    3.16%
 107558 61866      199.1682    48      205.4870      199.0057  7018696    3.15%
 107794 62016      199.0073    46      205.4870      199.0073  7033788    3.15%
Elapsed time = 2273.31 sec. (2063949.92 ticks, tree = 432.41 MB, solutions = 17)
 107979 62123        cutoff            205.4870      199.0093  7049832    3.15%
 108201 62256      202.4975    44      205.4870      199.0121  7065935    3.15%
 108444 62394      201.2697    26      205.4870      199.0147  7081803    3.15%
 108645 62527      199.9394    46      205.4870      199.0160  7096842    3.15%
 108903 62681        cutoff            205.4870      199.0189  7112545    3.15%
 109101 62803      201.3577    29      205.4870      199.0210  7128148    3.15%
 109306 62928      204.5849    27      205.4870      199.0230  7143577    3.15%
 109516 63050      204.1300    24      205.4870      199.0246  7159222    3.14%
 109704 63144      200.6089    37      205.4870      199.0264  7175403    3.14%
 109932 63297      202.6552    30      205.4870      199.0284  7190945    3.14%
Elapsed time = 2319.17 sec. (2102992.38 ticks, tree = 433.22 MB, solutions = 17)
 110145 63413        cutoff            205.4870      199.0306  7207650    3.14%
 110363 63542      202.4688    26      205.4870      199.0321  7222064    3.14%
 110602 63674    infeasible            205.4870      199.0343  7238678    3.14%
 110819 63799      204.7837    19      205.4870      199.0359  7253164    3.14%
 111051 63954      199.2913    42      205.4870      199.0377  7267567    3.14%
 111281 64137      203.7358    32      205.4870      199.0382  7281762    3.14%
 111470 64256      200.3258    35      205.4870      199.0387  7297022    3.14%
 111644 64361      201.1511    22      205.4870      199.0396  7308699    3.14%
 111835 64473      203.7407    31      205.4870      199.0420  7324270    3.14%
 112028 64604      201.3368    34      205.4870      199.0432  7339639    3.14%
Elapsed time = 2363.69 sec. (2141253.56 ticks, tree = 434.37 MB, solutions = 17)
 112259 64746      199.1475    47      205.4870      199.0450  7353759    3.14%
 112482 64862      202.3494    27      205.4870      199.0473  7368937    3.13%
 112695 65001      203.2837    38      205.4870      199.0485  7384208    3.13%
 112927 65136      199.0505    36      205.4870      199.0506  7400254    3.13%
 113171 65303      202.9623    39      205.4870      199.0514  7415698    3.13%
 113412 65460      200.4269    27      205.4870      199.0534  7431308    3.13%
 113610 65606      204.6971    30      205.4870      199.0536  7446485    3.13%
 113855 65750      204.1147    18      205.4870      199.0560  7460677    3.13%
 114050 65851        cutoff            205.4870      199.0577  7476665    3.13%
 114239 65956      200.7386    36      205.4870      199.0600  7493329    3.13%
Elapsed time = 2407.61 sec. (2179570.01 ticks, tree = 438.35 MB, solutions = 17)
 114453 66083      202.1702    33      205.4870      199.0611  7509150    3.13%
 114618 66185      202.0322    22      205.4870      199.0628  7522933    3.13%
 114850 66315      204.2007    29      205.4870      199.0655  7538291    3.13%
 115072 66445      199.3412    23      205.4870      199.0675  7554182    3.12%
 115273 66573      203.7428    27      205.4870      199.0684  7570535    3.12%
 115478 66693      202.9377    29      205.4870      199.0699  7587315    3.12%
 115667 66828      203.5994    25      205.4870      199.0705  7604340    3.12%
 115885 66948      199.0737    48      205.4870      199.0735  7619353    3.12%
 116128 67092      199.9927    43      205.4870      199.0757  7634183    3.12%
 116387 67269      202.8338    25      205.4870      199.0770  7647877    3.12%
Elapsed time = 2447.92 sec. (2217851.98 ticks, tree = 439.08 MB, solutions = 17)
 116541 67351      201.8575    42      205.4870      199.0790  7658887    3.12%
 116741 67472      202.6450    34      205.4870      199.0800  7673332    3.12%
 116976 67614      199.0830    41      205.4870      199.0811  7687987    3.12%
 117206 67750      204.9516    22      205.4870      199.0830  7702568    3.12%
 117427 67856      199.9820    25      205.4870      199.0850  7717666    3.12%
 117623 67968      199.8507    21      205.4870      199.0865  7732078    3.11%
 117848 68096      204.5086    17      205.4870      199.0885  7746449    3.11%
 118068 68231      200.5599    46      205.4870      199.0897  7762123    3.11%
 118306 68389      200.5707    40      205.4870      199.0908  7778247    3.11%
 118496 68501      202.5424    43      205.4870      199.0929  7795435    3.11%
Elapsed time = 2484.49 sec. (2256248.76 ticks, tree = 439.21 MB, solutions = 17)
 118727 68653      204.3079    26      205.4870      199.0940  7811863    3.11%
 118947 68777      199.7733    42      205.4870      199.0964  7827582    3.11%
 119148 68903      204.1811    29      205.4870      199.0980  7843479    3.11%
 119355 69041      201.7792    28      205.4870      199.0992  7859633    3.11%
 119576 69184      200.6316    38      205.4870      199.1004  7874033    3.11%
 119808 69305      199.1225    42      205.4870      199.1021  7889510    3.11%
 120034 69454      205.0727    28      205.4870      199.1032  7904337    3.11%
 120244 69576      201.5685    31      205.4870      199.1057  7919742    3.11%
 120475 69723      205.4622    35      205.4870      199.1087  7936389    3.10%
 120609 69813        cutoff            205.4870      199.1095  7947324    3.10%
Elapsed time = 2523.76 sec. (2294542.70 ticks, tree = 439.39 MB, solutions = 17)
 120834 69953      201.6912    38      205.4870      199.1109  7963788    3.10%
 121015 70030      199.5076    27      205.4870      199.1128  7978394    3.10%
 121176 70122      205.0265    14      205.4870      199.1136  7990420    3.10%
 121370 70244      203.3746    25      205.4870      199.1154  8007444    3.10%
 121543 70347      201.4792    42      205.4870      199.1167  8019428    3.10%
 121775 70473      199.9349    43      205.4870      199.1186  8034371    3.10%
 121976 70564      199.2335    50      205.4870      199.1202  8048886    3.10%
 122138 70652      201.4966    41      205.4870      199.1211  8062605    3.10%
 122329 70776      201.5197    35      205.4870      199.1224  8077753    3.10%
 122527 70883      204.8620    28      205.4870      199.1243  8091963    3.10%
Elapsed time = 2564.85 sec. (2332895.49 ticks, tree = 440.04 MB, solutions = 17)
 122714 70990      205.4339    28      205.4870      199.1253  8106908    3.10%
 122911 71086      202.5230    44      205.4870      199.1268  8121055    3.10%
 123132 71219      200.1235    29      205.4870      199.1287  8135352    3.09%
 123363 71360      205.2665    22      205.4870      199.1293  8150348    3.09%
 123552 71469      202.7448    30      205.4870      199.1311  8165274    3.09%
 123784 71619      200.7315    40      205.4870      199.1333  8181559    3.09%
 124046 71784      201.6716    35      205.4870      199.1349  8197267    3.09%
 124240 71891      200.9326    53      205.4870      199.1365  8212535    3.09%
 124466 72035      200.0700    35      205.4870      199.1382  8226079    3.09%
 124673 72175      200.5913    37      205.4870      199.1394  8239666    3.09%
Elapsed time = 2607.56 sec. (2371180.64 ticks, tree = 440.74 MB, solutions = 17)
 124896 72295      203.3576    38      205.4870      199.1412  8255241    3.09%
 125128 72446      203.1483    27      205.4870      199.1429  8271276    3.09%
 125346 72576      205.0698    29      205.4870      199.1453  8287546    3.09%
 125556 72702      200.1051    32      205.4870      199.1466  8303189    3.09%
 125807 72854      199.4070    36      205.4870      199.1480  8318277    3.08%
 126053 72994      204.9950    30      205.4870      199.1502  8335054    3.08%
 126284 73137      204.9806    72      205.4870      199.1513  8351424    3.08%
 126495 73273      203.1128    48      205.4870      199.1525  8366509    3.08%
 126702 73406      201.2903    28      205.4870      199.1540  8382677    3.08%
 126911 73523      201.8517    34      205.4870      199.1558  8397935    3.08%
Elapsed time = 2651.11 sec. (2409713.47 ticks, tree = 441.88 MB, solutions = 17)
 127129 73647      200.8316    41      205.4870      199.1580  8414165    3.08%
 127354 73778      199.7924    22      205.4870      199.1590  8429131    3.08%
 127516 73858      201.3240    22      205.4870      199.1604  8441856    3.08%
 127723 73995      202.6083    31      205.4870      199.1615  8457436    3.08%
 127915 74139      201.5299    44      205.4870      199.1623  8472877    3.08%
 128087 74245      205.2097    33      205.4870      199.1631  8489757    3.08%
 128294 74347      200.6387    41      205.4870      199.1655  8504638    3.08%
 128538 74514      203.7237    30      205.4870      199.1670  8518709    3.08%
 128743 74628      200.8849    45      205.4870      199.1692  8534398    3.07%
 128979 74775      200.4998    37      205.4870      199.1708  8549782    3.07%
Elapsed time = 2694.35 sec. (2448475.93 ticks, tree = 442.95 MB, solutions = 17)
 129190 74895      202.0622    28      205.4870      199.1728  8564620    3.07%
 129441 75048        cutoff            205.4870      199.1754  8581151    3.07%
 129675 75194      202.9213    26      205.4870      199.1778  8597195    3.07%
 129909 75334        cutoff            205.4870      199.1801  8612753    3.07%
 130117 75460      205.0219    28      205.4870      199.1822  8629744    3.07%
 130333 75576      204.0366    30      205.4870      199.1836  8646708    3.07%
 130556 75707      201.0316    33      205.4870      199.1861  8662469    3.07%
 130809 75841      203.7467    12      205.4870      199.1881  8678702    3.07%
 131032 75986      200.1470    25      205.4870      199.1898  8694654    3.06%
 131266 76112      201.9630    29      205.4870      199.1921  8711117    3.06%
Elapsed time = 2734.02 sec. (2486702.39 ticks, tree = 443.84 MB, solutions = 17)
 131478 76260      202.0783    28      205.4870      199.1940  8727147    3.06%
 131737 76405      202.4375    28      205.4870      199.1969  8742637    3.06%
 131945 76535      202.4319    40      205.4870      199.1980  8758463    3.06%
 132162 76658      202.2683    22      205.4870      199.1994  8775143    3.06%
 132352 76769      200.6364    41      205.4870      199.2010  8789939    3.06%
 132543 76871      201.4883    28      205.4870      199.2021  8801791    3.06%
 132787 77015      200.6185    27      205.4870      199.2036  8817096    3.06%
 132958 77135      201.9790    40      205.4870      199.2039  8831376    3.06%
 133202 77283      201.1693    22      205.4870      199.2053  8845944    3.06%
 133394 77392      203.0611    35      205.4870      199.2066  8861784    3.06%
Elapsed time = 2778.42 sec. (2524961.21 ticks, tree = 444.83 MB, solutions = 17)
 133526 77496      199.4505    65      205.4870      199.2072  8874671    3.06%
 133635 77576      204.3714    37      205.4870      199.2073  8887296    3.06%
 133855 77710      199.6547    30      205.4870      199.2086  8902366    3.06%
 133997 77805      202.2445    29      205.4870      199.2090  8915937    3.06%
 134171 77885      199.2302    45      205.4870      199.2108  8932200    3.05%
 134414 78026      204.9381    25      205.4870      199.2134  8948913    3.05%
 134640 78146      202.0842    29      205.4870      199.2159  8965316    3.05%
 134890 78299      202.5186    44      205.4870      199.2179  8979816    3.05%
 135124 78459      205.0501    17      205.4870      199.2192  8993639    3.05%
 135372 78613      203.0137    37      205.4870      199.2219  9010058    3.05%
Elapsed time = 2822.37 sec. (2563312.75 ticks, tree = 445.69 MB, solutions = 17)
 135558 78734      204.6484    24      205.4870      199.2229  9022657    3.05%
 135783 78866      202.8355    24      205.4870      199.2252  9037812    3.05%
 136037 79010      202.3160    25      205.4870      199.2275  9054299    3.05%
 136290 79151      202.9516    29      205.4870      199.2294  9069519    3.05%
 136475 79267      203.8253    29      205.4870      199.2300  9085358    3.04%
 136695 79400      200.4581    33      205.4870      199.2320  9098119    3.04%
 136956 79540      201.9250    34      205.4870      199.2342  9113744    3.04%
 137196 79658      204.2081    26      205.4870      199.2357  9129662    3.04%
 137386 79747      202.0102    31      205.4870      199.2367  9145367    3.04%
 137626 79885      201.0446    41      205.4870      199.2381  9161100    3.04%
Elapsed time = 2866.70 sec. (2601631.82 ticks, tree = 446.79 MB, solutions = 17)
 137862 80023      202.6497    20      205.4870      199.2396  9177057    3.04%
 138102 80160      203.8398    39      205.4870      199.2410  9193263    3.04%
 138318 80283      201.4678    35      205.4870      199.2425  9208302    3.04%
 138516 80421      201.4158    27      205.4870      199.2435  9221210    3.04%
 138767 80561      203.0486    33      205.4870      199.2448  9236749    3.04%
 138978 80671      201.1677    41      205.4870      199.2465  9252862    3.04%
 139176 80805      202.6826    30      205.4870      199.2484  9269188    3.04%
 139419 80954      199.2507    43      205.4870      199.2507  9285692    3.03%
 139608 81049      201.5637    35      205.4870      199.2521  9300172    3.03%
 139863 81199      201.9055    36      205.4870      199.2540  9315473    3.03%
Elapsed time = 2912.33 sec. (2640658.80 ticks, tree = 447.83 MB, solutions = 17)
 140059 81311      204.8389    28      205.4870      199.2562  9332098    3.03%
 140282 81434      201.7960    35      205.4870      199.2591  9346293    3.03%
 140510 81562      202.0024    35      205.4870      199.2610  9361555    3.03%
 140714 81686      201.5518    37      205.4870      199.2627  9375704    3.03%
 140946 81837      201.1684    34      205.4870      199.2638  9391378    3.03%
 141137 81967      204.0796    36      205.4870      199.2645  9407487    3.03%
 141339 82099      204.8995    26      205.4870      199.2651  9421106    3.03%
 141574 82227      201.0888    36      205.4870      199.2675  9436519    3.03%
 141800 82379      203.0215    31      205.4870      199.2681  9452320    3.03%
 142019 82526      199.4671    64      205.4870      199.2701  9466807    3.03%
Elapsed time = 2955.93 sec. (2678914.43 ticks, tree = 448.95 MB, solutions = 17)
 142257 82670        cutoff            205.4870      199.2714  9482167    3.02%
 142487 82821      203.0949    26      205.4870      199.2724  9497393    3.02%
 142739 82983      201.8156    36      205.4870      199.2736  9512837    3.02%
 143003 83139      205.0007    13      205.4870      199.2751  9528329    3.02%
 143237 83312        cutoff            205.4870      199.2755  9544598    3.02%
 143464 83439      204.2060    34      205.4870      199.2768  9561207    3.02%
 143626 83545      202.4790    22      205.4870      199.2780  9575515    3.02%
 143876 83672      202.7164    22      205.4870      199.2800  9590904    3.02%
 144101 83815      201.8589    37      205.4870      199.2807  9607498    3.02%
 144300 83928      202.6966    38      205.4870      199.2818  9624640    3.02%
Elapsed time = 3000.84 sec. (2717212.83 ticks, tree = 449.80 MB, solutions = 17)
 144516 84064      199.5086    41      205.4870      199.2834  9638665    3.02%
 144753 84189      201.9863    31      205.4870      199.2849  9653809    3.02%
 145019 84334      205.2728    23      205.4870      199.2873  9670282    3.02%
 145271 84473      199.9661    38      205.4870      199.2889  9684983    3.02%
 145428 84555        cutoff            205.4870      199.2902  9702199    3.02%
 145657 84690      204.9376    29      205.4870      199.2915  9717952    3.02%
 145873 84843      201.1390    32      205.4870      199.2921  9733520    3.01%
 146108 84999      204.4327    28      205.4870      199.2934  9748750    3.01%
 146316 85112      204.2316    33      205.4870      199.2950  9763569    3.01%
 146491 85199      200.3236    36      205.4870      199.2960  9778098    3.01%
Elapsed time = 3046.41 sec. (2755477.41 ticks, tree = 450.11 MB, solutions = 17)
 146717 85306      202.0660    34      205.4870      199.2975  9793396    3.01%
 146962 85458      200.5023    34      205.4870      199.2990  9807247    3.01%
 147176 85585      199.6322    36      205.4870      199.3008  9821970    3.01%
 147435 85747      201.0022    39      205.4870      199.3014  9836928    3.01%
 147607 85850      199.6466    42      205.4870      199.3024  9846270    3.01%
 147873 86002      203.8203    26      205.4870      199.3049  9860944    3.01%
 148112 86141      203.0821    44      205.4870      199.3068  9875989    3.01%
 148344 86288      204.3765    32      205.4870      199.3081  9890647    3.01%
 148576 86449      199.3154    36      205.4870      199.3087  9906680    3.01%
 148773 86578      201.8698    33      205.4870      199.3104  9923640    3.01%
Elapsed time = 3090.35 sec. (2793803.44 ticks, tree = 451.17 MB, solutions = 17)
 148993 86715      201.6023    37      205.4870      199.3112  9939373    3.01%
 149232 86882      202.2638    29      205.4870      199.3123  9954943    3.00%
 149457 87017      204.3418    28      205.4870      199.3142  9970867    3.00%
 149674 87169      202.3958    28      205.4870      199.3153  9987167    3.00%
 149916 87330      203.3748    36      205.4870      199.3164 10003964    3.00%
 150146 87455      202.8245    27      205.4870      199.3176 10020009    3.00%
 150412 87596      205.0542    39      205.4870      199.3201 10035299    3.00%
 150633 87731      204.1442    34      205.4870      199.3212 10048681    3.00%
 150849 87849      201.7134    36      205.4870      199.3230 10063074    3.00%
 151056 87970      204.4317    20      205.4870      199.3248 10080493    3.00%
Elapsed time = 3135.33 sec. (2832071.86 ticks, tree = 452.19 MB, solutions = 17)
 151274 88076      200.3953    29      205.4870      199.3263 10097051    3.00%
 151516 88220      201.5814    29      205.4870      199.3274 10112259    3.00%
 151779 88368      202.7515    27      205.4870      199.3288 10128586    3.00%
 152021 88522      204.6250    24      205.4870      199.3299 10144267    3.00%
 152245 88652      204.6942    29      205.4870      199.3309 10159467    3.00%
 152487 88810      204.6140    29      205.4870      199.3314 10174379    3.00%
 152733 88979      203.4637    31      205.4870      199.3331 10186471    2.99%
 152974 89132      200.1339    23      205.4870      199.3346 10200546    2.99%
 153226 89276      203.7422    26      205.4870      199.3356 10215278    2.99%
 153468 89413      205.3212    28      205.4870      199.3386 10229741    2.99%
Elapsed time = 3180.99 sec. (2870560.61 ticks, tree = 453.46 MB, solutions = 17)
 153625 89520        cutoff            205.4870      199.3394 10241997    2.99%
 153825 89628      203.4701    36      205.4870      199.3407 10256607    2.99%
 153977 89726      202.0298    41      205.4870      199.3410 10272817    2.99%
 154211 89864      204.4543    50      205.4870      199.3418 10289562    2.99%
 154400 89967      199.9568    31      205.4870      199.3427 10305255    2.99%
 154612 90060      201.0420    47      205.4870      199.3445 10322862    2.99%
 154791 90183      202.7284    38      205.4870      199.3453 10338405    2.99%
 154989 90311      200.2026    38      205.4870      199.3463 10353493    2.99%
 155190 90426      201.0446    39      205.4870      199.3477 10368253    2.99%
 155418 90595      202.9004    36      205.4870      199.3485 10384487    2.99%
Elapsed time = 3225.81 sec. (2909081.05 ticks, tree = 454.32 MB, solutions = 17)
 155641 90725      201.0844    39      205.4870      199.3499 10399374    2.99%
 155870 90852      202.7997    23      205.4870      199.3519 10415536    2.99%
 156078 90988      201.9161    59      205.4870      199.3528 10432433    2.99%
 156216 91059      202.7351    32      205.4870      199.3542 10442419    2.98%
 156456 91214      204.5461    19      205.4870      199.3554 10458301    2.98%
 156662 91328      199.6167    33      205.4870      199.3567 10472034    2.98%
 156805 91411      202.2095    51      205.4870      199.3578 10481255    2.98%
 156816 91419      204.5160    29      205.4870      199.3578 10482149    2.98%
 156916 91485      201.8909    32      205.4870      199.3583 10490604    2.98%
 157016 91568      200.0046    46      205.4870      199.3585 10500926    2.98%
Elapsed time = 3274.07 sec. (2952427.17 ticks, tree = 455.03 MB, solutions = 17)
 157216 91701      204.5177    39      205.4870      199.3597 10513102    2.98%
 157416 91808      203.2957    26      205.4870      199.3614 10528133    2.98%
 157516 91867      204.6923    32      205.4870      199.3619 10534142    2.98%
 157716 91991      203.9094    27      205.4870      199.3630 10546553    2.98%
 157924 92133      203.9260    40      205.4870      199.3640 10563251    2.98%
 158016 92196      204.1922    17      205.4870      199.3644 10567862    2.98%
 158169 92284      204.6744    33      205.4870      199.3654 10577043    2.98%
*158216+91957                          205.4417      199.3655             2.96%
 158216 91959      201.0518    24      205.4417      199.3655 10579849    2.96%
 158316 92032      205.1033    25      205.4417      199.3658 10588618    2.96%
 158416 92100      201.5014    31      205.4417      199.3665 10594846    2.96%
Elapsed time = 3328.37 sec. (3012484.50 ticks, tree = 453.92 MB, solutions = 18)
 158516 92162      199.6468    38      205.4417      199.3670 10600000    2.96%
 158616 92225      202.2806    37      205.4417      199.3679 10610661    2.96%
 158716 92304      199.3728    53      205.4417      199.3681 10617258    2.96%
 158816 92358      205.0328    28      205.4417      199.3686 10624899    2.96%
 158916 92411      201.0197    29      205.4417      199.3691 10632435    2.96%
 159016 92466      202.0283    33      205.4417      199.3694 10639797    2.96%
 159116 92536      204.4893    25      205.4417      199.3701 10646042    2.96%
 159216 92609      204.5579    30      205.4417      199.3707 10650105    2.96%
 159316 92654      202.4203    31      205.4417      199.3712 10656445    2.95%
 159516 92790      199.6002    32      205.4417      199.3723 10667123    2.95%
Elapsed time = 3396.27 sec. (3079867.34 ticks, tree = 454.61 MB, solutions = 18)
 159713 92917      205.2011    33      205.4417      199.3732 10678927    2.95%
 159716 92920      205.2011    33      205.4417      199.3732 10679473    2.95%
 159816 92978      202.8873    22      205.4417      199.3743 10688595    2.95%
 159919 93024      202.3194    33      205.4417      199.3753 10696807    2.95%
 160019 93075      201.7478    33      205.4417      199.3761 10705339    2.95%
 160116 93138      200.3343    42      205.4417      199.3768 10712464    2.95%
 160216 93184      202.8280    33      205.4417      199.3776 10721704    2.95%
 160316 93232      199.9438    35      205.4417      199.3787 10728700    2.95%
 160416 93296      201.4293    41      205.4417      199.3790 10733489    2.95%
 160516 93357      203.4224    22      205.4417      199.3800 10741599    2.95%
Elapsed time = 3452.97 sec. (3133165.11 ticks, tree = 454.94 MB, solutions = 18)
 160616 93401      199.7864    45      205.4417      199.3805 10749202    2.95%
 160716 93466      201.2554    31      205.4417      199.3814 10756869    2.95%
 160816 93527      201.9671    27      205.4417      199.3820 10764508    2.95%
 160916 93594      203.7006    37      205.4417      199.3827 10770509    2.95%
 161116 93694      202.7706    25      205.4417      199.3850 10784189    2.95%
 161316 93827      204.9407    28      205.4417      199.3860 10797408    2.95%
 161416 93878      199.8778    41      205.4417      199.3869 10804746    2.95%
 161616 94014      202.9025    29      205.4417      199.3884 10819626    2.95%
 161816 94127      205.4365    33      205.4417      199.3894 10835155    2.95%
 161916 94185      202.3936    22      205.4417      199.3903 10840674    2.95%
Elapsed time = 3524.14 sec. (3202609.03 ticks, tree = 455.45 MB, solutions = 18)
 162016 94245      204.4867    26      205.4417      199.3909 10847013    2.95%
 162116 94320      204.7259    29      205.4417      199.3911 10854612    2.95%
 162216 94371      200.6658    30      205.4417      199.3916 10861891    2.94%
 162346 94456      203.8672    30      205.4417      199.3923 10869571    2.94%
 162416 94509      204.0413    20      205.4417      199.3928 10874395    2.94%
 162620 94627      200.2802    43      205.4417      199.3940 10890705    2.94%
 162716 94679      204.1578    22      205.4417      199.3945 10897752    2.94%
 162816 94750      204.8217    27      205.4417      199.3948 10903322    2.94%
 163016 94881      203.7798    30      205.4417      199.3957 10915560    2.94%
 163197 94992      204.7272    23      205.4417      199.3962 10930557    2.94%
Elapsed time = 3581.53 sec. (3254006.48 ticks, tree = 456.47 MB, solutions = 18)
 163316 95065      205.3650    31      205.4417      199.3968 10939698    2.94%
 163516 95190      203.9806    35      205.4417      199.3976 10953022    2.94%

GUB cover cuts applied:  26
Clique cuts applied:  5
Cover cuts applied:  13
Implied bound cuts applied:  15
Flow cuts applied:  30
Mixed integer rounding cuts applied:  416
Zero-half cuts applied:  5
Lift and project cuts applied:  2
Gomory fractional cuts applied:  1

Root node processing (before b&c):
  Real time             =    3.72 sec. (3343.66 ticks)
Sequential b&c:
  Real time             = 3596.28 sec. (3267513.46 ticks)
                          ------------
Total (root+branch&cut) = 3600.00 sec. (3270857.12 ticks)
