Version identifier: 22.1.0.0 | 2022-03-09 | 1a383f8ce
CPXPARAM_Read_DataCheck                          1
CPXPARAM_Threads                                 1
CPXPARAM_TimeLimit                               3600
Tried aggregator 2 times.
MIP Presolve eliminated 13494 rows and 644 columns.
MIP Presolve modified 92402 coefficients.
Aggregator did 250 substitutions.
Reduced MIP has 17247 rows, 1326 columns, and 127970 nonzeros.
Reduced MIP has 959 binaries, 0 generals, 0 SOSs, and 0 indicators.
Presolve time = 0.34 sec. (257.54 ticks)
Found incumbent of value 309.799484 after 0.46 sec. (339.62 ticks)
Probing fixed 36 vars, tightened 78 bounds.
Probing time = 0.20 sec. (151.20 ticks)
Tried aggregator 1 time.
Detecting symmetries...
MIP Presolve eliminated 379 rows and 36 columns.
MIP Presolve modified 1626 coefficients.
Reduced MIP has 16868 rows, 1290 columns, and 125109 nonzeros.
Reduced MIP has 923 binaries, 0 generals, 0 SOSs, and 0 indicators.
Presolve time = 0.10 sec. (55.29 ticks)
Probing time = 0.01 sec. (7.70 ticks)
Clique table members: 9227.
MIP emphasis: balance optimality and feasibility.
MIP search method: dynamic search.
Parallel mode: none, using 1 thread.
Root relaxation solution time = 0.09 sec. (82.29 ticks)

        Nodes                                         Cuts/
   Node  Left     Objective  IInf  Best Integer    Best Bound    ItCnt     Gap

*     0+    0                          309.7995      241.4459            22.06%
      0     0      241.4459   253      309.7995      241.4459      663   22.06%
      0     0      241.4459   101      309.7995     Cuts: 600     1181   22.06%
      0     0      241.4459   126      309.7995    Cuts: 1014     1951   22.06%
      0     0      241.4459    87      309.7995     Cuts: 137     2341   22.06%
*     0+    0                          301.3092      241.4459            19.87%
      0     0  -1.00000e+75     0      301.3092      241.4459     2341   19.87%
      0     0      241.4459    96      301.3092     Cuts: 676     3377   19.87%
*     0+    0                          244.6747      241.4459             1.32%
Detecting symmetries...
      0     2      241.4459    64      244.6747      241.4459     4678    1.32%
Elapsed time = 8.97 sec. (7663.38 ticks, tree = 0.01 MB, solutions = 3)
      1     3      242.3895    54      244.6747      241.4459     5877    1.32%
      2     4      241.4460    73      244.6747      241.4460     6912    1.32%
      5     7      241.4715    57      244.6747      241.4460     7935    1.32%
      7     9      241.4715    53      244.6747      241.4460     8542    1.32%
     11    13      241.6431    54      244.6747      241.4460    10655    1.32%
     12    14      244.0861    35      244.6747      241.4460    11785    1.32%
     20    22      241.6431    50      244.6747      241.4460    12452    1.32%
     21    23      244.2040    53      244.6747      241.4460    13259    1.32%
     28    30      242.6029    53      244.6747      241.4460    13489    1.32%
     51    47      242.0984    52      244.6747      241.4460    16682    1.32%
Elapsed time = 15.76 sec. (12216.43 ticks, tree = 2.71 MB, solutions = 3)
     77    67      243.1751    52      244.6747      241.4460    19501    1.32%
    126   116      241.7621    48      244.6747      241.4460    21985    1.32%
    229   219      241.6458    47      244.6747      241.4460    24032    1.32%
    252   238      241.7751    35      244.6747      241.4460    28647    1.32%
    267   246        cutoff            244.6747      241.4460    33298    1.32%
    280   249      242.8952    63      244.6747      241.4464    36164    1.32%
    323   290      241.7779    41      244.6747      241.4464    39603    1.32%
    340   305      242.6069    44      244.6747      241.4464    45099    1.32%
    402   345      243.5607    23      244.6747      241.4464    49238    1.32%
    435   364      243.5557    60      244.6747      241.4465    52573    1.32%
Elapsed time = 29.84 sec. (22812.21 ticks, tree = 3.57 MB, solutions = 3)
    464   385      241.7100    47      244.6747      241.4465    57330    1.32%
    503   424      243.6194    54      244.6747      241.4465    58460    1.32%
    505   426      242.7302    55      244.6747      241.4465    60944    1.32%

Performing restart 1

Repeating presolve.
Tried aggregator 1 time.
MIP Presolve eliminated 7617 rows and 448 columns.
MIP Presolve modified 15998 coefficients.
Reduced MIP has 9251 rows, 842 columns, and 54868 nonzeros.
Reduced MIP has 556 binaries, 0 generals, 0 SOSs, and 0 indicators.
Presolve time = 0.17 sec. (62.87 ticks)
Tried aggregator 1 time.
MIP Presolve eliminated 183 rows and 18 columns.
MIP Presolve modified 3876 coefficients.
Reduced MIP has 9068 rows, 824 columns, and 53827 nonzeros.
Reduced MIP has 538 binaries, 0 generals, 0 SOSs, and 0 indicators.
Presolve time = 0.08 sec. (31.87 ticks)
Tried aggregator 1 time.
Reduced MIP has 9068 rows, 824 columns, and 53827 nonzeros.
Reduced MIP has 538 binaries, 0 generals, 0 SOSs, and 0 indicators.
Presolve time = 0.07 sec. (23.36 ticks)
Represolve time = 0.73 sec. (266.80 ticks)
    507     0      241.4492   104      244.6747    Cuts: 1221    62830    1.32%
    507     0      241.4523    80      244.6747    Cuts: 1100    63110    1.32%
    507     0      241.4554    80      244.6747     Cuts: 591    63273    1.32%
    507     0      241.4556    80      244.6747     Cuts: 561    63422    1.32%
    507     0      241.4571   121      244.6747     Cuts: 801    63636    1.32%
    507     0      241.4574   191      244.6747     Cuts: 922    63797    1.31%
    507     0      241.4598   107      244.6747     Cuts: 927    63939    1.31%
    507     0      241.4601   108      244.6747     Cuts: 183    64104    1.31%
    507     0      241.4604   111      244.6747     Cuts: 462    64182    1.31%
    507     0      241.4604   116      244.6747     Cuts: 639    64241    1.31%
    507     0      241.4649   255      244.6747     Cuts: 284    64474    1.31%
    507     0      241.4659   223      244.6747    Cuts: 1056    64611    1.31%
    507     0      241.4667   106      244.6747     Cuts: 279    64745    1.31%
    507     0      241.4689   254      244.6747     Cuts: 807    64899    1.31%
    507     0      241.4696   107      244.6747     Cuts: 611    65044    1.31%
    507     0      241.4702   135      244.6747     Cuts: 729    65215    1.31%
    507     0      241.4708   178      244.6747     Cuts: 421    65362    1.31%
    507     0      241.4713   175      244.6747     Cuts: 109    65491    1.31%
    507     2      241.4713   180      244.6747      241.4713    65491    1.31%
    510     5      241.4720   164      244.6747      241.4720    65624    1.31%
    515    10      241.4723   150      244.6747      241.4723    67208    1.31%
    517    12      241.4723   147      244.6747      241.4723    67210    1.31%
    525    20      241.4725   127      244.6747      241.4725    67717    1.31%
    547    42      241.5078    77      244.6747      241.4726    68783    1.31%
    567    61      242.0314    59      244.6747      241.4726    71109    1.31%
Elapsed time = 64.02 sec. (44260.83 ticks, tree = 0.62 MB, solutions = 3)
    597    83      241.7088    62      244.6747      241.4727    73165    1.31%
    626   111      241.9342    52      244.6747      241.4727    75851    1.31%
    678   147      241.4727   105      244.6747      241.4728    77818    1.31%
    747   205      241.4845    73      244.6747      241.4771    79270    1.31%
    811   264      244.2586    26      244.6747      241.4785    81470    1.31%
    865   306      244.0973    44      244.6747      241.4820    83567    1.30%
    895   324      243.3244    36      244.6747      241.4867    86297    1.30%
    974   393      241.7456    48      244.6747      241.4878    88433    1.30%
   1032   446      241.7608    53      244.6747      241.4883    90564    1.30%
   1121   529      241.5421   114      244.6747      241.4908    92378    1.30%
Elapsed time = 76.41 sec. (54556.57 ticks, tree = 32.60 MB, solutions = 3)
   1203   608      241.5880    44      244.6747      241.4908    94283    1.30%
   1250   650      243.0052    40      244.6747      241.4930    96918    1.30%
   1317   708      241.6221    40      244.6747      241.4968    99206    1.30%
   1414   789      241.6246    55      244.6747      241.5016   101558    1.30%
   1480   852      243.0527    40      244.6747      241.5019   104260    1.30%
   1541   898      241.5474    27      244.6747      241.5133   106616    1.29%
   1602   950      243.4693    38      244.6747      241.5136   108083    1.29%
   1636   979      242.8675    54      244.6747      241.5149   110833    1.29%
   1699  1035      241.8597    37      244.6747      241.5243   112889    1.29%
   1800  1122      243.9865    25      244.6747      241.5308   114851    1.28%
Elapsed time = 87.79 sec. (64335.25 ticks, tree = 76.87 MB, solutions = 3)
   1852  1157      241.6411    55      244.6747      241.5347   117208    1.28%
   1942  1227      241.6563    37      244.6747      241.5389   119330    1.28%
   2020  1289      243.2083    27      244.6747      241.5392   121447    1.28%
   2077  1329      242.0022    43      244.6747      241.5498   123307    1.28%
   2107  1357      243.0094    34      244.6747      241.5498   126212    1.28%
   2197  1427      241.6337    42      244.6747      241.5519   128210    1.28%
   2315  1528      241.5947    39      244.6747      241.5551   130471    1.28%
   2357  1565      241.7438    33      244.6747      241.5555   132664    1.27%
   2449  1647      241.5588    72      244.6747      241.5590   134656    1.27%
   2524  1708      241.6574    45      244.6747      241.5663   136592    1.27%
Elapsed time = 99.07 sec. (74397.79 ticks, tree = 95.76 MB, solutions = 3)
   2590  1755      242.7709    44      244.6747      241.5668   138640    1.27%
   2653  1796      244.3986    26      244.6747      241.5697   140628    1.27%
   2745  1871      242.0735    43      244.6747      241.5781   143073    1.27%
   2820  1927      244.5458    24      244.6747      241.5794   145218    1.27%
   2878  1971      242.8394    35      244.6747      241.5855   147233    1.26%
   2985  2063      241.6514    62      244.6747      241.5925   149540    1.26%
   3075  2132      243.4619    22      244.6747      241.5947   152047    1.26%
   3115  2162      243.7551    38      244.6747      241.5947   154304    1.26%
   3194  2229      243.7783    18      244.6747      241.5949   157328    1.26%
   3280  2295      241.7195    46      244.6747      241.5981   159309    1.26%
Elapsed time = 111.30 sec. (84056.21 ticks, tree = 139.56 MB, solutions = 3)
   3328  2334      241.7045    34      244.6747      241.5981   161061    1.26%
   3416  2410      243.7199    34      244.6747      241.5981   163268    1.26%
   3505  2477      241.7758    35      244.6747      241.6030   165906    1.26%
   3588  2545      241.6310    52      244.6747      241.6095   168302    1.25%
   3679  2628      242.2149    43      244.6747      241.6108   170373    1.25%
   3751  2690      242.2643    42      244.6747      241.6117   173197    1.25%
   3817  2740        cutoff            244.6747      241.6131   175632    1.25%
   3882  2793      243.0768    25      244.6747      241.6143   177574    1.25%
   3955  2852      241.6542    64      244.6747      241.6143   179951    1.25%
   4030  2923      242.2364    33      244.6747      241.6147   181656    1.25%
Elapsed time = 121.65 sec. (93661.77 ticks, tree = 171.12 MB, solutions = 3)
   4072  2953      243.0621    32      244.6747      241.6163   184008    1.25%
   4165  3030      241.7599    29      244.6747      241.6190   186387    1.25%
   4236  3085      241.9993    26      244.6747      241.6206   188775    1.25%
   4317  3147      241.9900    13      244.6747      241.6213   191021    1.25%
   4369  3179      244.0703    20      244.6747      241.6240   192991    1.25%
   4418  3214      243.9922    32      244.6747      241.6253   195479    1.25%
   4502  3278      241.6761    59      244.6747      241.6301   198041    1.24%
   4557  3317      242.0024    28      244.6747      241.6310   199876    1.24%
   4660  3401      241.6938    50      244.6747      241.6317   202024    1.24%
   4745  3472      242.9313    51      244.6747      241.6324   204244    1.24%
Elapsed time = 136.00 sec. (103384.19 ticks, tree = 200.19 MB, solutions = 3)
   4806  3518      241.9464    34      244.6747      241.6347   205859    1.24%
   4857  3556      242.6294    23      244.6747      241.6357   208635    1.24%
   4948  3635      241.8006    53      244.6747      241.6362   210889    1.24%
   4994  3666      241.7195    34      244.6747      241.6371   212524    1.24%
   5059  3713      243.7177    36      244.6747      241.6381   215240    1.24%
   5148  3782      241.9420    37      244.6747      241.6392   217168    1.24%
   5222  3834      241.8709    45      244.6747      241.6414   219424    1.24%
   5307  3904      244.5144    12      244.6747      241.6433   222072    1.24%
   5391  3964      244.1211    22      244.6747      241.6444   224369    1.24%
   5657  4175        cutoff            244.6747      241.6468   233313    1.24%
Elapsed time = 152.42 sec. (116034.79 ticks, tree = 226.88 MB, solutions = 3)
   5897  4344      241.6545    62      244.6747      241.6540   243277    1.23%
   6220  4603      242.0591    58      244.6747      241.6587   252436    1.23%
   6478  4788      241.7495    51      244.6747      241.6679   261704    1.23%
   6725  4985      241.7827    42      244.6747      241.6722   270305    1.23%
   7021  5213      243.0431    39      244.6747      241.6765   285065    1.23%
   7229  5377      242.3697    49      244.6747      241.6765   300042    1.23%
   7476  5568      242.7101    35      244.6747      241.6790   316810    1.22%
   7730  5759      242.2771    49      244.6747      241.6810   331417    1.22%
   7944  5925      242.2328    57      244.6747      241.6810   341901    1.22%
   8117  6066      242.2933    50      244.6747      241.6810   354537    1.22%
Elapsed time = 197.59 sec. (154363.79 ticks, tree = 290.74 MB, solutions = 3)
   8429  6306      242.5128    40      244.6747      241.6857   371337    1.22%
   8686  6497      243.1831    36      244.6747      241.6895   386353    1.22%
   8936  6674      241.7807    59      244.6747      241.6970   402574    1.22%
   9137  6826      241.7924    37      244.6747      241.7014   418762    1.22%
   9412  7021      242.3812    31      244.6747      241.7026   435014    1.21%
   9732  7269        cutoff            244.6747      241.7111   448223    1.21%
   9984  7465      241.8414    57      244.6747      241.7158   464982    1.21%
  10253  7666      242.1926    53      244.6747      241.7164   483325    1.21%
* 10547+ 7486                          244.3826      241.7173             1.09%
  10547  7485      244.3826     0      244.3826      241.7173   501355    1.09%
  10549  7487      241.9645    43      244.3826      241.7173   501873    1.09%
Elapsed time = 275.65 sec. (216117.21 ticks, tree = 284.91 MB, solutions = 4)

Performing restart 2

Repeating presolve.
Tried aggregator 1 time.
MIP Presolve eliminated 414 rows and 40 columns.
MIP Presolve modified 5917 coefficients.
Reduced MIP has 8654 rows, 784 columns, and 54008 nonzeros.
Reduced MIP has 502 binaries, 0 generals, 0 SOSs, and 0 indicators.
Presolve time = 0.08 sec. (55.40 ticks)
Tried aggregator 1 time.
MIP Presolve eliminated 62 rows and 4 columns.
MIP Presolve modified 936 coefficients.
Reduced MIP has 8592 rows, 780 columns, and 53704 nonzeros.
Reduced MIP has 498 binaries, 0 generals, 0 SOSs, and 0 indicators.
Presolve time = 0.09 sec. (57.19 ticks)
Represolve time = 0.37 sec. (210.37 ticks)
  10657     0      241.4720   183      244.3826    Cuts: 1382   510839    1.09%
  10657     0      241.4721   214      244.3826    Cuts: 2112   510996    1.09%
  10657     0      241.4724    77      244.3826    Cuts: 1774   511174    1.09%
  10657     0      241.4724    97      244.3826     Cuts: 894   511318    1.09%
  10657     0      241.4725   165      244.3826     Cuts: 142   511520    1.09%
  10657     0      241.4725   170      244.3826    Cuts: 1484   511656    1.09%
  10657     0      241.4725   132      244.3826     Cuts: 293   511757    1.09%
  10657     0      241.4725    77      244.3826     Cuts: 675   511824    1.09%
  10657     0      241.4725   110      244.3826     Cuts: 405   511903    1.09%

Repeating presolve.
Tried aggregator 1 time.
MIP Presolve eliminated 174 rows and 20 columns.
MIP Presolve modified 9092 coefficients.
Reduced MIP has 8418 rows, 760 columns, and 53862 nonzeros.
Reduced MIP has 483 binaries, 0 generals, 0 SOSs, and 0 indicators.
Presolve time = 0.09 sec. (60.34 ticks)
Tried aggregator 1 time.
MIP Presolve eliminated 3 rows and 3 columns.
MIP Presolve modified 2532 coefficients.
Reduced MIP has 8415 rows, 757 columns, and 53829 nonzeros.
Reduced MIP has 480 binaries, 0 generals, 0 SOSs, and 0 indicators.
Presolve time = 0.07 sec. (39.89 ticks)
Represolve time = 0.43 sec. (218.49 ticks)
  10657     0      241.4727   134      244.3826    Cuts: 1810   513839    1.09%
  10657     0      241.4729   134      244.3826    Cuts: 1275   513981    1.09%
  10657     0      241.4729   124      244.3826     Cuts: 862   514107    1.09%
  10657     0      241.4729   135      244.3826    Cuts: 1261   514251    1.09%
  10657     0      241.4730   139      244.3826     Cuts: 466   514413    1.09%
  10657     0      241.4730   131      244.3826     Cuts: 808   514534    1.09%
  10657     0      241.4730   133      244.3826    Cuts: 2203   514647    1.09%
  10657     0      241.4730   139      244.3826     Cuts: 880   514789    1.09%
  10657     2      241.4730   128      244.3826      241.7177   514789    1.09%
  10676    20      243.0650    31      244.3826      241.7177   516359    1.09%
  10715    47      241.4753   104      244.3826      241.7177   519135    1.09%
  10748    77      241.8674    56      244.3826      241.7177   519928    1.09%
  10788    99      241.4767   106      244.3826      241.7177   522740    1.09%
  10857   161      241.9827    50      244.3826      241.7177   525008    1.09%
  10919   207      243.0163    49      244.3826      241.7177   530147    1.09%
  11039   302      242.5727    38      244.3826      241.7177   536409    1.09%
  11147   382      243.9954    48      244.3826      241.7177   546013    1.09%
  11257   459      242.3682    53      244.3826      241.7177   554832    1.09%
Elapsed time = 336.27 sec. (272848.26 ticks, tree = 2.79 MB, solutions = 4)
  11378   544      242.0450    36      244.3826      241.7177   566915    1.09%
  11594   714      241.6729    46      244.3826      241.7177   577806    1.09%
  11807   874      243.7734    37      244.3826      241.7177   592518    1.09%
  11954   975      241.5802    44      244.3826      241.7177   606673    1.09%
  12130  1100      242.0403    27      244.3826      241.7177   623109    1.09%
  12368  1290      242.2043    33      244.3826      241.7177   637269    1.09%
  12591  1444      241.5936    36      244.3826      241.7177   650646    1.09%
  12834  1634      244.3272    19      244.3826      241.7177   666906    1.09%
  13135  1836      241.6623    32      244.3826      241.7177   683797    1.09%
  13418  2036      242.0886    40      244.3826      241.7177   701674    1.09%
Elapsed time = 379.82 sec. (311098.84 ticks, tree = 5.61 MB, solutions = 4)
  13744  2277      241.8005    28      244.3826      241.7177   720068    1.09%
  14008  2469      243.9950    37      244.3826      241.7177   738067    1.09%
  14264  2643      242.8644    25      244.3826      241.7177   755711    1.09%
  14542  2832      243.3280    35      244.3826      241.7177   774267    1.09%
  14780  2995      242.2217    33      244.3826      241.7177   792714    1.09%
  15060  3184      242.4605    46      244.3826      241.7177   810499    1.09%
  15277  3330        cutoff            244.3826      241.7177   822915    1.09%
  15485  3448      244.3201    24      244.3826      241.7177   839891    1.09%
  15762  3637      241.8183    36      244.3826      241.7177   858405    1.09%
  15940  3752      242.4451    48      244.3826      241.7177   874222    1.09%
Elapsed time = 427.02 sec. (349398.61 ticks, tree = 8.13 MB, solutions = 4)
  16089  3846      242.4527    36      244.3826      241.7177   886562    1.09%
  16323  4014      242.5544    32      244.3826      241.7190   902876    1.09%
  16527  4172      242.3423    38      244.3826      241.7225   918930    1.09%
  16805  4365      242.8349    30      244.3826      241.7307   937641    1.09%
  17006  4506      241.8483    45      244.3826      241.7357   951575    1.08%
  17230  4649      243.1955    35      244.3826      241.7428   966371    1.08%
  17488  4817      241.8374    29      244.3826      241.7477   984185    1.08%
  17729  4992      243.7185    32      244.3826      241.7518  1003229    1.08%
  17901  5118      242.3885    45      244.3826      241.7548  1018178    1.08%
  18065  5235      242.7119    37      244.3826      241.7548  1032525    1.08%
Elapsed time = 467.48 sec. (387683.55 ticks, tree = 10.37 MB, solutions = 4)
  18231  5356      244.1725    20      244.3826      241.7548  1048729    1.08%
  18478  5524      243.7298    29      244.3826      241.7609  1065645    1.07%
  18731  5696      241.9839    27      244.3826      241.7672  1083468    1.07%
  19005  5888      242.3415    24      244.3826      241.7710  1100801    1.07%
  19197  6004      242.1610    52      244.3826      241.7748  1115088    1.07%
  19455  6181      243.2611    38      244.3826      241.7797  1131354    1.07%
  19726  6357      243.1687    33      244.3826      241.7848  1149234    1.06%
  19967  6529      243.0855    44      244.3826      241.7915  1167361    1.06%
  20200  6687      243.1958    42      244.3826      241.7955  1184629    1.06%
  20416  6836      242.8563    47      244.3826      241.7990  1199951    1.06%
Elapsed time = 509.05 sec. (425984.22 ticks, tree = 12.70 MB, solutions = 4)
  20637  6992      242.9156    37      244.3826      241.8025  1215121    1.06%
  20886  7156      243.3079    43      244.3826      241.8078  1233256    1.05%
  21122  7314      242.2165    50      244.3826      241.8142  1252661    1.05%
  21385  7500      243.6674    25      244.3826      241.8169  1270424    1.05%
  21572  7613      243.9909    52      244.3826      241.8192  1284959    1.05%
  21794  7767      242.1770    28      244.3826      241.8240  1300176    1.05%
  22033  7918      242.0850    71      244.3826      241.8275  1317764    1.05%
  22292  8098      242.4177    33      244.3826      241.8311  1336236    1.04%
  22534  8269      244.3296    30      244.3826      241.8353  1354869    1.04%
  22738  8379      242.2562    39      244.3826      241.8397  1371298    1.04%
Elapsed time = 551.16 sec. (464410.58 ticks, tree = 15.49 MB, solutions = 4)
  22964  8523      242.1292    41      244.3826      241.8426  1387365    1.04%
  23190  8676      242.4571    47      244.3826      241.8467  1406378    1.04%
  23462  8852      242.4617    59      244.3826      241.8513  1425296    1.04%
  23720  9010      244.1556    22      244.3826      241.8546  1444183    1.03%
  23922  9136      242.1292    51      244.3826      241.8579  1460675    1.03%
  24093  9243      243.0866    44      244.3826      241.8605  1477549    1.03%
  24312  9377      241.9271    47      244.3826      241.8623  1494217    1.03%
  24531  9534      242.5011    33      244.3826      241.8650  1508972    1.03%
  24819  9746      241.9532    52      244.3826      241.8676  1524726    1.03%
  25021  9894        cutoff            244.3826      241.8698  1540536    1.03%
Elapsed time = 592.18 sec. (502839.49 ticks, tree = 17.18 MB, solutions = 4)
  25266 10044      242.5321    52      244.3826      241.8732  1558954    1.03%
  25438 10168      243.6883    23      244.3826      241.8744  1573490    1.03%
  25694 10345      244.3608    24      244.3826      241.8768  1592305    1.03%
  25925 10496        cutoff            244.3826      241.8795  1611300    1.02%
  26174 10650      242.0554    41      244.3826      241.8821  1630948    1.02%
  26371 10774      242.8134    37      244.3826      241.8835  1645828    1.02%
  26580 10915      242.2634    36      244.3826      241.8852  1663415    1.02%
  26799 11058      241.8878    30      244.3826      241.8879  1680975    1.02%
  27042 11204      244.0477    20      244.3826      241.8911  1699377    1.02%
  27249 11348      242.6898    28      244.3826      241.8924  1715240    1.02%
Elapsed time = 634.55 sec. (541596.70 ticks, tree = 20.86 MB, solutions = 4)
  27519 11537      243.3145    49      244.3826      241.8950  1733526    1.02%
  27792 11730      242.4043    34      244.3826      241.8977  1753300    1.02%
  28051 11919        cutoff            244.3826      241.9000  1770003    1.02%
  28252 12058      242.8525    47      244.3826      241.9011  1785599    1.02%
  28519 12214      243.5599    49      244.3826      241.9046  1803491    1.01%
  28758 12363      242.9309    25      244.3826      241.9067  1821828    1.01%
  29037 12548      243.3390    29      244.3826      241.9085  1840494    1.01%
  29275 12712      241.9439    48      244.3826      241.9111  1859004    1.01%
  29438 12809      243.7274    30      244.3826      241.9122  1877955    1.01%
  29583 12891      243.4501    39      244.3826      241.9122  1893896    1.01%
Elapsed time = 676.85 sec. (579896.21 ticks, tree = 22.86 MB, solutions = 4)
  29731 12977        cutoff            244.3826      241.9122  1909249    1.01%
  29861 13040        cutoff            244.3826      241.9122  1926393    1.01%
  30041 13156      242.9375    29      244.3826      241.9132  1940267    1.01%
  30257 13283      243.5532    32      244.3826      241.9155  1958397    1.01%
  30520 13462      243.9829    30      244.3826      241.9175  1977582    1.01%
  30727 13584      244.1839    32      244.3826      241.9194  1996823    1.01%
  30987 13744      243.0524    38      244.3826      241.9226  2015749    1.01%
  31236 13903      243.3321    20      244.3826      241.9245  2032029    1.01%
  31464 14039      244.0132    36      244.3826      241.9265  2048391    1.01%
  31692 14183      243.2691    41      244.3826      241.9283  2064966    1.00%
Elapsed time = 722.57 sec. (618196.63 ticks, tree = 24.84 MB, solutions = 4)
  31944 14348      243.4839    36      244.3826      241.9300  2083299    1.00%
  32218 14526      242.4907    48      244.3826      241.9327  2103053    1.00%
  32439 14665      242.8861    30      244.3826      241.9344  2121806    1.00%
  32678 14835      241.9446    70      244.3826      241.9367  2141399    1.00%
  32892 14967      243.7043    28      244.3826      241.9386  2161642    1.00%
  33007 15000      243.6105    29      244.3826      241.9386  2180123    1.00%
  33120 15043      244.3227    23      244.3826      241.9386  2198568    1.00%
  33267 15120      243.3335    15      244.3826      241.9394  2212418    1.00%
  33505 15263        cutoff            244.3826      241.9414  2230190    1.00%
  33751 15428      243.4521    29      244.3826      241.9434  2249736    1.00%
Elapsed time = 764.30 sec. (656623.21 ticks, tree = 26.54 MB, solutions = 4)
  33998 15601      242.9287    37      244.3826      241.9452  2268427    1.00%
  34264 15788      242.7670    32      244.3826      241.9474  2287196    1.00%
  34557 15991      242.9302    22      244.3826      241.9490  2306305    1.00%
  34794 16149      243.7379    41      244.3826      241.9512  2324916    0.99%
  34980 16261        cutoff            244.3826      241.9527  2337521    0.99%
  35234 16443      244.2668    15      244.3826      241.9548  2358086    0.99%
  35437 16555      242.4615    40      244.3826      241.9577  2375446    0.99%
  35646 16691      243.9821    23      244.3826      241.9592  2392856    0.99%
  35924 16870      243.3828    30      244.3826      241.9613  2412492    0.99%
  36195 17055      242.1185    46      244.3826      241.9632  2430664    0.99%
Elapsed time = 805.17 sec. (694930.48 ticks, tree = 29.47 MB, solutions = 4)
  36447 17201        cutoff            244.3826      241.9652  2450667    0.99%
  36691 17348      242.1714    52      244.3826      241.9676  2470295    0.99%
  36942 17520      242.6348    42      244.3826      241.9697  2487958    0.99%
  37154 17651      242.8052    49      244.3826      241.9711  2505472    0.99%
  37361 17772      242.1055    39      244.3826      241.9734  2522218    0.99%
  37578 17918      242.9210    39      244.3826      241.9758  2540011    0.98%
  37861 18117      243.1701    45      244.3826      241.9778  2555971    0.98%
  38129 18279      242.0942    35      244.3826      241.9794  2575553    0.98%
  38403 18459      243.5208    37      244.3826      241.9817  2595110    0.98%
  38575 18579      242.0322    45      244.3826      241.9829  2607224    0.98%
Elapsed time = 848.77 sec. (733332.85 ticks, tree = 31.58 MB, solutions = 4)
  38772 18713      243.2183    41      244.3826      241.9841  2624818    0.98%
  39060 18885        cutoff            244.3826      241.9859  2644911    0.98%
  39344 19065      244.0632    29      244.3826      241.9875  2664435    0.98%
  39594 19245      243.4144    29      244.3826      241.9886  2683139    0.98%
  39772 19357      242.3686    58      244.3826      241.9900  2701630    0.98%
  40022 19522      242.1980    31      244.3826      241.9909  2721253    0.98%
  40277 19668      242.4175    39      244.3826      241.9922  2739023    0.98%
  40526 19825      243.2031    21      244.3826      241.9939  2756261    0.98%
  40758 19981      243.7858    30      244.3826      241.9950  2772563    0.98%
  40975 20110      242.1201    33      244.3826      241.9963  2792385    0.98%
Elapsed time = 890.67 sec. (771545.88 ticks, tree = 34.09 MB, solutions = 4)
  41254 20298      243.2339    27      244.3826      241.9977  2811975    0.98%
  41509 20468      243.8894    20      244.3826      241.9994  2830665    0.98%
  41740 20590      242.8883    33      244.3826      242.0010  2850717    0.97%
  41944 20723      242.4537    36      244.3826      242.0022  2867294    0.97%
  42140 20875      242.3446    38      244.3826      242.0028  2881092    0.97%
  42368 21032      242.4670    32      244.3826      242.0039  2899466    0.97%
  42540 21144      242.0657    71      244.3826      242.0046  2915712    0.97%
  42750 21295      242.2079    57      244.3826      242.0052  2931768    0.97%
  42988 21447      242.3915    47      244.3826      242.0067  2953050    0.97%
  43224 21595      244.0671    33      244.3826      242.0079  2972584    0.97%
Elapsed time = 933.22 sec. (809868.77 ticks, tree = 36.48 MB, solutions = 4)
  43484 21774      243.4007    55      244.3826      242.0090  2989509    0.97%
  43723 21931      243.9159    18      244.3826      242.0107  3007064    0.97%
  43938 22078      242.8722    36      244.3826      242.0112  3024723    0.97%
  44179 22232        cutoff            244.3826      242.0125  3043419    0.97%
  44436 22391      242.1875    57      244.3826      242.0140  3062693    0.97%
  44678 22552      243.4595    30      244.3826      242.0154  3082475    0.97%
  44970 22755      242.0168    40      244.3826      242.0169  3100573    0.97%
  45221 22937      242.0574    38      244.3826      242.0176  3119392    0.97%
  45497 23122      242.0650    48      244.3826      242.0196  3140125    0.97%
  45750 23294      243.4602    33      244.3826      242.0205  3158755    0.97%
Elapsed time = 976.30 sec. (848083.02 ticks, tree = 38.90 MB, solutions = 4)
  45994 23438      243.8833    24      244.3826      242.0218  3176146    0.97%
  46231 23588      242.7534    36      244.3826      242.0228  3193292    0.97%
  46448 23730      242.3354    43      244.3826      242.0240  3209420    0.97%
  46694 23874      243.2393    37      244.3826      242.0255  3229199    0.96%
  46919 24022      244.1767    34      244.3826      242.0267  3246199    0.96%
  47042 24054      243.8985    41      244.3826      242.0267  3267472    0.96%
  47170 24108      244.0230    49      244.3826      242.0267  3289771    0.96%
  47285 24148      243.7174    42      244.3826      242.0267  3311306    0.96%
  47441 24256      243.8670    23      244.3826      242.0276  3326830    0.96%
  47600 24360      242.3350    41      244.3826      242.0286  3340288    0.96%
Elapsed time = 1022.20 sec. (886579.29 ticks, tree = 40.42 MB, solutions = 4)
  47842 24536      243.3946    29      244.3826      242.0297  3358623    0.96%
  48015 24638      243.4735    52      244.3826      242.0307  3377111    0.96%
  48207 24746      242.7359    44      244.3826      242.0318  3394669    0.96%
  48396 24876      242.3853    39      244.3826      242.0324  3410688    0.96%
  48606 24992      243.1678    46      244.3826      242.0338  3427321    0.96%
  48812 25103      242.1030    39      244.3826      242.0353  3445176    0.96%
  48978 25161      243.9605    50      244.3826      242.0363  3462644    0.96%
  49129 25203      242.1207    40      244.3826      242.0369  3480993    0.96%
  49339 25352      242.0448    55      244.3826      242.0379  3495643    0.96%
  49590 25542      244.1139    25      244.3826      242.0394  3512366    0.96%
Elapsed time = 1072.00 sec. (924872.05 ticks, tree = 42.05 MB, solutions = 4)
  49804 25679      243.4422    35      244.3826      242.0405  3532355    0.96%
  50017 25817      242.3792    48      244.3826      242.0415  3550139    0.96%
  50240 25980      243.6706    26      244.3826      242.0423  3568496    0.96%
  50408 26075      242.0992    68      244.3826      242.0436  3582742    0.96%
  50537 26192      242.0517    58      244.3826      242.0436  3590516    0.96%
  50660 26282      243.3059    27      244.3826      242.0438  3601110    0.96%
  50924 26399      242.1549    43      244.3826      242.0451  3621138    0.96%
  51162 26551      242.4182    64      244.3826      242.0463  3641216    0.96%
  51379 26691      242.0470    55      244.3826      242.0470  3658871    0.96%
  51655 26886      243.0598    38      244.3826      242.0480  3678654    0.96%
Elapsed time = 1119.18 sec. (963311.45 ticks, tree = 43.91 MB, solutions = 4)
  51865 27012        cutoff            244.3826      242.0495  3699249    0.95%
  52092 27145      242.3297    19      244.3826      242.0508  3718572    0.95%
  52317 27288      242.7292    50      244.3826      242.0518  3736797    0.95%
  52539 27429      243.5411    50      244.3826      242.0526  3757886    0.95%
  52714 27534      244.2590    44      244.3826      242.0534  3775494    0.95%
  52932 27682      242.4018    40      244.3826      242.0541  3793473    0.95%
  53171 27830      243.6761    19      244.3826      242.0553  3814208    0.95%
  53434 28000      242.0647    51      244.3826      242.0561  3832484    0.95%
  53610 28113      242.4223    42      244.3826      242.0573  3849803    0.95%
  53834 28258      242.1743    52      244.3826      242.0578  3866142    0.95%
Elapsed time = 1165.68 sec. (1001708.91 ticks, tree = 46.22 MB, solutions = 4)
  54030 28395      243.1662    29      244.3826      242.0588  3882735    0.95%
  54246 28521      242.4501    82      244.3826      242.0600  3899669    0.95%
  54437 28669      242.0780    86      244.3826      242.0604  3914415    0.95%
  54674 28847      242.3097    49      244.3826      242.0611  3932492    0.95%
  54902 28997      243.5064    31      244.3826      242.0619  3951393    0.95%
  55089 29124      243.5451    28      244.3826      242.0622  3967974    0.95%
  55300 29276      242.8086    30      244.3826      242.0628  3986312    0.95%
  55483 29396      242.7153    49      244.3826      242.0637  4004730    0.95%
  55720 29550      242.9330    53      244.3826      242.0646  4024222    0.95%
  55936 29683      243.6464    36      244.3826      242.0654  4044588    0.95%
Elapsed time = 1211.82 sec. (1040051.62 ticks, tree = 48.68 MB, solutions = 4)
  56164 29820      242.6682    43      244.3826      242.0665  4064242    0.95%
  56401 29982      244.0010    37      244.3826      242.0672  4083617    0.95%
  56633 30161      242.5162    57      244.3826      242.0678  4100707    0.95%
  56828 30275      242.1706    48      244.3826      242.0684  4119974    0.95%
  57054 30422      242.4349    42      244.3826      242.0691  4138871    0.95%
  57253 30545      242.3905    34      244.3826      242.0699  4156746    0.95%
  57419 30640      242.5989    58      244.3826      242.0708  4175452    0.95%
  57616 30765      242.6066    50      244.3826      242.0711  4193145    0.95%
  57859 30945      242.8287    52      244.3826      242.0718  4208412    0.95%
  58107 31121      242.3090    38      244.3826      242.0725  4229040    0.95%
Elapsed time = 1258.86 sec. (1078361.95 ticks, tree = 50.75 MB, solutions = 4)
  58370 31321      243.9422    36      244.3826      242.0729  4250119    0.95%
  58579 31437      242.7220    65      244.3826      242.0738  4270310    0.94%
  58824 31605      242.2566    48      244.3826      242.0745  4289124    0.94%
  59031 31727        cutoff            244.3826      242.0751  4309824    0.94%
  59260 31876      243.4386    34      244.3826      242.0759  4329220    0.94%
  59474 32002      242.7518    46      244.3826      242.0768  4348875    0.94%
  59715 32132      244.1962    16      244.3826      242.0776  4369093    0.94%
  59951 32292      243.8730    25      244.3826      242.0784  4385963    0.94%
  60141 32399      243.9335    35      244.3826      242.0790  4403694    0.94%
  60390 32551      243.6594    40      244.3826      242.0804  4420731    0.94%
Elapsed time = 1308.60 sec. (1117123.29 ticks, tree = 52.74 MB, solutions = 4)
  60592 32689      243.1803    44      244.3826      242.0810  4438312    0.94%
  60837 32846      242.9203    28      244.3826      242.0816  4455365    0.94%
  61090 33028      242.1979    48      244.3826      242.0818  4473794    0.94%
  61362 33201      242.2106    56      244.3826      242.0823  4493425    0.94%
  61522 33294      242.1621    39      244.3826      242.0829  4514347    0.94%
  61714 33433      242.6178    30      244.3826      242.0834  4531845    0.94%
  61957 33570      242.9183    37      244.3826      242.0844  4552541    0.94%
  62155 33666      243.8929    30      244.3826      242.0854  4572518    0.94%
  62423 33844      243.6815    26      244.3826      242.0862  4593158    0.94%
  62680 34018      244.0475    26      244.3826      242.0872  4613305    0.94%
Elapsed time = 1358.12 sec. (1155507.56 ticks, tree = 56.23 MB, solutions = 4)
  62864 34115      242.9536    43      244.3826      242.0883  4630918    0.94%
  63067 34239      243.1500    31      244.3826      242.0888  4649109    0.94%
  63352 34439      243.2275    45      244.3826      242.0895  4666769    0.94%
  63572 34586      243.2795    44      244.3826      242.0904  4684854    0.94%
  63756 34702      243.5389    29      244.3826      242.0909  4702518    0.94%
  64017 34870      243.1050    32      244.3826      242.0920  4721788    0.94%
  64253 35032      244.0792    41      244.3826      242.0931  4739890    0.94%
  64467 35176      243.0588    44      244.3826      242.0936  4758379    0.94%
  64718 35356      242.6704    48      244.3826      242.0942  4776482    0.94%
  64961 35509      243.2271    28      244.3826      242.0950  4797068    0.94%
Elapsed time = 1406.13 sec. (1193873.37 ticks, tree = 58.45 MB, solutions = 4)
  65193 35658      243.2802    25      244.3826      242.0957  4817791    0.94%
  65387 35788      243.0852    49      244.3826      242.0963  4838556    0.94%
  65672 35996      242.2035    43      244.3826      242.0974  4856914    0.94%
  65901 36135      242.3400    38      244.3826      242.0987  4876047    0.93%
  66101 36263        cutoff            244.3826      242.0992  4890817    0.93%
  66366 36449      243.7675    22      244.3826      242.1000  4909789    0.93%
  66576 36583      243.3864    35      244.3826      242.1009  4929039    0.93%
  66773 36711        cutoff            244.3826      242.1014  4945767    0.93%
  66968 36821      243.3021    45      244.3826      242.1024  4962073    0.93%
  67166 36933      242.5453    32      244.3826      242.1030  4980740    0.93%
Elapsed time = 1462.30 sec. (1232249.68 ticks, tree = 60.57 MB, solutions = 4)
  67393 37093      242.4385    39      244.3826      242.1035  4996477    0.93%
  67609 37227      242.8086    27      244.3826      242.1042  5014360    0.93%
  67797 37338      243.1852    31      244.3826      242.1050  5033168    0.93%
  68001 37444      242.3845    48      244.3826      242.1057  5052768    0.93%
  68263 37627      242.1509    52      244.3826      242.1063  5071396    0.93%
  68493 37780      242.1312    33      244.3826      242.1067  5091826    0.93%
  68718 37935      244.1362    31      244.3826      242.1075  5111240    0.93%
  68957 38093      244.3073    24      244.3826      242.1080  5130911    0.93%
  69200 38251      242.3872    39      244.3826      242.1089  5151292    0.93%
  69403 38381      243.1478    32      244.3826      242.1094  5170701    0.93%
Elapsed time = 1511.10 sec. (1270589.74 ticks, tree = 62.65 MB, solutions = 4)
  69635 38525      242.1253    35      244.3826      242.1102  5188734    0.93%
  69862 38680      242.2239    44      244.3826      242.1106  5205915    0.93%
  70103 38827      242.1140    61      244.3826      242.1113  5224361    0.93%
  70346 39003      243.1863    39      244.3826      242.1118  5241563    0.93%
  70575 39137      242.4085    43      244.3826      242.1125  5259395    0.93%
  70825 39289      242.5514    54      244.3826      242.1132  5277406    0.93%
  71065 39435      243.3020    48      244.3826      242.1141  5294706    0.93%
  71321 39627      242.5352    36      244.3826      242.1144  5311644    0.93%
  71569 39790      243.5660    25      244.3826      242.1153  5332403    0.93%
  71769 39908      243.9880    15      244.3826      242.1160  5350985    0.93%
Elapsed time = 1561.85 sec. (1308884.18 ticks, tree = 64.85 MB, solutions = 4)
  71972 40038      243.4548    39      244.3826      242.1167  5371471    0.93%
  72188 40161      243.6381    39      244.3826      242.1176  5389170    0.93%
  72373 40267      242.9929    37      244.3826      242.1185  5407295    0.93%
  72583 40414      242.4763    31      244.3826      242.1186  5427955    0.93%
  72815 40567      242.1419    53      244.3826      242.1193  5446767    0.93%
  73063 40725      243.3327    21      244.3826      242.1197  5467409    0.93%
  73299 40881      243.8874    53      244.3826      242.1203  5485670    0.93%
  73506 41009        cutoff            244.3826      242.1212  5505079    0.93%
  73646 41076      242.8373    42      244.3826      242.1221  5522314    0.92%
  73853 41209      243.5390    36      244.3826      242.1225  5540582    0.92%
Elapsed time = 1618.70 sec. (1347291.58 ticks, tree = 66.86 MB, solutions = 4)
  74088 41336      244.1490    23      244.3826      242.1231  5559893    0.92%
  74323 41475      243.8522    36      244.3826      242.1237  5572743    0.92%
  74535 41587      243.2110    27      244.3826      242.1244  5593090    0.92%
  74717 41681      243.4964    17      244.3826      242.1253  5612638    0.92%
  74952 41817      242.2483    66      244.3826      242.1265  5632942    0.92%
  75160 41946      242.3824    29      244.3826      242.1273  5651917    0.92%
  75351 42074      243.4358    34      244.3826      242.1279  5672561    0.92%
  75596 42242      243.6963    37      244.3826      242.1286  5692386    0.92%
  75821 42388      243.0826    48      244.3826      242.1294  5712477    0.92%
  76094 42565      243.0370    28      244.3826      242.1300  5729756    0.92%
Elapsed time = 1668.85 sec. (1385525.44 ticks, tree = 70.65 MB, solutions = 4)
  76312 42710      242.5188    33      244.3826      242.1303  5748468    0.92%
  76496 42820      242.9398    44      244.3826      242.1308  5767764    0.92%
  76720 42966      242.4589    57      244.3826      242.1311  5786645    0.92%
  76884 43056      242.5336    39      244.3826      242.1319  5804869    0.92%
  77143 43240      242.3503    41      244.3826      242.1325  5823174    0.92%
  77342 43346      242.3145    69      244.3826      242.1332  5842598    0.92%
  77594 43498      242.2091    33      244.3826      242.1339  5861602    0.92%
  77826 43647      242.1789    43      244.3826      242.1345  5881594    0.92%
  78051 43763      244.3026    48      244.3826      242.1354  5901324    0.92%
  78304 43937      243.5200    33      244.3826      242.1362  5920282    0.92%
Elapsed time = 1718.46 sec. (1423933.87 ticks, tree = 72.63 MB, solutions = 4)
  78518 44056      242.1600    57      244.3826      242.1369  5940361    0.92%
  78765 44219      242.1514    34      244.3826      242.1375  5956034    0.92%
  78970 44354      242.4795    45      244.3826      242.1379  5970756    0.92%
  79157 44459      242.3413    46      244.3826      242.1388  5989830    0.92%
  79388 44609      244.1365    15      244.3826      242.1394  6009721    0.92%
  79650 44794      244.1371    42      244.3826      242.1399  6028620    0.92%
  79875 44937      244.2597    26      244.3826      242.1406  6046266    0.92%
  80065 45055      242.3244    41      244.3826      242.1409  6065075    0.92%
  80302 45205      242.4386    54      244.3826      242.1415  6081575    0.92%
  80544 45369      242.8786    39      244.3826      242.1421  6100022    0.92%
Elapsed time = 1774.57 sec. (1462201.61 ticks, tree = 80.55 MB, solutions = 4)
  80770 45504      242.2945    41      244.3826      242.1426  6117980    0.92%
  80977 45636      242.3097    52      244.3826      242.1430  6135301    0.92%
  81158 45731      243.7150    42      244.3826      242.1436  6155623    0.92%
  81357 45850      242.2047    47      244.3826      242.1441  6174232    0.92%
  81607 46020      242.8373    36      244.3826      242.1447  6193972    0.92%
  81822 46073      242.2161    58      244.3826      242.1451  6212190    0.92%
  82077 46237      243.5073    28      244.3826      242.1454  6234128    0.92%
  82299 46368        cutoff            244.3826      242.1461  6252395    0.92%
  82577 46549      243.3825    45      244.3826      242.1466  6271348    0.91%
  82848 46729      242.9814    42      244.3826      242.1470  6289598    0.91%
Elapsed time = 1831.35 sec. (1500503.32 ticks, tree = 82.38 MB, solutions = 4)
  83078 46898      242.2627    51      244.3826      242.1474  6308470    0.91%
  83330 47056      242.1678    41      244.3826      242.1480  6328785    0.91%
  83520 47180        cutoff            244.3826      242.1481  6346288    0.91%
  83736 47330      242.4230    30      244.3826      242.1487  6364626    0.91%
  83937 47450      243.7111    45      244.3826      242.1494  6382849    0.91%
  84139 47562      242.2399    43      244.3826      242.1500  6400809    0.91%
  84382 47689        cutoff            244.3826      242.1506  6418445    0.91%
  84587 47820      243.1830    45      244.3826      242.1510  6437408    0.91%
  84803 47952      243.8954    21      244.3826      242.1515  6455238    0.91%
  85032 48102      243.4367    39      244.3826      242.1519  6475528    0.91%
Elapsed time = 1883.21 sec. (1538740.72 ticks, tree = 84.36 MB, solutions = 4)
  85248 48229      242.9531    52      244.3826      242.1529  6494532    0.91%
  85454 48355      242.5234    30      244.3826      242.1533  6514732    0.91%
  85683 48504      242.4340    47      244.3826      242.1542  6533706    0.91%
  85943 48679      243.3552    34      244.3826      242.1547  6553707    0.91%
  86172 48824      244.3603    18      244.3826      242.1551  6573171    0.91%
  86418 48975      244.2501    27      244.3826      242.1560  6593820    0.91%
  86629 49094      242.3729    48      244.3826      242.1565  6611974    0.91%
  86827 49226      244.2021    17      244.3826      242.1568  6630277    0.91%
  87057 49373      242.3555    55      244.3826      242.1573  6648260    0.91%
  87255 49484      243.3763    42      244.3826      242.1581  6664678    0.91%
Elapsed time = 1935.21 sec. (1577061.78 ticks, tree = 86.21 MB, solutions = 4)
  87481 49620      242.5333    33      244.3826      242.1588  6682886    0.91%
  87722 49770      243.6205    29      244.3826      242.1597  6701085    0.91%
  87924 49891      243.1229    40      244.3826      242.1601  6719893    0.91%
  88139 50034      242.1762    61      244.3826      242.1604  6738315    0.91%
  88341 50150        cutoff            244.3826      242.1609  6757850    0.91%
  88534 50281      243.1393    28      244.3826      242.1612  6776187    0.91%
  88752 50413      242.2198    56      244.3826      242.1619  6795199    0.91%
  89005 50597      243.2593    25      244.3826      242.1625  6813182    0.91%
  89234 50730      243.8067    34      244.3826      242.1631  6833094    0.91%
  89463 50878      244.0591    15      244.3826      242.1635  6851915    0.91%
Elapsed time = 1986.39 sec. (1615378.41 ticks, tree = 88.22 MB, solutions = 4)
  89707 51004      242.2843    42      244.3826      242.1641  6872122    0.91%
  89909 51094      242.2233    50      244.3826      242.1649  6891401    0.91%
  90172 51252      242.5749    42      244.3826      242.1653  6911306    0.91%
  90369 51364      242.6644    27      244.3826      242.1658  6930074    0.91%
  90587 51496      243.6628    19      244.3826      242.1663  6949486    0.91%
  90809 51627        cutoff            244.3826      242.1671  6967485    0.91%
  91046 51784      242.9453    51      244.3826      242.1677  6985301    0.91%
  91248 51903      242.4362    64      244.3826      242.1684  7004291    0.91%
  91485 52062      243.9843    25      244.3826      242.1689  7023607    0.91%
  91675 52170      242.7460    49      244.3826      242.1693  7041329    0.91%
Elapsed time = 2042.29 sec. (1653642.01 ticks, tree = 90.28 MB, solutions = 4)
  91815 52265      243.6927    46      244.3826      242.1696  7057017    0.91%
  91911 52343      244.3601    27      244.3826      242.1696  7071550    0.91%
  92143 52490      242.2623    48      244.3826      242.1699  7090318    0.91%
  92367 52630      243.9804    24      244.3826      242.1706  7110959    0.91%
  92653 52817      243.3470    17      244.3826      242.1713  7130144    0.90%
  92836 52925      243.2650    15      244.3826      242.1719  7148925    0.90%
  93122 53119      243.9766    25      244.3826      242.1724  7168670    0.90%
  93371 53262      242.2302    61      244.3826      242.1732  7189082    0.90%
  93593 53395      242.4110    22      244.3826      242.1737  7211251    0.90%
  93877 53599      243.4845    33      244.3826      242.1746  7231460    0.90%
Elapsed time = 2101.87 sec. (1691868.62 ticks, tree = 92.27 MB, solutions = 4)
  94115 53737      243.4011    33      244.3826      242.1751  7251177    0.90%
  94376 53902      242.7725    37      244.3826      242.1758  7269705    0.90%
  94603 54028      243.4819    39      244.3826      242.1765  7289120    0.90%
  94842 54186      243.7791    24      244.3826      242.1770  7308391    0.90%
  95072 54329      243.4701    39      244.3826      242.1775  7326992    0.90%
  95318 54499      242.6116    48      244.3826      242.1778  7345610    0.90%
  95496 54602      242.1788    38      244.3826      242.1784  7364821    0.90%
  95773 54801      242.3570    69      244.3826      242.1789  7383466    0.90%
  95990 54925      243.2715    43      244.3826      242.1798  7402025    0.90%
  96220 55070      242.5580    34      244.3826      242.1803  7420767    0.90%
Elapsed time = 2158.65 sec. (1730202.75 ticks, tree = 94.32 MB, solutions = 4)
  96415 55180      243.5409    33      244.3826      242.1811  7440406    0.90%
  96585 55296      242.2090    52      244.3826      242.1814  7454388    0.90%
  96817 55424      243.1701    44      244.3826      242.1820  7473683    0.90%
  97044 55569      243.6481    19      244.3826      242.1824  7494050    0.90%
  97281 55716      243.6679    37      244.3826      242.1831  7514336    0.90%
  97482 55831      244.3389    21      244.3826      242.1835  7532202    0.90%
  97733 55988      242.2511    43      244.3826      242.1840  7551858    0.90%
  97983 56161      242.9932    42      244.3826      242.1845  7572575    0.90%
  98198 56289      243.4614    18      244.3826      242.1851  7592305    0.90%
  98454 56456      243.8664    24      244.3826      242.1856  7613071    0.90%
Elapsed time = 2211.98 sec. (1768416.75 ticks, tree = 97.61 MB, solutions = 4)
  98691 56608        cutoff            244.3826      242.1859  7632829    0.90%
  98930 56783      242.7850    31      244.3826      242.1862  7650587    0.90%
  99227 56978      242.3401    42      244.3826      242.1870  7671141    0.90%
  99448 57116      243.3530    42      244.3826      242.1873  7690686    0.90%
  99685 57264      242.2945    53      244.3826      242.1877  7709016    0.90%
  99910 57416      242.8047    54      244.3826      242.1880  7727639    0.90%
 100150 57566      243.5561    47      244.3826      242.1883  7745841    0.90%
 100405 57729      244.0238    20      244.3826      242.1889  7764183    0.90%
 100617 57833      242.3619    47      244.3826      242.1898  7784233    0.90%
 100809 57965      242.7349    49      244.3826      242.1900  7800685    0.90%
Elapsed time = 2277.89 sec. (1807170.07 ticks, tree = 99.65 MB, solutions = 4)
 101063 58134      244.0173    33      244.3826      242.1904  7819798    0.90%
 101336 58309      243.8445    29      244.3826      242.1909  7838901    0.90%
 101605 58480      242.3017    24      244.3826      242.1914  7859872    0.90%
 101846 58637      244.0593    33      244.3826      242.1918  7881245    0.90%
 102052 58747      242.3781    57      244.3826      242.1923  7900456    0.90%
 102346 58940      243.1619    59      244.3826      242.1930  7921691    0.90%
 102527 59072      242.3649    43      244.3826      242.1932  7942917    0.90%
 102717 59207      243.4584    45      244.3826      242.1932  7960714    0.90%
 102891 59328      242.4962    39      244.3826      242.1933  7978865    0.90%
 103119 59466      244.2747    37      244.3826      242.1939  7999132    0.90%
Elapsed time = 2333.01 sec. (1845509.37 ticks, tree = 101.81 MB, solutions = 4)
 103363 59627      242.7073    44      244.3826      242.1943  8017863    0.90%
 103595 59757      242.9972    45      244.3826      242.1946  8036311    0.90%
 103772 59865      242.8670    53      244.3826      242.1952  8053625    0.90%
 104002 60025      242.2026    51      244.3826      242.1955  8072250    0.89%
 104210 60154      244.1243    37      244.3826      242.1958  8091177    0.89%
 104396 60252      243.6855    50      244.3826      242.1962  8108673    0.89%
 104609 60375      244.1848    23      244.3826      242.1969  8127839    0.89%
 104812 60500      243.1674    57      244.3826      242.1976  8146825    0.89%
 105061 60673      243.6108    24      244.3826      242.1978  8165351    0.89%
 105305 60823      244.3563    26      244.3826      242.1984  8185440    0.89%
Elapsed time = 2377.04 sec. (1883829.10 ticks, tree = 103.77 MB, solutions = 4)
 105565 60984      244.3192    31      244.3826      242.1990  8206489    0.89%
 105778 61082      242.4907    22      244.3826      242.1995  8226098    0.89%
 105975 61176      242.4304    42      244.3826      242.2001  8246139    0.89%
 106240 61341      242.4396    47      244.3826      242.2006  8266107    0.89%
 106450 61488      242.6401    55      244.3826      242.2013  8286671    0.89%
 106678 61615      243.9581    27      244.3826      242.2018  8305679    0.89%
 106939 61795      242.5185    49      244.3826      242.2022  8324635    0.89%
 107117 61890      243.8568    16      244.3826      242.2028  8343264    0.89%
 107341 62036      242.8813    28      244.3826      242.2032  8359375    0.89%
 107571 62163      242.2120    43      244.3826      242.2038  8377583    0.89%
Elapsed time = 2420.53 sec. (1922051.63 ticks, tree = 105.70 MB, solutions = 4)
 107744 62297      243.9700    36      244.3826      242.2038  8397597    0.89%
 107963 62412      244.2009    28      244.3826      242.2044  8415855    0.89%
 108175 62528      243.5382    57      244.3826      242.2048  8435177    0.89%
 108384 62653      243.7749    33      244.3826      242.2055  8452847    0.89%
 108613 62771      243.6008    42      244.3826      242.2063  8470731    0.89%
 108880 62940        cutoff            244.3826      242.2069  8490416    0.89%
 109104 63089      243.8916    18      244.3826      242.2075  8510231    0.89%
 109354 63248      242.3573    50      244.3826      242.2080  8530660    0.89%
 109607 63420      243.3344    28      244.3826      242.2087  8549434    0.89%
 109831 63534      244.3811    19      244.3826      242.2091  8569057    0.89%
Elapsed time = 2470.97 sec. (1960314.55 ticks, tree = 107.67 MB, solutions = 4)
 110057 63674      242.7734    48      244.3826      242.2096  8588493    0.89%
 110331 63846      243.6507    28      244.3826      242.2101  8609653    0.89%
 110589 64004      243.6871    20      244.3826      242.2109  8629376    0.89%
 110842 64168      242.8216    45      244.3826      242.2112  8649951    0.89%
 111104 64344      243.6837    35      244.3826      242.2117  8669755    0.89%
 111359 64493      244.3274    24      244.3826      242.2122  8688669    0.89%
 111556 64599      244.3463    44      244.3826      242.2127  8707451    0.89%
 111750 64708      244.2810    10      244.3826      242.2130  8725261    0.89%
 111980 64834        cutoff            244.3826      242.2135  8742605    0.89%
 112159 64938      244.0368    21      244.3826      242.2139  8760373    0.89%
Elapsed time = 2521.32 sec. (1998803.05 ticks, tree = 109.70 MB, solutions = 4)
 112382 65081      242.7013    31      244.3826      242.2142  8779355    0.89%
 112624 65228      244.0904    25      244.3826      242.2146  8798426    0.89%
 112812 65352      242.4815    52      244.3826      242.2150  8817970    0.89%
 113040 65492      242.3841    23      244.3826      242.2155  8839295    0.89%
 113284 65643      244.1352    28      244.3826      242.2161  8859410    0.89%
 113521 65787      242.7734    50      244.3826      242.2164  8877643    0.89%
 113752 65954      243.1794    46      244.3826      242.2167  8895893    0.89%
 113997 66119      242.7433    29      244.3826      242.2171  8915960    0.89%
 114189 66247      243.8685    33      244.3826      242.2173  8934461    0.89%
 114382 66347      243.2176    44      244.3826      242.2178  8954814    0.89%
Elapsed time = 2565.69 sec. (2037137.81 ticks, tree = 114.49 MB, solutions = 4)
 114596 66463      242.7942    41      244.3826      242.2183  8974616    0.89%
 114819 66573      243.9853    29      244.3826      242.2189  8994499    0.89%
 115082 66737      243.2914    47      244.3826      242.2198  9014294    0.89%
 115316 66859      242.5052    36      244.3826      242.2205  9034096    0.88%
 115543 66997      243.5096    30      244.3826      242.2210  9051944    0.88%
 115811 67173      242.6034    51      244.3826      242.2216  9070691    0.88%
 116060 67346      243.1323    31      244.3826      242.2218  9089329    0.88%
 116304 67468      244.0457    32      244.3826      242.2224  9107416    0.88%
 116482 67551      243.5456    35      244.3826      242.2229  9125935    0.88%
 116677 67671      243.5013    37      244.3826      242.2233  9144074    0.88%
Elapsed time = 2614.21 sec. (2075535.33 ticks, tree = 116.40 MB, solutions = 4)
 116899 67797      243.9609    36      244.3826      242.2239  9162939    0.88%
 117117 67923      243.5298    24      244.3826      242.2244  9181477    0.88%
 117333 68054      243.1340    27      244.3826      242.2248  9200263    0.88%
 117597 68233      242.2512    58      244.3826      242.2252  9218672    0.88%
 117818 68402      243.6064    14      244.3826      242.2253  9236572    0.88%
 118055 68562      243.9767    37      244.3826      242.2257  9257158    0.88%
 118277 68692      243.1622    36      244.3826      242.2259  9276669    0.88%
 118507 68827      243.6173    37      244.3826      242.2263  9296362    0.88%
 118778 68973      242.6144    23      244.3826      242.2270  9315893    0.88%
 119030 69143      242.5677    32      244.3826      242.2275  9336638    0.88%
Elapsed time = 2665.89 sec. (2113807.03 ticks, tree = 118.51 MB, solutions = 4)
 119238 69266      242.5401    28      244.3826      242.2279  9357545    0.88%
 119460 69386      242.3644    40      244.3826      242.2284  9378008    0.88%
 119732 69567      242.6235    32      244.3826      242.2286  9397131    0.88%
 119981 69718      242.8952    62      244.3826      242.2294  9415836    0.88%
 120215 69873      243.9240    24      244.3826      242.2298  9432919    0.88%
 120449 70025      243.1801    37      244.3826      242.2300  9451028    0.88%
 120646 70153      242.3664    54      244.3826      242.2305  9468872    0.88%
 120901 70324      243.1709    44      244.3826      242.2308  9487170    0.88%
 121127 70482      242.2470    31      244.3826      242.2311  9505317    0.88%
 121343 70620      242.2510    51      244.3826      242.2315  9522930    0.88%
Elapsed time = 2707.78 sec. (2152262.50 ticks, tree = 120.64 MB, solutions = 4)
 121592 70777      242.2870    25      244.3826      242.2321  9542087    0.88%
 121843 70933      243.2791    39      244.3826      242.2326  9561226    0.88%
 122043 71076      242.2978    32      244.3826      242.2327  9580616    0.88%
 122299 71251      243.0348    46      244.3826      242.2331  9599299    0.88%
 122527 71388      243.5138    31      244.3826      242.2338  9617882    0.88%
 122720 71512      242.7750    45      244.3826      242.2341  9636054    0.88%
 122962 71663      243.4976    37      244.3826      242.2345  9655770    0.88%
 123189 71802      242.2624    42      244.3826      242.2349  9675311    0.88%
 123413 71944      243.5645    53      244.3826      242.2352  9694376    0.88%
 123686 72134        cutoff            244.3826      242.2356  9714288    0.88%
Elapsed time = 2753.16 sec. (2190538.08 ticks, tree = 122.90 MB, solutions = 4)
 123898 72262      244.2818    31      244.3826      242.2359  9733216    0.88%
 124121 72387      242.7649    54      244.3826      242.2365  9752744    0.88%
 124316 72508      243.8598    30      244.3826      242.2370  9771954    0.88%
 124540 72618      244.2709    49      244.3826      242.2374  9790046    0.88%
 124758 72756      242.2657    43      244.3826      242.2377  9807686    0.88%
 124988 72904      243.4446    36      244.3826      242.2381  9826237    0.88%
 125168 72996      243.1769    41      244.3826      242.2385  9845524    0.88%
 125370 73127      244.1955    21      244.3826      242.2387  9862971    0.88%
 125614 73278      242.6959    39      244.3826      242.2394  9881277    0.88%
 125832 73401      244.0142    48      244.3826      242.2398  9900036    0.88%
Elapsed time = 2799.27 sec. (2228852.34 ticks, tree = 124.73 MB, solutions = 4)
 126018 73511      243.3131    38      244.3826      242.2402  9920172    0.88%
 126257 73642      242.8267    35      244.3826      242.2407  9938590    0.88%
 126490 73765      243.2753    34      244.3826      242.2412  9956747    0.88%
 126732 73924      243.2435    44      244.3826      242.2416  9976052    0.88%
 127010 74102      243.3905    20      244.3826      242.2420  9995067    0.88%
 127237 74230      242.2464    38      244.3826      242.2424 10014235    0.88%
 127519 74387      242.2481    39      244.3826      242.2431 10033658    0.88%
 127760 74526      242.4435    51      244.3826      242.2435 10053621    0.88%
 127980 74661      244.2838    27      244.3826      242.2438 10074045    0.88%
 128227 74807      244.2408    35      244.3826      242.2445 10092513    0.87%
Elapsed time = 2845.56 sec. (2267126.15 ticks, tree = 126.83 MB, solutions = 4)
 128480 74977        cutoff            244.3826      242.2449 10111274    0.87%
 128711 75119      242.6173    42      244.3826      242.2453 10129665    0.87%
 128900 75217      243.5520    34      244.3826      242.2458 10149562    0.87%
 129138 75379      243.1387    51      244.3826      242.2461 10165935    0.87%
 129337 75496      242.6929    52      244.3826      242.2464 10184493    0.87%
 129579 75647      242.6304    28      244.3826      242.2467 10202201    0.87%
 129804 75773      243.2416    36      244.3826      242.2470 10220411    0.87%
 130044 75918      243.2592    35      244.3826      242.2475 10238935    0.87%
 130285 76067      242.4837    33      244.3826      242.2480 10258656    0.87%
 130503 76194      243.2930    43      244.3826      242.2485 10277647    0.87%
Elapsed time = 2890.45 sec. (2305686.12 ticks, tree = 128.62 MB, solutions = 4)
 130752 76336      242.3152    35      244.3826      242.2490 10298209    0.87%
 130997 76484      242.7990    42      244.3826      242.2494 10317555    0.87%
 131235 76607      244.1263    17      244.3826      242.2499 10337158    0.87%
 131485 76752      244.1649    36      244.3826      242.2506 10355793    0.87%
 131695 76913      242.5513    52      244.3826      242.2508 10376783    0.87%
 131976 77089      242.6198    36      244.3826      242.2513 10395929    0.87%
 132208 77230      244.2388    36      244.3826      242.2516 10416521    0.87%
 132467 77405      243.6225    11      244.3826      242.2521 10436536    0.87%
 132681 77543      242.6992    57      244.3826      242.2525 10456427    0.87%
 132948 77711      243.7155    41      244.3826      242.2528 10474863    0.87%
Elapsed time = 2936.34 sec. (2344050.98 ticks, tree = 130.75 MB, solutions = 4)
 133183 77858      243.4987    33      244.3826      242.2535 10494512    0.87%
 133424 78016      242.8075    22      244.3826      242.2538 10511694    0.87%
 133621 78149      242.2839    70      244.3826      242.2540 10531243    0.87%
 133819 78300        cutoff            244.3826      242.2541 10550881    0.87%
 134080 78465      242.3482    46      244.3826      242.2545 10568367    0.87%
 134260 78571      243.1217    46      244.3826      242.2551 10585297    0.87%
 134494 78727      244.2853    26      244.3826      242.2554 10602720    0.87%
 134690 78851      244.1243    48      244.3826      242.2558 10622057    0.87%
 134912 78985      243.5905    44      244.3826      242.2561 10642151    0.87%
 135172 79143      243.6606    39      244.3826      242.2567 10662189    0.87%
Elapsed time = 2980.91 sec. (2382347.16 ticks, tree = 134.05 MB, solutions = 4)
 135398 79295      243.9658    13      244.3826      242.2571 10681485    0.87%
 135656 79450      242.3139    57      244.3826      242.2577 10701373    0.87%
 135861 79579      242.7730    47      244.3826      242.2582 10720817    0.87%
 136090 79713        cutoff            244.3826      242.2586 10740311    0.87%
 136326 79846      243.8802    27      244.3826      242.2589 10759546    0.87%
 136550 79983        cutoff            244.3826      242.2593 10780094    0.87%
 136749 80119      242.5610    36      244.3826      242.2595 10799800    0.87%
 136998 80279      243.3693    36      244.3826      242.2598 10819806    0.87%
 137250 80448      243.0262    50      244.3826      242.2604 10839248    0.87%
 137491 80599      242.9041    59      244.3826      242.2607 10858436    0.87%
Elapsed time = 3027.19 sec. (2420607.95 ticks, tree = 136.08 MB, solutions = 4)
 137682 80720      242.6121    60      244.3826      242.2610 10876246    0.87%
 137934 80878      244.2211    24      244.3826      242.2614 10894108    0.87%
 138182 81040      243.6334    33      244.3826      242.2619 10911785    0.87%
 138440 81212      242.9335    42      244.3826      242.2623 10930852    0.87%
 138634 81346      242.4245    23      244.3826      242.2624 10948840    0.87%
 138864 81489      242.4706    23      244.3826      242.2628 10966493    0.87%
 139084 81615      243.6149    40      244.3826      242.2631 10986274    0.87%
 139316 81764        cutoff            244.3826      242.2634 11006008    0.87%
 139579 81935      242.3954    28      244.3826      242.2639 11025258    0.87%
 139849 82082      244.1284    47      244.3826      242.2645 11045528    0.87%
Elapsed time = 3072.43 sec. (2458944.24 ticks, tree = 138.29 MB, solutions = 4)
 140064 82210      242.3726    29      244.3826      242.2650 11065492    0.87%
 140327 82388      244.2689    21      244.3826      242.2654 11085427    0.87%
 140557 82546      242.6335    25      244.3826      242.2657 11105566    0.87%
 140763 82668      244.0318    32      244.3826      242.2660 11125320    0.87%
 141062 82836      243.1676    30      244.3826      242.2666 11144612    0.87%
 141292 82977      243.2722    12      244.3826      242.2671 11163431    0.87%
 141532 83129      242.4224    55      244.3826      242.2674 11183612    0.87%
 141736 83234        cutoff            244.3826      242.2678 11204104    0.87%
 141939 83342      242.9605    28      244.3826      242.2683 11223105    0.87%
 142168 83496      242.2717    73      244.3826      242.2687 11241694    0.87%
Elapsed time = 3118.02 sec. (2497195.48 ticks, tree = 140.34 MB, solutions = 4)
 142381 83639      244.1366    23      244.3826      242.2690 11260375    0.86%
 142626 83766      244.2291    17      244.3826      242.2697 11278952    0.86%
 142860 83920      243.4025    26      244.3826      242.2700 11296689    0.86%
 143068 84040      244.1541    48      244.3826      242.2706 11314572    0.86%
 143305 84187      242.9198    45      244.3826      242.2709 11332102    0.86%
 143585 84388      242.4086    21      244.3826      242.2712 11349872    0.86%
 143850 84559      244.0854    34      244.3826      242.2716 11370409    0.86%
 144078 84710      244.0155    39      244.3826      242.2720 11389557    0.86%
 144270 84819        cutoff            244.3826      242.2724 11408792    0.86%
 144500 84959      242.7914    35      244.3826      242.2730 11428781    0.86%
Elapsed time = 3163.46 sec. (2535840.88 ticks, tree = 142.46 MB, solutions = 4)
 144692 85068        cutoff            244.3826      242.2733 11447358    0.86%
 144946 85220      242.9934    46      244.3826      242.2736 11466352    0.86%
 145207 85388      243.5431    33      244.3826      242.2742 11484967    0.86%
 145413 85500      243.3161    35      244.3826      242.2746 11505582    0.86%
 145641 85641      242.3424    51      244.3826      242.2749 11525057    0.86%
 145880 85795      243.8899    19      244.3826      242.2752 11544426    0.86%
 146139 85959      242.5972    46      244.3826      242.2756 11563753    0.86%
 146397 86110      242.4505    23      244.3826      242.2760 11583482    0.86%
 146657 86288      242.6093    25      244.3826      242.2765 11602784    0.86%
 146886 86432        cutoff            244.3826      242.2769 11621696    0.86%
Elapsed time = 3209.82 sec. (2574155.76 ticks, tree = 144.67 MB, solutions = 4)
 147071 86539      242.9316    33      244.3826      242.2772 11640920    0.86%
 147331 86706        cutoff            244.3826      242.2775 11659726    0.86%
 147541 86810      242.8582    44      244.3826      242.2780 11678748    0.86%
 147747 86925      243.9012    29      244.3826      242.2784 11696078    0.86%
 147968 87083      244.0930    26      244.3826      242.2787 11715364    0.86%
 148195 87243      242.3457    33      244.3826      242.2790 11734238    0.86%
 148416 87371      243.8601    48      244.3826      242.2794 11751313    0.86%
 148617 87508      243.2526    36      244.3826      242.2796 11770291    0.86%
 148847 87627      242.9279    18      244.3826      242.2800 11787703    0.86%
 148992 87718      242.6060    32      244.3826      242.2803 11800103    0.86%
Elapsed time = 3254.12 sec. (2612405.27 ticks, tree = 147.42 MB, solutions = 4)
 149165 87814      242.4385    38      244.3826      242.2805 11814983    0.86%
 149357 87939      243.0045    34      244.3826      242.2808 11828426    0.86%
 149557 88068      242.5294    29      244.3826      242.2811 11841286    0.86%
 149701 88161      244.3339    23      244.3826      242.2813 11854952    0.86%
 149806 88221      243.5915    30      244.3826      242.2815 11864864    0.86%
 149857 88243      243.8003    25      244.3826      242.2815 11869562    0.86%
 149957 88299      243.2220    40      244.3826      242.2818 11877811    0.86%
 150057 88366      244.0705    22      244.3826      242.2819 11884528    0.86%
 150157 88421      243.0484    32      244.3826      242.2820 11891712    0.86%
 150384 88560      243.6070    27      244.3826      242.2823 11908688    0.86%
Elapsed time = 3317.43 sec. (2669310.90 ticks, tree = 148.64 MB, solutions = 4)
 150457 88593      242.4392    46      244.3826      242.2825 11914398    0.86%
 150557 88660      244.0664    17      244.3826      242.2826 11921819    0.86%
 150757 88799      242.5284    47      244.3826      242.2828 11934426    0.86%
 150857 88860      242.4191    32      244.3826      242.2830 11941755    0.86%
 150996 88978      243.2859    26      244.3826      242.2831 11951125    0.86%
 151057 89017      243.7920    44      244.3826      242.2832 11954815    0.86%
 151157 89073      243.1840    23      244.3826      242.2833 11962290    0.86%
 151357 89191      242.6217    50      244.3826      242.2837 11979735    0.86%
 151457 89259      242.3572    27      244.3826      242.2838 11987065    0.86%
 151575 89336      244.0374    22      244.3826      242.2839 11998147    0.86%
Elapsed time = 3380.51 sec. (2725111.50 ticks, tree = 149.76 MB, solutions = 4)
 151657 89388      243.4977    34      244.3826      242.2840 12005256    0.86%
 151757 89452      242.5574    48      244.3826      242.2841 12015131    0.86%
 151857 89506      244.0710    33      244.3826      242.2842 12025167    0.86%
 151957 89569      243.3698    47      244.3826      242.2843 12031629    0.86%
 152057 89612      243.8003    29      244.3826      242.2846 12040683    0.86%
 152175 89673      243.6040    45      244.3826      242.2847 12049722    0.86%
 152357 89794      243.1860    31      244.3826      242.2849 12065539    0.86%
 152495 89878      244.2427    32      244.3826      242.2852 12076219    0.86%
 152557 89916      243.1887    37      244.3826      242.2853 12081137    0.86%
 152657 89981      243.5862    37      244.3826      242.2854 12091448    0.86%
Elapsed time = 3446.61 sec. (2785508.63 ticks, tree = 150.84 MB, solutions = 4)
 152757 90029      242.6074    32      244.3826      242.2855 12101211    0.86%
 152857 90082      244.2228    33      244.3826      242.2857 12110513    0.86%
 152957 90139      242.6944    52      244.3826      242.2858 12118606    0.86%
 153057 90211      243.5873    45      244.3826      242.2859 12126319    0.86%
 153257 90337      242.3970    29      244.3826      242.2864 12141293    0.86%
 153357 90395      244.0322    23      244.3826      242.2866 12149823    0.86%
 153457 90463      242.3960    56      244.3826      242.2866 12156665    0.86%
 153651 90567      243.1408    50      244.3826      242.2870 12172383    0.86%
 153857 90677      244.0950    22      244.3826      242.2873 12190112    0.86%
 154071 90802      243.3101    44      244.3826      242.2877 12207222    0.86%
Elapsed time = 3502.70 sec. (2843514.95 ticks, tree = 152.10 MB, solutions = 4)
 154293 90927      242.9668    39      244.3826      242.2881 12225167    0.86%
 154512 91068      242.4947    42      244.3826      242.2885 12242388    0.86%
 154717 91203        cutoff            244.3826      242.2886 12259496    0.86%
 154931 91344      243.2818    55      244.3826      242.2890 12277687    0.86%
 155057 91426      243.3301    32      244.3826      242.2893 12287421    0.86%
 155268 91562      243.9366    27      244.3826      242.2897 12303636    0.86%
 155455 91660      243.1733    28      244.3826      242.2902 12321928    0.86%
 155527 91701      243.4039    42      244.3826      242.2903 12329173    0.86%
 155674 91782      243.4468    28      244.3826      242.2905 12341586    0.86%
 155757 91838      243.6292    29      244.3826      242.2906 12346983    0.86%
Elapsed time = 3541.76 sec. (2883923.76 ticks, tree = 153.53 MB, solutions = 4)
 155964 91932        cutoff            244.3826      242.2911 12364677    0.86%
 156157 92052      244.0708    30      244.3826      242.2913 12378478    0.86%
 156379 92186      243.3906    41      244.3826      242.2916 12396525    0.86%
 156635 92322      243.0375    33      244.3826      242.2920 12414346    0.86%
 156773 92414      242.6069    53      244.3826      242.2922 12424913    0.86%
 156981 92546      243.7780    39      244.3826      242.2925 12441953    0.86%
 157157 92644      243.1629    38      244.3826      242.2928 12459448    0.86%
 157357 92746      242.9040    28      244.3826      242.2933 12474939    0.85%
 157559 92882      243.7569    40      244.3826      242.2936 12490606    0.85%
 157768 92997      243.7333    45      244.3826      242.2939 12508895    0.85%
Elapsed time = 3581.83 sec. (2923933.60 ticks, tree = 155.21 MB, solutions = 4)
 157955 93099      242.4964    51      244.3826      242.2942 12525799    0.85%
 158151 93210      243.7801    34      244.3826      242.2945 12541221    0.85%
 158357 93337      243.4531    31      244.3826      242.2947 12557720    0.85%
 158520 93422      242.8173    27      244.3826      242.2950 12571672    0.85%
Advanced basis not built.

GUB cover cuts applied:  55
Clique cuts applied:  14
Cover cuts applied:  5
Implied bound cuts applied:  25
Flow cuts applied:  25
Mixed integer rounding cuts applied:  411
Zero-half cuts applied:  14
Gomory fractional cuts applied:  8

Root node processing (before b&c):
  Real time             =    8.68 sec. (7387.53 ticks)
Sequential b&c:
  Real time             = 3591.33 sec. (2936524.65 ticks)
                          ------------
Total (root+branch&cut) = 3600.01 sec. (2943912.17 ticks)
