Version identifier: 22.1.0.0 | 2022-03-09 | 1a383f8ce
CPXPARAM_Read_DataCheck                          1
CPXPARAM_Threads                                 1
CPXPARAM_TimeLimit                               3600
Tried aggregator 2 times.
MIP Presolve eliminated 8802 rows and 305 columns.
MIP Presolve modified 102526 coefficients.
Aggregator did 347 substitutions.
Reduced MIP has 21842 rows, 1568 columns, and 180830 nonzeros.
Reduced MIP has 1171 binaries, 0 generals, 0 SOSs, and 0 indicators.
Presolve time = 0.31 sec. (275.58 ticks)
Probing time = 0.01 sec. (7.95 ticks)
Tried aggregator 1 time.
Detecting symmetries...
Reduced MIP has 21842 rows, 1568 columns, and 180830 nonzeros.
Reduced MIP has 1171 binaries, 0 generals, 0 SOSs, and 0 indicators.
Presolve time = 0.11 sec. (74.78 ticks)
Probing time = 0.01 sec. (7.95 ticks)
Clique table members: 444.
MIP emphasis: balance optimality and feasibility.
MIP search method: dynamic search.
Parallel mode: none, using 1 thread.
Root relaxation solution time = 0.07 sec. (88.96 ticks)

        Nodes                                         Cuts/
   Node  Left     Objective  IInf  Best Integer    Best Bound    ItCnt     Gap

      0     0      678.3114   278                    678.3114      688         
      0     0      678.3114   100                   Cuts: 623     1155         
      0     0      678.3114   115                   Cuts: 953     1747         
      0     0      678.3310   128                   Cuts: 341     2715         
Detecting symmetries...
      0     2      678.3310   128                    678.3469     2715         
Elapsed time = 14.45 sec. (12731.02 ticks, tree = 0.01 MB, solutions = 0)
      4     6      678.8727   119                    678.3571     3519         
      5     7      744.4888   128                    678.3571     4019         
      7     9      678.8727   122                    678.3571     4831         
      8    10      705.8030   118                    678.3571     5635         
     10    12      712.0951   124                    678.3571     6528         
     13    15      728.4079   142                    678.3571     7583         
     16    18      678.8727   128                    678.3571     8578         
     18    20      678.8727   129                    678.3571     9548         
     20    22      678.8763   132                    678.3571    10321         
     28    30      759.8147   136                    678.3571    19378         
Elapsed time = 23.14 sec. (19942.62 ticks, tree = 0.44 MB, solutions = 0)
     34    36      691.2007   123                    678.3571    21271         
     40    42      686.7743   120                    678.3571    25442         
     44    46      678.9225   131                    678.3571    27202         
     47    49      758.3668   119                    678.3571    29556         
     50    52      678.9225   123                    678.3571    30562         
     62    64      685.2622   112                    678.3571    34160         
     75    77      693.3116    98                    678.3571    37976         
     80    80      698.1005   104                    678.3571    40347         
     90    90      695.9438    90                    678.3571    42908         
    100   100      698.5636    93                    678.3571    46305         
Elapsed time = 34.87 sec. (32613.74 ticks, tree = 1.02 MB, solutions = 0)
    118   114      724.4767    60                    678.3571    49536         
    147   139      714.1124    45                    678.3571    52074         
    193   179      738.8499    32                    678.3571    54014         
    217   195      678.3907   161                    678.3908    56135         
    228   206      730.0761   123                    678.3957    60186         
    237   215      755.2302   120                    678.3957    67372         
    243   221      713.8817   117                    678.3957    69852         
    250   228      739.2748   128                    678.3957    75335         
    252   230      748.5040   149                    678.3957    80027         
    257   235      809.3985   147                    678.3957    83667         
Elapsed time = 47.96 sec. (45643.45 ticks, tree = 1.47 MB, solutions = 0)
    259   237      857.5076   146                    678.3957    89780         
    266   244      686.7006   153                    678.3957    92447         
    272   250      725.9113   120                    678.3957    95343         
    280   258      714.7326   106                    678.3957    97827         
    288   266      752.8837   100                    678.3957   103122         
    291   269      820.2823   158                    678.3957   106563         
    309   287      686.5868   107                    678.3957   110002         
    324   300      689.5422   125                    678.3957   113712         
    337   313      681.3612    98                    678.3957   117187         
    360   334      678.7726   112                    678.3957   119787         
Elapsed time = 63.09 sec. (60046.43 ticks, tree = 1.81 MB, solutions = 0)
    374   348      714.8732    99                    678.3957   123774         
    394   368      679.1273    87                    678.3957   127136         
    414   386      699.0718   103                    678.3957   131227         
    432   402      687.5209    72                    678.3957   134726         
    448   418      679.1426    77                    678.3957   137819         
    474   442      682.4961    84                    678.3957   141115         

Performing restart 1

Repeating presolve.
Tried aggregator 1 time.
Reduced MIP has 21842 rows, 1568 columns, and 180830 nonzeros.
Reduced MIP has 1171 binaries, 0 generals, 0 SOSs, and 0 indicators.
Presolve time = 0.07 sec. (58.85 ticks)
Tried aggregator 1 time.
Reduced MIP has 21842 rows, 1568 columns, and 180830 nonzeros.
Reduced MIP has 1171 binaries, 0 generals, 0 SOSs, and 0 indicators.
Presolve time = 0.12 sec. (76.33 ticks)
Represolve time = 0.35 sec. (264.27 ticks)
    479     0      678.5499   230                  Cuts: 2136   145290         
    479     0      679.1115   245                  Cuts: 3056   145947         
    479     0      679.6163   279                  Cuts: 2495   146945         
    479     0      679.7969   294                  Cuts: 3515   147425         
    479     0      680.0720   344                  Cuts: 4550   147933         
    479     0      680.6567   351                  Cuts: 2854   148511         
    479     0      680.9863   356                  Cuts: 3611   149111         
    479     0      681.2118   402                  Cuts: 1357   149460         
    479     0      681.5260   381                  Cuts: 3472   149838         
    479     0      681.6627   402                  Cuts: 2293   150089         
    479     0      681.9605   430                  Cuts: 1444   150412         
    479     0      682.2678   431                  Cuts: 1042   150737         
    479     0      682.3882   416                  Cuts: 2825   150961         
    479     0      682.4807   436                  Cuts: 2124   151228         
    479     0      682.4921   430                  Cuts: 3355   151414         
    479     0      682.5642   441                  Cuts: 1223   151701         
    479     0      682.7704   409                  Cuts: 1082   152061         
    479     0      682.8313   418                  Cuts: 1394   152390         
    479     0      682.8553   423                  Cuts: 1555   152631         
    479     0      682.8781   401                  Cuts: 1009   152981         
    479     0      682.9224   430                  Cuts: 1261   153281         
    479     0      682.9605   432                  Cuts: 3262   153539         
    479     2      682.9605   432                    682.9605   153539         
    480     3      682.9790   355                    682.9805   153707         
    481     4      682.9888   350                    682.9850   153788         
    482     5      682.9967   349                    682.9850   153801         
Elapsed time = 207.97 sec. (174511.26 ticks, tree = 0.02 MB, solutions = 0)
    483     6      682.9985   348                    682.9850   153802         
    484     7      683.0004   350                    682.9850   153819         
    485     8      683.0209   342                    682.9850   153917         
    486     9      748.7953   192                    682.9850   160215         
    487    10      683.0411   379                    682.9850   160290         
    492    15      720.2821   124                    682.9850   161964         
    496    19      683.0731   362                    682.9850   162091         
    497    20      693.8863   243                    682.9850   164223         
    499    22      683.0959   337                    682.9850   164307         
    501    24      702.5778   244                    682.9850   165407         
Elapsed time = 262.57 sec. (228557.14 ticks, tree = 0.77 MB, solutions = 0)
    508    30      707.2545   107                    682.9850   169001         
    519    41      738.5357   115                    682.9850   170246         
    525    47      707.7039   112                    682.9850   171028         
    529    51      707.9026   103                    682.9850   171620         
    530    52      718.4897    84                    682.9850   172526         
    535    57      735.9207    83                    682.9850   173921         
    538    60      707.9717    99                    682.9850   175058         
    541    63      728.8863   112                    682.9850   176993         
    549    71      711.7768    97                    682.9850   178134         
    555    77      708.0283   108                    682.9850   179080         
Elapsed time = 287.60 sec. (255678.89 ticks, tree = 1.12 MB, solutions = 0)
    570    92      712.0938    90                    682.9850   180734         
    579   101      711.6739    88                    682.9850   181718         
    602   124      713.5575    73                    682.9850   182411         
    613   134      726.5506    65                    682.9850   183349         
    636   151      763.4847    43                    682.9850   184418         
    666   167      695.7119   288                    683.0402   188479         
    679   179      788.3826   187                    683.0402   189907         
    691   189      812.8455   133                    683.0402   191730         
    692   189      788.4436   132                    683.0402   192121         
    694   191      792.6218   116                    683.0402   192559         
Elapsed time = 303.79 sec. (272671.26 ticks, tree = 1.50 MB, solutions = 0)
    699   196      792.6414   105                    683.0402   192837         
    704   201      813.6534    82                    683.0402   193971         
    717   214      798.3658    84                    683.0402   195554         
    730   226      793.6233    86                    683.0402   197326         
    739   235      793.9320    78                    683.0402   198388         
    747   243      798.7907    67                    683.0402   200150         
    758   254      795.6424    56                    683.0402   201699         
    772   268      822.6163    37                    683.0402   202327         
*   789+  282                          886.6235      683.0402            22.96%
    794   283      693.3020   140      886.6235      683.0848   206539   22.96%
    799   288      693.6250   138      886.6235      683.0848   206648   22.96%
Elapsed time = 324.05 sec. (292051.35 ticks, tree = 1.84 MB, solutions = 1)
    805   294      695.1605   122      886.6235      683.0848   207690   22.96%
    808   297      696.2977   100      886.6235      683.0848   208963   22.96%
    809   298      696.4663    94      886.6235      683.0848   210575   22.96%
    810   299      696.5460   102      886.6235      683.0848   211965   22.96%
    829   318      696.7271   102      886.6235      683.0848   212300   22.96%
    840   329      699.2907    97      886.6235      683.0848   214138   22.96%
    846   335      701.0921    82      886.6235      683.0848   215811   22.96%
    847   335      701.1477    71      886.6235      683.0848   216337   22.96%
    855   343      702.4773    91      886.6235      683.0848   217722   22.96%
    874   362      714.8538    61      886.6235      683.0848   221078   22.96%
Elapsed time = 344.10 sec. (310952.48 ticks, tree = 2.09 MB, solutions = 1)
    881   367      707.8877   101      886.6235      683.1883   226882   22.94%
    888   374      718.1652   175      886.6235      683.1883   230403   22.94%
    929   414      792.2294   107      886.6235      683.1883   234317   22.94%
    952   433      700.1589   207      886.6235      683.1962   240384   22.94%
   1007   488      714.6777    83      886.6235      683.1962   244449   22.94%
   1027   504      727.9947   114      886.6235      683.2150   252173   22.94%
   1060   532      845.8823    76      886.6235      683.2150   258255   22.94%
   1095   560      696.8175   231      886.6235      683.2322   263960   22.94%
   1135   593      693.0313   255      886.6235      683.2322   270103   22.94%
   1176   634      717.6588    72      886.6235      683.2322   276017   22.94%
Elapsed time = 394.61 sec. (359987.90 ticks, tree = 2.86 MB, solutions = 1)
   1213   665      689.9759   110      886.6235      683.2417   282671   22.94%
*  1276   706      integral     0      859.9694      683.2417   286437   20.55%
   1302   732      775.3047   104      859.9694      683.2532   293932   20.55%
   1336   760      715.3062   113      859.9694      683.2567   301240   20.55%
   1359   783      726.5904    72      859.9694      683.2567   305431   20.55%
   1427   842      704.2799   151      859.9694      683.2601   314422   20.55%
*  1437+  850                          858.7275      683.2601            20.43%
*  1437+  850                          858.6376      683.2601            20.43%
   1437   852      704.8173   152      858.6376      683.2601   315108   20.43%
   1443   858      685.0260   262      858.6376      683.3066   318475   20.42%
   1471   885      688.7948   135      858.6376      683.3066   321031   20.42%
   1479   893      691.3928   111      858.6376      683.3066   321508   20.42%
Elapsed time = 478.12 sec. (440484.38 ticks, tree = 4.59 MB, solutions = 4)
   1519   927      696.9111   152      858.6376      683.3280   329791   20.42%
   1563   967      722.7128    87      858.6376      683.3280   337859   20.42%
   1644  1038      713.9696   175      858.6376      683.3906   345981   20.41%
   1672  1066      773.7461    68      858.6376      683.3906   353377   20.41%
   1720  1107      713.2861    62      858.6376      683.4061   361101   20.41%
   1742  1123      736.8978   109      858.6376      683.4341   368869   20.40%
   1790  1171      752.9124    85      858.6376      683.4341   373535   20.40%
   1838  1216      733.5105    86      858.6376      683.5100   380870   20.40%
   1870  1240      683.5482   323      858.6376      683.5247   387104   20.39%
   1893  1263      751.1046    88      858.6376      683.5247   395805   20.39%
Elapsed time = 523.15 sec. (480965.45 ticks, tree = 5.53 MB, solutions = 4)
   1944  1306      829.7302    35      858.6376      683.5247   405257   20.39%
   2005  1363      815.8033    40      858.6376      683.5496   413293   20.39%
   2032  1387      744.2995    70      858.6376      683.5903   420161   20.39%
   2074  1419      746.3181    87      858.6376      683.6044   427559   20.38%
   2117  1450      705.7984    88      858.6376      683.6142   434760   20.38%
   2173  1500      756.5907    79      858.6376      683.6291   443846   20.38%
   2203  1526      686.1522   125      858.6376      683.6333   451016   20.38%
   2235  1554      781.3258    56      858.6376      683.6333   460773   20.38%
   2292  1605      855.2496    56      858.6376      683.6448   470806   20.38%
   2326  1635      766.3238    68      858.6376      683.6612   477773   20.38%
Elapsed time = 566.47 sec. (520088.19 ticks, tree = 6.95 MB, solutions = 4)
   2370  1673      723.6856    74      858.6376      683.6717   485657   20.38%
   2415  1708      700.9648   139      858.6376      683.6720   493793   20.38%
   2473  1762      812.2997    36      858.6376      683.6720   503425   20.38%
   2534  1814      823.7678    45      858.6376      683.6815   511464   20.38%
   2585  1859      740.3464    60      858.6376      683.6998   519150   20.37%

Performing restart 2

Repeating presolve.
Tried aggregator 1 time.
MIP Presolve eliminated 3 rows and 1 columns.
MIP Presolve modified 60 coefficients.
Reduced MIP has 21839 rows, 1567 columns, and 186362 nonzeros.
Reduced MIP has 1170 binaries, 0 generals, 0 SOSs, and 0 indicators.
Presolve time = 0.11 sec. (97.74 ticks)
Tried aggregator 1 time.
Reduced MIP has 21839 rows, 1567 columns, and 186362 nonzeros.
Reduced MIP has 1170 binaries, 0 generals, 0 SOSs, and 0 indicators.
Presolve time = 0.20 sec. (81.65 ticks)
Represolve time = 0.69 sec. (397.99 ticks)
   2615     0      682.9659   361      858.6376    Cuts: 4442   531564   20.37%
   2615     0      682.9698   377      858.6376     Cuts: 776   531802   20.37%
   2615     0      682.9866   396      858.6376     Cuts: 798   532050   20.37%
   2615     0      682.9933   396      858.6376     Cuts: 659   532201   20.37%
   2615     0      682.9954   418      858.6376    Cuts: 1964   532396   20.37%
   2615     0      682.9989   421      858.6376     Cuts: 846   532543   20.37%
   2615     2      682.9989   421      858.6376      683.7116   532543   20.37%
   2616     3      682.9989   420      858.6376      683.7116   532544   20.37%
   2617     4      707.1039   220      858.6376      683.7116   535819   20.37%
   2619     6      767.1705   178      858.6376      683.7116   537207   20.37%
   2620     7      707.1274   217      858.6376      683.7116   537208   20.37%
Elapsed time = 683.30 sec. (621386.90 ticks, tree = 0.02 MB, solutions = 4)
   2622     9      766.4855   154      858.6376      683.7116   542673   20.37%
   2627    14      782.3994   209      858.6376      683.7116   543791   20.37%
   2638    25      836.1855   110      858.6376      683.7116   545246   20.37%
   2652    37      857.3185    59      858.6376      683.7116   548591   20.37%
   2659    37      683.0057   413      858.6376      683.7116   550556   20.37%
   2660    38      683.0099   410      858.6376      683.7116   550569   20.37%
   2665    43      739.6349   206      858.6376      683.7116   554318   20.37%
   2673    51      784.8104   106      858.6376      683.7116   558188   20.37%
   2685    63      740.8110   149      858.6376      683.7116   560233   20.37%
   2723    95      828.8650    84      858.6376      683.7116   563293   20.37%
Elapsed time = 731.89 sec. (672244.93 ticks, tree = 8.53 MB, solutions = 4)
   2762   127      695.6916   267      858.6376      683.7116   568862   20.37%
   2816   181      710.1814   124      858.6376      683.7116   570206   20.37%
   2888   249      753.7960    54      858.6376      683.7116   571967   20.37%
   2979   306      842.4346    13      858.6376      683.7116   572944   20.37%
   3018   330      683.1171   251      858.6376      683.7116   573945   20.37%
   3074   386      689.8702   141      858.6376      683.7116   575769   20.37%
   3135   446      704.6548    62      858.6376      683.7116   577970   20.37%
   3174   475      744.7493   257      858.6376      683.7116   581428   20.37%
   3218   518      849.6532    85      858.6376      683.7116   585359   20.37%
   3224   520      704.4953   181      858.6376      683.7116   589015   20.37%
Elapsed time = 778.99 sec. (716980.46 ticks, tree = 73.79 MB, solutions = 4)
   3242   538      764.7208   113      858.6376      683.7116   593863   20.37%
   3262   558      765.3398    98      858.6376      683.7116   595895   20.37%
   3328   618      836.5847    51      858.6376      683.7116   601006   20.37%
   3349   635      830.0462   115      858.6376      683.7116   605004   20.37%
   3389   667      714.4070   128      858.6376      683.7116   610386   20.37%
   3431   709      755.3727    84      858.6376      683.7116   613698   20.37%
   3464   736      731.8954   206      858.6376      683.7116   618961   20.37%
   3509   781      812.1134    91      858.6376      683.7116   621922   20.37%
   3559   818      685.1379   294      858.6376      683.7116   624398   20.37%
   3581   840      690.2055   164      858.6376      683.7116   626101   20.37%
Elapsed time = 823.92 sec. (758972.53 ticks, tree = 90.08 MB, solutions = 4)
   3617   871      688.2398   294      858.6376      683.7116   632059   20.37%
   3627   881      737.3726   189      858.6376      683.7116   637066   20.37%
   3657   911      788.1803   111      858.6376      683.7116   638956   20.37%
   3691   944      802.7127    82      858.6376      683.7116   644377   20.37%
   3752   999      722.8013   289      858.6376      683.7116   648532   20.37%
   3807  1053      789.1187    75      858.6376      683.7116   650932   20.37%
   3828  1066      702.8721   177      858.6376      683.7116   658812   20.37%
   3874  1112      742.5019   109      858.6376      683.7116   661880   20.37%
   3924  1151      718.7579   182      858.6376      683.7116   665478   20.37%
   3991  1213      708.5728   171      858.6376      683.7116   673430   20.37%
Elapsed time = 874.81 sec. (805007.66 ticks, tree = 148.14 MB, solutions = 4)
   4049  1271      749.9088    57      858.6376      683.7116   676075   20.37%
   4078  1295      781.5934   113      858.6376      683.7116   680332   20.37%
   4109  1322      809.7091    89      858.6376      683.7116   685489   20.37%
   4142  1349      714.9753   239      858.6376      683.7116   689969   20.37%
   4192  1397      804.7000    59      858.6376      683.7116   693838   20.37%
   4227  1427      703.3741   110      858.6376      683.7116   696714   20.37%
   4283  1477      705.6575   162      858.6376      683.7116   700052   20.37%
   4339  1532      779.1949    42      858.6376      683.7116   702826   20.37%
   4382  1571      750.5588   109      858.6376      683.7116   705741   20.37%
   4401  1585      754.6588   140      858.6376      683.7116   710521   20.37%
Elapsed time = 917.64 sec. (844007.37 ticks, tree = 213.00 MB, solutions = 4)
   4463  1642      814.4684    42      858.6376      683.7116   714772   20.37%
   4503  1678      750.0774    79      858.6376      683.7116   718865   20.37%
   4537  1707      712.3506   191      858.6376      683.7116   722820   20.37%
   4570  1734      708.1142    84      858.6376      683.7116   728894   20.37%
   4609  1772      741.9189    99      858.6376      683.7116   732021   20.37%
   4620  1783      765.9356    61      858.6376      683.7116   732734   20.37%
   4665  1818      699.2513   133      858.6376      683.7116   736455   20.37%
   4707  1854      729.5556    92      858.6376      683.7116   742168   20.37%
   4742  1889      749.8367    81      858.6376      683.7116   746794   20.37%
   4788  1931      826.0743    72      858.6376      683.7116   751820   20.37%
Elapsed time = 960.02 sec. (884619.68 ticks, tree = 273.50 MB, solutions = 4)
   4810  1948      744.1254   195      858.6376      683.7116   758083   20.37%
   4872  2008      812.6377    53      858.6376      683.7116   760769   20.37%
   4914  2044      738.6540    78      858.6376      683.7116   764426   20.37%
   4965  2088      711.9531   117      858.6376      683.7116   768248   20.37%
   4995  2114      733.4934   110      858.6376      683.7116   772452   20.37%
   5042  2151      747.5861   142      858.6376      683.7116   776127   20.37%
   5083  2189      700.7039   141      858.6376      683.7116   781139   20.37%
   5134  2233      742.2817   179      858.6376      683.7116   787039   20.37%
   5164  2259      738.9602   158      858.6376      683.7116   793080   20.37%
   5196  2291      744.6002   122      858.6376      683.7116   796315   20.37%
Elapsed time = 1002.96 sec. (927317.00 ticks, tree = 331.38 MB, solutions = 4)
   5219  2314      824.4404    45      858.6376      683.7116   799970   20.37%
   5251  2340      711.8376   131      858.6376      683.7116   803325   20.37%
   5287  2368      706.7724   146      858.6376      683.7116   807592   20.37%
   5305  2386      736.3847    83      858.6376      683.7116   812228   20.37%
   5347  2428      755.0325    51      858.6376      683.7116   817244   20.37%
   5387  2456      703.5650    95      858.6376      683.7116   821588   20.37%
   5437  2498      821.7178   153      858.6376      683.7116   828571   20.37%
   5464  2516      758.2008   198      858.6376      683.7116   832721   20.37%
   5509  2556      730.4742   219      858.6376      683.7116   838152   20.37%
   5514  2561      785.3224   151      858.6376      683.7116   843991   20.37%
Elapsed time = 1042.98 sec. (968977.07 ticks, tree = 358.01 MB, solutions = 4)
   5553  2596      695.6765   173      858.6376      683.7116   847684   20.37%
   5570  2613      722.3880   119      858.6376      683.7116   852034   20.37%
   5613  2642      703.8428   182      858.6376      683.7116   856124   20.37%
   5641  2670      751.8256    64      858.6376      683.7116   860233   20.37%
   5667  2688      766.1122   148      858.6376      683.7116   865304   20.37%
   5696  2713      700.5907   119      858.6376      683.7116   871605   20.37%
   5753  2758      691.3284   179      858.6376      683.7116   875269   20.37%
   5792  2795      803.1778    56      858.6376      683.7116   878616   20.37%
   5822  2821      803.7874    93      858.6376      683.7116   887841   20.37%
   5848  2847      847.2294    61      858.6376      683.7116   892704   20.37%
Elapsed time = 1082.95 sec. (1011277.72 ticks, tree = 397.55 MB, solutions = 4)
   5873  2867      706.8817    74      858.6376      683.7116   895963   20.37%
   5919  2909      701.5037   160      858.6376      683.7116   899619   20.37%
   5969  2952      695.5333   165      858.6376      683.7116   903409   20.37%
   6009  2991      772.0911    50      858.6376      683.7116   906896   20.37%
   6035  3013      717.4555    78      858.6376      683.7116   910012   20.37%
   6067  3039      750.1991   131      858.6376      683.7122   914679   20.37%
   6099  3069      838.4397    50      858.6376      683.7122   919129   20.37%
   6148  3110      698.8203    81      858.6376      683.7127   922656   20.37%
   6200  3154      724.3978    60      858.6376      683.7764   926614   20.36%
   6208  3156      755.0416   147      858.6376      683.7776   932956   20.36%
Elapsed time = 1123.83 sec. (1050245.24 ticks, tree = 451.58 MB, solutions = 4)
   6250  3191      700.5131   143      858.6376      683.8654   936327   20.35%
   6304  3235      697.8341   118      858.6376      683.8907   940158   20.35%
   6334  3265      717.7945    71      858.6376      683.8907   945563   20.35%
   6370  3301      772.7880    61      858.6376      683.8907   950916   20.35%
   6422  3343      721.8943   111      858.6376      683.8955   955359   20.35%
   6475  3392      696.2850   149      858.6376      683.9235   959587   20.35%
   6510  3425      833.2255    46      858.6376      683.9235   963680   20.35%
   6537  3448      786.8768    99      858.6376      683.9325   968545   20.35%
   6585  3491      736.7312    69      858.6376      683.9790   972605   20.34%
   6605  3507      693.0498   140      858.6376      684.0210   975826   20.34%
Elapsed time = 1167.65 sec. (1089186.74 ticks, tree = 512.77 MB, solutions = 4)
   6615  3517      697.6903   103      858.6376      684.0210   976730   20.34%
   6648  3546      722.6583   156      858.6376      684.0594   982245   20.33%
   6674  3572      773.6853    86      858.6376      684.0594   986054   20.33%
   6684  3578      761.2243   116      858.6376      684.1104   991267   20.33%
   6742  3633      686.6750   131      858.6376      684.1822   994337   20.32%
   6769  3656      720.3739   106      858.6376      684.1879  1000788   20.32%
   6803  3690      742.7734    86      858.6376      684.1879  1004302   20.32%
   6827  3710      774.2711   108      858.6376      684.1939  1008524   20.32%
   6880  3761      824.7226    61      858.6376      684.1939  1013675   20.32%
   6918  3793      723.1568   173      858.6376      684.2360  1018213   20.31%
Elapsed time = 1210.06 sec. (1130952.89 ticks, tree = 560.24 MB, solutions = 4)
   6959  3830      772.8706    46      858.6376      684.2360  1022136   20.31%
   7007  3870      793.0805    61      858.6376      684.3119  1025686   20.30%
   7036  3895      689.5053   225      858.6376      684.3246  1028853   20.30%
   7074  3926      688.2693   136      858.6376      684.3306  1033105   20.30%
   7113  3958      707.3026   214      858.6376      684.3454  1038158   20.30%
   7133  3978      716.2656   164      858.6376      684.3454  1042182   20.30%
   7183  4028      769.0487    68      858.6376      684.3454  1046935   20.30%
   7217  4054      698.0299   264      858.6376      684.3505  1050586   20.30%
   7253  4086      685.0232   347      858.6376      684.4244  1054111   20.29%
   7285  4118      708.7366    94      858.6376      684.4244  1057307   20.29%
Elapsed time = 1254.61 sec. (1170134.04 ticks, tree = 586.70 MB, solutions = 4)
   7324  4153      705.7587   116      858.6376      684.4253  1059954   20.29%
   7356  4181      687.2456   182      858.6376      684.4374  1065038   20.29%
   7403  4228      747.9972    70      858.6376      684.4374  1068585   20.29%
   7423  4244      704.3658   221      858.6376      684.4383  1073291   20.29%
   7435  4256      748.1723    95      858.6376      684.4383  1078966   20.29%
   7452  4273      777.8950    99      858.6376      684.4383  1085163   20.29%
   7492  4309      845.1376    59      858.6376      684.4383  1090223   20.29%
   7521  4330      690.4971   124      858.6376      684.4443  1092932   20.29%
   7568  4371      694.7122   264      858.6376      684.4639  1096440   20.28%
   7600  4403      710.4498    78      858.6376      684.4639  1099465   20.28%
Elapsed time = 1300.72 sec. (1209763.49 ticks, tree = 618.72 MB, solutions = 4)
   7615  4414      693.9558    99      858.6376      684.5231  1101324   20.28%
   7665  4454      694.7428   112      858.6376      684.5276  1105487   20.28%
   7706  4487      693.3055   167      858.6376      684.5441  1109793   20.28%
   7759  4538      807.0132    62      858.6376      684.5441  1114263   20.28%
   7804  4567      687.8015   126      858.6376      684.5694  1118373   20.27%
   7829  4588      745.1508   129      858.6376      684.6236  1123392   20.27%
   7870  4624      693.4618   119      858.6376      684.6364  1131494   20.26%
   7908  4658      731.8017    67      858.6376      684.6405  1140569   20.26%
   7946  4688      694.2894   120      858.6376      684.6509  1145722   20.26%
   7999  4734      688.1865   217      858.6376      684.6936  1149496   20.26%
Elapsed time = 1347.75 sec. (1251982.63 ticks, tree = 645.92 MB, solutions = 4)
   8033  4768      775.5211    72      858.6376      684.6936  1153485   20.26%
   8095  4824      759.0361    53      858.6376      684.7532  1157338   20.25%
   8126  4847      721.2977   177      858.6376      684.7654  1161053   20.25%
   8165  4884      847.8233    50      858.6376      684.7654  1165521   20.25%
   8184  4899      694.8198   281      858.6376      684.8014  1168266   20.25%
   8215  4928      827.4765    72      858.6376      684.8014  1173886   20.25%
   8256  4960      705.8724   116      858.6376      684.8360  1177975   20.24%
   8287  4987      687.5314   208      858.6376      684.8755  1181162   20.24%
   8326  5022      687.9622   136      858.6376      684.8803  1186169   20.24%
   8370  5062      690.2518   127      858.6376      684.9239  1190084   20.23%
Elapsed time = 1391.54 sec. (1290746.27 ticks, tree = 691.30 MB, solutions = 4)
   8407  5097      718.0138    56      858.6376      684.9239  1195031   20.23%
*  8451  5056      integral     0      847.5777      684.9239  1197264   19.19%
   8473  5076      701.4664    63      847.5777      684.9442  1199531   19.19%
   8519  5116      708.0177    60      847.5777      685.0167  1203926   19.18%
*  8551+ 5050                          841.9247      685.0319            18.64%
   8551  5052      698.2866   127      841.9247      685.0319  1205855   18.64%
   8589  5084      785.4106   137      841.9247      685.0556  1209983   18.63%
   8615  5102      696.7808    93      841.9247      685.0847  1212751   18.63%
   8659  5146      750.8949    63      841.9247      685.0847  1217629   18.63%
   8700  5183      692.0104   178      841.9247      685.0862  1221125   18.63%
   8736  5215      690.8270   161      841.9247      685.0907  1226606   18.63%
   8777  5256      715.5003    85      841.9247      685.0907  1229745   18.63%
Elapsed time = 1442.52 sec. (1335933.82 ticks, tree = 707.08 MB, solutions = 6)
   8815  5284      690.5168   174      841.9247      685.0915  1233793   18.63%
   8864  5329      692.5969   118      841.9247      685.1084  1237348   18.63%
   8904  5361      699.7491   245      841.9247      685.1285  1241368   18.62%
   8931  5388      721.4389    73      841.9247      685.1285  1246281   18.62%
   9000  5445        cutoff            841.9247      685.1429  1250729   18.62%
   9026  5469      743.4613   102      841.9247      685.1690  1254464   18.62%
   9060  5496      687.6746   152      841.9247      685.1998  1258426   18.62%
   9107  5539      706.9942   134      841.9247      685.2058  1263140   18.61%
   9142  5574      763.9696    80      841.9247      685.2058  1267541   18.61%
   9199  5623      829.0454    27      841.9247      685.2311  1271735   18.61%
Elapsed time = 1487.53 sec. (1375004.96 ticks, tree = 771.99 MB, solutions = 6)
   9244  5656      835.4499    53      841.9247      685.2326  1275722   18.61%
   9288  5697      717.6965    95      841.9247      685.2478  1279791   18.61%
   9316  5722      757.7427   168      841.9247      685.2511  1283819   18.61%
   9355  5755      690.6021   216      841.9247      685.2938  1287773   18.60%
   9375  5775      755.6169   145      841.9247      685.2938  1291920   18.60%
   9421  5815      696.3738   187      841.9247      685.3007  1298397   18.60%
   9481  5869      692.8338   259      841.9247      685.3086  1302875   18.60%
   9543  5921      819.4897    37      841.9247      685.3086  1306612   18.60%
   9598  5968      709.1382   122      841.9247      685.3380  1311263   18.60%
   9615  5985      713.3152    95      841.9247      685.3380  1311896   18.60%
Elapsed time = 1533.36 sec. (1415848.09 ticks, tree = 819.04 MB, solutions = 6)
   9653  6017      687.2606   153      841.9247      685.3452  1316393   18.60%
   9674  6034      711.7561   122      841.9247      685.3800  1321372   18.59%
   9719  6071      693.4881   132      841.9247      685.4182  1324956   18.59%
   9763  6111      718.4092    71      841.9247      685.4731  1329437   18.58%
   9801  6141      700.2439    92      841.9247      685.5055  1333855   18.58%
   9850  6186      742.7148   122      841.9247      685.5283  1337733   18.58%
   9900  6232      775.3462    72      841.9247      685.5303  1341738   18.58%
   9951  6273      832.9702    42      841.9247      685.5382  1346003   18.57%
   9984  6301      695.2800   170      841.9247      685.5572  1350281   18.57%
  10046  6359      704.2755    73      841.9247      685.5632  1353706   18.57%
Elapsed time = 1577.15 sec. (1455395.15 ticks, tree = 858.62 MB, solutions = 6)
  10066  6375      726.4632    83      841.9247      685.5735  1362556   18.57%
  10107  6414      776.5243    63      841.9247      685.5735  1367829   18.57%
  10162  6447      727.1272    98      841.9247      685.5789  1372248   18.57%
  10197  6475      711.6146   101      841.9247      685.5789  1375724   18.57%
  10266  6540      792.1277    63      841.9247      685.6096  1379858   18.57%
  10315  6578      696.2547   145      841.9247      685.6222  1383707   18.56%
  10370  6621      693.1900   136      841.9247      685.6223  1388351   18.56%
  10420  6665      688.1058   242      841.9247      685.6378  1391203   18.56%
  10467  6708      702.5956    98      841.9247      685.6400  1395218   18.56%
  10508  6742      738.5446   145      841.9247      685.6602  1399824   18.56%
Elapsed time = 1623.98 sec. (1496435.90 ticks, tree = 908.23 MB, solutions = 6)
  10557  6783      734.3004    75      841.9247      685.6655  1404002   18.56%
  10611  6827      692.0354   135      841.9247      685.6871  1408112   18.56%
  10615  6831      692.5740   119      841.9247      685.6871  1408279   18.56%
  10649  6860      695.1030   215      841.9247      685.7206  1412261   18.55%
  10698  6905      829.5813    52      841.9247      685.7206  1416237   18.55%
  10750  6950      688.5263   121      841.9247      685.7521  1419994   18.55%
  10809  6997        cutoff            841.9247      685.7521  1424127   18.55%
  10831  7019      727.7366   113      841.9247      685.7763  1428694   18.55%
  10895  7077      715.4077    70      841.9247      685.8250  1432549   18.54%
  10932  7110      720.6740    90      841.9247      685.8329  1436346   18.54%
Elapsed time = 1670.13 sec. (1537900.44 ticks, tree = 952.12 MB, solutions = 6)
  10969  7141      745.1785    50      841.9247      685.8444  1441273   18.54%
  10999  7165      728.0458   102      841.9247      685.8779  1445852   18.53%
  11053  7209      690.6111   137      841.9247      685.8827  1450399   18.53%
  11112  7264      705.1133   129      841.9247      685.8942  1454853   18.53%
  11157  7303      783.9597    42      841.9247      685.9226  1458971   18.53%
  11188  7324      725.4951   169      841.9247      685.9253  1463733   18.53%
  11217  7353      760.5251    91      841.9247      685.9253  1468244   18.53%
  11256  7388      711.7524   111      841.9247      685.9624  1472799   18.52%
  11298  7414      689.5850   272      841.9247      685.9775  1477409   18.52%
  11341  7453      688.8264   128      841.9247      685.9799  1481114   18.52%
Elapsed time = 1715.01 sec. (1576905.09 ticks, tree = 982.86 MB, solutions = 6)
  11387  7491      719.0581    63      841.9247      685.9843  1485614   18.52%
  11417  7517      720.3191   212      841.9247      685.9906  1488717   18.52%
  11459  7551      700.4448   121      841.9247      685.9985  1493954   18.52%
  11494  7582      688.3412   323      841.9247      686.0013  1497845   18.52%
  11529  7617      714.7707    84      841.9247      686.0013  1501718   18.52%
  11563  7647      729.7418   150      841.9247      686.0037  1505875   18.52%
  11604  7682      693.9698   183      841.9247      686.0046  1509252   18.52%
  11615  7693      695.4835   134      841.9247      686.0046  1510035   18.52%
  11650  7722      698.5717   161      841.9247      686.0074  1514774   18.52%
  11689  7759      826.4001    46      841.9247      686.0074  1519307   18.52%
Elapsed time = 1767.34 sec. (1624464.98 ticks, tree = 1021.90 MB, solutions = 6)
  11725  7789      745.2798    86      841.9247      686.0207  1523230   18.52%
  11771  7825        cutoff            841.9247      686.0333  1527581   18.52%
  11796  7848      732.2240    93      841.9247      686.0356  1531807   18.52%
  11839  7873      700.3758   169      841.9247      686.0402  1535705   18.52%
  11874  7902      705.3506   128      841.9247      686.0618  1540331   18.51%
  11916  7938      693.2103   153      841.9247      686.0666  1545004   18.51%
  11954  7964      707.9078    86      841.9247      686.0669  1551570   18.51%
  12006  8011      694.2841   243      841.9247      686.0793  1556137   18.51%
  12051  8054        cutoff            841.9247      686.0793  1559860   18.51%
  12084  8085      771.3652    59      841.9247      686.0905  1564001   18.51%
Elapsed time = 1813.86 sec. (1664322.04 ticks, tree = 1048.11 MB, solutions = 6)
  12115  8108      722.4598   133      841.9247      686.1275  1568477   18.50%
  12151  8138      707.2635    87      841.9247      686.1477  1572509   18.50%
  12184  8165      710.3928   104      841.9247      686.1658  1576341   18.50%
  12215  8193      706.6159   103      841.9247      686.1693  1580195   18.50%
  12257  8227      774.5268   127      841.9247      686.1810  1583970   18.50%
  12308  8272      713.7057    86      841.9247      686.1863  1588184   18.50%
  12367  8321      689.1916   112      841.9247      686.1962  1593017   18.50%
  12414  8362      725.4220    73      841.9247      686.1970  1598019   18.50%
  12453  8397      738.5642    71      841.9247      686.1991  1601640   18.50%
  12482  8420      705.0120    97      841.9247      686.2061  1606111   18.50%
Elapsed time = 1857.96 sec. (1703030.15 ticks, tree = 1103.23 MB, solutions = 6)
  12510  8444      762.1173    72      841.9247      686.2278  1612057   18.49%
  12552  8480      706.7183   157      841.9247      686.2297  1615513   18.49%
  12594  8517      688.0622   269      841.9247      686.2352  1619891   18.49%
  12615  8538      707.4800   110      841.9247      686.2352  1621760   18.49%
  12662  8575      709.5319    85      841.9247      686.2372  1626170   18.49%
  12700  8605      717.3297   121      841.9247      686.2372  1630411   18.49%
  12736  8633      830.8520   140      841.9247      686.2553  1635939   18.49%
  12775  8657      692.2407   213      841.9247      686.2629  1639584   18.49%
  12835  8708      720.9209   170      841.9247      686.2760  1643458   18.49%
  12887  8756      711.2653    71      841.9247      686.2805  1648589   18.49%
Elapsed time = 1907.95 sec. (1746987.95 ticks, tree = 1158.03 MB, solutions = 6)
  12934  8793      751.4627   130      841.9247      686.2820  1653264   18.49%
  12961  8816      713.8015    83      841.9247      686.2922  1657454   18.49%
  13009  8856      692.6257   112      841.9247      686.2976  1661859   18.48%
  13058  8901      697.7956    78      841.9247      686.3043  1665680   18.48%
  13093  8932      776.3019    92      841.9247      686.3123  1671103   18.48%
  13133  8968      709.3961    75      841.9247      686.3175  1674720   18.48%
  13194  9019      726.3507    62      841.9247      686.3205  1679133   18.48%
  13242  9063      688.7748   286      841.9247      686.3210  1683638   18.48%
  13285  9102      745.8761   143      841.9247      686.3396  1687871   18.48%
  13325  9136      696.4823    82      841.9247      686.3526  1691884   18.48%
Elapsed time = 1952.57 sec. (1786174.89 ticks, tree = 1170.49 MB, solutions = 6)
  13366  9171      714.0659    96      841.9247      686.3619  1695516   18.48%
  13403  9204      713.3722    94      841.9247      686.3641  1700134   18.48%
  13438  9239      742.4908    74      841.9247      686.3641  1705311   18.48%
  13492  9281      704.7652    85      841.9247      686.3654  1709472   18.48%
  13522  9297      704.3746   131      841.9247      686.3714  1714143   18.48%
  13571  9338      690.3753   157      841.9247      686.3823  1718182   18.47%
  13627  9390      696.2231   173      841.9247      686.3835  1722318   18.47%
  13655  9418      706.3262    77      841.9247      686.3835  1726706   18.47%
  13689  9448      702.9207   129      841.9247      686.3853  1730707   18.47%
  13740  9499      747.5818    82      841.9247      686.3853  1735111   18.47%
Elapsed time = 1992.52 sec. (1824868.45 ticks, tree = 1221.07 MB, solutions = 6)
  13787  9534      705.2879   137      841.9247      686.3920  1739551   18.47%
  13824  9565      712.0402   100      841.9247      686.3950  1744008   18.47%
  13863  9600      707.8073   103      841.9247      686.4121  1748387   18.47%
  13905  9638      705.0766    96      841.9247      686.4167  1751994   18.47%
  13958  9681      702.7207    78      841.9247      686.4178  1755846   18.47%
  14018  9731    infeasible            841.9247      686.4321  1760485   18.47%
  14060  9767      694.6670   230      841.9247      686.4424  1764637   18.47%
  14099  9801      738.0679   141      841.9247      686.4464  1768739   18.47%
  14130  9824      698.8831   141      841.9247      686.4486  1772431   18.47%
  14171  9859      732.8350    61      841.9247      686.4630  1776519   18.47%
Elapsed time = 2030.50 sec. (1863892.85 ticks, tree = 1246.88 MB, solutions = 6)
  14196  9878      722.7978   121      841.9247      686.4698  1780813   18.46%
  14236  9912      756.9298    57      841.9247      686.4730  1784829   18.46%
  14253  9925      707.1853   160      841.9247      686.4840  1789707   18.46%
  14284  9956      741.9061    85      841.9247      686.4840  1794783   18.46%
  14332  9994      689.3573   154      841.9247      686.4939  1799451   18.46%
  14384 10042      694.5263   138      841.9247      686.5030  1804421   18.46%
  14438 10093      765.2178   111      841.9247      686.5039  1809011   18.46%
  14465 10113      779.4708   163      841.9247      686.5103  1812840   18.46%
  14491 10135        cutoff            841.9247      686.5103  1817556   18.46%
  14532 10171      700.4593    77      841.9247      686.5182  1822788   18.46%
Elapsed time = 2074.41 sec. (1904652.39 ticks, tree = 1268.06 MB, solutions = 6)
  14580 10211      698.7745   131      841.9247      686.5315  1826487   18.46%
  14617 10242      721.1009    88      841.9247      686.5506  1830257   18.45%
  14644 10265      707.0315   219      841.9247      686.5668  1834927   18.45%
  14674 10295      715.4303    84      841.9247      686.5668  1839688   18.45%
  14721 10330      695.3567   271      841.9247      686.5705  1844369   18.45%
  14761 10366      749.5109   216      841.9247      686.5714  1849373   18.45%
  14806 10405      725.4288   220      841.9247      686.5824  1853050   18.45%
  14847 10444        cutoff            841.9247      686.5824  1856757   18.45%
  14877 10468      699.4213   111      841.9247      686.5881  1860470   18.45%
  14943 10534      815.4397    47      841.9247      686.5881  1864977   18.45%
Elapsed time = 2118.04 sec. (1944132.72 ticks, tree = 1304.72 MB, solutions = 6)
  14985 10564      721.2874    91      841.9247      686.5961  1869087   18.45%
  15039 10609      689.1284   196      841.9247      686.6088  1873277   18.45%
  15078 10644      728.1452    91      841.9247      686.6121  1877403   18.45%
  15134 10694      719.3185    72      841.9247      686.6306  1882077   18.45%
  15158 10714      708.7623    71      841.9247      686.6558  1886396   18.44%
  15201 10745      688.1550   126      841.9247      686.6626  1890085   18.44%
  15248 10786      752.7459    68      841.9247      686.6664  1894442   18.44%
  15272 10806      725.5481    68      841.9247      686.6697  1898540   18.44%
  15325 10849      705.7873   247      841.9247      686.6802  1903159   18.44%
  15358 10876    infeasible            841.9247      686.6823  1907368   18.44%
Elapsed time = 2158.80 sec. (1983634.11 ticks, tree = 1353.55 MB, solutions = 6)
  15385 10897      703.5982   105      841.9247      686.6854  1915412   18.44%
  15414 10926      716.8847    88      841.9247      686.6854  1921371   18.44%
  15459 10961      723.7982    72      841.9247      686.6892  1930170   18.44%
  15512 11004      733.2818    62      841.9247      686.6926  1939357   18.44%
  15562 11046      690.3834   253      841.9247      686.6989  1945256   18.44%
  15615 11093      703.4966    91      841.9247      686.7055  1951399   18.44%
  15662 11130      792.0375    88      841.9247      686.7208  1959216   18.43%
  15699 11155      779.5683   185      841.9247      686.7346  1967616   18.43%
  15738 11188      841.8313    72      841.9247      686.7346  1975429   18.43%
  15783 11225      719.6371   155      841.9247      686.7534  1983973   18.43%
Elapsed time = 2211.72 sec. (2028971.60 ticks, tree = 1353.34 MB, solutions = 6)
  15832 11267      710.9656    90      841.9247      686.7710  1990636   18.43%
  15871 11306      756.4719    82      841.9247      686.7710  1999483   18.43%
  15912 11343      702.4536    89      841.9247      686.7716  2009080   18.43%
  15957 11382      700.5629   133      841.9247      686.7809  2019114   18.43%
  16002 11420      700.2335   249      841.9247      686.7812  2025465   18.43%
  16063 11477      688.6297   213      841.9247      686.7887  2032875   18.43%
  16104 11512      701.8610    83      841.9247      686.7896  2040688   18.43%
  16150 11552      704.1734   106      841.9247      686.7933  2047998   18.43%
* 16180 11491      integral     0      838.9407      686.7933  2049444   18.14%
  16209 11515      687.3586   157      838.9407      686.7951  2054364   18.14%
  16242 11544      696.2537   155      838.9407      686.8044  2060285   18.13%
Elapsed time = 2258.93 sec. (2068762.83 ticks, tree = 1340.51 MB, solutions = 7)
  16268 11566      718.5115   101      838.9407      686.8160  2069050   18.13%
* 16280+11482                          835.5897      686.8160            17.80%
* 16280+11443                          834.2844      686.8160            17.68%
  16280 11445      742.4331    89      834.2844      686.8160  2073886   17.68%
  16294 11455      706.9859   124      834.2844      686.8205  2081716   17.68%
  16351 11502      695.8986   197      834.2844      686.8299  2089819   17.67%
  16405 11546      719.6761   243      834.2844      686.8334  2096439   17.67%
  16445 11580      833.8192   168      834.2844      686.8376  2103521   17.67%
  16460 11588      760.6088   123      834.2844      686.8546  2111440   17.67%
  16491 11613        cutoff            834.2844      686.8546  2119836   17.67%
  16528 11644      750.4782    60      834.2844      686.8727  2128443   17.67%
  16561 11673      731.0904    57      834.2844      686.8821  2135868   17.67%
Elapsed time = 2308.28 sec. (2110520.94 ticks, tree = 1325.32 MB, solutions = 9)
  16615 11720      696.8491   228      834.2844      686.8891  2143226   17.67%
  16645 11750      762.2193   126      834.2844      686.8891  2151735   17.67%
  16716 11799      693.0588   191      834.2844      686.9166  2157852   17.66%
  16785 11860      727.3623    78      834.2844      686.9259  2164438   17.66%
  16815 11884      704.7518    69      834.2844      686.9275  2171858   17.66%
  16863 11920      687.0035   157      834.2844      686.9400  2181107   17.66%
  16910 11957      689.9224   133      834.2844      686.9425  2189944   17.66%
  16950 11993      724.5405   112      834.2844      686.9503  2198973   17.66%
  17001 12039      699.6823   163      834.2844      686.9567  2204234   17.66%
  17038 12064      776.4186    62      834.2844      686.9687  2213188   17.66%
Elapsed time = 2361.59 sec. (2156858.92 ticks, tree = 1325.61 MB, solutions = 9)
  17079 12097      814.1808   103      834.2844      686.9705  2221519   17.66%
  17129 12133      696.0435   169      834.2844      686.9847  2227896   17.66%
  17182 12180      743.4447    56      834.2844      686.9894  2235600   17.66%
  17219 12213      733.7040    83      834.2844      686.9950  2242843   17.65%
  17251 12237      715.2068    67      834.2844      687.0105  2251917   17.65%
  17313 12287      695.8621    76      834.2844      687.0232  2261472   17.65%
  17350 12316      695.1185   220      834.2844      687.0347  2269723   17.65%
  17396 12356      694.5859   269      834.2844      687.0368  2276978   17.65%
  17442 12398      698.5292   149      834.2844      687.0439  2284159   17.65%
  17489 12437      699.2002    75      834.2844      687.0441  2292373   17.65%
Elapsed time = 2407.46 sec. (2196288.84 ticks, tree = 1325.31 MB, solutions = 9)
  17530 12472      739.7462    55      834.2844      687.0636  2301719   17.65%
  17552 12488      707.7224   106      834.2844      687.0746  2309329   17.65%
  17591 12523      728.7623   128      834.2844      687.0758  2317405   17.64%
  17615 12543      698.4043   131      834.2844      687.0788  2323015   17.64%
  17658 12578      710.1764    74      834.2844      687.0801  2332753   17.64%
  17712 12626      730.5205    56      834.2844      687.0830  2341240   17.64%
  17752 12660      776.3406    50      834.2844      687.0856  2350549   17.64%
  17777 12681      735.4200    90      834.2844      687.0860  2357399   17.64%
  17811 12711      692.7732   135      834.2844      687.0897  2364436   17.64%
  17850 12745      732.4465    66      834.2844      687.0915  2374342   17.64%
Elapsed time = 2456.79 sec. (2239268.89 ticks, tree = 1324.97 MB, solutions = 9)
  17888 12775      778.3571   107      834.2844      687.0941  2383094   17.64%
  17922 12805      717.5281    61      834.2844      687.0982  2391677   17.64%
  17965 12838      689.6407    80      834.2844      687.1026  2401080   17.64%
  17988 12855      760.4749    96      834.2844      687.1065  2409280   17.64%
  18033 12890      700.4534   144      834.2844      687.1184  2418756   17.64%
  18061 12914      697.7507   200      834.2844      687.1286  2426261   17.64%
  18113 12960      702.1170   137      834.2844      687.1332  2435644   17.64%
  18156 13000      704.1149    72      834.2844      687.1416  2445172   17.64%
  18194 13032      705.5190    70      834.2844      687.1455  2454697   17.64%
  18233 13061      735.1373   165      834.2844      687.1525  2462289   17.64%
Elapsed time = 2503.45 sec. (2279089.42 ticks, tree = 1324.49 MB, solutions = 9)
  18270 13090      747.5783   206      834.2844      687.1590  2470071   17.63%
  18301 13117      709.3565   237      834.2844      687.1612  2478766   17.63%
  18339 13151      805.2271    78      834.2844      687.1612  2487030   17.63%
  18387 13185      738.1943   154      834.2844      687.1751  2495290   17.63%
  18419 13215      821.8203    60      834.2844      687.1751  2502005   17.63%
  18447 13233      700.0030    84      834.2844      687.1863  2510622   17.63%
  18486 13268      697.4731   105      834.2844      687.1890  2518109   17.63%
  18520 13296      706.2147   101      834.2844      687.1977  2525740   17.63%
  18582 13345      706.6397   146      834.2844      687.2015  2535938   17.63%
  18615 13378      735.3851    71      834.2844      687.2015  2541150   17.63%
Elapsed time = 2555.52 sec. (2322644.47 ticks, tree = 1324.35 MB, solutions = 9)
  18643 13396      698.4586   161      834.2844      687.2138  2549465   17.63%
  18684 13433      697.5292   196      834.2844      687.2279  2557889   17.63%
  18748 13491      688.7593   129      834.2844      687.2287  2565294   17.63%
  18790 13527      757.8783    63      834.2844      687.2314  2574233   17.63%
  18838 13569      704.2180   119      834.2844      687.2326  2579989   17.63%
  18888 13616      725.9954   117      834.2844      687.2378  2588045   17.63%
  18936 13653      695.8610   156      834.2844      687.2410  2595006   17.63%
  18987 13698      689.8178   188      834.2844      687.2483  2603153   17.62%
  19008 13719      769.6472   113      834.2844      687.2483  2611960   17.62%
  19040 13741      699.5711   108      834.2844      687.2606  2620073   17.62%
Elapsed time = 2601.54 sec. (2361793.90 ticks, tree = 1324.71 MB, solutions = 9)
  19076 13773      698.7087   116      834.2844      687.2637  2628652   17.62%
  19123 13810      701.5814   158      834.2844      687.2726  2636488   17.62%
  19160 13843      696.3993   141      834.2844      687.2752  2645623   17.62%
  19199 13876    infeasible            834.2844      687.2752  2653848   17.62%
  19251 13916      694.0179   139      834.2844      687.2763  2662103   17.62%
  19308 13963      717.5893    95      834.2844      687.2822  2670376   17.62%
  19349 13998      776.9908    72      834.2844      687.2854  2677777   17.62%
  19400 14035      720.3822   123      834.2844      687.3243  2686760   17.62%
  19423 14058      769.4420    70      834.2844      687.3243  2692924   17.62%
  19483 14104      695.8068   189      834.2844      687.3334  2697934   17.61%
Elapsed time = 2647.70 sec. (2400987.08 ticks, tree = 1325.07 MB, solutions = 9)
  19528 14143      716.8172    64      834.2844      687.3343  2707422   17.61%
  19571 14178      800.1572    49      834.2844      687.3389  2716795   17.61%
  19624 14219      689.7220   147      834.2844      687.3531  2724204   17.61%
  19673 14268      804.3194    42      834.2844      687.3531  2733753   17.61%
  19717 14303      704.6541    72      834.2844      687.3666  2743006   17.61%
  19776 14354      687.5864   280      834.2844      687.3856  2751294   17.61%
  19811 14389      762.9211    60      834.2844      687.3856  2759356   17.61%
  19850 14414      689.7456   203      834.2844      687.3892  2767700   17.61%
  19899 14453      721.8835   123      834.2844      687.3899  2775924   17.61%
  19954 14502      697.9614   131      834.2844      687.3914  2782694   17.61%
Elapsed time = 2692.17 sec. (2439742.88 ticks, tree = 1325.04 MB, solutions = 9)
  19996 14537      704.2939    80      834.2844      687.4079  2791575   17.61%
  20037 14571      739.8533   126      834.2844      687.4109  2800877   17.60%
  20074 14606      832.1974    61      834.2844      687.4109  2810223   17.60%
  20120 14642      706.9684    87      834.2844      687.4125  2817555   17.60%
  20154 14670      711.0187    96      834.2844      687.4164  2824148   17.60%
  20207 14719      703.2324    72      834.2844      687.4171  2832515   17.60%
  20281 14785      688.0396   145      834.2844      687.4270  2839402   17.60%
  20313 14813      736.7235   101      834.2844      687.4270  2847171   17.60%
  20365 14856      704.4079   122      834.2844      687.4336  2857886   17.60%
  20405 14896      716.5994    73      834.2844      687.4336  2865475   17.60%
Elapsed time = 2737.61 sec. (2479428.64 ticks, tree = 1325.34 MB, solutions = 9)
  20453 14935      690.4137   251      834.2844      687.4599  2874614   17.60%
  20502 14974      695.2142   261      834.2844      687.4615  2883178   17.60%
  20529 15001      810.1045   121      834.2844      687.4615  2891214   17.60%
  20579 15031      722.2197   156      834.2844      687.4761  2900052   17.60%
  20615 15061      697.0940   150      834.2844      687.4762  2906218   17.60%
  20656 15096      695.0322   123      834.2844      687.4827  2913742   17.60%
  20698 15131      746.9478   136      834.2844      687.4897  2922570   17.60%
  20720 15153      784.2319    68      834.2844      687.4897  2930955   17.60%
  20779 15189      722.8326    62      834.2844      687.4920  2940450   17.60%
  20827 15233      697.3802   137      834.2844      687.5019  2945504   17.59%
Elapsed time = 2790.19 sec. (2525586.32 ticks, tree = 1325.27 MB, solutions = 9)
  20857 15257      744.8941   132      834.2844      687.5068  2954726   17.59%
  20901 15295      725.2184    83      834.2844      687.5093  2962844   17.59%
  20948 15334      703.7191    74      834.2844      687.5128  2971817   17.59%
  20989 15365      698.2447   120      834.2844      687.5159  2979742   17.59%
  21060 15426      693.1293   126      834.2844      687.5169  2987295   17.59%
  21096 15456      693.9850   185      834.2844      687.5205  2993577   17.59%
  21128 15484      715.1433   158      834.2844      687.5242  3001704   17.59%
  21173 15519      709.3672   148      834.2844      687.5259  3009847   17.59%
  21198 15542      795.8794    59      834.2844      687.5259  3018858   17.59%
  21235 15569      716.6727   141      834.2844      687.5306  3026911   17.59%
Elapsed time = 2835.46 sec. (2564504.12 ticks, tree = 1325.20 MB, solutions = 9)
  21269 15599      694.6771   125      834.2844      687.5340  3034780   17.59%
  21315 15640      698.6459   102      834.2844      687.5351  3042853   17.59%
  21372 15691      713.5252    95      834.2844      687.5379  3050621   17.59%
  21410 15725      776.3615    57      834.2844      687.5379  3060127   17.59%
  21460 15761      708.1196   100      834.2844      687.5466  3068495   17.59%
  21510 15803      742.0097    47      834.2844      687.5471  3077691   17.59%
  21543 15832      734.7569    67      834.2844      687.5475  3086843   17.59%
  21583 15856      700.8183   148      834.2844      687.5584  3096352   17.59%
  21617 15886      704.8693   134      834.2844      687.5648  3106307   17.59%
  21646 15911      739.3858    63      834.2844      687.5710  3115158   17.59%
Elapsed time = 2880.52 sec. (2603535.12 ticks, tree = 1324.81 MB, solutions = 9)
  21684 15940      770.0938   113      834.2844      687.5780  3122156   17.58%
  21720 15970      690.9874   171      834.2844      687.5830  3130993   17.58%
  21751 16001      830.5134    58      834.2844      687.5830  3139966   17.58%
  21795 16037      688.7011   239      834.2844      687.5942  3146372   17.58%
  21838 16072      703.8254   111      834.2844      687.5947  3154698   17.58%
  21862 16092      797.5097   177      834.2844      687.5966  3162772   17.58%
  21889 16115      797.7480   109      834.2844      687.6059  3170684   17.58%
  21936 16146      688.6156   164      834.2844      687.6127  3179949   17.58%
  21975 16177      697.5971   109      834.2844      687.6143  3189032   17.58%
  22035 16232      758.9605    96      834.2844      687.6199  3196865   17.58%
Elapsed time = 2925.79 sec. (2642725.90 ticks, tree = 1325.04 MB, solutions = 9)
  22061 16245      693.7364   129      834.2844      687.6228  3206713   17.58%
  22110 16286      711.7805   131      834.2844      687.6252  3214402   17.58%
  22145 16315      713.4496    92      834.2844      687.6436  3223600   17.58%
  22191 16357      720.6201    71      834.2844      687.6480  3233883   17.58%
  22218 16378      717.3459   110      834.2844      687.6496  3242044   17.58%
  22270 16418      689.4068   133      834.2844      687.6516  3252254   17.58%
  22301 16445      699.0086   174      834.2844      687.6538  3259403   17.58%
  22329 16469      709.1974   154      834.2844      687.6541  3268285   17.58%
  22380 16517      708.1801   100      834.2844      687.6707  3276568   17.57%
  22402 16535      712.7438   128      834.2844      687.6758  3287128   17.57%
Elapsed time = 2967.10 sec. (2681687.20 ticks, tree = 1325.88 MB, solutions = 9)
  22434 16563      688.3546   165      834.2844      687.6802  3296433   17.57%
  22483 16609      690.3746   191      834.2844      687.6821  3305284   17.57%
  22541 16663      700.0845   228      834.2844      687.6876  3314125   17.57%
  22572 16690      694.5715   261      834.2844      687.6886  3322313   17.57%
  22615 16727      697.2167   143      834.2844      687.6905  3327569   17.57%
  22680 16782      689.5468   209      834.2844      687.6924  3335927   17.57%
  22733 16829      732.0347    80      834.2844      687.7057  3343267   17.57%
  22776 16864      717.0723    76      834.2844      687.7069  3352473   17.57%
  22833 16907      691.3765   112      834.2844      687.7076  3362474   17.57%
  22885 16951      691.4164   137      834.2844      687.7100  3369933   17.57%
Elapsed time = 3009.51 sec. (2726985.83 ticks, tree = 1326.42 MB, solutions = 9)
  22930 16990      707.3798   117      834.2844      687.7124  3378111   17.57%
  22973 17022      703.5744   149      834.2844      687.7171  3385519   17.57%
  23016 17060      694.7469   182      834.2844      687.7566  3393993   17.56%
  23048 17092      750.5977   106      834.2844      687.7566  3400943   17.56%
  23097 17132      717.1060   137      834.2844      687.7663  3409153   17.56%
  23119 17151      696.2980   174      834.2844      687.7697  3418716   17.56%
  23159 17187      766.6352   169      834.2844      687.7711  3427337   17.56%
  23199 17219      699.8147    93      834.2844      687.7767  3433667   17.56%
  23249 17263      709.5801    72      834.2844      687.7775  3442943   17.56%
  23275 17283      754.2555    54      834.2844      687.7865  3453956   17.56%
Elapsed time = 3050.13 sec. (2766452.78 ticks, tree = 1327.03 MB, solutions = 9)
  23322 17327      719.2766    78      834.2844      687.7875  3461087   17.56%
  23370 17372      773.3611    88      834.2844      687.8042  3468044   17.56%
  23427 17421      714.0941    77      834.2844      687.8297  3477375   17.55%
  23455 17443      784.8915   140      834.2844      687.8463  3485574   17.55%
  23494 17468      712.5033   144      834.2844      687.8511  3494821   17.55%
  23540 17506      699.6802    97      834.2844      687.8540  3502692   17.55%
  23595 17556      718.3822   135      834.2844      687.8567  3510568   17.55%
  23615 17576      744.9741    72      834.2844      687.8567  3514254   17.55%
  23661 17610      689.6754   117      834.2844      687.8609  3523224   17.55%
  23711 17649      690.7599   130      834.2844      687.8674  3532653   17.55%
Elapsed time = 3093.07 sec. (2806301.58 ticks, tree = 1327.57 MB, solutions = 9)
  23777 17705      716.0087   112      834.2844      687.8678  3539109   17.55%
  23833 17754      717.8545    93      834.2844      687.8683  3545259   17.55%
  23871 17783      750.1447    92      834.2844      687.8789  3555351   17.55%
  23932 17830      693.5420    92      834.2844      687.8825  3563337   17.55%
  23980 17868      756.0583    41      834.2844      687.8833  3571953   17.55%
  24012 17896      722.5451    57      834.2844      687.8878  3580289   17.55%
  24056 17928        cutoff            834.2844      687.8883  3589840   17.55%
  24106 17972      690.2618   145      834.2844      687.8922  3596410   17.55%
  24143 18003      692.9184    81      834.2844      687.8928  3605598   17.55%
  24205 18055      720.8677   151      834.2844      687.9028  3616189   17.55%
Elapsed time = 3135.74 sec. (2845557.67 ticks, tree = 1327.57 MB, solutions = 9)
  24245 18085      693.1403    98      834.2844      687.9155  3623171   17.54%
  24294 18126      695.9274    86      834.2844      687.9336  3630959   17.54%
  24347 18172      764.1476    43      834.2844      687.9389  3639405   17.54%
  24393 18202      708.0871   101      834.2844      687.9523  3648116   17.54%
  24457 18256      833.3194    19      834.2844      687.9523  3657318   17.54%
  24513 18303      745.5950    49      834.2844      687.9555  3666488   17.54%
  24549 18336      759.7603    54      834.2844      687.9572  3675330   17.54%
  24577 18356      735.8915    92      834.2844      687.9728  3683449   17.54%
  24612 18387      704.6112   212      834.2844      687.9782  3691940   17.54%
  24628 18403      705.4015   147      834.2844      687.9782  3694273   17.54%
Elapsed time = 3178.58 sec. (2884236.56 ticks, tree = 1327.71 MB, solutions = 9)
  24678 18445      743.9401    94      834.2844      687.9801  3701629   17.54%
  24724 18481      708.6289   102      834.2844      687.9876  3710428   17.54%
  24764 18517      707.6787    87      834.2844      687.9889  3719975   17.54%
  24810 18548      697.6911   176      834.2844      687.9932  3731663   17.53%
  24861 18591      697.0113   230      834.2844      687.9966  3738274   17.53%
  24886 18616      795.0395    71      834.2844      687.9966  3746291   17.53%
  24944 18662      694.3428    81      834.2844      688.0180  3754541   17.53%
  24975 18689      692.2733   232      834.2844      688.0186  3762920   17.53%
  25015 18729      818.4807    56      834.2844      688.0186  3771178   17.53%
  25051 18755      699.4402    89      834.2844      688.0220  3780078   17.53%
Elapsed time = 3219.29 sec. (2923513.73 ticks, tree = 1328.21 MB, solutions = 9)
  25087 18785      755.6362   133      834.2844      688.0303  3788014   17.53%
  25129 18812      717.3170    79      834.2844      688.0399  3797451   17.53%
  25163 18840      689.5902   235      834.2844      688.0476  3805352   17.53%
  25213 18880      709.3527   150      834.2844      688.0665  3815247   17.53%
  25260 18919      691.5008   119      834.2844      688.0666  3821626   17.53%
  25293 18948      694.5086   148      834.2844      688.0695  3829098   17.53%
Starting limited solution polishing.
  25328 18979      699.0164    66      834.2844      688.0747  3838465   17.53%
  25362 19003      694.4816   168      834.2844      688.0781  3847474   17.52%
  25415 19052      713.9000    74      834.2844      688.0792  3854927   17.52%
  25479 19109      722.7460   119      834.2844      688.0819  3862674   17.52%
Elapsed time = 3268.03 sec. (2966962.62 ticks, tree = 1328.89 MB, solutions = 9)
  25515 19141      701.6358    72      834.2844      688.0831  3870539   17.52%
  25554 19176      746.8761    69      834.2844      688.0899  3880177   17.52%
  25603 19221      697.8645   147      834.2844      688.0913  3887594   17.52%
  25615 19233      720.4764    97      834.2844      688.0913  3888750   17.52%
  25645 19257      769.2240   101      834.2844      688.0958  3898213   17.52%
  25703 19301      709.5628   159      834.2844      688.1055  3907407   17.52%
  25715 19313      716.8876    78      834.2844      688.1055  3909325   17.52%
  25746 19339      816.8907    83      834.2844      688.1097  3918215   17.52%
  25805 19386      709.9620    68      834.2844      688.1099  3926123   17.52%
* 25815+19339                          833.6459      688.1099            17.46%
  25823 19345      694.1423   123      833.6459      688.1106  3929901   17.46%
Elapsed time = 3315.70 sec. (3009682.59 ticks, tree = 1326.43 MB, solutions = 10)
  25880 19394      719.7151    92      833.6459      688.1154  3938307   17.46%
* 25915+19399                          833.3088      688.1207            17.42%
  25915 19401      688.1284   218      833.3088      688.1207  3944894   17.42%
  25948 19432      722.3325   104      833.3088      688.1207  3954284   17.42%
  26008 19484      694.4584   168      833.3088      688.1255  3962834   17.42%
* 26015+18944                          823.5519      688.1255            16.44%
  26015 18946      695.8711   140      823.5519      688.1255  3963344   16.44%
  26063 18989      722.7238    66      823.5519      688.1319  3973028   16.44%
  26109 19023      731.7341    54      823.5519      688.1348  3981143   16.44%
* 26115+18781                          818.5535      688.1348            15.93%
* 26115+17827                          802.6193      688.1348            14.26%
  26115 17829      764.6760    53      802.6193      688.1348  3981594   14.26%
  26157 17863      710.6072    86      802.6193      688.1380  3987147   14.26%
  26205 17899      691.7358   151      802.6193      688.1502  3995548   14.26%
Elapsed time = 3383.96 sec. (3072843.41 ticks, tree = 1192.22 MB, solutions = 14)
* 26215+17684                          798.4928      688.1502            13.82%
* 26215+17640                          797.8544      688.1502            13.75%
  26215 17642      693.7797    92      797.8544      688.1502  3996190   13.75%
  26261 17684      712.7703    66      797.8544      688.1558  4004967   13.75%
  26301 17715      755.0204   141      797.8544      688.1558  4013482   13.75%
* 26315+17585                          795.9033      688.1558            13.54%
  26315 17587      791.2797    72      795.9033      688.1558  4016091   13.54%
  26342 17610      785.7709    68      795.9033      688.1564  4024834   13.54%
  26382 17645      742.6724    49      795.9033      688.1612  4034491   13.54%
  26415 17670        cutoff            795.9033      688.1645  4042995   13.54%
  26454 17700      703.4597    97      795.9033      688.1726  4051618   13.54%
  26499 17739      740.9368    59      795.9033      688.1731  4060554   13.54%
  26515 17749      722.6985    70      795.9033      688.1767  4063741   13.54%
Elapsed time = 3444.28 sec. (3128652.69 ticks, tree = 1158.24 MB, solutions = 17)
  26577 17799      691.1849   103      795.9033      688.1819  4070993   13.53%
  26615 17828      702.3827   183      795.9033      688.1834  4076563   13.53%
  26667 17871      703.3921    74      795.9033      688.1843  4084604   13.53%
  26707 17903      742.6832    91      795.9033      688.1879  4092761   13.53%
  26715 17909      776.8253    79      795.9033      688.1879  4094606   13.53%
  26758 17942      688.6846   273      795.9033      688.1943  4101692   13.53%
  26803 17983      690.9239   158      795.9033      688.2003  4109001   13.53%
* 26815+17945                          795.2392      688.2003            13.46%
* 26815+17901                          794.6755      688.2003            13.40%
* 26815+17896                          794.5856      688.2003            13.39%
  26815 17898      694.5365   110      794.5856      688.2003  4111041   13.39%
  26850 17925      751.4837   175      794.5856      688.2042  4119817   13.39%
  26877 17948      755.7270   122      794.5856      688.2042  4127804   13.39%
Elapsed time = 3503.16 sec. (3181342.04 ticks, tree = 1151.18 MB, solutions = 20)
  26911 17971      697.4186   225      794.5856      688.2102  4135265   13.39%
* 26915+17936                          794.0790      688.2102            13.33%
  26915 17938      697.8335   182      794.0790      688.2102  4135363   13.33%
  26964 17981      751.9490   123      794.0790      688.2109  4145018   13.33%
  26997 18007      690.2152   116      794.0790      688.2145  4154782   13.33%
  27015 18025      738.0764    73      794.0790      688.2145  4157686   13.33%
  27067 18072      745.7616    73      794.0790      688.2213  4164095   13.33%
  27114 18111      752.1497    45      794.0790      688.2340  4173504   13.33%
* 27115+17902                          790.6757      688.2340            12.96%
  27115 17904      762.6313    44      790.6757      688.2340  4173632   12.96%
  27159 17943      759.9422    75      790.6757      688.2349  4182238   12.96%
  27209 17979      691.9805   233      790.6757      688.2398  4189262   12.96%
Elapsed time = 3565.03 sec. (3237536.89 ticks, tree = 1132.93 MB, solutions = 22)
* 27215+17957                          790.2887      688.2398            12.91%
  27215 17959      692.2135   205      790.2887      688.2398  4189683   12.91%
  27265 18001      689.0427   250      790.2887      688.2408  4195710   12.91%
  27306 18042      729.7675    97      790.2887      688.2408  4203613   12.91%
  27315 18047      783.7276    61      790.2887      688.2408  4205263   12.91%

GUB cover cuts applied:  74
Clique cuts applied:  8
Cover cuts applied:  31
Implied bound cuts applied:  61
Flow cuts applied:  53
Mixed integer rounding cuts applied:  681
Zero-half cuts applied:  9
Gomory fractional cuts applied:  6

Root node processing (before b&c):
  Real time             =   14.41 sec. (12690.52 ticks)
Sequential b&c:
  Real time             = 3585.59 sec. (3257695.41 ticks)
                          ------------
Total (root+branch&cut) = 3600.00 sec. (3270385.92 ticks)
