Version identifier: 22.1.0.0 | 2022-03-09 | 1a383f8ce
CPXPARAM_Read_DataCheck                          1
CPXPARAM_Threads                                 1
CPXPARAM_TimeLimit                               3600
Tried aggregator 2 times.
MIP Presolve eliminated 12844 rows and 612 columns.
MIP Presolve modified 92676 coefficients.
Aggregator did 251 substitutions.
Reduced MIP has 17896 rows, 1357 columns, and 132615 nonzeros.
Reduced MIP has 981 binaries, 0 generals, 0 SOSs, and 0 indicators.
Presolve time = 0.34 sec. (259.32 ticks)
Found incumbent of value 277.785656 after 0.46 sec. (343.43 ticks)
Probing fixed 18 vars, tightened 103 bounds.
Probing time = 0.20 sec. (154.98 ticks)
Tried aggregator 1 time.
Detecting symmetries...
MIP Presolve eliminated 198 rows and 18 columns.
MIP Presolve modified 2488 coefficients.
Reduced MIP has 17698 rows, 1339 columns, and 131027 nonzeros.
Reduced MIP has 963 binaries, 0 generals, 0 SOSs, and 0 indicators.
Presolve time = 0.12 sec. (80.62 ticks)
Probing time = 0.01 sec. (7.58 ticks)
Clique table members: 10370.
MIP emphasis: balance optimality and feasibility.
MIP search method: dynamic search.
Parallel mode: none, using 1 thread.
Root relaxation solution time = 0.07 sec. (79.15 ticks)

        Nodes                                         Cuts/
   Node  Left     Objective  IInf  Best Integer    Best Bound    ItCnt     Gap

*     0+    0                          277.7857      236.3327            14.92%
      0     0      236.3327   252      277.7857      236.3327      618   14.92%
      0     0      236.3327    78      277.7857     Cuts: 237      811   14.92%
      0     0      236.3327   125      277.7857     Cuts: 913     1352   14.92%
      0     0      236.3327   105      277.7857     Cuts: 172     1730   14.92%
*     0+    0                          274.0087      236.3327            13.75%
      0     0  -1.00000e+75     0      274.0087      236.3327     1730   13.75%
      0     0      236.3327   104      274.0087    Cuts: 1093     2390   13.75%
*     0+    0                          271.2701      236.3327            12.88%
Detecting symmetries...
      0     2      236.3327    43      271.2701      236.3327     2390   12.88%
Elapsed time = 5.90 sec. (5459.95 ticks, tree = 0.01 MB, solutions = 3)
      9    11      238.6160    51      271.2701      236.3327     3419   12.88%
     16    18      236.3925    53      271.2701      236.3327     4399   12.88%
     18    20      236.3327    55      271.2701      236.3327     5119   12.88%
     20    22      236.3327    71      271.2701      236.3327     6230   12.88%
     22    24      243.3143    84      271.2701      236.3327     7295   12.88%
     24    26      240.2123    93      271.2701      236.3327     8173   12.88%
     29    31      236.3327    62      271.2701      236.3327     9080   12.88%
     34    36      236.3327    60      271.2701      236.3327     9665   12.88%
     38    40      239.2201    71      271.2701      236.3327    10882   12.88%
     40    42      237.4795    68      271.2701      236.3327    11968   12.88%
Elapsed time = 10.22 sec. (10610.18 ticks, tree = 2.36 MB, solutions = 3)
     54    54      236.3327    50      271.2701      236.3327    15288   12.88%
     60    58      236.6171    58      271.2701      236.3327    16434   12.88%
     64    62      240.0834    66      271.2701      236.3327    19683   12.88%
     70    68      239.3088    54      271.2701      236.3327    21841   12.88%
     86    84      236.3327    42      271.2701      236.3327    25352   12.88%
     95    93      238.6627    57      271.2701      236.3327    29847   12.88%
    110   108      236.3327    40      271.2701      236.3327    34571   12.88%
    129   127      236.3327    38      271.2701      236.3327    39259   12.88%
    137   135      236.3327    40      271.2701      236.3327    43381   12.88%
    143   141      237.9396    46      271.2701      236.3327    46315   12.88%
Elapsed time = 19.88 sec. (21044.23 ticks, tree = 4.55 MB, solutions = 3)
    190   188      238.3590    42      271.2701      236.3327    48641   12.88%
    228   226      240.0943    35      271.2701      236.3327    52574   12.88%
    244   240      241.3198    34      271.2701      236.3327    55486   12.88%
*   271+  259                          271.2506      236.3327            12.87%
    271   261      238.3647    55      271.2506      236.3327    59161   12.87%
    282   272      242.1056    61      271.2506      236.3327    63220   12.87%
    305   289      241.3616    32      271.2506      236.3327    67816   12.87%
    359   324      237.1256    46      271.2506      236.3327    72566   12.87%
*   360+  295                          242.8625      236.3327             2.69%
    369   304    infeasible            242.8625      236.3327    74389    2.69%
    400   331      239.3778    32      242.8625      236.3327    78702    2.69%
    423   350      239.3258    46      242.8625      236.3327    81889    2.69%
Elapsed time = 29.29 sec. (31235.74 ticks, tree = 5.42 MB, solutions = 5)
    444   362      236.3336    46      242.8625      236.3327    85800    2.69%
*   460+   89                          237.8319      236.3327             0.63%
    470   101      236.5187    42      237.8319      236.3327    88564    0.63%
    507   128      236.7092    30      237.8319      236.3327    91921    0.63%
    548   155      237.5137    23      237.8319      236.3327    94675    0.63%
*   560+  150                          237.7138      236.3327             0.58%
    560   152      237.5702    17      237.7138      236.3327    96989    0.58%
    578   161      237.4693    20      237.7138      236.3327   100925    0.58%
    596   169      237.1763    44      237.7138      236.3327   105219    0.58%
    630   193      236.7498    33      237.7138      236.3327   109111    0.58%
    660   211      236.3807    27      237.7138      236.3327   112158    0.58%
    697   230      237.0321    46      237.7138      236.3327   117121    0.58%
Elapsed time = 40.28 sec. (41890.40 ticks, tree = 2.06 MB, solutions = 7)
    729   254      236.4832    41      237.7138      236.3327   120506    0.58%
    773   290        cutoff            237.7138      236.3327   123974    0.58%
    793   296      237.5256    19      237.7138      236.3327   128455    0.58%
    840   334      237.4819    46      237.7138      236.3328   132180    0.58%
    876   357      237.2679    47      237.7138      236.3328   135956    0.58%
    885   356      237.1191    49      237.7138      236.3335   139383    0.58%
    938   397      236.3758    44      237.7138      236.3337   142282    0.58%
    972   423      236.4922    67      237.7138      236.3337   145441    0.58%
   1018   459      236.3377    46      237.7138      236.3346   147952    0.58%
   1064   491      236.8394    61      237.7138      236.3363   151418    0.58%
Elapsed time = 49.97 sec. (51855.26 ticks, tree = 2.64 MB, solutions = 7)
   1078   505      236.3479    90      237.7138      236.3363   155171    0.58%
   1097   512      236.9757    44      237.7138      236.3392   159337    0.58%
   1143   540      237.5071    33      237.7138      236.3414   162885    0.58%
   1155   546      236.3414    46      237.7138      236.3414   166043    0.58%

Performing restart 1

Repeating presolve.
Tried aggregator 1 time.
MIP Presolve eliminated 10220 rows and 645 columns.
MIP Presolve modified 15223 coefficients.
Reduced MIP has 7478 rows, 694 columns, and 40442 nonzeros.
Reduced MIP has 426 binaries, 0 generals, 0 SOSs, and 0 indicators.
Presolve time = 0.06 sec. (50.15 ticks)
Tried aggregator 1 time.
MIP Presolve eliminated 123 rows and 21 columns.
MIP Presolve modified 1467 coefficients.
Reduced MIP has 7355 rows, 673 columns, and 39539 nonzeros.
Reduced MIP has 405 binaries, 0 generals, 0 SOSs, and 0 indicators.
Presolve time = 0.03 sec. (21.81 ticks)
Tried aggregator 1 time.
Reduced MIP has 7355 rows, 673 columns, and 39539 nonzeros.
Reduced MIP has 405 binaries, 0 generals, 0 SOSs, and 0 indicators.
Presolve time = 0.03 sec. (17.19 ticks)
Represolve time = 0.26 sec. (175.36 ticks)
   1156     0      236.3327    20      237.7138     Cuts: 198   167434    0.58%
   1156     0      236.3327    30      237.7138     Cuts: 119   168202    0.58%
   1156     0      236.3328    65      237.7138      Cuts: 36   168732    0.58%
   1156     0      236.3332    70      237.7138     Cuts: 634   169053    0.58%
   1156     0      236.3345    38      237.7138     Cuts: 287   169244    0.58%
   1156     0      236.3363    49      237.7138     Cuts: 338   169430    0.58%
   1156     0      236.3400    88      237.7138     Cuts: 179   169717    0.58%
   1156     0      236.3405    77      237.7138     Cuts: 932   169887    0.58%
   1156     0      236.3411   117      237.7138     Cuts: 492   170025    0.58%
   1156     0      236.3411    90      237.7138     Cuts: 664   170098    0.58%
   1156     0      236.3412    84      237.7138     Cuts: 167   170153    0.58%
   1156     2      236.3412    84      237.7138      236.3414   170153    0.58%
   1163     9      237.1828    24      237.7138      236.3414   170581    0.58%
   1167    13      236.3413    68      237.7138      236.3414   170592    0.58%
   1176    22      236.3413    59      237.7138      236.3417   171129    0.58%
   1182    26      236.3859   130      237.7138      236.3422   171679    0.58%
   1216    59      236.5376    29      237.7138      236.3422   174259    0.58%
Elapsed time = 63.48 sec. (64575.69 ticks, tree = 0.76 MB, solutions = 7)
   1259    94      236.4599    21      237.7138      236.3433   176113    0.58%
   1307   126      237.6122    26      237.7138      236.3433   178112    0.58%
   1334   149      236.5062    59      237.7138      236.3436   180676    0.58%
   1388   193      237.5443    33      237.7138      236.3470   182423    0.57%
   1419   211      237.4033    58      237.7138      236.3591   186776    0.57%
   1434   217      237.5863    37      237.7138      236.3675   189317    0.57%
   1474   243      237.2004    26      237.7138      236.3900   193019    0.56%
   1519   277      237.4097    34      237.7138      236.4032   197711    0.55%
   1560   309      236.5187    41      237.7138      236.4065   201020    0.55%
   1638   370      236.4769    46      237.7138      236.4125   205940    0.55%
Elapsed time = 73.62 sec. (74563.55 ticks, tree = 8.07 MB, solutions = 7)
   1699   418      237.4517    42      237.7138      236.4159   211582    0.55%
   1766   445      237.0984    30      237.7138      236.4214   215432    0.54%
   1821   481      237.2397    44      237.7138      236.4483   219868    0.53%
   1872   522      237.3211    30      237.7138      236.4549   223824    0.53%
   1932   572      237.1137    39      237.7138      236.4555   228732    0.53%
   1961   580      237.2203    38      237.7138      236.4568   233703    0.53%
   2018   617      236.5015    65      237.7138      236.4631   238152    0.53%
   2073   658      236.4676    58      237.7138      236.4671   243120    0.52%
   2132   689      236.4729    32      237.7138      236.4732   247480    0.52%
   2185   722      236.6802    45      237.7138      236.4754   253073    0.52%
Elapsed time = 83.83 sec. (84291.33 ticks, tree = 7.57 MB, solutions = 7)
   2240   760      236.5085    70      237.7138      236.4764   258527    0.52%
   2288   800      236.6249    58      237.7138      236.4767   263949    0.52%
   2340   843      236.7535    83      237.7138      236.4768   269136    0.52%
   2388   878      237.0816    67      237.7138      236.4829   274443    0.52%
   2468   919      236.5327    64      237.7138      236.4888   278216    0.52%
   2526   961      236.5530    63      237.7138      236.4933   283298    0.51%
   2562   984      236.7020    66      237.7138      236.4978   287728    0.51%
   2617  1022      236.7875    53      237.7138      236.5062   292767    0.51%
   2645  1037      237.1469    23      237.7138      236.5081   297707    0.51%
   2692  1065      236.5098    57      237.7138      236.5103   301894    0.51%
Elapsed time = 94.23 sec. (94044.51 ticks, tree = 7.76 MB, solutions = 7)
   2746  1098      236.6938    39      237.7138      236.5132   306395    0.51%
   2820  1148      236.5445    47      237.7138      236.5151   311105    0.50%
   2874  1185      236.8705    56      237.7138      236.5155   316420    0.50%
   2933  1229      236.7718    36      237.7138      236.5161   321792    0.50%
   3000  1278      237.0458    33      237.7138      236.5198   328211    0.50%
   3073  1317      236.7261    47      237.7138      236.5214   334112    0.50%
   3115  1349      236.6213    53      237.7138      236.5226   340357    0.50%
   3180  1395      236.8191    71      237.7138      236.5242   345243    0.50%
   3250  1440      236.7905    49      237.7138      236.5252   350363    0.50%
   3454  1575      237.4406    42      237.7138      236.5310   369245    0.50%
Elapsed time = 107.48 sec. (106621.54 ticks, tree = 8.19 MB, solutions = 7)
   3661  1700      237.6567    40      237.7138      236.5362   388038    0.50%
   3908  1847      237.3009    46      237.7138      236.5400   410050    0.49%
   4154  1991      237.0705    70      237.7138      236.5425   434360    0.49%
   4359  2108      237.4150    36      237.7138      236.5475   455861    0.49%
   4584  2249      236.7761    29      237.7138      236.5504   476093    0.49%
   4781  2349      237.5520    43      237.7138      236.5582   498662    0.49%
   5059  2530      236.7149    28      237.7138      236.5644   521840    0.48%
   5324  2705      236.6267    46      237.7138      236.5711   545812    0.48%
   5566  2856        cutoff            237.7138      236.5773   568988    0.48%
   5769  2976      236.6570    68      237.7138      236.5810   588742    0.48%
Elapsed time = 148.04 sec. (144966.03 ticks, tree = 9.83 MB, solutions = 7)
   5975  3094      236.6776    44      237.7138      236.5853   610097    0.47%
   6205  3227      236.9130    58      237.7138      236.5909   630637    0.47%
   6468  3367      236.6413    46      237.7138      236.5959   654188    0.47%
   6699  3509      236.7796    31      237.7138      236.6002   678854    0.47%
   6923  3648      236.6703    47      237.7138      236.6065   703862    0.47%
   7160  3771      236.7400    68      237.7138      236.6108   728294    0.46%
   7381  3890      237.5913    61      237.7138      236.6166   749624    0.46%
   7641  4046      237.4815    41      237.7138      236.6204   772045    0.46%
   7850  4116      237.2488    29      237.7138      236.6243   793598    0.46%
   8118  4255      236.9775    46      237.7138      236.6283   816737    0.46%
Elapsed time = 188.62 sec. (183171.26 ticks, tree = 11.92 MB, solutions = 7)
   8357  4389      237.3485    58      237.7138      236.6334   842356    0.45%
   8608  4531      236.8363    49      237.7138      236.6378   868397    0.45%
   8840  4648      236.7069    47      237.7138      236.6431   894650    0.45%
   9077  4773      236.6854    69      237.7138      236.6491   917494    0.45%
   9295  4882      236.8702    63      237.7138      236.6544   942944    0.45%
   9545  4958      236.8301    54      237.7138      236.6616   965256    0.44%
   9762  5086      236.8109    57      237.7138      236.6651   979388    0.44%
   9985  5209      237.6156    28      237.7138      236.6699   991976    0.44%
  10191  5308      237.2354    55      237.7138      236.6750  1006045    0.44%
  10398  5392        cutoff            237.7138      236.6785  1029986    0.44%
Elapsed time = 230.26 sec. (221848.30 ticks, tree = 27.37 MB, solutions = 7)
  10626  5515      236.7779    50      237.7138      236.6828  1054017    0.43%
  10841  5621      236.8461    51      237.7138      236.6858  1077693    0.43%
  10876  5639      236.8927    41      237.7138      236.6861  1081511    0.43%
  10878  5639      236.8627    60      237.7138      236.6866  1081908    0.43%

Performing restart 2

Repeating presolve.
Tried aggregator 1 time.
MIP Presolve eliminated 608 rows and 29 columns.
MIP Presolve modified 10885 coefficients.
Reduced MIP has 6747 rows, 644 columns, and 38965 nonzeros.
Reduced MIP has 377 binaries, 0 generals, 0 SOSs, and 0 indicators.
Presolve time = 0.12 sec. (42.27 ticks)
Tried aggregator 1 time.
MIP Presolve eliminated 6 rows and 2 columns.
MIP Presolve modified 3187 coefficients.
Reduced MIP has 6741 rows, 642 columns, and 38912 nonzeros.
Reduced MIP has 375 binaries, 0 generals, 0 SOSs, and 0 indicators.
Presolve time = 0.08 sec. (27.83 ticks)
Represolve time = 0.30 sec. (123.43 ticks)
  10879     0      236.3412   129      237.7138    Cuts: 1248  1083591    0.43%
  10879     0      236.3412   121      237.7138     Cuts: 470  1083672    0.43%
  10879     0      236.3412   125      237.7138     Cuts: 120  1083724    0.43%
  10879     0      236.3412   123      237.7138      Cuts: 34  1083742    0.43%
  10879     0      236.3412   124      237.7138     Cuts: 214  1083769    0.43%
  10879     0      236.3412   126      237.7138      Cuts: 67  1083794    0.43%
  10879     0      236.3412   128      237.7138      Cuts: 29  1083817    0.43%
  10880     3      236.3412   129      237.7138      236.6866  1083821    0.43%
  10904    19      237.7296    29      237.7138      236.6866  1087910    0.43%
  10931    34      236.3474    74      237.7138      236.6866  1092266    0.43%
  10956    55      236.5347    53      237.7138      236.6866  1093389    0.43%
  11005    85      236.4814    52      237.7138      236.6866  1095046    0.43%
  11082   129      237.1110    31      237.7138      236.6866  1101280    0.43%
Elapsed time = 275.08 sec. (267048.55 ticks, tree = 0.22 MB, solutions = 7)
  11182   195      237.6634    19      237.7138      236.6866  1109097    0.43%
  11332   291      236.3845    86      237.7138      236.6866  1120497    0.43%
  11479   395      237.2617    45      237.7138      236.6866  1135663    0.43%
  11721   540      237.2986    47      237.7138      236.6866  1156849    0.43%
  11881   620      237.0996    58      237.7138      236.6866  1179582    0.43%
  12079   742      237.3784    48      237.7138      236.6866  1196862    0.43%
  12234   836      236.9750    41      237.7138      236.6866  1214950    0.43%
  12429   950      237.6638    45      237.7138      236.6866  1236624    0.43%
  12662  1085      237.2553    46      237.7138      236.6866  1258674    0.43%
  12870  1187      237.3317    47      237.7138      236.6866  1280880    0.43%
Elapsed time = 317.30 sec. (305607.04 ticks, tree = 1.68 MB, solutions = 7)
  13089  1299      236.6017    76      237.7138      236.6866  1303647    0.43%
  13384  1463      237.2830    35      237.7138      236.6866  1326013    0.43%
  13628  1597      236.5779    48      237.7138      236.6866  1348232    0.43%
  13832  1710      236.5831    68      237.7138      236.6866  1367380    0.43%
  14020  1813      236.6644    58      237.7138      236.6866  1384580    0.43%
  14307  1972        cutoff            237.7138      236.6866  1406880    0.43%
  14528  2070      237.3609    51      237.7138      236.6866  1427382    0.43%
  14693  2163      237.0103    26      237.7138      236.6866  1443221    0.43%
  14874  2252      237.2805    60      237.7138      236.6866  1461170    0.43%
  15134  2407      236.7411    44      237.7138      236.6866  1480432    0.43%
Elapsed time = 361.99 sec. (343937.84 ticks, tree = 3.24 MB, solutions = 7)
  15350  2501      237.3146    39      237.7138      236.6866  1504063    0.43%
  15537  2587      236.7763    39      237.7138      236.6866  1524011    0.43%
  15723  2660      236.6618    52      237.7138      236.6866  1541269    0.43%
  15950  2768      237.3964    56      237.7138      236.6866  1562745    0.43%
  16168  2862      236.6734    60      237.7138      236.6866  1584618    0.43%
  16388  2989      236.7873    53      237.7138      236.6866  1601272    0.43%
  16576  3078      237.3469    31      237.7138      236.6866  1622316    0.43%
  16806  3193      237.4984    48      237.7138      236.6866  1645402    0.43%
  17053  3324      237.1375    38      237.7138      236.6866  1666368    0.43%
  17277  3438      237.3781    44      237.7138      236.6866  1684635    0.43%
Elapsed time = 406.08 sec. (382346.18 ticks, tree = 4.48 MB, solutions = 7)
  17473  3516      236.7195    59      237.7138      236.6866  1705224    0.43%
  17761  3658      237.6512    30      237.7138      236.6866  1727235    0.43%
  18009  3771      237.6312    29      237.7138      236.6866  1750078    0.43%
  18193  3852      237.4402    50      237.7138      236.6866  1768443    0.43%
  18373  3911      236.6906    47      237.7138      236.6908  1788768    0.43%
  18615  3997      236.8915    61      237.7138      236.6971  1810934    0.43%
  18850  4104      236.8683    56      237.7138      236.7040  1834761    0.42%
  19039  4168      237.2734    37      237.7138      236.7086  1853702    0.42%
  19235  4247      237.4397    43      237.7138      236.7139  1871467    0.42%
  19464  4346        cutoff            237.7138      236.7214  1894162    0.42%
Elapsed time = 451.14 sec. (420741.91 ticks, tree = 5.72 MB, solutions = 7)
  19661  4416      237.0348    51      237.7138      236.7276  1917444    0.41%
  19893  4496      236.8150    48      237.7138      236.7342  1937823    0.41%
  20115  4585      237.6225    38      237.7138      236.7389  1956873    0.41%
  20319  4668      237.6231    27      237.7138      236.7419  1975909    0.41%
  20562  4754      236.8107    53      237.7138      236.7488  1998595    0.41%
  20825  4887      236.7611    54      237.7138      236.7551  2021491    0.40%
  21058  5008      237.3099    34      237.7138      236.7594  2041443    0.40%
  21276  5086      236.9141    64      237.7138      236.7692  2061149    0.40%
  21488  5166      236.8518    49      237.7138      236.7763  2080216    0.39%
  21760  5284      237.3452    47      237.7138      236.7807  2103667    0.39%
Elapsed time = 496.83 sec. (459039.21 ticks, tree = 6.85 MB, solutions = 7)
  22019  5389      236.9035    37      237.7138      236.7854  2127370    0.39%
  22244  5472      237.6397    44      237.7138      236.7907  2149362    0.39%
  22454  5547      237.2788    51      237.7138      236.7960  2168045    0.39%
  22705  5637      236.9425    52      237.7138      236.8021  2190485    0.38%
  22959  5726      237.2383    54      237.7138      236.8089  2212391    0.38%
  23243  5830      236.8715    50      237.7138      236.8159  2235423    0.38%
  23465  5923      237.2009    43      237.7138      236.8202  2256127    0.38%
  23703  5999      237.0026    45      237.7138      236.8247  2276857    0.37%
  23952  6076      237.1175    56      237.7138      236.8308  2298967    0.37%
  24190  6147      237.3434    39      237.7138      236.8385  2322480    0.37%
Elapsed time = 540.88 sec. (497437.03 ticks, tree = 8.28 MB, solutions = 7)
  24409  6236      236.8839    38      237.7138      236.8417  2344857    0.37%
  24661  6334        cutoff            237.7138      236.8451  2367448    0.37%
  24891  6414      236.9042    47      237.7138      236.8498  2388361    0.36%
  25124  6486      236.9454    51      237.7138      236.8530  2407929    0.36%
  25389  6583      237.5620    23      237.7138      236.8577  2429556    0.36%
  25691  6694      237.0484    49      237.7138      236.8636  2452445    0.36%
  25943  6786        cutoff            237.7138      236.8689  2473571    0.36%
  26179  6860      237.4528    42      237.7138      236.8739  2497763    0.35%
  26399  6925      237.3239    32      237.7138      236.8780  2518776    0.35%
  26622  6997        cutoff            237.7138      236.8826  2540052    0.35%
Elapsed time = 579.14 sec. (535684.07 ticks, tree = 9.31 MB, solutions = 7)
  26871  7105      237.6671    30      237.7138      236.8861  2560268    0.35%
  27146  7221      237.4762    34      237.7138      236.8898  2581393    0.35%
  27388  7300      237.7045    22      237.7138      236.8941  2604196    0.34%
  27638  7371      237.3368    42      237.7138      236.8989  2627920    0.34%
  27942  7470      237.0877    50      237.7138      236.9055  2652555    0.34%
  28177  7519      237.3976    36      237.7138      236.9104  2673574    0.34%
  28417  7601      237.4248    51      237.7138      236.9144  2693769    0.34%
  28705  7700      237.4120    51      237.7138      236.9199  2714716    0.33%
  28961  7765      237.0664    48      237.7138      236.9244  2736806    0.33%
  29246  7870      237.0799    52      237.7138      236.9297  2760557    0.33%
Elapsed time = 615.38 sec. (573932.21 ticks, tree = 10.31 MB, solutions = 7)
  29512  7953      237.4380    41      237.7138      236.9339  2783935    0.33%
  29786  8013      237.4367    27      237.7138      236.9387  2809149    0.33%
  29987  8072      237.0044    53      237.7138      236.9417  2829662    0.32%
  30238  8135        cutoff            237.7138      236.9457  2850038    0.32%
  30479  8171      237.0987    63      237.7138      236.9511  2871042    0.32%
  30726  8241      237.0909    25      237.7138      236.9549  2893902    0.32%
  30978  8314      237.0018    45      237.7138      236.9596  2917913    0.32%
  31244  8388      237.0765    39      237.7138      236.9648  2942986    0.32%
  31528  8467      237.3854    28      237.7138      236.9695  2968147    0.31%
  31813  8534      237.5597    43      237.7138      236.9755  2988220    0.31%
Elapsed time = 651.98 sec. (612158.22 ticks, tree = 11.50 MB, solutions = 7)
  32066  8593      237.1289    48      237.7138      236.9800  3010345    0.31%
  32313  8653      237.4002    42      237.7138      236.9847  3033271    0.31%
  32651  8771        cutoff            237.7138      236.9891  3057437    0.30%
  32929  8835        cutoff            237.7138      236.9942  3081394    0.30%
  33223  8921      237.5793    25      237.7138      236.9988  3107159    0.30%
  33446  8957      237.5062    30      237.7138      237.0018  3129819    0.30%
  33727  9013      237.4352    44      237.7138      237.0085  3150911    0.30%
  33992  9085      237.5060    36      237.7138      237.0134  3173232    0.29%
  34289  9185      237.4677    43      237.7138      237.0191  3197138    0.29%
  34589  9254      237.1434    25      237.7138      237.0243  3221496    0.29%
Elapsed time = 688.21 sec. (650525.99 ticks, tree = 12.26 MB, solutions = 7)
  34889  9315      237.1926    55      237.7138      237.0287  3245178    0.29%
  35169  9383      237.5365    49      237.7138      237.0332  3269062    0.29%
  35490  9464      237.6828    39      237.7138      237.0377  3291503    0.28%
  35766  9494      237.0878    55      237.7138      237.0433  3312492    0.28%
  36059  9541      237.4735    42      237.7138      237.0485  3334549    0.28%
  36347  9596      237.0761    56      237.7138      237.0534  3358216    0.28%
  36672  9659      237.4053    40      237.7138      237.0576  3383049    0.28%
  36978  9700      237.0718    46      237.7138      237.0627  3407388    0.27%
  37280  9740      237.6655    35      237.7138      237.0677  3429690    0.27%
  37530  9793      237.1002    35      237.7138      237.0705  3450242    0.27%
Elapsed time = 727.16 sec. (688832.58 ticks, tree = 12.80 MB, solutions = 7)
  37815  9860      237.4711    27      237.7138      237.0747  3473907    0.27%
  38109  9944      237.2596    50      237.7138      237.0783  3496742    0.27%
  38389  9971      237.4687    32      237.7138      237.0834  3522900    0.27%
  38705 10022      237.2394    54      237.7138      237.0879  3547334    0.26%
  39086 10105      237.4236    50      237.7138      237.0933  3571813    0.26%
  39385 10164      237.4994    27      237.7138      237.0970  3595516    0.26%
  39708 10211      237.6081    52      237.7138      237.1023  3618177    0.26%
  39993 10236      237.4308    50      237.7138      237.1059  3641049    0.26%
  40311 10314      237.4154    43      237.7138      237.1100  3665115    0.25%
  40633 10353        cutoff            237.7138      237.1127  3688930    0.25%
Elapsed time = 767.91 sec. (727135.30 ticks, tree = 13.42 MB, solutions = 7)
  40950 10454      237.6245    51      237.7138      237.1156  3713360    0.25%
  41313 10532      237.6597    41      237.7138      237.1203  3738339    0.25%
  41625 10590      237.4900    52      237.7138      237.1238  3764035    0.25%
  41944 10666      237.6335    50      237.7138      237.1276  3786310    0.25%
  42254 10719      237.1448    54      237.7138      237.1318  3808350    0.24%
  42551 10747      237.2050    56      237.7138      237.1358  3830520    0.24%
  42850 10811      237.3824    48      237.7138      237.1381  3855421    0.24%
  43213 10862      237.7133    41      237.7138      237.1425  3879073    0.24%
  43545 10900      237.3734    40      237.7138      237.1468  3905069    0.24%
  43847 10940      237.3496    34      237.7138      237.1509  3928662    0.24%
Elapsed time = 808.96 sec. (765378.21 ticks, tree = 14.07 MB, solutions = 7)
  44127 10995      237.2384    51      237.7138      237.1542  3951690    0.24%
  44440 11044      237.5492    44      237.7138      237.1572  3973666    0.23%
  44740 11099        cutoff            237.7138      237.1608  3995123    0.23%
  45061 11135      237.3558    36      237.7138      237.1651  4018441    0.23%
  45343 11173      237.1773    58      237.7138      237.1682  4041975    0.23%
  45654 11213      237.5327    39      237.7138      237.1734  4066053    0.23%
  45964 11227      237.6706    44      237.7138      237.1771  4089406    0.23%
  46297 11272      237.3426    37      237.7138      237.1808  4114509    0.22%
  46579 11283      237.2665    50      237.7138      237.1839  4136923    0.22%
  46856 11335        cutoff            237.7138      237.1870  4158334    0.22%
Elapsed time = 851.07 sec. (803745.40 ticks, tree = 14.55 MB, solutions = 7)
  47153 11341      237.5211    34      237.7138      237.1915  4182096    0.22%
  47457 11356      237.6070    27      237.7138      237.1945  4205169    0.22%
  47759 11393        cutoff            237.7138      237.1980  4227680    0.22%
  48082 11411        cutoff            237.7138      237.2019  4251793    0.22%
  48402 11453        cutoff            237.7138      237.2050  4276532    0.21%
  48730 11467        cutoff            237.7138      237.2097  4302682    0.21%
  49061 11490      237.4085    46      237.7138      237.2134  4327069    0.21%
  49373 11538      237.5173    33      237.7138      237.2162  4349403    0.21%
  49670 11575        cutoff            237.7138      237.2195  4372394    0.21%
  49958 11605        cutoff            237.7138      237.2222  4394732    0.21%
Elapsed time = 892.15 sec. (841954.25 ticks, tree = 14.88 MB, solutions = 7)
  50252 11618      237.3811    37      237.7138      237.2248  4418006    0.21%
  50541 11660      237.3269    45      237.7138      237.2270  4440721    0.20%
  50886 11688      237.6284    42      237.7138      237.2311  4465779    0.20%
  51246 11704      237.2832    46      237.7138      237.2347  4492398    0.20%
  51573 11729      237.3257    41      237.7138      237.2383  4518430    0.20%
  51910 11731      237.5929    35      237.7138      237.2422  4543586    0.20%
  52204 11733      237.6821    35      237.7138      237.2456  4567133    0.20%
  52492 11768      237.5196    38      237.7138      237.2489  4589173    0.20%
  52823 11781      237.2752    37      237.7138      237.2529  4612271    0.19%
  53173 11793      237.3937    45      237.7138      237.2564  4637094    0.19%
Elapsed time = 933.94 sec. (880185.98 ticks, tree = 15.22 MB, solutions = 7)
  53537 11809      237.5655    40      237.7138      237.2600  4662064    0.19%
  53872 11846      237.3284    44      237.7138      237.2636  4686361    0.19%
  54253 11883      237.3874    42      237.7138      237.2670  4711142    0.19%
  54576 11896        cutoff            237.7138      237.2711  4737235    0.19%
  54893 11904      237.3973    42      237.7138      237.2751  4759487    0.18%
  55202 11927      237.3969    32      237.7138      237.2776  4781973    0.18%
  55487 11919      237.6087    24      237.7138      237.2805  4805882    0.18%
  55828 11922      237.3016    44      237.7138      237.2833  4831222    0.18%
  56165 11921      237.5256    40      237.7138      237.2861  4856316    0.18%
  56515 11923        cutoff            237.7138      237.2897  4880562    0.18%
Elapsed time = 978.63 sec. (918429.97 ticks, tree = 15.44 MB, solutions = 7)
  56894 11921      237.3864    45      237.7138      237.2942  4906464    0.18%
  57248 11908      237.3772    43      237.7138      237.2981  4933346    0.17%
  57602 11908      237.6913    35      237.7138      237.3016  4955298    0.17%
  57957 11916        cutoff            237.7138      237.3049  4977938    0.17%
  58344 11782      237.6753    29      237.7138      237.3073  5001250    0.17%
  58671 11787      237.5895    29      237.7138      237.3104  5023464    0.17%
  59013 11825      237.5390    47      237.7138      237.3134  5046329    0.17%
  59409 11804      237.3515    36      237.7138      237.3183  5071305    0.17%
  59768 11838      237.3374    52      237.7138      237.3214  5096649    0.17%
  60123 11822      237.5455    38      237.7138      237.3249  5123988    0.16%
Elapsed time = 1029.36 sec. (956645.74 ticks, tree = 15.32 MB, solutions = 7)
  60488 11808      237.6142    37      237.7138      237.3288  5148263    0.16%
  60800 11785      237.7010    32      237.7138      237.3324  5170324    0.16%
  61142 11761      237.4274    52      237.7138      237.3356  5193666    0.16%
  61512 11778      237.5247    43      237.7138      237.3390  5216182    0.16%
  61874 11772      237.5059    28      237.7138      237.3425  5239392    0.16%
  62191 11795      237.4436    38      237.7138      237.3446  5260967    0.16%
  62488 11800      237.3866    43      237.7138      237.3472  5284906    0.15%
  62820 11772      237.4560    36      237.7138      237.3499  5306591    0.15%
  63132 11786      237.5382    37      237.7138      237.3525  5333026    0.15%
  63512 11781      237.5737    48      237.7138      237.3553  5354620    0.15%
Elapsed time = 1081.85 sec. (995025.62 ticks, tree = 15.33 MB, solutions = 7)
  63843 11772      237.5038    32      237.7138      237.3579  5380190    0.15%
  64191 11767      237.4155    40      237.7138      237.3604  5405634    0.15%
  64569 11760      237.3904    37      237.7138      237.3635  5430272    0.15%
  64913 11780      237.6583    31      237.7138      237.3653  5456654    0.15%
  65322 11749      237.6113    23      237.7138      237.3691  5482586    0.14%
  65683 11716      237.4999    30      237.7138      237.3720  5508299    0.14%
  66021 11686      237.6516    40      237.7138      237.3748  5531603    0.14%
  66356 11664      237.6154    27      237.7138      237.3771  5555592    0.14%
  66725 11629      237.5949    44      237.7138      237.3805  5577355    0.14%
  67087 11579      237.6021    51      237.7138      237.3834  5600661    0.14%
Elapsed time = 1130.66 sec. (1033260.85 ticks, tree = 15.09 MB, solutions = 7)
  67429 11551      237.6154    28      237.7138      237.3860  5626332    0.14%
  67816 11514      237.4174    38      237.7138      237.3899  5651457    0.14%
  68207 11504      237.4397    36      237.7138      237.3930  5676244    0.13%
  68652 11468      237.4540    37      237.7138      237.3967  5701383    0.13%
  69048 11425      237.3993    23      237.7138      237.3993  5725678    0.13%
  69489 11373      237.6109    44      237.7138      237.4026  5750997    0.13%
  69866 11325      237.4152    44      237.7138      237.4055  5776827    0.13%
  70245 11289      237.7047    39      237.7138      237.4080  5800703    0.13%
  70626 11228      237.6720    30      237.7138      237.4113  5823759    0.13%
  71004 11180      237.4321    40      237.7138      237.4147  5847557    0.13%
Elapsed time = 1187.88 sec. (1071517.69 ticks, tree = 14.61 MB, solutions = 7)
  71335 11132        cutoff            237.7138      237.4167  5871851    0.12%
  71706 11088      237.5829    31      237.7138      237.4193  5895935    0.12%
  72116 11052      237.5533    32      237.7138      237.4224  5920749    0.12%
  72502 11029        cutoff            237.7138      237.4251  5946291    0.12%
  72922 10960      237.4636    35      237.7138      237.4281  5971536    0.12%
  73349 10900      237.5778    40      237.7138      237.4313  5997529    0.12%
  73741 10831      237.5602    43      237.7138      237.4352  6024624    0.12%
  74131 10764      237.5786    39      237.7138      237.4384  6048847    0.12%
  74521 10713      237.5153    37      237.7138      237.4412  6072648    0.11%
  74880 10663      237.4449    23      237.7138      237.4449  6095844    0.11%
Elapsed time = 1234.21 sec. (1109755.45 ticks, tree = 13.93 MB, solutions = 7)
  75274 10582      237.6116    46      237.7138      237.4487  6119834    0.11%
  75709 10503      237.6543    40      237.7138      237.4522  6144267    0.11%
  76124 10435      237.5548    25      237.7138      237.4551  6169036    0.11%
  76532 10352      237.6086    35      237.7138      237.4587  6194491    0.11%
  76973 10249      237.6073    34      237.7138      237.4632  6219267    0.11%
  77371 10190      237.6437    15      237.7138      237.4657  6244782    0.10%
  77786 10114        cutoff            237.7138      237.4689  6270031    0.10%
  78209 10002      237.5327    32      237.7138      237.4723  6292843    0.10%
  78589  9931      237.6295    38      237.7138      237.4753  6316540    0.10%
  78975  9826      237.6142    34      237.7138      237.4783  6341221    0.10%
Elapsed time = 1279.87 sec. (1148085.93 ticks, tree = 12.92 MB, solutions = 7)
  79390  9733      237.7103    38      237.7138      237.4816  6365794    0.10%
  79798  9659      237.5605    31      237.7138      237.4848  6390367    0.10%
  80210  9577      237.7084    38      237.7138      237.4877  6415177    0.10%
  80637  9465        cutoff            237.7138      237.4911  6442417    0.09%
  81080  9367      237.6189    40      237.7138      237.4945  6466837    0.09%
  81430  9297      237.6475    31      237.7138      237.4975  6492387    0.09%
  81874  9193      237.5456    55      237.7138      237.5007  6516794    0.09%
  82293  9128      237.5164    26      237.7138      237.5035  6541243    0.09%
  82684  9015        cutoff            237.7138      237.5069  6565592    0.09%
  83052  8892        cutoff            237.7138      237.5104  6591087    0.09%
Elapsed time = 1326.90 sec. (1186291.20 ticks, tree = 11.68 MB, solutions = 7)
  83497  8755        cutoff            237.7138      237.5143  6614866    0.08%
  83940  8624      237.6690    22      237.7138      237.5181  6640010    0.08%
  84408  8465        cutoff            237.7138      237.5223  6665950    0.08%
  84889  8306        cutoff            237.7138      237.5264  6692450    0.08%
  85314  8193        cutoff            237.7138      237.5294  6719848    0.08%
  85789  8013      237.5453    45      237.7138      237.5342  6747676    0.08%
  86291  7856        cutoff            237.7138      237.5383  6772630    0.07%
  86770  7687      237.6817    40      237.7138      237.5421  6797862    0.07%
  87219  7555      237.6905    34      237.7138      237.5462  6821175    0.07%
  87659  7397      237.6647    26      237.7138      237.5498  6845487    0.07%
Elapsed time = 1375.49 sec. (1224478.23 ticks, tree = 9.88 MB, solutions = 7)
  88080  7250      237.5988    20      237.7138      237.5537  6870755    0.07%
  88492  7128      237.5964    42      237.7138      237.5568  6893925    0.07%
  88905  7009      237.5696    36      237.7138      237.5601  6918097    0.06%
  89343  6878      237.7005    43      237.7138      237.5637  6943319    0.06%
  89801  6725        cutoff            237.7138      237.5676  6966832    0.06%
  90330  6522      237.5726    36      237.7138      237.5726  6991269    0.06%
  90769  6334      237.6638    33      237.7138      237.5767  7015844    0.06%
  91275  6106      237.6599    42      237.7138      237.5816  7042558    0.06%
  91830  5881      237.6151    44      237.7138      237.5862  7066438    0.05%
  92345  5705      237.6287    39      237.7138      237.5900  7093337    0.05%
Elapsed time = 1420.47 sec. (1262814.93 ticks, tree = 7.78 MB, solutions = 7)
  92895  5476      237.5999    39      237.7138      237.5952  7118405    0.05%
  93441  5227      237.6686    31      237.7138      237.6002  7143526    0.05%
  94028  4966      237.6072    29      237.7138      237.6072  7168687    0.04%
  94487  4754      237.6412    45      237.7138      237.6120  7191854    0.04%
  94980  4521      237.6172    22      237.7138      237.6169  7215466    0.04%
  95511  4245      237.6241    28      237.7138      237.6242  7240052    0.04%
  96037  3997        cutoff            237.7138      237.6297  7264372    0.04%
  96590  3688        cutoff            237.7138      237.6355  7285129    0.03%
  97169  3346      237.6577    34      237.7138      237.6431  7306375    0.03%
  97714  3050        cutoff            237.7138      237.6496  7326845    0.03%
Elapsed time = 1470.69 sec. (1301064.20 ticks, tree = 4.40 MB, solutions = 7)
  98263  2741        cutoff            237.7138      237.6562  7347031    0.02%
  98897  2356        cutoff            237.7138      237.6636  7371255    0.02%
  99570  1911      237.6723    26      237.7138      237.6723  7395354    0.02%
 100284  1367      237.6839    29      237.7138      237.6839  7417920    0.01%

GUB cover cuts applied:  30
Clique cuts applied:  60
Cover cuts applied:  42
Implied bound cuts applied:  39
Flow cuts applied:  11
Mixed integer rounding cuts applied:  268
Zero-half cuts applied:  15
Gomory fractional cuts applied:  6

Root node processing (before b&c):
  Real time             =    5.85 sec. (5421.28 ticks)
Sequential b&c:
  Real time             = 1484.92 sec. (1313342.90 ticks)
                          ------------
Total (root+branch&cut) = 1490.76 sec. (1318764.18 ticks)
