Version identifier: 22.1.0.0 | 2022-03-09 | 1a383f8ce
CPXPARAM_Read_DataCheck                          1
CPXPARAM_Threads                                 1
CPXPARAM_TimeLimit                               3600
Tried aggregator 2 times.
MIP Presolve eliminated 15888 rows and 672 columns.
MIP Presolve modified 92191 coefficients.
Aggregator did 254 substitutions.
Reduced MIP has 14849 rows, 1294 columns, and 116986 nonzeros.
Reduced MIP has 974 binaries, 0 generals, 0 SOSs, and 0 indicators.
Presolve time = 0.33 sec. (246.97 ticks)
Probing fixed 12 vars, tightened 2 bounds.
Probing time = 0.11 sec. (84.26 ticks)
Tried aggregator 1 time.
Detecting symmetries...
MIP Presolve eliminated 22 rows and 12 columns.
MIP Presolve modified 16 coefficients.
Reduced MIP has 14827 rows, 1282 columns, and 116659 nonzeros.
Reduced MIP has 962 binaries, 0 generals, 0 SOSs, and 0 indicators.
Presolve time = 0.09 sec. (51.46 ticks)
Probing time = 0.01 sec. (7.59 ticks)
Clique table members: 9581.
MIP emphasis: balance optimality and feasibility.
MIP search method: dynamic search.
Parallel mode: none, using 1 thread.
Root relaxation solution time = 0.06 sec. (57.36 ticks)

        Nodes                                         Cuts/
   Node  Left     Objective  IInf  Best Integer    Best Bound    ItCnt     Gap

      0     0      321.9130   234                    321.9130      529         
      0     0      321.9130    95                   Cuts: 481      851         
      0     0      321.9130    98                  Cuts: 1096     1327         
      0     0      321.9130   101                   Cuts: 349     1897         
Detecting symmetries...
      0     2      321.9130    81                    321.9130     1935         
Elapsed time = 5.12 sec. (4397.83 ticks, tree = 0.01 MB, solutions = 0)
      6     8      321.9130    86                    321.9130     3195         
     10    12      321.9130    88                    321.9130     4616         
     19    21      322.0891    83                    321.9149     6225         
     20    22      321.9151    85                    321.9151     6243         
     30    32      324.2112    75                    321.9326     7194         
     37    37      360.6494    83                    321.9326     8078         
     40    40      337.1620    85                    321.9326     8770         
     46    46      323.9357    66                    321.9326     9709         
     50    49      324.7002    71                    321.9326    10676         
     66    65      330.2854    64                    321.9326    14581         
Elapsed time = 9.88 sec. (9291.00 ticks, tree = 0.74 MB, solutions = 0)
    101    96      366.0603    64                    321.9326    18523         
    158   139      376.2149    24                    321.9326    22213         
    188   157      321.9622    84                    321.9373    25958         
    198   165      322.0889   101                    321.9373    29865         
    204   169      368.5544   123                    321.9373    36022         
    209   174      410.3058   104                    321.9373    39610         
    220   183    infeasible                          321.9373    44209         
    230   193      331.9349    94                    321.9373    48816         
    240   203      321.9622    80                    321.9373    50475         
    270   229      321.9622    77                    321.9373    55872         
Elapsed time = 20.92 sec. (20160.36 ticks, tree = 1.60 MB, solutions = 0)
    302   259      323.5565    69                    321.9373    61229         
    321   274      321.9622    68                    321.9373    65198         
    339   290      343.9960    79                    321.9373    71681         
    360   311      321.9622    64                    321.9373    76801         
    381   328      323.2326    88                    321.9373    81744         
    407   354      326.4340    61                    321.9373    86432         
    433   376      327.8025    71                    321.9373    91704         
    440   383      331.3138    76                    321.9373    94457         
    461   404      335.8319    67                    321.9373    98896         
    475   418      323.6712    64                    321.9373   103618         
Elapsed time = 31.78 sec. (30984.58 ticks, tree = 3.12 MB, solutions = 0)

Performing restart 1

Repeating presolve.
Tried aggregator 1 time.
MIP Presolve eliminated 8 rows and 4 columns.
Reduced MIP has 14819 rows, 1278 columns, and 116407 nonzeros.
Reduced MIP has 958 binaries, 0 generals, 0 SOSs, and 0 indicators.
Presolve time = 0.05 sec. (40.13 ticks)
Tried aggregator 1 time.
MIP Presolve eliminated 14 rows and 7 columns.
Reduced MIP has 14805 rows, 1271 columns, and 115994 nonzeros.
Reduced MIP has 951 binaries, 0 generals, 0 SOSs, and 0 indicators.
Presolve time = 0.10 sec. (51.33 ticks)
Represolve time = 0.34 sec. (230.06 ticks)
    493     0      321.9473   146                  Cuts: 1507   109526         
    493     0      322.0479   173                  Cuts: 1646   110686         
    493     0      322.1630   219                  Cuts: 2345   111611         
    493     0      322.2004   231                  Cuts: 3274   112411         
    493     0      322.3055   270                  Cuts: 1573   112885         
    493     0      322.3621   248                  Cuts: 2837   113458         
    493     0      322.4320   298                  Cuts: 1808   113877         
    493     0      322.4515   257                  Cuts: 1748   114861         
    493     0      322.4685   223                  Cuts: 2405   115373         
    493     0      322.4823   224                  Cuts: 2312   115670         
    493     0      322.5457   273                   Cuts: 659   116003         
    493     0      322.5730   232                   Cuts: 718   116269         
    493     0      322.6224   320                  Cuts: 1757   116653         
    493     0      322.6554   241                  Cuts: 2720   116988         
    493     0      322.6707   239                   Cuts: 866   117598         
    493     0      322.6826   171                  Cuts: 1729   117953         
    493     0      322.7139   221                  Cuts: 2446   118584         
    493     0      322.7334   252                  Cuts: 1755   118988         
    493     0      322.7399   246                   Cuts: 721   119350         
    493     0      322.7456   238                  Cuts: 3069   119613         
    493     2      322.7456   225                    322.7456   119613         
    494     3      322.7456   224                    322.7459   119617         
    495     4      322.7462   221                    322.7460   119717         
    496     5      324.5133   101                    322.7464   121422         
    498     6      324.5133   101                    322.7464   122024         
    502    10      324.6553   110                    322.7464   123963         
    503    11      327.8978   128                    322.7464   125806         
    508    16      324.9536   103                    322.7464   127191         
    510    18      325.8080   104                    322.7464   127831         
    514    22      326.1475   104                    322.7464   127915         
Elapsed time = 117.23 sec. (98723.54 ticks, tree = 0.64 MB, solutions = 0)
    523    30      333.8473    89                    322.7464   128674         
    542    48      338.8079    82                    322.7464   129777         
    546    52      339.1502    73                    322.7464   131074         
    551    57      343.3927    73                    322.7464   132207         
    553    59      354.2595    85                    322.7464   132884         
    557    62      346.6757    70                    322.7464   133640         
    563    68      359.9341    72                    322.7464   134467         
    570    68      322.7464   220                    322.7464   134967         
    575    72      351.4465   109                    322.7466   138224         
    577    74      353.3381    96                    322.7466   139059         
Elapsed time = 134.91 sec. (117431.08 ticks, tree = 1.69 MB, solutions = 0)
    593    90      361.5646    87                    322.7466   139706         
    613   110      362.9048    80                    322.7466   140556         
    616   112      386.0891   101                    322.7466   141495         
    626   120      386.0931    82                    322.7466   142354         
    648   141      394.0835    63                    322.7466   143876         
    669   158      400.2960    49                    322.7466   144696         
    684   167      357.2398    92                    322.7466   145979         
    693   176      383.0660   102                    322.7466   146464         
    713   196      388.0146    91                    322.7466   147942         
    730   213      378.2735    93                    322.7466   149544         
Elapsed time = 147.41 sec. (130986.68 ticks, tree = 18.06 MB, solutions = 0)
    751   234      380.3984    71                    322.7466   150274         
    756   239      380.9733    74                    322.7466   151384         
    772   255      382.5901    54                    322.7466   152446         
    802   283    infeasible                          322.7466   153464         
    842   321      405.7914    29                    322.7466   154414         
    883   355      325.0710   139                    322.7511   155140         
    915   387      325.3246   112                    322.7511   155513         
    933   405      340.8009    86                    322.7511   155835         
    970   442      352.9829    30                    322.7511   156785         
    978   446      346.3990    98                    322.7514   159270         
Elapsed time = 157.69 sec. (141883.15 ticks, tree = 45.83 MB, solutions = 0)
    982   450      345.5901   100                    322.7514   161235         
    991   458      365.5200   111                    322.7514   163948         
   1011   478      377.2051    86                    322.7514   165868         
   1036   503      377.7247    63                    322.7514   167152         
   1060   527      385.5166    58                    322.7514   169073         
   1096   559      348.5303   100                    322.7514   172097         
   1105   568      359.3090   105                    322.7514   173459         
   1117   580      353.9108    87                    322.7514   175057         
   1125   588      354.7142    84                    322.7514   176304         
   1136   599      356.8323    79                    322.7514   177598         
Elapsed time = 170.84 sec. (157175.99 ticks, tree = 64.01 MB, solutions = 0)
   1166   627      381.3138    51                    322.7514   179700         
   1192   643      364.0457   104                    322.7545   181528         
   1210   661      391.6232   113                    322.7545   182986         
   1244   689      368.8152    81                    322.7545   183876         
   1273   717      380.3667    46                    322.7545   185666         
   1305   747      386.1550    37                    322.7545   186757         
   1323   761      352.3129    88                    322.7553   189992         
   1333   771      357.9065    92                    322.7553   191792         
   1354   791      370.7682    60                    322.7553   193988         
   1398   827    infeasible                          322.7553   195412         
Elapsed time = 182.52 sec. (170815.14 ticks, tree = 81.64 MB, solutions = 0)
   1405   832      345.1544    88                    322.7563   202122         
   1417   844      332.6315    75                    322.7563   203188         
   1450   877      340.6964    72                    322.7563   205242         
   1453   880      340.6964    64                    322.7563   205793         

Performing restart 2

Repeating presolve.
Tried aggregator 1 time.
MIP Presolve eliminated 8 rows and 3 columns.
MIP Presolve modified 52 coefficients.
Reduced MIP has 14797 rows, 1268 columns, and 120047 nonzeros.
Reduced MIP has 948 binaries, 0 generals, 0 SOSs, and 0 indicators.
Presolve time = 0.10 sec. (85.34 ticks)
Tried aggregator 1 time.
Reduced MIP has 14797 rows, 1268 columns, and 120047 nonzeros.
Reduced MIP has 948 binaries, 0 generals, 0 SOSs, and 0 indicators.
Presolve time = 0.08 sec. (54.19 ticks)
Represolve time = 0.50 sec. (323.94 ticks)
   1479     0      322.7456   264                  Cuts: 3799   210203         
   1479     0      322.7553   256                  Cuts: 2175   210629         
   1479     0      322.7590   276                  Cuts: 2767   211251         
   1479     0      322.7682   323                  Cuts: 2828   211640         
   1479     0      322.7715   299                  Cuts: 3799   212308         
   1479     0      322.7761   295                  Cuts: 2452   212717         
   1479     0      322.7761   305                  Cuts: 3799   212966         
   1479     0      322.7778   329                  Cuts: 2280   213254         
   1479     0      322.7782   327                  Cuts: 2932   213515         
   1479     0      322.7808   372                  Cuts: 2609   213780         
   1479     0      322.8016   253                  Cuts: 2783   214207         
   1479     0      322.8076   311                  Cuts: 1507   214539         
   1479     0      322.8141   319                  Cuts: 3799   214838         
   1479     0      322.8243   302                  Cuts: 1936   215159         
   1479     0      322.8275   295                  Cuts: 1496   215495         
   1479     0      322.8482   293                  Cuts: 1739   216251         
   1479     0      322.8609   281                  Cuts: 1083   216746         
   1479     2      322.8609   292                    322.8609   216746         
   1480     3      322.8610   286                    322.8609   216769         
   1481     4      322.8657   282                    322.8609   216950         
   1482     5      327.7238    80                    322.8609   222366         
   1483     6      322.8660   280                    322.8609   222382         
   1486     9      322.8673   312                    322.8609   222523         
Elapsed time = 299.03 sec. (289464.77 ticks, tree = 0.14 MB, solutions = 0)
   1492    15      325.5470   134                    322.8609   223775         
   1495    18      329.5055    89                    322.8609   225995         
   1503    26      329.9704    85                    322.8609   229201         
   1516    39      327.2727   105                    322.8609   232421         
   1534    57      330.0823    79                    322.8609   237635         
   1545    68      341.2910    80                    322.8609   239872         
   1552    72      327.8893    93                    322.8663   244735         
   1559    79      327.8893    91                    322.8663   246287         
   1564    84      333.2315   140                    322.8663   251977         
   1578    98      329.3023    83                    322.8663   257304         
Elapsed time = 333.54 sec. (331479.62 ticks, tree = 2.72 MB, solutions = 0)
   1584   103      339.7227    82                    322.8663   260318         
   1614   133      343.3892    87                    322.8663   264939         
   1652   171      348.5927    47                    322.8663   271266         
   1683   196      323.9888   140                    322.8667   274478         
   1703   216      332.9312    90                    322.8667   280346         
   1780   291      346.7825    46                    322.8667   287972         
   1847   352      323.8567   109                    322.8668   292718         
   1892   392      348.0335    97                    322.8673   300081         
   1934   434      372.4884    83                    322.8673   307508         
   1986   484      385.3172    47                    322.8673   317414         
Elapsed time = 366.00 sec. (370657.02 ticks, tree = 3.67 MB, solutions = 0)
   2024   515      349.1378   146                    322.8736   326806         
   2054   543      328.1136    85                    322.8768   335705         
   2154   633      322.8790   197                    322.8792   346711         
   2191   670      331.9812    64                    322.8806   355193         
   2267   729      353.6599    89                    322.8820   364357         
   2317   772      344.1046   102                    322.8857   373831         
   2336   791      334.9367    88                    322.8857   381393         
   2409   848      322.9672   156                    322.8870   390759         
   2476   905      327.0800    76                    322.8871   402216         
   2512   941      329.0646    99                    322.8871   412236         
Elapsed time = 406.10 sec. (411892.72 ticks, tree = 4.80 MB, solutions = 0)
   2596  1023      365.9596    32                    322.8871   424096         
   2637  1058      349.8034    81                    322.8907   432939         
   2697  1114      347.1217    75                    322.8986   445575         
   2778  1183      348.0358    96                    322.9026   458762         
   2800  1205      364.4432    89                    322.9026   471971         
   2839  1240      346.5646    91                    322.9044   483844         
   2930  1323      352.5186    93                    322.9055   495539         
   2991  1384      368.6053    47                    322.9055   507280         
   3081  1462      334.5629    93                    322.9135   517205         
   3128  1507      334.2243    58                    322.9135   530587         
Elapsed time = 444.49 sec. (451956.83 ticks, tree = 6.22 MB, solutions = 0)
   3222  1597      338.3107    56                    322.9362   541696         
   3273  1642      354.5561    51                    322.9381   551593         
   3350  1713      338.3497    63                    322.9393   559516         
   3402  1757      367.7165    71                    322.9393   571610         
*  3453  1772      integral     0      390.6835      322.9393   576936   17.34%
   3469  1787      330.7137    78      390.6835      322.9395   582907   17.34%
   3518  1828      339.1209    79      390.6835      322.9449   587735   17.34%
   3580  1885      339.5967    48      390.6835      322.9453   601177   17.34%
   3640  1938      351.3391    74      390.6835      322.9590   611944   17.33%
   3725  2013      325.9783    95      390.6835      322.9590   621307   17.33%
   3821  2102      332.4812    72      390.6835      322.9590   630948   17.33%
Elapsed time = 483.07 sec. (490474.54 ticks, tree = 7.75 MB, solutions = 1)
   3875  2150      336.3717    87      390.6835      322.9610   642434   17.33%
   3981  2238      339.5686    98      390.6835      322.9673   653631   17.33%
   4059  2310      326.9458    97      390.6835      322.9712   663857   17.33%
   4161  2408      334.5668    57      390.6835      322.9995   674031   17.32%
   4244  2475      329.3031   108      390.6835      323.0001   683971   17.32%
   4319  2539      323.0137   186      390.6835      323.0007   693276   17.32%
*  4395  2505      integral     0      381.7213      323.0007   699736   15.38%
   4491  2595      338.7113    46      381.7213      323.0142   709897   15.38%
   4589  2675      326.6808   105      381.7213      323.0232   719182   15.38%
   4665  2747      338.4809    46      381.7213      323.0232   732561   15.38%
Elapsed time = 528.73 sec. (527709.56 ticks, tree = 9.32 MB, solutions = 2)
   4753  2821      353.9554   102      381.7213      323.0251   741708   15.38%
   4870  2922      338.8801    91      381.7213      323.0303   751849   15.38%
   4950  2997      326.9429    91      381.7213      323.0319   763437   15.37%
   5036  3075      380.5217    19      381.7213      323.0319   776441   15.37%
   5152  3173      329.8288    92      381.7213      323.0404   784099   15.37%
   5245  3262      374.3834    48      381.7213      323.0418   793654   15.37%
   5342  3347      335.9261    94      381.7213      323.0457   805688   15.37%
   5369  3368      355.8820    91      381.7213      323.0464   819093   15.37%
   5468  3461      338.4725    58      381.7213      323.0515   828295   15.37%
   5560  3537      331.2591    79      381.7213      323.0601   837399   15.37%
Elapsed time = 572.27 sec. (567095.05 ticks, tree = 11.25 MB, solutions = 2)
   5638  3606      349.4978   137      381.7213      323.0642   850997   15.37%
   5719  3677      352.5889    73      381.7213      323.0811   860633   15.36%
   5769  3723      330.5064    64      381.7213      323.0812   872870   15.36%
   5846  3793      330.7442   103      381.7213      323.0815   884201   15.36%
   5944  3881      339.5473    68      381.7213      323.0861   894012   15.36%
   6045  3970      329.8353    87      381.7213      323.0878   903522   15.36%
   6094  4015      326.1907    72      381.7213      323.0941   918562   15.36%
   6207  4125      329.0247    76      381.7213      323.0941   928908   15.36%
   6291  4189      329.3670    88      381.7213      323.0951   941313   15.36%
   6378  4268      328.5247    87      381.7213      323.1032   951651   15.36%
Elapsed time = 616.09 sec. (606416.04 ticks, tree = 13.18 MB, solutions = 2)
   6463  4347      330.8843    77      381.7213      323.1032   962427   15.36%
   6555  4431      332.9243    73      381.7213      323.1068   974181   15.36%
   6666  4527      327.1818   112      381.7213      323.1089   985214   15.35%
   6766  4617      329.7278    90      381.7213      323.1102   995184   15.35%
   6869  4703      323.2126   178      381.7213      323.1168  1007128   15.35%
   6947  4777      336.1608    70      381.7213      323.1175  1020119   15.35%
   7052  4866      367.9100    43      381.7213      323.1184  1031884   15.35%
   7149  4949      329.5846    89      381.7213      323.1222  1042316   15.35%
   7236  5026      327.0193    87      381.7213      323.1303  1054297   15.35%
   7312  5096    infeasible            381.7213      323.1303  1067724   15.35%
Elapsed time = 659.37 sec. (645095.29 ticks, tree = 15.20 MB, solutions = 2)
   7352  5132      377.0440    75      381.7213      323.1338  1078376   15.35%
   7418  5188      352.7893   107      381.7213      323.1419  1089489   15.35%
   7479  5245      354.1838    77      381.7213      323.1427  1099707   15.35%
   7580  5341      330.7096    71      381.7213      323.1437  1112051   15.35%
   7699  5445      336.0044    52      381.7213      323.1663  1122085   15.34%
   7815  5553      335.4833    93      381.7213      323.1672  1131874   15.34%
   7879  5607      337.7818   112      381.7213      323.1692  1142643   15.34%
   7963  5681      325.5850    85      381.7213      323.1744  1151946   15.34%
   8051  5763      355.0893    62      381.7213      323.1754  1161826   15.34%
   8149  5852      360.3610    30      381.7213      323.1775  1174024   15.34%
Elapsed time = 703.69 sec. (683834.06 ticks, tree = 17.06 MB, solutions = 2)
   8254  5947      346.0986    59      381.7213      323.2008  1184047   15.33%
   8350  6023      326.1112   171      381.7213      323.2156  1194354   15.33%
   8433  6099      346.9293    59      381.7213      323.2188  1206586   15.33%
   8479  6137      345.6001    67      381.7213      323.2204  1213731   15.33%
   8555  6199      374.1494    74      381.7213      323.2241  1225253   15.32%
   8645  6274      325.3355   124      381.7213      323.2286  1235458   15.32%
   8745  6356      323.2975   169      381.7213      323.2319  1245838   15.32%
   8840  6437      323.4619   220      381.7213      323.2403  1255957   15.32%
   8928  6519      326.7237   108      381.7213      323.2406  1267661   15.32%
   8991  6570      325.2636   141      381.7213      323.2421  1280588   15.32%
Elapsed time = 750.70 sec. (724258.18 ticks, tree = 18.82 MB, solutions = 2)
   9069  6640      340.0657    90      381.7213      323.2430  1292154   15.32%
   9172  6728      342.7185    60      381.7213      323.2443  1303486   15.32%
   9261  6807      324.6288   146      381.7213      323.2483  1315443   15.32%
   9352  6884      323.5719   141      381.7213      323.2508  1325841   15.32%
   9438  6956      354.9200    64      381.7213      323.2551  1336947   15.32%
   9525  7027      333.4057    88      381.7213      323.2558  1347005   15.32%
   9597  7083      324.1558   139      381.7213      323.2568  1357895   15.32%
   9658  7136      323.4529   143      381.7213      323.2606  1369702   15.32%
   9775  7244      325.3883   143      381.7213      323.2624  1379855   15.31%
   9879  7342      367.7548    31      381.7213      323.2635  1390424   15.31%
Elapsed time = 795.06 sec. (763046.86 ticks, tree = 20.74 MB, solutions = 2)
   9964  7414      367.7998    41      381.7213      323.2642  1401969   15.31%
  10026  7462      335.2937   113      381.7213      323.2703  1414123   15.31%
  10105  7533      327.5657    78      381.7213      323.2705  1425295   15.31%
  10194  7612      332.8391    98      381.7213      323.2736  1436277   15.31%
  10280  7692      359.0919    62      381.7213      323.2737  1448934   15.31%
  10341  7747      369.1392    46      381.7213      323.2768  1459616   15.31%
  10398  7794      323.3871   177      381.7213      323.2787  1471929   15.31%
  10449  7839        cutoff            381.7213      323.2787  1485651   15.31%
  10519  7903      355.0066   137      381.7213      323.2849  1496771   15.31%
  10612  7993      373.6140    32      381.7213      323.2870  1508079   15.31%
Elapsed time = 838.57 sec. (801589.91 ticks, tree = 22.34 MB, solutions = 2)
  10664  8035      354.9366    95      381.7213      323.2935  1519892   15.31%
  10726  8084      325.9544   142      381.7213      323.2943  1532028   15.31%
  10828  8180      351.8993    69      381.7213      323.2944  1542455   15.31%
  10930  8275      335.9853    75      381.7213      323.2977  1551946   15.31%
  11011  8342      324.6498   141      381.7213      323.3054  1565512   15.30%
  11074  8397      326.7394    90      381.7213      323.3056  1576526   15.30%
  11147  8462      327.5924    84      381.7213      323.3068  1587819   15.30%
  11226  8533      350.5825    59      381.7213      323.3069  1601368   15.30%
  11314  8612      323.6903    99      381.7213      323.3083  1611572   15.30%
  11398  8688      337.6695    90      381.7213      323.3089  1623374   15.30%
Elapsed time = 883.15 sec. (840281.99 ticks, tree = 24.39 MB, solutions = 2)
  11477  8758      332.5268    94      381.7213      323.3122  1635314   15.30%
  11479  8760      365.2101    83      381.7213      323.3122  1636178   15.30%
  11555  8828      362.3163    65      381.7213      323.3160  1648197   15.30%
  11649  8904      324.1170   164      381.7213      323.3182  1659460   15.30%
  11734  8979      374.0152    29      381.7213      323.3194  1670744   15.30%
  11827  9058      329.9147    88      381.7213      323.3223  1681767   15.30%
  11908  9130      326.8207   100      381.7213      323.3248  1693039   15.30%
  11987  9197      331.7931    83      381.7213      323.3259  1706073   15.30%
  12072  9269      324.6078   104      381.7213      323.3303  1717817   15.30%
  12147  9340      328.5087    71      381.7213      323.3306  1730766   15.30%
Elapsed time = 932.50 sec. (880546.19 ticks, tree = 26.01 MB, solutions = 2)
  12236  9420      342.6188    83      381.7213      323.3310  1743277   15.30%
  12296  9474      334.4794    64      381.7213      323.3337  1753266   15.30%
  12348  9519      323.3511   215      381.7213      323.3374  1767104   15.29%
  12437  9600      338.3600    86      381.7213      323.3409  1777907   15.29%
* 12479+ 9634                          381.7173      323.3443            15.29%
  12495  9644      334.0972   115      381.7173      323.3449  1787737   15.29%
  12576  9717      327.0919   105      381.7173      323.3454  1799199   15.29%
* 12579+ 9683                          380.9445      323.3454            15.12%
  12623  9725      325.8597    87      380.9445      323.3457  1802928   15.12%
  12673  9771      330.9032    79      380.9445      323.3465  1814750   15.12%
  12758  9845      326.2944   116      380.9445      323.3476  1829947   15.12%
  12846  9925      373.8762    50      380.9445      323.3503  1840564   15.12%
Elapsed time = 991.43 sec. (919534.58 ticks, tree = 27.46 MB, solutions = 4)
  12926  9985      323.4773   191      380.9445      323.3529  1850056   15.12%
  13011 10059      324.5460    94      380.9445      323.3529  1864250   15.12%
  13101 10139      324.8618   130      380.9445      323.3529  1875233   15.12%
  13211 10235      324.7667    83      380.9445      323.3529  1888155   15.12%
  13255 10275        cutoff            380.9445      323.3529  1899797   15.12%
  13359 10363      324.7080   178      380.9445      323.3529  1909633   15.12%
  13432 10430      324.1414   112      380.9445      323.3529  1921054   15.12%
  13509 10499      324.1378   100      380.9445      323.3535  1931296   15.12%
  13597 10581      323.9316    81      380.9445      323.3573  1942374   15.12%
  13664 10639      379.7842    33      380.9445      323.3573  1955804   15.12%
Elapsed time = 1053.16 sec. (959425.75 ticks, tree = 29.23 MB, solutions = 4)
  13774 10737    infeasible            380.9445      323.3594  1965338   15.12%
* 13879+10812                          380.5384      323.3606            15.03%
  13886 10819      346.8975    54      380.5384      323.3606  1974635   15.03%
* 13911 10514      integral     0      376.7407      323.3606  1975877   14.17%
  13949 10546      323.5002   132      376.7407      323.3623  1981276   14.17%
* 14011+10562                          376.2080      323.3646            14.05%
* 14011+10439                          374.7112      323.3646            13.70%
  14011 10441      324.5619   118      374.7112      323.3646  1991050   13.70%
  14120 10533      324.4399   165      374.7112      323.3665  2000773   13.70%
  14186 10590      328.9494   122      374.7112      323.3672  2011249   13.70%
  14233 10637      345.5850    58      374.7112      323.3672  2023691   13.70%
  14314 10710      347.0552    69      374.7112      323.3688  2034401   13.70%
  14414 10792        cutoff            374.7112      323.3717  2044750   13.70%
  14494 10860      326.0688   110      374.7112      323.3735  2055212   13.70%
Elapsed time = 1103.10 sec. (998895.44 ticks, tree = 29.80 MB, solutions = 8)
  14552 10910        cutoff            374.7112      323.3736  2067319   13.70%
  14642 10984      323.4824   182      374.7112      323.3751  2078503   13.70%
  14716 11055      351.9547    75      374.7112      323.3752  2088800   13.70%
  14772 11097      325.5002    91      374.7112      323.3762  2099530   13.70%
  14852 11169      323.8684    80      374.7112      323.3771  2109308   13.70%
  14923 11230      347.6404    68      374.7112      323.3776  2120310   13.70%
  14998 11297      364.5608    64      374.7112      323.3806  2130973   13.70%
  15093 11377      329.9623   117      374.7112      323.3821  2142454   13.70%
  15171 11440      338.6195    93      374.7112      323.3849  2155356   13.70%
  15270 11517      324.2841   157      374.7112      323.3878  2165300   13.70%
Elapsed time = 1153.92 sec. (1037209.39 ticks, tree = 31.43 MB, solutions = 8)
  15330 11572      368.2448    68      374.7112      323.3883  2178544   13.70%
  15411 11641      323.5359    93      374.7112      323.3891  2190142   13.70%
* 15463 10706      integral     0      365.2340      323.3891  2193379   11.46%
  15479 10720      323.8568    92      365.2340      323.3898  2194711   11.46%
  15542 10773      326.0210    70      365.2340      323.3915  2207948   11.46%
  15611 10838        cutoff            365.2340      323.3915  2217352   11.46%
  15682 10891      324.6203   200      365.2340      323.3935  2228222   11.46%
  15757 10958      334.7745    77      365.2340      323.3958  2239704   11.46%
  15819 11012      328.6069   109      365.2340      323.3971  2253475   11.45%
  15903 11086      330.2954    92      365.2340      323.3988  2265212   11.45%
Elapsed time = 1207.27 sec. (1075146.92 ticks, tree = 30.40 MB, solutions = 9)
  15986 11160      345.1289    79      365.2340      323.4021  2276498   11.45%
  16079 11241      340.4419    38      365.2340      323.4027  2287350   11.45%
  16187 11334      326.8211    97      365.2340      323.4061  2297887   11.45%
  16263 11405      353.1007    55      365.2340      323.4062  2310582   11.45%
  16366 11489      324.0271   141      365.2340      323.4073  2321405   11.45%
  16449 11564      327.7959    96      365.2340      323.4098  2332452   11.45%
  16540 11639      333.3280    72      365.2340      323.4104  2342737   11.45%
  16658 11738      342.5962   108      365.2340      323.4150  2352945   11.45%
  16709 11785      323.8254    91      365.2340      323.4157  2364622   11.45%
  16751 11823      355.0516    74      365.2340      323.4184  2378694   11.45%
Elapsed time = 1257.09 sec. (1113678.69 ticks, tree = 32.23 MB, solutions = 9)
  16828 11886      344.6494    82      365.2340      323.4237  2390546   11.45%
  16885 11933    infeasible            365.2340      323.4255  2403995   11.45%
  16942 11983      349.6676    74      365.2340      323.4277  2415924   11.45%
  17029 12056      330.1496    96      365.2340      323.4296  2427516   11.45%
  17072 12093      326.9741    94      365.2340      323.4329  2438779   11.45%
  17127 12138      329.6799    94      365.2340      323.4334  2449982   11.44%
  17221 12221      323.9730   113      365.2340      323.4374  2460676   11.44%
  17295 12286      346.2810    72      365.2340      323.4415  2473635   11.44%
  17391 12368      327.0560    88      365.2340      323.4425  2485211   11.44%
  17476 12439      332.4331    89      365.2340      323.4451  2497584   11.44%
Elapsed time = 1313.01 sec. (1152122.80 ticks, tree = 33.75 MB, solutions = 9)
  17486 12446      323.5302   120      365.2340      323.4452  2499183   11.44%
  17554 12512      360.4515    47      365.2340      323.4452  2511042   11.44%
  17637 12581      337.3935    63      365.2340      323.4487  2523080   11.44%
  17759 12680      355.7715    40      365.2340      323.4497  2533852   11.44%
  17786 12704      355.2062    54      365.2340      323.4498  2545950   11.44%
  17867 12772      341.6265    84      365.2340      323.4513  2558527   11.44%
  17949 12833      332.4553    75      365.2340      323.4541  2570891   11.44%
  17996 12874      356.3604    66      365.2340      323.4543  2583003   11.44%
  18075 12929      323.4926   125      365.2340      323.4577  2595194   11.44%
  18128 12976      328.9598    82      365.2340      323.4577  2606541   11.44%
Elapsed time = 1373.32 sec. (1190865.77 ticks, tree = 35.08 MB, solutions = 9)
  18220 13064      325.5693   104      365.2340      323.4577  2616981   11.44%
  18292 13119      323.5052   219      365.2340      323.4592  2629488   11.44%
  18396 13216      348.4688    46      365.2340      323.4592  2639702   11.44%
  18458 13266      325.0104    86      365.2340      323.4612  2651482   11.44%
  18479 13283      325.0150    95      365.2340      323.4615  2656695   11.44%
  18571 13364      324.1688    99      365.2340      323.4635  2667233   11.44%
  18633 13418      328.4659    55      365.2340      323.4638  2680278   11.44%
  18730 13499      323.5983   134      365.2340      323.4660  2692627   11.44%
  18842 13603      334.7245    81      365.2340      323.4663  2702504   11.44%
  18878 13635      349.5174    57      365.2340      323.4675  2715320   11.44%
Elapsed time = 1428.00 sec. (1232340.95 ticks, tree = 36.71 MB, solutions = 9)
  18959 13698      323.9433    94      365.2340      323.4677  2726614   11.44%
  19061 13792      353.1159    24      365.2340      323.4677  2736924   11.44%
  19104 13829      336.5510    77      365.2340      323.4683  2749917   11.44%
  19223 13939      356.2908    48      365.2340      323.4688  2760297   11.44%
  19350 14054      323.4871   141      365.2340      323.4699  2770222   11.43%
  19432 14130      341.4640    70      365.2340      323.4706  2782962   11.43%
  19533 14214      324.5583   125      365.2340      323.4711  2792358   11.43%
  19638 14311      343.7898    78      365.2340      323.4726  2803088   11.43%
  19725 14388      324.7420   102      365.2340      323.4737  2815429   11.43%
  19822 14473      328.3682    72      365.2340      323.4751  2827579   11.43%
Elapsed time = 1490.70 sec. (1270708.84 ticks, tree = 38.79 MB, solutions = 9)
  19914 14551      327.7670    87      365.2340      323.4766  2839829   11.43%
  20022 14651      335.5326    95      365.2340      323.4773  2854651   11.43%
  20116 14741      353.8142    54      365.2340      323.4775  2864357   11.43%
  20223 14834      339.8192    79      365.2340      323.4786  2874528   11.43%
  20334 14931      326.7891   125      365.2340      323.4799  2884907   11.43%
  20420 15009      335.7739    83      365.2340      323.4809  2896240   11.43%
  20519 15096      336.0487    81      365.2340      323.4825  2906368   11.43%
  20608 15168      326.0321    93      365.2340      323.4841  2918407   11.43%
  20708 15258      324.8294   110      365.2340      323.4850  2929572   11.43%
  20804 15339      354.9579    51      365.2340      323.4858  2941618   11.43%
Elapsed time = 1548.97 sec. (1309733.00 ticks, tree = 40.94 MB, solutions = 9)
  20867 15389      351.8725    75      365.2340      323.4870  2954397   11.43%
  20968 15474      324.4844    95      365.2340      323.4875  2965660   11.43%
  21069 15557      348.4756    76      365.2340      323.4884  2978398   11.43%
  21172 15644      323.6379   104      365.2340      323.4899  2988997   11.43%
  21228 15694      339.2417   103      365.2340      323.4902  3001858   11.43%
  21299 15748      337.8700    75      365.2340      323.4913  3014586   11.43%
  21373 15807      353.8490    56      365.2340      323.4919  3025586   11.43%
  21448 15870      340.4899    61      365.2340      323.4924  3038580   11.43%
  21479 15897      336.5685    81      365.2340      323.4935  3043563   11.43%
  21555 15961      342.4708    85      365.2340      323.4946  3054333   11.43%
Elapsed time = 1608.67 sec. (1349167.20 ticks, tree = 42.48 MB, solutions = 9)
  21666 16054      323.7739   123      365.2340      323.4948  3064912   11.43%
  21763 16137      327.0949    74      365.2340      323.4952  3076905   11.43%
  21859 16223      364.4761    77      365.2340      323.4958  3089669   11.43%
  21931 16285      341.9363    83      365.2340      323.4968  3097437   11.43%
  22020 16358      332.5394    82      365.2340      323.4977  3108944   11.43%
  22105 16428      331.6995    78      365.2340      323.4990  3122078   11.43%
  22203 16518      358.3855    59      365.2340      323.4990  3133487   11.43%
  22287 16588      333.2853   100      365.2340      323.5000  3146491   11.43%
  22376 16665      323.7552   135      365.2340      323.5012  3156197   11.43%
  22476 16757      358.9580    41      365.2340      323.5017  3167209   11.43%
Elapsed time = 1671.36 sec. (1387850.63 ticks, tree = 45.13 MB, solutions = 9)
  22554 16820      342.4706    80      365.2340      323.5030  3178658   11.43%
  22633 16892      332.2085    84      365.2340      323.5034  3191796   11.43%
  22746 16986      338.8875    84      365.2340      323.5058  3203260   11.43%
  22841 17054      323.6051   144      365.2340      323.5060  3214905   11.42%
  22926 17127      323.9850   125      365.2340      323.5062  3226991   11.42%
  23019 17208      360.7579    47      365.2340      323.5081  3238223   11.42%
  23096 17270        cutoff            365.2340      323.5093  3248954   11.42%
  23188 17346      335.2566    84      365.2340      323.5106  3261267   11.42%
  23301 17434      323.8230   102      365.2340      323.5123  3273072   11.42%
  23404 17519      326.4022   117      365.2340      323.5132  3284983   11.42%
Elapsed time = 1719.77 sec. (1426633.18 ticks, tree = 47.02 MB, solutions = 9)
  23464 17564      350.6145    75      365.2340      323.5145  3298223   11.42%
  23531 17621      329.5528    94      365.2340      323.5154  3306344   11.42%
  23644 17715      364.7378    43      365.2340      323.5159  3317216   11.42%
  23718 17781      332.5770    83      365.2340      323.5162  3328793   11.42%
  23809 17856      323.6951   137      365.2340      323.5167  3341297   11.42%
  23899 17933      324.7097   153      365.2340      323.5175  3352659   11.42%
  24000 18023      324.4599   115      365.2340      323.5187  3363470   11.42%
  24080 18092      323.5377   117      365.2340      323.5192  3376229   11.42%
  24162 18159      324.7102   102      365.2340      323.5236  3387354   11.42%
  24253 18240      326.2657   106      365.2340      323.5243  3399335   11.42%
Elapsed time = 1773.13 sec. (1465540.90 ticks, tree = 48.81 MB, solutions = 9)
  24359 18337      324.5336   116      365.2340      323.5247  3408483   11.42%
  24442 18406      364.7656    59      365.2340      323.5252  3419988   11.42%
  24479 18435      338.8590    69      365.2340      323.5253  3425850   11.42%
  24559 18500      331.4521   101      365.2340      323.5265  3437972   11.42%
  24663 18588      324.1601   111      365.2340      323.5274  3449709   11.42%
  24774 18682      323.8369   105      365.2340      323.5287  3460916   11.42%
  24862 18760      336.9212    67      365.2340      323.5296  3473615   11.42%
  24985 18862      324.1188   109      365.2340      323.5302  3483063   11.42%
  25071 18933      364.8503    45      365.2340      323.5303  3495423   11.42%
* 25079+18759                          364.2195      323.5303            11.17%
  25129 18807      328.8747   106      364.2195      323.5305  3502600   11.17%
Elapsed time = 1823.24 sec. (1505587.14 ticks, tree = 50.23 MB, solutions = 10)
  25179 18852      324.3646    95      364.2195      323.5308  3507171   11.17%
  25260 18921      347.5064    87      364.2195      323.5332  3518388   11.17%
  25326 18979      327.8325    85      364.2195      323.5335  3530035   11.17%
  25423 19058      329.0691    77      364.2195      323.5348  3538610   11.17%
  25507 19132      323.6483   170      364.2195      323.5359  3546935   11.17%
  25589 19200      325.7066    99      364.2195      323.5361  3558331   11.17%
  25683 19278      324.9145   123      364.2195      323.5364  3568185   11.17%
  25767 19348      349.0382    53      364.2195      323.5367  3579373   11.17%
  25861 19427      324.6550   102      364.2195      323.5379  3589244   11.17%
  25958 19506      324.4437    97      364.2195      323.5394  3600789   11.17%
Elapsed time = 1867.84 sec. (1545769.59 ticks, tree = 51.96 MB, solutions = 10)
  26040 19580      337.3055    83      364.2195      323.5399  3611050   11.17%
  26157 19688      341.6468    77      364.2195      323.5404  3621058   11.17%
  26263 19773      350.0784    68      364.2195      323.5419  3634297   11.17%
  26330 19828      324.2209   128      364.2195      323.5425  3647684   11.17%
  26384 19872      357.0329    57      364.2195      323.5426  3655417   11.17%
  26460 19937      336.4655    63      364.2195      323.5427  3665465   11.17%
  26545 20007      351.8957    36      364.2195      323.5427  3673618   11.17%
  26645 20094      349.6964   126      364.2195      323.5437  3684988   11.17%
  26696 20141      327.2249    71      364.2195      323.5438  3695583   11.17%
  26809 20246      326.8094    95      364.2195      323.5446  3707148   11.17%
Elapsed time = 1911.56 sec. (1584779.29 ticks, tree = 53.80 MB, solutions = 10)
  26910 20339      333.1218    78      364.2195      323.5456  3719149   11.17%
  27000 20411      324.5354   104      364.2195      323.5463  3732276   11.17%
  27063 20467      323.6399   106      364.2195      323.5467  3744466   11.17%
  27144 20536      327.9666    81      364.2195      323.5474  3757040   11.17%
  27269 20645      323.7006   142      364.2195      323.5480  3768092   11.17%
  27361 20730      338.1487    60      364.2195      323.5482  3779739   11.17%
  27459 20814      328.1732   101      364.2195      323.5498  3791882   11.17%
  27479 20834      351.3067    64      364.2195      323.5498  3795987   11.17%
  27573 20899      329.7111   101      364.2195      323.5517  3809112   11.17%
  27669 20983      324.6330    87      364.2195      323.5530  3821115   11.17%
Elapsed time = 1957.53 sec. (1625227.58 ticks, tree = 55.63 MB, solutions = 10)
  27764 21062      323.6257    97      364.2195      323.5542  3832661   11.17%
  27860 21148      331.0905    75      364.2195      323.5546  3844965   11.16%
  27938 21218      348.9616    65      364.2195      323.5550  3857321   11.16%
  28026 21284      327.2634    77      364.2195      323.5553  3868769   11.16%
  28149 21393      351.7402    69      364.2195      323.5568  3878649   11.16%
  28261 21485      327.4871    85      364.2195      323.5571  3889942   11.16%
  28379 21586      323.5910   126      364.2195      323.5585  3900641   11.16%
  28464 21659      357.3702    48      364.2195      323.5587  3912706   11.16%
  28556 21738      339.6594    62      364.2195      323.5595  3924902   11.16%
  28633 21800      326.0395    93      364.2195      323.5606  3937001   11.16%
Elapsed time = 2001.80 sec. (1663627.88 ticks, tree = 57.65 MB, solutions = 10)
  28720 21878      326.7748    91      364.2195      323.5606  3947152   11.16%
  28812 21961      324.5414   100      364.2195      323.5606  3960674   11.16%
  28903 22039      324.6181   133      364.2195      323.5606  3973157   11.16%
  28971 22101      327.7905   102      364.2195      323.5606  3985147   11.16%
  29059 22177      324.3688   112      364.2195      323.5606  3996827   11.16%
  29135 22245      326.1484   106      364.2195      323.5606  4010026   11.16%
  29229 22330      344.4464    49      364.2195      323.5606  4020650   11.16%
  29310 22393      331.2292    94      364.2195      323.5606  4034452   11.16%
  29412 22486      359.2326    46      364.2195      323.5607  4045748   11.16%
  29479 22545      325.7406    82      364.2195      323.5613  4053426   11.16%
Elapsed time = 2047.95 sec. (1703063.86 ticks, tree = 59.50 MB, solutions = 10)
  29552 22612      356.3621    60      364.2195      323.5619  4066413   11.16%
  29652 22696      323.8268   117      364.2195      323.5636  4077667   11.16%
  29763 22794      325.8709    81      364.2195      323.5641  4089633   11.16%
  29855 22877      335.5585    71      364.2195      323.5646  4100749   11.16%
  29941 22948      324.0368   106      364.2195      323.5649  4110360   11.16%
  30024 23007      324.7247   124      364.2195      323.5650  4122212   11.16%
  30119 23088      326.4297    98      364.2195      323.5654  4133610   11.16%
  30209 23167      331.6813    89      364.2195      323.5659  4146219   11.16%
  30306 23248      324.5077   106      364.2195      323.5662  4157789   11.16%
  30396 23328      341.7781    88      364.2195      323.5666  4169233   11.16%
Elapsed time = 2093.32 sec. (1741786.26 ticks, tree = 61.44 MB, solutions = 10)
  30509 23427      323.9503   126      364.2195      323.5674  4178902   11.16%
  30594 23495      347.4569    71      364.2195      323.5680  4191796   11.16%
  30703 23584      329.6558   101      364.2195      323.5696  4203402   11.16%
  30797 23670      325.5678   114      364.2195      323.5699  4215802   11.16%
  30872 23727        cutoff            364.2195      323.5704  4227600   11.16%
  30945 23790      335.6156    72      364.2195      323.5712  4239830   11.16%
  31042 23860      324.3748    92      364.2195      323.5722  4253052   11.16%
  31134 23941      329.7335    95      364.2195      323.5730  4264473   11.16%
  31253 24044      325.5293   104      364.2195      323.5736  4275681   11.16%
  31355 24125      323.8090   116      364.2195      323.5743  4288112   11.16%
Elapsed time = 2139.02 sec. (1780503.66 ticks, tree = 63.41 MB, solutions = 10)
  31424 24182      335.5085    87      364.2195      323.5746  4301157   11.16%
  31479 24233      351.5925    60      364.2195      323.5748  4307365   11.16%
  31578 24316      336.7175    69      364.2195      323.5753  4319020   11.16%
  31682 24402      330.9606    73      364.2195      323.5771  4331282   11.16%
  31788 24487      329.0264    82      364.2195      323.5778  4342993   11.16%
  31861 24549      330.1468    84      364.2195      323.5781  4354510   11.16%
  31945 24623      334.2502    89      364.2195      323.5784  4366288   11.16%
  32029 24695      332.8497    66      364.2195      323.5785  4377724   11.16%
  32141 24795      326.6412    99      364.2195      323.5796  4388941   11.16%
  32230 24871      325.8938    84      364.2195      323.5803  4400761   11.16%
Elapsed time = 2183.58 sec. (1819972.18 ticks, tree = 65.27 MB, solutions = 10)
  32329 24954      332.5493    84      364.2195      323.5814  4410899   11.16%
  32426 25041      354.1770    46      364.2195      323.5819  4423166   11.16%
  32479 25082      338.8861    68      364.2195      323.5829  4428899   11.16%
  32565 25158      358.9730    63      364.2195      323.5834  4440590   11.16%
  32699 25259      330.0610    77      364.2195      323.5839  4451288   11.16%
  32807 25348      323.6434    97      364.2195      323.5849  4462501   11.16%
  32915 25440      326.5197    79      364.2195      323.5852  4474672   11.16%
  32998 25505      324.8687    80      364.2195      323.5855  4486237   11.16%
  33077 25577      336.5569    87      364.2195      323.5863  4496932   11.16%
  33158 25646      353.6047    73      364.2195      323.5872  4506737   11.16%
Elapsed time = 2229.38 sec. (1860350.64 ticks, tree = 67.56 MB, solutions = 10)
  33282 25750      329.4082    79      364.2195      323.5878  4517425   11.16%
  33383 25833      325.7606    86      364.2195      323.5893  4529634   11.16%
  33469 25907      325.3080   133      364.2195      323.5898  4541204   11.16%
  33479 25917      327.7810    85      364.2195      323.5898  4542518   11.16%
  33548 25973      350.8837    84      364.2195      323.5899  4555383   11.16%
  33620 26033      327.4173   101      364.2195      323.5901  4567127   11.16%
  33702 26101      340.5638   137      364.2195      323.5915  4579661   11.15%
  33778 26157      339.0741    85      364.2195      323.5918  4592588   11.15%
  33881 26242      323.8365   108      364.2195      323.5923  4603739   11.15%
  34003 26352      324.8320    96      364.2195      323.5924  4614378   11.15%
Elapsed time = 2280.70 sec. (1899976.95 ticks, tree = 69.31 MB, solutions = 10)
  34065 26403      327.9979    78      364.2195      323.5936  4626852   11.15%
  34161 26482      325.7494   126      364.2195      323.5936  4638957   11.15%
  34253 26565      327.9367    94      364.2195      323.5939  4651057   11.15%
  34360 26657      323.8544   129      364.2195      323.5945  4663296   11.15%
  34475 26760      325.6774    97      364.2195      323.5954  4674316   11.15%
  34479 26764      327.2575    90      364.2195      323.5954  4675558   11.15%
  34539 26816      329.8699   106      364.2195      323.5956  4688054   11.15%
  34643 26909      326.5403   100      364.2195      323.5964  4700123   11.15%
  34723 26981      328.6053    89      364.2195      323.5964  4712473   11.15%
  34815 27051        cutoff            364.2195      323.5966  4724187   11.15%
Elapsed time = 2322.64 sec. (1938474.27 ticks, tree = 71.05 MB, solutions = 10)
  34921 27141      324.9408    92      364.2195      323.5976  4735417   11.15%
  35029 27231      332.6866   105      364.2195      323.5987  4746069   11.15%
  35122 27301      331.8223    89      364.2195      323.5990  4758104   11.15%
  35225 27388      323.9626    94      364.2195      323.5998  4770514   11.15%
  35347 27494      360.4632    29      364.2195      323.5998  4781631   11.15%
  35445 27574      348.9682    67      364.2195      323.6005  4794293   11.15%
  35479 27604      346.1488    77      364.2195      323.6008  4799008   11.15%
  35535 27647      354.9892   101      364.2195      323.6010  4812117   11.15%
  35647 27743      325.2704   120      364.2195      323.6021  4823615   11.15%
  35707 27787      327.6971    90      364.2195      323.6030  4835877   11.15%
Elapsed time = 2368.98 sec. (1978305.28 ticks, tree = 72.87 MB, solutions = 10)
  35807 27869      333.0255    80      364.2195      323.6033  4847167   11.15%
  35903 27947      327.5162    83      364.2195      323.6039  4859070   11.15%
  36006 28030      336.4025    89      364.2195      323.6050  4870083   11.15%
  36122 28131      361.3285    54      364.2195      323.6057  4882062   11.15%
  36216 28209      351.5717    67      364.2195      323.6061  4893050   11.15%
  36300 28285      351.6628    72      364.2195      323.6065  4905602   11.15%
  36409 28367      343.0155    65      364.2195      323.6082  4917105   11.15%
  36492 28432      325.9404   112      364.2195      323.6093  4928046   11.15%
  36575 28499      330.5206    91      364.2195      323.6095  4940183   11.15%
  36679 28578      324.7190    91      364.2195      323.6102  4952895   11.15%
Elapsed time = 2416.47 sec. (2017785.78 ticks, tree = 74.96 MB, solutions = 10)
  36799 28682      335.5915   105      364.2195      323.6109  4963525   11.15%
  36878 28748      324.1569   138      364.2195      323.6112  4976228   11.15%
  36984 28843      330.1440    74      364.2195      323.6116  4987949   11.15%
  37093 28934      336.0371   103      364.2195      323.6123  4999660   11.15%
  37184 29015      339.9031    83      364.2195      323.6128  5012310   11.15%
  37282 29095      326.0433    98      364.2195      323.6134  5023337   11.15%
  37412 29209      324.1297   103      364.2195      323.6138  5032789   11.15%
  37479 29270      340.1824    68      364.2195      323.6138  5041863   11.15%
  37596 29364      325.1485    83      364.2195      323.6141  5056102   11.15%
  37658 29420      325.2176   102      364.2195      323.6148  5067284   11.15%
Elapsed time = 2462.14 sec. (2057805.80 ticks, tree = 77.04 MB, solutions = 10)
  37757 29509      356.9191    37      364.2195      323.6148  5079529   11.15%
  37860 29599      323.6148   104      364.2195      323.6152  5091441   11.15%
  37942 29671      345.6872    87      364.2195      323.6163  5102233   11.15%
  38034 29740      324.4939   118      364.2195      323.6165  5114638   11.15%
  38152 29833        cutoff            364.2195      323.6173  5124737   11.15%
  38257 29920      333.3531    81      364.2195      323.6178  5136719   11.15%
  38329 29979      334.0200    84      364.2195      323.6181  5149928   11.15%
  38419 30049      323.6304   144      364.2195      323.6184  5161865   11.15%
  38543 30160      324.7423   120      364.2195      323.6190  5172124   11.15%
  38629 30236      326.9829    85      364.2195      323.6194  5184755   11.15%
Elapsed time = 2508.19 sec. (2096541.29 ticks, tree = 79.06 MB, solutions = 10)
  38731 30315      324.8000   135      364.2195      323.6195  5196449   11.15%
  38844 30408      347.9458    75      364.2195      323.6204  5208228   11.15%
  38965 30503      324.1309   118      364.2195      323.6206  5218972   11.15%
  39055 30580      327.1328    80      364.2195      323.6207  5230846   11.15%
  39122 30634        cutoff            364.2195      323.6207  5244282   11.15%
  39196 30694      336.0766    72      364.2195      323.6214  5256487   11.15%
  39304 30790      323.7087    95      364.2195      323.6216  5267530   11.15%
  39390 30861      323.6329   107      364.2195      323.6223  5278304   11.15%
  39479 30932      327.8364    93      364.2195      323.6235  5288388   11.15%
  39559 30998      327.3635    75      364.2195      323.6244  5300629   11.15%
Elapsed time = 2561.60 sec. (2140362.19 ticks, tree = 80.96 MB, solutions = 10)
  39629 31054      327.1840    96      364.2195      323.6251  5313362   11.15%
  39732 31138      334.2971    81      364.2195      323.6258  5325788   11.15%
  39809 31201      334.5110    66      364.2195      323.6264  5338968   11.15%
  39914 31284      324.8515   114      364.2195      323.6273  5351545   11.14%
  39956 31322      329.2660   108      364.2195      323.6278  5363795   11.14%
  40025 31381      323.9193   117      364.2195      323.6279  5375509   11.14%
  40132 31473      339.2334    86      364.2195      323.6280  5386010   11.14%
  40215 31542      325.3501   114      364.2195      323.6283  5396651   11.14%
  40311 31630      330.2760    79      364.2195      323.6284  5407735   11.14%
  40397 31706      334.0241    65      364.2195      323.6289  5420314   11.14%
Elapsed time = 2613.08 sec. (2179283.94 ticks, tree = 82.71 MB, solutions = 10)
  40501 31796      335.7067    94      364.2195      323.6294  5429976   11.14%
  40597 31888      351.9880    62      364.2195      323.6296  5441955   11.14%
  40697 31971      347.3051    72      364.2195      323.6301  5453384   11.14%
  40805 32059      338.9053    79      364.2195      323.6302  5465266   11.14%
  40895 32129      332.7969    84      364.2195      323.6302  5477249   11.14%
  40998 32219      324.6757    93      364.2195      323.6309  5488279   11.14%
  41081 32286      327.2720   104      364.2195      323.6315  5500151   11.14%
  41162 32358      352.9020    55      364.2195      323.6316  5514074   11.14%
  41263 32435      352.1569    67      364.2195      323.6318  5524953   11.14%
  41354 32510      351.8057    72      364.2195      323.6323  5536402   11.14%
Elapsed time = 2676.22 sec. (2217877.89 ticks, tree = 84.71 MB, solutions = 10)
  41449 32593      330.2048    95      364.2195      323.6326  5547376   11.14%
  41479 32619      329.0800    85      364.2195      323.6327  5551018   11.14%
  41578 32696      327.5181    73      364.2195      323.6335  5562268   11.14%
  41666 32768      323.7633    82      364.2195      323.6337  5574572   11.14%
  41754 32842      337.4925    64      364.2195      323.6340  5586303   11.14%
  41839 32909      323.7412   137      364.2195      323.6345  5597744   11.14%
  41931 32985      324.0290    74      364.2195      323.6351  5609501   11.14%
  42052 33091      324.8010   107      364.2195      323.6356  5620501   11.14%
  42180 33209      358.3795    61      364.2195      323.6363  5631322   11.14%
  42261 33274      325.9470   116      364.2195      323.6371  5644869   11.14%
Elapsed time = 2728.19 sec. (2257501.22 ticks, tree = 87.99 MB, solutions = 10)
  42358 33359      324.7379   129      364.2195      323.6377  5656352   11.14%
  42413 33409      344.6415    70      364.2195      323.6377  5668774   11.14%
  42479 33466      326.3390    91      364.2195      323.6382  5676981   11.14%
  42579 33547      338.3264    91      364.2195      323.6385  5689461   11.14%
  42623 33581      326.1676   103      364.2195      323.6390  5702520   11.14%
  42719 33662      329.4379    85      364.2195      323.6393  5712892   11.14%
  42827 33747      324.3785   123      364.2195      323.6399  5725007   11.14%
  42921 33827      324.6999   108      364.2195      323.6402  5734914   11.14%
  42992 33890      323.7783   123      364.2195      323.6403  5747970   11.14%
  43083 33970      333.7058    77      364.2195      323.6413  5757745   11.14%
Elapsed time = 2787.06 sec. (2300831.55 ticks, tree = 89.73 MB, solutions = 10)
  43140 34009      323.9346    75      364.2195      323.6417  5771206   11.14%
  43242 34101      337.1592   100      364.2195      323.6421  5782746   11.14%
  43316 34161      340.9119    68      364.2195      323.6427  5795481   11.14%
  43408 34242      358.1813    41      364.2195      323.6435  5807009   11.14%
  43517 34336      354.2248    76      364.2195      323.6438  5817107   11.14%
  43604 34407      348.8483    68      364.2195      323.6441  5829307   11.14%
  43718 34502      323.7053   124      364.2195      323.6448  5840114   11.14%
  43823 34575        cutoff            364.2195      323.6451  5853179   11.14%
  43903 34647      324.8476   101      364.2195      323.6463  5864337   11.14%
  43991 34727      350.1515    63      364.2195      323.6470  5876084   11.14%
Elapsed time = 2838.41 sec. (2339398.21 ticks, tree = 91.61 MB, solutions = 10)
  44079 34798      323.9174   159      364.2195      323.6474  5887234   11.14%
  44169 34869      326.9562    88      364.2195      323.6476  5899246   11.14%
  44247 34924      323.7513   114      364.2195      323.6479  5911176   11.14%
  44329 34992      331.8910    90      364.2195      323.6484  5924260   11.14%
  44388 35036      324.9837   117      364.2195      323.6493  5937279   11.14%
  44470 35105      339.9002    71      364.2195      323.6503  5949646   11.14%
  44550 35162      325.1839   105      364.2195      323.6510  5959211   11.14%
  44620 35222      329.4789    83      364.2195      323.6516  5971809   11.14%
  44718 35306      325.3801   106      364.2195      323.6519  5984316   11.14%
  44785 35359      324.5685   123      364.2195      323.6523  5996096   11.14%
Elapsed time = 2896.31 sec. (2378327.13 ticks, tree = 93.18 MB, solutions = 10)
  44874 35438      345.3693    66      364.2195      323.6534  6007867   11.14%
  44955 35509      352.4439    40      364.2195      323.6541  6020680   11.14%
  45069 35597      327.1368   100      364.2195      323.6550  6030938   11.14%
  45161 35677      343.1040    87      364.2195      323.6551  6044994   11.14%
  45250 35757      354.7897    57      364.2195      323.6553  6056852   11.14%
  45360 35854      341.2201    66      364.2195      323.6564  6068653   11.14%
  45455 35931      327.2067    98      364.2195      323.6577  6080016   11.14%
  45479 35954      357.0342    69      364.2195      323.6577  6082193   11.14%
  45583 36045      324.7229    97      364.2195      323.6580  6093101   11.14%
  45655 36097      331.9686    93      364.2195      323.6584  6108093   11.14%
Elapsed time = 2945.02 sec. (2418040.75 ticks, tree = 95.01 MB, solutions = 10)
  45764 36190      333.3209    89      364.2195      323.6588  6119107   11.14%
  45844 36259      326.3635    94      364.2195      323.6594  6131239   11.14%
  45965 36353      360.8890    50      364.2195      323.6595  6143126   11.14%
  46078 36449      347.7387    65      364.2195      323.6598  6154497   11.14%
  46180 36532      357.4574    42      364.2195      323.6605  6167567   11.14%
  46278 36606      345.3225    86      364.2195      323.6606  6179655   11.14%
  46357 36669      329.9104    89      364.2195      323.6615  6192464   11.14%
  46451 36744      352.5119    78      364.2195      323.6618  6204899   11.14%
  46479 36764      351.6260    68      364.2195      323.6619  6208001   11.14%
  46573 36841      337.8414    75      364.2195      323.6622  6220267   11.14%
Elapsed time = 2995.16 sec. (2456972.12 ticks, tree = 96.99 MB, solutions = 10)
  46679 36919      323.9004   129      364.2195      323.6627  6230175   11.14%
  46787 37014      326.2768   108      364.2195      323.6636  6241723   11.14%
  46878 37093      327.8691    63      364.2195      323.6636  6253262   11.14%
  46977 37184      355.5822    50      364.2195      323.6643  6264294   11.13%
  47088 37278      324.1670   108      364.2195      323.6644  6275314   11.13%
  47184 37355      352.6246    74      364.2195      323.6653  6287659   11.13%
  47294 37450      336.6533    84      364.2195      323.6665  6301878   11.13%
  47365 37506      329.7396    83      364.2195      323.6666  6314514   11.13%
  47420 37552      362.7295    54      364.2195      323.6669  6327183   11.13%
  47479 37599      323.8958   115      364.2195      323.6674  6333350   11.13%
Elapsed time = 3052.54 sec. (2499129.76 ticks, tree = 98.87 MB, solutions = 10)
  47583 37694      323.6690   118      364.2195      323.6677  6344480   11.13%
  47692 37781      326.7770    97      364.2195      323.6679  6355036   11.13%
  47789 37861      324.6058    98      364.2195      323.6683  6367448   11.13%
  47870 37935      359.6461    51      364.2195      323.6684  6380255   11.13%
  47951 37998      326.8251    90      364.2195      323.6689  6389679   11.13%
  48063 38090      361.7084    30      364.2195      323.6698  6400593   11.13%
  48178 38185      324.3876    86      364.2195      323.6706  6411974   11.13%
  48269 38258      329.6708    95      364.2195      323.6713  6424077   11.13%
  48384 38352      324.5259    89      364.2195      323.6717  6436826   11.13%
  48489 38443        cutoff            364.2195      323.6719  6448058   11.13%
Elapsed time = 3102.42 sec. (2537576.29 ticks, tree = 101.09 MB, solutions = 10)
  48581 38527      339.0876    84      364.2195      323.6723  6459731   11.13%
  48679 38614      326.6130   104      364.2195      323.6733  6470124   11.13%
  48788 38705        cutoff            364.2195      323.6742  6482330   11.13%
  48857 38764      335.6490    77      364.2195      323.6745  6495575   11.13%
  48983 38872      332.2340    81      364.2195      323.6750  6507209   11.13%
  49095 38967      364.0859    38      364.2195      323.6752  6518418   11.13%
  49188 39042      329.5714    79      364.2195      323.6759  6530394   11.13%
  49248 39090      327.0493    81      364.2195      323.6760  6542944   11.13%
  49351 39183        cutoff            364.2195      323.6771  6554408   11.13%
  49443 39256      324.0569   121      364.2195      323.6781  6566600   11.13%
Elapsed time = 3161.36 sec. (2576128.66 ticks, tree = 103.10 MB, solutions = 10)
  49515 39314      324.3670   106      364.2195      323.6787  6574411   11.13%
  49599 39382      325.4495   102      364.2195      323.6789  6586653   11.13%
  49694 39454        cutoff            364.2195      323.6793  6599719   11.13%
  49789 39529    infeasible            364.2195      323.6798  6610099   11.13%
  49859 39584      331.8521    87      364.2195      323.6806  6622451   11.13%
  49933 39638      355.2420    68      364.2195      323.6810  6636037   11.13%
  50021 39716      357.2331    61      364.2195      323.6811  6648383   11.13%
  50129 39815      331.4780   111      364.2195      323.6811  6659462   11.13%
  50239 39903      328.4865    70      364.2195      323.6821  6670778   11.13%
  50342 39991      327.6055    82      364.2195      323.6827  6684460   11.13%
Elapsed time = 3216.51 sec. (2614673.83 ticks, tree = 104.92 MB, solutions = 10)
  50454 40076      326.6038    94      364.2195      323.6835  6695519   11.13%
  50556 40155      358.8721    69      364.2195      323.6838  6707436   11.13%
  50627 40213    infeasible            364.2195      323.6839  6719563   11.13%
  50731 40298      342.2696    72      364.2195      323.6842  6731666   11.13%
  50779 40336      327.3051    72      364.2195      323.6845  6740415   11.13%
  50856 40391      325.4423   108      364.2195      323.6845  6753507   11.13%
  50904 40436      326.2823    86      364.2195      323.6848  6757625   11.13%
  51013 40528      332.4491    77      364.2195      323.6850  6769666   11.13%
  51093 40596      324.9552   108      364.2195      323.6854  6779990   11.13%
  51158 40637      324.5598   106      364.2195      323.6857  6793591   11.13%
Elapsed time = 3269.70 sec. (2656960.44 ticks, tree = 106.78 MB, solutions = 10)
  51179 40658      339.9303    89      364.2195      323.6857  6795696   11.13%
  51273 40735      330.0519    85      364.2195      323.6864  6807365   11.13%
  51314 40768      336.3152    85      364.2195      323.6870  6820347   11.13%
  51379 40826      330.4327    87      364.2195      323.6875  6828923   11.13%
  51473 40904      330.2069    91      364.2195      323.6884  6841534   11.13%
  51479 40910      330.5859   104      364.2195      323.6884  6842023   11.13%
  51574 40989      360.0628    55      364.2195      323.6889  6853692   11.13%
  51579 40990      323.7821   117      364.2195      323.6889  6854061   11.13%
  51669 41064      350.8956    67      364.2195      323.6899  6866036   11.13%
* 51679+40724                          363.5610      323.6899            10.97%
  51718 40762      352.5337    70      363.5610      323.6900  6872986   10.97%
Elapsed time = 3333.92 sec. (2711212.62 ticks, tree = 107.22 MB, solutions = 11)
* 51779+40687                          363.2975      323.6903            10.90%
* 51779+40438                          362.8905      323.6903            10.80%
  51779 40440      336.4235    89      362.8905      323.6903  6880419   10.80%
  51869 40518      326.4674   102      362.8905      323.6903  6889692   10.80%
  51879 40528      326.6592    92      362.8905      323.6903  6892606   10.80%
  51964 40599      352.3749    59      362.8905      323.6904  6904354   10.80%
  51979 40610      327.8736    91      362.8905      323.6904  6907330   10.80%
  52070 40679      338.4765   107      362.8905      323.6908  6920995   10.80%
* 52079+40275                          362.1957      323.6908            10.63%
  52079 40277      338.9837    84      362.1957      323.6908  6921627   10.63%
  52179 40357      347.7178    60      362.1957      323.6909  6933178   10.63%
  52279 40435      324.2148   109      362.1957      323.6920  6943776   10.63%
  52353 40499      334.3794    82      362.1957      323.6921  6957331   10.63%
Elapsed time = 3414.21 sec. (2777076.59 ticks, tree = 106.58 MB, solutions = 14)
  52444 40560      325.4796    85      362.1957      323.6923  6968861   10.63%
* 52479+40567                          362.1498      323.6923            10.62%
  52499 40585      332.5783    82      362.1498      323.6924  6976781   10.62%
  52579 40651      327.2193    77      362.1498      323.6927  6984755   10.62%
  52679 40733      323.9702    96      362.1498      323.6934  6993507   10.62%
  52763 40809      327.7060    95      362.1498      323.6938  7006583   10.62%
  52836 40863      332.4821    72      362.1498      323.6940  7019254   10.62%
  52922 40929      351.7095    83      362.1498      323.6945  7030970   10.62%
  52979 40974      327.9753    88      362.1498      323.6947  7039553   10.62%
  53079 41061      339.0539    75      362.1498      323.6951  7052398   10.62%
  53179 41145      354.1924    44      362.1498      323.6954  7060125   10.62%
Elapsed time = 3490.90 sec. (2837256.61 ticks, tree = 108.18 MB, solutions = 15)
  53279 41223      327.1741    94      362.1498      323.6964  7066591   10.62%
  53379 41309      343.3414    55      362.1498      323.6967  7079623   10.62%
  53479 41388      323.8483    94      362.1498      323.6975  7088990   10.62%
  53579 41476      354.8552    60      362.1498      323.6977  7099942   10.62%
  53682 41561      324.0657   110      362.1498      323.6986  7113397   10.62%
  53779 41644      323.9129   136      362.1498      323.6993  7123409   10.62%
  53865 41714      324.4544   103      362.1498      323.6999  7135542   10.62%
* 53879+41725                          362.1458      323.6999            10.62%
* 53879+41167                          361.3416      323.6999            10.42%
* 53879+39809                          359.5595      323.6999             9.97%
  53879 39811      335.9862    80      359.5595      323.6999  7137095    9.97%
* 53979+39390                          358.9239      323.7006             9.81%
* 53979+38858                          358.2622      323.7006             9.65%
  53979 38860      335.9952    72      358.2622      323.7006  7145148    9.65%
  54070 38929      324.5559   110      358.2622      323.7011  7158854    9.65%
Elapsed time = 3585.14 sec. (2907248.56 ticks, tree = 102.61 MB, solutions = 20)
  54079 38938      324.6522   110      358.2622      323.7011  7159200    9.65%
Advanced basis not built.

GUB cover cuts applied:  127
Clique cuts applied:  55
Cover cuts applied:  99
Implied bound cuts applied:  70
Flow cuts applied:  97
Mixed integer rounding cuts applied:  786
Zero-half cuts applied:  19
Gomory fractional cuts applied:  10

Root node processing (before b&c):
  Real time             =    5.10 sec. (4372.24 ticks)
Sequential b&c:
  Real time             = 3594.92 sec. (2914942.90 ticks)
                          ------------
Total (root+branch&cut) = 3600.01 sec. (2919315.14 ticks)
