Version identifier: 22.1.0.0 | 2022-03-09 | 1a383f8ce
CPXPARAM_Read_DataCheck                          1
CPXPARAM_Threads                                 1
CPXPARAM_TimeLimit                               3600
Tried aggregator 2 times.
MIP Presolve eliminated 8428 rows and 321 columns.
MIP Presolve modified 102692 coefficients.
Aggregator did 328 substitutions.
Reduced MIP has 22235 rows, 1571 columns, and 177858 nonzeros.
Reduced MIP has 1162 binaries, 0 generals, 0 SOSs, and 0 indicators.
Presolve time = 0.35 sec. (301.88 ticks)
Probing fixed 3 vars, tightened 6 bounds.
Probing time = 0.07 sec. (65.34 ticks)
Tried aggregator 1 time.
Detecting symmetries...
MIP Presolve eliminated 42 rows and 3 columns.
MIP Presolve modified 184 coefficients.
Reduced MIP has 22193 rows, 1568 columns, and 177569 nonzeros.
Reduced MIP has 1159 binaries, 0 generals, 0 SOSs, and 0 indicators.
Presolve time = 0.11 sec. (78.43 ticks)
Probing time = 0.01 sec. (8.37 ticks)
Clique table members: 4274.
MIP emphasis: balance optimality and feasibility.
MIP search method: dynamic search.
Parallel mode: none, using 1 thread.
Root relaxation solution time = 0.08 sec. (96.57 ticks)

        Nodes                                         Cuts/
   Node  Left     Objective  IInf  Best Integer    Best Bound    ItCnt     Gap

      0     0      206.4792   241                    206.4792      576         
      0     0      206.4792   108                   Cuts: 929     1420         
      0     0      206.4792   114                  Cuts: 1015     2130         
      0     0      206.4792   110                   Cuts: 214     2607         
      0     0      206.4792    97                  Cuts: 1127     3357         
      0     0      206.4800   160                   Cuts: 709     4647         
Detecting symmetries...
Detecting symmetries...
      0     2      206.4800   160                    206.4800     4647         
Elapsed time = 10.82 sec. (11936.49 ticks, tree = 0.01 MB, solutions = 0)
      2     4      206.5201   104                    206.4802     5321         
      3     5      214.2135   101                    206.4802     6243         
      7     9      206.5201   103                    206.4802     7257         
      9    11      206.5201    97                    206.4802     8341         
     10    12      209.4024    89                    206.4802     9027         
     13    15      223.5330    98                    206.4802    10544         
     15    17      214.5002   101                    206.4802    11511         
     17    19      215.5643   114                    206.4802    12527         
     19    21      217.7349   100                    206.4802    13764         
     29    31      206.5229   112                    206.4802    17601         
Elapsed time = 14.78 sec. (16590.22 ticks, tree = 0.10 MB, solutions = 0)
     37    39      216.4497   112                    206.4802    26073         
     46    48      214.2280   102                    206.4802    29755         
     52    54      206.5201    88                    206.4802    32585         
     59    61      227.1390   129                    206.4802    36078         
     60    62      216.8993    96                    206.4802    36745         
     62    64      206.5201    77                    206.4802    38538         
     64    66      206.5201    79                    206.4802    40126         
     69    71      224.3954   111                    206.4802    43022         
     78    80      206.5202    86                    206.4802    46157         
     90    90      213.2102    94                    206.4802    49404         
Elapsed time = 27.53 sec. (30533.32 ticks, tree = 1.39 MB, solutions = 0)
     99    97      211.0459    74                    206.4802    51960         
    101    97    infeasible                          206.4802    54486         
    108   102      211.9638    87                    206.4802    58278         
    110   104      253.2042   121                    206.4802    63683         
    113   107      206.5220    79                    206.4802    66004         
    115   109      206.5220    79                    206.4802    68430         
    116   110      224.0888    88                    206.4802    71378         
    118   112      211.0904   109                    206.4802    75491         
    123   117      209.1188    94                    206.4802    77973         
    133   125    infeasible                          206.4802    81905         
Elapsed time = 39.13 sec. (43647.23 ticks, tree = 2.59 MB, solutions = 0)
    144   134      209.3658    80                    206.4802    85828         
    152   140      208.4935    71                    206.4802    89299         
    159   145      212.1282   102                    206.4802    93049         
    160   146      206.5220    75                    206.4802    93050         
    165   149      207.6012    85                    206.4802    96275         
    175   159      206.5220    83                    206.4802    99924         
    182   164      208.4614    98                    206.4802   103162         
    201   183      206.8984   109                    206.4802   107472         
    211   193      210.6724    73                    206.4802   111721         
    225   207      210.7512    85                    206.4802   115906         
Elapsed time = 50.16 sec. (57111.65 ticks, tree = 2.87 MB, solutions = 0)
    240   222      226.3255    63                    206.4802   120014         
    260   242      218.8342    73                    206.4802   123879         
    289   269      225.6916    70                    206.4802   127373         
    308   288      211.0775    59                    206.4802   131131         
    320   298      217.4008    70                    206.4802   135468         
    340   316      215.2809    83                    206.4802   139380         
    358   334      238.2100    75                    206.4802   143475         
    363   339      211.4099    58                    206.4802   145163         
    374   350      211.9881    56                    206.4802   149156         
    388   364      213.9104    65                    206.4802   152883         
Elapsed time = 58.21 sec. (67723.73 ticks, tree = 3.43 MB, solutions = 0)
    409   385      227.4909    65                    206.4802   157422         
    434   406      225.5595    59                    206.4802   161531         
    444   414      226.4680    56                    206.4802   164521         
    459   429      219.1431    60                    206.4802   167743         
    480   448      219.7937    32                    206.4802   171154         
    498   462      236.7616    28                    206.4802   174006         
    514   468      206.4840   104                    206.4840   175408         
    520   474      206.4847   102                    206.4847   177105         
    531   483      224.9165   102                    206.4851   180757         
    544   496      206.7781    94                    206.4851   184273         
Elapsed time = 67.28 sec. (78674.14 ticks, tree = 3.88 MB, solutions = 0)
    554   506      206.7781    92                    206.4851   187479         
    558   510      209.9969   105                    206.4851   190599         
    560   512      206.7781    89                    206.4851   190648         
    567   519      206.7781    87                    206.4851   193837         
    572   522      209.0628    82                    206.4851   199977         
    584   532    infeasible                          206.4851   203086         
    596   542    infeasible                          206.4851   206489         
    608   554      222.2746   103                    206.4851   210725         
    614   560      211.3691    85                    206.4851   215873         
    628   574      206.7871   120                    206.4851   218675         
Elapsed time = 78.72 sec. (92002.53 ticks, tree = 4.17 MB, solutions = 0)
    638   584      232.5397   130                    206.4851   223130         
    647   593      207.8651    75                    206.4851   224435         
    656   602      216.2643    92                    206.4851   228569         
    668   613      210.1356    71                    206.4851   232598         
    677   622      208.8342    69                    206.4851   236214         
    690   635      230.6550    71                    206.4851   238222         
    709   652      237.8817    60                    206.4851   242177         
    714   657      215.7961    51                    206.4851   245929         
    720   663      230.8168    63                    206.4851   248487         
    734   677      229.7982    56                    206.4851   252298         
Elapsed time = 87.87 sec. (103081.95 ticks, tree = 4.53 MB, solutions = 0)
    752   695      223.8579    48                    206.4851   255749         
    760   703      215.8314    43                    206.4851   257651         
    772   715      223.5902    65                    206.4851   261184         
    783   726      215.8846    52                    206.4851   265003         
    799   736      221.4117    39                    206.4851   268365         
    807   744      215.9249    39                    206.4851   270866         
    819   756      224.6399    49                    206.4851   274227         
    834   767      232.3378    59                    206.4851   278349         
    850   783      217.2767    31                    206.4851   281634         
    861   790      241.9109    22                    206.4851   284846         
Elapsed time = 96.16 sec. (113805.29 ticks, tree = 4.93 MB, solutions = 0)
    875   796      206.4869    85                    206.4869   286708         
    880   801      206.4885    89                    206.4885   287482         
    897   818      218.3504    79                    206.4885   291383         
    909   830      224.9771    90                    206.4885   294918         
    921   842      271.4602   146                    206.4885   298948         
    945   866      207.5301    63                    206.4885   303395         
    961   882      207.5301    57                    206.4885   307282         
    983   904      212.4992    79                    206.4885   312344         
   1004   925      213.7788   100                    206.4885   316802         

Performing restart 1

Repeating presolve.
Tried aggregator 1 time.
MIP Presolve eliminated 17 rows and 1 columns.
Reduced MIP has 22176 rows, 1567 columns, and 177456 nonzeros.
Reduced MIP has 1158 binaries, 0 generals, 0 SOSs, and 0 indicators.
Presolve time = 0.06 sec. (58.57 ticks)
Tried aggregator 1 time.
MIP Presolve eliminated 1 rows and 0 columns.
MIP Presolve modified 86 coefficients.
Reduced MIP has 22175 rows, 1567 columns, and 177453 nonzeros.
Reduced MIP has 1158 binaries, 0 generals, 0 SOSs, and 0 indicators.
Presolve time = 0.10 sec. (76.71 ticks)
Represolve time = 0.36 sec. (312.68 ticks)
   1020     0      206.4910   180                  Cuts: 2815   321850         
   1020     0      206.4942   179                  Cuts: 1493   322926         
   1020     0      206.4953   164                  Cuts: 1790   323593         
   1020     0      206.4995   122                  Cuts: 2258   324229         
   1020     0      206.5029   200                   Cuts: 754   325219         
   1020     0      206.5047   164                  Cuts: 3216   325813         
   1020     0      206.5056   233                  Cuts: 1288   326722         
   1020     0      206.5060   257                  Cuts: 2233   327789         
   1020     0      206.5075   213                  Cuts: 2321   328699         
   1020     0      206.5082   194                  Cuts: 2591   329412         
   1020     0      206.5100   198                  Cuts: 3228   330141         
   1020     0      206.5114   175                  Cuts: 3004   330599         
   1020     0      206.5115   192                  Cuts: 2781   331027         
   1020     0      206.5118   157                  Cuts: 2361   331573         
   1020     0      206.5125   138                  Cuts: 1726   332621         
   1020     0      206.5144   246                  Cuts: 1719   333545         
   1020     0      206.5152   247                  Cuts: 2589   333929         
   1020     2      206.5152   248                    206.5153   333929         
Elapsed time = 141.58 sec. (158298.97 ticks, tree = 0.01 MB, solutions = 0)
   1022     4      206.5153   242                    206.5153   333932         
   1024     6      220.3413    92                    206.5153   341684         
   1030    12      206.5153   231                    206.5153   341704         
   1035    17      212.9922   112                    206.5155   347558         
   1040    22      206.5156   184                    206.5156   349446         
   1044    25      209.0234    89                    206.5157   352350         
   1049    30      209.0234    86                    206.5157   354507         
   1058    39      209.0234    72                    206.5157   357169         
   1063    44      217.0035    89                    206.5157   359155         
   1120   101      209.6736    78                    206.5157   361111         
Elapsed time = 180.71 sec. (204777.69 ticks, tree = 10.91 MB, solutions = 0)
   1180   161      209.7489    59                    206.5157   363603         
   1241   222      212.2912    46                    206.5157   365399         
   1340   307      235.0991     8                    206.5157   368177         
   1367   330      207.5017    71                    206.5157   372801         
   1392   355      209.6459    99                    206.5157   377163         
   1439   402      209.9917    64                    206.5157   382176         
   1511   465      206.6521    78                    206.5164   388573         
   1542   496      207.2491   118                    206.5164   392186         
   1587   541      221.4007    56                    206.5164   397410         
   1635   581      210.5312    72                    206.5165   402529         
Elapsed time = 218.87 sec. (247834.15 ticks, tree = 98.75 MB, solutions = 0)
   1673   619      211.8632    55                    206.5165   408234         
   1739   675    infeasible                          206.5165   413105         
   1776   704      211.7904    95                    206.5182   417211         
   1803   731      213.1174    77                    206.5182   420005         
   1827   755      217.2903    68                    206.5182   424029         
   1857   785      219.2764    51                    206.5182   428033         
   1934   858      235.8646    34                    206.5182   431707         
   1995   907      214.6021    92                    206.5183   435802         
   1999   911      215.2444    98                    206.5183   441464         
   2001   913      211.2771    89                    206.5183   446805         
Elapsed time = 253.51 sec. (288606.42 ticks, tree = 159.36 MB, solutions = 0)
   2016   928      214.8092    66                    206.5183   451625         
*  2040   950      integral     0      285.8970      206.5183   455990   27.76%
   2040   952      212.9884    66      285.8970      206.5183   455990   27.76%
   2061   973      213.6996    45      285.8970      206.5183   460681   27.76%
   2143  1055      224.1301    38      285.8970      206.5183   465553   27.76%
*  2150+ 1060                          283.0919      206.5183            27.05%
*  2150+ 1060                          278.1207      206.5183            25.75%
*  2150+ 1060                          276.1872      206.5183            25.23%
*  2150+ 1060                          273.3907      206.5183            24.46%
*  2150+ 1060                          267.6356      206.5183            22.84%
*  2150+ 1060                          265.3460      206.5183            22.17%
*  2150+ 1060                          261.7784      206.5183            21.11%
   2150  1062      225.0391    32      261.7784      206.5183   465916   21.11%
   2151  1063      207.5086    84      261.7784      206.5185   471906   21.11%
   2175  1087      210.9543    77      261.7784      206.5187   476504   21.11%
   2224  1133      228.7456    36      261.7784      206.5187   481260   21.11%
   2239  1138      207.4336    86      261.7784      206.5202   485656   21.11%
   2245  1144      208.1930    62      261.7784      206.5202   490393   21.11%
Elapsed time = 348.93 sec. (397359.16 ticks, tree = 195.69 MB, solutions = 8)
   2261  1160      209.2238    60      261.7784      206.5202   495723   21.11%
   2285  1184      213.3914    58      261.7784      206.5202   500738   21.11%
   2340  1235      221.7484    48      261.7784      206.5202   505218   21.11%
   2445  1314      207.8597    97      261.7784      206.5202   508787   21.11%
   2491  1360      218.3398    68      261.7784      206.5202   512459   21.11%
   2527  1392      220.7150    76      261.7784      206.5204   517752   21.11%
   2580  1433        cutoff            261.7784      206.5204   522196   21.11%
   2667  1506      207.8597    90      261.7784      206.5206   527110   21.11%
   2708  1547      221.5288    67      261.7784      206.5206   531955   21.11%
   2760  1595      210.1050    72      261.7784      206.5206   536816   21.11%
Elapsed time = 383.68 sec. (437306.73 ticks, tree = 263.23 MB, solutions = 8)
   2808  1637      206.7194   150      261.7784      206.5208   542019   21.11%
   2844  1672      212.8894    80      261.7784      206.5208   547214   21.11%
   2881  1707      211.4528    64      261.7784      206.5208   552474   21.11%
   2935  1761      224.6096    49      261.7784      206.5208   556798   21.11%
   3082  1871      206.5649   108      261.7784      206.5229   560020   21.11%
   3130  1919      231.3456    45      261.7784      206.5229   564358   21.11%
   3207  1991      206.6063   113      261.7784      206.5233   567696   21.11%
   3344  2111      208.5764    85      261.7784      206.5236   572412   21.11%
   3398  2165      255.3364    58      261.7784      206.5236   576557   21.11%
   3419  2181      207.5017    87      261.7784      206.5239   580218   21.11%
Elapsed time = 418.21 sec. (477667.74 ticks, tree = 320.40 MB, solutions = 8)
   3420  2182      207.5017    77      261.7784      206.5239   580665   21.11%
   3460  2221      220.8437    53      261.7784      206.5239   584391   21.11%

Performing restart 2

Repeating presolve.
Tried aggregator 1 time.
MIP Presolve eliminated 7 rows and 0 columns.
MIP Presolve modified 59 coefficients.
Reduced MIP has 22168 rows, 1567 columns, and 184345 nonzeros.
Reduced MIP has 1158 binaries, 0 generals, 0 SOSs, and 0 indicators.
Presolve time = 0.12 sec. (102.98 ticks)
Tried aggregator 1 time.
Reduced MIP has 22168 rows, 1567 columns, and 184345 nonzeros.
Reduced MIP has 1158 binaries, 0 generals, 0 SOSs, and 0 indicators.
Presolve time = 0.12 sec. (80.48 ticks)
Represolve time = 0.57 sec. (387.87 ticks)
   3500     0      206.5154   219      261.7784    Cuts: 4609   590889   21.11%
   3500     0      206.5155   240      261.7784    Cuts: 2062   591203   21.11%
   3500     0      206.5155   264      261.7784    Cuts: 2835   591498   21.11%
   3500     0      206.5156   242      261.7784    Cuts: 3741   591793   21.11%
   3500     0      206.5162   246      261.7784    Cuts: 1356   592211   21.11%
   3500     0      206.5166   225      261.7784    Cuts: 1343   592874   21.11%
   3500     0      206.5167   240      261.7784    Cuts: 1329   593158   21.11%
   3500     0      206.5167   221      261.7784     Cuts: 826   593855   21.11%
   3500     0      206.5167   231      261.7784    Cuts: 1790   594514   21.11%
   3500     2      206.5167   232      261.7784      206.5239   594514   21.11%
   3502     4      206.5168   228      261.7784      206.5239   594554   21.11%
   3505     7      211.2559   102      261.7784      206.5239   597832   21.11%
   3510    12      211.2559   106      261.7784      206.5239   599539   21.11%
   3517    19      213.8609   101      261.7784      206.5239   601504   21.11%
   3523    25      216.0259   106      261.7784      206.5239   603314   21.11%
   3530    32      211.2559    84      261.7784      206.5239   606299   21.11%
   3538    40      211.2559    73      261.7784      206.5239   608461   21.11%
Elapsed time = 468.45 sec. (536118.54 ticks, tree = 0.31 MB, solutions = 8)
   3544    46      211.2618    97      261.7784      206.5239   611184   21.11%
   3550    52      212.1379    74      261.7784      206.5239   613410   21.11%
   3559    61      211.6945    61      261.7784      206.5239   614938   21.11%
   3565    67      211.6945    59      261.7784      206.5239   616589   21.11%
   3571    73      211.6945    56      261.7784      206.5239   618389   21.11%
   3577    79      214.4125    69      261.7784      206.5239   620499   21.11%
   3584    86      211.6986    72      261.7784      206.5239   622288   21.11%
   3592    94      211.6989    64      261.7784      206.5239   623791   21.11%
   3603   105      212.0460    76      261.7784      206.5239   627431   21.11%
   3611   113      212.7578    68      261.7784      206.5239   631648   21.11%
Elapsed time = 496.96 sec. (576985.87 ticks, tree = 0.55 MB, solutions = 8)
   3620   122      212.8078    53      261.7784      206.5239   633311   21.11%
   3640   142      213.6724    58      261.7784      206.5239   636464   21.11%
   3674   166      206.5168   239      261.7784      206.5239   639415   21.11%
   3678   170      209.2921   100      261.7784      206.5239   643920   21.11%
   3683   175      209.2921   109      261.7784      206.5239   645791   21.11%
   3690   182      209.2921   108      261.7784      206.5239   646691   21.11%
   3696   188      209.2921    91      261.7784      206.5239   649082   21.11%
   3700   192      210.2599    84      261.7784      206.5239   654424   21.11%
   3705   197      210.2599    85      261.7784      206.5239   656693   21.11%
   3714   206      212.2627    80      261.7784      206.5239   658703   21.11%
Elapsed time = 526.72 sec. (618718.14 ticks, tree = 0.87 MB, solutions = 8)
   3722   214      210.2599    64      261.7784      206.5239   661663   21.11%
   3731   223      210.2599    56      261.7784      206.5239   665873   21.11%
   3743   235      210.2670    65      261.7784      206.5239   669353   21.11%
   3759   251      210.7053    66      261.7784      206.5239   674977   21.11%
   3777   269      211.1156    59      261.7784      206.5239   679268   21.11%
   3798   290      211.3782    55      261.7784      206.5239   683067   21.11%
   3822   312      212.7720    49      261.7784      206.5239   688883   21.11%
   3841   331      215.2096    44      261.7784      206.5239   694658   21.11%
   3887   371      206.5169   208      261.7784      206.5239   699034   21.11%
   3895   379      206.5179   168      261.7784      206.5239   699659   21.11%
Elapsed time = 559.49 sec. (660072.54 ticks, tree = 1.46 MB, solutions = 8)
   3902   386      207.4743    94      261.7784      206.5239   703244   21.11%
   3909   393      207.4743    78      261.7784      206.5239   706225   21.11%
   3914   398      207.8747    86      261.7784      206.5239   710103   21.11%
   3921   405      209.0730    72      261.7784      206.5239   713499   21.11%
   3928   412      209.5691    61      261.7784      206.5239   717531   21.11%
   3946   430      211.6027    67      261.7784      206.5239   720242   21.11%
   3980   461      216.2317    55      261.7784      206.5239   723435   21.11%
   4011   487      206.5198   156      261.7784      206.5239   727592   21.11%
   4023   499      206.5302   176      261.7784      206.5239   728966   21.11%
   4058   534      212.2740    79      261.7784      206.5239   731447   21.11%
Elapsed time = 594.69 sec. (701962.16 ticks, tree = 2.00 MB, solutions = 8)
   4083   559      222.6127    55      261.7784      206.5239   736368   21.11%
   4122   594      207.2572   114      261.7784      206.5239   740725   21.11%
   4128   600      208.6420    95      261.7784      206.5239   744640   21.11%
   4134   606      228.6802   109      261.7784      206.5239   751222   21.11%
   4140   612      207.1086    99      261.7784      206.5239   757608   21.11%
   4157   629      207.1092    87      261.7784      206.5239   760475   21.11%
   4170   642      211.6478    78      261.7784      206.5239   764732   21.11%
   4186   658      209.5281    73      261.7784      206.5239   770731   21.11%
   4207   679      212.8830    66      261.7784      206.5239   775865   21.11%
   4233   704      223.7124    57      261.7784      206.5239   783271   21.11%
Elapsed time = 627.36 sec. (743439.43 ticks, tree = 2.58 MB, solutions = 8)
   4267   738      224.3962    39      261.7784      206.5239   788200   21.11%
   4340   798      206.5820   104      261.7784      206.5239   794680   21.11%
   4350   808      206.6554   102      261.7784      206.5239   797245   21.11%
   4356   814      207.3331    94      261.7784      206.5239   800161   21.11%
   4365   823      207.3331    80      261.7784      206.5239   804906   21.11%
   4382   840      224.9119    73      261.7784      206.5239   808259   21.11%
   4414   863      217.7118   131      261.7784      206.5239   814298   21.11%
   4443   892      219.4631    94      261.7784      206.5239   815994   21.11%
   4476   925      238.1779    60      261.7784      206.5239   820358   21.11%
   4488   931      219.8537    99      261.7784      206.5239   824236   21.11%
Elapsed time = 663.47 sec. (788376.80 ticks, tree = 3.35 MB, solutions = 8)
   4500   943      223.1685    77      261.7784      206.5239   824836   21.11%
   4548   991      230.8467    63      261.7784      206.5239   828431   21.11%
   4597  1036      227.8092   109      261.7784      206.5239   836058   21.11%
   4606  1045      247.3558    92      261.7784      206.5239   838570   21.11%
   4642  1079      261.3484    38      261.7784      206.5239   842126   21.11%
   4666  1096      214.8571   117      261.7784      206.5239   846514   21.11%
   4674  1104      214.8584   107      261.7784      206.5239   849278   21.11%
   4686  1115      256.9024    96      261.7784      206.5239   853042   21.11%
   4754  1171      258.8769    21      261.7784      206.5239   857054   21.11%
   4810  1216      206.5674   129      261.7784      206.5239   860207   21.11%
Elapsed time = 701.36 sec. (834608.94 ticks, tree = 4.36 MB, solutions = 8)
   4815  1221      206.6453    87      261.7784      206.5239   865229   21.11%
   4823  1229      207.2952    87      261.7784      206.5239   871337   21.11%
   4837  1243      216.3724    92      261.7784      206.5239   875707   21.11%
   4856  1262      216.3724    55      261.7784      206.5239   881091   21.11%
   4879  1285      221.3614    75      261.7784      206.5239   885716   21.11%
   4926  1322      229.9053   114      261.7784      206.5239   894807   21.11%
   4945  1341      252.1870    94      261.7784      206.5239   898673   21.11%
   4984  1375      260.2339    40      261.7784      206.5239   904656   21.11%
   5006  1392      208.7367   107      261.7784      206.5239   909396   21.11%
   5013  1399      208.7712   118      261.7784      206.5239   916281   21.11%
Elapsed time = 789.93 sec. (878460.48 ticks, tree = 4.98 MB, solutions = 8)
   5042  1428      210.6534    81      261.7784      206.5239   920214   21.11%
   5092  1478      211.0976    72      261.7784      206.5239   923789   21.11%
   5144  1523      206.5332   156      261.7784      206.5248   927256   21.11%
   5173  1552      207.4400    68      261.7784      206.5248   933995   21.11%
   5214  1593      208.6572    62      261.7784      206.5248   940693   21.11%
   5254  1627      206.9243   107      261.7784      206.5254   948628   21.11%
   5275  1648      208.7232    85      261.7784      206.5254   956135   21.11%
   5295  1668      211.2189    53      261.7784      206.5254   965339   21.11%
   5345  1718      219.7034    44      261.7784      206.5254   974889   21.11%
   5405  1774      206.5359   148      261.7784      206.5259   981853   21.11%
Elapsed time = 841.29 sec. (918056.00 ticks, tree = 6.25 MB, solutions = 8)
   5451  1820      207.1505    66      261.7784      206.5259   987202   21.11%
   5519  1884      207.2472    83      261.7784      206.5267   995277   21.11%
   5523  1888      209.5448    88      261.7784      206.5267  1002466   21.11%
   5527  1892      210.4268    96      261.7784      206.5267  1009419   21.11%
   5548  1913      210.7892    97      261.7784      206.5267  1013648   21.11%
   5580  1945      237.9202    72      261.7784      206.5267  1020719   21.11%
   5618  1971      207.7685    96      261.7784      206.5280  1026693   21.11%
   5640  1993      220.7741    75      261.7784      206.5280  1033861   21.11%
   5738  2077      208.7467   106      261.7784      206.5282  1042980   21.11%
   5758  2097      208.7816    76      261.7784      206.5282  1048692   21.11%
Elapsed time = 888.53 sec. (964949.24 ticks, tree = 7.44 MB, solutions = 8)
   5800  2139      211.0991    68      261.7784      206.5282  1055717   21.11%
   5855  2188      208.3872    91      261.7784      206.5289  1062064   21.11%
   5861  2194      226.4105    87      261.7784      206.5289  1069696   21.11%
   5868  2201      218.1388   121      261.7784      206.5289  1078924   21.11%
   5894  2227      218.7549   111      261.7784      206.5289  1086963   21.11%
   5918  2251      220.8427    82      261.7784      206.5289  1094649   21.11%
   5961  2294      224.4577    55      261.7784      206.5289  1103511   21.11%
   6009  2342      232.3007    34      261.7784      206.5289  1113484   21.11%
   6056  2379      206.6350   163      261.7784      206.5290  1122094   21.11%
   6119  2442      237.5964    55      261.7784      206.5290  1129386   21.11%
Elapsed time = 933.23 sec. (1007074.85 ticks, tree = 8.62 MB, solutions = 8)
   6203  2511      207.2909    72      261.7784      206.5293  1136942   21.11%
   6253  2561      232.7464    55      261.7784      206.5293  1144529   21.11%
   6325  2626      206.6589    73      261.7784      206.5302  1148694   21.10%
   6402  2697      213.8184   146      261.7784      206.5303  1159171   21.10%
   6438  2733      225.8975    64      261.7784      206.5303  1167327   21.10%
   6475  2765      213.3961    84      261.7784      206.5311  1176191   21.10%
   6494  2784      229.7560    73      261.7784      206.5311  1183047   21.10%
   6500  2790      217.0968    64      261.7784      206.5311  1183776   21.10%
   6528  2818      219.5701    55      261.7784      206.5311  1192257   21.10%
   6571  2851      211.8643   121      261.7784      206.5313  1199294   21.10%
Elapsed time = 982.63 sec. (1052806.38 ticks, tree = 10.03 MB, solutions = 8)
   6616  2896      211.9949    78      261.7784      206.5313  1201439   21.10%
   6682  2957      238.1694    15      261.7784      206.5313  1206427   21.10%
   6709  2980      208.6668    80      261.7784      206.5316  1209743   21.10%
   6715  2986      208.7401    71      261.7784      206.5316  1215619   21.10%
   6728  2999      211.3477    70      261.7784      206.5316  1221574   21.10%
   6753  3019      206.5388   154      261.7784      206.5334  1226766   21.10%
   6814  3080      207.9667    65      261.7784      206.5334  1231289   21.10%
   6896  3156      206.5480   144      261.7784      206.5337  1237415   21.10%
   6937  3197      230.1799    49      261.7784      206.5337  1244224   21.10%
   6959  3216      208.1992    87      261.7784      206.5338  1252026   21.10%
Elapsed time = 1022.40 sec. (1092960.22 ticks, tree = 11.28 MB, solutions = 8)
   6964  3221      208.1992    81      261.7784      206.5338  1258875   21.10%
   6970  3227      208.2470   104      261.7784      206.5338  1267661   21.10%
   6986  3241      208.7877    69      261.7784      206.5338  1274911   21.10%
   7005  3260      209.9265    85      261.7784      206.5338  1281861   21.10%
   7057  3312      210.5846    64      261.7784      206.5338  1289256   21.10%
   7108  3363      222.3922    25      261.7784      206.5338  1298697   21.10%
   7161  3406      213.4840    71      261.7784      206.5339  1307405   21.10%
   7224  3469      231.4272    56      261.7784      206.5339  1313547   21.10%
   7311  3549      213.8075    73      261.7784      206.5342  1318676   21.10%
   7346  3583      223.1912    65      261.7784      206.5342  1324649   21.10%
Elapsed time = 1067.68 sec. (1133709.13 ticks, tree = 12.54 MB, solutions = 8)
   7392  3626      251.8382    32      261.7784      206.5342  1331134   21.10%
   7404  3634      214.6222    76      261.7784      206.5348  1335906   21.10%
   7419  3649      219.1312    79      261.7784      206.5348  1341949   21.10%
   7468  3698      229.0228    72      261.7784      206.5348  1346457   21.10%
   7509  3734      206.5439   162      261.7784      206.5359  1349523   21.10%
   7561  3786      226.7480    72      261.7784      206.5359  1354548   21.10%
   7591  3804      210.8071    76      261.7784      206.5362  1360504   21.10%
   7600  3813      214.7193    60      261.7784      206.5362  1366956   21.10%
   7632  3843      225.8934    47      261.7784      206.5362  1375306   21.10%
   7667  3870      206.6521    57      261.7784      206.5364  1379774   21.10%
Elapsed time = 1107.68 sec. (1172394.30 ticks, tree = 13.52 MB, solutions = 8)
   7717  3920      206.8698    63      261.7784      206.5364  1384435   21.10%
   7784  3981        cutoff            261.7784      206.5364  1390500   21.10%
   7815  4009      257.3192    50      261.7784      206.5371  1396345   21.10%
   7861  4041      207.2426    69      261.7784      206.5373  1402068   21.10%
   7904  4080      206.8854    81      261.7784      206.5378  1409144   21.10%
   7926  4102      206.8968    85      261.7784      206.5378  1415238   21.10%
   7959  4135      213.7003    64      261.7784      206.5378  1423002   21.10%
   8042  4208      212.8191   104      261.7784      206.5388  1428134   21.10%
   8055  4221      212.8191    66      261.7784      206.5388  1436872   21.10%
   8077  4243      212.8237    64      261.7784      206.5388  1444894   21.10%
Elapsed time = 1152.10 sec. (1211213.17 ticks, tree = 14.94 MB, solutions = 8)
   8106  4272      221.9825    64      261.7784      206.5388  1454255   21.10%
   8154  4314      206.7006   107      261.7784      206.5391  1461854   21.10%
   8224  4384      212.2633    45      261.7784      206.5391  1468234   21.10%
   8316  4472      206.5529   194      261.7784      206.5396  1471768   21.10%
   8389  4545      207.9423    61      261.7784      206.5396  1475207   21.10%
   8464  4614      208.7158    72      261.7784      206.5403  1482225   21.10%
   8491  4641      210.6590    87      261.7784      206.5403  1491437   21.10%
   8500  4650      211.2030    72      261.7784      206.5403  1492851   21.10%
   8566  4712      207.9328    94      261.7784      206.5407  1499400   21.10%
   8576  4722      207.9328    77      261.7784      206.5407  1504948   21.10%
Elapsed time = 1213.55 sec. (1267566.65 ticks, tree = 16.59 MB, solutions = 8)
   8609  4753      208.0463    83      261.7784      206.5407  1509532   21.10%
   8652  4792      206.5448   120      261.7784      206.5413  1515300   21.10%
   8669  4809      222.1914    75      261.7784      206.5413  1521258   21.10%
   8700  4839      247.8955    50      261.7784      206.5413  1527627   21.10%
   8802  4927      252.1811    11      261.7784      206.5413  1533593   21.10%
   8826  4946      208.4814    81      261.7784      206.5423  1539394   21.10%
   8856  4976      213.0801    81      261.7784      206.5423  1545110   21.10%
   8899  5014      207.3612    62      261.7784      206.5425  1553505   21.10%
   8908  5023      207.3906   113      261.7784      206.5425  1560717   21.10%
   8986  5101      219.5402    55      261.7784      206.5425  1565366   21.10%
Elapsed time = 1261.92 sec. (1308399.18 ticks, tree = 17.89 MB, solutions = 8)
   9029  5138      214.2104   102      261.7784      206.5427  1571754   21.10%
   9074  5179      225.5271    94      261.7784      206.5435  1580142   21.10%
   9091  5196      228.2132    86      261.7784      206.5435  1585069   21.10%
   9128  5226      213.8075    69      261.7784      206.5436  1593417   21.10%
   9138  5236      217.3596   100      261.7784      206.5436  1602483   21.10%
   9171  5269      221.8087    53      261.7784      206.5436  1610824   21.10%
   9228  5315      209.4229    70      261.7784      206.5439  1619268   21.10%
   9238  5325      211.1491    76      261.7784      206.5439  1628377   21.10%
   9284  5371      211.1916    90      261.7784      206.5439  1633806   21.10%
   9320  5402      208.8485    89      261.7784      206.5446  1641557   21.10%
Elapsed time = 1313.26 sec. (1350647.19 ticks, tree = 18.93 MB, solutions = 8)
   9390  5463      208.4879    76      261.7784      206.5449  1649311   21.10%
   9430  5503      213.5361    52      261.7784      206.5449  1658346   21.10%
   9464  5530      207.8269    66      261.7784      206.5450  1667407   21.10%
   9507  5573      208.4910    53      261.7784      206.5450  1671973   21.10%
   9558  5615      207.2332   103      261.7784      206.5457  1677354   21.10%
   9577  5634      216.4912    72      261.7784      206.5457  1683605   21.10%
   9610  5667      216.5246    66      261.7784      206.5457  1689864   21.10%
   9649  5706      224.0786    40      261.7784      206.5457  1697458   21.10%
   9756  5803      235.5803    38      261.7784      206.5457  1700152   21.10%
   9779  5822      233.0915    76      261.7784      206.5472  1704255   21.10%
Elapsed time = 1370.53 sec. (1390518.55 ticks, tree = 20.37 MB, solutions = 8)
   9833  5864      208.0713    91      261.7784      206.5472  1709844   21.10%
   9857  5888      221.5370    78      261.7784      206.5472  1715989   21.10%
   9907  5934      207.9216   133      261.7784      206.5472  1721920   21.10%
   9980  6007      235.1463    40      261.7784      206.5472  1726697   21.10%
  10042  6064      207.9950    78      261.7784      206.5475  1732008   21.10%
  10124  6137      208.7079    98      261.7784      206.5477  1737254   21.10%
  10136  6149      212.8042    60      261.7784      206.5477  1746384   21.10%
  10156  6169      213.1429   100      261.7784      206.5477  1756354   21.10%
  10202  6213      231.2874    61      261.7784      206.5477  1766456   21.10%
  10266  6267      238.7854    86      261.7784      206.5478  1774898   21.10%
Elapsed time = 1441.42 sec. (1430032.86 ticks, tree = 21.90 MB, solutions = 8)
  10380  6375      206.8428    95      261.7784      206.5479  1779882   21.10%
  10441  6436      217.2042    55      261.7784      206.5479  1786752   21.10%
  10502  6491      236.1802   116      261.7784      206.5488  1792365   21.10%
  10565  6549      207.8055    85      261.7784      206.5490  1800189   21.10%
  10608  6592      210.1158    73      261.7784      206.5490  1806708   21.10%
  10703  6683      212.8031    79      261.7784      206.5493  1813854   21.10%
  10711  6691      212.8031    75      261.7784      206.5493  1822032   21.10%
  10722  6702      213.3442    67      261.7784      206.5493  1829146   21.10%
  10750  6730      233.6824    70      261.7784      206.5493  1837164   21.10%
  10780  6758      227.7363    51      261.7784      206.5493  1844722   21.10%
Elapsed time = 1503.41 sec. (1470693.28 ticks, tree = 23.59 MB, solutions = 8)
  10831  6801      237.0916    34      261.7784      206.5493  1851190   21.10%
  10871  6830      208.7283   106      261.7784      206.5493  1855121   21.10%
  10930  6889      223.2568    52      261.7784      206.5493  1860813   21.10%
  11010  6965      208.4987    68      261.7784      206.5495  1866892   21.10%
  11060  7015      218.3663    65      261.7784      206.5495  1874574   21.10%
  11120  7071      206.9351   152      261.7784      206.5496  1878310   21.10%
  11149  7100      207.0295   122      261.7784      206.5496  1883040   21.10%
  11198  7149      214.4390    57      261.7784      206.5496  1889021   21.10%
  11255  7203      214.4872   103      261.7784      206.5497  1894998   21.10%
  11277  7225      215.3224    68      261.7784      206.5497  1901299   21.10%
Elapsed time = 1588.36 sec. (1511644.69 ticks, tree = 25.19 MB, solutions = 8)
  11291  7239      222.8146    66      261.7784      206.5497  1909169   21.10%
  11330  7274      214.2821    61      261.7784      206.5501  1916978   21.10%
  11381  7315        cutoff            261.7784      206.5501  1926489   21.10%
  11392  7326      208.0117    61      261.7784      206.5502  1932305   21.10%
  11449  7383      250.0195    45      261.7784      206.5502  1939495   21.10%
  11485  7411      214.9495    80      261.7784      206.5502  1946286   21.10%
  11537  7463      221.6719    51      261.7784      206.5502  1952272   21.10%
  11573  7493      209.9053    70      261.7784      206.5506  1961488   21.10%
  11682  7595      206.5641   146      261.7784      206.5520  1968412   21.10%
  11742  7655      218.9856    55      261.7784      206.5520  1975538   21.10%
Elapsed time = 1689.46 sec. (1551297.04 ticks, tree = 26.67 MB, solutions = 8)
  11793  7702      221.7508    67      261.7784      206.5532  1983162   21.10%
  11810  7719      228.9528    88      261.7784      206.5532  1989204   21.10%
  11860  7769      216.6885    61      261.7784      206.5532  1997224   21.10%
  11916  7821      226.3016    42      261.7784      206.5532  2007315   21.10%
  11960  7857      206.9802   101      261.7784      206.5532  2013504   21.10%
  12022  7919      228.0901    42      261.7784      206.5532  2019903   21.10%
  12111  8004      213.1777    58      261.7784      206.5534  2026119   21.10%
  12190  8079      206.8888   109      261.7784      206.5537  2033089   21.10%
  12234  8123      209.7716    79      261.7784      206.5537  2039265   21.10%
  12298  8183      216.0270    84      261.7784      206.5538  2046252   21.10%
Elapsed time = 1745.26 sec. (1590746.93 ticks, tree = 28.50 MB, solutions = 8)
  12326  8211      218.5521    81      261.7784      206.5538  2052487   21.10%
  12369  8250      214.4771    87      261.7784      206.5539  2058053   21.10%
  12376  8257      211.0207    72      261.7784      206.5539  2064768   21.10%
  12381  8262      211.0249    83      261.7784      206.5539  2072697   21.10%
  12386  8267      213.6339    87      261.7784      206.5539  2078829   21.10%
  12402  8283      217.1877    78      261.7784      206.5539  2084035   21.10%
  12428  8309      224.1803    62      261.7784      206.5539  2089316   21.10%
  12456  8328      206.7105    76      261.7784      206.5546  2094876   21.10%
  12471  8343      208.2921    79      261.7784      206.5546  2100122   21.10%
  12500  8372      211.0200    70      261.7784      206.5546  2105114   21.10%
Elapsed time = 1847.61 sec. (1643371.97 ticks, tree = 29.48 MB, solutions = 8)
  12577  8443      237.8310   126      261.7784      206.5550  2110614   21.10%
  12636  8502      242.3441    62      261.7784      206.5550  2114079   21.10%
  12657  8516      221.6452   119      261.7784      206.5554  2120364   21.10%
  12728  8584      253.6107    34      261.7784      206.5554  2127045   21.10%
  12810  8661      207.2842    66      261.7784      206.5561  2132142   21.10%
  12863  8710      212.8132    87      261.7784      206.5570  2139628   21.09%
  12876  8723      215.5942    75      261.7784      206.5570  2147819   21.09%
  12913  8760      213.7496    62      261.7784      206.5570  2156538   21.09%
  12945  8786      208.7096    93      261.7784      206.5572  2165156   21.09%
  12992  8833      225.2115    65      261.7784      206.5572  2171350   21.09%
Elapsed time = 1924.21 sec. (1682709.92 ticks, tree = 31.06 MB, solutions = 8)
  13071  8908      224.3482    77      261.7784      206.5572  2178108   21.09%
  13151  8978      206.8114    84      261.7784      206.5573  2184615   21.09%
  13236  9063      239.3631    18      261.7784      206.5573  2191536   21.09%
  13297  9118      231.6707    58      261.7784      206.5584  2201051   21.09%
  13322  9137      208.4824    90      261.7784      206.5587  2208121   21.09%
  13358  9173      210.9069    74      261.7784      206.5587  2216052   21.09%
  13395  9210      217.7094    60      261.7784      206.5587  2224955   21.09%
  13437  9246      237.0546    43      261.7784      206.5587  2233516   21.09%
  13460  9264      211.3924    88      261.7784      206.5600  2240567   21.09%
  13528  9332      216.6015    70      261.7784      206.5600  2245554   21.09%
Elapsed time = 1989.14 sec. (1721978.00 ticks, tree = 32.77 MB, solutions = 8)
  13600  9400      206.9177    58      261.7784      206.5603  2252798   21.09%
  13626  9426      208.3366    64      261.7784      206.5603  2261991   21.09%
  13684  9484      230.8690    48      261.7784      206.5603  2267095   21.09%
  13705  9502      207.0672    93      261.7784      206.5608  2270371   21.09%
  13724  9521      207.5094    81      261.7784      206.5608  2277516   21.09%
  13738  9535      208.2547    75      261.7784      206.5608  2283559   21.09%
  13783  9580      228.1978    63      261.7784      206.5608  2289092   21.09%
  13879  9672      218.5508    62      261.7784      206.5610  2293890   21.09%
  13927  9711      259.3009    37      261.7784      206.5610  2300417   21.09%
  13951  9728      215.9299    78      261.7784      206.5612  2307130   21.09%
Elapsed time = 2047.81 sec. (1763253.01 ticks, tree = 34.13 MB, solutions = 8)
  13977  9753      231.2014    63      261.7784      206.5612  2313467   21.09%
  14003  9776      231.1862    85      261.7784      206.5621  2320615   21.09%
  14033  9806      231.2013    69      261.7784      206.5621  2323687   21.09%
  14126  9893      214.7578    76      261.7784      206.5623  2328109   21.09%
  14167  9932      227.2965    56      261.7784      206.5623  2335130   21.09%
  14227  9981      224.1806   119      261.7784      206.5626  2342723   21.09%
  14272 10022      206.8954    75      261.7784      206.5630  2348927   21.09%
  14287 10037      207.3405    56      261.7784      206.5630  2357095   21.09%
  14321 10071      211.6200    63      261.7784      206.5630  2365421   21.09%
  14388 10120      209.9799    99      261.7784      206.5630  2373313   21.09%
Elapsed time = 2130.79 sec. (1803363.47 ticks, tree = 35.47 MB, solutions = 8)
  14455 10187      235.6296    41      261.7784      206.5630  2378797   21.09%
  14551 10276      219.2865    63      261.7784      206.5632  2383499   21.09%
  14622 10341      206.6276    85      261.7784      206.5638  2390444   21.09%
  14712 10427      232.9224   100      261.7784      206.5650  2398038   21.09%
  14772 10487      243.0030    51      261.7784      206.5650  2403788   21.09%
  14843 10546      209.4846    62      261.7784      206.5659  2411335   21.09%
  14878 10581      218.1398    67      261.7784      206.5659  2420974   21.09%
  14918 10612      206.9343    74      261.7784      206.5661  2431690   21.09%
  14990 10684      236.3554    34      261.7784      206.5661  2437145   21.09%
  15081 10771      209.6310    66      261.7784      206.5662  2442194   21.09%
Elapsed time = 2191.35 sec. (1843200.83 ticks, tree = 37.71 MB, solutions = 8)
  15163 10847      208.2404    73      261.7784      206.5663  2448294   21.09%
  15176 10860      208.6855    68      261.7784      206.5663  2458538   21.09%
  15211 10889      208.7158    73      261.7784      206.5664  2467281   21.09%
  15255 10933      215.1106    71      261.7784      206.5664  2475522   21.09%
  15343 11017      207.9026    77      261.7784      206.5669  2484739   21.09%
  15364 11038      212.7547    66      261.7784      206.5669  2491687   21.09%
  15415 11088      225.6372    53      261.7784      206.5669  2499835   21.09%
  15462 11126      209.6636    77      261.7784      206.5674  2505756   21.09%
  15500 11164      215.0156    59      261.7784      206.5674  2511666   21.09%
  15552 11212      206.5853   143      261.7784      206.5674  2518796   21.09%
Elapsed time = 2267.60 sec. (1900678.22 ticks, tree = 39.21 MB, solutions = 8)
  15555 11215      209.5157    92      261.7784      206.5674  2524477   21.09%
  15585 11245      222.4238    88      261.7784      206.5674  2527505   21.09%
  15631 11282      261.7433    58      261.7784      206.5674  2532651   21.09%
  15648 11290      211.7803   105      261.7784      206.5675  2536906   21.09%
  15669 11311      217.9881    85      261.7784      206.5675  2545595   21.09%
  15726 11364      214.0351    81      261.7784      206.5677  2551369   21.09%
  15738 11376      221.6398   102      261.7784      206.5677  2557596   21.09%
  15757 11395      224.5334    56      261.7784      206.5677  2564840   21.09%
  15812 11450      225.5496    37      261.7784      206.5677  2572340   21.09%
  15865 11497      207.8388    89      261.7784      206.5678  2578456   21.09%
Elapsed time = 2337.68 sec. (1940870.07 ticks, tree = 40.17 MB, solutions = 8)
  15920 11546      207.9006    81      261.7784      206.5678  2585900   21.09%
  15961 11587      213.2443    62      261.7784      206.5678  2592924   21.09%
  16030 11656      234.3484    11      261.7784      206.5678  2598878   21.09%
  16059 11681      208.5235   109      261.7784      206.5683  2604388   21.09%
  16114 11735      246.4120    50      261.7784      206.5683  2611082   21.09%
  16193 11800      210.4735    92      261.7784      206.5686  2618322   21.09%
  16267 11874      234.8989    15      261.7784      206.5686  2624983   21.09%
  16296 11899      207.4219    74      261.7784      206.5686  2634020   21.09%
  16323 11926      216.8479    60      261.7784      206.5686  2642903   21.09%
  16379 11980      252.0151    39      261.7784      206.5686  2650906   21.09%
Elapsed time = 2393.99 sec. (1979851.88 ticks, tree = 41.83 MB, solutions = 8)
  16449 12038      209.5543    74      261.7784      206.5687  2659395   21.09%
  16503 12092      224.6628    64      261.7784      206.5687  2666278   21.09%
  16606 12191      213.1129    49      261.7784      206.5687  2671694   21.09%
  16695 12272      207.8283    64      261.7784      206.5701  2677891   21.09%
  16773 12346      210.5254    64      261.7784      206.5701  2686456   21.09%
  16842 12406      207.2244   113      261.7784      206.5702  2692863   21.09%
  16887 12451      233.0709    44      261.7784      206.5702  2704590   21.09%
  16949 12508      213.7434    65      261.7784      206.5703  2711473   21.09%
  17038 12591      208.0812    55      261.7784      206.5706  2719604   21.09%
  17100 12649      206.9638    75      261.7784      206.5707  2726059   21.09%
Elapsed time = 2449.44 sec. (2019604.21 ticks, tree = 44.13 MB, solutions = 8)
  17154 12702      238.2860    36      261.7784      206.5707  2733169   21.09%
  17213 12753      225.4383    81      261.7784      206.5708  2740318   21.09%
  17251 12791      228.1711    58      261.7784      206.5708  2746658   21.09%
  17348 12881      219.0602   118      261.7784      206.5713  2751578   21.09%
  17386 12919      251.7330    54      261.7784      206.5713  2759417   21.09%
  17466 12979      221.5145    76      261.7784      206.5720  2765265   21.09%
  17511 13020      218.8277   119      261.7784      206.5720  2770192   21.09%
  17552 13058      248.6536    63      261.7784      206.5720  2775253   21.09%
  17578 13076      206.6453    64      261.7784      206.5720  2781750   21.09%
  17595 13093      207.2715   104      261.7784      206.5720  2787512   21.09%
Elapsed time = 2494.86 sec. (2059717.99 ticks, tree = 45.66 MB, solutions = 8)
  17653 13151      224.7657    54      261.7784      206.5720  2793356   21.09%
  17726 13220      212.1499    71      261.7784      206.5720  2797248   21.09%
  17753 13247      224.7594    76      261.7784      206.5720  2801966   21.09%
  17824 13312      206.6295   155      261.7784      206.5722  2809804   21.09%
  17837 13325      209.5570   134      261.7784      206.5722  2816444   21.09%
  17853 13341      217.8038    77      261.7784      206.5722  2823080   21.09%
  17866 13354      223.2068    76      261.7784      206.5722  2832225   21.09%
  17900 13388      221.5875    66      261.7784      206.5722  2840757   21.09%
  18017 13500      211.7087   119      261.7784      206.5724  2848534   21.09%
  18069 13552      227.2006    57      261.7784      206.5724  2855477   21.09%
Elapsed time = 2541.01 sec. (2100190.92 ticks, tree = 47.24 MB, solutions = 8)
  18179 13657      220.8817    78      261.7784      206.5732  2861303   21.09%
  18235 13711      250.3646    30      261.7784      206.5732  2868125   21.09%
  18314 13786      216.3963    49      261.7784      206.5733  2874659   21.09%
  18394 13860      221.9438    82      261.7784      206.5735  2881140   21.09%
  18432 13893      209.4229    77      261.7784      206.5739  2891523   21.09%
  18439 13900      211.2136   101      261.7784      206.5739  2899301   21.09%
  18455 13916      210.7957    84      261.7784      206.5739  2907441   21.09%
  18491 13952      225.6926    74      261.7784      206.5739  2917139   21.09%
  18500 13961      222.2270    73      261.7784      206.5739  2918041   21.09%
  18551 14000      235.6679    41      261.7784      206.5739  2926246   21.09%
Elapsed time = 2598.76 sec. (2150299.06 ticks, tree = 48.78 MB, solutions = 8)
  18589 14034      215.5934    65      261.7784      206.5739  2934869   21.09%
  18713 14154      226.5946    79      261.7784      206.5740  2941578   21.09%
  18812 14253      252.9554    14      261.7784      206.5740  2950483   21.09%
  18857 14294      243.9892    56      261.7784      206.5746  2958840   21.09%
  18913 14342      214.1276    83      261.7784      206.5752  2966149   21.09%
  19013 14436      207.3670    92      261.7784      206.5753  2972875   21.09%
  19055 14478      227.9578    51      261.7784      206.5753  2982397   21.09%
  19077 14500      223.3525    61      261.7784      206.5753  2991208   21.09%
  19110 14529      233.3912    35      261.7784      206.5753  2997079   21.09%
  19158 14570      221.9500    87      261.7784      206.5755  3003274   21.09%
Elapsed time = 2643.74 sec. (2189149.10 ticks, tree = 50.73 MB, solutions = 8)
  19201 14613      252.9424    47      261.7784      206.5755  3009487   21.09%
  19285 14692      222.1549    88      261.7784      206.5755  3015335   21.09%
  19323 14726      209.1515   163      261.7784      206.5757  3022844   21.09%
  19374 14777      212.6634    75      261.7784      206.5757  3026783   21.09%
  19445 14842      212.0268    60      261.7784      206.5759  3031987   21.09%
  19516 14908      206.5887    94      261.7784      206.5763  3037275   21.09%
  19556 14948      208.6666    50      261.7784      206.5763  3045303   21.09%
  19610 15000      235.6857     9      261.7784      206.5763  3053900   21.09%
  19638 15022      230.7185    62      261.7784      206.5766  3061729   21.09%
  19690 15063      206.6319    95      261.7784      206.5774  3066267   21.09%
Elapsed time = 2687.37 sec. (2228225.03 ticks, tree = 52.42 MB, solutions = 8)
  19779 15146      214.7953    79      261.7784      206.5778  3073422   21.09%
  19891 15256        cutoff            261.7784      206.5778  3080302   21.09%
  19912 15275      239.4901    70      261.7784      206.5778  3085941   21.09%
  19951 15309      209.4874    68      261.7784      206.5779  3095090   21.09%
  19987 15345      213.5945    54      261.7784      206.5779  3104462   21.09%
  20037 15391      233.3285    36      261.7784      206.5779  3115062   21.09%
  20112 15458      209.9338    56      261.7784      206.5779  3121223   21.09%
  20216 15556      207.5577    65      261.7784      206.5785  3127940   21.09%
  20300 15635      207.5869    83      261.7784      206.5786  3133854   21.09%
  20353 15688      234.2573    43      261.7784      206.5786  3142293   21.09%
Elapsed time = 2733.91 sec. (2267548.37 ticks, tree = 54.57 MB, solutions = 8)
  20445 15776      225.6267    48      261.7784      206.5792  3147948   21.09%
  20512 15837      222.8327    49      261.7784      206.5797  3157084   21.09%
  20609 15924      207.3125    78      261.7784      206.5798  3164697   21.09%
  20674 15979      211.1642    76      261.7784      206.5798  3172580   21.09%
  20726 16031      230.9949    46      261.7784      206.5798  3179685   21.09%
  20809 16108      220.1175    79      261.7784      206.5802  3186209   21.09%
  20880 16176      208.2865    54      261.7784      206.5805  3193202   21.09%
  20963 16255      224.2014    52      261.7784      206.5807  3201337   21.09%
  21030 16317      230.3992    34      261.7784      206.5807  3210808   21.09%
  21109 16389      207.3275    58      261.7784      206.5810  3215220   21.09%
Elapsed time = 2779.02 sec. (2306276.33 ticks, tree = 57.65 MB, solutions = 8)
  21192 16467      211.5645    81      261.7784      206.5814  3222921   21.09%
  21224 16495      207.9797    87      261.7784      206.5814  3230268   21.09%
  21310 16581      236.2261    21      261.7784      206.5814  3235627   21.09%
  21344 16609      209.9156    93      261.7784      206.5819  3242249   21.09%
  21389 16654      228.9071    42      261.7784      206.5819  3248473   21.09%
  21462 16721      217.1152    71      261.7784      206.5820  3253768   21.09%
  21476 16735      222.3303    78      261.7784      206.5820  3260784   21.09%
  21497 16756      240.3199    69      261.7784      206.5820  3269267   21.09%
  21522 16781      229.2342    58      261.7784      206.5820  3276887   21.09%
  21584 16830      206.5954   145      261.7784      206.5820  3283929   21.09%
Elapsed time = 2875.74 sec. (2346229.92 ticks, tree = 59.16 MB, solutions = 8)
  21621 16867      208.0762    63      261.7784      206.5820  3288420   21.09%
  21679 16918      206.5985   134      261.7784      206.5820  3297107   21.09%
  21703 16942      206.6899    87      261.7784      206.5820  3299187   21.09%
  21782 17021      230.4960    24      261.7784      206.5820  3304530   21.09%
  21846 17081      252.9393   114      261.7784      206.5820  3308990   21.09%
  21971 17191      211.1399    96      261.7784      206.5820  3317032   21.09%
  21993 17213      211.1766    87      261.7784      206.5820  3321802   21.09%
  22022 17240      239.5178    59      261.7784      206.5820  3329173   21.09%
  22031 17245      206.8992    92      261.7784      206.5836  3335013   21.08%
  22040 17254      207.0777    76      261.7784      206.5836  3340073   21.08%
Elapsed time = 2951.63 sec. (2387194.04 ticks, tree = 60.61 MB, solutions = 8)
  22050 17264      215.8785    92      261.7784      206.5836  3346741   21.08%
  22065 17279      215.8785    73      261.7784      206.5836  3354393   21.08%
  22099 17313      230.2502    75      261.7784      206.5836  3363220   21.08%
  22197 17407      244.7112    36      261.7784      206.5836  3370604   21.08%
  22300 17501      227.7644    63      261.7784      206.5843  3377840   21.08%
  22370 17567      209.5999    64      261.7784      206.5846  3384369   21.08%
  22436 17629      218.3772    74      261.7784      206.5848  3392875   21.08%
  22485 17674      249.7394    43      261.7784      206.5848  3400922   21.08%
  22559 17744      212.7991    51      261.7784      206.5853  3406893   21.08%
  22603 17780      213.3550   105      261.7784      206.5854  3411406   21.08%
Elapsed time = 3038.04 sec. (2427480.02 ticks, tree = 62.41 MB, solutions = 8)
  22610 17787      213.3696    90      261.7784      206.5854  3415879   21.08%
  22622 17799      219.1688    97      261.7784      206.5854  3422269   21.08%
  22655 17832      234.5764    36      261.7784      206.5854  3430260   21.08%
  22714 17883      232.8864    40      261.7784      206.5859  3438029   21.08%
  22809 17972      227.1360    51      261.7784      206.5860  3444776   21.08%
  22915 18074      213.6730    82      261.7784      206.5863  3450201   21.08%
  22980 18135      209.8474    56      261.7784      206.5864  3459063   21.08%
  23038 18193      245.5907    38      261.7784      206.5864  3467005   21.08%
  23073 18224      216.4723    64      261.7784      206.5872  3478008   21.08%
  23113 18262      240.3271    55      261.7784      206.5872  3487080   21.08%
Elapsed time = 3102.55 sec. (2466052.91 ticks, tree = 64.06 MB, solutions = 8)
  23170 18309      215.2170   105      261.7784      206.5884  3494343   21.08%
  23268 18403      209.4874    62      261.7784      206.5891  3502209   21.08%
  23325 18460      232.6039    35      261.7784      206.5891  3510401   21.08%
  23388 18517      214.5432    60      261.7784      206.5897  3518625   21.08%
  23489 18614      213.5840    76      261.7784      206.5897  3527108   21.08%
  23500 18623      252.8864    61      261.7784      206.5897  3530597   21.08%
  23528 18644      214.3343    84      261.7784      206.5903  3537804   21.08%
  23539 18655      216.7740    74      261.7784      206.5903  3544861   21.08%
  23559 18675      215.9441    55      261.7784      206.5903  3553116   21.08%
  23584 18700      232.1962    61      261.7784      206.5903  3562773   21.08%
Elapsed time = 3175.50 sec. (2509159.56 ticks, tree = 65.55 MB, solutions = 8)
  23648 18760      233.3542    20      261.7784      206.5903  3572689   21.08%
  23715 18817      208.4515    58      261.7784      206.5909  3578756   21.08%
  23809 18905      206.8747    72      261.7784      206.5910  3583405   21.08%
  23891 18983      207.7984    82      261.7784      206.5913  3588917   21.08%
  23924 19016      211.6118    74      261.7784      206.5913  3594198   21.08%
  23980 19067      260.9310    19      261.7784      206.5913  3600320   21.08%
  24054 19135      208.2482    57      261.7784      206.5915  3605249   21.08%
  24136 19213      211.0234    75      261.7784      206.5915  3610797   21.08%
  24180 19257      225.6696    50      261.7784      206.5915  3621112   21.08%
  24275 19346      206.6218   118      261.7784      206.5918  3626112   21.08%
Elapsed time = 3233.24 sec. (2548157.65 ticks, tree = 67.77 MB, solutions = 8)
  24358 19428      245.4398    17      261.7784      206.5918  3630892   21.08%
  24376 19441      207.8866   138      261.7784      206.5920  3639914   21.08%
  24400 19465      207.9217    93      261.7784      206.5920  3640697   21.08%
  24468 19533      224.7633    47      261.7784      206.5920  3645775   21.08%
  24500 19559      206.5949   110      261.7784      206.5921  3647037   21.08%
  24560 19619      207.8696    57      261.7784      206.5921  3651124   21.08%
  24650 19705      206.6140   112      261.7784      206.5921  3657524   21.08%
  24664 19719      207.1825    78      261.7784      206.5921  3666210   21.08%
* 24700+14412                          236.8206      206.5921            12.76%
* 24700+14398                          236.7807      206.5921            12.75%
  24700 14400      208.6017    60      236.7807      206.5921  3672628   12.75%
  24768 14454      206.6187   152      236.7807      206.5923  3679205   12.75%
Elapsed time = 3324.93 sec. (2637726.62 ticks, tree = 51.02 MB, solutions = 10)
  24780 14466      208.1606    69      236.7807      206.5923  3687872   12.75%
  24795 14480      233.9299   115      236.7807      206.5923  3695054   12.75%
  24800 14485      235.9997    84      236.7807      206.5923  3696204   12.75%
  24840 14504      211.4043   146      236.7807      206.5928  3701536   12.75%
  24892 14556      215.4042    57      236.7807      206.5928  3704802   12.75%
  24900 14564      222.9106    47      236.7807      206.5928  3706075   12.75%
  24960 14620      206.6724   116      236.7807      206.5933  3710772   12.75%
* 25000+14380                          236.1059      206.5933            12.50%
* 25000+13482                          234.0250      206.5933            11.72%
  25000 13484      206.8236    83      234.0250      206.5933  3712304   11.72%
  25056 13536      208.2602    59      234.0250      206.5939  3718345   11.72%
  25095 13575      213.5178    51      234.0250      206.5939  3722813   11.72%
Elapsed time = 3418.31 sec. (2718087.81 ticks, tree = 47.99 MB, solutions = 12)
* 25100+13204                          233.1928      206.5939            11.41%
* 25100+12996                          232.5774      206.5939            11.17%
* 25100+12993                          232.5566      206.5939            11.16%
* 25100+12957                          232.3819      206.5939            11.10%
* 25100+12900                          232.1752      206.5939            11.02%
  25100 12902      213.7675    50      232.1752      206.5939  3722916   11.02%
  25155 12953      224.7035    58      232.1752      206.5943  3728530   11.02%
  25177 12968      216.2286    90      232.1752      206.5949  3736042   11.02%
* 25200+12859                          231.9892      206.5949            10.95%
* 25200+12722                          231.6292      206.5949            10.81%
* 25200+12660                          231.4115      206.5949            10.72%
* 25200+12657                          231.3973      206.5949            10.72%
  25200 12659      208.1683    80      231.3973      206.5949  3742352   10.72%
  25258 12709      212.1655    83      231.3973      206.5950  3750421   10.72%
  25270 12720      225.0786    74      231.3973      206.5950  3756014   10.72%
  25300 12746      209.1793    67      231.3973      206.5957  3764156   10.72%
  25340 12786      224.1021    50      231.3973      206.5957  3772974   10.72%
  25366 12806      208.3102    94      231.3973      206.5959  3780029   10.72%
  25400 12840      208.9667    69      231.3973      206.5959  3788251   10.72%
Elapsed time = 3495.39 sec. (2787519.09 ticks, tree = 45.47 MB, solutions = 21)
  25460 12893      206.7594    91      231.3973      206.5959  3796173   10.72%
  25510 12939      222.0405    71      231.3973      206.5959  3805607   10.72%
  25558 12979      211.4184    52      231.3973      206.5960  3813676   10.72%
  25580 12995      206.9652    78      231.3973      206.5967  3818821   10.72%
* 25600+12975                          231.2703      206.5967            10.67%
  25600 12977      207.0650    80      231.2703      206.5967  3821166   10.67%
* 25700+12993                          231.1008      206.5967            10.60%
  25700 12995      229.5658    19      231.1008      206.5967  3827559   10.60%
  25747 13037      224.5528    57      231.1008      206.5980  3836310   10.60%
* 25800+13072                          231.0495      206.5981            10.58%
* 25800+13068                          231.0118      206.5981            10.57%
* 25800+13055                          230.9840      206.5981            10.56%
* 25800+13026                          230.8751      206.5981            10.52%
  25800 13028      206.6420    87      230.8751      206.5981  3841056   10.52%
  25900 13121      230.5867    16      230.8751      206.5981  3847061   10.52%
  25988 13199      207.2811   113      230.8751      206.5983  3852660   10.52%
Elapsed time = 3566.58 sec. (2850459.47 ticks, tree = 46.71 MB, solutions = 27)
  26000 13211      207.7154    62      230.8751      206.5983  3854167   10.52%
  26086 13295      230.4627    14      230.8751      206.5983  3861424   10.52%
* 26100+13268                          230.7424      206.5983            10.46%
* 26100+13265                          230.7258      206.5983            10.46%
* 26100+13255                          230.7066      206.5983            10.45%
  26100 13257      230.4627    14      230.7066      206.5983  3861460   10.45%
  26156 13300      207.2822   114      230.7066      206.5986  3869192   10.45%

GUB cover cuts applied:  68
Clique cuts applied:  20
Cover cuts applied:  71
Implied bound cuts applied:  58
Flow cuts applied:  23
Mixed integer rounding cuts applied:  575
Zero-half cuts applied:  3
Gomory fractional cuts applied:  31

Root node processing (before b&c):
  Real time             =   10.76 sec. (11852.36 ticks)
Sequential b&c:
  Real time             = 3589.25 sec. (2869569.06 ticks)
                          ------------
Total (root+branch&cut) = 3600.00 sec. (2881421.41 ticks)
