Version identifier: 22.1.0.0 | 2022-03-09 | 1a383f8ce
CPXPARAM_Read_DataCheck                          1
CPXPARAM_Threads                                 1
CPXPARAM_TimeLimit                               3600
Tried aggregator 2 times.
MIP Presolve eliminated 2553 rows and 118 columns.
MIP Presolve modified 30977 coefficients.
Aggregator did 155 substitutions.
Reduced MIP has 7053 rows, 707 columns, and 54696 nonzeros.
Reduced MIP has 521 binaries, 0 generals, 0 SOSs, and 0 indicators.
Presolve time = 0.19 sec. (92.58 ticks)
Probing time = 0.01 sec. (5.28 ticks)
Tried aggregator 1 time.
Detecting symmetries...
Reduced MIP has 7053 rows, 707 columns, and 54696 nonzeros.
Reduced MIP has 521 binaries, 0 generals, 0 SOSs, and 0 indicators.
Presolve time = 0.06 sec. (23.14 ticks)
Probing time = 0.01 sec. (5.35 ticks)
Clique table members: 391.
MIP emphasis: balance optimality and feasibility.
MIP search method: dynamic search.
Parallel mode: none, using 1 thread.
Root relaxation solution time = 0.04 sec. (23.92 ticks)

        Nodes                                         Cuts/
   Node  Left     Objective  IInf  Best Integer    Best Bound    ItCnt     Gap

      0     0      342.7762   112                    342.7762      270         
      0     0      342.7762    64                   Cuts: 390      554         
      0     0      342.7762    66                   Cuts: 455      919         
      0     0      342.9250    95                   Cuts: 248     1292         
      0     0      343.1469    95                   Cuts: 908     2197         
      0     0      344.1212   126                   Cuts: 939     2648         
Detecting symmetries...
      0     0      344.7573   183                  Cuts: 1102     2976         
      0     0      345.1870   185                   Cuts: 527     3156         
      0     0      345.3385   175                   Cuts: 906     3352         
      0     0      345.5307   178                   Cuts: 281     3491         
      0     0      345.6931   159                  Cuts: 1065     3677         
      0     0      345.7335   172                   Cuts: 381     3772         
      0     0      345.7601   156                   Cuts: 650     3859         
      0     0      345.7730   157                   Cuts: 357     3931         
Detecting symmetries...
      0     2      345.7730   116                    345.8308     3931         
Elapsed time = 13.05 sec. (6281.08 ticks, tree = 0.01 MB, solutions = 0)
      5     7      360.8503    74                    346.0306     5127         
     10    12      355.9803    72                    346.0306     5473         
     25    27      360.8665    65                    346.0306     6745         
     35    33      366.7281    61                    346.0306     7691         
     56    48      373.2401    40                    346.0306     8632         
     67    59      394.2123    30                    346.0306     9808         
     88    76      354.4815    88                    346.3786    11178         
    100    88      461.6680    64                    346.3786    12546         
    110    98      489.4218    87                    346.3786    14267         
    149   137      372.9776    47                    346.3786    18504         
Elapsed time = 18.81 sec. (10016.11 ticks, tree = 3.84 MB, solutions = 0)
    218   188      381.6275    69                    346.6945    22218         
    260   224      383.9898    48                    346.6945    26185         
    310   268      385.8907    58                    346.6945    31314         
    409   357      349.3612    78                    347.3339    35884         

Performing restart 1

Repeating presolve.
Tried aggregator 1 time.
MIP Presolve eliminated 1 rows and 0 columns.
MIP Presolve modified 24 coefficients.
Reduced MIP has 7052 rows, 707 columns, and 54693 nonzeros.
Reduced MIP has 521 binaries, 0 generals, 0 SOSs, and 0 indicators.
Presolve time = 0.04 sec. (18.76 ticks)
Tried aggregator 1 time.
Reduced MIP has 7052 rows, 707 columns, and 54693 nonzeros.
Reduced MIP has 521 binaries, 0 generals, 0 SOSs, and 0 indicators.
Presolve time = 0.07 sec. (23.61 ticks)
Represolve time = 0.22 sec. (76.79 ticks)
    509     0      345.7867   133                  Cuts: 1289    38883         
    509     0      345.8156   139                   Cuts: 655    39002         
    509     0      345.8548   147                  Cuts: 1142    39099         
    509     0      345.9574   158                  Cuts: 1545    39272         
    509     2      345.9574   134                    347.4100    39272         
    512     5      391.9416    68                    347.4100    40214         
    517    10      346.0845   123                    347.4100    40341         
    529    22      350.2328   106                    347.4100    40675         
    549    42      351.6034    69                    347.4100    41829         
    573    66      360.4055    38                    347.4100    42859         
Elapsed time = 49.13 sec. (31488.38 ticks, tree = 0.42 MB, solutions = 0)
*   599+   87                          451.7600      347.4100            23.10%
    605    92      378.8423    79      451.7600      347.4100    44618   23.10%
    623   110      382.7813    55      451.7600      347.4100    45305   23.10%
    653   139      403.2744    30      451.7600      347.4100    46977   23.10%
    673   150      381.9428    79      451.7600      347.4100    49146   23.10%
    686   163      420.2605    41      451.7600      347.4100    51240   23.10%
    721   190      362.3294    46      451.7600      347.5233    53410   23.07%
    791   252      417.2089    10      451.7600      347.7570    55966   23.02%
*   796   255      integral     0      437.8429      347.7570    56115   20.57%
    818   273      377.0436    31      437.8429      347.9702    58821   20.53%
    854   301      382.3555    31      437.8429      348.2576    61230   20.46%
    895   328      357.9821    90      437.8429      348.3265    64231   20.44%
Elapsed time = 61.60 sec. (41607.32 ticks, tree = 2.57 MB, solutions = 2)
    947   370      356.4973    70      437.8429      348.3395    68497   20.44%
    989   404      351.2452    79      437.8429      348.3423    70861   20.44%
   1032   443      384.6160    47      437.8429      348.4029    73945   20.43%
   1087   484      411.4549    44      437.8429      348.4569    77358   20.42%
   1135   528      379.0417    24      437.8429      348.6342    80798   20.37%
*  1149+  527                          428.7631      348.6342            18.69%
   1189   555      358.6567    62      428.7631      349.3837    83870   18.51%
*  1223   586      integral     0      428.4594      349.3837    85556   18.46%
   1236   595      355.8406    48      428.4594      349.4318    86642   18.44%
   1262   617      355.8047    61      428.4594      349.4645    89512   18.44%
*  1323+  656                          425.9145      349.5063            17.94%
   1323   658      409.7161    53      425.9145      349.6678    93233   17.90%
   1362   691      416.0353    34      425.9145      349.7710    97133   17.88%
Elapsed time = 80.21 sec. (52131.13 ticks, tree = 2.88 MB, solutions = 5)
   1403   723      350.1740    63      425.9145      349.9030   100087   17.85%
   1453   765      371.1023    63      425.9145      349.9092   103410   17.85%
   1509   809      357.7364    76      425.9145      350.0148   107057   17.82%
   1527   826      405.5917    29      425.9145      350.0148   107813   17.82%
   1528   827      350.1955    78      425.9145      350.1039   108114   17.80%
   1586   879      399.8485    24      425.9145      350.1955   111288   17.78%
   1652   931      394.3491    34      425.9145      350.1985   115194   17.78%
   1708   978      350.3903   122      425.9145      350.2615   118934   17.76%
   1765  1028      354.8862    90      425.9145      350.2800   122019   17.76%
   1839  1090      352.2730    63      425.9145      350.3201   125288   17.75%
Elapsed time = 105.67 sec. (70383.84 ticks, tree = 3.36 MB, solutions = 5)
   1887  1134      417.7067    30      425.9145      350.3506   129050   17.74%
   1949  1187      385.4386    29      425.9145      350.4207   132575   17.73%
   1993  1221      388.8454    41      425.9145      350.4740   136185   17.71%
   2054  1263      350.6345    70      425.9145      350.5203   140332   17.70%
   2116  1314      355.3849    67      425.9145      350.5658   144307   17.69%
   2173  1363      401.9998    28      425.9145      350.6618   148742   17.67%
   2260  1431      406.8732    24      425.9145      350.6759   152256   17.67%
   2318  1478      361.0190    69      425.9145      350.7583   155491   17.65%
   2378  1526      396.0103    13      425.9145      350.8261   159545   17.63%
   2431  1572      354.9869    56      425.9145      350.8446   161838   17.63%
Elapsed time = 117.93 sec. (80016.97 ticks, tree = 3.90 MB, solutions = 5)
*  2490  1594      integral     0      421.1744      350.9194   164902   16.68%
   2502  1604      374.4705    56      421.1744      350.9273   165546   16.68%
*  2581  1589      integral     0      413.9342      350.9402   169553   15.22%
   2583  1589      351.6619    99      413.9342      350.9426   169681   15.22%
   2646  1648      412.9723    35      413.9342      350.9467   173771   15.22%
*  2681+ 1675                          413.9014      350.9553            15.21%
*  2681+ 1662                          412.7621      350.9553            14.97%
   2688  1667      356.2276    88      412.7621      350.9626   175847   14.97%
   2745  1716      355.2717    68      412.7621      350.9727   179330   14.97%
   2809  1764      352.0054    80      412.7621      351.0107   184265   14.96%
   2888  1832      354.7823    46      412.7621      351.0260   187943   14.96%
   2935  1872      368.3773    47      412.7621      351.0813   191629   14.94%
   3018  1939      352.8888    86      412.7621      351.1219   195453   14.93%
   3069  1975      409.1629    29      412.7621      351.1547   200066   14.93%
Elapsed time = 129.84 sec. (89815.09 ticks, tree = 4.30 MB, solutions = 9)
   3115  2006      360.6259    60      412.7621      351.1826   204252   14.92%
   3149  2029      366.4610    56      412.7621      351.1973   209134   14.92%
*  3179  2006      integral     0      408.6943      351.1973   211697   14.07%
   3202  2023      361.9898    50      408.6943      351.2101   213581   14.07%
   3270  2074      351.2933    57      408.6943      351.2181   217259   14.06%
*  3279+ 2058                          406.3092      351.2181            13.56%
*  3279+ 2042                          405.1699      351.2181            13.32%
*  3279+ 1944                          400.8211      351.2181            12.38%
   3283  1950      363.0892    45      400.8211      351.2181   219400   12.38%
   3354  2010      386.9443    37      400.8211      351.2452   223617   12.37%
   3418  2067      378.2491    37      400.8211      351.2540   227772   12.37%
   3494  2120      374.7806    31      400.8211      351.2856   231770   12.36%
   3559  2163      351.7704   112      400.8211      351.3701   235828   12.34%
   3643  2231      351.9601    67      400.8211      351.4065   239443   12.33%
Elapsed time = 142.10 sec. (99671.65 ticks, tree = 4.54 MB, solutions = 13)
   3699  2275      353.8300    53      400.8211      351.4346   243763   12.32%
   3773  2329      364.0924    50      400.8211      351.5078   248299   12.30%
   3832  2372      394.7597    33      400.8211      351.5170   252984   12.30%
   3899  2416      396.1170    29      400.8211      351.5536   257175   12.29%
   3961  2466      381.9421    49      400.8211      351.6018   260944   12.28%
   4035  2520      376.9724    24      400.8211      351.6100   264848   12.28%
   4105  2574      375.7518    55      400.8211      351.6461   268962   12.27%
   4130  2595      356.3124    65      400.8211      351.6563   272739   12.27%
   4167  2622      370.7802    35      400.8211      351.6681   277556   12.26%
   4223  2667      396.8606    30      400.8211      351.6725   281407   12.26%
Elapsed time = 154.36 sec. (109398.63 ticks, tree = 5.09 MB, solutions = 13)
   4265  2694      356.5013    59      400.8211      351.7019   285786   12.25%
   4325  2745      384.6017    30      400.8211      351.7371   289410   12.25%
   4397  2796      370.0208    18      400.8211      351.7579   293144   12.24%
   4457  2843      372.7776    54      400.8211      351.7695   296906   12.24%
   4521  2898      356.6955    46      400.8211      351.7863   301342   12.23%
   4606  2969      366.4728    35      400.8211      351.8197   304781   12.23%
   4685  3026      351.8257    99      400.8211      351.8271   308577   12.22%
   4743  3077      383.8706    44      400.8211      351.8692   312986   12.21%
   4802  3114      356.0181    71      400.8211      351.8937   317190   12.21%
   5075  3332      388.2291    35      400.8211      351.9333   332510   12.20%
Elapsed time = 170.68 sec. (121924.34 ticks, tree = 5.92 MB, solutions = 13)
   5322  3508      388.5108    41      400.8211      352.0054   348561   12.18%
   5566  3697      386.0767    36      400.8211      352.0548   363825   12.17%
   5886  3937      352.9124    78      400.8211      352.1534   379445   12.14%
   6128  4114      363.4703    67      400.8211      352.2084   396046   12.13%
   6366  4301      373.0026    26      400.8211      352.2733   412336   12.11%
   6620  4491      369.9606    42      400.8211      352.3355   427876   12.10%
   6867  4662      388.6537    27      400.8211      352.3941   445236   12.08%
   7149  4876      366.4261    59      400.8211      352.4421   462258   12.07%
   7389  5056      357.6028    51      400.8211      352.4665   477819   12.06%
   7677  5268      353.0354    68      400.8211      352.5576   492393   12.04%
Elapsed time = 219.21 sec. (160288.93 ticks, tree = 8.72 MB, solutions = 13)
   7935  5452      368.3829    59      400.8211      352.5869   509000   12.03%
   8216  5672      377.6496    38      400.8211      352.7233   524664   12.00%
   8509  5889      354.7474    41      400.8211      352.7835   539613   11.98%
   8774  6071      354.6968    47      400.8211      352.8438   555488   11.97%
   9042  6268      365.3053    48      400.8211      352.9309   572540   11.95%
   9328  6476      357.5842    43      400.8211      352.9980   587826   11.93%
   9596  6666      378.0370    29      400.8211      353.0456   604215   11.92%

Performing restart 2

Repeating presolve.
Tried aggregator 1 time.
MIP Presolve eliminated 6 rows and 1 columns.
MIP Presolve modified 42 coefficients.
Reduced MIP has 7046 rows, 706 columns, and 57478 nonzeros.
Reduced MIP has 520 binaries, 0 generals, 0 SOSs, and 0 indicators.
Presolve time = 0.05 sec. (33.52 ticks)
Tried aggregator 1 time.
Reduced MIP has 7046 rows, 706 columns, and 57478 nonzeros.
Reduced MIP has 520 binaries, 0 generals, 0 SOSs, and 0 indicators.
Presolve time = 0.05 sec. (25.78 ticks)
Represolve time = 0.23 sec. (116.64 ticks)
   9637     0      345.9914   158      400.8211    Cuts: 1861   607069   11.91%
   9637     0      346.0185   146      400.8211    Cuts: 1345   607206   11.91%
   9637     0      346.0564   173      400.8211    Cuts: 1013   607444   11.91%
   9637     0      346.1166   141      400.8211    Cuts: 1439   607627   11.91%
   9637     0      346.1166   147      400.8211    Cuts: 1861   607715   11.91%
   9637     0      346.1842   156      400.8211     Cuts: 770   607952   11.91%
   9637     0      346.2187   153      400.8211    Cuts: 1192   608062   11.91%
   9637     0      346.2206   157      400.8211    Cuts: 1861   608140   11.91%
   9637     2      346.2206   136      400.8211      353.0697   608140   11.91%
   9656    11      346.2468   125      400.8211      353.0697   610753   11.91%
   9671    24      386.9203    56      400.8211      353.0697   612568   11.91%
Elapsed time = 280.71 sec. (210705.63 ticks, tree = 0.53 MB, solutions = 13)
   9714    54      346.7435    71      400.8211      353.0697   613286   11.91%
   9767   102      370.4254    68      400.8211      353.0697   615270   11.91%
   9846   150      360.7938    53      400.8211      353.0697   618645   11.91%
   9933   210      350.3805    53      400.8211      353.0697   623017   11.91%
  10051   292      373.3924    28      400.8211      353.0697   628329   11.91%
  10203   400      358.4297    43      400.8211      353.0697   635006   11.91%
  10373   522      400.4607    23      400.8211      353.0697   640981   11.91%
  10468   578      351.7712    58      400.8211      353.0697   648228   11.91%
  10653   711      359.3415    48      400.8211      353.0697   654408   11.91%
  10843   842      384.6471    45      400.8211      353.0697   662267   11.91%
Elapsed time = 321.16 sec. (249293.76 ticks, tree = 30.91 MB, solutions = 13)
  11007   948        cutoff            400.8211      353.0697   669471   11.91%
  11233  1087      352.1524    59      400.8211      353.0697   678478   11.91%
  11454  1220      380.8339    46      400.8211      353.0697   687608   11.91%
  11656  1357      399.9475    22      400.8211      353.0697   695525   11.91%
  11804  1461      383.8994    31      400.8211      353.0697   702193   11.91%
  11998  1587      375.5220    61      400.8211      353.0697   710283   11.91%
  12174  1703      391.9061    51      400.8211      353.0697   718814   11.91%
  12384  1839      355.0052    72      400.8211      353.0697   727856   11.91%
  12567  1956      393.0802    49      400.8211      353.0697   736876   11.91%
  12697  2023      353.2725    80      400.8211      353.0697   743605   11.91%
Elapsed time = 366.12 sec. (287583.55 ticks, tree = 70.76 MB, solutions = 13)
  12912  2174      399.2130    25      400.8211      353.0697   753429   11.91%
  13095  2282      383.7735    38      400.8211      353.2741   763110   11.86%
  13273  2404      381.4917    38      400.8211      353.3773   771934   11.84%
  13476  2534      358.0621    70      400.8211      353.4935   781823   11.81%
  13674  2645      375.0876    51      400.8211      353.6611   791143   11.77%
  13891  2793      360.1046    56      400.8211      353.7436   800338   11.75%
  14123  2935      369.1393    78      400.8211      353.9160   809963   11.70%
  14336  3082      367.2525    75      400.8211      354.0589   820117   11.67%
  14472  3174      364.8491    59      400.8211      354.1055   828403   11.65%
  14637  3294      357.4608    58      400.8211      354.2930   835877   11.61%
Elapsed time = 411.28 sec. (325965.33 ticks, tree = 106.00 MB, solutions = 13)
  14865  3447      396.8642    27      400.8211      354.4440   845957   11.57%
  15067  3586      354.7189    80      400.8211      354.5107   855948   11.55%
  15275  3715      363.9859    58      400.8211      354.7189   866053   11.50%
  15450  3828      355.1776    76      400.8211      354.7980   876537   11.48%
  15591  3905      368.8638    51      400.8211      354.8646   885958   11.47%
  15749  3991      361.6839    62      400.8211      354.9576   894641   11.44%
  15951  4112      373.0155    37      400.8211      355.0453   903058   11.42%
  16176  4240      373.1149    48      400.8211      355.2075   912774   11.38%
  16364  4364      361.5871    49      400.8211      355.3269   922524   11.35%
  16560  4475      382.3455    47      400.8211      355.4150   932448   11.33%
Elapsed time = 464.68 sec. (364732.53 ticks, tree = 143.28 MB, solutions = 13)
  16718  4559      376.2429    47      400.8211      355.4838   941841   11.31%
  16883  4653      370.4076    58      400.8211      355.5662   950273   11.29%
  17074  4759      386.6502    32      400.8211      355.6483   959192   11.27%
  17205  4847      378.8905    39      400.8211      355.6685   967850   11.27%
  17383  4947      364.1982    48      400.8211      355.7809   977758   11.24%
  17567  5053      360.0075    41      400.8211      355.8683   987942   11.22%
  17789  5196      388.8154    62      400.8211      355.9801   997802   11.19%
  17980  5308      383.2373    39      400.8211      356.0597  1007877   11.17%
  18156  5435      397.6503    43      400.8211      356.1308  1018247   11.15%
  18363  5538      358.2325    74      400.8211      356.2173  1030527   11.13%
Elapsed time = 512.85 sec. (402968.19 ticks, tree = 171.45 MB, solutions = 13)
  18587  5678      366.5364    69      400.8211      356.2927  1045078   11.11%
  18778  5792      381.2329    40      400.8211      356.3981  1057185   11.08%
  19031  5942      368.4342    47      400.8211      356.4584  1073487   11.07%
  19262  6080      361.2978    68      400.8211      356.5734  1090212   11.04%
  19464  6190      394.4011    51      400.8211      356.6452  1103676   11.02%
  19665  6277      368.0806    65      400.8211      356.7962  1116896   10.98%
  19897  6396      356.9260    52      400.8211      356.9260  1133113   10.95%
  20136  6533      368.0581    50      400.8211      357.0377  1148843   10.92%
  20409  6690      369.7676    64      400.8211      357.1106  1164975   10.91%
  20552  6784      368.4840    53      400.8211      357.1755  1176921   10.89%
Elapsed time = 553.44 sec. (441299.53 ticks, tree = 169.45 MB, solutions = 13)
  20778  6917      365.1616    62      400.8211      357.2392  1191593   10.87%
  20966  7030      358.6044    63      400.8211      357.3036  1204647   10.86%
  21189  7157      392.5307    50      400.8211      357.3957  1219184   10.83%
  21428  7285      368.1522    43      400.8211      357.4890  1235491   10.81%
  21651  7414      368.7974    63      400.8211      357.5294  1249777   10.80%
  21923  7578      385.9146    32      400.8211      357.6027  1265988   10.78%
  22126  7680      399.3015    47      400.8211      357.6597  1281508   10.77%
  22274  7764      358.3333    61      400.8211      357.6828  1296492   10.76%
  22490  7884      362.0803    62      400.8211      357.7341  1310521   10.75%
  22661  7975      369.6109    70      400.8211      357.7558  1324591   10.74%
Elapsed time = 596.63 sec. (479996.72 ticks, tree = 167.49 MB, solutions = 13)
  22820  8064      384.2464    23      400.8211      357.8018  1337697   10.73%
  23062  8196      360.2653    50      400.8211      357.8884  1353729   10.71%
  23287  8316        cutoff            400.8211      357.9608  1371642   10.69%
  23524  8429      377.0643    37      400.8211      357.9980  1388315   10.68%
  23660  8502      365.0839    74      400.8211      358.0345  1401582   10.67%
  23825  8600      362.7316    50      400.8211      358.0621  1414822   10.67%
  24010  8710      366.6095    49      400.8211      358.1060  1428448   10.66%
  24203  8805      371.9916    50      400.8211      358.1609  1443410   10.64%
  24417  8929      389.0513    55      400.8211      358.2131  1460062   10.63%
  24645  9057      369.3378    38      400.8211      358.2617  1476480   10.62%
Elapsed time = 640.12 sec. (518279.88 ticks, tree = 166.13 MB, solutions = 13)
  24853  9175      377.2185    34      400.8211      358.3011  1492134   10.61%
  25045  9269      359.5787    58      400.8211      358.3743  1508742   10.59%
  25252  9397      398.4415    42      400.8211      358.3932  1523685   10.59%
  25432  9492      395.3253    41      400.8211      358.4226  1538712   10.58%
  25663  9625      397.4695    31      400.8211      358.4945  1553466   10.56%
  25884  9747      364.8440    66      400.8211      358.5496  1570499   10.55%
  26109  9875      392.1792    51      400.8211      358.6211  1587220   10.53%
  26349 10004      395.0052    51      400.8211      358.6818  1604304   10.51%
  26623 10168      385.6955    59      400.8211      358.7473  1620505   10.50%
  26813 10271      368.9729    35      400.8211      358.7814  1635379   10.49%
Elapsed time = 683.16 sec. (556732.02 ticks, tree = 164.66 MB, solutions = 13)
  27025 10376      361.2475    61      400.8211      358.8257  1649695   10.48%
  27260 10513        cutoff            400.8211      358.8673  1663997   10.47%
  27482 10654      397.7721    50      400.8211      358.9161  1678362   10.45%
  27697 10768      375.5541    56      400.8211      358.9369  1692982   10.45%
  27934 10894      360.4510    49      400.8211      358.9885  1711237   10.44%
  28086 10978      380.8216    53      400.8211      359.0219  1724995   10.43%
  28328 11106      364.3689    38      400.8211      359.0873  1743238   10.41%
  28574 11229        cutoff            400.8211      359.1476  1760224   10.40%
  28760 11334      360.9065    64      400.8211      359.1920  1775219   10.39%
  28968 11449      374.3520    57      400.8211      359.2153  1790678   10.38%
Elapsed time = 726.09 sec. (595133.38 ticks, tree = 164.06 MB, solutions = 13)
  29174 11571      360.6911    69      400.8211      359.2400  1805893   10.37%
  29391 11696      379.9776    63      400.8211      359.2701  1821429   10.37%
  29620 11811      366.4591    55      400.8211      359.3173  1838407   10.35%
  29832 11908      361.9622    54      400.8211      359.3753  1855457   10.34%
  30112 12051      364.0401    69      400.8211      359.4148  1872882   10.33%
  30321 12163      364.4519    55      400.8211      359.4543  1889552   10.32%
  30536 12277      395.0288    53      400.8211      359.5086  1906110   10.31%
  30736 12383      382.3857    45      400.8211      359.5365  1918221   10.30%
  30977 12531      378.0539    49      400.8211      359.5739  1932029   10.29%
  31189 12635      384.3522    36      400.8211      359.6282  1948561   10.28%
Elapsed time = 769.46 sec. (633401.38 ticks, tree = 163.19 MB, solutions = 13)
  31417 12730      398.9303    44      400.8211      359.6861  1965904   10.26%
  31637 12841      375.2513    60      400.8211      359.7304  1980376   10.25%
  31904 13003      365.1086    40      400.8211      359.7750  1997146   10.24%
* 32123 13032      integral     0      400.4188      359.8053  2011402   10.14%
  32162 13049      392.0416    46      400.4188      359.8192  2014664   10.14%
  32410 13196      370.3504    54      400.4188      359.8657  2031895   10.13%
  32605 13287      363.9426    47      400.4188      359.8984  2047348   10.12%
  32779 13393      374.8068    46      400.4188      359.9025  2063078   10.12%
  32983 13502      367.3953    50      400.4188      359.9184  2078283   10.11%
  33214 13616      396.1516    29      400.4188      359.9451  2095115   10.11%
  33365 13709      393.1746    29      400.4188      359.9622  2108396   10.10%
Elapsed time = 812.97 sec. (672906.17 ticks, tree = 161.55 MB, solutions = 14)
  33604 13829      396.0802    35      400.4188      359.9986  2123424   10.09%
  33800 13935        cutoff            400.4188      360.0420  2137321   10.08%
  34050 14077      360.8786    51      400.4188      360.0752  2154837   10.08%
  34244 14189      369.4009    49      400.4188      360.1027  2169665   10.07%
  34492 14329      363.6679    52      400.4188      360.1430  2186228   10.06%
  34637 14420      385.2163    52      400.4188      360.1719  2196963   10.05%
  34887 14583      395.2673    61      400.4188      360.2054  2213544   10.04%
  35119 14713      363.3982    64      400.4188      360.2593  2230661   10.03%
  35311 14807      360.8597    80      400.4188      360.2920  2245993   10.02%
  35487 14899      369.7585    38      400.4188      360.3219  2261757   10.01%
Elapsed time = 856.81 sec. (711478.82 ticks, tree = 161.59 MB, solutions = 14)
* 35637+14906                          400.2977      360.3626             9.98%
  35655 14916      369.4839    65      400.2977      360.3666  2276476    9.98%
* 35737+14929                          400.1659      360.3772             9.94%
  35865 15005      399.0788    43      400.1659      360.4006  2291199    9.94%
  36083 15125      377.8741    30      400.1659      360.4334  2305879    9.93%
  36288 15235      397.0854    66      400.1659      360.4716  2322126    9.92%
  36471 15309      369.8307    40      400.1659      360.5089  2338712    9.91%
  36696 15429      374.6026    46      400.1659      360.5512  2355856    9.90%
  36941 15569      384.4757    50      400.1659      360.6012  2371775    9.89%
  37157 15674        cutoff            400.1659      360.6483  2389908    9.88%
  37398 15794      391.1667    64      400.1659      360.7004  2408702    9.86%
  37620 15904      370.5451    61      400.1659      360.7322  2423939    9.85%
Elapsed time = 900.45 sec. (749780.43 ticks, tree = 160.83 MB, solutions = 16)
  37823 16008      373.9858    58      400.1659      360.7544  2438734    9.85%
  37994 16106      379.7347    65      400.1659      360.7600  2453506    9.85%
  38215 16239      398.8745    56      400.1659      360.7957  2467873    9.84%
  38512 16402      379.2134    37      400.1659      360.8360  2484339    9.83%
  38726 16525      394.3211    31      400.1659      360.8750  2494908    9.82%
  38934 16648      399.0267    50      400.1659      360.9014  2511075    9.81%
  39183 16791      374.3105    64      400.1659      360.9301  2525247    9.80%
  39430 16920      360.9679    38      400.1659      360.9679  2542082    9.80%
  39637 17043      368.1489    50      400.1659      360.9901  2557436    9.79%
  39892 17196      369.9716    54      400.1659      361.0168  2573983    9.78%
Elapsed time = 944.64 sec. (788129.32 ticks, tree = 161.33 MB, solutions = 16)
  40131 17319      394.1373    59      400.1659      361.0379  2591545    9.78%
* 40291 17183      integral     0      399.6241      361.0493  2601797    9.65%
* 40391+17147                          399.4177      361.0648             9.60%
  40440 17175      362.5214    53      399.4177      361.0722  2615225    9.60%
  40637 17279      392.8306    40      399.4177      361.1003  2629670    9.59%
  40859 17404        cutoff            399.4177      361.1273  2645040    9.59%
  41034 17503      361.2185    67      399.4177      361.1373  2661260    9.58%
  41225 17618      390.7951    32      399.4177      361.1677  2675865    9.58%
  41485 17764        cutoff            399.4177      361.1995  2691495    9.57%
  41705 17890      371.2597    69      399.4177      361.2185  2708421    9.56%
  41966 18034      398.4663    58      399.4177      361.2501  2725514    9.56%
Elapsed time = 986.73 sec. (825301.68 ticks, tree = 158.83 MB, solutions = 18)
  42218 18179      370.0890    68      399.4177      361.2817  2743015    9.55%
  42478 18336      396.2166    29      399.4177      361.3153  2760104    9.54%
  42644 18405      398.5000    56      399.4177      361.3340  2773238    9.53%
  42862 18508      398.8678    41      399.4177      361.3565  2790187    9.53%
  43103 18643      370.3447    63      399.4177      361.3764  2805419    9.52%
  43317 18747      368.7007    67      399.4177      361.4084  2820442    9.52%
  43533 18856      372.7750    66      399.4177      361.4244  2834142    9.51%
  43670 18925      375.1644    61      399.4177      361.4424  2844888    9.51%
  43901 19044      379.1908    35      399.4177      361.4803  2860207    9.50%
  44082 19151        cutoff            399.4177      361.5038  2875371    9.49%
Elapsed time = 1030.09 sec. (863591.98 ticks, tree = 158.61 MB, solutions = 18)
  44337 19293      391.5142    59      399.4177      361.5627  2893103    9.48%
  44592 19424      380.9219    35      399.4177      361.5934  2910700    9.47%
  44818 19549      366.3152    62      399.4177      361.6269  2926032    9.46%
  45065 19688      390.6919    33      399.4177      361.6529  2942481    9.45%
  45339 19836      362.6577    66      399.4177      361.6840  2960100    9.45%
  45560 19935      373.4203    53      399.4177      361.7093  2977600    9.44%
  45794 20052      368.3487    74      399.4177      361.7542  2993152    9.43%
  46043 20177      395.9531    26      399.4177      361.8043  3008267    9.42%
  46263 20297      392.1523    40      399.4177      361.8287  3023669    9.41%
  46497 20423      367.3735    47      399.4177      361.8585  3038782    9.40%
Elapsed time = 1073.41 sec. (901846.86 ticks, tree = 158.69 MB, solutions = 18)
  46772 20569      390.7627    20      399.4177      361.8829  3054836    9.40%
  47035 20696      378.6578    48      399.4177      361.9042  3071423    9.39%
  47281 20828      388.3571    56      399.4177      361.9293  3086935    9.39%
  47558 20992      365.9012    63      399.4177      361.9662  3102550    9.38%
  47846 21155      378.0499    38      399.4177      362.0022  3119966    9.37%
  48094 21281      395.9295    29      399.4177      362.0330  3135602    9.36%
  48347 21405        cutoff            399.4177      362.0692  3152997    9.35%
  48552 21504      386.3131    44      399.4177      362.0920  3170331    9.35%
* 48696 21503      integral     0      399.2683      362.0979  3180451    9.31%
  48765 21530        cutoff            399.2683      362.1059  3186364    9.31%
  48996 21652      377.4722    42      399.2683      362.1347  3200439    9.30%
Elapsed time = 1117.27 sec. (940417.51 ticks, tree = 158.37 MB, solutions = 19)
  49220 21777        cutoff            399.2683      362.1597  3215342    9.29%
  49428 21882      386.7416    43      399.2683      362.1796  3230912    9.29%
  49662 22010      392.1720    54      399.2683      362.1987  3247194    9.28%
  49915 22116      370.2906    40      399.2683      362.2303  3263681    9.28%
  50150 22225      374.0086    62      399.2683      362.2529  3279890    9.27%
  50409 22362      370.3399    43      399.2683      362.2877  3297449    9.26%
  50640 22487      391.5816    44      399.2683      362.3081  3315476    9.26%
  50888 22607      362.8856    57      399.2683      362.3317  3332721    9.25%
  51131 22752      396.3811    33      399.2683      362.3498  3350515    9.25%
  51383 22914      384.3832    27      399.2683      362.3595  3366951    9.24%
Elapsed time = 1160.43 sec. (978706.66 ticks, tree = 158.95 MB, solutions = 19)
  51593 23041      383.3832    46      399.2683      362.3850  3383247    9.24%
  51723 23111      363.3980    61      399.2683      362.3960  3396877    9.23%
  51951 23245      385.9816    38      399.2683      362.4200  3411858    9.23%
  52195 23368      370.3676    56      399.2683      362.4459  3427653    9.22%
  52406 23467      386.7582    48      399.2683      362.4613  3442907    9.22%
  52618 23572      398.3960    22      399.2683      362.4826  3458612    9.21%
  52874 23706      384.9046    54      399.2683      362.5153  3473773    9.21%
  53119 23839      366.0280    73      399.2683      362.5366  3490799    9.20%
  53393 24003      364.1942    58      399.2683      362.5677  3507763    9.19%
  53643 24127      374.9594    66      399.2683      362.6173  3521981    9.18%
Elapsed time = 1202.97 sec. (1017132.57 ticks, tree = 159.53 MB, solutions = 19)
  53907 24276      389.6179    52      399.2683      362.6519  3538624    9.17%
  54140 24388      399.0573    58      399.2683      362.6836  3556386    9.16%
  54340 24492      398.5245    62      399.2683      362.7033  3574352    9.16%
  54581 24609        cutoff            399.2683      362.7254  3589987    9.15%
  54786 24698      394.3129    50      399.2683      362.7371  3602670    9.15%
  55035 24831      368.4633    48      399.2683      362.7582  3618149    9.14%
  55294 24976      365.7642    71      399.2683      362.7882  3633681    9.14%
  55520 25082      386.8501    47      399.2683      362.8102  3648904    9.13%
  55693 25172      392.9702    41      399.2683      362.8287  3659443    9.13%
  55947 25286      378.4519    56      399.2683      362.8699  3675662    9.12%
Elapsed time = 1244.59 sec. (1055677.69 ticks, tree = 159.97 MB, solutions = 19)
  56184 25400      380.3506    47      399.2683      362.8982  3691963    9.11%
  56445 25540      363.1620    73      399.2683      362.9197  3707573    9.10%
  56692 25669      380.7827    65      399.2683      362.9569  3725503    9.09%
  56980 25823      393.0565    48      399.2683      362.9819  3742364    9.09%
  57256 25948      369.6945    68      399.2683      363.0219  3759194    9.08%
  57473 26066      371.4461    49      399.2683      363.0450  3775186    9.07%
  57743 26210      398.3299    24      399.2683      363.0566  3790319    9.07%
  58002 26350      398.3800    48      399.2683      363.0837  3807341    9.06%
  58167 26458      365.5446    55      399.2683      363.0837  3827679    9.06%
  58350 26552      371.7078    36      399.2683      363.0911  3843684    9.06%
Elapsed time = 1282.11 sec. (1094327.94 ticks, tree = 160.84 MB, solutions = 19)
  58577 26667      363.6818    73      399.2683      363.1222  3859559    9.05%
  58772 26774      369.2035    56      399.2683      363.1373  3871773    9.05%
  58978 26875      373.3785    70      399.2683      363.1595  3887557    9.04%
  59223 26997      384.6044    44      399.2683      363.1858  3903138    9.04%
  59475 27117      365.6992    55      399.2683      363.2136  3919742    9.03%
  59677 27228      368.1986    53      399.2683      363.2272  3931868    9.03%
  59943 27383      388.5793    38      399.2683      363.2583  3950060    9.02%
  60198 27519      374.3370    50      399.2683      363.2909  3967985    9.01%
  60447 27652      378.2737    34      399.2683      363.3103  3985203    9.01%
  60684 27778      397.2104    44      399.2683      363.3433  4002816    9.00%
Elapsed time = 1318.77 sec. (1132582.42 ticks, tree = 161.37 MB, solutions = 19)
  60951 27911      390.4957    51      399.2683      363.3635  4019160    8.99%
  61150 28003      364.9503    63      399.2683      363.3976  4035414    8.98%
  61419 28138      366.0472    57      399.2683      363.4224  4052120    8.98%
  61676 28272      391.8089    43      399.2683      363.4548  4066244    8.97%
  61879 28375      386.8406    49      399.2683      363.4744  4081523    8.96%
  62174 28525      363.5001    59      399.2683      363.5001  4096993    8.96%
  62436 28655      373.7699    54      399.2683      363.5244  4112930    8.95%
  62699 28803      367.4379    60      399.2683      363.5533  4128102    8.95%
  62920 28937      397.8349    29      399.2683      363.5705  4144348    8.94%
  63154 29059      374.7807    40      399.2683      363.5889  4161417    8.94%
Elapsed time = 1354.88 sec. (1170848.38 ticks, tree = 162.20 MB, solutions = 19)
  63374 29171      363.7131    91      399.2683      363.6019  4177936    8.93%
  63637 29304      384.5891    40      399.2683      363.6226  4193971    8.93%
  63862 29411      368.5923    73      399.2683      363.6476  4210247    8.92%
  64123 29536      364.5742    65      399.2683      363.6637  4226666    8.92%
  64390 29712    infeasible            399.2683      363.6780  4243244    8.91%
  64572 29820        cutoff            399.2683      363.6837  4260540    8.91%
  64837 29960      387.0154    56      399.2683      363.7041  4276490    8.91%
  65053 30081      394.9991    39      399.2683      363.7179  4291278    8.90%
  65249 30177      394.6324    51      399.2683      363.7318  4307225    8.90%
  65500 30311      381.3076    55      399.2683      363.7534  4322885    8.89%
Elapsed time = 1392.51 sec. (1210370.23 ticks, tree = 163.44 MB, solutions = 19)
  65675 30377      392.8182    59      399.2683      363.7633  4337763    8.89%
  65822 30405      399.2275    32      399.2683      363.7633  4355178    8.89%
  65947 30446      394.2399    65      399.2683      363.7633  4374152    8.89%
  66094 30506      394.8531    46      399.2683      363.7711  4391006    8.89%
  66314 30584      378.6530    49      399.2683      363.7926  4405110    8.89%
  66561 30701      379.9626    65      399.2683      363.8176  4422427    8.88%
  66766 30818      375.7437    52      399.2683      363.8299  4436536    8.88%
  66996 30913      374.5428    49      399.2683      363.8574  4453861    8.87%
  67250 31040      378.3942    62      399.2683      363.8760  4471639    8.86%
  67534 31177      393.6006    48      399.2683      363.8942  4489468    8.86%
Elapsed time = 1428.55 sec. (1248852.53 ticks, tree = 162.91 MB, solutions = 19)
  67768 31303      383.4198    40      399.2683      363.9082  4504719    8.86%
  68020 31441      371.7005    57      399.2683      363.9398  4522215    8.85%
  68279 31576      365.7865    46      399.2683      363.9629  4539754    8.84%
* 68342 31546      integral     0      399.1453      363.9670  4544013    8.81%
  68553 31666      378.3856    42      399.1453      363.9858  4558229    8.81%
  68808 31827      374.4320    49      399.1453      364.0020  4572158    8.80%
  69032 31934      379.8663    49      399.1453      364.0275  4587008    8.80%
  69288 32038      367.9442    75      399.1453      364.0478  4603093    8.79%
  69549 32160      395.3740    24      399.1453      364.0603  4618337    8.79%
  69755 32267      383.4697    62      399.1453      364.0773  4631270    8.79%
Elapsed time = 1461.44 sec. (1284329.83 ticks, tree = 163.15 MB, solutions = 20)
  70023 32420      396.2145    24      399.1453      364.0971  4646385    8.78%
  70270 32560      374.8374    51      399.1453      364.1113  4662319    8.78%
  70570 32743      367.8564    64      399.1453      364.1266  4678223    8.77%
  70821 32873        cutoff            399.1453      364.1528  4694574    8.77%
  71058 32982      377.1806    55      399.1453      364.1801  4711495    8.76%
  71303 33108      390.7673    53      399.1453      364.1976  4728621    8.76%
  71539 33225      380.3863    45      399.1453      364.2112  4746087    8.75%
  71785 33341      378.0603    28      399.1453      364.2283  4763397    8.75%
  72030 33452      399.0314    44      399.1453      364.2592  4779633    8.74%
  72297 33602      370.6508    51      399.1453      364.2823  4795711    8.73%
Elapsed time = 1497.38 sec. (1322606.45 ticks, tree = 165.26 MB, solutions = 20)
  72495 33705      392.0297    37      399.1453      364.3065  4810499    8.73%
  72732 33832      383.7890    57      399.1453      364.3325  4825487    8.72%
  72953 33955      372.7331    35      399.1453      364.3531  4841472    8.72%
  73186 34056      393.0140    25      399.1453      364.3773  4857236    8.71%
  73440 34171      365.1159    67      399.1453      364.3944  4872127    8.71%
  73637 34267      390.7009    52      399.1453      364.4167  4887048    8.70%
  73909 34434      371.4218    63      399.1453      364.4322  4902902    8.70%
  74126 34537      371.8607    64      399.1453      364.4410  4918960    8.69%
  74359 34683      392.3608    19      399.1453      364.4602  4935583    8.69%
  74603 34802      376.3861    64      399.1453      364.4759  4952737    8.69%
Elapsed time = 1533.90 sec. (1361828.19 ticks, tree = 165.82 MB, solutions = 20)
  74843 34924      387.1793    53      399.1453      364.4869  4970041    8.68%
  75126 35055      368.4350    61      399.1453      364.5100  4986564    8.68%
  75378 35174      385.9973    48      399.1453      364.5353  5004050    8.67%
  75627 35307      392.6614    39      399.1453      364.5517  5021879    8.67%
  75881 35452      383.0918    63      399.1453      364.5709  5038774    8.66%
  76155 35595        cutoff            399.1453      364.5903  5055029    8.66%
  76343 35682      395.1795    21      399.1453      364.6071  5072067    8.65%
  76560 35807      385.8330    49      399.1453      364.6277  5086323    8.65%
  76736 35897      372.3880    64      399.1453      364.6395  5096140    8.64%
  76957 36011      379.0766    50      399.1453      364.6576  5113651    8.64%
Elapsed time = 1575.32 sec. (1400073.06 ticks, tree = 166.44 MB, solutions = 20)
  77173 36120        cutoff            399.1453      364.6773  5128573    8.64%
  77405 36217        cutoff            399.1453      364.6950  5144002    8.63%
  77633 36344        cutoff            399.1453      364.7150  5159422    8.63%
  77903 36495        cutoff            399.1453      364.7342  5175279    8.62%
  78122 36607      382.2906    52      399.1453      364.7453  5191431    8.62%
  78292 36719      365.1295    72      399.1453      364.7485  5208716    8.62%
  78539 36838      394.9201    37      399.1453      364.7655  5226318    8.61%
  78761 36959      365.3141    54      399.1453      364.7905  5243531    8.61%
  79008 37104      366.6251    54      399.1453      364.8026  5258994    8.60%
  79280 37231      398.3431    50      399.1453      364.8303  5276357    8.60%
Elapsed time = 1616.16 sec. (1438296.02 ticks, tree = 167.31 MB, solutions = 20)
  79537 37374      371.6517    54      399.1453      364.8506  5293431    8.59%
  79750 37482      387.8591    35      399.1453      364.8876  5309717    8.58%
  80021 37628        cutoff            399.1453      364.9005  5327057    8.58%
  80245 37745      374.7368    58      399.1453      364.9172  5342808    8.58%
  80459 37860      369.8901    44      399.1453      364.9266  5358158    8.57%
  80715 38011      395.8232    43      399.1453      364.9405  5371841    8.57%
  80959 38149      364.9579    75      399.1453      364.9581  5386450    8.57%
  81190 38260      395.4988    32      399.1453      364.9792  5402832    8.56%
  81401 38368      385.5170    58      399.1453      364.9962  5418821    8.56%
  81599 38450      369.4326    54      399.1453      365.0156  5434847    8.55%
Elapsed time = 1657.03 sec. (1476683.06 ticks, tree = 168.23 MB, solutions = 20)
  81765 38531      396.6934    46      399.1453      365.0298  5446391    8.55%
  82017 38679      375.6079    58      399.1453      365.0425  5462636    8.54%
  82264 38809      391.1689    59      399.1453      365.0568  5478302    8.54%
  82510 38929      376.5210    50      399.1453      365.0777  5495375    8.54%
  82739 39040      394.7496    41      399.1453      365.0948  5511102    8.53%
  82963 39135      368.9007    51      399.1453      365.1086  5528380    8.53%
  83213 39265      377.7818    29      399.1453      365.1226  5544839    8.52%
  83418 39384      396.7507    54      399.1453      365.1379  5561353    8.52%
  83668 39505      379.9532    53      399.1453      365.1590  5576748    8.51%
  83916 39648        cutoff            399.1453      365.1772  5593644    8.51%
Elapsed time = 1698.24 sec. (1514891.61 ticks, tree = 169.13 MB, solutions = 20)
  84143 39790      379.7171    40      399.1453      365.1901  5609929    8.51%
  84361 39916      373.6631    52      399.1453      365.2028  5624679    8.50%
  84595 40058      397.3379    48      399.1453      365.2135  5639753    8.50%
  84706 40132      382.4862    39      399.1453      365.2163  5648157    8.50%
  84921 40226      394.1143    43      399.1453      365.2266  5664830    8.50%
  85157 40337      376.3268    63      399.1453      365.2405  5680782    8.49%
  85371 40435      373.0789    55      399.1453      365.2567  5696424    8.49%
  85593 40548      383.6431    55      399.1453      365.2686  5710665    8.49%
  85832 40655      393.4639    59      399.1453      365.2889  5726361    8.48%
  86022 40742      392.9063    40      399.1453      365.3054  5742196    8.48%
Elapsed time = 1739.08 sec. (1553321.26 ticks, tree = 170.24 MB, solutions = 20)
  86267 40860      370.3332    58      399.1453      365.3162  5759068    8.48%
  86535 41017      368.9862    46      399.1453      365.3294  5774725    8.47%
  86750 41163      383.6359    51      399.1453      365.3411  5788411    8.47%
  86986 41308      390.7678    21      399.1453      365.3529  5805202    8.47%
  87210 41424      382.5189    48      399.1453      365.3679  5821545    8.46%
  87441 41542      382.4258    54      399.1453      365.3837  5838746    8.46%
  87637 41642      374.8036    50      399.1453      365.4048  5853707    8.45%
  87892 41762      369.8008    54      399.1453      365.4248  5870841    8.45%
  88125 41876      381.9149    41      399.1453      365.4382  5888415    8.44%
  88379 42012      380.7016    46      399.1453      365.4527  5905520    8.44%
Elapsed time = 1782.38 sec. (1592178.18 ticks, tree = 171.51 MB, solutions = 20)
  88617 42133      393.2899    42      399.1453      365.4677  5920348    8.44%
  88839 42249      397.9820    38      399.1453      365.4832  5936468    8.43%
  89099 42393      376.8218    44      399.1453      365.4932  5951305    8.43%
  89346 42538      367.6058    64      399.1453      365.5099  5966824    8.43%
  89539 42646      385.6721    49      399.1453      365.5248  5982047    8.42%
  89768 42763      376.7953    51      399.1453      365.5359  5997694    8.42%
  90010 42890      387.3435    45      399.1453      365.5524  6012169    8.42%
  90311 43041      377.5846    56      399.1453      365.5647  6027648    8.41%
  90522 43131      365.6456    36      399.1453      365.5812  6043322    8.41%
  90681 43222      369.2737    57      399.1453      365.5950  6055650    8.41%
Elapsed time = 1824.78 sec. (1630427.30 ticks, tree = 172.37 MB, solutions = 20)
  90959 43377      382.0082    53      399.1453      365.6190  6073452    8.40%
  91239 43536      365.7312    62      399.1453      365.6387  6089828    8.39%
  91503 43664      376.1900    59      399.1453      365.6581  6107648    8.39%
  91737 43785      378.8123    47      399.1453      365.6753  6122974    8.39%
  92014 43956      388.7733    37      399.1453      365.6840  6139034    8.38%
  92298 44130      385.7841    26      399.1453      365.6960  6154937    8.38%
  92545 44249      381.1030    33      399.1453      365.7103  6171173    8.38%
  92795 44351      374.2557    52      399.1453      365.7307  6189090    8.37%
  93005 44458      373.0437    32      399.1453      365.7383  6204839    8.37%
  93236 44560      389.0358    53      399.1453      365.7592  6220948    8.36%
Elapsed time = 1866.44 sec. (1668687.75 ticks, tree = 173.45 MB, solutions = 20)
  93466 44678      387.3090    53      399.1453      365.7694  6236643    8.36%
  93659 44790      378.3544    59      399.1453      365.7860  6249064    8.36%
  93900 44908      382.4386    63      399.1453      365.7960  6264433    8.36%
  94153 45037      382.8792    44      399.1453      365.8124  6280147    8.35%
  94390 45168      396.5848    24      399.1453      365.8332  6296272    8.35%
  94639 45288      374.5423    62      399.1453      365.8455  6311665    8.34%
  94833 45383      386.0809    57      399.1453      365.8567  6328834    8.34%
  95056 45492      393.3934    44      399.1453      365.8734  6345287    8.34%
  95238 45588      398.9479    45      399.1453      365.8834  6360733    8.33%
  95509 45735      398.0982    53      399.1453      365.8991  6376995    8.33%
Elapsed time = 1907.64 sec. (1706922.02 ticks, tree = 174.21 MB, solutions = 20)
  95756 45866      373.4833    60      399.1453      365.9200  6392520    8.32%
  95994 45973        cutoff            399.1453      365.9296  6409945    8.32%
  96239 46085        cutoff            399.1453      365.9554  6427382    8.32%
  96473 46197      368.1439    36      399.1453      365.9730  6443852    8.31%
  96731 46353      391.1682    24      399.1453      365.9871  6459278    8.31%
  96996 46467      385.9415    34      399.1453      366.0053  6475573    8.30%
  97257 46579      398.3075    34      399.1453      366.0300  6491927    8.30%
  97530 46715      367.0781    57      399.1453      366.0470  6509037    8.29%
  97745 46819      367.8269    46      399.1453      366.0690  6522394    8.29%
  97967 46948      369.9914    54      399.1453      366.0864  6538210    8.28%
Elapsed time = 1950.09 sec. (1745198.67 ticks, tree = 175.02 MB, solutions = 20)
  98156 47027      373.8610    62      399.1453      366.1018  6555540    8.28%
  98422 47173      384.2180    54      399.1453      366.1187  6571624    8.27%
  98672 47292      373.5866    61      399.1453      366.1308  6586756    8.27%
  98882 47399      382.6054    61      399.1453      366.1445  6601826    8.27%
  99148 47554      373.7295    56      399.1453      366.1555  6616688    8.27%
  99386 47696      390.9062    49      399.1453      366.1717  6632649    8.26%
  99628 47809      392.7344    61      399.1453      366.1926  6648940    8.26%
  99859 47925      368.9348    64      399.1453      366.2125  6664505    8.25%
 100092 48044      372.5903    61      399.1453      366.2293  6680716    8.25%
 100338 48165      379.2708    48      399.1453      366.2410  6698085    8.24%
Elapsed time = 1991.80 sec. (1783500.07 ticks, tree = 176.01 MB, solutions = 20)
 100601 48292      370.6218    66      399.1453      366.2551  6715103    8.24%
 100747 48352      392.4770    55      399.1453      366.2601  6727718    8.24%
 101003 48448      367.5797    50      399.1453      366.2787  6744831    8.23%
 101254 48589      369.1084    66      399.1453      366.2898  6760728    8.23%
 101512 48734      366.6974    44      399.1453      366.2981  6776495    8.23%
 101739 48840      384.3328    57      399.1453      366.3130  6793800    8.23%
 101960 48946      380.8364    42      399.1453      366.3178  6811781    8.22%
 102183 49059      375.1016    39      399.1453      366.3360  6828936    8.22%
 102418 49168      376.9707    58      399.1453      366.3500  6844629    8.22%
 102610 49246      367.0811    67      399.1453      366.3581  6860665    8.21%
Elapsed time = 2033.46 sec. (1821890.93 ticks, tree = 176.99 MB, solutions = 20)
 102823 49350      368.7961    69      399.1453      366.3700  6875594    8.21%
 103054 49488      394.1388    41      399.1453      366.3823  6891304    8.21%
 103275 49576      374.4288    59      399.1453      366.3949  6907790    8.21%
 103524 49701      370.2077    53      399.1453      366.4171  6922825    8.20%
 103749 49822      383.2469    64      399.1453      366.4260  6936873    8.20%
 103939 49911      366.8653    68      399.1453      366.4363  6953257    8.19%
 104230 50039      388.3085    52      399.1453      366.4573  6969961    8.19%
 104434 50139      369.6555    54      399.1453      366.4653  6987105    8.19%
 104698 50274      393.8824    20      399.1453      366.4811  7003901    8.18%
 104932 50414      388.9052    52      399.1453      366.4941  7019469    8.18%
Elapsed time = 2074.14 sec. (1860249.14 ticks, tree = 178.25 MB, solutions = 20)
 105176 50517      385.3676    49      399.1453      366.5132  7036096    8.18%
 105416 50626      387.0739    54      399.1453      366.5201  7052417    8.17%
 105613 50700      376.6365    49      399.1453      366.5325  7069281    8.17%
 105846 50827      379.6642    52      399.1453      366.5529  7082597    8.17%
 105989 50910      379.3511    49      399.1453      366.5531  7101406    8.17%
 106215 51040      389.1067    40      399.1453      366.5598  7119285    8.16%
 106494 51158      370.2761    68      399.1453      366.5771  7136526    8.16%
 106705 51256      373.2188    44      399.1453      366.5849  7155375    8.16%
 106934 51375      392.1101    50      399.1453      366.5964  7171622    8.15%
 107174 51488      374.1135    72      399.1453      366.6098  7189195    8.15%
Elapsed time = 2119.72 sec. (1899107.93 ticks, tree = 179.00 MB, solutions = 20)
 107395 51591      380.9097    54      399.1453      366.6244  7205398    8.15%
 107619 51722      377.4861    59      399.1453      366.6383  7222407    8.14%
 107790 51806      384.3782    49      399.1453      366.6527  7233418    8.14%
 107999 51909      366.8401    59      399.1453      366.6722  7249018    8.14%
 108231 52033      372.5852    60      399.1453      366.6838  7264459    8.13%
 108457 52129      369.9178    31      399.1453      366.6970  7279352    8.13%
 108668 52244      377.5240    64      399.1453      366.7121  7294253    8.13%
 108916 52355      385.4405    67      399.1453      366.7293  7310870    8.12%
 109182 52506      393.0477    55      399.1453      366.7390  7327021    8.12%
 109431 52638      368.4674    51      399.1453      366.7478  7342473    8.12%
Elapsed time = 2163.27 sec. (1937445.76 ticks, tree = 179.97 MB, solutions = 20)
 109643 52751      374.5468    66      399.1453      366.7601  7356968    8.11%
 109892 52900      394.5076    48      399.1453      366.7712  7373388    8.11%
 110107 53015      377.6510    60      399.1453      366.7811  7390583    8.11%
 110370 53160      390.4047    28      399.1453      366.7919  7408071    8.11%
 110602 53265      371.7119    61      399.1453      366.8064  7425317    8.10%
 110746 53337      393.0076    57      399.1453      366.8138  7436072    8.10%
 110989 53441      373.0313    56      399.1453      366.8263  7453939    8.10%
 111261 53568      397.8758    53      399.1453      366.8402  7471223    8.09%
 111478 53659      384.4375    57      399.1453      366.8557  7488483    8.09%
 111637 53732      381.9692    52      399.1453      366.8597  7499877    8.09%
Elapsed time = 2208.02 sec. (1976142.99 ticks, tree = 180.85 MB, solutions = 20)
 111854 53835      369.0392    42      399.1453      366.8713  7515226    8.09%
 112107 53954      373.5747    58      399.1453      366.8873  7530949    8.08%
 112351 54085      380.4898    63      399.1453      366.8983  7546033    8.08%
 112597 54201      389.4738    39      399.1453      366.9109  7562095    8.08%
 112855 54338      378.6076    49      399.1453      366.9261  7577737    8.07%
 113093 54459      385.5151    61      399.1453      366.9354  7593744    8.07%
 113297 54548      395.8185    45      399.1453      366.9388  7609957    8.07%
 113561 54676      387.7806    59      399.1453      366.9576  7625249    8.06%
 113824 54816      367.0228    64      399.1453      366.9759  7642090    8.06%
 114091 54947      390.6546    48      399.1453      366.9900  7658172    8.06%
Elapsed time = 2252.17 sec. (2014503.70 ticks, tree = 181.73 MB, solutions = 20)
 114361 55089      378.6933    59      399.1453      367.0034  7675793    8.05%
 114576 55194      375.6056    60      399.1453      367.0183  7692838    8.05%
 114760 55293      381.0196    55      399.1453      367.0277  7709058    8.05%
 115049 55459      367.1277    86      399.1453      367.0372  7725036    8.04%
 115300 55613      373.7044    48      399.1453      367.0520  7741212    8.04%
 115557 55727      393.9877    37      399.1453      367.0646  7758589    8.04%
 115831 55857      382.6306    55      399.1453      367.0852  7775155    8.03%
 116054 55981      372.8154    54      399.1453      367.0965  7792070    8.03%
 116327 56130      376.3130    57      399.1453      367.1041  7807604    8.03%
 116607 56278      380.4581    50      399.1453      367.1145  7823185    8.02%
Elapsed time = 2296.48 sec. (2052775.01 ticks, tree = 182.82 MB, solutions = 20)
 116784 56358      390.7211    49      399.1453      367.1229  7835306    8.02%
 117047 56486      394.5364    45      399.1453      367.1340  7850585    8.02%
 117254 56575      377.3798    52      399.1453      367.1484  7866494    8.02%
 117450 56659      369.6093    58      399.1453      367.1564  7881974    8.01%
 117636 56742      370.8499    51      399.1453      367.1665  7897322    8.01%
 117846 56843      390.5946    51      399.1453      367.1755  7913377    8.01%
 118049 56938      373.8617    62      399.1453      367.1907  7929561    8.01%
 118299 57040      398.5858    34      399.1453      367.2083  7946002    8.00%
 118527 57170      386.5628    42      399.1453      367.2181  7961310    8.00%
 118806 57314      369.2593    62      399.1453      367.2232  7977439    8.00%
Elapsed time = 2340.51 sec. (2091067.68 ticks, tree = 183.81 MB, solutions = 20)
 119082 57448      386.5753    52      399.1453      367.2351  7995449    7.99%
 119327 57550      379.3986    52      399.1453      367.2488  8012918    7.99%
 119548 57663      367.2647    68      399.1453      367.2629  8030659    7.99%
 119786 57768      383.5321    49      399.1453      367.2744  8048607    7.98%
 120075 57912        cutoff            399.1453      367.2890  8064644    7.98%
 120339 58051      390.1512    47      399.1453      367.2966  8082280    7.98%
 120602 58183      397.0624    48      399.1453      367.3050  8099689    7.98%
 120846 58317      373.5269    63      399.1453      367.3143  8116268    7.97%
 121103 58435      372.2058    55      399.1453      367.3313  8133391    7.97%
 121345 58560      374.7115    62      399.1453      367.3445  8149795    7.97%
Elapsed time = 2385.06 sec. (2129350.59 ticks, tree = 185.01 MB, solutions = 20)
 121565 58668      370.3933    52      399.1453      367.3523  8166009    7.97%
 121791 58768      370.6123    80      399.1453      367.3671  8180182    7.96%
 122070 58917      389.8796    34      399.1453      367.3792  8196579    7.96%
 122296 59011      395.8030    47      399.1453      367.3944  8212270    7.95%
 122544 59133      387.5484    19      399.1453      367.4075  8227698    7.95%
 122689 59208      386.3773    59      399.1453      367.4113  8239539    7.95%
 122919 59307      379.7260    57      399.1453      367.4220  8256034    7.95%
 123145 59417      396.0022    42      399.1453      367.4339  8272307    7.94%
 123353 59520      370.7516    52      399.1453      367.4466  8288885    7.94%
 123600 59637        cutoff            399.1453      367.4556  8305565    7.94%
Elapsed time = 2429.03 sec. (2167581.32 ticks, tree = 186.11 MB, solutions = 20)
 123815 59740      367.4640    53      399.1453      367.4640  8319942    7.94%
 124096 59860      369.7482    47      399.1453      367.4728  8336764    7.94%
 124313 59971      393.6082    31      399.1453      367.4815  8354097    7.93%
 124580 60111      368.7901    63      399.1453      367.4915  8370381    7.93%
 124850 60259      381.4346    44      399.1453      367.5031  8387687    7.93%
 125089 60335        cutoff            399.1453      367.5255  8404558    7.92%
 125319 60453      385.3706    52      399.1453      367.5358  8420789    7.92%
 125575 60568        cutoff            399.1453      367.5470  8437780    7.92%
 125831 60719      396.6886    41      399.1453      367.5565  8454060    7.91%
 126069 60838      390.0855    60      399.1453      367.5680  8470204    7.91%
Elapsed time = 2473.36 sec. (2205846.56 ticks, tree = 187.43 MB, solutions = 20)
 126332 60967      393.9671    38      399.1453      367.5846  8486285    7.91%
 126544 61064      392.3107    50      399.1453      367.5896  8503160    7.91%
 126776 61169      395.1885    40      399.1453      367.6009  8519088    7.90%
 127004 61273      370.2010    38      399.1453      367.6100  8534691    7.90%
 127230 61368      388.5109    51      399.1453      367.6258  8551208    7.90%
 127443 61453      392.1020    48      399.1453      367.6390  8568039    7.89%
 127647 61548      375.3675    64      399.1453      367.6525  8582215    7.89%
 127889 61657      383.9271    57      399.1453      367.6688  8597912    7.89%
 128156 61786      397.7630    44      399.1453      367.6836  8614300    7.88%
 128359 61859        cutoff            399.1453      367.6967  8631275    7.88%
Elapsed time = 2517.35 sec. (2244309.51 ticks, tree = 188.12 MB, solutions = 20)
 128633 61997      383.8963    54      399.1453      367.7093  8648048    7.88%
 128905 62132      367.7312    57      399.1453      367.7211  8665357    7.87%
 129173 62289      391.3782    53      399.1453      367.7368  8682671    7.87%
 129409 62404      369.8384    57      399.1453      367.7482  8700002    7.87%
 129634 62503      367.8280    59      399.1453      367.7596  8716803    7.86%
 129818 62586      397.6662    59      399.1453      367.7712  8729539    7.86%
 130052 62689      368.0162    70      399.1453      367.7803  8745919    7.86%
 130299 62816      371.4575    59      399.1453      367.7921  8763032    7.86%
 130517 62927      382.1728    38      399.1453      367.8035  8778556    7.85%
 130721 63027      384.9643    19      399.1453      367.8140  8794765    7.85%
Elapsed time = 2561.78 sec. (2282590.39 ticks, tree = 189.00 MB, solutions = 20)
 130996 63187      395.0359    59      399.1453      367.8280  8812207    7.85%
 131228 63292      374.9026    55      399.1453      367.8368  8827780    7.84%
 131469 63415      387.5069    35      399.1453      367.8464  8844358    7.84%
 131696 63530      391.3734    40      399.1453      367.8540  8859176    7.84%
 131895 63615      379.0054    38      399.1453      367.8647  8876203    7.84%
 132119 63717      379.9025    50      399.1453      367.8749  8891747    7.83%
 132326 63816      370.8286    63      399.1453      367.8872  8908089    7.83%
 132514 63903      394.6933    44      399.1453      367.9004  8924281    7.83%
 132665 63976      379.4567    41      399.1453      367.9052  8935153    7.83%
 132900 64103      368.0869    50      399.1453      367.9098  8951001    7.83%
Elapsed time = 2605.44 sec. (2320838.23 ticks, tree = 189.82 MB, solutions = 20)
 133179 64235      381.7144    47      399.1453      367.9247  8966891    7.82%
 133415 64356      395.9146    49      399.1453      367.9351  8981176    7.82%
 133634 64442      389.0335    41      399.1453      367.9451  8998676    7.82%
 133841 64553      397.5123    38      399.1453      367.9550  9012697    7.81%
 134116 64684      386.7385    49      399.1453      367.9632  9030228    7.81%
 134351 64765      387.5917    50      399.1453      367.9742  9047726    7.81%
 134601 64886      378.7182    46      399.1453      367.9803  9064333    7.81%
 134840 64986      395.8679    45      399.1453      367.9922  9082413    7.80%
 135069 65102      376.4634    65      399.1453      368.0009  9099619    7.80%
 135318 65221      398.3023    24      399.1453      368.0108  9115909    7.80%
Elapsed time = 2649.89 sec. (2359174.60 ticks, tree = 190.76 MB, solutions = 20)
 135558 65317      394.9745    16      399.1453      368.0294  9133086    7.80%
 135809 65446      389.7401    45      399.1453      368.0427  9148736    7.79%
 136058 65559      379.8275    46      399.1453      368.0518  9164596    7.79%
 136336 65724      395.5376    45      399.1453      368.0580  9180812    7.79%
 136560 65814      389.6708    53      399.1453      368.0657  9197642    7.79%
 136791 65944      388.6283    60      399.1453      368.0717  9211751    7.79%
 136978 66033      370.9404    42      399.1453      368.0792  9226179    7.78%
 137207 66160      378.5330    67      399.1453      368.0848  9243539    7.78%
 137427 66263      385.5482    35      399.1453      368.0975  9258848    7.78%
 137651 66369      377.2725    53      399.1453      368.1047  9275587    7.78%
Elapsed time = 2694.00 sec. (2397422.61 ticks, tree = 194.84 MB, solutions = 20)
 137859 66472      374.4133    70      399.1453      368.1135  9291538    7.77%
 138090 66563      379.3736    55      399.1453      368.1260  9307690    7.77%
 138354 66697      396.6269    48      399.1453      368.1327  9323550    7.77%
 138577 66814      392.2597    53      399.1453      368.1369  9340792    7.77%
 138776 66914      375.1090    42      399.1453      368.1487  9352951    7.77%
 138990 67032      379.0833    45      399.1453      368.1547  9369688    7.76%
 139256 67155      393.3011    54      399.1453      368.1684  9385868    7.76%
 139512 67274      373.2253    46      399.1453      368.1806  9401864    7.76%
 139737 67369      398.7995    38      399.1453      368.1883  9417513    7.76%
 140028 67493      397.5569    49      399.1453      368.2035  9433514    7.75%
Elapsed time = 2737.73 sec. (2435632.84 ticks, tree = 196.06 MB, solutions = 20)
 140271 67598      372.5561    48      399.1453      368.2221  9450140    7.75%
 140519 67719      395.8206    53      399.1453      368.2302  9467626    7.75%
 140779 67854      384.9579    53      399.1453      368.2390  9484159    7.74%
 141004 67959      399.1052    35      399.1453      368.2457  9501167    7.74%
 141241 68077      369.7532    62      399.1453      368.2546  9518289    7.74%
 141536 68245      379.0849    51      399.1453      368.2657  9534399    7.74%
 141771 68362      388.0695    51      399.1453      368.2787  9550656    7.73%
 142012 68485      374.7466    60      399.1453      368.2909  9566839    7.73%
 142251 68601      383.5207    36      399.1453      368.3011  9583452    7.73%
 142456 68689      374.5453    51      399.1453      368.3105  9599637    7.73%
Elapsed time = 2778.94 sec. (2474053.03 ticks, tree = 197.20 MB, solutions = 20)
 142714 68819      369.6980    53      399.1453      368.3202  9613988    7.72%
 142968 68963      380.2586    58      399.1453      368.3279  9629553    7.72%
 143204 69090      397.2702    38      399.1453      368.3382  9646200    7.72%
 143444 69222      392.1674    35      399.1453      368.3496  9661247    7.72%
 143637 69315      385.9968    48      399.1453      368.3592  9675120    7.71%
 143901 69457      375.1630    58      399.1453      368.3679  9690197    7.71%
 144158 69576        cutoff            399.1453      368.3865  9705180    7.71%
 144414 69709      377.8847    60      399.1453      368.3954  9722054    7.70%
 144637 69821      376.3805    32      399.1453      368.4039  9736509    7.70%
 144886 69955      377.6048    53      399.1453      368.4107  9753441    7.70%
Elapsed time = 2816.60 sec. (2513324.17 ticks, tree = 198.49 MB, solutions = 20)
 145113 70039      397.9121    37      399.1453      368.4203  9770941    7.70%
 145360 70169      373.3297    54      399.1453      368.4343  9786235    7.69%
 145627 70308      394.7450    38      399.1453      368.4449  9802475    7.69%
 145855 70424      386.9267    70      399.1453      368.4533  9816480    7.69%
 146079 70532      373.7629    45      399.1453      368.4677  9833341    7.69%
 146338 70659        cutoff            399.1453      368.4800  9850190    7.68%
 146584 70767      385.2343    32      399.1453      368.4929  9867287    7.68%
 146850 70890      373.5939    51      399.1453      368.5039  9883600    7.68%
 147094 70991      396.4726    43      399.1453      368.5143  9900891    7.67%
 147355 71140      377.4454    55      399.1453      368.5267  9918052    7.67%
Elapsed time = 2853.53 sec. (2551767.72 ticks, tree = 199.62 MB, solutions = 20)
 147622 71294      385.1073    59      399.1453      368.5365  9934330    7.67%
 147883 71425      377.0154    52      399.1453      368.5450  9950056    7.67%
 148125 71564      387.3357    49      399.1453      368.5533  9965306    7.66%
 148271 71636      369.5660    51      399.1453      368.5592  9977690    7.66%
 148532 71769      371.7274    65      399.1453      368.5669  9994369    7.66%
 148777 71888      391.0966    42      399.1453      368.5766 10011086    7.66%
 149047 72043      391.3958    55      399.1453      368.5803 10026508    7.66%
 149304 72175      397.5924    47      399.1453      368.5906 10042070    7.66%
 149541 72276      371.7012    52      399.1453      368.6010 10057521    7.65%
 149811 72412      377.4436    46      399.1453      368.6090 10072880    7.65%
Elapsed time = 2889.04 sec. (2589980.07 ticks, tree = 200.97 MB, solutions = 20)
 150053 72504      382.8714    63      399.1453      368.6313 10089524    7.64%
 150297 72630      375.8695    44      399.1453      368.6394 10105579    7.64%
 150542 72748        cutoff            399.1453      368.6500 10121792    7.64%
 150801 72885      386.5215    34      399.1453      368.6588 10135965    7.64%
 151073 73027        cutoff            399.1453      368.6654 10152805    7.64%
 151331 73162      394.6787    50      399.1453      368.6767 10169650    7.63%
 151585 73293      386.8805    46      399.1453      368.6879 10186129    7.63%
 151766 73374      383.4424    55      399.1453      368.6961 10198747    7.63%
 152026 73513      376.8227    58      399.1453      368.7005 10215071    7.63%
 152261 73621      373.2547    61      399.1453      368.7117 10231917    7.62%
Elapsed time = 2925.07 sec. (2628261.79 ticks, tree = 202.25 MB, solutions = 20)
 152507 73726      372.9615    65      399.1453      368.7196 10249382    7.62%
 152706 73819      377.3978    67      399.1453      368.7271 10263439    7.62%
 152905 73900      393.0311    60      399.1453      368.7364 10280267    7.62%
 153155 74040      399.0642    51      399.1453      368.7435 10297263    7.62%
 153402 74174      388.2513    49      399.1453      368.7566 10314119    7.61%
 153636 74281      384.1126    42      399.1453      368.7657 10331513    7.61%
 153840 74388        cutoff            399.1453      368.7749 10348364    7.61%
 154106 74538      398.9268    49      399.1453      368.7837 10364475    7.61%
 154360 74649      374.9513    53      399.1453      368.7927 10380842    7.60%
 154589 74740      395.7847    64      399.1453      368.8013 10397001    7.60%
Elapsed time = 2964.14 sec. (2666590.74 ticks, tree = 203.18 MB, solutions = 20)
 154826 74873      396.2701    32      399.1453      368.8110 10412798    7.60%
 155054 74980      392.4626    48      399.1453      368.8186 10428484    7.60%
 155275 75095      389.2554    55      399.1453      368.8258 10444256    7.60%
 155500 75187      371.1241    54      399.1453      368.8338 10459680    7.59%
 155779 75311      396.4789    45      399.1453      368.8453 10474842    7.59%
 156025 75426      369.7747    65      399.1453      368.8540 10490766    7.59%
 156278 75548      376.5238    58      399.1453      368.8652 10507885    7.59%
 156554 75673      392.8489    54      399.1453      368.8776 10524474    7.58%
 156815 75795      392.1258    46      399.1453      368.8860 10539366    7.58%
 157068 75916      389.2446    45      399.1453      368.8979 10557078    7.58%
Elapsed time = 3003.03 sec. (2704951.45 ticks, tree = 204.01 MB, solutions = 20)
 157328 76051      386.8128    48      399.1453      368.9065 10575035    7.58%
 157578 76153      374.6393    49      399.1453      368.9151 10592062    7.57%
 157769 76232      397.2360    54      399.1453      368.9226 10605819    7.57%
 158029 76347      378.3625    49      399.1453      368.9359 10621560    7.57%
 158281 76454      397.5111    55      399.1453      368.9434 10638231    7.57%
 158466 76545      370.1866    62      399.1453      368.9500 10654834    7.56%
 158662 76659      394.1246    33      399.1453      368.9608 10672747    7.56%
 158929 76762      385.7658    45      399.1453      368.9678 10689781    7.56%
 159192 76887      387.8889    44      399.1453      368.9818 10706938    7.56%
 159446 77030      371.3820    55      399.1453      368.9874 10723950    7.56%
Elapsed time = 3039.46 sec. (2743222.50 ticks, tree = 205.11 MB, solutions = 20)
 159662 77141      390.0290    57      399.1453      369.0013 10740190    7.55%
 159897 77221      369.5393    61      399.1453      369.0105 10757960    7.55%
 160119 77313      389.7498    57      399.1453      369.0242 10773419    7.55%
 160332 77401      378.1580    56      399.1453      369.0340 10790474    7.54%
 160539 77485      369.0431    59      399.1453      369.0431 10805912    7.54%
 160758 77608      392.0521    42      399.1453      369.0498 10821970    7.54%
 160967 77695      370.4041    62      399.1453      369.0580 10837864    7.54%
 161193 77814      376.4820    66      399.1453      369.0647 10853952    7.54%
 161420 77931      379.6839    50      399.1453      369.0738 10869813    7.53%
 161630 78047      370.4649    45      399.1453      369.0844 10886177    7.53%
Elapsed time = 3077.14 sec. (2781501.70 ticks, tree = 206.20 MB, solutions = 20)
 161787 78118      391.7851    55      399.1453      369.0903 10895164    7.53%
 162049 78232      392.4164    59      399.1453      369.1004 10911276    7.53%
 162294 78327      397.8499    45      399.1453      369.1076 10928410    7.53%
 162508 78424      396.9721    45      399.1453      369.1189 10945538    7.52%
 162730 78528      372.5391    40      399.1453      369.1257 10961929    7.52%
 162952 78646      386.5215    34      399.1453      369.1368 10978905    7.52%
 163169 78741      398.7914    45      399.1453      369.1435 10995627    7.52%
 163402 78865      397.5533    37      399.1453      369.1507 11011915    7.51%
 163592 78956      398.2743    62      399.1453      369.1573 11029508    7.51%
 163817 79046      383.0466    50      399.1453      369.1682 11045712    7.51%
Elapsed time = 3114.97 sec. (2819729.15 ticks, tree = 207.25 MB, solutions = 20)
 164046 79128        cutoff            399.1453      369.1816 11063536    7.51%
 164332 79258      383.0003    57      399.1453      369.1985 11080997    7.50%
 164565 79369        cutoff            399.1453      369.2117 11097733    7.50%
 164784 79446      391.3354    61      399.1453      369.2271 11116064    7.50%
 165025 79547      397.8088    45      399.1453      369.2377 11131642    7.49%
 165248 79661      373.1476    41      399.1453      369.2467 11148914    7.49%
 165530 79810      375.7507    58      399.1453      369.2589 11164874    7.49%
 165760 79921      397.7456    34      399.1453      369.2696 11181456    7.48%
 166004 80052        cutoff            399.1453      369.2734 11198266    7.48%
 166283 80202        cutoff            399.1453      369.2821 11213272    7.48%
Elapsed time = 3153.11 sec. (2858251.59 ticks, tree = 208.24 MB, solutions = 20)
 166535 80304      384.9677    57      399.1453      369.2944 11230045    7.48%
 166755 80396        cutoff            399.1453      369.3022 11244731    7.48%
 167016 80526      371.6492    41      399.1453      369.3116 11260710    7.47%
 167240 80623      395.0114    36      399.1453      369.3223 11276808    7.47%
 167473 80729      379.2683    50      399.1453      369.3292 11293601    7.47%
 167744 80862      388.5530    57      399.1453      369.3399 11309757    7.47%
 167997 80970      374.7813    47      399.1453      369.3501 11326408    7.46%
 168255 81100      376.6990    50      399.1453      369.3590 11343674    7.46%
 168500 81219      384.6996    27      399.1453      369.3664 11361335    7.46%
 168777 81339      370.6864    42      399.1453      369.3767 11378100    7.46%
Elapsed time = 3189.13 sec. (2896549.87 ticks, tree = 209.30 MB, solutions = 20)
 169063 81506        cutoff            399.1453      369.3848 11394370    7.46%
 169355 81647      397.8955    34      399.1453      369.3926 11411266    7.45%
 169637 81800      374.8231    53      399.1453      369.4019 11428094    7.45%
 169893 81923      396.5176    50      399.1453      369.4086 11445125    7.45%
 170150 82031      396.6895    55      399.1453      369.4196 11462251    7.45%
 170418 82168      388.7726    56      399.1453      369.4313 11478327    7.44%
 170667 82285        cutoff            399.1453      369.4384 11494854    7.44%
 170960 82438      397.6396    48      399.1453      369.4479 11511585    7.44%
 171221 82556      372.0075    63      399.1453      369.4544 11528870    7.44%
 171421 82649      378.0476    43      399.1453      369.4602 11544636    7.44%
Elapsed time = 3226.52 sec. (2935827.21 ticks, tree = 210.54 MB, solutions = 20)
 171606 82749        cutoff            399.1453      369.4631 11560986    7.44%
 171782 82856      386.7831    59      399.1453      369.4679 11571625    7.44%
 172026 82971      375.5739    64      399.1453      369.4798 11588033    7.43%
 172227 83072      373.3357    59      399.1453      369.4846 11604698    7.43%
 172305 83114      391.6947    26      399.1453      369.4854 11609323    7.43%
 172437 83172      379.4206    54      399.1453      369.4901 11618431    7.43%
 172537 83211      384.9122    62      399.1453      369.4958 11625451    7.43%
 172756 83303      384.8252    56      399.1453      369.5046 11642315    7.43%
 172937 83386      380.0555    49      399.1453      369.5131 11653375    7.42%
 173156 83471      375.4433    66      399.1453      369.5235 11669416    7.42%
Elapsed time = 3263.81 sec. (2976754.14 ticks, tree = 211.32 MB, solutions = 20)
 173279 83525      377.0296    62      399.1453      369.5266 11680328    7.42%
 173437 83583      394.9473    58      399.1453      369.5359 11689387    7.42%
 173537 83636      376.3443    57      399.1453      369.5401 11695894    7.42%
 173637 83670      388.5691    41      399.1453      369.5433 11703292    7.42%
 173737 83732      376.0256    49      399.1453      369.5459 11712562    7.42%
 173915 83810        cutoff            399.1453      369.5525 11723363    7.41%
 173937 83814      391.4325    59      399.1453      369.5533 11724638    7.41%
*174037+83832                          399.1285      369.5606             7.41%
 174054 83846      380.2578    33      399.1285      369.5606 11731471    7.41%
 174223 83941      383.3809    61      399.1285      369.5675 11741156    7.41%
 174337 84003      396.9802    43      399.1285      369.5696 11747937    7.41%
Elapsed time = 3306.41 sec. (3023836.48 ticks, tree = 212.01 MB, solutions = 21)
 174548 84085        cutoff            399.1285      369.5810 11765704    7.40%
 174737 84171      395.2117    23      399.1285      369.5837 11779357    7.40%
 174845 84230      397.5459    44      399.1285      369.5847 11784313    7.40%
 174937 84273      386.5911    55      399.1285      369.5874 11790445    7.40%
 175037 84318      382.4789    59      399.1285      369.5894 11797327    7.40%
 175237 84413      396.5533    42      399.1285      369.5988 11809195    7.40%
 175337 84472      380.9414    52      399.1285      369.6020 11815883    7.40%
 175517 84540      373.0391    60      399.1285      369.6086 11828264    7.40%
 175537 84553      373.8761    45      399.1285      369.6086 11829300    7.40%
 175734 84648      374.2311    51      399.1285      369.6123 11845566    7.40%
Elapsed time = 3349.19 sec. (3070241.17 ticks, tree = 212.72 MB, solutions = 21)
 175757 84661      393.3746    34      399.1285      369.6144 11846617    7.39%
 175942 84770      381.3571    44      399.1285      369.6212 11858355    7.39%
 176114 84869      373.6173    44      399.1285      369.6256 11868582    7.39%
 176147 84875      373.9257    42      399.1285      369.6264 11872094    7.39%
*176237+84755                          399.0600      369.6271             7.38%
 176237 84757      390.3740    43      399.0600      369.6271 11878920    7.38%
 176415 84843      372.7335    63      399.0600      369.6317 11889863    7.37%
 176537 84915      390.7962    30      399.0600      369.6359 11897202    7.37%
 176637 84970      396.7538    30      399.0600      369.6396 11903768    7.37%
 176737 85023      373.8038    65      399.0600      369.6419 11911527    7.37%
 176837 85079      393.2500    35      399.0600      369.6455 11918565    7.37%
Elapsed time = 3387.07 sec. (3111621.16 ticks, tree = 212.78 MB, solutions = 22)
 177037 85178      369.6883    57      399.0600      369.6509 11930023    7.37%
 177291 85268      381.6205    31      399.0600      369.6611 11947385    7.37%
 177337 85293      372.2360    52      399.0600      369.6630 11950263    7.37%
 177437 85336      390.8630    62      399.0600      369.6677 11956137    7.37%
 177546 85377      396.7640    55      399.0600      369.6717 11962441    7.36%
 177637 85415      390.8361    49      399.0600      369.6724 11970239    7.36%
 177737 85446      379.4078    58      399.0600      369.6800 11976269    7.36%
 177867 85509      395.2679    37      399.0600      369.6855 11984149    7.36%
 177937 85539      372.6684    54      399.0600      369.6874 11988635    7.36%
 178128 85629      393.7226    29      399.0600      369.6949 12003492    7.36%
Elapsed time = 3438.48 sec. (3169610.88 ticks, tree = 213.26 MB, solutions = 22)
 178273 85690      391.1799    32      399.0600      369.6989 12012761    7.36%
 178337 85725      377.1999    47      399.0600      369.6999 12017004    7.36%
 178545 85853      381.6921    61      399.0600      369.6999 12032679    7.36%
 178648 85925      369.6999    54      399.0600      369.6999 12040050    7.36%
 178737 85984      387.1359    69      399.0600      369.7016 12046716    7.36%
 178951 86087      383.3789    60      399.0600      369.7099 12059048    7.35%
 179137 86206      389.2581    48      399.0600      369.7125 12070101    7.35%
 179360 86307      380.9378    50      399.0600      369.7210 12084487    7.35%
 179596 86413      388.1502    41      399.0600      369.7321 12099942    7.35%
 179840 86516      370.8887    47      399.0600      369.7431 12115710    7.35%
Elapsed time = 3478.93 sec. (3213740.51 ticks, tree = 214.35 MB, solutions = 22)
 180032 86615      369.7482    49      399.0600      369.7482 12132950    7.35%
 180198 86716    infeasible            399.0600      369.7515 12147808    7.34%
 180435 86843      397.3798    51      399.0600      369.7554 12164253    7.34%
 180714 86953        cutoff            399.0600      369.7638 12180524    7.34%
 180972 87100      378.7028    54      399.0600      369.7713 12196083    7.34%
 181137 87177      386.7630    57      399.0600      369.7778 12209447    7.34%
 181377 87271      393.5351    46      399.0600      369.7855 12225894    7.34%
 181658 87408      381.6193    45      399.0600      369.7917 12242728    7.33%
 181889 87499      391.9038    35      399.0600      369.8028 12260242    7.33%
 182166 87630      396.0802    30      399.0600      369.8132 12276637    7.33%
Elapsed time = 3518.01 sec. (3252897.90 ticks, tree = 215.56 MB, solutions = 22)
 182436 87758      393.9972    56      399.0600      369.8241 12293792    7.33%
 182693 87879      396.3065    58      399.0600      369.8312 12310967    7.32%
 182954 88006      374.9567    35      399.0600      369.8359 12327747    7.32%
 183224 88152      395.0317    49      399.0600      369.8453 12344812    7.32%
 183500 88289      376.8807    47      399.0600      369.8537 12361192    7.32%
 183723 88369      371.5375    56      399.0600      369.8643 12378981    7.32%
 183980 88503      392.9957    55      399.0600      369.8706 12396617    7.31%
 184185 88585      373.5730    63      399.0600      369.8779 12414052    7.31%
 184376 88686      390.4010    32      399.0600      369.8839 12426054    7.31%
 184587 88790      373.4739    49      399.0600      369.8909 12442526    7.31%
Elapsed time = 3554.39 sec. (3291213.77 ticks, tree = 216.95 MB, solutions = 22)
 184835 88940      398.5308    39      399.0600      369.8958 12458248    7.31%
 185079 89047      396.7995    48      399.0600      369.9072 12473917    7.31%
 185339 89156      396.8557    44      399.0600      369.9180 12491178    7.30%
 185581 89279      386.9812    57      399.0600      369.9290 12506561    7.30%
 185797 89377      392.7086    44      399.0600      369.9372 12519550    7.30%
 186024 89471      383.1383    57      399.0600      369.9479 12535462    7.30%
 186275 89589      376.6486    52      399.0600      369.9575 12551656    7.29%
 186496 89676      387.2658    53      399.0600      369.9640 12567537    7.29%
 186703 89757      386.9180    57      399.0600      369.9719 12583037    7.29%
 186937 89877      379.5370    51      399.0600      369.9777 12597477    7.29%
Elapsed time = 3592.03 sec. (3331269.26 ticks, tree = 218.24 MB, solutions = 22)
 187137 89971      394.1472    48      399.0600      369.9841 12612163    7.29%

GUB cover cuts applied:  34
Cover cuts applied:  68
Implied bound cuts applied:  22
Flow cuts applied:  42
Mixed integer rounding cuts applied:  462
Zero-half cuts applied:  5
Lift and project cuts applied:  37
Gomory fractional cuts applied:  3

Root node processing (before b&c):
  Real time             =   13.03 sec. (6269.75 ticks)
Sequential b&c:
  Real time             = 3586.97 sec. (3334485.22 ticks)
                          ------------
Total (root+branch&cut) = 3600.00 sec. (3340754.97 ticks)
