Version identifier: 22.1.0.0 | 2022-03-09 | 1a383f8ce
CPXPARAM_Read_DataCheck                          1
CPXPARAM_Threads                                 1
CPXPARAM_TimeLimit                               3600
Tried aggregator 2 times.
MIP Presolve eliminated 11710 rows and 481 columns.
MIP Presolve modified 98625 coefficients.
Aggregator did 298 substitutions.
Reduced MIP has 18983 rows, 1441 columns, and 151508 nonzeros.
Reduced MIP has 1070 binaries, 0 generals, 0 SOSs, and 0 indicators.
Presolve time = 0.39 sec. (280.09 ticks)
Probing fixed 10 vars, tightened 5 bounds.
Probing time = 0.13 sec. (100.70 ticks)
Tried aggregator 1 time.
Detecting symmetries...
MIP Presolve eliminated 17 rows and 10 columns.
MIP Presolve modified 149 coefficients.
Reduced MIP has 18966 rows, 1431 columns, and 151205 nonzeros.
Reduced MIP has 1060 binaries, 0 generals, 0 SOSs, and 0 indicators.
Presolve time = 0.11 sec. (64.21 ticks)
Probing time = 0.01 sec. (7.76 ticks)
Clique table members: 7666.
MIP emphasis: balance optimality and feasibility.
MIP search method: dynamic search.
Parallel mode: none, using 1 thread.
Root relaxation solution time = 0.09 sec. (84.20 ticks)

        Nodes                                         Cuts/
   Node  Left     Objective  IInf  Best Integer    Best Bound    ItCnt     Gap

      0     0      213.4761   291                    213.4761      752         
      0     0      213.4761   114                   Cuts: 419     1330         
      0     0      213.4761   106                  Cuts: 1072     2287         
      0     0      213.4761   106                  Cuts: 1277     3744         
      0     0      213.4778   125                   Cuts: 932     5755         
Detecting symmetries...
      0     2      213.4778   125                    213.4778     5755         
Elapsed time = 15.43 sec. (14880.73 ticks, tree = 0.01 MB, solutions = 0)
      2     4      213.5276   106                    213.4783     6939         
      4     6      228.7700   109                    213.4783     7848         
      6     8      213.5276    96                    213.4783     9097         
      8    10      218.9822   114                    213.4783    10790         
      9    11      216.1123   106                    213.4783    11778         
     11    13      214.7516   112                    213.4783    12797         
     13    15      226.6771   103                    213.4783    14682         
     16    18      215.5883   125                    213.4783    16005         
     17    19      213.5276   107                    213.4783    16971         
     27    29      213.5279    99                    213.4783    20296         
Elapsed time = 20.32 sec. (19571.89 ticks, tree = 0.40 MB, solutions = 0)
     34    34      216.1375   106                    213.4783    23781         
     40    40      218.5696   121                    213.4783    27965         
     47    47      213.5297   127                    213.4783    30436         
     50    50      213.5487   133                    213.4783    31386         
     51    51      216.9284   121                    213.4783    33911         
     60    58      214.1953   114                    213.4783    37506         
     75    69      223.5639   110                    213.4783    42560         
     77    69    infeasible                          213.4783    49622         
     80    72      213.5883   105                    213.4783    50608         
     84    76      227.1044    99                    213.4783    53424         
Elapsed time = 36.73 sec. (36188.97 ticks, tree = 1.01 MB, solutions = 0)
     92    82    infeasible                          213.4783    56255         
    100    88      213.5883   100                    213.4783    59342         
    107    95      217.8852   104                    213.4783    63772         
    117   105      218.7837    98                    213.4783    68561         
    120   108      213.5883    99                    213.4783    69240         
    124   112      215.0393    97                    213.4783    72255         
    134   120      220.8918    89                    213.4783    76110         
    144   130      216.9801   109                    213.4783    78859         
    158   142      221.4064    96                    213.4783    82062         
    165   147      218.8289   100                    213.4783    85601         
Elapsed time = 48.55 sec. (48788.44 ticks, tree = 1.70 MB, solutions = 0)
    175   157      218.1504    93                    213.4783    89521         
    184   166      216.9302    96                    213.4783    94107         
    203   185      213.7199    76                    213.4783    98331         
    222   204      226.6565    90                    213.4783   103193         
    260   238      218.6297    58                    213.4783   106927         
    276   246    infeasible                          213.4783   110845         
    285   255      223.8723    44                    213.4783   113429         
    317   279    infeasible                          213.4783   117355         
    321   283      225.7303   146                    213.4822   120426         
    330   292      221.8249   130                    213.4822   124307         
Elapsed time = 58.46 sec. (59525.91 ticks, tree = 2.15 MB, solutions = 0)
    340   300      217.8913   125                    213.4822   128540         
    345   303      215.7935   101                    213.4822   131994         
    348   306      213.4834   117                    213.4822   134750         
    355   313      245.3342   140                    213.4822   139442         
    361   319      228.1794   113                    213.4822   144191         
    365   323      213.8173    93                    213.4822   150066         
    370   328      227.1161   136                    213.4822   153682         
    378   332      217.6313   132                    213.4822   157799         
    385   337    infeasible                          213.4822   161709         
    392   344      225.7574   114                    213.4822   165769         
Elapsed time = 76.24 sec. (71910.72 ticks, tree = 2.31 MB, solutions = 0)
    397   349      224.4737    97                    213.4822   171106         
    402   350    infeasible                          213.4822   174328         
    414   360      254.9280   112                    213.4822   180205         
    424   370      216.1606    65                    213.4822   184083         
    439   385      213.9949    85                    213.4822   188244         
    453   397      219.5734    92                    213.4822   191429         
    463   401      213.5381   167                    213.4831   195516         
    466   404      215.0108   127                    213.4832   199164         
    480   418      230.6492    98                    213.4832   200101         
    520   450    infeasible                          213.4832   204561         
Elapsed time = 91.82 sec. (83701.15 ticks, tree = 2.64 MB, solutions = 0)
    528   456      213.6737   104                    213.4834   208717         
    557   481      213.8936   100                    213.4834   212214         
    575   493      244.8578   153                    213.4834   218038         
    580   492      227.8916   120                    213.4834   221137         
    586   494      214.4715    97                    213.4834   225259         
    592   500      214.5178    89                    213.4834   226513         
    599   507      214.6107   110                    213.4834   230254         
    613   521      221.4377    81                    213.4834   234018         
    632   540      216.8425    83                    213.4834   238183         
    646   554      229.5724    62                    213.4834   242561         
Elapsed time = 107.21 sec. (95258.93 ticks, tree = 2.97 MB, solutions = 0)
    666   574      227.7328    53                    213.4834   246637         
    686   594      219.5476    57                    213.4834   250344         
    726   618      219.8807    36                    213.4834   253149         
    759   633      227.2443   117                    213.4834   257138         
    779   647    infeasible                          213.4834   262182         
    780   646    infeasible                          213.4834   266228         
    783   649      233.9466   121                    213.4834   269141         
    790   652      228.2551    92                    213.4834   272318         
    797   655    infeasible                          213.4834   275228         
    806   660    infeasible                          213.4834   277172         
Elapsed time = 124.83 sec. (106955.61 ticks, tree = 3.30 MB, solutions = 0)
    812   660    infeasible                          213.4834   280843         
    816   664      236.0878    82                    213.4846   283268         
    821   663      216.3236    80                    213.4846   286833         
    829   671      223.7994    77                    213.4846   290702         
    843   683      223.7848    58                    213.4846   295386         
    863   703      224.2357    53                    213.4846   298701         
    880   720      224.2357    52                    213.4846   300928         
    915   755      227.4112    39                    213.4846   304406         
    944   779      244.1175    25                    213.4846   308010         
    977   802      213.7381   145                    213.4846   311661         
Elapsed time = 139.15 sec. (117784.37 ticks, tree = 3.74 MB, solutions = 0)
   1027   848      214.5930   128                    213.4846   314834         
   1047   868      224.7485    68                    213.4846   319265         
   1059   880      224.9969    84                    213.4846   323613         
   1075   896      224.8535    55                    213.4846   327795         
   1087   908      225.5117    59                    213.4846   331601         
   1113   932      226.1815    39                    213.4846   335731         
   1139   952      215.9797    70                    213.4846   339718         
   1177   990      228.0241    42                    213.4846   343606         
   1197  1002      215.9797    76                    213.4847   347782         
   1301  1102      215.8615    67                    213.4868   359875         
Elapsed time = 153.70 sec. (131094.31 ticks, tree = 4.70 MB, solutions = 0)
   1418  1199      213.5496   174                    213.5112   373218         
   1470  1251      219.7763    65                    213.5112   381818         
   1600  1363      216.1581    65                    213.5278   395069         
   1677  1434      227.8570   103                    213.5290   410597         
   1804  1553      223.9750    39                    213.5296   425559         

Performing restart 1

Repeating presolve.
Tried aggregator 1 time.
MIP Presolve eliminated 8 rows and 4 columns.
Reduced MIP has 18958 rows, 1427 columns, and 150961 nonzeros.
Reduced MIP has 1056 binaries, 0 generals, 0 SOSs, and 0 indicators.
Presolve time = 0.07 sec. (50.35 ticks)
Tried aggregator 1 time.
Reduced MIP has 18958 rows, 1427 columns, and 150961 nonzeros.
Reduced MIP has 1056 binaries, 0 generals, 0 SOSs, and 0 indicators.
Presolve time = 0.12 sec. (64.03 ticks)
Represolve time = 0.42 sec. (243.74 ticks)
   1824     0      213.4940   241                  Cuts: 1533   433494         
   1824     0      213.5055   241                   Cuts: 906   434274         
   1824     0      213.5123   255                  Cuts: 1432   434776         
   1824     0      213.5161   221                  Cuts: 1303   435396         
   1824     0      213.5196   272                  Cuts: 1269   436115         
   1824     0      213.5243   219                  Cuts: 2058   437134         
   1824     0      213.5250   225                  Cuts: 1852   437752         
   1824     0      213.5256   291                  Cuts: 1719   438508         
   1824     0      213.5262   238                  Cuts: 1625   439535         
   1824     0      213.5268   280                  Cuts: 1341   439975         
   1824     0      213.5293   177                  Cuts: 1541   440592         
   1824     0      213.5322   280                   Cuts: 742   441235         
   1824     0      213.5358   196                  Cuts: 2253   441980         
   1824     0      213.5393   263                  Cuts: 3888   442488         
   1824     2      213.5393   211                    213.5393   442488         
   1825     3      213.5393   209                    213.5393   442489         
   1826     4      214.8649   154                    213.5393   445383         
   1828     6      216.3465    79                    213.5393   450786         
   1830     7      216.3465    83                    213.5393   451404         
Elapsed time = 338.65 sec. (241722.14 ticks, tree = 0.03 MB, solutions = 0)
   1836    13      216.9565    83                    213.5393   454935         
   1843    20      217.4237    96                    213.5393   456800         
   1858    35      228.2909    76                    213.5393   459510         
   1874    51      217.8180    64                    213.5393   462019         
   1886    63      217.5293    78                    213.5393   463301         
   1900    76      220.1729    54                    213.5393   464991         
   1934   109      222.0760    33                    213.5393   467924         
   1969   135      224.4105   105                    213.5395   470946         
   1977   141      219.4545    99                    213.5396   479207         
   1981   145      227.3549   116                    213.5400   483354         
Elapsed time = 450.93 sec. (291793.81 ticks, tree = 18.18 MB, solutions = 0)
   1989   153      218.8093   106                    213.5408   486174         
   1994   158      219.4921    93                    213.5410   490166         
   2024   188      215.2800    53                    213.5410   493894         
   2064   227      222.3088    69                    213.5410   496772         
   2119   269      216.1743    84                    213.5415   502344         
   2160   310      224.2027    61                    213.5415   506724         
   2198   340      219.6090    86                    213.5415   517115         
   2224   366      222.7573    72                    213.5415   520376         
   2247   384      225.4230    79                    213.5431   526594         
   2278   415      230.9862    76                    213.5431   529657         
Elapsed time = 530.20 sec. (343169.49 ticks, tree = 57.96 MB, solutions = 0)
   2334   462      222.1073    94                    213.5432   534686         
   2344   472      214.7229    60                    213.5432   538713         
   2384   512      214.3694    60                    213.5432   544074         
   2406   530      218.9182   104                    213.5435   548904         
   2433   557      220.1688    93                    213.5435   553366         
   2487   603      219.7959    94                    213.5503   560369         
   2542   652      213.6279   126                    213.5647   564833         
   2567   677      217.8926    61                    213.5647   568468         
   2635   741      214.2075    99                    213.5672   574863         
   2681   783      219.9463    73                    213.5685   580817         
Elapsed time = 584.29 sec. (383936.07 ticks, tree = 113.53 MB, solutions = 0)

Performing restart 2

Repeating presolve.
Tried aggregator 1 time.
MIP Presolve eliminated 25 rows and 1 columns.
MIP Presolve modified 99 coefficients.
Reduced MIP has 18933 rows, 1426 columns, and 158400 nonzeros.
Reduced MIP has 1055 binaries, 0 generals, 0 SOSs, and 0 indicators.
Presolve time = 0.26 sec. (154.18 ticks)
Tried aggregator 1 time.
Reduced MIP has 18933 rows, 1426 columns, and 158400 nonzeros.
Reduced MIP has 1055 binaries, 0 generals, 0 SOSs, and 0 indicators.
Presolve time = 0.14 sec. (70.62 ticks)
Represolve time = 0.78 sec. (403.15 ticks)
   2736     0      213.5415   162                  Cuts: 2694   588603         
   2736     0      213.5416   194                  Cuts: 1701   588927         
   2736     0      213.5417   189                   Cuts: 509   589164         
   2736     0      213.5421   213                  Cuts: 3837   589469         
   2736     0      213.5428   218                  Cuts: 1505   589896         
   2736     0      213.5435   182                   Cuts: 766   590250         
   2736     0      213.5444   261                   Cuts: 607   590711         
   2736     0      213.5446   220                   Cuts: 548   590951         
   2736     0      213.5456   205                  Cuts: 2053   591437         
   2736     0      213.5471   201                  Cuts: 1323   591820         
   2736     0      213.5488   227                  Cuts: 4239   592139         
   2736     2      213.5488   231                    213.5685   592139         
   2737     3      213.5488   229                    213.5685   592145         
   2739     5      213.5490   223                    213.5685   592192         
   2740     6      233.7451   102                    213.5685   597690         
   2744    10      228.9310    89                    213.5685   601265         
   2756    22      214.6767    96                    213.5685   605878         
   2758    24      227.2018   100                    213.5685   607785         
   2761    27      215.2661    74                    213.5685   611037         
   2771    37      215.6672   126                    213.5685   614950         
   2774    40      219.1620   130                    213.5685   615615         
Elapsed time = 809.25 sec. (527779.08 ticks, tree = 0.86 MB, solutions = 0)
   2787    53      227.1664   105                    213.5685   617455         
   2807    72      227.8928    72                    213.5685   620092         
   2826    90      239.2837    61                    213.5685   625085         
   2855   113      214.6733   159                    213.5685   628067         
   2861   119      220.0692    77                    213.5685   631014         
   2874   132      223.9591    86                    213.5685   633113         
   2883   141      221.3084   106                    213.5685   637384         
   2912   170      225.6773    65                    213.5685   644053         
   2969   223      213.5529   220                    213.5685   649587         
   2979   233      224.3312    77                    213.5685   653381         
Elapsed time = 864.04 sec. (567586.29 ticks, tree = 1.28 MB, solutions = 0)
   2996   250      232.7366    73                    213.5685   657173         
   3056   294      213.5691   158                    213.5685   662094         
   3092   324      213.7115   141                    213.5685   670101         
   3100   332      219.8807    85                    213.5685   674171         
   3151   381      226.1203    44                    213.5685   681857         
   3180   400      214.9726    88                    213.5685   688451         
   3204   422      217.9798    99                    213.5685   696176         
   3251   461      216.4811   108                    213.5685   704374         
   3296   494      215.2822   132                    213.5720   712163         
   3345   539      219.6579    95                    213.5726   719368         
Elapsed time = 926.52 sec. (607595.62 ticks, tree = 2.21 MB, solutions = 0)
   3387   577      213.5989   175                    213.5825   727477         
   3467   643      236.9425    94                    213.5833   736462         
   3498   674      241.0823    59                    213.5833   742449         
   3534   702      218.7348    91                    213.5845   751779         
   3549   717      218.7443   125                    213.5845   760009         
   3604   768      213.5989   152                    213.5847   769820         
   3659   815      227.9849    81                    213.5850   779455         
   3701   857      231.8235    65                    213.5850   785896         
   3746   894      220.7774    72                    213.5912   796328         
   3810   956      232.1695    38                    213.5912   805645         
Elapsed time = 982.86 sec. (649455.21 ticks, tree = 3.43 MB, solutions = 0)
   3859   999      213.8200   118                    213.5934   812383         
   3913  1053      220.0624    78                    213.5934   823719         
   3995  1119      213.6979   131                    213.5955   831709         
   4046  1164      216.6192    79                    213.5984   840741         
   4108  1222      242.1457    41                    213.5984   852066         
   4196  1296      213.7743    97                    213.6004   859701         
   4230  1330      216.8352    75                    213.6004   870288         
   4288  1384      227.1144    89                    213.6018   881959         
   4347  1439      232.6772    74                    213.6031   891927         
   4434  1518      235.9221    56                    213.6066   901020         
Elapsed time = 1035.57 sec. (688371.19 ticks, tree = 5.12 MB, solutions = 0)
   4500  1572      213.7268    94                    213.6129   911892         
   4529  1599      217.2466    72                    213.6129   921232         
   4558  1622      215.5547    98                    213.6177   929393         
   4575  1639      220.7825   112                    213.6177   937238         
   4618  1682      248.8927    48                    213.6177   946134         
   4678  1730      218.6109    89                    213.6209   956637         
   4743  1789      214.9269   108                    213.6242   967538         
   4809  1851      221.2334    93                    213.6278   974164         
   4890  1918      216.3429    88                    213.6314   984573         
   4957  1979      225.3399    80                    213.6329   993848         
Elapsed time = 1077.46 sec. (727449.17 ticks, tree = 6.33 MB, solutions = 0)
   5054  2062      213.6353    98                    213.6340  1003392         
   5119  2117      218.1808    97                    213.6431  1016122         
   5182  2172    infeasible                          213.6442  1025051         
   5233  2215      215.7784    94                    213.6457  1037730         
   5311  2285      214.1725    79                    213.6475  1049282         
   5354  2328      224.3227    72                    213.6475  1061655         
   5422  2382      229.8686    62                    213.6475  1070780         
   5502  2448      213.8005    96                    213.6517  1080305         
   5548  2494      233.0721    55                    213.6517  1092222         
   5594  2528      213.7382   116                    213.6517  1100298         
Elapsed time = 1120.92 sec. (765983.65 ticks, tree = 8.02 MB, solutions = 0)
   5649  2571      221.6063    77                    213.6517  1110320         
   5735  2653      250.8784    26                    213.6517  1120821         
   5807  2709      213.7106   130                    213.6528  1129150         
   5843  2738      216.6330   101                    213.6539  1141981         
   5911  2798      235.6578    89                    213.6548  1152210         
   5970  2837      225.1100   103                    213.6630  1162531         
   6041  2894      214.0827   112                    213.6652  1173138         
   6104  2947      215.7180    91                    213.6654  1185139         
   6164  2993      214.0834   111                    213.6747  1196833         
   6229  3046      213.9280    78                    213.6865  1206883         
Elapsed time = 1162.33 sec. (804602.87 ticks, tree = 9.54 MB, solutions = 0)
   6296  3109      219.4357    42                    213.6865  1219168         
   6357  3156      213.9094    89                    213.6913  1229811         
   6381  3180      214.0143    96                    213.6913  1241619         
   6434  3219      221.5089    76                    213.6918  1252881         
   6495  3266      217.3737    80                    213.6932  1265278         
   6543  3305      219.2534    71                    213.6970  1276521         
   6598  3340      213.6997   169                    213.7021  1288010         
   6676  3414      231.0304    34                    213.7061  1298580         
   6730  3454      216.8101    85                    213.7078  1310050         
   6783  3489      214.0115    79                    213.7108  1321153         
Elapsed time = 1203.85 sec. (843182.26 ticks, tree = 10.84 MB, solutions = 0)
   6854  3546      215.0226    95                    213.7115  1332790         
   6908  3588      213.8465   152                    213.7135  1343125         
   6949  3612    infeasible                          213.7182  1354327         
   6997  3646      219.0557   106                    213.7205  1365779         
   7053  3694    infeasible                          213.7206  1378074         
   7087  3720      214.7462    80                    213.7246  1389298         
   7147  3766      221.9022    77                    213.7255  1400179         
   7221  3828      215.6261   116                    213.7261  1411129         
   7258  3857      213.7974   125                    213.7268  1422383         
   7300  3899      238.0744    69                    213.7268  1434714         
Elapsed time = 1245.95 sec. (881834.86 ticks, tree = 12.04 MB, solutions = 0)
   7346  3927      217.0873   106                    213.7283  1445945         
   7428  4004      219.7430    83                    213.7288  1457969         
   7505  4063      214.4541    88                    213.7342  1469262         
   7565  4103      215.8643    86                    213.7370  1479412         
   7617  4145      220.2277    88                    213.7379  1488809         
   7679  4191      216.7113    95                    213.7382  1500415         
   7753  4253      213.7821    96                    213.7382  1512990         
   7832  4322      213.9011   116                    213.7394  1523481         
   7895  4367      214.8711    92                    213.7406  1533906         
   7978  4438      217.6845    84                    213.7412  1544615         
Elapsed time = 1300.12 sec. (920761.39 ticks, tree = 13.76 MB, solutions = 0)
   8023  4473      221.1616    91                    213.7416  1556413         
   8073  4502      213.8850   125                    213.7440  1567523         
   8108  4533      223.9305    95                    213.7454  1578287         
   8172  4575      213.7904   142                    213.7482  1590351         
   8235  4638      249.2928    33                    213.7482  1602998         
   8298  4691      236.4564    48                    213.7516  1614947         
   8329  4712      214.3573    82                    213.7516  1624663         
   8442  4809      214.7925    73                    213.7516  1635072         
   8505  4858      216.1790    89                    213.7527  1647535         
   8547  4887      213.8803   143                    213.7542  1659217         
Elapsed time = 1355.89 sec. (959161.80 ticks, tree = 15.07 MB, solutions = 0)
   8644  4962      214.9998    90                    213.7594  1669623         
   8715  5011      217.3036    71                    213.7616  1680376         
   8770  5058      213.8657   127                    213.7627  1689753         
   8836  5102      213.9573   111                    213.7657  1700578         
   8894  5139      221.2977    84                    213.7680  1711823         
   8977  5196      226.7099    76                    213.7692  1722148         
   9064  5279      230.3034    60                    213.7694  1733398         
   9135  5334      214.2531   102                    213.7733  1743687         
   9206  5389      216.6545    75                    213.7743  1756822         
   9243  5414      214.0973   116                    213.7743  1768191         
Elapsed time = 1419.59 sec. (997844.29 ticks, tree = 16.91 MB, solutions = 0)
   9274  5441      213.8142   121                    213.7759  1780882         
   9324  5479      213.7856   158                    213.7780  1792345         
   9378  5505    infeasible                          213.7800  1805311         
   9430  5547      241.2464    68                    213.7821  1815942         
   9494  5587      214.0310   135                    213.7825  1828277         
   9569  5652      238.2418    45                    213.7825  1839343         
   9657  5706      216.7640   135                    213.7862  1850149         
   9709  5744      214.0678    90                    213.7890  1861543         
   9787  5789      214.1485    99                    213.7930  1873188         
   9855  5841      219.1047    80                    213.7935  1884207         
Elapsed time = 1476.58 sec. (1036806.34 ticks, tree = 18.46 MB, solutions = 0)
   9913  5879      216.3172    93                    213.7951  1897109         
   9976  5926      220.7458   100                    213.7964  1906172         
  10019  5961      215.3574   112                    213.7984  1916796         
  10076  5996      214.3965    90                    213.7997  1929998         
  10151  6055    infeasible                          213.8002  1940769         
  10250  6138      214.3849   106                    213.8005  1951491         
  10312  6180    infeasible                          213.8005  1961843         
  10336  6196      223.5899    78                    213.8005  1968935         
  10389  6245      214.5883    81                    213.8005  1981343         
  10453  6287      213.8360   125                    213.8032  1994553         
Elapsed time = 1533.25 sec. (1076100.77 ticks, tree = 19.76 MB, solutions = 0)
  10546  6358      213.8280   127                    213.8041  2004502         
  10606  6398      223.1770    77                    213.8044  2017062         
  10709  6486      213.8258   127                    213.8052  2026133         
  10752  6521      217.2463   112                    213.8063  2037962         
  10807  6566      214.0905   121                    213.8091  2049867         
  10858  6592    infeasible                          213.8122  2061807         
  10905  6627      217.1833    94                    213.8124  2072132         
  10951  6665      214.1278    92                    213.8127  2083003         
  10999  6697      213.9049   118                    213.8144  2092963         
  11045  6726      213.9426   181                    213.8159  2103948         
Elapsed time = 1607.15 sec. (1114887.53 ticks, tree = 21.05 MB, solutions = 0)
  11083  6748      214.0204   165                    213.8167  2114311         
  11125  6771      214.0075    95                    213.8200  2124805         
  11143  6789      215.0117   118                    213.8200  2134016         
  11180  6822      217.1199    91                    213.8200  2145326         
  11217  6849      215.3146    95                    213.8211  2155446         
  11264  6882    infeasible                          213.8236  2168040         
  11316  6916      214.1561    62                    213.8246  2178197         
  11349  6945      222.1411    80                    213.8247  2189609         
  11435  7011      227.3769    92                    213.8250  2200616         
  11519  7079      215.6785    89                    213.8253  2211742         
Elapsed time = 1662.10 sec. (1153840.80 ticks, tree = 22.09 MB, solutions = 0)
  11552  7106      225.6618    70                    213.8254  2222719         
  11642  7180      217.8256   114                    213.8254  2234280         
  11715  7239      223.4088    75                    213.8254  2245116         
  11809  7317      217.8441    98                    213.8256  2256880         
  11856  7350      214.8107    96                    213.8259  2268068         
  11904  7390      213.8282    81                    213.8270  2280229         
  11962  7442      244.1280    44                    213.8272  2292048         
  12019  7485      213.8886   224                    213.8314  2303129         
  12062  7520      214.9364    95                    213.8319  2314200         
  12135  7589      250.1746    41                    213.8320  2325509         
Elapsed time = 1718.26 sec. (1192744.02 ticks, tree = 23.73 MB, solutions = 0)
  12228  7654      213.9366    81                    213.8325  2336779         
  12268  7682      215.9462    97                    213.8328  2349331         
  12309  7713      222.0856    93                    213.8339  2361209         
  12363  7751      261.2542    53                    213.8346  2372446         
  12419  7795      214.0687   191                    213.8360  2383125         
  12448  7820      220.0120    76                    213.8364  2394435         
  12506  7866      227.5258    94                    213.8366  2405655         
  12543  7891      215.7852   118                    213.8373  2416405         
  12593  7924      222.5908    71                    213.8389  2428330         
  12638  7953      222.5591    80                    213.8410  2439358         
Elapsed time = 1773.19 sec. (1231407.87 ticks, tree = 24.80 MB, solutions = 0)
  12704  8011      215.9178    86                    213.8410  2450949         
  12814  8111      214.4131   119                    213.8418  2461335         
  12869  8148      220.0336    98                    213.8460  2473262         
  12921  8186      222.1912    84                    213.8466  2483704         
  13007  8252      213.9587   131                    213.8482  2495447         
  13054  8289      239.5238    76                    213.8492  2507165         
  13102  8325      223.5001    70                    213.8494  2519286         
  13151  8352      215.3956   136                    213.8528  2531116         
  13204  8401      215.6306   132                    213.8538  2543206         
  13257  8426      222.0409    78                    213.8566  2555133         
Elapsed time = 1828.63 sec. (1270219.73 ticks, tree = 26.53 MB, solutions = 0)
  13337  8490      214.1252    94                    213.8579  2566747         
  13382  8531      213.9336   119                    213.8585  2578377         
  13436  8577      241.5837    63                    213.8592  2590454         
  13496  8611      228.3926    67                    213.8596  2603341         
  13587  8690      218.0026    95                    213.8599  2614495         
  13633  8720    infeasible                          213.8613  2626582         
  13696  8757      237.0566    70                    213.8626  2637852         
  13778  8815      213.9179    95                    213.8626  2649287         
  13825  8850      213.9205   141                    213.8630  2662575         
  13889  8908      239.3476    53                    213.8640  2674655         
Elapsed time = 1885.90 sec. (1309472.70 ticks, tree = 28.09 MB, solutions = 0)
  14001  8994      216.1543   101                    213.8643  2685964         
  14070  9047      251.9223    56                    213.8659  2697808         
  14140  9099      217.7146    84                    213.8678  2708801         
  14203  9136      217.8031    91                    213.8698  2721635         
  14278  9197      216.2671   110                    213.8702  2732897         
  14320  9235      242.0750    61                    213.8702  2744751         
  14366  9267      226.2833   101                    213.8722  2755321         
  14453  9342      215.5016   110                    213.8730  2766190         
  14498  9371      214.4756   131                    213.8751  2778735         
  14563  9426      228.4799    80                    213.8753  2789558         
Elapsed time = 1939.28 sec. (1348282.79 ticks, tree = 29.62 MB, solutions = 0)
  14598  9447      213.9014   155                    213.8760  2802281         
  14648  9485      213.8765   146                    213.8765  2811027         
  14710  9541      248.4652    36                    213.8766  2823328         
  14770  9591      231.8984    88                    213.8771  2836066         
  14854  9662      214.1719   117                    213.8774  2845528         
  14903  9697      232.8685    63                    213.8783  2858144         
  14968  9736      224.8398    68                    213.8802  2870770         
  14996  9750      213.8857   110                    213.8813  2881089         
  15050  9798      225.2792    78                    213.8818  2892068         
  15123  9855      217.8498   133                    213.8841  2903144         
Elapsed time = 1984.34 sec. (1386872.19 ticks, tree = 30.88 MB, solutions = 0)
  15178  9894    infeasible                          213.8852  2914912         
  15229  9931      214.3054   139                    213.8854  2927295         
  15273  9959      214.3719   145                    213.8856  2939913         
  15319 10005      230.6901    75                    213.8856  2951767         
  15399 10069      246.9915    59                    213.8863  2961934         
  15469 10127      217.0678    95                    213.8868  2973804         
  15536 10180      220.0564    74                    213.8880  2985410         
  15577 10215      239.9012    66                    213.8881  2998407         
  15644 10272      214.1282   124                    213.8885  3011347         
  15682 10306      227.0018    85                    213.8885  3023688         
Elapsed time = 2039.61 sec. (1425823.96 ticks, tree = 32.20 MB, solutions = 0)
  15729 10337      226.5174    85                    213.8889  3032950         
  15793 10395      214.6755   121                    213.8891  3044323         
  15842 10428      214.2709   143                    213.8899  3056703         
  15887 10457    infeasible                          213.8902  3068468         
  15929 10490      224.5866    96                    213.8907  3079869         
  15974 10521      215.7610    86                    213.8913  3090868         
  16033 10572      247.1862    55                    213.8917  3101846         
  16085 10604      214.0371   189                    213.8938  3114081         
  16123 10634      223.2514    83                    213.8953  3126937         
  16175 10674      223.2274    97                    213.8956  3139166         
Elapsed time = 2085.43 sec. (1464931.70 ticks, tree = 33.13 MB, solutions = 0)
  16225 10701      219.3238   103                    213.8975  3152054         
  16274 10730      214.4575   125                    213.8988  3163337         
  16337 10785      213.9843   166                    213.9002  3173194         
  16378 10812      214.7092   106                    213.9005  3186104         
  16429 10847      214.3305    91                    213.9008  3196950         
  16482 10872      213.9098   147                    213.9015  3208937         
  16527 10903      216.4449   168                    213.9017  3220004         
  16598 10968      253.4086    52                    213.9019  3231081         
  16645 10995      214.3632   132                    213.9039  3243561         
  16729 11069      219.4325    97                    213.9040  3256172         
Elapsed time = 2129.14 sec. (1503983.71 ticks, tree = 34.60 MB, solutions = 0)
  16760 11094      219.2130    79                    213.9041  3264325         
  16799 11123      217.1776   134                    213.9049  3276485         
  16862 11172      216.2207   113                    213.9062  3288179         
  16924 11226      249.5773    47                    213.9065  3301274         
  16987 11269      217.0916   114                    213.9075  3311866         
  17034 11310      219.6859   100                    213.9075  3323173         
  17078 11346      219.1095    84                    213.9075  3333695         
  17135 11401      239.6406    27                    213.9075  3345581         
  17166 11422      214.4973   128                    213.9075  3355454         
  17206 11454    infeasible                          213.9075  3365914         
Elapsed time = 2174.54 sec. (1542680.23 ticks, tree = 36.04 MB, solutions = 0)
  17241 11477      214.2612   119                    213.9075  3378225         
  17274 11502      221.4837    79                    213.9075  3389320         
  17335 11543      213.9960    95                    213.9075  3403671         
  17387 11583      216.9028   121                    213.9081  3415377         
  17425 11611      218.7909    73                    213.9094  3427560         
  17446 11624      227.1061    87                    213.9094  3437704         
  17502 11668      219.1007    84                    213.9098  3449271         
  17556 11710      253.1912    54                    213.9098  3460458         
  17599 11737      213.9687   177                    213.9099  3469776         
  17646 11764      213.9482   130                    213.9103  3480537         
Elapsed time = 2221.06 sec. (1582527.43 ticks, tree = 36.95 MB, solutions = 0)
  17704 11818    infeasible                          213.9103  3490768         
  17779 11873      217.1040    92                    213.9109  3500764         
  17820 11904      214.0551    89                    213.9115  3514127         
  17857 11925      220.5654    88                    213.9121  3525630         
  17913 11965      216.1859    80                    213.9133  3539610         
  17951 11981      214.7608   138                    213.9147  3551649         
  17984 12004      221.3193    92                    213.9153  3561917         
  18019 12029      219.2126    77                    213.9154  3573203         
  18053 12055      214.2949   164                    213.9160  3584416         
  18113 12103      213.9836   172                    213.9162  3595787         
Elapsed time = 2266.65 sec. (1621413.54 ticks, tree = 37.96 MB, solutions = 0)
  18163 12143      216.2425   101                    213.9166  3608604         
  18197 12167    infeasible                          213.9171  3620388         
  18230 12193      217.5401   104                    213.9188  3631512         
  18271 12223    infeasible                          213.9190  3644479         
  18380 12322      214.0862   128                    213.9197  3655721         
  18431 12353      213.9277   134                    213.9213  3667893         
  18473 12387    infeasible                          213.9213  3680824         
  18510 12418      223.2035    61                    213.9219  3692370         
  18565 12459      237.1742    67                    213.9223  3704151         
  18623 12491      214.0300   162                    213.9229  3715572         
Elapsed time = 2311.32 sec. (1660393.17 ticks, tree = 39.10 MB, solutions = 0)
  18695 12553      241.3835    44                    213.9230  3726601         
  18751 12589    infeasible                          213.9240  3738447         
  18779 12609      218.2724    82                    213.9241  3749759         
  18823 12640      214.7282   149                    213.9244  3761899         
  18862 12655      214.2170   115                    213.9255  3774727         
  18933 12706      222.1376    75                    213.9259  3785315         
  19023 12786      216.0059    79                    213.9262  3797086         
  19106 12864      217.4745   102                    213.9262  3808127         
  19184 12934      258.9367    37                    213.9266  3819238         
  19251 12987      213.9992   157                    213.9272  3831301         
Elapsed time = 2357.17 sec. (1699345.33 ticks, tree = 40.57 MB, solutions = 0)
  19295 13019      221.9895   103                    213.9279  3844154         
  19347 13059      214.0843   141                    213.9280  3855750         
  19383 13089      216.7549   100                    213.9284  3867505         
  19427 13119      216.4745    76                    213.9303  3879843         
  19465 13147      214.5059    84                    213.9308  3894757         
  19495 13175      230.1878    79                    213.9308  3905773         
  19593 13241      214.4422   110                    213.9310  3914965         
  19650 13280      217.4273    86                    213.9319  3926913         
  19706 13314      214.2952    77                    213.9336  3938896         
  19751 13346    infeasible                          213.9340  3951973         
Elapsed time = 2402.14 sec. (1738685.94 ticks, tree = 41.64 MB, solutions = 0)
  19787 13367      219.7111    69                    213.9351  3965037         
  19841 13413      249.3535    54                    213.9355  3975211         
  19923 13473      213.9686   167                    213.9356  3986226         
  20008 13552      231.6587    72                    213.9357  3997455         
  20051 13571      213.9734   112                    213.9381  4011732         
  20074 13594      215.2591    65                    213.9381  4023525         
  20178 13678      213.9750    77                    213.9393  4034717         
  20216 13696      214.3513   103                    213.9399  4047637         
  20278 13754      217.1578   103                    213.9400  4060744         
  20359 13819      215.0647    99                    213.9408  4072586         
Elapsed time = 2448.63 sec. (1778240.69 ticks, tree = 43.03 MB, solutions = 0)
  20396 13838      214.5492   119                    213.9422  4085207         
  20445 13873      216.0647    87                    213.9429  4096824         
  20499 13919    infeasible                          213.9431  4110050         
  20541 13945      214.2319    94                    213.9441  4122482         
  20587 13979      239.8944    55                    213.9443  4134237         
  20638 14010      227.9962    83                    213.9443  4146066         
  20707 14063      214.4660   130                    213.9452  4158095         
  20742 14088      224.2092    85                    213.9461  4168018         
  20769 14105      214.4973    81                    213.9464  4178952         
  20837 14157      219.8511   110                    213.9492  4190045         
Elapsed time = 2494.45 sec. (1817554.73 ticks, tree = 44.03 MB, solutions = 0)
  20911 14221      250.5298    45                    213.9498  4201462         
  20959 14249      213.9779   115                    213.9509  4214472         
  20989 14273      214.7494   144                    213.9515  4227167         
  21072 14336      215.0429   104                    213.9537  4239481         
  21123 14370      214.0494   121                    213.9546  4250520         
  21229 14458      225.1042    82                    213.9549  4258815         
  21273 14498      218.0814    64                    213.9549  4270753         
  21295 14514      216.3055    77                    213.9549  4282547         
  21343 14552      216.1720    69                    213.9549  4294943         
  21397 14584      215.5969   130                    213.9563  4307080         
Elapsed time = 2539.34 sec. (1856668.15 ticks, tree = 45.30 MB, solutions = 0)
  21463 14640      256.2828    14                    213.9566  4319018         
  21515 14678    infeasible                          213.9573  4330302         
  21545 14698      246.4159    90                    213.9579  4341916         
  21600 14747      214.1199   137                    213.9581  4353168         
  21633 14766      217.5889   101                    213.9594  4365691         
  21678 14791      214.0272   140                    213.9607  4377296         
  21713 14810      214.7287   107                    213.9609  4388889         
  21795 14873      214.0549    69                    213.9613  4401512         
  21835 14903      217.7837    78                    213.9613  4411924         
  21920 14976      214.5949    91                    213.9613  4422825         
Elapsed time = 2584.10 sec. (1895621.36 ticks, tree = 46.45 MB, solutions = 0)
  21947 14997      217.9049    80                    213.9613  4434006         
  21976 15026      231.5579    85                    213.9613  4445261         
  22010 15056      215.1350   133                    213.9613  4455121         
  22110 15133      214.2233    76                    213.9615  4465467         
  22171 15192      257.4196    32                    213.9615  4476926         
  22212 15219      216.8956    93                    213.9617  4488387         
  22270 15265      216.0553    92                    213.9620  4499796         
  22345 15340      249.8520    31                    213.9620  4512029         
  22413 15390      217.0695   111                    213.9622  4523159         
  22515 15482      214.3077   118                    213.9622  4534247         
Elapsed time = 2629.68 sec. (1934512.62 ticks, tree = 47.95 MB, solutions = 0)
  22576 15533      226.6844    88                    213.9623  4546158         
  22641 15580      214.2701   107                    213.9639  4558128         
  22679 15604      214.6221    98                    213.9646  4570404         
  22728 15635      214.5000    78                    213.9651  4584151         
  22768 15667      214.8494   171                    213.9653  4592201         
  22814 15697    infeasible                          213.9661  4604914         
  22875 15738      214.3220   107                    213.9668  4618073         
  22902 15753      217.5020    99                    213.9669  4628863         
  22947 15777      214.5597    75                    213.9669  4640318         
  23006 15818      221.9279    79                    213.9676  4651622         
Elapsed time = 2674.49 sec. (1973700.22 ticks, tree = 48.94 MB, solutions = 0)
  23069 15871      236.4398    63                    213.9689  4663806         
  23138 15920      214.3467   115                    213.9694  4675082         
  23199 15971      238.3002    45                    213.9696  4686844         
  23246 16002      214.2751    93                    213.9696  4698438         
  23316 16054      214.2610   115                    213.9699  4711288         
  23369 16089      216.6372   133                    213.9715  4723459         
  23465 16165      218.3842    85                    213.9715  4735254         
  23533 16215      217.2507   100                    213.9722  4748471         
  23559 16231      215.6894   110                    213.9723  4761251         
  23583 16247      218.0915    91                    213.9733  4773525         
Elapsed time = 2720.64 sec. (2012571.85 ticks, tree = 50.21 MB, solutions = 0)
  23618 16274      215.9995    94                    213.9739  4786234         
  23673 16319      240.6136    70                    213.9740  4797607         
  23749 16379      250.5099    72                    213.9747  4808572         
  23797 16417      214.2856    74                    213.9752  4820549         
  23836 16434      216.1441   104                    213.9762  4832636         
  23869 16455      231.0687    71                    213.9768  4845112         
  23946 16518      217.1789    94                    213.9773  4856439         
  24001 16559      240.5066    57                    213.9776  4868201         
  24047 16593      216.9761    91                    213.9776  4879571         
  24125 16659      215.4041   128                    213.9778  4890465         
Elapsed time = 2767.31 sec. (2051932.28 ticks, tree = 52.10 MB, solutions = 0)
  24204 16726      214.1145    98                    213.9779  4901826         
  24230 16752      218.9104    96                    213.9779  4913500         
  24286 16796      225.0915    64                    213.9782  4924938         
  24346 16846    infeasible                          213.9785  4937524         
  24412 16890      217.2786    99                    213.9785  4947320         
  24460 16924      214.0693    98                    213.9802  4958800         
  24558 17006      221.5744    82                    213.9806  4970007         
  24589 17027      217.6324    84                    213.9810  4982960         
  24642 17056      218.3287    94                    213.9816  4994829         
  24727 17131      242.1657    82                    213.9818  5004922         
Elapsed time = 2811.74 sec. (2090780.06 ticks, tree = 53.50 MB, solutions = 0)
  24773 17167      224.6545    78                    213.9819  5015450         
  24832 17212      214.1109   132                    213.9825  5026467         
  24936 17300      214.8269   118                    213.9831  5038221         
  24976 17322      214.0564   127                    213.9843  5050531         
  25035 17361      216.1521   124                    213.9849  5063877         
  25090 17394      220.4447    76                    213.9854  5074616         
  25151 17443      214.2001    97                    213.9859  5086094         
  25196 17480      247.6592    62                    213.9870  5097754         
  25241 17515      221.6409    89                    213.9873  5109467         
  25292 17548      214.1963   104                    213.9889  5121695         
Elapsed time = 2852.81 sec. (2129781.98 ticks, tree = 54.73 MB, solutions = 0)
  25349 17591      214.3310   157                    213.9894  5135001         
  25386 17616      221.3435    85                    213.9904  5147165         
  25480 17688    infeasible                          213.9909  5159014         
  25527 17727      245.3871    46                    213.9911  5170026         
  25580 17769      222.6774    81                    213.9917  5180882         
  25607 17786      215.1331   110                    213.9929  5192273         
  25643 17818      214.4769   102                    213.9931  5202262         
  25680 17847      215.2109   106                    213.9932  5213196         
  25731 17882      236.9186    77                    213.9940  5224300         
  25786 17919      214.5415   148                    213.9943  5236606         
Elapsed time = 2890.76 sec. (2169375.55 ticks, tree = 55.83 MB, solutions = 0)
  25836 17948      214.2680   127                    213.9948  5248171         
  25875 17975      214.6593   124                    213.9973  5260067         
  25923 18003      219.4507    83                    213.9981  5271727         
  25968 18033      214.4258   106                    213.9993  5284101         
  25997 18052      214.3726   118                    213.9996  5295206         
  26034 18081      214.1108   104                    213.9999  5306128         
  26100 18137      219.9656    77                    214.0004  5318036         
  26171 18189      214.3276    77                    214.0016  5330073         
  26227 18235      243.8362    52                    214.0017  5342206         
  26292 18280    infeasible                          214.0034  5353251         
Elapsed time = 2928.46 sec. (2208554.66 ticks, tree = 56.91 MB, solutions = 0)
  26382 18364      246.7071    23                    214.0035  5363061         
  26456 18418      214.0668    95                    214.0044  5373996         
  26493 18447      217.7208    91                    214.0046  5386332         
  26535 18469      216.2625    90                    214.0047  5397169         
  26577 18503      226.5580    68                    214.0048  5409724         
  26635 18535      219.3050    81                    214.0057  5421475         
  26670 18552      214.0059   101                    214.0059  5433606         
  26764 18638      217.1742   101                    214.0060  5443099         
  26815 18683      235.1749    66                    214.0060  5454406         
  26896 18740      214.2701   133                    214.0075  5467079         
Elapsed time = 2966.57 sec. (2247594.39 ticks, tree = 58.27 MB, solutions = 0)
  26921 18761      220.9986    87                    214.0075  5478844         
  26947 18780      225.2069    87                    214.0075  5488799         
  27011 18832      214.7146   115                    214.0075  5500106         
  27065 18868      214.8927   121                    214.0079  5509934         
  27087 18890      221.7888    89                    214.0079  5521735         
  27136 18921      214.0370   176                    214.0090  5533464         
  27171 18944      214.0090    99                    214.0090  5544190         
  27206 18975      215.7872   105                    214.0090  5555369         
  27232 18993      214.2925   109                    214.0091  5565438         
  27308 19063    infeasible                          214.0091  5576985         
Elapsed time = 3005.65 sec. (2287135.37 ticks, tree = 59.22 MB, solutions = 0)
  27365 19102      214.0384   151                    214.0099  5587582         
  27423 19142      214.5375   103                    214.0106  5601500         
  27465 19172      214.0255   147                    214.0115  5612431         
  27507 19202      216.6182    76                    214.0115  5624257         
  27547 19222      214.9184    97                    214.0115  5636461         
  27590 19249      220.7408    96                    214.0116  5647556         
  27627 19270      216.2457    86                    214.0119  5659962         
  27676 19305      214.7566   115                    214.0122  5672453         
  27722 19333      218.4247    80                    214.0127  5685565         
  27780 19367      214.2879   163                    214.0134  5696996         
Elapsed time = 3043.20 sec. (2326327.30 ticks, tree = 60.12 MB, solutions = 0)
  27863 19438      214.2408   136                    214.0135  5707925         
  27926 19488      257.2328    47                    214.0138  5719390         
  27980 19520      214.1639   127                    214.0142  5731812         
  28033 19559      221.4269    94                    214.0143  5743345         
  28084 19594      214.0872   151                    214.0147  5754187         
  28119 19617    infeasible                          214.0155  5765941         
  28178 19662      244.8782    51                    214.0156  5778542         
  28240 19711      237.8575    67                    214.0156  5790227         
  28265 19728      219.2978    92                    214.0159  5801821         
  28310 19755      214.2122   168                    214.0162  5814069         
Elapsed time = 3080.38 sec. (2364869.17 ticks, tree = 61.27 MB, solutions = 0)
  28351 19778      214.4947   108                    214.0167  5827849         
  28408 19821      240.1143    57                    214.0168  5838676         
  28458 19863      218.5123    80                    214.0169  5849038         
  28526 19913      214.3454   118                    214.0175  5861651         
  28580 19945      218.2720    86                    214.0179  5872821         
  28645 19986      214.5064   106                    214.0191  5884573         
  28719 20044      214.4139   128                    214.0196  5896327         
  28788 20111      250.9432    44                    214.0196  5907302         
  28835 20133      214.2134   104                    214.0202  5919644         
  28862 20152      214.0462   101                    214.0204  5930326         
Elapsed time = 3117.99 sec. (2403742.73 ticks, tree = 62.45 MB, solutions = 0)
  28888 20174      215.0895   116                    214.0206  5941787         
  28942 20214      236.6377    64                    214.0214  5954417         
  28989 20243      214.2393   110                    214.0222  5965825         
  29012 20262      214.4963   130                    214.0223  5975477         
  29119 20347      214.9076    92                    214.0229  5986660         
  29178 20403      251.2664    55                    214.0230  5998325         
  29221 20436      224.6958    80                    214.0233  6009585         
  29290 20481      214.0543   185                    214.0243  6021155         
  29353 20532      247.7396    68                    214.0244  6032556         
  29399 20556      214.3997    91                    214.0249  6044516         
Elapsed time = 3155.59 sec. (2442574.10 ticks, tree = 63.64 MB, solutions = 0)
  29439 20584      215.0115   151                    214.0252  6057413         
  29473 20612      215.2760   104                    214.0252  6068244         
  29536 20667    infeasible                          214.0252  6080907         
  29603 20718      214.0469   159                    214.0254  6092089         
  29632 20735    infeasible                          214.0254  6104886         
  29685 20778      215.4411    93                    214.0255  6116086         
  29717 20802      216.1590    90                    214.0255  6126892         
  29801 20866      215.3690   105                    214.0264  6138328         
  29849 20883      214.6103    99                    214.0273  6151178         
  29898 20902      214.4294   147                    214.0288  6164798         
Elapsed time = 3193.74 sec. (2481953.67 ticks, tree = 64.97 MB, solutions = 0)
  29956 20956      257.4950    33                    214.0288  6174666         
  29996 20970      214.3743    79                    214.0295  6187332         
  30048 21004      215.2223   115                    214.0300  6199550         
  30088 21034      220.5591    81                    214.0300  6211433         
  30146 21080      214.3418    96                    214.0304  6223539         
  30200 21112      214.8400   135                    214.0312  6235708         
  30242 21139      216.8091    99                    214.0322  6249905         
  30301 21192      237.4008    59                    214.0322  6261851         
  30363 21232      214.4933   124                    214.0329  6273852         
  30423 21285      245.4952    43                    214.0335  6284638         
Elapsed time = 3231.69 sec. (2520778.19 ticks, tree = 66.10 MB, solutions = 0)
  30477 21329      217.1985    82                    214.0336  6296844         
  30514 21354      216.9297   104                    214.0336  6309107         
  30573 21407      253.1550    37                    214.0336  6321643         
  30611 21441      219.0469    92                    214.0336  6333673         
  30655 21461      214.0931   111                    214.0336  6345333         
  30686 21480      215.0173   103                    214.0344  6357210         
  30726 21512      218.9051   108                    214.0345  6366996         
  30780 21552      214.3986   137                    214.0356  6376623         
  30814 21573      214.1711   123                    214.0366  6390343         
  30864 21610      224.5526    91                    214.0372  6401199         
Elapsed time = 3269.42 sec. (2559644.00 ticks, tree = 67.36 MB, solutions = 0)
  30940 21672      259.9408    22                    214.0377  6412400         
  30991 21707      214.1380   109                    214.0386  6423495         
  31034 21726      214.2236    84                    214.0394  6435581         
  31058 21743      214.4058   104                    214.0396  6447167         
  31090 21763      214.4282    85                    214.0397  6460815         
  31115 21788      228.4265    71                    214.0397  6473508         
  31193 21850    infeasible                          214.0397  6484869         
  31236 21879      216.5192    75                    214.0401  6497530         
  31272 21909      214.6795   106                    214.0401  6510619         
  31316 21933      214.7051   110                    214.0406  6523437         
Elapsed time = 3306.81 sec. (2598416.48 ticks, tree = 68.32 MB, solutions = 0)
  31377 21982      243.6830    66                    214.0412  6535981         
  31419 22020      232.5231    92                    214.0413  6546911         
  31476 22073      241.0069    44                    214.0414  6558481         
  31544 22109      216.5749   107                    214.0422  6569388         
  31596 22142      218.3559    83                    214.0433  6581915         
  31672 22206      217.7645   103                    214.0438  6593786         
  31724 22240      223.6921    84                    214.0440  6605792         
  31796 22298      214.0993   106                    214.0444  6617947         
  31875 22363      249.3380    40                    214.0455  6629008         
  31919 22397      214.7134    99                    214.0455  6640038         
Elapsed time = 3344.35 sec. (2636819.27 ticks, tree = 69.70 MB, solutions = 0)
  31966 22422      214.1374   100                    214.0463  6652866         
  32013 22453      214.1354   208                    214.0468  6663330         
  32064 22492      214.6776   151                    214.0475  6674596         
  32112 22527      215.4520   113                    214.0478  6687901         
  32172 22585      241.7777    48                    214.0478  6702173         
  32230 22617      215.5612    93                    214.0483  6715756         
  32264 22641      216.7716    84                    214.0489  6727926         
  32299 22666      218.4498    89                    214.0490  6740607         
  32349 22696      214.2825    73                    214.0493  6749962         
  32376 22711      214.4236    88                    214.0493  6762860         
Elapsed time = 3382.07 sec. (2675929.33 ticks, tree = 70.63 MB, solutions = 0)
  32416 22739      223.6760    88                    214.0497  6774648         
  32464 22771      216.8481   103                    214.0503  6787137         
  32508 22809      216.7869    82                    214.0503  6799396         
  32533 22834      227.5510    89                    214.0503  6812390         
  32606 22895      214.1938   122                    214.0505  6823195         
  32667 22938    infeasible                          214.0515  6834531         
  32718 22983      250.7282    66                    214.0518  6845018         
  32780 23021      218.1553    87                    214.0521  6854915         
  32863 23095      221.0443    81                    214.0522  6865248         
* 32933 21822      integral     0      252.9750      214.0524  6873878   15.39%
  32936 21822      214.0838   108      252.9750      214.0524  6875199   15.39%
Elapsed time = 3427.09 sec. (2723437.88 ticks, tree = 68.02 MB, solutions = 1)
  32995 21872      214.8530   101      252.9750      214.0528  6887770   15.39%
  33036 21897      217.4898    89      252.9750      214.0531  6898611   15.39%
  33112 21958      214.3392   105      252.9750      214.0536  6911589   15.39%
  33155 21993      217.7749    99      252.9750      214.0537  6924133   15.39%
  33251 22079      217.6661    90      252.9750      214.0539  6930538   15.39%
  33322 22134      227.4048    79      252.9750      214.0541  6941734   15.39%
* 33336+21208                          249.1054      214.0541            14.07%
* 33336+21053                          248.6195      214.0541            13.90%
* 33336+20896                          248.0102      214.0541            13.69%
  33336 20898      237.1585    61      248.0102      214.0541  6942376   13.69%
* 33377 20849      integral     0      247.6603      214.0541  6944943   13.57%
  33436 20892      214.0652   160      247.6603      214.0549  6954957   13.57%
  33471 20912      214.3440    76      247.6603      214.0552  6966906   13.57%
Elapsed time = 3474.32 sec. (2774967.44 ticks, tree = 65.35 MB, solutions = 5)
* 33477+20891                          247.5358      214.0552            13.53%
* 33477+20873                          247.4399      214.0552            13.49%
  33504 20902      238.5057    67      247.4399      214.0552  6975937   13.49%
* 33536+20855                          247.2139      214.0561            13.41%
  33536 20857      214.6824   166      247.2139      214.0561  6985594   13.41%
  33589 20892      215.8582    98      247.2139      214.0563  6997615   13.41%
  33634 20921      223.5205    96      247.2139      214.0567  7009362   13.41%
* 33636+20900                          247.1124      214.0567            13.38%
  33636 20902      216.2163   132      247.1124      214.0567  7009553   13.38%
  33696 20952      229.0427   105      247.1124      214.0571  7020724   13.38%
* 33736+20968                          247.0379      214.0573            13.35%
  33736 20970      246.4197    44      247.0379      214.0573  7028265   13.35%
  33782 21001      216.4267    91      247.0379      214.0586  7039983   13.35%
  33831 21028      216.3447   115      247.0379      214.0594  7052632   13.35%
* 33836+21010                          246.9695      214.0594            13.33%
  33836 21012      217.9334   110      246.9695      214.0595  7054916   13.33%
Elapsed time = 3528.45 sec. (2836815.99 ticks, tree = 65.65 MB, solutions = 11)
  33906 21062      214.6410    88      246.9695      214.0598  7067005   13.33%
* 33936+21078                          246.9569      214.0600            13.32%
* 33936+21001                          246.6375      214.0600            13.21%
* 33936+20984                          246.5714      214.0600            13.19%
  33936 20986      214.6841    77      246.5714      214.0600  7073066   13.19%
  33994 21028      214.1658   163      246.5714      214.0603  7084195   13.19%
  34036 21052      215.9534    86      246.5714      214.0614  7092627   13.18%
  34095 21097      222.3582    74      246.5714      214.0617  7103946   13.18%
  34136 21129      221.4868    82      246.5714      214.0618  7112060   13.18%
  34177 21154      214.1720   203      246.5714      214.0627  7125673   13.18%
  34233 21208      236.4037    50      246.5714      214.0627  7136040   13.18%
* 34236+21195                          246.5018      214.0627            13.16%
* 34236+21050                          246.0319      214.0627            12.99%
  34236 21052      239.3508    40      246.0319      214.0627  7136641   12.99%
  34307 21092      214.2420   177      246.0319      214.0644  7149086   12.99%
Elapsed time = 3581.39 sec. (2894636.66 ticks, tree = 65.89 MB, solutions = 16)
  34327 21102    infeasible            246.0319      214.0644  7160938   12.99%
  34386 21141      216.6106    87      246.0319      214.0649  7171846   12.99%
  34424 21163      215.5099    93      246.0319      214.0654  7183120   12.99%
  34436 21171      215.5753   139      246.0319      214.0655  7186114   12.99%

GUB cover cuts applied:  88
Clique cuts applied:  57
Cover cuts applied:  18
Implied bound cuts applied:  77
Flow cuts applied:  29
Mixed integer rounding cuts applied:  536
Zero-half cuts applied:  7
Gomory fractional cuts applied:  11

Root node processing (before b&c):
  Real time             =   15.34 sec. (14780.15 ticks)
Sequential b&c:
  Real time             = 3584.67 sec. (2900069.92 ticks)
                          ------------
Total (root+branch&cut) = 3600.00 sec. (2914850.07 ticks)
