Version identifier: 22.1.0.0 | 2022-03-09 | 1a383f8ce
CPXPARAM_Read_DataCheck                          1
CPXPARAM_Threads                                 1
CPXPARAM_TimeLimit                               3600
Tried aggregator 2 times.
MIP Presolve eliminated 3123 rows and 153 columns.
MIP Presolve modified 30409 coefficients.
Aggregator did 144 substitutions.
Reduced MIP has 6494 rows, 683 columns, and 49854 nonzeros.
Reduced MIP has 507 binaries, 0 generals, 0 SOSs, and 0 indicators.
Presolve time = 0.10 sec. (78.54 ticks)
Probing time = 0.01 sec. (5.22 ticks)
Tried aggregator 1 time.
Detecting symmetries...
Reduced MIP has 6494 rows, 683 columns, and 49854 nonzeros.
Reduced MIP has 507 binaries, 0 generals, 0 SOSs, and 0 indicators.
Presolve time = 0.03 sec. (21.34 ticks)
Probing time = 0.01 sec. (5.30 ticks)
Clique table members: 532.
MIP emphasis: balance optimality and feasibility.
MIP search method: dynamic search.
Parallel mode: none, using 1 thread.
Root relaxation solution time = 0.02 sec. (22.03 ticks)

        Nodes                                         Cuts/
   Node  Left     Objective  IInf  Best Integer    Best Bound    ItCnt     Gap

      0     0      271.7993   128                    271.7993      280         
      0     0      271.7993    61                   Cuts: 678      615         
      0     0      271.8208    86                   Cuts: 545     1150         
      0     0      272.3802   125                  Cuts: 1185     2718         
      0     0      272.9158   137                   Cuts: 901     3199         
      0     0      273.4560   135                  Cuts: 1572     3516         
Detecting symmetries...
      0     0      273.6705   141                  Cuts: 1018     3694         
      0     0      273.9096   143                   Cuts: 323     3909         
      0     0      274.1256   150                   Cuts: 434     4079         
      0     0      274.3181   152                   Cuts: 477     4213         
      0     0      274.4582   141                   Cuts: 283     4312         
      0     0      274.5172   152                   Cuts: 260     4389         
      0     0      274.5767   154                   Cuts: 411     4484         
      0     0      274.5916   167                   Cuts: 258     4540         
      0     0      274.6057   135                   Cuts: 543     4591         
      0     0      274.6180   141                  Cuts: 1183     4673         
Detecting symmetries...
      0     2      274.6180   131                    274.6206     4673         
Elapsed time = 8.28 sec. (6705.86 ticks, tree = 0.01 MB, solutions = 0)
      7     9      280.9416    95                    274.8920     6101         
     17    15      284.4246    84                    274.8920     8110         
     31    25      291.2556    64                    274.8920     9098         
     56    50      332.8192    44                    274.8920    10437         
     98    76    infeasible                          274.8920    11261         
    103    81      287.3403    75                    274.8943    12203         
    105    83      290.1404    80                    274.8943    14042         
    114    92      400.2554    63                    274.8943    16877         
    125   103      293.0977    68                    274.8943    18510         
    202   172      278.3658    66                    275.4121    24613         
Elapsed time = 11.95 sec. (10429.46 ticks, tree = 0.68 MB, solutions = 0)
    297   261    infeasible                          275.4121    29640         
    437   362      297.4654    59                    275.4957    35063         
    512   416      311.4167    75                    275.5348    41710         
*   583   473      integral     0      366.9492      275.5348    46077   24.91%
    592   480      279.0136    85      366.9492      275.7840    46559   24.84%
    719   579      304.8946    55      366.9492      276.4316    52433   24.67%
    803   642      281.2927    63      366.9492      276.8571    57446   24.55%
    880   700      340.1708    46      366.9492      277.2608    63811   24.44%
    966   767      364.0944    39      366.9492      277.3097    69255   24.43%

Performing restart 1

Repeating presolve.
Tried aggregator 1 time.
MIP Presolve eliminated 261 rows and 15 columns.
MIP Presolve modified 641 coefficients.
Reduced MIP has 6233 rows, 668 columns, and 47143 nonzeros.
Reduced MIP has 496 binaries, 0 generals, 0 SOSs, and 0 indicators.
Presolve time = 0.04 sec. (29.39 ticks)
Tried aggregator 1 time.
MIP Presolve eliminated 33 rows and 7 columns.
Reduced MIP has 6200 rows, 661 columns, and 46746 nonzeros.
Reduced MIP has 489 binaries, 0 generals, 0 SOSs, and 0 indicators.
Presolve time = 0.02 sec. (16.07 ticks)
Tried aggregator 1 time.
Reduced MIP has 6200 rows, 661 columns, and 46746 nonzeros.
Reduced MIP has 489 binaries, 0 generals, 0 SOSs, and 0 indicators.
Presolve time = 0.03 sec. (20.41 ticks)
Represolve time = 0.21 sec. (134.42 ticks)
    972     0      274.7007   126      366.9492    Cuts: 1278    70352   24.43%
    972     0      274.7531   135      366.9492     Cuts: 282    70490   24.43%
    972     0      274.7807   139      366.9492     Cuts: 922    70616   24.43%
    972     0      274.8045   146      366.9492     Cuts: 113    70747   24.43%
    972     0      274.8160   136      366.9492     Cuts: 500    70847   24.43%
    972     0      274.8297   139      366.9492     Cuts: 762    70929   24.43%
    972     2      274.8297   121      366.9492      277.3097    70929   24.43%
    974     4      274.8365   119      366.9492      277.3097    70933   24.43%
Elapsed time = 34.67 sec. (30166.32 ticks, tree = 0.01 MB, solutions = 1)
    978     6      274.8467   117      366.9492      277.3097    71958   24.43%
    982     9      317.0861    67      366.9492      277.3097    74189   24.43%
    985    12      355.8475    61      366.9492      277.3097    74495   24.43%
    999    25      330.5965    53      366.9492      277.3097    75505   24.43%
   1027    52      324.0502    43      366.9492      277.3097    77506   24.43%
   1048    66      274.8858   110      366.9492      277.3097    78332   24.43%
   1051    69      324.0024    61      366.9492      277.3097    81528   24.43%
   1058    76      308.1565    80      366.9492      277.3097    83141   24.43%
   1068    86      307.4351    73      366.9492      277.3097    85535   24.43%
   1096   114      290.4528    35      366.9492      277.3097    86898   24.43%
Elapsed time = 46.80 sec. (42779.33 ticks, tree = 4.81 MB, solutions = 1)
   1121   135      275.5457    72      366.9492      277.3097    87402   24.43%
   1143   153      275.9941    71      366.9492      277.3097    88098   24.43%
   1178   184      319.0847    50      366.9492      277.3097    89185   24.43%
   1212   209      285.8622    69      366.9492      277.3097    90173   24.43%
   1264   255      277.7297    68      366.9492      277.3097    92030   24.43%
   1291   276      299.9994    64      366.9492      277.3097    93208   24.43%
   1322   298      326.5156    44      366.9492      277.3097    94163   24.43%
   1353   317      288.7019    63      366.9492      277.3097    95100   24.43%
   1381   339      292.0655    61      366.9492      277.3097    96310   24.43%
   1456   388      293.0391    55      366.9492      277.3097    99114   24.43%
Elapsed time = 59.01 sec. (52910.09 ticks, tree = 18.53 MB, solutions = 1)
   1500   422      279.6366    66      366.9492      277.3097   100788   24.43%
   1561   469      278.8674    70      366.9492      277.3097   102875   24.43%
   1595   493      280.2360    73      366.9492      277.3097   104421   24.43%
   1632   524      319.8736    52      366.9492      277.3097   105819   24.43%
   1677   548      284.4318    66      366.9492      277.3097   108514   24.43%
   1692   557      280.0711    77      366.9492      277.3411   109641   24.42%
   1733   588      339.9501    51      366.9492      277.3479   112635   24.42%
   1777   616      279.7352    66      366.9492      277.5850   114423   24.35%
   1813   642      283.1036    66      366.9492      277.6812   115967   24.33%
   1867   676      282.1894    71      366.9492      277.7698   118755   24.30%
Elapsed time = 72.04 sec. (64056.73 ticks, tree = 33.05 MB, solutions = 1)
   1933   727      287.9911    69      366.9492      277.8492   121244   24.28%
   1978   750      279.1955    61      366.9492      277.9947   124225   24.24%
   2008   774      290.1715    60      366.9492      277.9983   126199   24.24%
   2050   803      278.1077    65      366.9492      278.0573   127980   24.22%
   2086   825      281.7627    73      366.9492      278.1931   130036   24.19%
   2133   855      281.5900    92      366.9492      278.4019   133007   24.13%
   2174   888      301.0267    66      366.9492      278.4063   135375   24.13%
   2201   903      280.3486    78      366.9492      278.4297   138449   24.12%
   2249   934      278.5750    65      366.9492      278.6266   140314   24.07%
   2313   986      280.8837    66      366.9492      278.7241   143321   24.04%
Elapsed time = 86.00 sec. (76070.87 ticks, tree = 48.72 MB, solutions = 1)
   2356  1016      297.8056    53      366.9492      278.7849   146631   24.03%
   2397  1046      297.0414    69      366.9492      278.9095   148795   23.99%
   2462  1097      298.1141    62      366.9492      278.9699   151889   23.98%
   2512  1127      348.1089    45      366.9492      279.1051   155306   23.94%
   2533  1138      280.4821    67      366.9492      279.1840   156393   23.92%
   2573  1164      282.2833    72      366.9492      279.4429   157953   23.85%
   2604  1184      297.1812    54      366.9492      279.5149   160806   23.83%
   2652  1224      334.5107    36      366.9492      279.5855   163885   23.81%
   2667  1235      283.4816    76      366.9492      279.5926   164577   23.81%
   2737  1286      327.0818    54      366.9492      279.8207   167595   23.74%
Elapsed time = 97.37 sec. (86180.95 ticks, tree = 63.93 MB, solutions = 1)
*  2815  1349      integral     0      366.6808      279.8397   170173   23.68%
   2816  1348        cutoff            366.6808      279.8397   170180   23.68%
   2845  1367      314.6326    60      366.6808      279.9952   171608   23.64%
   2871  1381      281.9523    72      366.6808      280.0634   173103   23.62%
   2943  1428      291.2013    60      366.6808      280.1197   175915   23.61%
   2983  1452      280.3919    80      366.6808      280.1521   177601   23.60%
   3020  1478      281.2013    64      366.6808      280.1617   179298   23.60%
   3058  1499      318.7174    55      366.6808      280.1825   182386   23.59%
   3110  1537      299.0111    53      366.6808      280.2058   185365   23.58%
   3145  1560      349.4758    59      366.6808      280.2142   187218   23.58%
   3193  1586      283.3528    74      366.6808      280.2878   190091   23.56%
Elapsed time = 109.53 sec. (96888.86 ticks, tree = 79.20 MB, solutions = 2)
   3245  1614      283.7500    70      366.6808      280.3619   193496   23.54%
   3294  1654      347.1608    38      366.6808      280.3767   196438   23.54%
   3318  1668      302.3273    58      366.6808      280.4116   197842   23.53%
   3361  1694      284.1409    58      366.6808      280.4959   200297   23.50%
   3421  1736      281.7633    83      366.6808      280.5390   202723   23.49%
   3481  1774      299.0683    70      366.6808      280.6446   205825   23.46%
*  3512+ 1773                          362.9221      280.6446            22.67%
   3536  1789    infeasible            362.9221      280.6537   208523   22.67%
   3556  1803      282.4023    66      362.9221      280.7071   209895   22.65%
   3612  1839        cutoff            362.9221      280.7613   211923   22.64%
   3614  1839      282.2890    77      362.9221      280.7712   211999   22.64%
Elapsed time = 121.51 sec. (107433.33 ticks, tree = 92.10 MB, solutions = 3)
   3670  1876      290.8339    75      362.9221      280.9071   214931   22.60%
   3719  1899      286.5480    65      362.9221      281.1383   217657   22.53%
   3789  1946      281.3166    76      362.9221      281.2303   220218   22.51%
   3808  1959      295.0238    68      362.9221      281.2681   221572   22.50%
   3854  1983      317.6824    56      362.9221      281.3173   224282   22.49%
   3872  1988      282.7040    71      362.9221      281.3224   225684   22.48%
   3924  2026      300.9218    61      362.9221      281.3981   228577   22.46%
   3985  2059      350.1432    43      362.9221      281.4446   231850   22.45%
   4040  2090      292.2607    63      362.9221      281.4957   235416   22.44%
   4212  2214      294.6491    64      362.9221      281.6122   244402   22.40%
Elapsed time = 136.50 sec. (120851.46 ticks, tree = 111.32 MB, solutions = 3)
   4410  2336      309.5598    68      362.9221      281.7922   256011   22.35%
   4552  2408      286.5472    65      362.9221      281.8884   265031   22.33%
   4795  2573    infeasible            362.9221      282.0379   277346   22.29%
   4978  2693      288.4773    59      362.9221      282.2087   285940   22.24%
   5091  2760      284.2027    73      362.9221      282.3415   292882   22.20%
   5296  2889      320.7406    55      362.9221      282.5594   301983   22.14%
   5480  2998      352.5906    40      362.9221      282.6937   311864   22.11%
   5635  3096      287.1786    63      362.9221      282.7600   321952   22.09%
   5810  3212      283.3499    60      362.9221      282.8848   332870   22.05%
   6000  3327      346.2219    48      362.9221      282.9854   343464   22.03%
Elapsed time = 179.28 sec. (159512.36 ticks, tree = 167.86 MB, solutions = 3)
   6159  3433      284.6632    64      362.9221      283.0677   350788   22.00%
   6355  3567      285.9618    74      362.9221      283.2144   361119   21.96%
   6542  3663      284.5648    80      362.9221      283.3413   372748   21.93%
   6736  3765      352.7961    41      362.9221      283.4441   384001   21.90%
   6900  3864      300.7151    60      362.9221      283.5095   393978   21.88%
   7081  3975      332.1201    58      362.9221      283.5737   405418   21.86%
   7331  4129      323.8094    51      362.9221      283.6589   417561   21.84%
   7577  4280      308.6173    61      362.9221      283.7375   435567   21.82%
   7847  4425    infeasible            362.9221      283.8659   455171   21.78%
   8140  4624      318.4885    56      362.9221      283.9383   472499   21.76%
Elapsed time = 222.15 sec. (197774.66 ticks, tree = 206.29 MB, solutions = 3)
   8308  4707      289.0808    66      362.9221      284.0421   486824   21.73%
   8533  4827      316.2689    66      362.9221      284.1440   504025   21.71%
   8764  4943      285.7281    56      362.9221      284.2737   523945   21.67%
   9034  5057      320.3615    55      362.9221      284.4413   546929   21.62%
   9281  5225      323.3041    61      362.9221      284.5457   568493   21.60%
   9561  5378      287.0733    61      362.9221      284.6604   589946   21.56%
   9759  5484      289.3072    75      362.9221      284.7815   605309   21.53%
   9972  5600      301.8068    58      362.9221      284.8592   620398   21.51%
  10192  5741      298.6699    63      362.9221      284.9225   634054   21.49%
  10438  5883      285.4949    68      362.9221      284.9790   652195   21.48%
Elapsed time = 263.75 sec. (237149.90 ticks, tree = 200.31 MB, solutions = 3)
  10692  6027      352.3363    40      362.9221      285.0310   667832   21.46%
  10694  6029      289.3649    70      362.9221      285.0417   668007   21.46%
  11002  6220      315.8757    61      362.9221      285.1214   690096   21.44%
  11267  6370      302.2631    63      362.9221      285.2299   708783   21.41%
  11499  6495      319.5581    53      362.9221      285.3913   725145   21.36%
  11745  6640      291.0186    80      362.9221      285.4838   743623   21.34%
  11957  6778      352.2485    40      362.9221      285.5723   762082   21.31%
  12142  6873      328.6438    55      362.9221      285.6435   778150   21.29%
  12413  7040      300.4119    66      362.9221      285.6984   795503   21.28%
  12618  7151      308.2620    57      362.9221      285.7453   811098   21.27%
Elapsed time = 312.06 sec. (287299.09 ticks, tree = 197.02 MB, solutions = 3)
  12846  7256      286.0791    73      362.9221      285.8065   830224   21.25%
  13083  7388      351.8518    56      362.9221      285.8953   848840   21.22%
  13313  7509      293.7618    66      362.9221      285.9618   870826   21.21%
  13556  7653      295.8072    66      362.9221      286.0340   889662   21.19%
  13800  7785      286.9044    69      362.9221      286.0910   908619   21.17%
  13992  7887      307.3005    59      362.9221      286.1516   925696   21.15%
  14204  7992      303.6643    66      362.9221      286.2358   943253   21.13%
  14447  8128      291.4023    58      362.9221      286.3260   961931   21.11%
  14597  8213      306.5482    74      362.9221      286.3733   980289   21.09%
  14851  8369      329.1246    52      362.9221      286.4186   999823   21.08%
Elapsed time = 354.29 sec. (326586.45 ticks, tree = 193.87 MB, solutions = 3)
  15034  8445      347.8614    64      362.9221      286.4929  1018001   21.06%
  15259  8548      289.8541    68      362.9221      286.5918  1035978   21.03%
  15474  8677      326.6111    72      362.9221      286.6598  1053853   21.01%
  15757  8839      348.0418    49      362.9221      286.7506  1074496   20.99%
  16009  8963      313.4124    74      362.9221      286.8233  1097583   20.97%
  16255  9110      292.2564    67      362.9221      286.8920  1114492   20.95%
  16441  9199      288.2582    69      362.9221      286.9610  1135718   20.93%
  16690  9341      291.5683    61      362.9221      287.0099  1151052   20.92%
  16972  9520      352.3444    44      362.9221      287.0704  1170151   20.90%
  17200  9646      290.6001    66      362.9221      287.1373  1189420   20.88%
Elapsed time = 396.20 sec. (365670.09 ticks, tree = 190.22 MB, solutions = 3)
  17445  9784      356.6346    54      362.9221      287.1886  1212441   20.87%
  17666  9901      287.4829    63      362.9221      287.2523  1230837   20.85%
  17957 10062      347.2118    42      362.9221      287.3227  1252887   20.83%
  18174 10172        cutoff            362.9221      287.3494  1271199   20.82%
  18428 10281        cutoff            362.9221      287.4598  1290410   20.79%
  18675 10423      345.7638    50      362.9221      287.5074  1312079   20.78%
  18927 10570      293.6795    73      362.9221      287.5524  1331101   20.77%
  19252 10729      294.1118    69      362.9221      287.6406  1353279   20.74%
  19440 10831      318.9947    59      362.9221      287.6693  1372600   20.74%
  19662 10954      313.1530    61      362.9221      287.7215  1391670   20.72%
Elapsed time = 436.05 sec. (403993.12 ticks, tree = 188.09 MB, solutions = 3)
  19943 11129      324.1480    51      362.9221      287.7706  1413220   20.71%
  20164 11260      302.5171    59      362.9221      287.8021  1428294   20.70%
  20403 11398      358.6533    19      362.9221      287.8356  1447969   20.69%

Performing restart 2

Repeating presolve.
Tried aggregator 1 time.
MIP Presolve eliminated 13 rows and 1 columns.
MIP Presolve modified 3525 coefficients.
Reduced MIP has 6187 rows, 660 columns, and 49285 nonzeros.
Reduced MIP has 488 binaries, 0 generals, 0 SOSs, and 0 indicators.
Presolve time = 0.08 sec. (58.21 ticks)
Tried aggregator 1 time.
MIP Presolve modified 26 coefficients.
Reduced MIP has 6187 rows, 660 columns, and 49285 nonzeros.
Reduced MIP has 488 binaries, 0 generals, 0 SOSs, and 0 indicators.
Presolve time = 0.04 sec. (23.17 ticks)
Represolve time = 0.22 sec. (134.01 ticks)
  20416     0      274.9796   153      362.9221     Cuts: 363  1450009   20.69%
  20416     0      275.0068   144      362.9221     Cuts: 361  1450108   20.69%
  20416     0      275.0373   141      362.9221     Cuts: 369  1450192   20.69%
  20416     0      275.0572   141      362.9221     Cuts: 788  1450241   20.69%
  20416     0      275.0725   116      362.9221      Cuts: 47  1450305   20.69%
  20416     0      275.0725   118      362.9221    Cuts: 1644  1450348   20.69%
  20416     0      275.0882   119      362.9221     Cuts: 111  1450438   20.69%
  20416     0      275.0942   119      362.9221     Cuts: 249  1450532   20.69%
  20416     0      275.1098   124      362.9221     Cuts: 360  1450598   20.69%
  20416     2      275.1098   118      362.9221      287.8375  1450598   20.69%
  20434    13      321.3476    66      362.9221      287.8375  1454515   20.69%
  20446    25      299.4605    59      362.9221      287.8375  1457807   20.69%
  20468    47      309.5318    47      362.9221      287.8375  1459818   20.69%
  20537   104      306.6274    50      362.9221      287.8375  1461647   20.69%
  20620   164      288.5602    68      362.9221      287.8375  1466291   20.69%
  20727   240      293.1559    79      362.9221      287.8375  1472162   20.69%
Elapsed time = 485.84 sec. (453664.65 ticks, tree = 10.71 MB, solutions = 3)
  20803   286      284.7697    80      362.9221      287.8375  1479693   20.69%
  20994   421      304.5667    69      362.9221      287.8375  1490721   20.69%
  21138   514      308.9642    63      362.9221      287.8375  1503004   20.69%
  21320   643      292.3447    68      362.9221      287.8375  1515869   20.69%
  21486   755      323.8766    50      362.9221      287.8375  1530034   20.69%
  21741   936      324.2859    57      362.9221      287.8375  1544693   20.69%
  21915  1042      281.2581    90      362.9221      287.8375  1556964   20.69%
  22085  1139      331.5610    54      362.9221      287.8375  1571565   20.69%
  22354  1281      306.2842    63      362.9221      287.8375  1588197   20.69%
  22558  1404      335.8243    61      362.9221      287.8375  1603843   20.69%
Elapsed time = 530.01 sec. (492044.13 ticks, tree = 11.75 MB, solutions = 3)
  22808  1547      358.1799    34      362.9221      287.8375  1621148   20.69%
  23062  1700      284.3889    66      362.9221      287.8375  1640295   20.69%
  23354  1864      287.5734    72      362.9221      287.8375  1658775   20.69%
  23544  1961      299.1007    69      362.9221      287.8375  1675156   20.69%
  23786  2095      319.9515    47      362.9221      287.8375  1694111   20.69%
  24108  2280      290.8787    71      362.9221      287.8375  1712317   20.69%
  24353  2407      302.3312    54      362.9221      287.8375  1732485   20.69%
  24559  2515      357.4562    38      362.9221      287.8375  1747707   20.69%
  24783  2628      287.9215    73      362.9221      287.8375  1762691   20.69%
  25028  2783      308.1800    61      362.9221      287.8375  1782398   20.69%
Elapsed time = 569.06 sec. (530388.99 ticks, tree = 12.82 MB, solutions = 3)
  25302  2946      287.0967    78      362.9221      287.8375  1799485   20.69%
  25512  3061      291.7008    69      362.9221      287.8375  1814334   20.69%
  25756  3202      286.2806    73      362.9221      287.8375  1830469   20.69%
  25975  3310      295.4774    63      362.9221      287.8375  1849152   20.69%
  26223  3452      311.3559    56      362.9221      287.8375  1868988   20.69%
  26409  3561      352.3408    39      362.9221      287.8375  1883305   20.69%
  26616  3677      305.7871    67      362.9221      287.8375  1897410   20.69%
  26809  3767      357.4782    42      362.9221      287.8375  1913743   20.69%
  27073  3932      337.7210    65      362.9221      287.8375  1932710   20.69%
  27307  4066      321.3554    66      362.9221      287.8375  1949353   20.69%
Elapsed time = 608.89 sec. (568635.87 ticks, tree = 13.98 MB, solutions = 3)
  27532  4187      304.1960    68      362.9221      287.8375  1966306   20.69%
  27711  4271      314.4599    73      362.9221      287.8375  1981580   20.69%
  27931  4399      329.6255    53      362.9221      287.8375  1999297   20.69%
  28185  4551      334.3236    59      362.9221      287.8375  2017831   20.69%
  28428  4664      298.3167    65      362.9221      287.8375  2037882   20.69%
  28664  4789      345.3762    45      362.9221      287.8375  2054260   20.69%
  28877  4908      331.0652    70      362.9221      287.8375  2069423   20.69%
  29100  5030      346.0257    61      362.9221      287.8375  2085904   20.69%
  29354  5133      292.4378    69      362.9221      287.8375  2105371   20.69%
  29563  5238      306.6304    84      362.9221      287.8375  2126179   20.69%
Elapsed time = 650.48 sec. (606893.96 ticks, tree = 15.31 MB, solutions = 3)
  29755  5337      303.6176    69      362.9221      287.8375  2143798   20.69%
  29948  5434      290.4593    67      362.9221      287.9028  2160283   20.67%
  30157  5555      362.6363    54      362.9221      288.0329  2176594   20.64%
  30306  5636      351.1921    46      362.9221      288.1217  2194005   20.61%
  30547  5780      315.4354    68      362.9221      288.2390  2214502   20.58%
  30772  5893      307.8431    65      362.9221      288.3084  2234990   20.56%
  30914  5978      290.3414    67      362.9221      288.3581  2245203   20.55%
  31012  6029      298.7625    68      362.9221      288.3981  2254428   20.53%
  31077  6068      290.4688    57      362.9221      288.4389  2261879   20.52%
  31188  6129      344.8200    47      362.9221      288.4549  2270948   20.52%
Elapsed time = 695.69 sec. (646063.44 ticks, tree = 16.08 MB, solutions = 3)
  31327  6189      336.0343    52      362.9221      288.4985  2280973   20.51%
  31483  6289      291.1861    66      362.9221      288.5411  2289105   20.50%
  31592  6350      290.6599    74      362.9221      288.6173  2299873   20.47%
  31761  6425      307.4824    59      362.9221      288.6850  2313397   20.46%
  31937  6512      288.7216    67      362.9221      288.7251  2326877   20.44%
  32094  6593      292.0254    67      362.9221      288.8096  2341443   20.42%
  32227  6670      320.7611    59      362.9221      288.8832  2356205   20.40%
  32383  6738      292.5105    60      362.9221      288.9501  2370146   20.38%
  32484  6804      322.4742    60      362.9221      288.9759  2380267   20.38%
  32622  6886      311.8401    59      362.9221      288.9953  2391270   20.37%
Elapsed time = 746.18 sec. (686482.35 ticks, tree = 16.75 MB, solutions = 3)
  32801  6971      304.3528    76      362.9221      289.0480  2405150   20.36%
  32917  7026      297.9994    57      362.9221      289.0778  2414855   20.35%
  33098  7120      292.0527    64      362.9221      289.1174  2427992   20.34%
  33233  7196      302.0104    77      362.9221      289.1472  2438750   20.33%
  33408  7291      327.6383    67      362.9221      289.2352  2456350   20.30%
  33589  7386      321.8169    62      362.9221      289.3082  2471397   20.28%
  33749  7466      292.5674    75      362.9221      289.3428  2482667   20.27%
  34008  7609      291.4875    62      362.9221      289.4161  2502139   20.25%
  34180  7712      358.2123    60      362.9221      289.4709  2515830   20.24%
  34314  7767      290.2528    76      362.9221      289.5157  2526821   20.23%
Elapsed time = 792.50 sec. (725254.37 ticks, tree = 17.56 MB, solutions = 3)
  34430  7831      291.0799    64      362.9221      289.5476  2538288   20.22%
  34624  7928      337.3617    62      362.9221      289.6083  2552639   20.20%
  34851  8042      293.2067    63      362.9221      289.6902  2569695   20.18%
  35021  8148        cutoff            362.9221      289.7201  2582927   20.17%
  35205  8253      292.8539    63      362.9221      289.7664  2596417   20.16%
  35401  8354      295.9986    83      362.9221      289.8154  2610467   20.14%
  35553  8432      305.5709    68      362.9221      289.8647  2623902   20.13%
  35746  8561      314.3944    61      362.9221      289.8940  2635928   20.12%
  35974  8711      312.2248    57      362.9221      289.9393  2653122   20.11%
  36191  8835      301.6295    71      362.9221      290.0012  2666612   20.09%
Elapsed time = 838.11 sec. (763880.15 ticks, tree = 18.96 MB, solutions = 3)
  36359  8928      357.5917    50      362.9221      290.0383  2681738   20.08%
  36523  9017      296.0112    63      362.9221      290.0731  2696649   20.07%
  36724  9109      309.5479    67      362.9221      290.1207  2712785   20.06%
  36885  9200      291.1769    71      362.9221      290.1583  2728477   20.05%
  37104  9319      311.8664    63      362.9221      290.2295  2746346   20.03%
  37319  9421      320.4381    69      362.9221      290.3116  2762827   20.01%
  37501  9529      307.6059    63      362.9221      290.3523  2777035   20.00%
  37695  9653      290.9369    60      362.9221      290.3932  2790185   19.98%
  37910  9781      305.5606    69      362.9221      290.4280  2806092   19.98%
  38153  9923      295.7523    67      362.9221      290.4819  2822085   19.96%
Elapsed time = 884.89 sec. (803887.42 ticks, tree = 20.16 MB, solutions = 3)
  38375 10033      322.2342    63      362.9221      290.5456  2839055   19.94%
  38591 10147      338.9072    53      362.9221      290.5988  2856934   19.93%
  38806 10246      297.6321    66      362.9221      290.6634  2873753   19.91%
  38980 10341      303.1922    69      362.9221      290.7063  2891178   19.90%
  39213 10486      356.7716    53      362.9221      290.7505  2910349   19.89%
  39385 10573      294.3423    74      362.9221      290.7989  2923426   19.87%
  39545 10670      292.5147    69      362.9221      290.8395  2937666   19.86%
  39722 10752      299.2793    55      362.9221      290.8895  2952646   19.85%
  39921 10835      314.0168    69      362.9221      290.9451  2968703   19.83%
  40043 10885        cutoff            362.9221      290.9986  2979619   19.82%
Elapsed time = 929.75 sec. (842164.62 ticks, tree = 21.16 MB, solutions = 3)
  40229 11000      299.9423    65      362.9221      291.0547  2996844   19.80%
  40451 11131      305.4526    53      362.9221      291.1137  3015993   19.79%
  40651 11257      293.7997    63      362.9221      291.1668  3034283   19.77%
  40835 11356      293.4508    63      362.9221      291.2215  3049926   19.76%
  41077 11491      296.7045    59      362.9221      291.2864  3070788   19.74%
  41315 11616      304.3508    57      362.9221      291.3402  3088551   19.72%
  41466 11698      291.5132    68      362.9221      291.3908  3104223   19.71%
  41627 11796      294.7957    73      362.9221      291.4173  3119691   19.70%
  41836 11902    infeasible            362.9221      291.4773  3133789   19.69%
  41997 11973        cutoff            362.9221      291.5211  3147570   19.67%
Elapsed time = 974.66 sec. (881185.41 ticks, tree = 22.46 MB, solutions = 3)
  42187 12065      312.6850    60      362.9221      291.5652  3164393   19.66%
  42366 12152      346.8085    49      362.9221      291.5902  3179811   19.65%
  42583 12248      298.9782    64      362.9221      291.6492  3199279   19.64%
  42862 12433      293.2575    77      362.9221      291.6931  3216257   19.63%
  43134 12560      323.7216    48      362.9221      291.7562  3237346   19.61%
  43354 12677      291.8092    65      362.9221      291.8092  3255507   19.59%
  43593 12805      330.6079    61      362.9221      291.8367  3276446   19.59%
  43786 12895      335.3742    67      362.9221      291.8769  3291633   19.58%
  43946 12956      298.3035    60      362.9221      291.9087  3306424   19.57%
  44126 13028      303.0214    70      362.9221      291.9594  3324048   19.55%
Elapsed time = 1018.84 sec. (919908.44 ticks, tree = 23.57 MB, solutions = 3)
  44293 13122      305.2710    66      362.9221      291.9854  3339136   19.55%
  44496 13228      302.9346    56      362.9221      292.0280  3358263   19.53%
  44687 13309      307.4140    59      362.9221      292.0726  3377399   19.52%
  44975 13457      292.1312    74      362.9221      292.1275  3397958   19.51%
  45190 13563      344.3585    67      362.9221      292.1632  3415640   19.50%
  45426 13707      326.0849    54      362.9221      292.2125  3433007   19.48%
  45615 13823      313.2567    69      362.9221      292.2304  3448742   19.48%
  45874 13941      293.4904    53      362.9221      292.2802  3465584   19.46%
  46130 14078        cutoff            362.9221      292.3323  3482632   19.45%
  46310 14174      343.2713    49      362.9221      292.3737  3496823   19.44%
Elapsed time = 1062.99 sec. (958632.66 ticks, tree = 24.89 MB, solutions = 3)
  46522 14297      323.1265    65      362.9221      292.4104  3513081   19.43%
  46696 14390      303.5115    67      362.9221      292.4593  3528525   19.42%
  46983 14537      312.0047    61      362.9221      292.5105  3548375   19.40%
  47206 14653      308.5977    68      362.9221      292.5560  3565717   19.39%
  47444 14783        cutoff            362.9221      292.6140  3582111   19.37%
  47619 14875      297.7212    66      362.9221      292.6480  3595939   19.36%
  47866 15008      324.9365    62      362.9221      292.6891  3616976   19.35%
  48181 15182      331.3144    64      362.9221      292.7436  3636781   19.34%
  48455 15348      294.8819    59      362.9221      292.7739  3657937   19.33%
  48691 15487      334.2644    61      362.9221      292.7924  3676722   19.32%
Elapsed time = 1106.75 sec. (997032.64 ticks, tree = 26.30 MB, solutions = 3)
  48884 15576      294.3487    65      362.9221      292.8171  3693006   19.32%
  49074 15682      306.5560    60      362.9221      292.8596  3708614   19.31%
  49303 15779      324.7378    61      362.9221      292.9024  3727403   19.29%
  49471 15875      293.0695    60      362.9221      292.9220  3741441   19.29%
  49662 15976      361.3399    42      362.9221      292.9443  3761560   19.28%
  49846 16048      330.0836    54      362.9221      292.9874  3777730   19.27%
  50122 16163      317.3023    54      362.9221      293.0485  3798381   19.25%
  50371 16290      311.2179    61      362.9221      293.0741  3820704   19.25%
  50629 16449      306.4712    67      362.9221      293.0991  3840139   19.24%
  50840 16543      326.1322    59      362.9221      293.1295  3858387   19.23%
Elapsed time = 1147.92 sec. (1035778.70 ticks, tree = 28.14 MB, solutions = 3)
  51042 16621      293.1623    57      362.9221      293.1658  3873665   19.22%
  51232 16718      299.9806    57      362.9221      293.1889  3889264   19.21%
  51490 16823      325.3409    51      362.9221      293.2309  3905826   19.20%
  51695 16928      298.4181    63      362.9221      293.2645  3921208   19.19%
  51935 17061      296.6441    66      362.9221      293.2884  3937706   19.19%
  52110 17154      301.9023    57      362.9221      293.3076  3953993   19.18%
  52347 17268      323.6511    64      362.9221      293.3484  3972379   19.17%
  52587 17399      302.4069    65      362.9221      293.3963  3992024   19.16%
  52788 17507      321.6407    65      362.9221      293.4112  4008224   19.15%
  53034 17614      335.4346    62      362.9221      293.4494  4027384   19.14%
Elapsed time = 1184.94 sec. (1074336.47 ticks, tree = 29.18 MB, solutions = 3)
  53233 17691      354.2560    60      362.9221      293.4793  4043631   19.13%
  53399 17786      315.2474    52      362.9221      293.5009  4057640   19.13%
  53629 17912      360.5114    42      362.9221      293.5297  4075130   19.12%
  53813 17990      362.8500    29      362.9221      293.5694  4090923   19.11%
  54055 18129      342.7460    55      362.9221      293.6102  4107498   19.10%
  54297 18259      294.1824    56      362.9221      293.6458  4126659   19.09%
  54542 18391      355.3508    46      362.9221      293.6797  4145359   19.08%
  54770 18536      299.9300    68      362.9221      293.7151  4163007   19.07%
  55006 18647      362.8825    38      362.9221      293.7757  4180733   19.05%
  55258 18774      295.2007    63      362.9221      293.8083  4201108   19.04%
Elapsed time = 1224.64 sec. (1112564.15 ticks, tree = 30.22 MB, solutions = 3)
  55500 18895      299.9291    56      362.9221      293.8550  4220983   19.03%
  55729 19017      311.1329    55      362.9221      293.8968  4239649   19.02%
  55921 19108      341.4449    58      362.9221      293.9328  4254171   19.01%
  56105 19204      303.9936    69      362.9221      293.9651  4268241   19.00%
  56266 19289      319.6304    61      362.9221      293.9867  4280805   18.99%
  56458 19383      327.6594    62      362.9221      294.0078  4297820   18.99%
  56696 19531      356.1185    32      362.9221      294.0299  4315585   18.98%
  56981 19675      294.7275    66      362.9221      294.0678  4334180   18.97%
  57213 19781      295.9110    66      362.9221      294.1145  4352408   18.96%
  57477 19924      298.5020    68      362.9221      294.1453  4371732   18.95%
Elapsed time = 1268.29 sec. (1151946.27 ticks, tree = 31.55 MB, solutions = 3)
  57693 20032      296.1403    58      362.9221      294.1657  4388081   18.95%
  57969 20179      309.2398    74      362.9221      294.2219  4409370   18.93%
  58171 20281      298.8024    63      362.9221      294.2590  4424870   18.92%
  58368 20373      325.4072    56      362.9221      294.2884  4442746   18.91%
  58588 20485    infeasible            362.9221      294.3121  4461652   18.90%
  58803 20598      337.9365    60      362.9221      294.3441  4477257   18.90%
  59051 20730      304.9395    57      362.9221      294.3815  4496283   18.89%
  59220 20818      332.8795    65      362.9221      294.4142  4510560   18.88%
  59480 20959      322.8257    64      362.9221      294.4557  4530445   18.87%
  59677 21038      333.7989    54      362.9221      294.4930  4549081   18.86%
Elapsed time = 1311.37 sec. (1190318.73 ticks, tree = 32.83 MB, solutions = 3)
  59954 21191      304.0481    73      362.9221      294.5266  4568954   18.85%
  60192 21322      312.5627    66      362.9221      294.5559  4587955   18.84%
  60426 21414      299.2504    67      362.9221      294.5947  4605933   18.83%
  60696 21535      322.1585    66      362.9221      294.6406  4626387   18.81%
  60918 21635      296.2185    68      362.9221      294.6901  4643808   18.80%
  61158 21757      319.0017    63      362.9221      294.7259  4663150   18.79%
  61356 21854      301.0245    57      362.9221      294.7520  4676978   18.78%
  61575 21969      303.9218    63      362.9221      294.7790  4695933   18.78%
  61810 22081      326.9168    71      362.9221      294.8085  4714349   18.77%
  62014 22158      299.9880    72      362.9221      294.8399  4733755   18.76%
Elapsed time = 1357.18 sec. (1229056.54 ticks, tree = 34.08 MB, solutions = 3)
  62281 22312      362.1311    48      362.9221      294.8759  4752476   18.75%
  62507 22414      319.7857    55      362.9221      294.9188  4770660   18.74%
  62777 22533      306.7617    59      362.9221      294.9561  4790708   18.73%
  63022 22642      316.8659    60      362.9221      294.9824  4810371   18.72%
  63298 22751      354.1122    42      362.9221      295.0074  4828792   18.71%
  63531 22886      295.7418    70      362.9221      295.0385  4845817   18.70%
  63795 23021    infeasible            362.9221      295.0586  4866504   18.70%
  64082 23153      307.8397    51      362.9221      295.1031  4885256   18.69%
  64349 23289      313.0135    65      362.9221      295.1404  4903037   18.68%
  64495 23366      325.1493    47      362.9221      295.1634  4917578   18.67%
Elapsed time = 1396.02 sec. (1267346.04 ticks, tree = 35.53 MB, solutions = 3)
  64741 23468      307.2062    63      362.9221      295.2067  4935825   18.66%
  65015 23614      296.3190    64      362.9221      295.2326  4953946   18.65%
  65273 23753      319.2340    59      362.9221      295.2618  4972314   18.64%
  65497 23845      322.9796    59      362.9221      295.2855  4992569   18.64%
  65803 23997      301.1116    64      362.9221      295.3285  5011469   18.62%
  66068 24111      295.8553    73      362.9221      295.3702  5031542   18.61%
  66320 24234      336.9624    66      362.9221      295.3948  5052188   18.61%
  66634 24409      321.1025    62      362.9221      295.4268  5071578   18.60%
  66875 24517      331.5767    64      362.9221      295.4542  5092999   18.59%
  67148 24658      307.6625    69      362.9221      295.4850  5112116   18.58%
Elapsed time = 1438.42 sec. (1305639.59 ticks, tree = 37.07 MB, solutions = 3)
  67406 24795      325.2668    64      362.9221      295.5168  5129478   18.57%
  67638 24922      295.5422    65      362.9221      295.5369  5148335   18.57%
  67884 25029      325.5455    60      362.9221      295.5686  5167175   18.56%
  68102 25131      341.8061    54      362.9221      295.5850  5185961   18.55%
  68333 25215      301.8011    72      362.9221      295.6092  5205432   18.55%
  68588 25336      320.0599    64      362.9221      295.6300  5225326   18.54%
  68847 25441      315.9797    75      362.9221      295.6555  5245990   18.53%
  69114 25571        cutoff            362.9221      295.6925  5267849   18.52%
  69381 25697      299.9017    61      362.9221      295.7281  5288588   18.51%
  69632 25829      300.8833    64      362.9221      295.7676  5306292   18.50%
Elapsed time = 1480.30 sec. (1343913.81 ticks, tree = 38.58 MB, solutions = 3)
  69862 25934      296.1754    70      362.9221      295.7940  5327217   18.50%
  70073 26043      345.0080    48      362.9221      295.8043  5345624   18.49%
  70329 26175      315.1697    59      362.9221      295.8276  5363673   18.49%
  70477 26260      325.7595    68      362.9221      295.8425  5379028   18.48%
  70714 26381      299.0026    71      362.9221      295.8730  5397466   18.47%
  70958 26501    infeasible            362.9221      295.8928  5414996   18.47%
  71144 26586      309.9766    63      362.9221      295.9165  5435175   18.46%
  71389 26713      331.5777    63      362.9221      295.9375  5454752   18.46%
  71632 26855      316.3509    70      362.9221      295.9744  5474791   18.45%
  71900 26955      323.8405    58      362.9221      296.0167  5495160   18.44%
Elapsed time = 1522.58 sec. (1382182.05 ticks, tree = 39.88 MB, solutions = 3)
  72126 27049      317.5976    71      362.9221      296.0395  5517468   18.43%
  72413 27190      358.8614    57      362.9221      296.0777  5537284   18.42%
  72637 27306      337.8462    59      362.9221      296.1067  5558035   18.41%
  72900 27417      305.1191    56      362.9221      296.1417  5578704   18.40%
  73152 27532      310.3246    69      362.9221      296.1620  5597996   18.40%
  73396 27626      302.8725    63      362.9221      296.1992  5616193   18.38%
  73595 27714      351.7505    37      362.9221      296.2126  5635896   18.38%
  73831 27843      307.3696    62      362.9221      296.2330  5654328   18.38%
  74054 27952      323.0732    55      362.9221      296.2515  5673557   18.37%
  74327 28094      328.8031    63      362.9221      296.2800  5693352   18.36%
Elapsed time = 1565.12 sec. (1420639.49 ticks, tree = 41.11 MB, solutions = 3)
  74551 28205      331.2514    62      362.9221      296.2935  5714005   18.36%
  74806 28322      321.3177    61      362.9221      296.3213  5734515   18.35%
  75094 28481      312.9732    66      362.9221      296.3470  5754766   18.34%
  75383 28598      341.0076    45      362.9221      296.3704  5774277   18.34%
  75651 28716        cutoff            362.9221      296.4067  5794974   18.33%
  75908 28835      324.8443    54      362.9221      296.4508  5816297   18.32%
  76164 28958      318.6898    62      362.9221      296.4847  5836068   18.31%
  76372 29064      304.6713    62      362.9221      296.5174  5854707   18.30%
  76621 29165      309.3065    66      362.9221      296.5405  5873781   18.29%
  76847 29264      348.3102    57      362.9221      296.5585  5892461   18.29%
Elapsed time = 1608.32 sec. (1458904.34 ticks, tree = 42.47 MB, solutions = 3)
  77095 29382      310.5482    58      362.9221      296.5804  5911527   18.28%
  77355 29501      313.6925    57      362.9221      296.6011  5932041   18.27%
  77604 29602      350.3791    47      362.9221      296.6288  5949436   18.27%
  77912 29784      344.1844    61      362.9221      296.6542  5967756   18.26%
  78187 29894      306.7942    61      362.9221      296.6871  5988694   18.25%
  78450 30015      303.6305    63      362.9221      296.7159  6008997   18.24%
  78683 30134      311.8920    45      362.9221      296.7330  6030357   18.24%
  78952 30260      302.1215    58      362.9221      296.7545  6050780   18.23%
  79201 30369        cutoff            362.9221      296.7750  6072459   18.23%
  79438 30487    infeasible            362.9221      296.7996  6089646   18.22%
Elapsed time = 1651.54 sec. (1497215.90 ticks, tree = 43.94 MB, solutions = 3)
  79739 30606      300.2301    60      362.9221      296.8400  6108442   18.21%
  79976 30698      321.9727    69      362.9221      296.8599  6127639   18.20%
  80237 30820      332.7026    50      362.9221      296.8914  6146043   18.19%
  80468 30932      314.3026    65      362.9221      296.9157  6165486   18.19%
  80757 31062    infeasible            362.9221      296.9437  6183606   18.18%
  81057 31206      317.9314    66      362.9221      296.9797  6203763   18.17%
  81331 31344        cutoff            362.9221      297.0023  6224273   18.16%
  81587 31472      329.3125    71      362.9221      297.0212  6245490   18.16%
  81876 31604      325.6609    60      362.9221      297.0377  6266141   18.15%
  82121 31720      354.4466    38      362.9221      297.0643  6286154   18.15%
Elapsed time = 1694.10 sec. (1535565.78 ticks, tree = 45.32 MB, solutions = 3)
  82380 31833    infeasible            362.9221      297.0846  6307853   18.14%
  82659 31971      335.2527    62      362.9221      297.1180  6328497   18.13%
  82905 32074      321.1699    60      362.9221      297.1453  6347395   18.12%
  83100 32164      323.1688    63      362.9221      297.1698  6367757   18.12%
  83337 32271      362.3500    59      362.9221      297.1903  6386718   18.11%
  83601 32388      312.3308    58      362.9221      297.2154  6405208   18.10%
  83907 32538      305.3841    67      362.9221      297.2386  6423249   18.10%
  84168 32662      317.1594    65      362.9221      297.2623  6441941   18.09%
  84411 32762    infeasible            362.9221      297.2785  6462851   18.09%
  84625 32856      309.6489    47      362.9221      297.3115  6482137   18.08%
Elapsed time = 1736.35 sec. (1573916.95 ticks, tree = 47.92 MB, solutions = 3)
  84910 33011      297.3314    74      362.9221      297.3314  6501377   18.07%
  85175 33124        cutoff            362.9221      297.3510  6523116   18.07%
  85467 33264      330.4529    65      362.9221      297.3703  6543699   18.06%
  85753 33402      346.1646    55      362.9221      297.3979  6564296   18.05%
  86035 33544      343.2354    54      362.9221      297.4309  6584259   18.05%
  86327 33670    infeasible            362.9221      297.4638  6604313   18.04%
  86561 33770    infeasible            362.9221      297.4826  6623015   18.03%
  86804 33874      304.5310    69      362.9221      297.4956  6642888   18.03%
  87073 33998      309.2718    67      362.9221      297.5272  6661630   18.02%
  87315 34152      319.6109    51      362.9221      297.5435  6680131   18.01%
Elapsed time = 1779.20 sec. (1612128.48 ticks, tree = 49.42 MB, solutions = 3)
  87579 34305      327.9135    58      362.9221      297.5710  6697408   18.01%
  87882 34454      348.8055    54      362.9221      297.5877  6716129   18.00%
  88206 34596      300.3175    63      362.9221      297.6192  6735161   17.99%
  88475 34723      358.5078    29      362.9221      297.6487  6756157   17.99%
  88758 34845      297.8117    63      362.9221      297.6757  6777434   17.98%
  89041 34962    infeasible            362.9221      297.7081  6798786   17.97%
  89292 35090      315.5897    72      362.9221      297.7223  6818801   17.97%
  89552 35212      343.2819    60      362.9221      297.7474  6839281   17.96%
  89849 35338        cutoff            362.9221      297.7724  6859293   17.95%
  90146 35472      341.2461    59      362.9221      297.7900  6877928   17.95%
Elapsed time = 1822.04 sec. (1650354.41 ticks, tree = 51.11 MB, solutions = 3)
  90352 35554      309.3564    63      362.9221      297.8152  6896895   17.94%
  90586 35673      354.1036    45      362.9221      297.8436  6914145   17.93%
  90799 35762      320.9807    70      362.9221      297.8674  6932301   17.93%
  91066 35881      357.0472    44      362.9221      297.8877  6950764   17.92%
  91302 35986      329.8943    64      362.9221      297.9146  6970552   17.91%
  91536 36086      355.0787    47      362.9221      297.9373  6990388   17.91%
  91802 36209        cutoff            362.9221      297.9589  7011990   17.90%
  92076 36343      304.4632    65      362.9221      297.9820  7032371   17.89%
  92336 36471      319.9954    61      362.9221      297.9988  7052891   17.89%
* 92416+36494                          362.8236      298.0032            17.87%
  92589 36556      349.9684    59      362.8236      298.0305  7073520   17.86%
Elapsed time = 1864.21 sec. (1688683.89 ticks, tree = 52.84 MB, solutions = 4)
  92855 36658      328.1718    59      362.8236      298.0562  7094046   17.85%
  93141 36790      305.0329    68      362.8236      298.0790  7114726   17.84%
  93416 36919      353.7788    59      362.8236      298.0902  7133722   17.84%
  93725 37052      304.0154    70      362.8236      298.1133  7153683   17.84%
  94006 37188      302.6711    62      362.8236      298.1332  7171950   17.83%
  94283 37303      320.4377    68      362.8236      298.1506  7189941   17.82%
  94571 37446      303.3257    71      362.8236      298.1730  7208177   17.82%
  94783 37514      330.2991    53      362.8236      298.1901  7228410   17.81%
  95032 37598      348.9791    59      362.8236      298.2137  7247407   17.81%
  95331 37738      354.6039    54      362.8236      298.2336  7265241   17.80%
Elapsed time = 1907.14 sec. (1727164.35 ticks, tree = 54.21 MB, solutions = 4)
  95644 37893      345.1905    54      362.8236      298.2576  7284593   17.80%
  95942 38009      335.0942    59      362.8236      298.2857  7304961   17.79%
  96213 38124      299.9459    58      362.8236      298.3043  7325429   17.78%
  96501 38252      298.3336    47      362.8236      298.3336  7346178   17.77%
  96773 38389      337.6329    63      362.8236      298.3536  7367242   17.77%
  97074 38556      341.2074    54      362.8236      298.3715  7387321   17.76%
  97362 38696      318.2337    59      362.8236      298.3878  7407907   17.76%
  97597 38816      298.6121    56      362.8236      298.3985  7422698   17.76%
  97862 38924        cutoff            362.8236      298.4202  7443026   17.75%
  98147 39049      333.2296    52      362.8236      298.4418  7461143   17.74%
Elapsed time = 1947.41 sec. (1765435.60 ticks, tree = 55.68 MB, solutions = 4)
  98393 39148      348.3706    55      362.8236      298.4542  7480382   17.74%
  98636 39242      319.7629    60      362.8236      298.4718  7499980   17.74%
  98935 39375      301.0763    49      362.8236      298.4966  7519188   17.73%
  99173 39491      322.9813    49      362.8236      298.5129  7539112   17.73%
  99409 39586      309.9381    71      362.8236      298.5251  7557358   17.72%
  99676 39691      340.1718    52      362.8236      298.5441  7577164   17.72%
  99960 39799      309.6851    65      362.8236      298.5697  7598244   17.71%
 100277 39953      322.8292    55      362.8236      298.5966  7618511   17.70%
 100563 40067      327.3879    58      362.8236      298.6208  7639332   17.70%
 100817 40187      307.9380    69      362.8236      298.6426  7659772   17.69%
Elapsed time = 1981.87 sec. (1803668.67 ticks, tree = 57.67 MB, solutions = 4)
 101121 40346      355.9068    45      362.8236      298.6624  7680064   17.68%
 101383 40459      326.2829    61      362.8236      298.6898  7701473   17.68%
 101641 40602        cutoff            362.8236      298.7045  7722014   17.67%
 101885 40721        cutoff            362.8236      298.7208  7742586   17.67%
 102174 40859      314.7763    68      362.8236      298.7427  7760925   17.66%
 102394 40949        cutoff            362.8236      298.7580  7780232   17.66%
 102625 41063      304.7149    65      362.8236      298.7746  7798710   17.65%
 102912 41186      300.1216    46      362.8236      298.7916  7818422   17.65%
 103197 41333      299.6985    64      362.8236      298.8099  7837020   17.64%
 103428 41400      302.0221    67      362.8236      298.8299  7856668   17.64%
Elapsed time = 2018.75 sec. (1841866.25 ticks, tree = 59.08 MB, solutions = 4)
 103677 41509      344.1726    71      362.8236      298.8480  7877383   17.63%
 103928 41606      301.0323    57      362.8236      298.8721  7897466   17.63%
 104200 41726      305.1623    71      362.8236      298.8867  7917856   17.62%
*104451 40766      integral     0      361.5170      298.9082  7937099   17.32%
 104472 40776      357.9093    48      361.5170      298.9100  7938646   17.32%
 104739 40912      299.5992    87      361.5170      298.9330  7958161   17.31%
 104956 41001      308.0262    75      361.5170      298.9555  7978301   17.31%
 105188 41105      317.7289    70      361.5170      298.9727  7995515   17.30%
 105452 41221      307.1469    64      361.5170      298.9922  8017469   17.30%
 105726 41344        cutoff            361.5170      299.0033  8038990   17.29%
 105981 41458      314.0542    64      361.5170      299.0285  8059528   17.29%
Elapsed time = 2059.66 sec. (1880134.15 ticks, tree = 59.15 MB, solutions = 5)
 106311 41603      304.7943    70      361.5170      299.0507  8079840   17.28%
 106537 41704      353.6912    68      361.5170      299.0702  8099413   17.27%
 106787 41805      338.8684    61      361.5170      299.0894  8120250   17.27%
 107030 41909      352.4381    55      361.5170      299.1082  8138847   17.26%
 107305 41999      303.3466    63      361.5170      299.1306  8159984   17.26%
 107544 42115      339.7131    60      361.5170      299.1402  8180754   17.25%
 107795 42245      309.1554    60      361.5170      299.1501  8199516   17.25%
 108041 42377    infeasible            361.5170      299.1631  8217946   17.25%
 108305 42472      304.3618    66      361.5170      299.1877  8237293   17.24%
 108524 42550      326.1656    64      361.5170      299.2051  8256821   17.24%
Elapsed time = 2099.62 sec. (1918480.09 ticks, tree = 60.37 MB, solutions = 5)
 108751 42645        cutoff            361.5170      299.2196  8276991   17.23%
 108993 42754      325.3193    59      361.5170      299.2346  8297369   17.23%
 109219 42856      299.3315    63      361.5170      299.2472  8319394   17.22%
 109466 42979      346.6668    55      361.5170      299.2571  8341500   17.22%
 109740 43112        cutoff            361.5170      299.2745  8363096   17.22%
 110024 43226      356.4689    49      361.5170      299.2971  8384506   17.21%
 110299 43338        cutoff            361.5170      299.3068  8406242   17.21%
 110602 43474      325.3433    59      361.5170      299.3314  8426647   17.20%
 110884 43614      327.5332    50      361.5170      299.3502  8447739   17.20%
 111183 43748      305.2368    62      361.5170      299.3709  8466945   17.19%
Elapsed time = 2142.29 sec. (1956688.37 ticks, tree = 61.91 MB, solutions = 5)
 111428 43865      323.0386    57      361.5170      299.3787  8485026   17.19%
 111659 43974      330.4154    63      361.5170      299.3975  8504694   17.18%
 111914 44080      324.4827    55      361.5170      299.4105  8523418   17.18%
 112155 44166        cutoff            361.5170      299.4263  8543048   17.18%
 112376 44277      354.9036    39      361.5170      299.4436  8561883   17.17%
 112626 44402      343.5992    60      361.5170      299.4563  8580936   17.17%
 112816 44521      321.0571    65      361.5170      299.4629  8600376   17.16%
 113035 44630      346.2891    54      361.5170      299.4758  8620577   17.16%
 113315 44761      304.6266    59      361.5170      299.4928  8641838   17.16%
 113626 44925      314.8999    73      361.5170      299.5101  8662008   17.15%
Elapsed time = 2186.86 sec. (1994937.28 ticks, tree = 62.98 MB, solutions = 5)
 113880 45051      331.3120    55      361.5170      299.5228  8684308   17.15%
 114175 45151      306.5906    63      361.5170      299.5445  8705395   17.14%
 114471 45275      304.8723    73      361.5170      299.5641  8725466   17.14%
 114756 45421      360.6280    36      361.5170      299.5815  8746684   17.13%
 115041 45528      330.7415    76      361.5170      299.6088  8768777   17.12%
 115356 45667      302.7519    62      361.5170      299.6238  8789244   17.12%
 115590 45784      336.5772    60      361.5170      299.6426  8807843   17.12%
 115865 45884      301.2219    55      361.5170      299.6688  8828544   17.11%
 116074 45967      309.8193    71      361.5170      299.6824  8848989   17.10%
 116356 46076      341.0467    57      361.5170      299.6967  8868317   17.10%
Elapsed time = 2234.77 sec. (2033265.23 ticks, tree = 64.37 MB, solutions = 5)
 116621 46184      326.5555    52      361.5170      299.7137  8887588   17.10%
 116922 46300      314.6416    51      361.5170      299.7337  8905689   17.09%
 117165 46432      361.0252    26      361.5170      299.7422  8925734   17.09%
 117438 46559      360.5114    29      361.5170      299.7582  8945743   17.08%
 117635 46626      319.1914    81      361.5170      299.7701  8966452   17.08%
 117875 46735      324.6607    61      361.5170      299.7824  8984518   17.08%
 118156 46836    infeasible            361.5170      299.8034  9005976   17.07%
 118423 46963      331.9261    63      361.5170      299.8217  9026899   17.07%
 118723 47101        cutoff            361.5170      299.8385  9047747   17.06%
 119018 47195    infeasible            361.5170      299.8600  9068453   17.06%
Elapsed time = 2281.44 sec. (2071660.20 ticks, tree = 65.72 MB, solutions = 5)
 119282 47308        cutoff            361.5170      299.8754  9089691   17.05%
 119521 47400    infeasible            361.5170      299.8903  9107573   17.05%
 119812 47516      348.5901    48      361.5170      299.9065  9128566   17.04%
 120059 47637      330.0310    62      361.5170      299.9192  9149318   17.04%
 120351 47759      304.1649    63      361.5170      299.9338  9169422   17.03%
 120583 47851        cutoff            361.5170      299.9488  9186704   17.03%
 120856 47965      308.2324    67      361.5170      299.9659  9206448   17.03%
 121106 48085        cutoff            361.5170      299.9867  9224982   17.02%
 121373 48224      335.8247    61      361.5170      299.9956  9244423   17.02%
 121565 48312      337.6721    69      361.5170      300.0065  9258304   17.01%
Elapsed time = 2331.99 sec. (2109958.63 ticks, tree = 67.01 MB, solutions = 5)
 121811 48408      302.5154    72      361.5170      300.0172  9277217   17.01%
 122030 48518      321.8219    57      361.5170      300.0307  9297581   17.01%
 122304 48626      301.3031    55      361.5170      300.0463  9317293   17.00%
 122514 48709      329.4967    53      361.5170      300.0595  9331092   17.00%
 122816 48837      318.5966    62      361.5170      300.0763  9351417   17.00%
 123110 48945      325.3124    65      361.5170      300.0954  9371012   16.99%
 123407 49098      336.1598    60      361.5170      300.1070  9392577   16.99%
 123651 49212      358.3189    45      361.5170      300.1234  9413539   16.98%
 123922 49350      306.9545    73      361.5170      300.1459  9433500   16.98%
 124203 49494      307.1789    72      361.5170      300.1671  9452472   16.97%
Elapsed time = 2371.58 sec. (2148312.95 ticks, tree = 68.33 MB, solutions = 5)
 124465 49607      316.9770    63      361.5170      300.1815  9470293   16.97%
 124759 49719    infeasible            361.5170      300.1997  9491330   16.96%
 125041 49830      306.2657    65      361.5170      300.2238  9511895   16.95%
 125321 49918      327.6291    68      361.5170      300.2511  9533500   16.95%
 125595 50027    infeasible            361.5170      300.2603  9553076   16.94%
 125817 50131      328.2489    57      361.5170      300.2780  9572949   16.94%
 126054 50243      306.2536    80      361.5170      300.2937  9592243   16.94%
 126323 50348      323.0024    58      361.5170      300.3092  9611523   16.93%
 126601 50478      310.9460    73      361.5170      300.3188  9630622   16.93%
 126847 50572        cutoff            361.5170      300.3374  9649902   16.92%
Elapsed time = 2415.12 sec. (2186650.18 ticks, tree = 69.49 MB, solutions = 5)
 127110 50661        cutoff            361.5170      300.3597  9669570   16.92%
 127381 50789        cutoff            361.5170      300.3772  9688705   16.91%
 127627 50904      325.3780    72      361.5170      300.3859  9709610   16.91%
 127913 51018      314.1150    62      361.5170      300.4016  9730463   16.91%
 128165 51140      323.4415    66      361.5170      300.4105  9752893   16.90%
 128429 51273      303.2589    59      361.5170      300.4306  9773746   16.90%
 128743 51422      341.2496    70      361.5170      300.4472  9794344   16.89%
 129021 51546      337.2459    58      361.5170      300.4609  9815381   16.89%
 129296 51674      316.0339    64      361.5170      300.4701  9836850   16.89%
 129581 51801    infeasible            361.5170      300.4804  9855972   16.88%
Elapsed time = 2457.99 sec. (2225009.78 ticks, tree = 70.91 MB, solutions = 5)
 129874 51938      354.7490    35      361.5170      300.4916  9876799   16.88%
 130173 52077      307.6864    65      361.5170      300.5077  9895933   16.88%
 130405 52206      310.4025    49      361.5170      300.5166  9915672   16.87%
 130568 52298      360.8505    32      361.5170      300.5210  9933088   16.87%
 130819 52395      351.3918    52      361.5170      300.5367  9952795   16.87%
 131088 52519      305.1153    72      361.5170      300.5505  9971827   16.86%
 131375 52652        cutoff            361.5170      300.5646  9991374   16.86%
 131611 52740      356.1797    51      361.5170      300.5851 10010841   16.85%
 131837 52833        cutoff            361.5170      300.5936 10029249   16.85%
 132081 52941      306.9136    79      361.5170      300.5992 10048782   16.85%
Elapsed time = 2500.52 sec. (2263277.83 ticks, tree = 72.13 MB, solutions = 5)
 132353 53035      328.8234    66      361.5170      300.6139 10070142   16.85%
 132601 53114      302.4275    52      361.5170      300.6327 10092483   16.84%
 132869 53258      360.6205    24      361.5170      300.6494 10113446   16.84%
 133132 53392      360.6276    42      361.5170      300.6648 10134792   16.83%
 133380 53494      314.8116    52      361.5170      300.6768 10156527   16.83%
 133669 53605      309.5231    53      361.5170      300.6907 10176732   16.83%
 133973 53727      331.9616    65      361.5170      300.7106 10196935   16.82%
 134277 53864      301.0358    60      361.5170      300.7339 10217414   16.81%
 134553 53971      313.3199    70      361.5170      300.7547 10238983   16.81%
 134813 54087      323.8467    68      361.5170      300.7694 10260140   16.80%
Elapsed time = 2543.96 sec. (2301742.41 ticks, tree = 73.36 MB, solutions = 5)
 135086 54198      314.3706    61      361.5170      300.7879 10279766   16.80%
 135353 54324      356.7203    32      361.5170      300.7982 10298878   16.80%
 135614 54447      316.2656    75      361.5170      300.8093 10318426   16.79%
 135895 54591    infeasible            361.5170      300.8211 10336920   16.79%
 136170 54721      360.4181    54      361.5170      300.8303 10355527   16.79%
 136433 54834      353.1421    56      361.5170      300.8429 10374117   16.78%
 136670 54899        cutoff            361.5170      300.8602 10394270   16.78%
 136914 55005      302.3733    60      361.5170      300.8714 10413642   16.78%
 137158 55079      310.0663    64      361.5170      300.8885 10434467   16.77%
 137423 55181      304.8440    66      361.5170      300.9040 10454249   16.77%
Elapsed time = 2586.49 sec. (2339982.02 ticks, tree = 74.68 MB, solutions = 5)
 137690 55331      306.0627    61      361.5170      300.9153 10474185   16.76%
 137931 55432      316.0281    76      361.5170      300.9305 10494999   16.76%
 138176 55559      325.2581    62      361.5170      300.9396 10512541   16.76%
 138456 55690      303.6011    56      361.5170      300.9584 10533151   16.75%
 138718 55793      313.7180    70      361.5170      300.9730 10555135   16.75%
 138988 55904      302.9641    60      361.5170      300.9916 10575881   16.74%
 139254 56030        cutoff            361.5170      301.0006 10595796   16.74%
 139510 56140      315.9099    51      361.5170      301.0194 10617817   16.73%
 139787 56267      312.1850    67      361.5170      301.0312 10638999   16.73%
 140018 56385      310.2059    68      361.5170      301.0442 10660538   16.73%
Elapsed time = 2629.77 sec. (2378317.09 ticks, tree = 76.03 MB, solutions = 5)
 140284 56492      313.8918    53      361.5170      301.0550 10678323   16.72%
 140498 56586      321.4345    78      361.5170      301.0658 10699085   16.72%
 140751 56687      332.6969    50      361.5170      301.0841 10717767   16.72%
 140989 56777      346.3541    60      361.5170      301.0937 10738161   16.71%
 141273 56908      331.0749    56      361.5170      301.1117 10757746   16.71%
 141499 57004      304.8541    59      361.5170      301.1241 10775081   16.71%
 141738 57112      302.6951    68      361.5170      301.1368 10794328   16.70%
 142000 57228    infeasible            361.5170      301.1524 10814556   16.70%
 142268 57345      309.4996    61      361.5170      301.1647 10833840   16.69%
 142481 57441      302.6820    88      361.5170      301.1813 10855851   16.69%
Elapsed time = 2671.78 sec. (2416691.41 ticks, tree = 77.27 MB, solutions = 5)
 142767 57572      320.6821    60      361.5170      301.1943 10876857   16.69%
 143037 57659      308.5288    63      361.5170      301.2124 10897343   16.68%
 143302 57768    infeasible            361.5170      301.2239 10918096   16.68%
 143582 57904      318.1673    57      361.5170      301.2399 10938780   16.67%
 143865 58053      321.1677    53      361.5170      301.2519 10958790   16.67%
 144119 58181      324.5415    58      361.5170      301.2626 10978971   16.67%
 144326 58289      302.4178    63      361.5170      301.2703 11000716   16.66%
 144608 58418      339.9915    52      361.5170      301.2843 11021290   16.66%
 144927 58566      326.0765    66      361.5170      301.2972 11042019   16.66%
 145194 58686      334.4875    58      361.5170      301.3107 11062074   16.65%
Elapsed time = 2715.15 sec. (2454962.39 ticks, tree = 78.62 MB, solutions = 5)
 145426 58765      309.3599    68      361.5170      301.3316 11079440   16.65%
 145649 58855      305.9166    41      361.5170      301.3458 11099688   16.64%
 145940 58987      302.2409    58      361.5170      301.3591 11119484   16.64%
 146239 59088      358.0903    44      361.5170      301.3814 11137956   16.63%
 146510 59218      361.2715    46      361.5170      301.3919 11156791   16.63%
 146805 59364      340.0703    56      361.5170      301.4018 11175985   16.63%
 147042 59472      314.1940    68      361.5170      301.4162 11195460   16.62%
 147297 59613      307.9639    60      361.5170      301.4260 11216476   16.62%
 147498 59702      360.8952    58      361.5170      301.4319 11229860   16.62%
 147769 59806      321.6467    63      361.5170      301.4443 11250046   16.62%
Elapsed time = 2757.11 sec. (2493213.01 ticks, tree = 79.82 MB, solutions = 5)
 148087 59944        cutoff            361.5170      301.4658 11269891   16.61%
 148342 60053      323.1388    69      361.5170      301.4803 11291672   16.61%
 148587 60170      330.8277    49      361.5170      301.4893 11313087   16.60%
 148874 60312      307.0419    63      361.5170      301.5030 11333420   16.60%
 149152 60422      310.0805    62      361.5170      301.5193 11354262   16.60%
 149420 60560      341.0076    46      361.5170      301.5264 11374849   16.59%
 149704 60702      357.4607    43      361.5170      301.5404 11396146   16.59%
 149998 60818      303.2188    66      361.5170      301.5546 11416823   16.59%
 150252 60925      350.0421    55      361.5170      301.5667 11437425   16.58%
 150485 61011      311.3530    63      361.5170      301.5826 11456471   16.58%
Elapsed time = 2799.48 sec. (2531462.02 ticks, tree = 81.18 MB, solutions = 5)
 150746 61128      307.4952    67      361.5170      301.6011 11476322   16.57%
 150997 61259      337.7624    63      361.5170      301.6100 11495420   16.57%
 151294 61392      334.6258    66      361.5170      301.6238 11515430   16.57%
 151561 61532      347.2580    66      361.5170      301.6347 11534699   16.56%
 151817 61643      304.0594    62      361.5170      301.6487 11554291   16.56%
 152069 61741      310.9337    60      361.5170      301.6621 11574713   16.56%
 152324 61859      337.0526    53      361.5170      301.6741 11595867   16.55%
 152562 61961      319.9202    63      361.5170      301.6889 11610934   16.55%
 152855 62104      317.2092    73      361.5170      301.7051 11631071   16.54%
 153131 62247      351.1552    58      361.5170      301.7145 11651238   16.54%
Elapsed time = 2841.99 sec. (2569822.44 ticks, tree = 82.62 MB, solutions = 5)
 153421 62374        cutoff            361.5170      301.7251 11671568   16.54%
 153693 62482      306.4722    61      361.5170      301.7415 11693590   16.53%
 153956 62578        cutoff            361.5170      301.7532 11714934   16.53%
 154213 62708      327.6419    62      361.5170      301.7690 11735547   16.53%
 154479 62803      322.6820    62      361.5170      301.7838 11755964   16.52%
 154756 62930      353.7420    58      361.5170      301.7968 11777079   16.52%
 155021 63042      346.5492    62      361.5170      301.8076 11798881   16.52%
 155296 63219      320.4643    58      361.5170      301.8169 11818687   16.51%
 155547 63329      328.4966    66      361.5170      301.8266 11838605   16.51%
 155782 63429      354.3611    47      361.5170      301.8396 11858703   16.51%
Elapsed time = 2885.61 sec. (2608047.86 ticks, tree = 83.95 MB, solutions = 5)
 156053 63569      320.8157    68      361.5170      301.8487 11877886   16.50%
 156320 63679      307.8435    70      361.5170      301.8695 11898376   16.50%
 156605 63807    infeasible            361.5170      301.8874 11917434   16.49%
 156861 63920      346.2566    47      361.5170      301.9009 11936634   16.49%
 157136 64051      310.6071    61      361.5170      301.9085 11955883   16.49%
 157383 64159      354.3862    45      361.5170      301.9191 11975253   16.49%
 157680 64300      320.1418    64      361.5170      301.9305 11994460   16.48%
 157992 64421      337.0442    52      361.5170      301.9424 12015525   16.48%
 158305 64537      314.8661    71      361.5170      301.9585 12036175   16.47%
 158625 64693      336.6421    64      361.5170      301.9736 12056561   16.47%
Elapsed time = 2923.63 sec. (2646361.97 ticks, tree = 85.43 MB, solutions = 5)
 158927 64847      327.1303    51      361.5170      301.9871 12076864   16.47%
 159214 64994      326.3622    61      361.5170      301.9983 12096121   16.46%
 159520 65110    infeasible            361.5170      302.0083 12116300   16.46%
 159783 65246      360.0907    51      361.5170      302.0224 12137125   16.46%
 160029 65355      312.8768    68      361.5170      302.0353 12157252   16.45%
 160291 65465      321.8887    59      361.5170      302.0461 12179871   16.45%
 160555 65590      305.2611    70      361.5170      302.0564 12202728   16.45%
 160816 65705      344.6565    61      361.5170      302.0662 12222677   16.44%
 161041 65796      304.6715    65      361.5170      302.0787 12243304   16.44%
 161287 65906      355.3813    47      361.5170      302.0929 12264584   16.44%
Elapsed time = 2960.05 sec. (2684645.04 ticks, tree = 89.68 MB, solutions = 5)
 161557 66020      320.0734    65      361.5170      302.1027 12282885   16.43%
 161830 66163      336.3244    54      361.5170      302.1124 12302838   16.43%
 162120 66307      316.7223    55      361.5170      302.1238 12323853   16.43%
 162384 66408      349.7399    64      361.5170      302.1341 12342447   16.43%
 162657 66529    infeasible            361.5170      302.1486 12360522   16.42%
 162901 66642        cutoff            361.5170      302.1569 12379401   16.42%
*162947 65649      integral     0      360.7100      302.1576 12381835   16.23%
 163181 65736      359.1889    51      360.7100      302.1687 12397991   16.23%
 163465 65851      307.8149    60      360.7100      302.1852 12417981   16.22%
 163733 65990      323.7494    71      360.7100      302.1978 12437400   16.22%
 164039 66137      307.0698    56      360.7100      302.2088 12457691   16.22%
Elapsed time = 3000.09 sec. (2723036.45 ticks, tree = 89.91 MB, solutions = 6)
 164298 66268      348.6673    49      360.7100      302.2171 12478552   16.22%
 164575 66366      357.8656    52      360.7100      302.2335 12499198   16.21%
 164866 66510      319.9802    63      360.7100      302.2421 12520008   16.21%
 165164 66637      357.6449    35      360.7100      302.2581 12541030   16.20%
 165456 66763      323.1392    74      360.7100      302.2698 12561012   16.20%
 165770 66878      318.7377    64      360.7100      302.2889 12581874   16.20%
 166011 66975      302.2978    64      360.7100      302.2984 12602888   16.19%
 166287 67081      318.0277    67      360.7100      302.3104 12623172   16.19%
 166505 67163      352.6055    47      360.7100      302.3224 12641157   16.19%
 166771 67255      352.4781    66      360.7100      302.3399 12660239   16.18%
Elapsed time = 3040.33 sec. (2761257.22 ticks, tree = 91.16 MB, solutions = 6)
 167013 67349      312.9639    68      360.7100      302.3535 12680986   16.18%
 167251 67455      313.3698    64      360.7100      302.3653 12700925   16.17%
 167467 67538      325.2691    63      360.7100      302.3765 12721537   16.17%
 167737 67632      359.5359    40      360.7100      302.3931 12740905   16.17%
 167996 67774      349.3691    53      360.7100      302.4026 12760175   16.16%
 168292 67922      357.2001    45      360.7100      302.4119 12779181   16.16%
 168556 68061      307.4300    60      360.7100      302.4199 12798463   16.16%
 168849 68190      310.3004    58      360.7100      302.4342 12819438   16.16%
 169163 68329      312.8424    59      360.7100      302.4565 12839674   16.15%
 169443 68430      315.6960    70      360.7100      302.4705 12859364   16.15%
Elapsed time = 3081.06 sec. (2799525.82 ticks, tree = 92.53 MB, solutions = 6)
 169715 68550      311.0500    77      360.7100      302.4810 12880627   16.14%
 169979 68686      323.9482    53      360.7100      302.4943 12902053   16.14%
 170250 68783        cutoff            360.7100      302.5081 12923914   16.14%
 170484 68918      317.5613    61      360.7100      302.5140 12941306   16.13%
 170761 69000    infeasible            360.7100      302.5332 12963257   16.13%
 171073 69115      303.7033    70      360.7100      302.5540 12983108   16.12%
 171359 69258      308.2709    65      360.7100      302.5680 13003177   16.12%
 171633 69385      357.0066    19      360.7100      302.5816 13023964   16.11%
 171916 69514        cutoff            360.7100      302.5911 13041702   16.11%
 172189 69646      331.3749    55      360.7100      302.6081 13062099   16.11%
Elapsed time = 3123.68 sec. (2837878.01 ticks, tree = 93.95 MB, solutions = 6)
 172478 69778      333.4575    53      360.7100      302.6280 13080704   16.10%
 172769 69923      340.8873    55      360.7100      302.6396 13099419   16.10%
 173025 70014    infeasible            360.7100      302.6512 13120335   16.10%
 173267 70116        cutoff            360.7100      302.6634 13139880   16.09%
 173510 70229      359.8519    25      360.7100      302.6776 13158497   16.09%
 173782 70330      316.5464    54      360.7100      302.6888 13178658   16.09%
 174054 70436      328.1542    65      360.7100      302.7005 13198043   16.08%
 174328 70559      329.0570    70      360.7100      302.7116 13218475   16.08%
 174540 70660      337.8438    64      360.7100      302.7213 13234299   16.08%
 174817 70754      338.4571    73      360.7100      302.7295 13254944   16.07%
Elapsed time = 3161.27 sec. (2876245.69 ticks, tree = 95.25 MB, solutions = 6)
 175118 70899      305.4598    66      360.7100      302.7422 13275003   16.07%
 175416 71023      313.2805    54      360.7100      302.7512 13295779   16.07%
 175674 71143      355.6719    50      360.7100      302.7600 13316075   16.07%
 175946 71264    infeasible            360.7100      302.7699 13337974   16.06%
 176212 71371      305.3000    64      360.7100      302.7828 13359314   16.06%
 176485 71459      320.0833    62      360.7100      302.7971 13380946   16.06%
 176752 71551      360.3932    30      360.7100      302.8062 13404102   16.05%
 176971 71648      332.6596    50      360.7100      302.8146 13426319   16.05%
 177236 71762      311.4468    68      360.7100      302.8240 13447645   16.05%
 177521 71907      356.5944    39      360.7100      302.8358 13467134   16.04%
Elapsed time = 3204.24 sec. (2914791.40 ticks, tree = 96.59 MB, solutions = 6)
 177810 72052      321.8041    53      360.7100      302.8452 13486833   16.04%
 178081 72157      303.2470    80      360.7100      302.8568 13505998   16.04%
 178338 72259      345.4805    49      360.7100      302.8665 13526142   16.04%
 178569 72356        cutoff            360.7100      302.8740 13543244   16.03%
 178848 72473      323.9797    57      360.7100      302.8848 13563128   16.03%
 179093 72565      309.3638    71      360.7100      302.8950 13583546   16.03%
 179348 72658      325.6338    58      360.7100      302.9050 13603297   16.03%
 179598 72746      353.2976    56      360.7100      302.9182 13623846   16.02%
 179816 72855      330.5365    62      360.7100      302.9210 13639648   16.02%
 180006 72952      321.3929    54      360.7100      302.9296 13651881   16.02%
Elapsed time = 3249.23 sec. (2955792.44 ticks, tree = 97.76 MB, solutions = 6)
 180170 73013      309.1336    52      360.7100      302.9362 13664006   16.02%
 180416 73146      322.8564    79      360.7100      302.9420 13680790   16.02%
 180551 73185      308.5780    57      360.7100      302.9480 13689861   16.01%
 180727 73262        cutoff            360.7100      302.9588 13704087   16.01%
 180916 73342      348.2726    40      360.7100      302.9725 13715535   16.01%
 181068 73412      304.3622    51      360.7100      302.9786 13728447   16.00%
 181116 73430      353.9356    57      360.7100      302.9802 13732633   16.00%
 181216 73467      334.8069    51      360.7100      302.9831 13739349   16.00%
 181316 73500      322.7326    67      360.7100      302.9903 13748030   16.00%
 181516 73557      349.5414    51      360.7100      303.0009 13765480   16.00%
Elapsed time = 3301.56 sec. (3003152.74 ticks, tree = 98.47 MB, solutions = 6)
 181616 73582      338.0376    62      360.7100      303.0106 13772415   16.00%
*181716+73418                          360.5597      303.0138            15.96%
 181716 73420      317.0171    67      360.5597      303.0138 13781164   15.96%
 181916 73501      312.4498    68      360.5597      303.0235 13797664   15.96%
*182016+73365                          360.4870      303.0273            15.94%
 182104 73412      341.7953    53      360.4870      303.0318 13811025   15.94%
 182246 73475        cutoff            360.4870      303.0362 13823132   15.94%
 182316 73502      315.1757    62      360.4870      303.0403 13827651   15.94%
 182445 73546      310.1995    65      360.4870      303.0472 13837483   15.93%
 182616 73646      353.2387    53      360.4870      303.0517 13846709   15.93%
 182810 73748      339.7663    53      360.4870      303.0563 13859140   15.93%
 182910 73778        cutoff            360.4870      303.0630 13866603   15.93%
Elapsed time = 3357.73 sec. (3053485.27 ticks, tree = 98.68 MB, solutions = 8)
 183016 73822      326.8436    59      360.4870      303.0705 13875026   15.93%
 183200 73909      303.1653    63      360.4870      303.0753 13888634   15.93%
 183216 73915      322.9758    62      360.4870      303.0753 13890099   15.93%
 183316 73940      320.5427    70      360.4870      303.0808 13896302   15.92%
 183416 73988      352.1746    55      360.4870      303.0843 13904931   15.92%
 183701 74108      317.7662    56      360.4870      303.0999 13924733   15.92%
 183718 74113      317.0237    76      360.4870      303.1007 13925807   15.92%
 183816 74158      340.3585    58      360.4870      303.1045 13934366   15.92%
 183932 74202      358.9456    59      360.4870      303.1071 13943026   15.92%
 184031 74245      358.7730    51      360.4870      303.1143 13950694   15.92%
Elapsed time = 3405.74 sec. (3097532.03 ticks, tree = 99.17 MB, solutions = 8)
 184216 74315      320.7661    63      360.4870      303.1219 13964744   15.91%
 184452 74404        cutoff            360.4870      303.1344 13985068   15.91%
 184616 74462      317.6874    69      360.4870      303.1400 13997946   15.91%
 184816 74542      332.9459    72      360.4870      303.1483 14013613   15.91%
 185016 74609      357.6964    58      360.4870      303.1571 14032030   15.90%
 185124 74635      330.0453    56      360.4870      303.1614 14040930   15.90%
 185316 74735      323.5086    58      360.4870      303.1723 14053137   15.90%
 185516 74824      314.0384    72      360.4870      303.1817 14068833   15.90%
 185669 74884      336.5580    72      360.4870      303.1870 14080874   15.90%
 185816 74950      305.8280    67      360.4870      303.1934 14090847   15.89%
Elapsed time = 3469.79 sec. (3155076.92 ticks, tree = 100.10 MB, solutions = 8)
 185916 74979      353.0732    54      360.4870      303.1970 14098678   15.89%
 186116 75055      349.0264    60      360.4870      303.2088 14113150   15.89%
 186297 75143        cutoff            360.4870      303.2202 14127539   15.89%
 186316 75144      307.7746    60      360.4870      303.2212 14128838   15.89%
 186566 75254      343.9045    63      360.4870      303.2316 14145408   15.88%
 186768 75344      336.9854    55      360.4870      303.2418 14160399   15.88%
 186916 75431      319.9579    63      360.4870      303.2456 14168886   15.88%
 187116 75501      322.7682    55      360.4870      303.2551 14184803   15.88%
 187316 75594      334.7926    58      360.4870      303.2631 14196807   15.87%
 187568 75687      303.6823    75      360.4870      303.2767 14218192   15.87%
Elapsed time = 3519.41 sec. (3199212.54 ticks, tree = 100.96 MB, solutions = 8)
 187825 75799      327.7794    65      360.4870      303.2882 14236754   15.87%
 188095 75927      309.4809    63      360.4870      303.2976 14258313   15.86%
 188306 76008      305.5008    74      360.4870      303.3028 14276921   15.86%
 188583 76144      307.1577    57      360.4870      303.3109 14297042   15.86%
 188815 76232      331.5273    69      360.4870      303.3246 14317689   15.86%
 189084 76336      330.8465    59      360.4870      303.3332 14335440   15.85%
 189316 76419      320.4837    59      360.4870      303.3447 14351845   15.85%
 189621 76547      335.1759    50      360.4870      303.3576 14370379   15.85%
 189767 76599      305.5811    68      360.4870      303.3629 14380214   15.85%
 190095 76730      305.1049    85      360.4870      303.3767 14399478   15.84%
Elapsed time = 3562.59 sec. (3237757.28 ticks, tree = 102.34 MB, solutions = 8)
 190384 76843        cutoff            360.4870      303.3885 14419722   15.84%
 190597 76919      342.0996    56      360.4870      303.3944 14440699   15.84%
 190845 77020      310.6963    51      360.4870      303.4028 14460297   15.84%
 191096 77155      345.6179    71      360.4870      303.4120 14480461   15.83%
 191365 77249      331.6737    54      360.4870      303.4201 14501059   15.83%
 191468 77288      351.3031    42      360.4870      303.4256 14509864   15.83%
 191746 77429      318.8026    74      360.4870      303.4328 14529396   15.83%
 192009 77537      313.0514    73      360.4870      303.4431 14550478   15.82%

GUB cover cuts applied:  40
Clique cuts applied:  5
Cover cuts applied:  66
Implied bound cuts applied:  12
Flow cuts applied:  34
Mixed integer rounding cuts applied:  472
Zero-half cuts applied:  5
Lift and project cuts applied:  42
Gomory fractional cuts applied:  5

Root node processing (before b&c):
  Real time             =    8.26 sec. (6691.58 ticks)
Sequential b&c:
  Real time             = 3591.74 sec. (3266145.30 ticks)
                          ------------
Total (root+branch&cut) = 3600.00 sec. (3272836.88 ticks)
