Version identifier: 22.1.0.0 | 2022-03-09 | 1a383f8ce
CPXPARAM_Read_DataCheck                          1
CPXPARAM_Threads                                 1
CPXPARAM_TimeLimit                               3600
Tried aggregator 2 times.
MIP Presolve eliminated 11345 rows and 551 columns.
MIP Presolve modified 99950 coefficients.
Aggregator did 276 substitutions.
Reduced MIP has 19370 rows, 1393 columns, and 146676 nonzeros.
Reduced MIP has 1004 binaries, 0 generals, 0 SOSs, and 0 indicators.
Presolve time = 0.33 sec. (296.32 ticks)
Probing fixed 13 vars, tightened 38 bounds.
Probing time = 0.12 sec. (115.23 ticks)
Tried aggregator 1 time.
Detecting symmetries...
MIP Presolve eliminated 145 rows and 13 columns.
MIP Presolve modified 1122 coefficients.
Reduced MIP has 19225 rows, 1380 columns, and 145662 nonzeros.
Reduced MIP has 991 binaries, 0 generals, 0 SOSs, and 0 indicators.
Presolve time = 0.12 sec. (91.59 ticks)
Probing time = 0.01 sec. (7.81 ticks)
Clique table members: 6713.
MIP emphasis: balance optimality and feasibility.
MIP search method: dynamic search.
Parallel mode: none, using 1 thread.
Root relaxation solution time = 0.11 sec. (117.24 ticks)

        Nodes                                         Cuts/
   Node  Left     Objective  IInf  Best Integer    Best Bound    ItCnt     Gap

      0     0      266.7172   290                    266.7172      866         
      0     0      266.7172   109                  Cuts: 2175     2071         
      0     0      266.7175   105                  Cuts: 1117     4222         
      0     0      266.7197   117                  Cuts: 1049     5650         
      0     0      266.7211   147                  Cuts: 1128     6235         
*     0+    0                          296.2609      266.7211             9.97%
Detecting symmetries...
      0     2      266.7211   103      296.2609      266.7214     6235    9.97%
Elapsed time = 10.62 sec. (12404.72 ticks, tree = 0.01 MB, solutions = 1)
      1     3      266.8053   106      296.2609      266.7214     7441    9.97%
      4     6      266.7500   104      296.2609      266.7243     9246    9.97%
      5     7      266.7835    81      296.2609      266.7243    11023    9.97%
      6     8      266.7845    98      296.2609      266.7243    11758    9.97%
      8    10      267.0923   116      296.2609      266.7243    13455    9.97%
      9    11      266.7899    83      296.2609      266.7243    13826    9.97%
     10    12      269.2321    97      296.2609      266.7243    14234    9.97%
     11    13      266.7899    86      296.2609      266.7243    15097    9.97%
     14    16      266.7919   156      296.2609      266.7243    16627    9.97%
     18    20      266.8020    90      296.2609      266.7243    19275    9.97%
Elapsed time = 15.44 sec. (18169.52 ticks, tree = 0.37 MB, solutions = 1)
     23    25      267.6673   111      296.2609      266.7243    22282    9.97%
     34    34      266.8336   151      296.2609      266.7243    26041    9.97%
     50    50      274.5890   122      296.2609      266.7243    33512    9.97%
     56    56      270.4199    87      296.2609      266.7243    36136    9.97%
     67    65      268.9841   121      296.2609      266.7243    39032    9.97%
     70    68      271.5397    93      296.2609      266.7243    41208    9.97%
     85    83      276.9405   122      296.2609      266.7243    44743    9.97%
     99    97      282.7811    74      296.2609      266.7243    49355    9.97%
    107   105      281.4830    70      296.2609      266.7243    52704    9.97%
    120   118      282.7811    57      296.2609      266.7243    56355    9.97%
Elapsed time = 25.83 sec. (30426.39 ticks, tree = 1.91 MB, solutions = 1)
    140   136      275.0412    47      296.2609      266.7243    59746    9.97%
    154   150      277.0895    48      296.2609      266.7243    63962    9.97%
    181   173        cutoff            296.2609      266.7243    68949    9.97%
    228   204      266.7252   130      296.2609      266.7252    72010    9.97%
    236   212      266.7604    86      296.2609      266.7252    77166    9.97%
    240   216      266.8812   131      296.2609      266.7252    82953    9.97%
    247   223      268.7319   120      296.2609      266.7252    86972    9.97%
    254   230      267.7437   102      296.2609      266.7252    91948    9.97%
    261   235      266.9403    94      296.2609      266.7252    93493    9.97%
    268   242      267.0645    86      296.2609      266.7252    97461    9.97%
Elapsed time = 36.40 sec. (43162.71 ticks, tree = 2.29 MB, solutions = 1)
    276   250      267.1690    68      296.2609      266.7252   101251    9.97%
    280   254      267.1690    62      296.2609      266.7252   101831    9.97%
    290   264      268.8889    74      296.2609      266.7252   105918    9.97%
    300   272      267.6382    67      296.2609      266.7252   109824    9.97%
    316   286        cutoff            296.2609      266.7252   113772    9.97%
    334   304      268.9392    53      296.2609      266.7252   118605    9.97%
    356   326      268.6645    50      296.2609      266.7252   122499    9.97%
    400   370      268.6645    51      296.2609      266.7252   125149    9.97%
    443   410      268.6801    51      296.2609      266.7252   128956    9.97%
    474   441      269.6818    63      296.2609      266.7252   133444    9.97%
Elapsed time = 44.56 sec. (53400.61 ticks, tree = 2.90 MB, solutions = 1)

Performing restart 1

Repeating presolve.
Tried aggregator 1 time.
Reduced MIP has 19225 rows, 1380 columns, and 145662 nonzeros.
Reduced MIP has 991 binaries, 0 generals, 0 SOSs, and 0 indicators.
Presolve time = 0.05 sec. (47.57 ticks)
Tried aggregator 1 time.
Reduced MIP has 19225 rows, 1380 columns, and 145662 nonzeros.
Reduced MIP has 991 binaries, 0 generals, 0 SOSs, and 0 indicators.
Presolve time = 0.09 sec. (61.65 ticks)
Represolve time = 0.28 sec. (238.77 ticks)
    479     0      266.7233   135      296.2609    Cuts: 2215   136661    9.97%
    479     0      266.7261   212      296.2609     Cuts: 725   137662    9.97%
    479     0      266.7280   123      296.2609    Cuts: 2100   138888    9.97%
    479     0      266.7283   149      296.2609    Cuts: 1600   139541    9.97%
    479     0      266.7286   141      296.2609     Cuts: 794   140125    9.97%
    479     0      266.7289   165      296.2609     Cuts: 891   140998    9.97%
    479     0      266.7289   148      296.2609     Cuts: 879   141858    9.97%
    479     0      266.7292   129      296.2609     Cuts: 511   142897    9.97%
    479     0      266.7293   134      296.2609     Cuts: 803   143582    9.97%
    479     0      266.7297   162      296.2609     Cuts: 587   144755    9.97%
    479     0      266.7297   122      296.2609     Cuts: 736   145580    9.97%
    479     0      266.7304   156      296.2609     Cuts: 975   146456    9.97%
    479     0      266.7306   129      296.2609     Cuts: 783   147044    9.97%
    479     0      266.7311   142      296.2609     Cuts: 342   147869    9.97%
    479     0      266.7314   144      296.2609     Cuts: 597   148770    9.97%
    479     0      266.7317   129      296.2609     Cuts: 962   149764    9.97%
    479     2      266.7317   129      296.2609      266.7319   149764    9.97%
    480     3      266.7319   127      296.2609      266.7319   149767    9.97%
    488    11      266.7320   105      296.2609      266.7319   150120    9.97%
    491    14      266.7328   101      296.2609      266.7319   150504    9.97%
    492    15      266.8854   105      296.2609      266.7319   152375    9.97%
    495    18      266.7328    96      296.2609      266.7319   152380    9.97%
    498    21      266.7330   166      296.2609      266.7319   152887    9.97%
    499    22      266.7808    63      296.2609      266.7319   155690    9.97%
    500    23      266.7808    60      296.2609      266.7319   158212    9.97%
    502    25      266.7808    60      296.2609      266.7319   158691    9.97%
Elapsed time = 76.98 sec. (89212.67 ticks, tree = 0.08 MB, solutions = 1)
    503    26      266.7831   100      296.2609      266.7319   161500    9.97%
    504    27      266.8386   113      296.2609      266.7319   164812    9.97%
    509    32      270.6259    94      296.2609      266.7319   166640    9.97%
    518    41      266.7832    88      296.2609      266.7319   168675    9.97%
    520    43      267.2207    73      296.2609      266.7319   169441    9.97%
    529    52      266.7837   125      296.2609      266.7319   170540    9.97%
    532    55      266.8746    81      296.2609      266.7319   173821    9.97%
    535    58      266.8814   135      296.2609      266.7319   174079    9.97%
    539    62      266.8814   157      296.2609      266.7319   174115    9.97%
    540    63      277.8912    81      296.2609      266.7319   178005    9.97%
Elapsed time = 93.68 sec. (110496.90 ticks, tree = 2.25 MB, solutions = 1)
    543    66      266.8824   154      296.2609      266.7319   178195    9.97%
    550    73      266.8824   111      296.2609      266.7319   178368    9.97%
    571    94      266.8882    65      296.2609      266.7319   178660    9.97%
    579   102      266.8941    60      296.2609      266.7319   179104    9.97%
    599   122      266.9379    38      296.2609      266.7319   180719    9.97%
    630   151      270.5728    30      296.2609      266.7319   182207    9.97%
    646   163      267.1900    86      296.2609      266.7330   183779    9.97%
    651   168      267.1900    68      296.2609      266.7330   185696    9.97%
    657   174      267.1900    61      296.2609      266.7330   189602    9.97%
    662   179      267.2374    68      296.2609      266.7330   191289    9.97%
Elapsed time = 105.41 sec. (124811.38 ticks, tree = 2.76 MB, solutions = 1)
    666   183      268.6194    62      296.2609      266.7330   193280    9.97%
    670   187      269.5597   118      296.2609      266.7330   196332    9.97%
    677   194      267.8724    62      296.2609      266.7330   198533    9.97%
    679   196      267.2641    54      296.2609      266.7330   199056    9.97%
    682   199      267.2641    54      296.2609      266.7330   201155    9.97%
    685   202      267.2893    88      296.2609      266.7330   205251    9.97%
    689   206      267.2786   115      296.2609      266.7330   209240    9.97%
    703   220      267.3406   120      296.2609      266.7330   212379    9.97%
    709   226      267.9241    56      296.2609      266.7330   215319    9.97%
    721   238      267.4838    60      296.2609      266.7330   216806    9.97%
Elapsed time = 116.95 sec. (138581.12 ticks, tree = 2.94 MB, solutions = 1)
    731   248      268.2094    53      296.2609      266.7330   219429    9.97%
    754   271      268.2392    60      296.2609      266.7330   221612    9.97%
    784   301      268.3226    32      296.2609      266.7330   224097    9.97%
    801   316        cutoff            296.2609      266.7330   227033    9.97%
    805   316      266.7330   165      296.2609      266.7330   229303    9.97%
    808   319      267.2482    91      296.2609      266.7330   231460    9.97%
    823   334      267.2529    78      296.2609      266.7330   234492    9.97%
    835   346      267.3550    73      296.2609      266.7330   236858    9.97%
    839   350      267.3550    61      296.2609      266.7330   237852    9.97%
    855   366      267.5978    53      296.2609      266.7330   241190    9.97%
Elapsed time = 126.64 sec. (150080.72 ticks, tree = 3.34 MB, solutions = 1)
    863   374      267.6007    55      296.2609      266.7330   244283    9.97%
    881   392      266.7330   163      296.2609      266.7330   244741    9.97%
    886   397      266.7659    60      296.2609      266.7330   248510    9.97%
    888   399      266.7662    63      296.2609      266.7330   250802    9.97%
    919   430      266.7733   116      296.2609      266.7330   253335    9.97%
    949   460      267.6858    46      296.2609      266.7330   256218    9.97%
    982   487      268.1386    77      296.2609      266.7330   260074    9.97%
   1000   505      268.6066    70      296.2609      266.7330   261529    9.97%
   1011   516      268.6682    74      296.2609      266.7330   263774    9.97%
   1067   568      267.6322   105      296.2609      266.7358   271918    9.97%
Elapsed time = 140.75 sec. (166156.09 ticks, tree = 3.99 MB, solutions = 1)
   1076   577      268.5525    82      296.2609      266.7358   282142    9.97%
   1120   621      274.8710    63      296.2609      266.7358   292959    9.97%
   1165   658      266.7358   176      296.2609      266.7358   300954    9.97%
   1235   722      278.2970   100      296.2609      266.7413   309818    9.96%
   1248   735      287.3049    99      296.2609      266.7413   317150    9.96%
   1279   766      287.3143    50      296.2609      266.7413   323950    9.96%
   1346   818      267.1809    74      296.2609      266.7434   328923    9.96%
   1401   867      267.0666    58      296.2609      266.7435   336414    9.96%
   1439   899      266.7993   129      296.2609      266.7493   345125    9.96%
   1453   913      267.4165    74      296.2609      266.7493   353308    9.96%
Elapsed time = 224.11 sec. (207147.26 ticks, tree = 5.06 MB, solutions = 1)
   1483   943      273.8395    66      296.2609      266.7493   363916    9.96%
   1528   982      266.7504    83      296.2609      266.7508   372314    9.96%
   1606  1051      266.8240    59      296.2609      266.7512   379048    9.96%
   1673  1112      267.0809    67      296.2609      266.7540   389564    9.96%
   1732  1167      271.7282    59      296.2609      266.7541   395468    9.96%
   1778  1209      268.5461    44      296.2609      266.7551   406511    9.96%
   1802  1229      268.0577    68      296.2609      266.7558   416184    9.96%
   1859  1270      267.6386    64      296.2609      266.7602   425322    9.96%
   1896  1307      273.0239    53      296.2609      266.7602   435604    9.96%
   1942  1342      266.7806    74      296.2609      266.7619   442903    9.96%
Elapsed time = 262.46 sec. (247375.81 ticks, tree = 6.45 MB, solutions = 1)
   1995  1395      276.4610    45      296.2609      266.7619   453009    9.96%
   2046  1434      266.7924    76      296.2609      266.7637   459478    9.96%
   2079  1463      267.0529    59      296.2609      266.7642   465687    9.96%
   2120  1500      270.3750    59      296.2609      266.7650   471007    9.96%
   2189  1555    infeasible            296.2609      266.7651   481910    9.96%
   2191  1555      266.7827    52      296.2609      266.7659   485883    9.96%
   2200  1564      267.5114    71      296.2609      266.7659   492753    9.96%
   2233  1593      266.8261   113      296.2609      266.7659   502807    9.96%
   2279  1631      267.0479    68      296.2609      266.7671   511810    9.96%
   2295  1647      267.3536   105      296.2609      266.7671   521080    9.96%
Elapsed time = 307.66 sec. (295041.80 ticks, tree = 7.41 MB, solutions = 1)
   2355  1697      266.8545    76      296.2609      266.7675   530039    9.96%
   2419  1749      267.8554    60      296.2609      266.7692   540359    9.95%
   2449  1779      268.4223    61      296.2609      266.7692   548363    9.95%
   2501  1823      266.9923   122      296.2609      266.7707   554688    9.95%
   2575  1885      270.4521    71      296.2609      266.7733   564164    9.95%
   2613  1919      267.5078    71      296.2609      266.7738   571366    9.95%
   2656  1956      266.8727    86      296.2609      266.7742   581491    9.95%
   2704  2000      267.0133    79      296.2609      266.7745   589930    9.95%
   2748  2040      269.0069    65      296.2609      266.7746   600649    9.95%
   2785  2063      267.0006    88      296.2609      266.7756   604743    9.95%
Elapsed time = 346.71 sec. (337320.96 ticks, tree = 8.80 MB, solutions = 1)
   2793  2071      267.0070    95      296.2609      266.7756   611433    9.95%
   2834  2104      267.0165    75      296.2609      266.7774   621558    9.95%
   2915  2170      269.5071    74      296.2609      266.7798   631078    9.95%
   2967  2216      268.2232    67      296.2609      266.7800   638104    9.95%
   2993  2242      269.9921    69      296.2609      266.7800   647263    9.95%
   3058  2293      266.7912    75      296.2609      266.7803   656138    9.95%
   3077  2312      269.3461    62      296.2609      266.7803   665786    9.95%
   3118  2339      268.0996    71      296.2609      266.7804   673523    9.95%
   3161  2378      268.1298    76      296.2609      266.7808   681730    9.95%
   3190  2403      268.0971    97      296.2609      266.7808   689983    9.95%
Elapsed time = 384.48 sec. (377673.64 ticks, tree = 9.86 MB, solutions = 1)
   3209  2422      276.9637    98      296.2609      266.7808   698386    9.95%
   3238  2444      278.0457    79      296.2609      266.7812   706370    9.95%
   3269  2473      281.2476    77      296.2609      266.7812   715871    9.95%
   3300  2487      268.5993   141      296.2609      266.7816   723645    9.95%
   3350  2533      266.9766    63      296.2609      266.7820   730701    9.95%
   3430  2601      266.9852    57      296.2609      266.7827   740989    9.95%
   3461  2628      266.8006   124      296.2609      266.7827   751240    9.95%
   3475  2642      267.2346    75      296.2609      266.7827   759563    9.95%
   3536  2691      266.8648    54      296.2609      266.7837   767808    9.95%
   3563  2710      272.6052    68      296.2609      266.7837   776253    9.95%
Elapsed time = 422.90 sec. (419030.02 ticks, tree = 10.81 MB, solutions = 1)
   3614  2751    infeasible            296.2609      266.7838   786016    9.95%
   3639  2772      268.3323   110      296.2609      266.7840   793828    9.95%
   3679  2808      269.5420    62      296.2609      266.7841   803022    9.95%
   3718  2841      268.5495    58      296.2609      266.7841   814682    9.95%
   3788  2901      268.8523    47      296.2609      266.7846   823516    9.95%
   3858  2958      268.6201    71      296.2609      266.7849   834617    9.95%
   3907  2995    infeasible            296.2609      266.7855   845131    9.95%
   3986  3054      266.7868    86      296.2609      266.7859   855766    9.95%
   4041  3103      267.9115    94      296.2609      266.7864   867896    9.95%
   4084  3138      266.9610    75      296.2609      266.7867   874961    9.95%
Elapsed time = 461.94 sec. (460010.06 ticks, tree = 12.13 MB, solutions = 1)
   4110  3164      278.4979    77      296.2609      266.7867   884834    9.95%
   4185  3225        cutoff            296.2609      266.7868   897971    9.95%
   4266  3290      266.7984    60      296.2609      266.7869   906984    9.95%
   4317  3337      267.8047    65      296.2609      266.7872   917955    9.95%
   4384  3386      269.1947   140      296.2609      266.7885   932929    9.95%
   4432  3418      269.2637    58      296.2609      266.7890   945182    9.95%
   4479  3461      268.3793    73      296.2609      266.7891   955591    9.95%
   4520  3490      268.0772    61      296.2609      266.7894   962806    9.95%
   4569  3533      273.6914    75      296.2609      266.7895   973351    9.95%
   4621  3571      266.7996   115      296.2609      266.7897   983627    9.95%
Elapsed time = 503.45 sec. (500975.57 ticks, tree = 13.47 MB, solutions = 1)
   4657  3603      266.9237    68      296.2609      266.7898   992372    9.95%
   4704  3640      268.4974    50      296.2609      266.7900  1003398    9.95%
   4753  3681      270.3868    56      296.2609      266.7901  1011824    9.95%
   4800  3716      268.3892    52      296.2609      266.7907  1022397    9.95%
   4844  3752      269.9277    86      296.2609      266.7912  1031503    9.95%
   4886  3783      267.1804    63      296.2609      266.7914  1040001    9.95%
   4916  3813      270.6995    69      296.2609      266.7914  1050858    9.95%
   4964  3852      267.8119    79      296.2609      266.7920  1059438    9.95%
   4992  3876      268.6646    77      296.2609      266.7924  1070949    9.95%
   5095  3961      267.0346    71      296.2609      266.7925  1081512    9.95%
Elapsed time = 542.96 sec. (541561.36 ticks, tree = 14.68 MB, solutions = 1)
   5136  3996      268.5488   109      296.2609      266.7925  1094359    9.95%
   5188  4038      270.2279    71      296.2609      266.7925  1106518    9.95%
   5242  4080      266.8010    78      296.2609      266.7928  1118517    9.95%
   5296  4124      267.9533   114      296.2609      266.7930  1128451    9.95%
   5366  4184      268.0378    70      296.2609      266.7935  1138265    9.95%
   5442  4234      266.8671    78      296.2609      266.7939  1150863    9.95%
   5502  4280      266.8414    62      296.2609      266.7943  1162071    9.95%
   5542  4316      266.9415    63      296.2609      266.7946  1168610    9.95%
   5617  4379        cutoff            296.2609      266.7956  1184473    9.95%
   5685  4425      267.3149   105      296.2609      266.7958  1192222    9.95%
Elapsed time = 583.78 sec. (582188.95 ticks, tree = 16.27 MB, solutions = 1)
   5721  4461      272.2442    44      296.2609      266.7958  1204404    9.95%
   5821  4537      267.8488    66      296.2609      266.7975  1219825    9.95%
   5849  4559      266.8169    60      296.2609      266.7976  1225310    9.95%
   5854  4564      266.8416   101      296.2609      266.7976  1234297    9.95%
   5908  4610      275.6741    72      296.2609      266.7977  1247370    9.95%
   5990  4664      268.2958    63      296.2609      266.7978  1257367    9.94%
   6057  4719      267.3558    77      296.2609      266.7984  1271382    9.94%
   6111  4765      266.8038   102      296.2609      266.7989  1280490    9.94%
   6139  4793      280.5420    58      296.2609      266.7989  1292104    9.94%
   6247  4889      270.1581    53      296.2609      266.7990  1305051    9.94%
Elapsed time = 626.10 sec. (622351.37 ticks, tree = 17.71 MB, solutions = 1)
   6318  4942      269.1361    50      296.2609      266.7991  1317210    9.94%
   6363  4975      268.2595    72      296.2609      266.7994  1328676    9.94%
   6452  5050      267.5539    75      296.2609      266.7998  1342137    9.94%
   6480  5072      267.9856    53      296.2609      266.8000  1347709    9.94%
   6527  5103      267.5541    85      296.2609      266.8002  1361206    9.94%
   6588  5152      267.0305    77      296.2609      266.8004  1373089    9.94%
   6651  5203      272.7695    44      296.2609      266.8005  1382491    9.94%
   6662  5210      266.8987    92      296.2609      266.8006  1390173    9.94%
   6694  5238      266.8245   118      296.2609      266.8015  1400956    9.94%
   6737  5275      268.5727    57      296.2609      266.8015  1409329    9.94%
Elapsed time = 673.81 sec. (662714.85 ticks, tree = 18.92 MB, solutions = 1)
   6792  5314      267.0851    87      296.2609      266.8020  1418269    9.94%
   6822  5344      271.8139    76      296.2609      266.8020  1428646    9.94%
   6870  5374        cutoff            296.2609      266.8021  1438382    9.94%
   6926  5410      268.7338    66      296.2609      266.8024  1446487    9.94%
   6987  5457      267.4498    84      296.2609      266.8026  1457662    9.94%
   7050  5496      267.6791    76      296.2609      266.8029  1466837    9.94%
   7091  5525      267.7006    66      296.2609      266.8030  1477565    9.94%
   7147  5559      269.5269    59      296.2609      266.8035  1488707    9.94%
   7184  5588      266.8040    89      296.2609      266.8040  1497141    9.94%
   7227  5623      269.1748    90      296.2609      266.8045  1507963    9.94%
Elapsed time = 722.98 sec. (701776.29 ticks, tree = 20.00 MB, solutions = 1)
   7249  5645      273.1900    76      296.2609      266.8045  1517622    9.94%
   7283  5675      267.1383   127      296.2609      266.8047  1527237    9.94%
   7357  5743      278.4851    47      296.2609      266.8047  1538114    9.94%
   7383  5763      267.3640   118      296.2609      266.8048  1548103    9.94%
   7426  5800      266.8562    79      296.2609      266.8053  1555741    9.94%
   7507  5853      266.8085   106      296.2609      266.8058  1568257    9.94%
   7562  5894      266.8184   127      296.2609      266.8061  1576636    9.94%
   7639  5955      272.1717    82      296.2609      266.8065  1585720    9.94%
   7676  5992      272.2035    67      296.2609      266.8065  1596472    9.94%
   7748  6056      268.6351    68      296.2609      266.8065  1609380    9.94%
Elapsed time = 776.15 sec. (741736.90 ticks, tree = 21.33 MB, solutions = 1)
   7794  6090      269.7419    73      296.2609      266.8069  1621370    9.94%
   7895  6163      266.8532    82      296.2609      266.8074  1635352    9.94%
   7953  6211      267.0043    75      296.2609      266.8074  1645198    9.94%
   7979  6237      267.5593    44      296.2609      266.8074  1655750    9.94%
   8028  6278      269.1192   118      296.2609      266.8077  1667801    9.94%
   8117  6341      269.5662    84      296.2609      266.8081  1680796    9.94%
   8192  6398      266.8305    92      296.2609      266.8085  1690485    9.94%
   8280  6468      267.2965    63      296.2609      266.8090  1702571    9.94%
   8356  6532      268.0357    45      296.2609      266.8092  1713293    9.94%
   8392  6560      267.2155    93      296.2609      266.8095  1722958    9.94%
Elapsed time = 822.43 sec. (781127.58 ticks, tree = 22.74 MB, solutions = 1)
   8440  6604      267.7109    66      296.2609      266.8095  1737842    9.94%
   8477  6632      268.0206    67      296.2609      266.8095  1750111    9.94%
   8561  6700      282.5375    30      296.2609      266.8096  1762852    9.94%
   8584  6713      266.8246    62      296.2609      266.8097  1770691    9.94%
   8673  6782      267.8473    77      296.2609      266.8103  1784191    9.94%
   8728  6823      267.0174    53      296.2609      266.8108  1795887    9.94%
   8811  6898      284.3931    34      296.2609      266.8113  1806733    9.94%
   8879  6936      267.4536    62      296.2609      266.8116  1816722    9.94%
   8952  6991      270.1568    61      296.2609      266.8117  1828286    9.94%
   8987  7018      266.8855   119      296.2609      266.8119  1839401    9.94%
Elapsed time = 914.53 sec. (820741.36 ticks, tree = 24.00 MB, solutions = 1)
   9023  7048      268.4056    67      296.2609      266.8119  1850647    9.94%
   9109  7124      272.8716    45      296.2609      266.8124  1863963    9.94%
   9204  7201      266.8176    56      296.2609      266.8130  1874449    9.94%
   9249  7240      291.6582    63      296.2609      266.8130  1887296    9.94%
   9297  7276      270.2347    71      296.2609      266.8130  1898939    9.94%
   9375  7346      268.0639    67      296.2609      266.8135  1908140    9.94%
   9395  7362      269.0481   140      296.2609      266.8135  1917532    9.94%
   9406  7373      274.9521    68      296.2609      266.8135  1927480    9.94%
   9431  7396      277.1587    79      296.2609      266.8135  1936349    9.94%
   9479  7442      279.0882    32      296.2609      266.8135  1946144    9.94%
Elapsed time = 1035.85 sec. (861094.22 ticks, tree = 25.31 MB, solutions = 1)
   9534  7483      266.8882    59      296.2609      266.8136  1955117    9.94%
   9586  7527      267.5354    68      296.2609      266.8136  1965830    9.94%
   9639  7576      279.5051    60      296.2609      266.8137  1976571    9.94%
   9729  7642      269.8887    64      296.2609      266.8142  1985211    9.94%
   9808  7703      266.8158    92      296.2609      266.8143  1996053    9.94%
   9862  7745      270.1598    62      296.2609      266.8144  2005926    9.94%
   9901  7772      267.0493    80      296.2609      266.8145  2015008    9.94%
   9963  7830      288.4354    50      296.2609      266.8146  2025891    9.94%
  10030  7887      272.6973    94      296.2609      266.8147  2036821    9.94%
* 10059+ 7907                          295.4584      266.8148             9.69%
* 10059+ 7884                          293.2066      266.8148             9.00%
* 10059+ 7881                          293.1330      266.8148             8.98%
* 10059+ 7879                          292.5655      266.8148             8.80%
* 10059+ 7879                          292.3092      266.8148             8.72%
* 10059+ 7878                          292.1457      266.8148             8.67%
* 10059+ 7870                          291.8813      266.8148             8.59%
* 10059+ 7867                          291.6691      266.8148             8.52%
  10059  7869      270.5854    52      291.6691      266.8148  2039396    8.52%
Elapsed time = 1292.99 sec. (1072591.97 ticks, tree = 26.63 MB, solutions = 9)
  10060  7870      267.2528    53      291.6691      266.8149  2040189    8.52%
  10061  7871      266.9783    67      291.6691      266.8150  2041341    8.52%
  10103  7905      270.6377    62      291.6691      266.8151  2051593    8.52%
  10164  7954    infeasible            291.6691      266.8152  2061077    8.52%
  10214  7990      270.0048    57      291.6691      266.8154  2069665    8.52%
  10252  8023      269.8661   109      291.6691      266.8154  2077965    8.52%
  10348  8100      268.4608    70      291.6691      266.8155  2090116    8.52%
  10407  8137      266.8158    77      291.6691      266.8159  2098842    8.52%
  10476  8192      267.7778    66      291.6691      266.8162  2112710    8.52%
  10542  8242      269.5926    51      291.6691      266.8165  2125594    8.52%
Elapsed time = 1378.74 sec. (1135251.80 ticks, tree = 28.12 MB, solutions = 9)
  10588  8278      272.6489    72      291.6691      266.8168  2136804    8.52%
  10633  8311      266.8307   129      291.6691      266.8171  2150966    8.52%
  10712  8370      266.9924    78      291.6691      266.8176  2160193    8.52%
  10722  8380      279.2431    72      291.6691      266.8176  2168061    8.52%
  10785  8435      268.8322    72      291.6691      266.8176  2180622    8.52%
  10851  8475      267.3803    66      291.6691      266.8182  2191173    8.52%
  10904  8512      266.8784   108      291.6691      266.8183  2205596    8.52%
  10960  8556      267.2265    87      291.6691      266.8184  2215850    8.52%
  11002  8590      267.6078    68      291.6691      266.8184  2225259    8.52%
  11039  8623      266.8206   114      291.6691      266.8184  2235321    8.52%
Elapsed time = 1432.29 sec. (1176502.41 ticks, tree = 29.30 MB, solutions = 9)
  11095  8677    infeasible            291.6691      266.8184  2246416    8.52%
  11159  8723      267.1162    90      291.6691      266.8186  2258115    8.52%
  11215  8772      266.9086    60      291.6691      266.8187  2269886    8.52%
  11280  8809      268.1185    67      291.6691      266.8188  2280884    8.52%
  11324  8853      288.7483    49      291.6691      266.8188  2294623    8.52%
  11382  8893      267.4174    62      291.6691      266.8189  2307236    8.52%
  11452  8953      268.6957    56      291.6691      266.8190  2320246    8.52%
  11464  8957      267.1208    63      291.6691      266.8190  2324685    8.52%
  11524  9005      267.0399    83      291.6691      266.8190  2334902    8.52%
  11600  9067      267.5209    92      291.6691      266.8193  2348438    8.52%
Elapsed time = 1496.77 sec. (1215038.87 ticks, tree = 30.67 MB, solutions = 9)
  11667  9122      267.0442    57      291.6691      266.8194  2359280    8.52%
  11709  9160      272.6641    70      291.6691      266.8197  2368598    8.52%
  11744  9187      270.0886   105      291.6691      266.8197  2381370    8.52%
  11823  9250      267.2405   115      291.6691      266.8199  2393521    8.52%
  11899  9296      267.0193    51      291.6691      266.8203  2407301    8.52%
  11978  9361      268.4306    75      291.6691      266.8204  2420187    8.52%
  12070  9429      267.2329    79      291.6691      266.8207  2435995    8.52%
  12127  9482      271.5013    60      291.6691      266.8210  2447539    8.52%
  12196  9523      267.2622    91      291.6691      266.8215  2459018    8.52%
  12270  9573      267.0660    52      291.6691      266.8218  2471639    8.52%
Elapsed time = 1543.87 sec. (1254696.24 ticks, tree = 32.23 MB, solutions = 9)
  12370  9635      266.8223    74      291.6691      266.8224  2484593    8.52%
  12456  9697      271.8641    53      291.6691      266.8229  2499179    8.52%
  12510  9733      267.7074    69      291.6691      266.8229  2511114    8.52%
  12573  9782      266.8230    88      291.6691      266.8230  2521730    8.52%
  12659  9850      267.0232    62      291.6691      266.8233  2536330    8.52%
  12728  9907      267.4681    65      291.6691      266.8237  2546924    8.52%
  12817  9975        cutoff            291.6691      266.8241  2557802    8.52%
  12874 10018      267.2491    60      291.6691      266.8242  2565139    8.52%
  12916 10054      269.2619    63      291.6691      266.8242  2574562    8.52%
  12996 10112      267.8257    77      291.6691      266.8244  2585635    8.52%
Elapsed time = 1603.13 sec. (1294713.11 ticks, tree = 33.91 MB, solutions = 9)
  13056 10164      267.1415   101      291.6691      266.8244  2596729    8.52%
  13095 10195      266.8527    70      291.6691      266.8246  2604424    8.52%
  13147 10235      275.9279    46      291.6691      266.8246  2615019    8.52%
  13231 10289        cutoff            291.6691      266.8248  2626309    8.52%
  13277 10321      274.3516    48      291.6691      266.8249  2633987    8.52%
  13339 10357      266.8792    79      291.6691      266.8251  2646835    8.52%
  13385 10389      269.5666    75      291.6691      266.8251  2658779    8.52%
  13459 10455      266.8383    71      291.6691      266.8253  2669305    8.52%
  13479 10471      266.8331    96      291.6691      266.8253  2678072    8.52%
  13518 10504    infeasible            291.6691      266.8253  2687795    8.52%
Elapsed time = 1667.43 sec. (1334916.41 ticks, tree = 35.13 MB, solutions = 9)
  13528 10514      281.0600   111      291.6691      266.8253  2694647    8.52%
  13560 10542      266.8281    94      291.6691      266.8253  2702495    8.52%
  13570 10552      280.6095    84      291.6691      266.8253  2710774    8.52%
  13616 10592      278.6553    63      291.6691      266.8255  2721352    8.52%
  13652 10616      267.0453    66      291.6691      266.8255  2730779    8.52%
  13694 10650      267.2068    55      291.6691      266.8260  2740755    8.52%
  13762 10708      267.9945    62      291.6691      266.8263  2752463    8.52%
  13823 10755      267.3133    77      291.6691      266.8265  2759913    8.52%
  13858 10790      270.3021    65      291.6691      266.8265  2772404    8.52%
  13923 10837      267.3308    69      291.6691      266.8271  2783131    8.52%
Elapsed time = 1717.50 sec. (1374707.31 ticks, tree = 36.15 MB, solutions = 9)
  13994 10900      266.9455    87      291.6691      266.8272  2793653    8.52%
  14044 10940      273.6078    89      291.6691      266.8272  2804950    8.52%
  14087 10975      266.9461    59      291.6691      266.8275  2816399    8.52%
  14139 11015      268.0663    82      291.6691      266.8276  2826419    8.52%
  14186 11050      267.2545    83      291.6691      266.8277  2836728    8.52%
  14239 11089      268.2157    64      291.6691      266.8278  2848122    8.52%
  14287 11127      266.8931    47      291.6691      266.8279  2857847    8.52%
  14362 11184      268.5027    48      291.6691      266.8281  2872046    8.52%
  14409 11223      270.0883    77      291.6691      266.8281  2880969    8.52%
  14488 11288      267.0255    68      291.6691      266.8283  2894805    8.52%
Elapsed time = 1759.94 sec. (1413998.80 ticks, tree = 37.55 MB, solutions = 9)
  14525 11319      267.9439    81      291.6691      266.8287  2900901    8.52%
  14566 11356      267.6021    68      291.6691      266.8289  2913324    8.52%
  14643 11425      267.3851   125      291.6691      266.8290  2925250    8.52%
  14711 11483      271.0460    54      291.6691      266.8292  2938057    8.52%
  14770 11534      276.1639    58      291.6691      266.8294  2949879    8.52%
  14865 11603      275.0663    37      291.6691      266.8298  2961888    8.52%
  14919 11645      272.4941    52      291.6691      266.8298  2974270    8.52%
  14954 11670      267.0491    69      291.6691      266.8298  2987300    8.52%
  15007 11719      267.9773    60      291.6691      266.8299  2999975    8.52%
  15072 11768      266.8368    84      291.6691      266.8301  3012699    8.52%
Elapsed time = 1834.80 sec. (1453061.95 ticks, tree = 39.03 MB, solutions = 9)
  15137 11815      266.8327   106      291.6691      266.8302  3023520    8.52%
  15221 11879      266.8432   100      291.6691      266.8303  3035089    8.52%
  15254 11908      267.0346    85      291.6691      266.8304  3047071    8.52%
  15299 11953      275.0454    50      291.6691      266.8304  3057322    8.52%
  15372 12010      276.9662    62      291.6691      266.8304  3069333    8.52%
  15431 12047      266.8341    86      291.6691      266.8305  3081466    8.52%
  15469 12085      270.5167    65      291.6691      266.8305  3096503    8.52%
  15479 12093      275.7839    54      291.6691      266.8305  3102030    8.52%
  15513 12115      270.4831   102      291.6691      266.8307  3115806    8.52%
  15576 12166      272.5916    59      291.6691      266.8307  3127552    8.52%
Elapsed time = 1894.45 sec. (1499435.27 ticks, tree = 40.26 MB, solutions = 9)
  15643 12221      271.8532   129      291.6691      266.8308  3140745    8.52%
  15696 12268      276.5839    52      291.6691      266.8308  3148314    8.52%
  15764 12320      266.8713    71      291.6691      266.8310  3159141    8.52%
  15858 12392      268.6212    59      291.6691      266.8312  3172739    8.52%
  15917 12441      266.8428   149      291.6691      266.8312  3188072    8.52%
  15994 12506      268.8213    64      291.6691      266.8314  3201647    8.52%
  16037 12539      267.4768    69      291.6691      266.8318  3211948    8.52%
  16084 12576      267.8745    61      291.6691      266.8319  3221435    8.52%
  16176 12654      267.7086    68      291.6691      266.8320  3235276    8.52%
  16239 12697      267.5894    59      291.6691      266.8322  3248883    8.52%
Elapsed time = 1973.89 sec. (1538695.12 ticks, tree = 41.91 MB, solutions = 9)
  16284 12734      270.5533    73      291.6691      266.8323  3259449    8.52%
  16338 12778      271.3211    66      291.6691      266.8325  3273621    8.52%
  16400 12830      281.7929    42      291.6691      266.8326  3284638    8.52%
  16447 12871      273.1434    44      291.6691      266.8326  3297290    8.52%
  16515 12925      267.2340    70      291.6691      266.8329  3307981    8.52%
  16579 12981      267.0470    53      291.6691      266.8329  3317927    8.52%
  16653 13028      267.7686    57      291.6691      266.8331  3328672    8.52%
  16717 13086        cutoff            291.6691      266.8331  3339781    8.52%
  16758 13121      267.2439    56      291.6691      266.8332  3351156    8.52%
  16837 13188        cutoff            291.6691      266.8333  3361676    8.52%
Elapsed time = 2035.28 sec. (1578031.53 ticks, tree = 43.42 MB, solutions = 9)
  16879 13224      267.3945    82      291.6691      266.8336  3370621    8.51%
  16947 13278      274.9685    53      291.6691      266.8337  3383239    8.51%
  17030 13347      271.3645    57      291.6691      266.8339  3393322    8.51%
  17085 13394      267.4304    78      291.6691      266.8340  3405041    8.51%
  17145 13438        cutoff            291.6691      266.8340  3417797    8.51%
  17178 13463      269.5868    62      291.6691      266.8341  3426382    8.51%
  17227 13504      267.2131    74      291.6691      266.8342  3440601    8.51%
  17296 13559      271.7805    53      291.6691      266.8343  3452187    8.51%
  17328 13585      269.0182    70      291.6691      266.8345  3463617    8.51%
  17375 13618      266.8665    60      291.6691      266.8346  3475767    8.51%
Elapsed time = 2094.72 sec. (1618236.68 ticks, tree = 44.75 MB, solutions = 9)
  17446 13679      268.8835    75      291.6691      266.8347  3485371    8.51%
  17480 13707      267.2327    64      291.6691      266.8348  3496314    8.51%
  17537 13758      276.7283    65      291.6691      266.8349  3509671    8.51%
  17608 13807      267.1504    95      291.6691      266.8353  3521521    8.51%
  17671 13854      267.5338    72      291.6691      266.8353  3532339    8.51%
  17735 13902      266.9860    65      291.6691      266.8353  3543425    8.51%
  17809 13964      267.9841    79      291.6691      266.8354  3554441    8.51%
  17847 13996      266.9569    98      291.6691      266.8355  3563863    8.51%
  17925 14060      266.8463   104      291.6691      266.8361  3574684    8.51%
  18019 14142      268.3681    58      291.6691      266.8363  3585824    8.51%
Elapsed time = 2160.83 sec. (1657757.29 ticks, tree = 46.35 MB, solutions = 9)
  18123 14216      267.1158   107      291.6691      266.8365  3598698    8.51%
  18204 14276      268.0259    68      291.6691      266.8367  3610227    8.51%
  18256 14320      268.7252    68      291.6691      266.8367  3623288    8.51%
  18353 14403      274.7580    62      291.6691      266.8371  3637347    8.51%
  18418 14454      266.8520   111      291.6691      266.8373  3648617    8.51%
  18470 14500      268.7789    62      291.6691      266.8373  3656845    8.51%
  18523 14545      268.9063   122      291.6691      266.8374  3665048    8.51%
  18609 14619      268.0200    78      291.6691      266.8376  3678198    8.51%
  18697 14695      267.2695    86      291.6691      266.8378  3691072    8.51%
  18740 14734      268.2072    97      291.6691      266.8378  3704650    8.51%
Elapsed time = 2210.22 sec. (1697554.59 ticks, tree = 48.18 MB, solutions = 9)
  18833 14803      268.4828    65      291.6691      266.8381  3717736    8.51%
  18898 14858      267.1046    63      291.6691      266.8383  3732180    8.51%
  18972 14912        cutoff            291.6691      266.8386  3744785    8.51%
  19015 14945      290.0212    72      291.6691      266.8386  3753013    8.51%
  19090 15005      275.3033    54      291.6691      266.8387  3764253    8.51%
  19152 15055      267.3948    49      291.6691      266.8390  3774276    8.51%
  19215 15104      267.2195    99      291.6691      266.8391  3787758    8.51%
  19276 15153      267.1936    60      291.6691      266.8391  3799992    8.51%
  19339 15206      266.8460    86      291.6691      266.8391  3815010    8.51%
  19400 15257      267.4554    56      291.6691      266.8391  3827631    8.51%
Elapsed time = 2276.23 sec. (1737560.72 ticks, tree = 49.80 MB, solutions = 9)
  19480 15327      267.1895    83      291.6691      266.8392  3839912    8.51%
  19492 15339      269.1192    80      291.6691      266.8392  3849872    8.51%
  19507 15354      269.2833    77      291.6691      266.8392  3859387    8.51%
  19546 15393      270.8483    54      291.6691      266.8392  3872359    8.51%
  19600 15443      271.5597    69      291.6691      266.8392  3881782    8.51%
  19675 15500      271.6329    93      291.6691      266.8394  3893572    8.51%
  19742 15555      267.9641    66      291.6691      266.8396  3906906    8.51%
  19829 15626      269.2985    64      291.6691      266.8398  3920374    8.51%

Performing restart 2

Repeating presolve.
Tried aggregator 1 time.
MIP Presolve eliminated 10 rows and 0 columns.
MIP Presolve modified 35 coefficients.
Reduced MIP has 19215 rows, 1380 columns, and 151832 nonzeros.
Reduced MIP has 991 binaries, 0 generals, 0 SOSs, and 0 indicators.
Presolve time = 0.11 sec. (81.46 ticks)
Tried aggregator 1 time.
Reduced MIP has 19215 rows, 1380 columns, and 151832 nonzeros.
Reduced MIP has 991 binaries, 0 generals, 0 SOSs, and 0 indicators.
Presolve time = 0.12 sec. (66.14 ticks)
Represolve time = 0.55 sec. (325.22 ticks)
  19859     0      266.7323   112      291.6691    Cuts: 3464  3931004    8.51%
  19859     0      266.7324   105      291.6691    Cuts: 1253  3932132    8.51%
  19859     0      266.7324   106      291.6691     Cuts: 485  3932927    8.51%
* 19859+    0                          291.6691      266.8398             8.51%
  19859     0  -1.00000e+75     0      291.6691      266.8398  3932927    8.51%
  19859     0      266.7325   120      291.6691     Cuts: 445  3933494    8.51%
  19859     0      266.7327   119      291.6691    Cuts: 1483  3934364    8.51%
  19859     0      266.7328   148      291.6691     Cuts: 141  3934745    8.51%
  19859     0      266.7329   104      291.6691    Cuts: 1498  3935169    8.51%
  19859     0      266.7329   111      291.6691    Cuts: 1028  3935543    8.51%
  19859     2      266.7329    94      291.6691      266.8398  3935543    8.51%
  19862     5      266.7331    91      291.6691      266.8398  3937788    8.51%
Elapsed time = 2346.16 sec. (1792349.30 ticks, tree = 0.01 MB, solutions = 9)
  19864     7      267.7294   124      291.6691      266.8398  3939908    8.51%
  19869    12      267.7294   114      291.6691      266.8398  3941406    8.51%
  19874    17      272.6307   112      291.6691      266.8398  3943147    8.51%
  19878    21      275.8167   116      291.6691      266.8398  3944484    8.51%
  19882    25      280.4652   115      291.6691      266.8398  3945843    8.51%
  19884    26      286.3030   115      291.6691      266.8398  3946553    8.51%
  19887    28      291.4798   104      291.6691      266.8398  3947136    8.51%
  19894    34      291.5880    67      291.6691      266.8398  3948231    8.51%
  19904    40        cutoff            291.6691      266.8398  3950381    8.51%
  19907    43      266.7646   131      291.6691      266.8398  3956943    8.51%
Elapsed time = 2385.51 sec. (1838016.14 ticks, tree = 0.27 MB, solutions = 9)
  19910    46      266.7646   132      291.6691      266.8398  3958597    8.51%
  19913    49      281.0263   151      291.6691      266.8398  3961333    8.51%
  19920    56      276.9686   109      291.6691      266.8398  3961756    8.51%
  19926    62      276.8972   107      291.6691      266.8398  3962290    8.51%
  19934    69      279.9852    98      291.6691      266.8398  3962898    8.51%
  19942    77      279.9852   101      291.6691      266.8398  3963590    8.51%
  19948    82      280.6652   103      291.6691      266.8398  3964684    8.51%
  19956    90      282.5829    85      291.6691      266.8398  3965966    8.51%
  19970   102      283.4953    72      291.6691      266.8398  3966627    8.51%
  19990   116      284.9951    60      291.6691      266.8398  3968499    8.51%
Elapsed time = 2416.86 sec. (1879340.98 ticks, tree = 0.63 MB, solutions = 9)
  20011   127      271.0576   113      291.6691      266.8398  3976102    8.51%
  20014   130      271.0576   118      291.6691      266.8398  3976695    8.51%
  20026   141      271.0576    93      291.6691      266.8398  3977360    8.51%
  20032   147      271.0650   110      291.6691      266.8398  3979514    8.51%
  20039   154      278.0199    86      291.6691      266.8398  3980605    8.51%
  20055   170      278.0199    74      291.6691      266.8398  3982133    8.51%
  20068   183      278.0356    75      291.6691      266.8398  3983593    8.51%
  20084   199      278.0996    61      291.6691      266.8398  3985074    8.51%
  20111   218      266.7343   119      291.6691      266.8398  3987872    8.51%
  20119   226      266.7356   123      291.6691      266.8398  3988295    8.51%
Elapsed time = 2455.37 sec. (1927243.94 ticks, tree = 0.96 MB, solutions = 9)
  20137   244      266.7427    87      291.6691      266.8398  3989329    8.51%
  20145   252      269.0620    80      291.6691      266.8398  3991524    8.51%
  20171   278      269.1191    60      291.6691      266.8398  3993087    8.51%
  20206   309      267.6633    87      291.6691      266.8398  3998273    8.51%
  20216   319      270.0004    93      291.6691      266.8398  4002097    8.51%
  20252   353        cutoff            291.6691      266.8398  4004363    8.51%
  20265   360      267.3551   107      291.6691      266.8398  4007276    8.51%
  20271   366      269.8428   114      291.6691      266.8398  4009714    8.51%
  20286   381      267.9426    70      291.6691      266.8398  4015782    8.51%
  20294   389      267.9426    59      291.6691      266.8398  4020169    8.51%
Elapsed time = 2499.08 sec. (1968507.68 ticks, tree = 1.44 MB, solutions = 9)
  20306   401      268.0430    55      291.6691      266.8398  4026886    8.51%
  20335   430      273.1707    43      291.6691      266.8398  4032535    8.51%
  20365   454      269.0501    75      291.6691      266.8398  4035873    8.51%
  20405   490      266.7554    85      291.6691      266.8398  4041251    8.51%
  20416   501      269.0728    80      291.6691      266.8398  4043800    8.51%
  20427   512      269.6268    64      291.6691      266.8398  4047761    8.51%
  20443   528      269.6399    72      291.6691      266.8398  4052455    8.51%
  20487   568      269.0561    73      291.6691      266.8398  4059587    8.51%
  20538   617        cutoff            291.6691      266.8398  4065211    8.51%
  20551   627      285.6940    77      291.6691      266.8398  4069922    8.51%
Elapsed time = 2540.67 sec. (2010554.55 ticks, tree = 2.15 MB, solutions = 9)
  20571   647      285.8115    57      291.6691      266.8398  4073401    8.51%
  20619   685      275.1530    85      291.6691      266.8398  4077078    8.51%
  20640   702      281.5870    65      291.6691      266.8398  4081841    8.51%
  20661   721      284.7480    67      291.6691      266.8398  4088745    8.51%
  20715   770      267.9955    57      291.6691      266.8398  4094507    8.51%
  20776   823      266.7448    78      291.6691      266.8398  4101963    8.51%
  20879   922      268.7670    48      291.6691      266.8398  4107598    8.51%
  20943   979      269.1683    62      291.6691      266.8398  4116483    8.51%
  20981  1003      266.7827   103      291.6691      266.8398  4124255    8.51%
  21008  1030      266.8242    85      291.6691      266.8398  4128461    8.51%
Elapsed time = 2578.63 sec. (2050387.06 ticks, tree = 3.37 MB, solutions = 9)
  21048  1066      267.9935    76      291.6691      266.8398  4134449    8.51%
  21094  1112      268.4781    44      291.6691      266.8398  4140671    8.51%
  21111  1122      266.8346   106      291.6691      266.8398  4144882    8.51%
  21116  1127      267.1366    84      291.6691      266.8398  4147247    8.51%
  21130  1141      270.7096    85      291.6691      266.8398  4151173    8.51%
  21157  1168      274.1169    53      291.6691      266.8398  4158729    8.51%
  21227  1231      267.4837    76      291.6691      266.8398  4165628    8.51%
  21258  1258      267.0291    85      291.6691      266.8398  4170913    8.51%
  21293  1293      269.5216    57      291.6691      266.8398  4179275    8.51%
  21336  1332      268.1163    77      291.6691      266.8398  4188090    8.51%
Elapsed time = 2614.17 sec. (2089785.08 ticks, tree = 4.25 MB, solutions = 9)
  21386  1378      267.8666    86      291.6691      266.8398  4195211    8.51%
  21419  1411      269.5001    49      291.6691      266.8398  4200471    8.51%
  21513  1491      267.2012    74      291.6691      266.8398  4208385    8.51%
  21562  1534      277.8833    86      291.6691      266.8398  4215765    8.51%
  21587  1559      278.8750    62      291.6691      266.8398  4223812    8.51%
  21632  1600        cutoff            291.6691      266.8398  4232572    8.51%
  21696  1652      266.9747    80      291.6691      266.8398  4242532    8.51%
  21755  1707      267.8842    71      291.6691      266.8398  4249278    8.51%
  21802  1744      271.9737    48      291.6691      266.8398  4258242    8.51%
  21859  1793      277.1556    53      291.6691      266.8398  4266211    8.51%
Elapsed time = 2655.57 sec. (2132870.75 ticks, tree = 5.60 MB, solutions = 9)
  21879  1807      266.7733   126      291.6691      266.8398  4272462    8.51%
  21914  1840      278.9640    68      291.6691      266.8398  4279731    8.51%
  21975  1889      267.0373    48      291.6691      266.8398  4289485    8.51%
  22065  1975      272.0061    67      291.6691      266.8398  4299724    8.51%
  22110  2012      267.3790    58      291.6691      266.8398  4309084    8.51%
  22176  2074      267.5818    63      291.6691      266.8398  4319506    8.51%
  22255  2141      269.1720    61      291.6691      266.8398  4331531    8.51%
  22306  2176      267.0192    90      291.6691      266.8398  4341116    8.51%
  22351  2221      270.7890    62      291.6691      266.8398  4349903    8.51%
  22401  2265      268.4238    65      291.6691      266.8398  4357517    8.51%
Elapsed time = 2696.72 sec. (2172305.62 ticks, tree = 7.07 MB, solutions = 9)
  22449  2299      267.5648   120      291.6691      266.8398  4365297    8.51%
  22461  2311      270.5717   111      291.6691      266.8398  4367975    8.51%
  22479  2329      275.6739    83      291.6691      266.8398  4373080    8.51%
  22510  2356      266.7646   102      291.6691      266.8398  4379924    8.51%
  22527  2373      266.7688   118      291.6691      266.8398  4383217    8.51%
  22575  2417      266.7646    90      291.6691      266.8398  4390146    8.51%
  22588  2430      267.0862   121      291.6691      266.8398  4397087    8.51%
  22628  2464      266.7672   109      291.6691      266.8398  4406049    8.51%
  22637  2473      267.0689   106      291.6691      266.8398  4409208    8.51%
  22646  2482      267.0666    80      291.6691      266.8398  4415509    8.51%
Elapsed time = 2740.23 sec. (2219607.56 ticks, tree = 7.56 MB, solutions = 9)
  22659  2495      269.0836    77      291.6691      266.8398  4422035    8.51%
  22692  2528      276.4104    60      291.6691      266.8398  4431388    8.51%
  22735  2565      266.9993    98      291.6691      266.8398  4437486    8.51%
  22748  2578      268.0982    70      291.6691      266.8398  4444291    8.51%
  22788  2614      280.6619    83      291.6691      266.8398  4450482    8.51%
  22820  2637      277.9307   122      291.6691      266.8398  4457335    8.51%
  22834  2651      289.7219    83      291.6691      266.8398  4463594    8.51%
  22892  2703      266.7863    71      291.6691      266.8398  4468111    8.51%
  22963  2770      275.9782    50      291.6691      266.8398  4479565    8.51%
  23014  2812      266.8378   113      291.6691      266.8398  4490456    8.51%
Elapsed time = 2781.18 sec. (2261716.13 ticks, tree = 8.53 MB, solutions = 9)
  23062  2860      270.3425    48      291.6691      266.8398  4497284    8.51%
  23073  2865      267.1779    84      291.6691      266.8398  4503288    8.51%
  23116  2904      267.2457   107      291.6691      266.8398  4513104    8.51%
  23132  2920      268.6433    95      291.6691      266.8398  4520833    8.51%
  23152  2935      266.8533   107      291.6691      266.8398  4526938    8.51%
  23159  2942      266.8594   129      291.6691      266.8398  4534879    8.51%
  23171  2954      281.3819    93      291.6691      266.8398  4541572    8.51%
  23198  2981      280.2882    69      291.6691      266.8398  4551592    8.51%
  23251  3022      267.0695    71      291.6691      266.8398  4559905    8.51%
  23268  3036      267.2013   120      291.6691      266.8398  4567982    8.51%
Elapsed time = 2820.25 sec. (2301885.84 ticks, tree = 9.18 MB, solutions = 9)
  23324  3088      267.3594    68      291.6691      266.8398  4577976    8.51%
  23389  3143      270.4579    92      291.6691      266.8398  4589090    8.51%
  23454  3200      267.0931    73      291.6691      266.8398  4600586    8.51%
  23508  3250      275.4698    65      291.6691      266.8398  4611898    8.51%
  23553  3287      275.7725   105      291.6691      266.8398  4619382    8.51%
  23586  3320      286.6358    61      291.6691      266.8398  4626133    8.51%
  23634  3362      271.0243    82      291.6691      266.8398  4637078    8.51%
  23691  3415      268.9067    86      291.6691      266.8398  4651448    8.51%
  23729  3449      266.8525    64      291.6691      266.8398  4661257    8.51%
  23786  3500      268.2940    59      291.6691      266.8398  4671235    8.51%
Elapsed time = 2862.95 sec. (2342671.08 ticks, tree = 10.55 MB, solutions = 9)
  23834  3544      287.3310    67      291.6691      266.8398  4678872    8.51%
  23868  3570      267.3385    62      291.6691      266.8398  4689222    8.51%
  23912  3608      269.0528    87      291.6691      266.8398  4700710    8.51%
  23951  3643      281.7837   122      291.6691      266.8398  4709440    8.51%
  23997  3681        cutoff            291.6691      266.8398  4715136    8.51%
  24044  3717      270.5256    71      291.6691      266.8398  4724126    8.51%
  24085  3754      291.1444    53      291.6691      266.8398  4735847    8.51%
  24137  3785      267.2457   105      291.6691      266.8398  4746821    8.51%
  24177  3820      267.1715    73      291.6691      266.8398  4756327    8.51%
  24249  3885      267.8077    78      291.6691      266.8398  4766826    8.51%
Elapsed time = 2903.87 sec. (2384131.76 ticks, tree = 11.67 MB, solutions = 9)
  24312  3934      270.3717    80      291.6691      266.8398  4776848    8.51%
  24350  3968      269.5191    67      291.6691      266.8398  4788981    8.51%
  24413  4013      266.8629    76      291.6691      266.8398  4799065    8.51%
  24464  4056      266.8455    87      291.6691      266.8398  4810620    8.51%
  24497  4089      267.6072    48      291.6691      266.8398  4823327    8.51%
  24558  4146      279.7740    96      291.6691      266.8398  4835475    8.51%
  24588  4168      269.1905   110      291.6691      266.8398  4843633    8.51%
  24617  4196      291.4474    41      291.6691      266.8398  4852896    8.51%
  24651  4216      267.5953   135      291.6691      266.8398  4860283    8.51%
  24721  4276      266.8111    73      291.6691      266.8398  4868900    8.51%
Elapsed time = 2948.91 sec. (2424102.50 ticks, tree = 12.97 MB, solutions = 9)
  24767  4312      266.7974    46      291.6691      266.8398  4879468    8.51%
  24811  4352      270.0078    73      291.6691      266.8398  4889499    8.51%
  24852  4383      268.6754   128      291.6691      266.8398  4899606    8.51%
  24903  4434      277.3063    60      291.6691      266.8398  4909885    8.51%
  24954  4481      267.7942    68      291.6691      266.8398  4919092    8.51%
  24992  4507      266.8410   156      291.6691      266.8398  4925271    8.51%
  25039  4553      282.1637    60      291.6691      266.8398  4932967    8.51%
  25051  4561      271.2681    81      291.6691      266.8398  4939784    8.51%
  25085  4589      266.7867    70      291.6691      266.8398  4946882    8.51%
  25109  4613      269.9819    65      291.6691      266.8398  4954730    8.51%
Elapsed time = 2991.23 sec. (2464156.90 ticks, tree = 13.95 MB, solutions = 9)
  25128  4626      267.9982    96      291.6691      266.8398  4958602    8.51%
  25153  4651      272.6167    67      291.6691      266.8398  4965983    8.51%
  25202  4690      271.7469   102      291.6691      266.8398  4974347    8.51%
  25222  4710      275.0231    77      291.6691      266.8398  4981740    8.51%
  25268  4750      266.8301    91      291.6691      266.8398  4991634    8.51%
  25284  4766      268.1871    88      291.6691      266.8398  4998663    8.51%
  25330  4806      268.1273    98      291.6691      266.8398  5006692    8.51%
  25340  4816      268.5037   124      291.6691      266.8398  5017190    8.51%
  25360  4836      269.1415    83      291.6691      266.8398  5025679    8.51%
  25387  4859      267.1733    89      291.6691      266.8398  5036428    8.51%
Elapsed time = 3037.47 sec. (2508925.29 ticks, tree = 14.68 MB, solutions = 9)
  25438  4901      267.5476    74      291.6691      266.8398  5042469    8.51%
  25497  4947      267.3920    50      291.6691      266.8398  5052623    8.51%
  25574  5006      266.8229    64      291.6691      266.8398  5063258    8.51%
  25599  5027      268.1744    83      291.6691      266.8398  5071490    8.51%
  25673  5085      274.2594    59      291.6691      266.8398  5084226    8.51%
  25697  5101      267.0097    98      291.6691      266.8398  5092813    8.51%
  25718  5122      269.3170    95      291.6691      266.8398  5100971    8.51%
  25766  5158      267.3909    91      291.6691      266.8398  5108368    8.51%
  25827  5207      266.7874   109      291.6691      266.8398  5119746    8.51%
  25837  5217      267.4254   133      291.6691      266.8398  5129057    8.51%
Elapsed time = 3083.44 sec. (2551130.51 ticks, tree = 15.73 MB, solutions = 9)
  25859  5239      272.0856    67      291.6691      266.8398  5137490    8.51%
  25937  5307      267.7270    93      291.6691      266.8398  5148578    8.51%
  25970  5340      278.7355    75      291.6691      266.8398  5156726    8.51%
  25993  5359      271.9329   110      291.6691      266.8398  5163723    8.51%
  26005  5371      273.7754    94      291.6691      266.8398  5169516    8.51%
  26060  5426      281.4529    54      291.6691      266.8398  5177761    8.51%
  26091  5453      277.3606    80      291.6691      266.8398  5185947    8.51%
  26123  5480      273.3953    53      291.6691      266.8398  5192227    8.51%
  26146  5499      267.7115    84      291.6691      266.8398  5197953    8.51%
  26161  5514      267.9202    54      291.6691      266.8398  5205883    8.51%
Elapsed time = 3129.03 sec. (2597051.80 ticks, tree = 16.60 MB, solutions = 9)
  26198  5545      269.0213   107      291.6691      266.8398  5212848    8.51%
  26246  5585      269.2578    57      291.6691      266.8398  5219481    8.51%
  26291  5616      266.8020    79      291.6691      266.8398  5226789    8.51%
  26361  5668      266.7877   126      291.6691      266.8398  5235951    8.51%
  26375  5682      267.2496    93      291.6691      266.8398  5242944    8.51%
  26419  5721      267.3879   122      291.6691      266.8398  5250635    8.51%
  26438  5740      269.4200    72      291.6691      266.8398  5259811    8.51%
  26500  5798      267.6222    52      291.6691      266.8398  5271001    8.51%
  26560  5844      268.7469    59      291.6691      266.8398  5279953    8.51%
  26601  5875      268.2958    63      291.6691      266.8398  5291577    8.51%
Elapsed time = 3173.16 sec. (2638888.31 ticks, tree = 17.67 MB, solutions = 9)
  26621  5889      267.7303    84      291.6691      266.8398  5299396    8.51%
  26649  5917      274.6973    61      291.6691      266.8398  5309745    8.51%
  26685  5949      266.8025    87      291.6691      266.8398  5317938    8.51%
  26725  5985      266.8279    90      291.6691      266.8398  5326882    8.51%
  26750  6010      269.1152    66      291.6691      266.8398  5334674    8.51%
  26821  6068      275.0602    94      291.6691      266.8398  5343528    8.51%
  26859  6106      281.2323    70      291.6691      266.8398  5352452    8.51%
  26904  6146      289.1763    61      291.6691      266.8398  5362109    8.51%
  26961  6181      266.7950    66      291.6691      266.8398  5374122    8.51%
  27018  6218      266.8676    74      291.6691      266.8398  5386871    8.51%
Elapsed time = 3221.82 sec. (2685383.64 ticks, tree = 18.68 MB, solutions = 9)
  27064  6256      271.7289    54      291.6691      266.8398  5400178    8.51%
  27106  6288        cutoff            291.6691      266.8398  5412254    8.51%
  27153  6323      270.5910    68      291.6691      266.8398  5421786    8.51%
  27199  6359      266.8410    84      291.6691      266.8398  5430332    8.51%
  27245  6391      267.0847    90      291.6691      266.8398  5438910    8.51%
  27259  6405      271.1623    74      291.6691      266.8398  5444857    8.51%
  27313  6450      266.7952   105      291.6691      266.8398  5453280    8.51%
* 27359+ 6441                          291.2220      266.8398             8.37%
* 27359+ 6441                          291.2167      266.8398             8.37%
  27359  6443      268.2234    62      291.2167      266.8398  5459306    8.37%
  27413  6483      272.6918    46      291.2167      266.8398  5467413    8.37%
  27424  6488      266.8688    71      291.2167      266.8398  5470564    8.37%
Elapsed time = 3296.22 sec. (2759651.73 ticks, tree = 19.48 MB, solutions = 11)
  27459  6517      268.1887    71      291.2167      266.8398  5478490    8.37%
  27535  6583      269.8435    52      291.2167      266.8398  5485168    8.37%
  27565  6601      266.8108    73      291.2167      266.8398  5488137    8.37%
  27618  6640      267.8136    84      291.2167      266.8398  5498906    8.37%
  27656  6662      267.5935    73      291.2167      266.8398  5510037    8.37%
  27659  6665      268.3675    72      291.2167      266.8398  5511494    8.37%
  27721  6713      266.9200    76      291.2167      266.8398  5520133    8.37%
  27809  6787      290.3227    54      291.2167      266.8398  5528171    8.37%
  27843  6808      268.5976    71      291.2167      266.8398  5535207    8.37%
  27859  6824      272.5261    59      291.2167      266.8398  5540261    8.37%
Elapsed time = 3369.46 sec. (2831878.42 ticks, tree = 20.47 MB, solutions = 11)
  27959  6900      267.4976    56      291.2167      266.8398  5550364    8.37%
  28004  6925      266.8008    66      291.2167      266.8398  5560224    8.37%
  28059  6960      268.9759    61      291.2167      266.8398  5569639    8.37%
  28110  6997      267.3169    67      291.2167      266.8398  5580242    8.37%
  28155  7034      267.2873    61      291.2167      266.8398  5591973    8.37%
  28159  7038      267.3255    82      291.2167      266.8398  5593315    8.37%
  28211  7078      266.8717    61      291.2167      266.8398  5603184    8.37%
* 28259+ 7109                          291.0536      266.8398             8.32%
  28259  7111      274.1007    58      291.0536      266.8398  5611463    8.32%
  28330  7166      267.4107    94      291.0536      266.8398  5622653    8.32%
  28345  7181      269.9177    76      291.0536      266.8398  5629107    8.32%
Elapsed time = 3444.00 sec. (2902592.81 ticks, tree = 21.53 MB, solutions = 12)
  28359  7195      278.2274    66      291.0536      266.8398  5633833    8.32%
  28375  7207      267.2295   111      291.0536      266.8398  5637875    8.32%
  28413  7241      266.8217    91      291.0536      266.8398  5645594    8.32%
  28459  7281      268.9932    88      291.0536      266.8398  5651285    8.32%
  28492  7308      267.4594   104      291.0536      266.8398  5660126    8.32%
  28564  7366      267.3454    67      291.0536      266.8398  5670161    8.32%
  28636  7416      268.4327    65      291.0536      266.8398  5680942    8.32%
  28683  7453      266.8715    52      291.0536      266.8398  5693476    8.32%
  28723  7485      276.0198    88      291.0536      266.8398  5703336    8.32%
  28765  7523      267.4073    97      291.0536      266.8398  5713096    8.32%
Elapsed time = 3499.09 sec. (2953862.37 ticks, tree = 22.53 MB, solutions = 12)
  28844  7582      267.0078    71      291.0536      266.8398  5726499    8.32%
  28884  7608      273.0750    67      291.0536      266.8398  5734447    8.32%
  28924  7637      267.3983   129      291.0536      266.8398  5742984    8.32%
  28975  7678      267.7215    69      291.0536      266.8398  5751389    8.32%
  28989  7686      268.8691    95      291.0536      266.8398  5755468    8.32%
  29012  7709      283.6833    69      291.0536      266.8398  5762783    8.32%
  29036  7727      290.4407    41      291.0536      266.8398  5768849    8.32%
  29087  7747      267.0574    86      291.0536      266.8398  5778092    8.32%
  29105  7760      288.6839    82      291.0536      266.8398  5786110    8.32%
  29158  7787      267.3050    60      291.0536      266.8398  5793862    8.32%
Elapsed time = 3541.29 sec. (2994218.65 ticks, tree = 23.31 MB, solutions = 12)
  29159  7788      267.3140    66      291.0536      266.8398  5793967    8.32%
  29212  7831      266.8790    98      291.0536      266.8398  5802540    8.32%
  29265  7882      271.7857    51      291.0536      266.8398  5809644    8.32%
  29345  7950      267.4314    71      291.0536      266.8398  5815784    8.32%
  29418  7992        cutoff            291.0536      266.8398  5827320    8.32%
  29459  8025      266.8243    76      291.0536      266.8398  5832507    8.32%
  29493  8054      281.4113    95      291.0536      266.8398  5838201    8.32%
  29535  8094      287.4804    38      291.0536      266.8398  5846253    8.32%
  29586  8127      268.9567    58      291.0536      266.8398  5857825    8.32%
  29610  8143      274.8741    69      291.0536      266.8398  5866822    8.32%
Elapsed time = 3588.24 sec. (3038417.21 ticks, tree = 24.36 MB, solutions = 12)
  29636  8161      267.7156   107      291.0536      266.8398  5875344    8.32%
  29679  8200      268.3388    63      291.0536      266.8398  5883210    8.32%

GUB cover cuts applied:  9
Clique cuts applied:  29
Cover cuts applied:  3
Implied bound cuts applied:  52
Flow cuts applied:  6
Mixed integer rounding cuts applied:  342
Zero-half cuts applied:  1
Lift and project cuts applied:  2
Gomory fractional cuts applied:  14

Root node processing (before b&c):
  Real time             =   10.54 sec. (12316.98 ticks)
Sequential b&c:
  Real time             = 3589.46 sec. (3036678.69 ticks)
                          ------------
Total (root+branch&cut) = 3600.00 sec. (3048995.67 ticks)
