Version identifier: 22.1.0.0 | 2022-03-09 | 1a383f8ce
CPXPARAM_Read_DataCheck                          1
CPXPARAM_Threads                                 1
CPXPARAM_TimeLimit                               3600
Tried aggregator 2 times.
MIP Presolve eliminated 1789 rows and 85 columns.
MIP Presolve modified 32093 coefficients.
Aggregator did 160 substitutions.
Reduced MIP has 7812 rows, 735 columns, and 59628 nonzeros.
Reduced MIP has 535 binaries, 0 generals, 0 SOSs, and 0 indicators.
Presolve time = 0.12 sec. (97.38 ticks)
Probing fixed 1 vars, tightened 4 bounds.
Probing time = 0.04 sec. (22.89 ticks)
Tried aggregator 1 time.
Detecting symmetries...
MIP Presolve eliminated 17 rows and 1 columns.
MIP Presolve modified 96 coefficients.
Reduced MIP has 7795 rows, 734 columns, and 59512 nonzeros.
Reduced MIP has 534 binaries, 0 generals, 0 SOSs, and 0 indicators.
Presolve time = 0.04 sec. (26.06 ticks)
Probing time = 0.00 sec. (5.42 ticks)
Clique table members: 1108.
MIP emphasis: balance optimality and feasibility.
MIP search method: dynamic search.
Parallel mode: none, using 1 thread.
Root relaxation solution time = 0.02 sec. (30.33 ticks)

        Nodes                                         Cuts/
   Node  Left     Objective  IInf  Best Integer    Best Bound    ItCnt     Gap

      0     0      193.4515   133                    193.4515      297         
      0     0      193.4515    68                   Cuts: 233      559         
      0     0      193.4515    65                   Cuts: 609      883         
      0     0      193.4515    64                   Cuts: 475     1216         
      0     0      193.4515    59                   Cuts: 540     1812         
      0     0      193.4567    63                   Cuts: 321     2705         
Detecting symmetries...
*     0+    0                          203.3737      193.4567             4.88%
Detecting symmetries...
      0     2      193.4567    41      203.3737      193.4573     2706    4.88%
Elapsed time = 2.68 sec. (2382.52 ticks, tree = 0.01 MB, solutions = 1)
      7     9      196.6664    77      203.3737      193.4669     4824    4.87%
     10    12      196.6229    68      203.3737      193.4669     6827    4.87%
     30    28      193.4671    79      203.3737      193.4669     7686    4.87%
     42    38      201.9821    66      203.3737      193.4669     9918    4.87%
     47    41      198.7960    64      203.3737      193.4669    11014    4.87%
     55    48      201.6149    68      203.3737      193.4669    16196    4.87%
     60    53      193.4899    96      203.3737      193.4669    17493    4.87%
     63    55      200.0170    63      203.3737      193.4669    21174    4.87%
     70    62      195.2035    61      203.3737      193.4669    22818    4.87%
    109    95        cutoff            203.3737      193.4669    27801    4.87%
Elapsed time = 8.07 sec. (7685.24 ticks, tree = 0.40 MB, solutions = 1)
    160   145      193.4906    99      203.3737      193.4669    32759    4.87%
    198   177      194.9496    67      203.3737      193.4669    37719    4.87%
    270   247      199.3463    79      203.3737      193.4669    43100    4.87%
    329   306      193.7845    45      203.3737      193.4669    48421    4.87%
    352   307        cutoff            203.3737      193.4671    55986    4.87%
    366   304      196.9386    53      203.3737      193.4671    61035    4.87%
    380   300        cutoff            203.3737      193.4895    67221    4.86%
    408   310      194.1266    48      203.3737      193.4899    72551    4.86%
    433   323      196.9360    41      203.3737      193.4899    77991    4.86%
    463   345      200.1486    61      203.3737      193.4899    83195    4.86%
Elapsed time = 18.81 sec. (18266.26 ticks, tree = 0.76 MB, solutions = 1)
    480   356      194.9867    42      203.3737      193.4899    87210    4.86%
    535   393      197.4830    45      203.3737      193.4899    93774    4.86%
    605   445      194.3266    80      203.3737      193.4899    99979    4.86%
    634   461      202.3808    26      203.3737      193.4899   107128    4.86%
    672   478      194.8679    35      203.3737      193.4899   113577    4.86%
    741   526      194.6988    45      203.3737      193.4899   119523    4.86%
    786   547      198.6634    38      203.3737      193.4899   125724    4.86%
    879   622      193.7674    48      203.3737      193.4899   131401    4.86%
    958   679      198.8894    61      203.3737      193.4899   137818    4.86%
    990   699      200.1927    50      203.3737      193.4899   144596    4.86%
Elapsed time = 28.26 sec. (28167.61 ticks, tree = 1.28 MB, solutions = 1)

Performing restart 1

Repeating presolve.
Tried aggregator 1 time.
MIP Presolve eliminated 1606 rows and 103 columns.
MIP Presolve modified 12619 coefficients.
Reduced MIP has 6189 rows, 631 columns, and 43428 nonzeros.
Reduced MIP has 455 binaries, 0 generals, 0 SOSs, and 0 indicators.
Presolve time = 0.05 sec. (52.53 ticks)
Tried aggregator 1 time.
MIP Presolve eliminated 25 rows and 6 columns.
MIP Presolve modified 281 coefficients.
Reduced MIP has 6164 rows, 625 columns, and 43123 nonzeros.
Reduced MIP has 449 binaries, 0 generals, 0 SOSs, and 0 indicators.
Presolve time = 0.04 sec. (19.31 ticks)
Represolve time = 0.14 sec. (105.00 ticks)
   1006     0      193.4739    41      203.3737     Cuts: 463   148130    4.86%
   1006     0      193.4892   102      203.3737     Cuts: 211   148427    4.86%
   1006     0      193.4925   112      203.3737    Cuts: 1168   148554    4.86%
   1006     0      193.4955   108      203.3737     Cuts: 668   148687    4.86%
   1006     0      193.5061   135      203.3737     Cuts: 296   148838    4.85%
   1006     0      193.5117   167      203.3737     Cuts: 356   148984    4.85%
   1006     0      193.5183   142      203.3737     Cuts: 621   149131    4.85%
   1006     0      193.5224   156      203.3737     Cuts: 514   149275    4.84%
   1006     0      193.5369   148      203.3737    Cuts: 1139   149377    4.84%
   1006     0      193.5502   149      203.3737     Cuts: 190   149490    4.83%
   1006     0      193.5546   158      203.3737     Cuts: 464   149584    4.83%
   1006     0      193.5620   114      203.3737    Cuts: 1641   149744    4.82%
   1006     0      193.5681   127      203.3737     Cuts: 275   149876    4.82%
   1006     0      193.5715   132      203.3737     Cuts: 472   149964    4.82%
   1006     0      193.5732   119      203.3737     Cuts: 214   150067    4.82%
   1006     0      193.5750    51      203.3737      Cuts: 81   150164    4.82%
   1006     0      193.5751    49      203.3737     Cuts: 318   150207    4.82%
   1006     0      193.5754    90      203.3737      Cuts: 58   150298    4.82%
   1006     2      193.5754    90      203.3737      193.5754   150298    4.82%
   1007     3      193.5757    81      203.3737      193.5759   150302    4.82%
   1010     6      194.0263    73      203.3737      193.5801   151487    4.82%
   1020    16      193.9689    59      203.3737      193.5840   153125    4.81%
   1024    20      194.5410    47      203.3737      193.5840   153777    4.81%
   1050    44      195.3991    43      203.3737      193.5840   154502    4.81%
   1082    63      194.8074    45      203.3737      193.5956   155550    4.81%
   1123   100      195.1039    37      203.3737      193.5956   156805    4.81%
   1147   114      194.5460    48      203.3737      193.5997   157863    4.81%
   1186   146      193.6307    58      203.3737      193.6101   158879    4.80%
Elapsed time = 48.71 sec. (47392.53 ticks, tree = 6.96 MB, solutions = 1)
   1222   178      194.1602    63      203.3737      193.6106   160690    4.80%
   1255   207      194.3876    69      203.3737      193.6175   163608    4.80%
   1265   217      195.5962    54      203.3737      193.6175   165543    4.80%
   1295   242      193.7314    64      203.3737      193.6284   167552    4.79%
   1338   279      195.0486    44      203.3737      193.6386   170244    4.79%
   1390   323      193.7035    89      203.3737      193.6493   172724    4.78%
   1430   356      202.0830    38      203.3737      193.6554   175302    4.78%
   1454   372      193.7742    82      203.3737      193.7314   177684    4.74%
   1494   406      194.9941    53      203.3737      193.7486   180201    4.73%
   1531   435      194.1749    54      203.3737      193.7817   182996    4.72%
Elapsed time = 60.16 sec. (58069.75 ticks, tree = 15.96 MB, solutions = 1)
   1571   470      202.0962    40      203.3737      193.7933   185462    4.71%
   1618   501      197.2116    43      203.3737      193.8152   188450    4.70%
   1656   533      203.1620    30      203.3737      193.8170   191602    4.70%
   1699   563        cutoff            203.3737      193.8793   195126    4.67%
   1726   582      194.7185    52      203.3737      193.8866   197634    4.66%
   1782   620      196.3616    44      203.3737      193.9210   199805    4.65%
   1828   651      194.3603    59      203.3737      193.9304   203034    4.64%
   1889   697      194.2305    53      203.3737      193.9431   205894    4.64%
   1941   739      201.4651    44      203.3737      193.9557   209218    4.63%
   1967   755      198.1287    35      203.3737      193.9647   211647    4.63%
Elapsed time = 71.20 sec. (68067.79 ticks, tree = 26.90 MB, solutions = 1)
   1999   770      194.7124    47      203.3737      193.9707   214759    4.62%
   2041   804        cutoff            203.3737      193.9745   217649    4.62%
   2067   822      195.9038    43      203.3737      193.9939   221869    4.61%
   2106   849        cutoff            203.3737      193.9976   225485    4.61%
   2131   859      203.0350    31      203.3737      194.0264   228096    4.60%
   2175   893      202.1428    36      203.3737      194.0360   230670    4.59%
   2208   912      195.9467    63      203.3737      194.0552   232892    4.58%
   2276   949      194.2017    65      203.3737      194.0857   236023    4.57%
   2328   976      198.3336    49      203.3737      194.1145   239183    4.55%
   2386  1018      196.3865    40      203.3737      194.1233   241598    4.55%
Elapsed time = 82.45 sec. (78069.13 ticks, tree = 37.33 MB, solutions = 1)
   2426  1047      194.1376    59      203.3737      194.1287   243963    4.55%
   2477  1078      194.8197    39      203.3737      194.1426   248576    4.54%
   2535  1115      197.2968    49      203.3737      194.1505   254247    4.54%
   2584  1148      196.8114    45      203.3737      194.1602   258958    4.53%
   2619  1178      195.9454    42      203.3737      194.1602   262006    4.53%
   2669  1217      194.1681    41      203.3737      194.1652   265105    4.53%
   2744  1270      197.0527    40      203.3737      194.1755   268620    4.52%
   2795  1308      201.0405    27      203.3737      194.1964   271500    4.51%
   2829  1324      196.4254    35      203.3737      194.2189   275390    4.50%
   2869  1344      198.9131    37      203.3737      194.2298   279191    4.50%
Elapsed time = 93.84 sec. (88229.97 ticks, tree = 48.85 MB, solutions = 1)
   2906  1367      195.8001    57      203.3737      194.2330   283577    4.49%
   2945  1397      194.2330    57      203.3737      194.2330   287786    4.49%
   2992  1437      197.4394    43      203.3737      194.2330   291318    4.49%
   3059  1490      195.2177    46      203.3737      194.2341   294522    4.49%
   3114  1524      195.7964    49      203.3737      194.2395   297851    4.49%
   3175  1575      194.3410    51      203.3737      194.2437   301045    4.49%
   3231  1618      195.9694    27      203.3737      194.2589   303983    4.48%
   3285  1650      194.2958    45      203.3737      194.2842   307500    4.47%
   3374  1718      199.5357    37      203.3737      194.2914   311032    4.47%
   3421  1747      197.3014    50      203.3737      194.2932   313938    4.46%
Elapsed time = 104.68 sec. (98170.16 ticks, tree = 66.27 MB, solutions = 1)
   3477  1781      195.3072    52      203.3737      194.2974   316667    4.46%
   3530  1821      195.0272    54      203.3737      194.3026   320295    4.46%
   3581  1859      200.3971    28      203.3737      194.3026   323967    4.46%
   3631  1892      196.6062    45      203.3737      194.3064   327642    4.46%
   3685  1930      194.7290    59      203.3737      194.3123   330876    4.46%
   3750  1969      194.4002    56      203.3737      194.3156   334835    4.45%
   3790  1990      196.8457    59      203.3737      194.3206   338179    4.45%
   3841  2026      194.5758    41      203.3737      194.3296   340199    4.45%
   3879  2046      197.0327    34      203.3737      194.3316   343000    4.45%
   4035  2125      194.8297    48      203.3737      194.3501   353771    4.44%
Elapsed time = 118.33 sec. (110722.10 ticks, tree = 79.95 MB, solutions = 1)
   4200  2237      197.4292    47      203.3737      194.3603   367322    4.43%
   4432  2412      198.5767    39      203.3737      194.3722   380699    4.43%
   4667  2563      195.0668    42      203.3737      194.4082   393223    4.41%
   4836  2677      196.6758    46      203.3737      194.4221   404842    4.40%
   5034  2834      199.9334    35      203.3737      194.4319   416258    4.40%
   5247  3003      195.5397    32      203.3737      194.4367   429467    4.39%
   5424  3121      194.5860    52      203.3737      194.4545   442966    4.39%
   5627  3255      194.6016    46      203.3737      194.4792   455150    4.37%
   5843  3401      194.9965    49      203.3737      194.4957   467662    4.37%
   6098  3583      196.2325    43      203.3737      194.5108   479945    4.36%
Elapsed time = 160.01 sec. (149075.15 ticks, tree = 150.99 MB, solutions = 1)
   6294  3701      198.3723    41      203.3737      194.5263   492959    4.35%
   6509  3852      196.2092    34      203.3737      194.5405   505454    4.34%
   6688  3964      195.6815    52      203.3737      194.5462   518759    4.34%
   6927  4116      194.7314    49      203.3737      194.5604   531369    4.33%
   7163  4264      195.0357    39      203.3737      194.5700   543240    4.33%
   7358  4409      197.0170    44      203.3737      194.5751   555347    4.33%
   7554  4540      198.1667    46      203.3737      194.5830   568395    4.32%
   7730  4649      195.3268    50      203.3737      194.5896   580375    4.32%
   7929  4781      196.7894    44      203.3737      194.5995   593969    4.31%
   8152  4938      196.0171    42      203.3737      194.6055   612087    4.31%
Elapsed time = 201.35 sec. (187436.42 ticks, tree = 207.51 MB, solutions = 1)
   8346  5057      194.7085    47      203.3737      194.6114   634883    4.31%
   8557  5198      194.6179    40      203.3737      194.6114   655517    4.31%
   8727  5309      194.6528    53      203.3737      194.6129   672765    4.31%
   8926  5454      195.7822    34      203.3737      194.6167   686389    4.31%
   9069  5549      194.9714    46      203.3737      194.6192   699217    4.30%
   9308  5703        cutoff            203.3737      194.6317   712505    4.30%
   9501  5835      196.5502    44      203.3737      194.6364   725027    4.30%
   9739  5997      203.2067    25      203.3737      194.6456   738112    4.29%
   9934  6117      194.8387    50      203.3737      194.6515   751809    4.29%
  10158  6264      201.4248    48      203.3737      194.6583   765156    4.29%
Elapsed time = 243.34 sec. (225875.27 ticks, tree = 255.35 MB, solutions = 1)
  10364  6402      196.2913    52      203.3737      194.6650   778187    4.28%
  10601  6563      196.8321    44      203.3737      194.6688   791246    4.28%
  10752  6656      196.9514    40      203.3737      194.6710   805627    4.28%
  10928  6770        cutoff            203.3737      194.6770   818683    4.28%
  11066  6869      198.6563    54      203.3737      194.6828   827785    4.27%
  11067  6870      194.6829    45      203.3737      194.6828   827951    4.27%
  11206  6962      201.6488    30      203.3737      194.6892   839874    4.27%
  11409  7090    infeasible            203.3737      194.6903   856782    4.27%
  11575  7185      195.7856    38      203.3737      194.6954   872391    4.27%
  11798  7321      197.3581    37      203.3737      194.7023   885370    4.26%
Elapsed time = 303.87 sec. (280688.58 ticks, tree = 296.48 MB, solutions = 1)
  12034  7478      194.7885    60      203.3737      194.7070   899982    4.26%
  12289  7657      200.9914    34      203.3737      194.7113   912695    4.26%
  12515  7810      196.2281    34      203.3737      194.7146   926302    4.26%
  12731  7955      197.6838    54      203.3737      194.7212   940014    4.25%
  12932  8072      197.7853    38      203.3737      194.7288   953172    4.25%
  13157  8223      202.3402    37      203.3737      194.7327   967091    4.25%
  13374  8364      195.9297    34      203.3737      194.7372   980996    4.25%
  13558  8493      197.8345    50      203.3737      194.7372   994788    4.25%
  13753  8629      197.2344    33      203.3737      194.7372  1009417    4.25%
  13898  8737      198.9195    33      203.3737      194.7372  1024060    4.25%
Elapsed time = 346.10 sec. (319327.56 ticks, tree = 354.25 MB, solutions = 1)
  14094  8854      195.6883    57      203.3737      194.7410  1038544    4.24%
  14316  8998      196.6526    53      203.3737      194.7439  1052010    4.24%
  14529  9127      196.4542    35      203.3737      194.7473  1066164    4.24%
  14763  9274      202.4249    32      203.3737      194.7545  1079191    4.24%
  14981  9410        cutoff            203.3737      194.7663  1092853    4.23%
  15227  9557      195.2844    42      203.3737      194.7714  1107599    4.23%
  15473  9719      197.9402    47      203.3737      194.7736  1120849    4.23%
  15736  9890      196.0875    50      203.3737      194.7814  1134398    4.22%
  15936 10012      199.0140    51      203.3737      194.7847  1146945    4.22%
  16163 10146      196.3482    49      203.3737      194.7938  1160693    4.22%
Elapsed time = 387.10 sec. (357800.10 ticks, tree = 410.00 MB, solutions = 1)
  16390 10298      195.5257    38      203.3737      194.7996  1174918    4.22%
  16569 10418      200.7157    33      203.3737      194.8039  1189407    4.21%
  16832 10595      197.8231    36      203.3737      194.8074  1203222    4.21%
  17021 10716      200.8674    40      203.3737      194.8135  1217031    4.21%
  17271 10877      194.8455    43      203.3737      194.8186  1230338    4.21%
  17499 11019      198.7161    41      203.3737      194.8250  1243900    4.20%
  17705 11147        cutoff            203.3737      194.8258  1257892    4.20%
  17899 11270        cutoff            203.3737      194.8344  1270924    4.20%
  18125 11406      199.2741    43      203.3737      194.8427  1285099    4.19%
  18344 11544      196.5990    41      203.3737      194.8454  1298637    4.19%
Elapsed time = 424.84 sec. (396188.01 ticks, tree = 466.82 MB, solutions = 1)
  18544 11681      197.3700    43      203.3737      194.8474  1312758    4.19%
  18749 11824      199.9001    45      203.3737      194.8507  1325199    4.19%
  18964 11968      195.6725    38      203.3737      194.8546  1339203    4.19%
  19164 12099      196.4665    53      203.3737      194.8546  1353600    4.19%
  19373 12236      195.5175    45      203.3737      194.8589  1367497    4.19%
  19599 12371      195.8129    52      203.3737      194.8669  1381317    4.18%
  19804 12503      197.5762    48      203.3737      194.8710  1395989    4.18%
  20035 12644      202.1542    41      203.3737      194.8756  1409594    4.18%
  20241 12769        cutoff            203.3737      194.8874  1422329    4.17%
  20460 12910      201.0985    41      203.3737      194.8949  1436221    4.17%
Elapsed time = 459.91 sec. (434544.94 ticks, tree = 514.03 MB, solutions = 1)
  20691 13053      197.5300    39      203.3737      194.9004  1450053    4.17%
  20918 13197      198.8422    43      203.3737      194.9039  1464497    4.16%
  21127 13331      195.7684    55      203.3737      194.9058  1478247    4.16%

Performing restart 2

Repeating presolve.
Tried aggregator 1 time.
MIP Presolve eliminated 34 rows and 1 columns.
MIP Presolve modified 6490 coefficients.
Reduced MIP has 6130 rows, 624 columns, and 45972 nonzeros.
Reduced MIP has 448 binaries, 0 generals, 0 SOSs, and 0 indicators.
Presolve time = 0.06 sec. (48.24 ticks)
Tried aggregator 1 time.
MIP Presolve eliminated 27 rows and 2 columns.
MIP Presolve modified 585 coefficients.
Reduced MIP has 6103 rows, 622 columns, and 45802 nonzeros.
Reduced MIP has 446 binaries, 0 generals, 0 SOSs, and 0 indicators.
Presolve time = 0.06 sec. (40.72 ticks)
Represolve time = 0.23 sec. (147.59 ticks)
  21130     0      193.5775   120      203.3737     Cuts: 983  1479950    4.16%
  21130     0      193.5776   112      203.3737     Cuts: 934  1480026    4.16%
  21130     0      193.5777   118      203.3737     Cuts: 213  1480085    4.16%
  21130     0      193.5777   125      203.3737      Cuts: 71  1480125    4.16%
  21130     0      193.5777   128      203.3737     Cuts: 489  1480155    4.16%
  21130     0      193.5777   132      203.3737      Cuts: 27  1480172    4.16%
  21130     0      193.5777   134      203.3737      Cuts: 37  1480183    4.16%
  21130     2      193.5777   134      203.3737      194.9058  1480183    4.16%
  21144    16      197.3861    71      203.3737      194.9058  1483411    4.16%
  21180    41      193.5916   125      203.3737      194.9058  1486171    4.16%
  21235    85      193.7667   108      203.3737      194.9058  1492693    4.16%
  21320   159      202.3961    28      203.3737      194.9058  1502260    4.16%
  21454   260      195.7284    49      203.3737      194.9058  1515787    4.16%
  21569   343      197.4938    60      203.3737      194.9058  1526282    4.16%
Elapsed time = 495.82 sec. (473557.34 ticks, tree = 4.78 MB, solutions = 1)
  21685   435      195.2845    52      203.3737      194.9058  1538947    4.16%
  21813   524      195.5755    46      203.3737      194.9058  1551062    4.16%
  21967   635      196.2012    57      203.3737      194.9058  1568910    4.16%
  22151   790      198.4054    46      203.3737      194.9058  1588359    4.16%
  22308   896      194.4037    33      203.3737      194.9058  1609797    4.16%
  22470  1014      194.1690    39      203.3737      194.9058  1631777    4.16%
  22618  1132      194.9499    47      203.3737      194.9058  1651888    4.16%
  22784  1252      195.0092    26      203.3737      194.9058  1672973    4.16%
  22974  1398      199.1064    40      203.3737      194.9058  1693996    4.16%
  23156  1524      194.1505    97      203.3737      194.9058  1714490    4.16%
Elapsed time = 537.46 sec. (511959.36 ticks, tree = 12.52 MB, solutions = 1)
  23299  1636      200.3890    36      203.3737      194.9058  1736484    4.16%
  23490  1781      198.5604    72      203.3737      194.9058  1758913    4.16%
  23639  1881      195.7925    59      203.3737      194.9058  1780292    4.16%
  23801  1996      202.4977    43      203.3737      194.9058  1803864    4.16%
  23965  2098      198.8948    38      203.3737      194.9058  1826374    4.16%
  24117  2206      199.1048    42      203.3737      194.9058  1848926    4.16%
  24252  2304      199.8327    41      203.3737      194.9058  1870974    4.16%
  24444  2430      196.3540    50      203.3737      194.9058  1893016    4.16%
  24600  2531      201.2306    37      203.3737      194.9058  1916038    4.16%
  24759  2627      196.7292    47      203.3737      194.9058  1939269    4.16%
Elapsed time = 577.15 sec. (550315.41 ticks, tree = 13.59 MB, solutions = 1)
  24929  2741      202.3056    59      203.3737      194.9058  1961075    4.16%
  25096  2851      195.8718    54      203.3737      194.9058  1982695    4.16%
  25263  2965      200.1742    39      203.3737      194.9058  2005998    4.16%
  25441  3088      198.9319    43      203.3737      194.9058  2028848    4.16%
  25623  3222      194.9462    35      203.3737      194.9058  2049890    4.16%
  25798  3335      195.6808    42      203.3737      194.9058  2072427    4.16%
  25960  3454      197.8647    42      203.3737      194.9058  2096320    4.16%
  26137  3566      202.9702    37      203.3737      194.9058  2120540    4.16%
  26316  3694      196.1452    43      203.3737      194.9058  2143409    4.16%
  26538  3853      195.1616    55      203.3737      194.9058  2164715    4.16%
Elapsed time = 623.23 sec. (588686.75 ticks, tree = 14.42 MB, solutions = 1)
  26688  3959      198.8228    40      203.3737      194.9058  2182654    4.16%
  26830  4041      194.6868    46      203.3737      194.9058  2201702    4.16%
  27011  4169      194.5318    34      203.3737      194.9058  2221809    4.16%
  27200  4310      194.9298    39      203.3737      194.9058  2240770    4.16%
  27378  4427      201.6921    36      203.3737      194.9058  2262171    4.16%
  27532  4519        cutoff            203.3737      194.9058  2282372    4.16%
  27702  4628      195.6947    42      203.3737      194.9058  2303118    4.16%
  27895  4760      196.5921    37      203.3737      194.9058  2323481    4.16%
  28082  4908      195.8949    62      203.3737      194.9058  2344551    4.16%
  28295  5044      194.7117    46      203.3737      194.9058  2365237    4.16%
Elapsed time = 668.95 sec. (627034.82 ticks, tree = 15.84 MB, solutions = 1)
  28462  5164      194.9113   106      203.3737      194.9058  2385548    4.16%
  28630  5268      194.8395    59      203.3737      194.9058  2406208    4.16%
  28792  5379      200.3753    37      203.3737      194.9058  2426503    4.16%
  29001  5507      200.3317    42      203.3737      194.9058  2447435    4.16%
  29195  5647      199.2845    45      203.3737      194.9058  2467433    4.16%
  29387  5772    infeasible            203.3737      194.9058  2488884    4.16%
  29554  5867      199.0184    37      203.3737      194.9058  2509070    4.16%
  29740  5982      195.3148    46      203.3737      194.9058  2530491    4.16%
  29930  6129      194.9990    40      203.3737      194.9058  2550439    4.16%
  30128  6261      198.3737    40      203.3737      194.9058  2571168    4.16%
Elapsed time = 715.15 sec. (665294.35 ticks, tree = 16.91 MB, solutions = 1)
  30295  6352      199.0650    41      203.3737      194.9058  2593006    4.16%
  30498  6476      195.6651    47      203.3737      194.9058  2613570    4.16%
  30698  6603      202.2984    32      203.3737      194.9058  2635959    4.16%
  30893  6731      199.0500    40      203.3737      194.9058  2655671    4.16%
  31072  6834      197.9752    38      203.3737      194.9058  2678019    4.16%
  31290  6971      201.7658    37      203.3737      194.9058  2699156    4.16%
  31492  7094      202.7422    31      203.3737      194.9058  2720846    4.16%
  31705  7210      203.3722    41      203.3737      194.9058  2742417    4.16%
  31916  7351      194.9380    56      203.3737      194.9058  2762483    4.16%
  32115  7471      200.5517    37      203.3737      194.9058  2785269    4.16%
Elapsed time = 762.06 sec. (703734.28 ticks, tree = 18.01 MB, solutions = 1)
  32290  7576      196.3787    52      203.3737      194.9058  2806799    4.16%
  32514  7731      196.6310    44      203.3737      194.9058  2828296    4.16%
  32722  7863      202.6036    32      203.3737      194.9058  2848580    4.16%
  32945  8003      199.6405    38      203.3737      194.9058  2870518    4.16%
  33141  8117      196.4571    40      203.3737      194.9058  2893118    4.16%
  33360  8266      195.3039    47      203.3737      194.9058  2913117    4.16%
  33575  8412      202.0798    32      203.3737      194.9058  2935053    4.16%
  33757  8518      194.9103    31      203.3737      194.9058  2958678    4.16%
  33973  8663        cutoff            203.3737      194.9066  2980168    4.16%
  34197  8816      195.6887    39      203.3737      194.9133  3001357    4.16%
Elapsed time = 808.91 sec. (742036.78 ticks, tree = 19.74 MB, solutions = 1)
  34422  8963      196.8516    42      203.3737      194.9177  3023489    4.16%
  34630  9092      197.3962    45      203.3737      194.9233  3044750    4.16%
  34820  9212      197.5791    53      203.3737      194.9278  3067132    4.15%
  35027  9341      200.5645    27      203.3737      194.9364  3089590    4.15%
  35251  9498      197.1930    35      203.3737      194.9395  3111197    4.15%
  35454  9621        cutoff            203.3737      194.9463  3132507    4.14%
  35645  9750      196.7279    36      203.3737      194.9504  3155476    4.14%
  35842  9863      202.5774    26      203.3737      194.9527  3177284    4.14%
  36035  9991      195.2941    53      203.3737      194.9568  3197930    4.14%
  36205 10084      196.2226    43      203.3737      194.9606  3220332    4.14%
Elapsed time = 855.99 sec. (780327.17 ticks, tree = 21.01 MB, solutions = 1)
  36433 10243      197.5598    41      203.3737      194.9630  3240960    4.14%
  36605 10344      197.0252    42      203.3737      194.9654  3263253    4.13%
  36846 10501      195.2078    50      203.3737      194.9699  3285138    4.13%
  37062 10631      195.1521    53      203.3737      194.9731  3307280    4.13%
  37258 10762      195.2120    42      203.3737      194.9750  3328831    4.13%
  37487 10908      196.4386    48      203.3737      194.9790  3351659    4.13%
  37707 11043        cutoff            203.3737      194.9865  3373272    4.12%
  37937 11187        cutoff            203.3737      194.9920  3395272    4.12%
  38139 11308      194.9954    48      203.3737      194.9954  3416763    4.12%
  38303 11424      203.3174    28      203.3737      194.9964  3437405    4.12%
Elapsed time = 902.23 sec. (818549.92 ticks, tree = 22.50 MB, solutions = 1)
  38524 11570      199.1609    39      203.3737      194.9996  3459913    4.12%
  38726 11697        cutoff            203.3737      195.0026  3482125    4.12%
  38953 11839      198.2934    45      203.3737      195.0082  3503871    4.11%
  39200 11994      201.2584    42      203.3737      195.0116  3525614    4.11%
  39414 12124      195.2590    50      203.3737      195.0171  3546526    4.11%
  39655 12289      201.5374    37      203.3737      195.0207  3568805    4.11%
  39885 12447      199.1479    59      203.3737      195.0248  3590710    4.11%
  40117 12603      196.5601    52      203.3737      195.0290  3612275    4.10%
  40348 12730      196.5548    38      203.3737      195.0360  3634772    4.10%
  40552 12850      196.0409    38      203.3737      195.0393  3656371    4.10%
Elapsed time = 949.58 sec. (856932.85 ticks, tree = 24.09 MB, solutions = 1)
  40751 12973      195.1706    52      203.3737      195.0433  3676390    4.10%
  40958 13112      195.0471    43      203.3737      195.0451  3699682    4.10%
  41155 13244      197.0798    45      203.3737      195.0484  3722349    4.09%
  41383 13377        cutoff            203.3737      195.0530  3745266    4.09%
  41608 13520      197.0325    39      203.3737      195.0591  3767623    4.09%
  41881 13676      196.0374    45      203.3737      195.0667  3789427    4.08%
  42159 13864      195.4632    47      203.3737      195.0722  3810951    4.08%
  42351 13991      196.9830    49      203.3737      195.0734  3832910    4.08%
  42570 14140      195.2189    44      203.3737      195.0783  3854752    4.08%
  42798 14284      200.6722    38      203.3737      195.0829  3877336    4.08%
Elapsed time = 996.74 sec. (895299.05 ticks, tree = 25.69 MB, solutions = 1)
  43072 14470      196.4680    49      203.3737      195.0854  3897981    4.08%
  43299 14602      199.3751    33      203.3737      195.0925  3920156    4.07%
  43528 14733      197.0414    45      203.3737      195.0966  3942915    4.07%
  43780 14890      196.7364    46      203.3737      195.1006  3964700    4.07%
  44019 15044      195.5604    47      203.3737      195.1041  3986694    4.07%
  44268 15196    infeasible            203.3737      195.1077  4009250    4.06%
  44465 15330      195.3647    55      203.3737      195.1077  4031607    4.06%
  44703 15488      198.0890    43      203.3737      195.1105  4053112    4.06%
  44943 15620      195.8257    63      203.3737      195.1157  4074304    4.06%
  45169 15757      201.1309    31      203.3737      195.1183  4095549    4.06%
Elapsed time = 1044.25 sec. (933620.25 ticks, tree = 27.29 MB, solutions = 1)
  45389 15902      196.4581    49      203.3737      195.1233  4117615    4.06%
  45596 16035      196.8819    40      203.3737      195.1238  4139210    4.06%
  45824 16176      200.8943    43      203.3737      195.1247  4161854    4.06%
  46018 16295      198.7563    36      203.3737      195.1276  4181373    4.05%
  46245 16440        cutoff            203.3737      195.1308  4201324    4.05%
  46441 16569      198.2839    39      203.3737      195.1317  4222876    4.05%
  46679 16714      195.1350    54      203.3737      195.1350  4243348    4.05%
  46889 16843      198.2766    57      203.3737      195.1389  4264727    4.05%
  47093 16978      198.1813    41      203.3737      195.1411  4285993    4.05%
  47322 17124      196.7676    39      203.3737      195.1450  4307856    4.05%
Elapsed time = 1091.51 sec. (971937.30 ticks, tree = 29.49 MB, solutions = 1)
  47512 17241      195.6785    51      203.3737      195.1473  4329055    4.04%
  47698 17359      195.1846    52      203.3737      195.1503  4351267    4.04%
  47902 17497      196.0142    59      203.3737      195.1531  4373380    4.04%
  48115 17630    infeasible            203.3737      195.1553  4396443    4.04%
  48358 17790      199.8042    41      203.3737      195.1585  4417814    4.04%
  48560 17909      195.6186    53      203.3737      195.1633  4439802    4.04%
  48751 18024      195.5250    49      203.3737      195.1649  4461757    4.04%
  48958 18142        cutoff            203.3737      195.1665  4484254    4.04%
  49148 18255      196.1363    49      203.3737      195.1711  4504604    4.03%
  49386 18401      195.3082    50      203.3737      195.1740  4526945    4.03%
Elapsed time = 1138.81 sec. (1010226.53 ticks, tree = 30.92 MB, solutions = 1)
  49627 18575        cutoff            203.3737      195.1759  4546928    4.03%
  49845 18716      196.9769    52      203.3737      195.1795  4569206    4.03%
  50038 18842      196.3297    52      203.3737      195.1808  4591192    4.03%
  50274 18987      196.7493    48      203.3737      195.1835  4613737    4.03%
  50506 19124      197.5656    48      203.3737      195.1864  4635922    4.03%
  50731 19269      196.3884    63      203.3737      195.1892  4657003    4.02%
  50997 19438      198.8181    36      203.3737      195.1934  4677242    4.02%
  51237 19616      195.4896    50      203.3737      195.1939  4699275    4.02%
  51395 19717      199.9481    40      203.3737      195.1945  4721505    4.02%
  51596 19835      201.4914    47      203.3737      195.1966  4742661    4.02%
Elapsed time = 1185.57 sec. (1048532.56 ticks, tree = 32.52 MB, solutions = 1)
  51820 19974      195.6757    42      203.3737      195.1995  4765091    4.02%
  52028 20085      199.0762    33      203.3737      195.2026  4787761    4.02%
  52276 20229      202.8724    30      203.3737      195.2055  4810358    4.02%
  52529 20388      199.7761    27      203.3737      195.2085  4832069    4.01%
  52757 20515      200.2305    42      203.3737      195.2128  4854365    4.01%
  52966 20625      196.1430    55      203.3737      195.2161  4875673    4.01%
  53188 20748      195.2547    48      203.3737      195.2206  4897018    4.01%
  53412 20865      198.8801    47      203.3737      195.2234  4917769    4.01%
  53580 20968      200.0942    45      203.3737      195.2252  4940941    4.01%
  53778 21081      195.2282    48      203.3737      195.2282  4962324    4.01%
Elapsed time = 1232.75 sec. (1086840.17 ticks, tree = 33.87 MB, solutions = 1)
  54026 21268      202.8362    51      203.3737      195.2282  4982366    4.01%
  54240 21416      200.9309    40      203.3737      195.2309  5003373    4.00%
  54420 21522      197.4219    45      203.3737      195.2327  5024592    4.00%
  54628 21644      202.5420    41      203.3737      195.2353  5048740    4.00%
  54845 21792      201.6920    39      203.3737      195.2369  5070678    4.00%
  55010 21883      202.0280    33      203.3737      195.2394  5092734    4.00%
  55194 21964      199.0864    55      203.3737      195.2429  5114334    4.00%
  55420 22105      199.4110    32      203.3737      195.2477  5136342    4.00%
  55650 22238      195.7354    45      203.3737      195.2506  5158765    3.99%
  55879 22359      195.7041    62      203.3737      195.2542  5181286    3.99%
Elapsed time = 1280.16 sec. (1125115.92 ticks, tree = 35.25 MB, solutions = 1)
  56089 22492      201.6019    34      203.3737      195.2565  5201810    3.99%
  56287 22594      197.2410    38      203.3737      195.2604  5222961    3.99%
  56500 22721      200.1862    39      203.3737      195.2626  5244128    3.99%
  56688 22818      199.5392    37      203.3737      195.2654  5266694    3.99%
  56927 22971      201.4469    45      203.3737      195.2678  5288452    3.99%
  57119 23111      195.2678    43      203.3737      195.2678  5309400    3.99%
  57333 23262      195.7226    61      203.3737      195.2694  5330821    3.98%
  57525 23390      195.9834    63      203.3737      195.2697  5352700    3.98%
  57770 23547      196.0001    38      203.3737      195.2731  5374896    3.98%
  57971 23670      195.5054    55      203.3737      195.2750  5397373    3.98%
Elapsed time = 1326.25 sec. (1163458.38 ticks, tree = 36.67 MB, solutions = 1)
  58170 23797      200.0950    38      203.3737      195.2763  5421278    3.98%
  58358 23908      197.4509    41      203.3737      195.2767  5444158    3.98%
  58583 24064      195.9684    42      203.3737      195.2784  5465439    3.98%
  58767 24178      196.5230    38      203.3737      195.2794  5487834    3.98%
  59021 24340      197.4370    39      203.3737      195.2809  5510320    3.98%
  59236 24472      203.0670    32      203.3737      195.2826  5532543    3.98%
  59451 24608      196.7521    42      203.3737      195.2852  5554298    3.98%
  59697 24774      202.5469    49      203.3737      195.2875  5576400    3.98%
  59921 24887      200.9747    24      203.3737      195.2901  5598356    3.97%
  60148 25016      199.0206    39      203.3737      195.2911  5621544    3.97%
Elapsed time = 1369.16 sec. (1201763.83 ticks, tree = 38.17 MB, solutions = 1)
  60362 25151      199.2923    30      203.3737      195.2937  5642269    3.97%
  60573 25268      197.1582    51      203.3737      195.2958  5665307    3.97%
  60797 25411      197.9946    27      203.3737      195.2979  5686927    3.97%
  61029 25533      196.5420    55      203.3737      195.3010  5708921    3.97%
  61262 25651      196.9048    41      203.3737      195.3030  5731007    3.97%
  61477 25780      202.1431    35      203.3737      195.3054  5753764    3.97%
  61686 25892      200.2070    39      203.3737      195.3083  5774972    3.97%
  61948 26049      195.6573    39      203.3737      195.3112  5798367    3.96%
  62199 26216      202.5070    34      203.3737      195.3146  5820438    3.96%
  62409 26337      203.3323    24      203.3737      195.3174  5843408    3.96%
Elapsed time = 1408.39 sec. (1240081.60 ticks, tree = 39.61 MB, solutions = 1)
  62623 26469      197.8491    39      203.3737      195.3205  5863253    3.96%
  62849 26582        cutoff            203.3737      195.3236  5885126    3.96%
  63081 26718      201.1685    33      203.3737      195.3267  5907971    3.96%
  63286 26839      201.0069    39      203.3737      195.3282  5929867    3.96%
  63519 26987      196.8105    40      203.3737      195.3296  5951747    3.96%
  63718 27095      201.0942    33      203.3737      195.3320  5974122    3.95%
  63900 27179        cutoff            203.3737      195.3336  5994751    3.95%
  64130 27327      197.3806    38      203.3737      195.3359  6015435    3.95%
  64376 27456      195.4803    49      203.3737      195.3387  6038552    3.95%
  64567 27563      198.4556    40      203.3737      195.3410  6062016    3.95%
Elapsed time = 1450.41 sec. (1278705.05 ticks, tree = 40.98 MB, solutions = 1)
  64765 27672      199.7665    41      203.3737      195.3423  6083442    3.95%
  64988 27803      197.5593    47      203.3737      195.3446  6106638    3.95%
  65178 27911      202.1436    36      203.3737      195.3468  6128923    3.95%
  65396 28027      197.3839    58      203.3737      195.3497  6151078    3.95%
  65635 28164      196.5802    47      203.3737      195.3529  6172450    3.94%
  65806 28253      202.9627    48      203.3737      195.3548  6195071    3.94%
  65974 28367      199.1189    30      203.3737      195.3548  6215739    3.94%
  66196 28516      196.5313    41      203.3737      195.3555  6238194    3.94%
  66385 28619      195.4651    60      203.3737      195.3577  6258824    3.94%
  66614 28770      200.7373    31      203.3737      195.3594  6280016    3.94%
Elapsed time = 1495.53 sec. (1317046.13 ticks, tree = 42.33 MB, solutions = 1)
  66840 28891      195.3740    40      203.3737      195.3617  6302650    3.94%
  67083 29056      198.4535    43      203.3737      195.3643  6323855    3.94%
  67326 29200        cutoff            203.3737      195.3666  6345901    3.94%
  67519 29318        cutoff            203.3737      195.3682  6365027    3.94%
  67720 29413      201.3304    35      203.3737      195.3704  6387696    3.94%
  67940 29519        cutoff            203.3737      195.3727  6411025    3.93%
  68162 29653      196.2849    40      203.3737      195.3753  6432816    3.93%
  68384 29762      196.3553    41      203.3737      195.3795  6454910    3.93%
  68599 29877      199.6506    44      203.3737      195.3810  6477524    3.93%
  68786 29980      199.2866    51      203.3737      195.3841  6501154    3.93%
Elapsed time = 1539.50 sec. (1355329.84 ticks, tree = 43.68 MB, solutions = 1)
  69006 30106      199.4644    41      203.3737      195.3867  6523752    3.93%
  69213 30245      196.6716    40      203.3737      195.3880  6544678    3.93%
  69467 30391      196.0340    47      203.3737      195.3903  6567016    3.93%
  69687 30530      198.3637    30      203.3737      195.3931  6588786    3.92%
  69896 30649      202.1618    42      203.3737      195.3940  6612721    3.92%
  70136 30799      200.3238    46      203.3737      195.3958  6634789    3.92%
  70355 30920      195.8931    39      203.3737      195.3977  6657306    3.92%
  70548 31040      197.8341    44      203.3737      195.3998  6679799    3.92%
  70757 31153      195.9780    38      203.3737      195.4019  6701965    3.92%
  70965 31259        cutoff            203.3737      195.4051  6725834    3.92%
Elapsed time = 1583.69 sec. (1393606.40 ticks, tree = 45.12 MB, solutions = 1)
  71173 31372      196.2500    53      203.3737      195.4077  6747985    3.92%
  71363 31475        cutoff            203.3737      195.4099  6771069    3.92%
  71593 31609      198.1310    39      203.3737      195.4118  6792282    3.91%
  71804 31724      199.0907    37      203.3737      195.4151  6816139    3.91%
  72009 31841      201.6026    36      203.3737      195.4174  6839928    3.91%
  72254 31977        cutoff            203.3737      195.4200  6862125    3.91%
  72473 32111      196.7369    53      203.3737      195.4217  6884388    3.91%
  72659 32223      195.4231    39      203.3737      195.4231  6904348    3.91%
  72857 32334      200.2797    42      203.3737      195.4259  6925811    3.91%
  73051 32442      196.0706    68      203.3737      195.4276  6948907    3.91%
Elapsed time = 1628.36 sec. (1431931.76 ticks, tree = 46.44 MB, solutions = 1)
  73301 32610      195.4286    39      203.3737      195.4286  6969299    3.91%
  73493 32702      195.8688    42      203.3737      195.4305  6991151    3.91%
  73684 32812      195.6317    47      203.3737      195.4315  7012467    3.91%
  73926 32923      197.0743    37      203.3737      195.4346  7035449    3.90%
  74155 33041      196.1241    48      203.3737      195.4367  7056882    3.90%
  74377 33184      199.1306    40      203.3737      195.4378  7077563    3.90%
  74570 33296      199.0946    48      203.3737      195.4401  7099965    3.90%
  74776 33428      196.9703    39      203.3737      195.4410  7121892    3.90%
  74969 33545      196.9145    34      203.3737      195.4430  7143309    3.90%
  75221 33698      195.5550    37      203.3737      195.4445  7164999    3.90%
Elapsed time = 1669.60 sec. (1470259.54 ticks, tree = 49.23 MB, solutions = 1)
  75435 33834      197.4227    43      203.3737      195.4464  7186121    3.90%
  75632 33949      203.2300    41      203.3737      195.4487  7208764    3.90%
  75838 34058      200.9683    34      203.3737      195.4505  7231248    3.90%
  76054 34203      197.6273    46      203.3737      195.4522  7254281    3.90%
  76304 34364      197.8008    46      203.3737      195.4542  7277131    3.89%
  76575 34520      196.4038    38      203.3737      195.4553  7298970    3.89%
  76789 34626      201.9695    40      203.3737      195.4578  7321901    3.89%
  76952 34690      202.7290    34      203.3737      195.4593  7344337    3.89%
  77156 34810      197.8979    51      203.3737      195.4609  7366288    3.89%
  77374 34958      202.4162    37      203.3737      195.4614  7388078    3.89%
Elapsed time = 1716.50 sec. (1508474.03 ticks, tree = 50.65 MB, solutions = 1)
  77563 35053      199.4187    37      203.3737      195.4629  7411178    3.89%
  77754 35140      198.6205    36      203.3737      195.4658  7434094    3.89%
  77961 35261      201.8601    44      203.3737      195.4666  7455821    3.89%
  78175 35375      197.2967    40      203.3737      195.4679  7476932    3.89%
  78395 35490      201.2818    48      203.3737      195.4700  7498157    3.89%
  78605 35606      201.3554    36      203.3737      195.4718  7520621    3.89%
  78765 35687      198.1698    43      203.3737      195.4732  7543983    3.88%
  78967 35798      198.5542    42      203.3737      195.4751  7566313    3.88%
  79175 35891      197.6486    34      203.3737      195.4774  7588816    3.88%
  79361 35961      197.6375    43      203.3737      195.4796  7612024    3.88%
Elapsed time = 1763.00 sec. (1546743.27 ticks, tree = 51.78 MB, solutions = 1)
  79551 36044      195.5139    37      203.3737      195.4812  7634538    3.88%
  79760 36159      196.9453    46      203.3737      195.4836  7656061    3.88%
  79974 36264      197.0534    50      203.3737      195.4862  7677118    3.88%
  80210 36388      199.3464    38      203.3737      195.4887  7698532    3.88%
  80428 36515      200.0987    40      203.3737      195.4899  7720032    3.88%
  80661 36645        cutoff            203.3737      195.4919  7743194    3.88%
  80877 36778      202.5188    34      203.3737      195.4925  7764628    3.88%
  81102 36898      199.9570    41      203.3737      195.4948  7786343    3.87%
  81290 36995      197.5720    41      203.3737      195.4965  7807646    3.87%
  81502 37104      195.5511    49      203.3737      195.4987  7829035    3.87%
Elapsed time = 1810.36 sec. (1585019.15 ticks, tree = 53.01 MB, solutions = 1)
  81735 37235      200.7017    44      203.3737      195.5016  7850228    3.87%
  81969 37399      200.1883    38      203.3737      195.5027  7872516    3.87%
  82220 37569      202.1151    36      203.3737      195.5038  7895816    3.87%
  82422 37697      197.1224    52      203.3737      195.5048  7919914    3.87%
  82630 37795      197.7934    46      203.3737      195.5077  7941461    3.87%
  82883 37941      201.5311    35      203.3737      195.5086  7964426    3.87%
  83078 38038      201.3818    32      203.3737      195.5101  7986604    3.87%
  83270 38128      199.8188    42      203.3737      195.5120  8009181    3.87%
  83476 38240      196.3100    42      203.3737      195.5142  8030689    3.86%
  83687 38364      197.3426    34      203.3737      195.5164  8054176    3.86%
Elapsed time = 1856.89 sec. (1623281.29 ticks, tree = 54.42 MB, solutions = 1)
  83909 38476      196.5214    44      203.3737      195.5182  8076863    3.86%
  84123 38573      195.6028    45      203.3737      195.5211  8100062    3.86%
  84361 38720      199.6217    31      203.3737      195.5229  8122088    3.86%
  84557 38818      202.9091    29      203.3737      195.5242  8142571    3.86%
  84775 38952        cutoff            203.3737      195.5253  8164652    3.86%
  85004 39091      196.4252    39      203.3737      195.5271  8185556    3.86%
  85208 39211      200.1203    32      203.3737      195.5283  8207140    3.86%
  85438 39345      199.1527    35      203.3737      195.5298  8229239    3.86%
  85656 39449      197.9194    36      203.3737      195.5317  8251696    3.86%
  85850 39543      195.6629    48      203.3737      195.5343  8274752    3.85%
Elapsed time = 1903.64 sec. (1661497.30 ticks, tree = 55.70 MB, solutions = 1)
  86065 39646      199.1224    36      203.3737      195.5366  8296030    3.85%
  86233 39715      197.4291    45      203.3737      195.5382  8318659    3.85%
  86402 39801      200.8424    35      203.3737      195.5401  8341795    3.85%
  86596 39896      197.2244    47      203.3737      195.5417  8364068    3.85%
  86799 39991      200.0544    35      203.3737      195.5443  8386961    3.85%
  87029 40136      198.5141    45      203.3737      195.5458  8409145    3.85%
  87229 40246      197.9587    48      203.3737      195.5471  8430999    3.85%
  87439 40344      196.2297    37      203.3737      195.5490  8452753    3.85%
  87643 40443      200.7135    21      203.3737      195.5509  8475296    3.85%
  87868 40573      197.0767    39      203.3737      195.5528  8498510    3.85%
Elapsed time = 1950.86 sec. (1699782.57 ticks, tree = 56.81 MB, solutions = 1)
  88080 40679      195.5717    60      203.3737      195.5549  8519602    3.84%
  88306 40807      199.9399    39      203.3737      195.5566  8540889    3.84%
  88500 40894      199.7597    32      203.3737      195.5606  8562222    3.84%
  88730 41020      195.9649    36      203.3737      195.5630  8584087    3.84%
  88956 41161      197.0403    51      203.3737      195.5636  8605913    3.84%
  89149 41260      197.0038    45      203.3737      195.5654  8627711    3.84%
  89352 41359        cutoff            203.3737      195.5680  8651851    3.84%
  89563 41468      197.0649    42      203.3737      195.5702  8674936    3.84%
  89754 41570      202.7914    29      203.3737      195.5719  8697710    3.84%
  89936 41656      196.7304    62      203.3737      195.5735  8720470    3.84%
Elapsed time = 1998.78 sec. (1738378.60 ticks, tree = 57.97 MB, solutions = 1)
  90138 41759      201.9813    44      203.3737      195.5748  8743808    3.83%
  90332 41860      200.0985    34      203.3737      195.5763  8765976    3.83%
  90574 41994      197.0786    45      203.3737      195.5780  8787307    3.83%
  90810 42125      201.5540    40      203.3737      195.5802  8810119    3.83%
  91005 42230      195.7174    48      203.3737      195.5818  8832011    3.83%
  91210 42345      203.2387    40      203.3737      195.5829  8853329    3.83%
  91404 42441      203.2048    41      203.3737      195.5843  8875946    3.83%
  91662 42590      201.9990    30      203.3737      195.5866  8899467    3.83%
  91869 42698        cutoff            203.3737      195.5891  8922457    3.83%
  92072 42812      198.3973    57      203.3737      195.5909  8944373    3.83%
Elapsed time = 2045.96 sec. (1776676.01 ticks, tree = 59.22 MB, solutions = 1)
  92254 42891      200.6706    50      203.3737      195.5932  8968057    3.83%
  92484 43006      196.3627    42      203.3737      195.5960  8990393    3.82%
  92700 43123      203.1642    35      203.3737      195.5980  9013649    3.82%
  92908 43215      200.2165    41      203.3737      195.5993  9036990    3.82%
  93130 43335      197.3596    43      203.3737      195.6015  9059182    3.82%
  93302 43410      195.8243    48      203.3737      195.6033  9082423    3.82%
  93500 43507      196.0056    44      203.3737      195.6051  9103352    3.82%
  93716 43622      197.4709    39      203.3737      195.6073  9124737    3.82%
  93961 43769      199.1714    44      203.3737      195.6080  9148708    3.82%
  94152 43857      202.1419    22      203.3737      195.6097  9171482    3.82%
Elapsed time = 2093.49 sec. (1815037.96 ticks, tree = 60.40 MB, solutions = 1)
  94382 44001      195.8973    44      203.3737      195.6102  9192889    3.82%
  94593 44108      202.8725    42      203.3737      195.6119  9215179    3.82%
  94825 44236      196.0045    44      203.3737      195.6132  9237558    3.82%
  95063 44371      196.0715    49      203.3737      195.6153  9257975    3.81%
  95285 44507        cutoff            203.3737      195.6171  9280112    3.81%
  95504 44626      195.7712    55      203.3737      195.6186  9303317    3.81%
  95704 44740      201.2090    40      203.3737      195.6197  9325511    3.81%
  95944 44865      197.3965    47      203.3737      195.6213  9349077    3.81%
  96145 44963      197.6624    49      203.3737      195.6232  9371835    3.81%
  96377 45098      198.4354    38      203.3737      195.6251  9394365    3.81%
Elapsed time = 2140.78 sec. (1853274.03 ticks, tree = 61.79 MB, solutions = 1)
  96603 45218      202.6325    41      203.3737      195.6263  9416260    3.81%
  96825 45347      200.6494    31      203.3737      195.6293  9439541    3.81%
  97057 45468      202.5838    36      203.3737      195.6316  9461302    3.81%
  97309 45623      203.2729    39      203.3737      195.6336  9482979    3.81%
  97527 45739      200.9068    38      203.3737      195.6357  9506920    3.80%
  97732 45862      196.0019    52      203.3737      195.6368  9529965    3.80%
  97970 46005      202.1925    28      203.3737      195.6383  9551519    3.80%
  98198 46120        cutoff            203.3737      195.6399  9574516    3.80%
  98417 46230      196.8126    55      203.3737      195.6413  9597702    3.80%
  98613 46326      201.6013    31      203.3737      195.6432  9620159    3.80%
Elapsed time = 2188.74 sec. (1891565.52 ticks, tree = 63.12 MB, solutions = 1)
  98814 46424      203.3657    34      203.3737      195.6453  9643284    3.80%
  98992 46494      201.0923    38      203.3737      195.6466  9665769    3.80%
  99216 46607      196.4707    48      203.3737      195.6483  9687460    3.80%
  99405 46708      195.8644    50      203.3737      195.6500  9710651    3.80%
  99604 46800      196.4636    47      203.3737      195.6518  9733913    3.80%
  99793 46924      201.9021    40      203.3737      195.6528  9756711    3.80%
 100011 47033      202.5722    32      203.3737      195.6544  9780431    3.80%
 100223 47114      202.4996    29      203.3737      195.6566  9802965    3.79%
 100427 47201        cutoff            203.3737      195.6590  9825282    3.79%
 100619 47297      200.5403    41      203.3737      195.6616  9849054    3.79%
Elapsed time = 2235.95 sec. (1929774.83 ticks, tree = 64.21 MB, solutions = 1)
 100828 47399      198.2404    41      203.3737      195.6637  9871432    3.79%
 101057 47499      196.6618    52      203.3737      195.6663  9894201    3.79%
 101288 47631      198.0123    55      203.3737      195.6688  9917334    3.79%
 101526 47778      201.7961    31      203.3737      195.6709  9940268    3.79%
 101740 47891      195.8743    49      203.3737      195.6723  9962484    3.79%
 101940 47987      196.2245    51      203.3737      195.6739  9985250    3.79%
 102172 48104      202.8942    32      203.3737      195.6767 10007376    3.78%
 102385 48222      199.1832    41      203.3737      195.6789 10030163    3.78%
 102630 48359      200.7566    40      203.3737      195.6806 10052724    3.78%
 102837 48465      201.7673    34      203.3737      195.6823 10075637    3.78%
Elapsed time = 2283.10 sec. (1968181.97 ticks, tree = 65.42 MB, solutions = 1)
 103090 48605      195.8271    46      203.3737      195.6845 10098585    3.78%
 103283 48711      196.7513    52      203.3737      195.6855 10120937    3.78%
 103509 48839        cutoff            203.3737      195.6870 10143893    3.78%
 103727 48945      197.2584    41      203.3737      195.6887 10166735    3.78%
 103947 49062      202.4186    35      203.3737      195.6900 10188271    3.78%
 104150 49178      198.0601    41      203.3737      195.6913 10211334    3.78%
 104359 49294      197.2750    38      203.3737      195.6938 10233684    3.78%
 104579 49420      195.9958    50      203.3737      195.6950 10256550    3.78%
 104784 49518      196.1385    39      203.3737      195.6964 10279544    3.77%
 105005 49632      199.8651    39      203.3737      195.6981 10302233    3.77%
Elapsed time = 2329.51 sec. (2006456.05 ticks, tree = 66.74 MB, solutions = 1)
 105209 49740      198.5317    37      203.3737      195.7004 10324273    3.77%
 105440 49862      198.0684    42      203.3737      195.7021 10346115    3.77%
 105665 49971      203.1431    33      203.3737      195.7051 10370141    3.77%
 105855 50062      196.9817    41      203.3737      195.7065 10392741    3.77%
 106140 50238      202.7479    32      203.3737      195.7078 10414998    3.77%
 106323 50327        cutoff            203.3737      195.7100 10437152    3.77%
 106503 50403      197.4159    51      203.3737      195.7120 10457507    3.77%
 106704 50491      199.1969    37      203.3737      195.7135 10480682    3.77%
 106914 50587      203.2795    40      203.3737      195.7155 10502221    3.77%
 107170 50736      197.4960    48      203.3737      195.7170 10524842    3.76%
Elapsed time = 2376.96 sec. (2044735.30 ticks, tree = 67.97 MB, solutions = 1)
 107382 50847        cutoff            203.3737      195.7183 10546938    3.76%
 107605 50967      199.6191    33      203.3737      195.7207 10568423    3.76%
 107827 51089      197.4678    44      203.3737      195.7229 10591458    3.76%
 108051 51211      198.0509    43      203.3737      195.7240 10613786    3.76%
 108246 51310      198.5249    41      203.3737      195.7259 10636611    3.76%
 108470 51416      203.3002    48      203.3737      195.7271 10659497    3.76%
 108710 51549      200.6276    43      203.3737      195.7288 10681455    3.76%
 108944 51674      196.2933    53      203.3737      195.7298 10703693    3.76%
 109139 51758      200.2558    38      203.3737      195.7317 10726598    3.76%
 109364 51853      198.9987    36      203.3737      195.7340 10748907    3.76%
Elapsed time = 2423.94 sec. (2083043.91 ticks, tree = 69.18 MB, solutions = 1)
 109582 51972      200.5987    46      203.3737      195.7357 10771648    3.76%
 109829 52117      200.0597    39      203.3737      195.7368 10794916    3.76%
 109974 52192      202.9665    42      203.3737      195.7375 10818095    3.75%
 110174 52279      195.7560    55      203.3737      195.7395 10840731    3.75%
 110396 52395      198.9399    40      203.3737      195.7411 10863117    3.75%
 110599 52497      198.4614    39      203.3737      195.7423 10886105    3.75%
 110864 52666      196.0102    48      203.3737      195.7429 10909297    3.75%
 111083 52771      200.2108    43      203.3737      195.7450 10930948    3.75%
 111317 52882      196.5971    53      203.3737      195.7467 10952329    3.75%
 111533 53006      200.7908    38      203.3737      195.7484 10974996    3.75%
Elapsed time = 2467.32 sec. (2121380.15 ticks, tree = 70.33 MB, solutions = 1)
 111735 53104      200.1860    49      203.3737      195.7501 10995416    3.75%
 111937 53190      197.2460    32      203.3737      195.7515 11018202    3.75%
 112150 53306      196.7954    34      203.3737      195.7534 11041063    3.75%
 112354 53407      197.3185    41      203.3737      195.7556 11063445    3.75%
 112560 53501      197.3538    32      203.3737      195.7573 11085312    3.75%
 112782 53616      196.9846    40      203.3737      195.7586 11107547    3.74%
 112964 53709      201.9133    65      203.3737      195.7603 11131551    3.74%
 113150 53797      200.0076    47      203.3737      195.7622 11153976    3.74%
 113403 53942      198.7469    37      203.3737      195.7632 11177170    3.74%
 113604 54037      201.8898    35      203.3737      195.7646 11198626    3.74%
Elapsed time = 2506.65 sec. (2159720.87 ticks, tree = 71.39 MB, solutions = 1)
 113833 54171      200.0164    46      203.3737      195.7661 11221998    3.74%
 114041 54272      199.6927    38      203.3737      195.7681 11244323    3.74%
 114214 54358      198.3733    46      203.3737      195.7692 11264119    3.74%
 114407 54445      198.6791    48      203.3737      195.7711 11285357    3.74%
 114616 54549      197.7112    50      203.3737      195.7734 11307291    3.74%
 114825 54641        cutoff            203.3737      195.7751 11329801    3.74%
 115043 54768      199.1068    46      203.3737      195.7762 11353002    3.74%
 115243 54888      200.9027    29      203.3737      195.7780 11372357    3.73%
 115493 55024      199.0715    37      203.3737      195.7791 11394255    3.73%
 115730 55151      198.7028    42      203.3737      195.7810 11415284    3.73%
Elapsed time = 2546.50 sec. (2197993.51 ticks, tree = 72.45 MB, solutions = 1)
 115931 55235      196.9442    43      203.3737      195.7830 11437736    3.73%
 116151 55351      198.2480    39      203.3737      195.7847 11460923    3.73%
 116371 55465    infeasible            203.3737      195.7867 11482663    3.73%
 116563 55554      197.0016    39      203.3737      195.7876 11505188    3.73%
 116795 55703      198.9163    39      203.3737      195.7885 11528391    3.73%
 117000 55797      195.9011    44      203.3737      195.7894 11549505    3.73%
 117255 55936      197.4744    49      203.3737      195.7917 11569748    3.73%
 117466 56063      201.3554    24      203.3737      195.7925 11593333    3.73%
 117667 56151      196.4052    54      203.3737      195.7952 11616526    3.73%
 117869 56263      199.6121    44      203.3737      195.7966 11639787    3.73%
Elapsed time = 2590.11 sec. (2236297.44 ticks, tree = 73.70 MB, solutions = 1)
 118102 56395      196.1032    50      203.3737      195.7979 11661537    3.73%
 118337 56510      201.8636    34      203.3737      195.7995 11683353    3.72%
 118568 56638        cutoff            203.3737      195.8007 11705635    3.72%
 118789 56742        cutoff            203.3737      195.8023 11727477    3.72%
 119003 56840      195.8040    40      203.3737      195.8040 11750227    3.72%
 119228 56958      199.9509    34      203.3737      195.8054 11772257    3.72%
 119435 57067        cutoff            203.3737      195.8068 11794287    3.72%
 119657 57196      196.1373    53      203.3737      195.8077 11817119    3.72%
 119860 57303      197.2120    45      203.3737      195.8094 11839252    3.72%
 120092 57438      201.1711    41      203.3737      195.8110 11861515    3.72%
Elapsed time = 2633.49 sec. (2274590.48 ticks, tree = 74.98 MB, solutions = 1)
 120327 57559      200.8311    35      203.3737      195.8131 11883462    3.72%
 120547 57668      197.9023    43      203.3737      195.8145 11906031    3.72%
 120753 57753      201.8568    32      203.3737      195.8160 11930163    3.72%
 121001 57885      196.3801    39      203.3737      195.8183 11951794    3.72%
 121227 58007      200.0970    40      203.3737      195.8196 11974061    3.71%
 121451 58141      199.2779    44      203.3737      195.8203 11995952    3.71%
 121670 58257      197.2635    39      203.3737      195.8222 12018719    3.71%
 121889 58380      196.7981    56      203.3737      195.8237 12040856    3.71%
 122117 58516        cutoff            203.3737      195.8251 12061871    3.71%
 122310 58620      200.5656    32      203.3737      195.8270 12083505    3.71%
Elapsed time = 2677.51 sec. (2312897.04 ticks, tree = 76.32 MB, solutions = 1)
 122533 58728      196.7810    44      203.3737      195.8284 12106359    3.71%
 122737 58823      196.0376    40      203.3737      195.8303 12128893    3.71%
 122940 58915      199.5583    37      203.3737      195.8320 12150918    3.71%
 123161 59022      199.1384    36      203.3737      195.8337 12173967    3.71%
 123400 59125      202.3950    38      203.3737      195.8351 12196386    3.71%
 123580 59218      201.4664    39      203.3737      195.8358 12219204    3.71%
 123815 59335      199.8096    36      203.3737      195.8373 12241426    3.71%
 124024 59432      195.9083    44      203.3737      195.8388 12263006    3.70%
 124230 59520      200.7409    38      203.3737      195.8405 12285497    3.70%
 124464 59647      196.3834    35      203.3737      195.8414 12308602    3.70%
Elapsed time = 2722.18 sec. (2351183.59 ticks, tree = 77.48 MB, solutions = 1)
 124685 59755      201.9303    28      203.3737      195.8426 12332620    3.70%
 124930 59908      199.0797    33      203.3737      195.8434 12356139    3.70%
 125147 60031      196.8871    65      203.3737      195.8452 12379101    3.70%
 125343 60133      200.5855    44      203.3737      195.8472 12400933    3.70%
 125531 60224      201.2894    42      203.3737      195.8485 12424372    3.70%
 125726 60297      200.1246    57      203.3737      195.8501 12448363    3.70%
 125931 60382      200.5534    31      203.3737      195.8516 12471528    3.70%
 126170 60527      198.8783    37      203.3737      195.8533 12492481    3.70%
 126376 60623      195.9468    51      203.3737      195.8545 12514719    3.70%
 126589 60728      195.9547    45      203.3737      195.8559 12537706    3.70%
Elapsed time = 2764.31 sec. (2389587.15 ticks, tree = 78.66 MB, solutions = 1)
 126764 60815      195.8901    80      203.3737      195.8569 12560560    3.70%
 126964 60930      199.3883    43      203.3737      195.8579 12582671    3.70%
 127186 61024      199.0881    41      203.3737      195.8602 12605412    3.69%
 127435 61159        cutoff            203.3737      195.8620 12627973    3.69%
 127626 61248      195.9769    67      203.3737      195.8627 12650772    3.69%
 127819 61359      197.7334    48      203.3737      195.8636 12672291    3.69%
 128022 61473      201.7643    43      203.3737      195.8645 12695678    3.69%
 128221 61574      200.8224    39      203.3737      195.8660 12718697    3.69%
 128408 61659      196.5059    41      203.3737      195.8675 12741137    3.69%
 128641 61800      197.8985    37      203.3737      195.8692 12764223    3.69%
Elapsed time = 2811.55 sec. (2427984.64 ticks, tree = 79.82 MB, solutions = 1)
 128858 61926      201.7702    37      203.3737      195.8703 12786718    3.69%
 129065 62037      200.2741    37      203.3737      195.8714 12808755    3.69%
 129309 62173      199.8374    39      203.3737      195.8731 12831477    3.69%
 129488 62259      198.6401    30      203.3737      195.8738 12854142    3.69%
 129688 62347      196.4221    43      203.3737      195.8752 12876916    3.69%
 129928 62500      202.6097    40      203.3737      195.8761 12899579    3.69%
 130143 62603      196.0668    43      203.3737      195.8777 12922855    3.69%
 130348 62687      199.3679    37      203.3737      195.8797 12946165    3.68%
 130565 62797      198.7203    40      203.3737      195.8811 12968618    3.68%
 130806 62945      199.7714    40      203.3737      195.8827 12991241    3.68%
Elapsed time = 2858.92 sec. (2466184.74 ticks, tree = 81.12 MB, solutions = 1)
 131059 63074      202.6986    33      203.3737      195.8846 13014303    3.68%
 131249 63152      196.2744    51      203.3737      195.8867 13036681    3.68%
 131448 63247      200.3357    35      203.3737      195.8885 13058645    3.68%
 131647 63340      196.0806    58      203.3737      195.8899 13080640    3.68%
 131865 63476      199.4944    29      203.3737      195.8910 13103966    3.68%
 132100 63617      195.9877    62      203.3737      195.8927 13126200    3.68%
 132334 63761      199.3386    35      203.3737      195.8943 13148936    3.68%
 132565 63880      202.5942    36      203.3737      195.8960 13172177    3.68%
 132782 63998      203.3159    25      203.3737      195.8971 13193004    3.68%
 133003 64107      199.3387    57      203.3737      195.8984 13216596    3.68%
Elapsed time = 2906.61 sec. (2504646.62 ticks, tree = 82.38 MB, solutions = 1)
 133189 64217      198.2775    56      203.3737      195.8998 13238259    3.67%
 133422 64353      201.3997    33      203.3737      195.9011 13260523    3.67%
 133624 64436      202.5543    39      203.3737      195.9025 13283399    3.67%
 133801 64522      200.0536    30      203.3737      195.9036 13305924    3.67%
 134012 64635      195.9050    42      203.3737      195.9050 13328583    3.67%
 134242 64744      199.8341    66      203.3737      195.9065 13352000    3.67%
 134479 64851      198.6961    31      203.3737      195.9085 13375076    3.67%
 134684 64949      200.8343    38      203.3737      195.9098 13397972    3.67%
 134930 65097      195.9331    37      203.3737      195.9114 13418939    3.67%
 135165 65206      197.9588    50      203.3737      195.9134 13441811    3.67%
Elapsed time = 2953.91 sec. (2543038.69 ticks, tree = 83.58 MB, solutions = 1)
 135386 65324      198.6371    39      203.3737      195.9151 13464182    3.67%
 135638 65459      197.8967    48      203.3737      195.9169 13486023    3.67%
 135868 65583      196.7399    48      203.3737      195.9190 13509505    3.67%
 136080 65692      198.2048    43      203.3737      195.9202 13530642    3.66%
 136311 65823      199.0448    41      203.3737      195.9218 13551442    3.66%
 136536 65940      196.8427    45      203.3737      195.9237 13574449    3.66%
 136780 66078      202.0570    33      203.3737      195.9250 13596586    3.66%
 137017 66203      199.8932    56      203.3737      195.9271 13619335    3.66%
 137259 66321      197.1692    45      203.3737      195.9285 13642896    3.66%
 137491 66437      201.2452    35      203.3737      195.9300 13666126    3.66%
Elapsed time = 3000.42 sec. (2581289.60 ticks, tree = 87.75 MB, solutions = 1)
 137720 66546      199.3405    28      203.3737      195.9318 13689236    3.66%
 137920 66633      201.7365    35      203.3737      195.9337 13712160    3.66%
 138164 66760      201.1805    42      203.3737      195.9361 13733043    3.66%
 138364 66846      198.9363    36      203.3737      195.9377 13755034    3.66%
 138584 66954      197.3947    42      203.3737      195.9392 13778556    3.66%
 138819 67054        cutoff            203.3737      195.9409 13800513    3.65%
 139048 67173      198.6742    51      203.3737      195.9431 13823087    3.65%
 139280 67292      200.0975    35      203.3737      195.9457 13845585    3.65%
 139508 67400      202.1150    30      203.3737      195.9475 13866029    3.65%
 139723 67480      198.9047    42      203.3737      195.9494 13889485    3.65%
Elapsed time = 3047.92 sec. (2619588.01 ticks, tree = 88.93 MB, solutions = 1)
 139942 67572      196.8201    45      203.3737      195.9510 13911131    3.65%
 140182 67702      198.5398    45      203.3737      195.9530 13934957    3.65%
 140381 67801      201.5454    37      203.3737      195.9542 13957073    3.65%
 140580 67920      197.5656    40      203.3737      195.9547 13980034    3.65%
 140820 68060      197.0419    43      203.3737      195.9560 14002323    3.65%
 141008 68145      200.0685    47      203.3737      195.9572 14024498    3.65%
 141207 68248      201.8794    35      203.3737      195.9586 14045694    3.65%
 141428 68365      202.7499    36      203.3737      195.9594 14068776    3.65%
 141646 68479      196.7817    57      203.3737      195.9606 14090552    3.65%
 141852 68583      195.9748    37      203.3737      195.9621 14114040    3.64%
Elapsed time = 3095.37 sec. (2657874.74 ticks, tree = 90.18 MB, solutions = 1)
 142041 68675      202.2286    34      203.3737      195.9635 14137273    3.64%
 142243 68793      198.8531    46      203.3737      195.9653 14159844    3.64%
 142468 68911      200.7149    41      203.3737      195.9667 14182374    3.64%
 142675 69008      197.9810    52      203.3737      195.9682 14204311    3.64%
 142896 69128      199.5467    42      203.3737      195.9700 14226369    3.64%
 143129 69239      200.1974    45      203.3737      195.9716 14248979    3.64%
 143392 69381      197.7170    47      203.3737      195.9730 14271780    3.64%
 143602 69512      202.7821    37      203.3737      195.9737 14294911    3.64%
 143852 69637      196.8657    43      203.3737      195.9751 14315864    3.64%
 144047 69730      199.0292    49      203.3737      195.9763 14339011    3.64%
Elapsed time = 3143.03 sec. (2696170.37 ticks, tree = 91.43 MB, solutions = 1)
 144256 69833      198.7922    54      203.3737      195.9782 14360645    3.64%
 144458 69938      202.6493    25      203.3737      195.9798 14383884    3.64%
 144688 70063      198.5108    38      203.3737      195.9812 14407055    3.63%
 144914 70175      198.4609    44      203.3737      195.9824 14429147    3.63%
 145120 70297      196.7016    34      203.3737      195.9835 14451832    3.63%
 145354 70419      202.7883    63      203.3737      195.9852 14472995    3.63%
 145558 70501      199.6195    47      203.3737      195.9868 14496021    3.63%
 145796 70622      198.2367    48      203.3737      195.9879 14518010    3.63%
 146012 70696      202.3855    36      203.3737      195.9903 14541309    3.63%
 146245 70848      201.6368    28      203.3737      195.9912 14562849    3.63%
Elapsed time = 3189.32 sec. (2734402.97 ticks, tree = 92.69 MB, solutions = 1)
 146522 71020      199.1957    46      203.3737      195.9925 14585229    3.63%
 146733 71114      201.4684    33      203.3737      195.9939 14607535    3.63%
 146968 71226      196.0244    56      203.3737      195.9950 14630329    3.63%
 147158 71318      196.3134    43      203.3737      195.9962 14651675    3.63%
 147359 71415      196.4880    51      203.3737      195.9981 14673895    3.63%
 147582 71534      197.3747    44      203.3737      195.9995 14695994    3.63%
 147796 71633      199.0568    41      203.3737      196.0007 14718292    3.63%
 148010 71746      201.4204    38      203.3737      196.0017 14741419    3.62%
 148216 71823      201.8554    35      203.3737      196.0036 14764159    3.62%
 148413 71906      200.2969    49      203.3737      196.0049 14787766    3.62%
Elapsed time = 3236.28 sec. (2772666.15 ticks, tree = 93.84 MB, solutions = 1)
 148619 71998      196.0392    46      203.3737      196.0061 14809752    3.62%
 148730 72057      197.1760    37      203.3737      196.0067 14819892    3.62%
 148927 72166      203.1407    44      203.3737      196.0077 14836729    3.62%
 149061 72212      200.4563    37      203.3737      196.0090 14850844    3.62%
 149273 72313      198.8311    44      203.3737      196.0101 14873238    3.62%
 149395 72372      198.9989    37      203.3737      196.0113 14885320    3.62%
 149530 72441      197.3678    45      203.3737      196.0116 14900776    3.62%
 149725 72543      200.5035    37      203.3737      196.0119 14923410    3.62%
 149826 72596      201.7160    40      203.3737      196.0131 14931551    3.62%
 149960 72662      198.2336    41      203.3737      196.0135 14946253    3.62%
Elapsed time = 3285.37 sec. (2815466.87 ticks, tree = 94.64 MB, solutions = 1)
 150205 72809      196.0147    36      203.3737      196.0148 14967908    3.62%
 150230 72824      198.7446    42      203.3737      196.0149 14970022    3.62%
 150330 72878      203.1196    34      203.3737      196.0156 14981394    3.62%
 150430 72949      200.3257    31      203.3737      196.0158 14987690    3.62%
 150530 72994      196.0161    62      203.3737      196.0162 15000065    3.62%
 150758 73099      199.7492    41      203.3737      196.0180 15023286    3.62%
 150830 73131      199.5813    48      203.3737      196.0183 15030655    3.62%
 150930 73180      196.8907    41      203.3737      196.0189 15039966    3.62%
 151030 73247      200.7653    36      203.3737      196.0189 15051765    3.62%
 151140 73321      197.5632    38      203.3737      196.0189 15064132    3.62%
Elapsed time = 3339.96 sec. (2873330.14 ticks, tree = 95.39 MB, solutions = 1)
 151230 73384      199.7378    40      203.3737      196.0189 15073974    3.62%
 151330 73437      202.0846    34      203.3737      196.0202 15083821    3.62%
 151430 73476      198.5929    38      203.3737      196.0212 15092895    3.62%
 151530 73514      197.5564    45      203.3737      196.0218 15102359    3.61%
 151730 73616      196.7505    45      203.3737      196.0238 15122932    3.61%
 151830 73672      198.7311    37      203.3737      196.0247 15134229    3.61%
 151930 73718      201.8285    35      203.3737      196.0252 15143430    3.61%
 152030 73769      196.4241    47      203.3737      196.0268 15154436    3.61%
 152130 73834      200.2977    41      203.3737      196.0273 15164738    3.61%
 152230 73875      197.3491    44      203.3737      196.0282 15176610    3.61%
Elapsed time = 3414.02 sec. (2948668.63 ticks, tree = 96.02 MB, solutions = 1)
 152430 73999      200.1631    44      203.3737      196.0297 15196860    3.61%
 152530 74035      197.7171    38      203.3737      196.0306 15207743    3.61%
 152630 74089      197.9852    44      203.3737      196.0315 15215034    3.61%
 152830 74175      201.0395    44      203.3737      196.0328 15236828    3.61%
 152930 74215      202.2454    47      203.3737      196.0331 15246883    3.61%
 153083 74284      197.6305    39      203.3737      196.0343 15262026    3.61%
 153230 74364      200.1209    39      203.3737      196.0354 15276339    3.61%
 153330 74412      198.8240    51      203.3737      196.0360 15287632    3.61%
 153430 74442      196.1727    55      203.3737      196.0374 15297835    3.61%
 153674 74543      196.8184    37      203.3737      196.0395 15320652    3.61%
Elapsed time = 3492.70 sec. (3022798.22 ticks, tree = 96.77 MB, solutions = 1)
 153908 74643      201.0349    32      203.3737      196.0419 15344224    3.61%
 154116 74760      200.1973    50      203.3737      196.0434 15365862    3.60%
 154331 74862      196.0445    54      203.3737      196.0445 15387648    3.60%
 154544 74960      198.9609    34      203.3737      196.0461 15409683    3.60%
 154804 75112      196.9236    38      203.3737      196.0473 15431909    3.60%
 154930 75187      201.1396    33      203.3737      196.0479 15444210    3.60%
 155117 75266      202.4798    37      203.3737      196.0497 15466795    3.60%
 155230 75337      201.9356    29      203.3737      196.0503 15477260    3.60%
 155330 75394      197.3776    42      203.3737      196.0510 15487394    3.60%
 155430 75463      199.0239    37      203.3737      196.0511 15494288    3.60%
Elapsed time = 3546.33 sec. (3073433.27 ticks, tree = 97.81 MB, solutions = 1)
 155630 75574      202.5876    42      203.3737      196.0523 15515107    3.60%
 155730 75616      201.3132    28      203.3737      196.0533 15526866    3.60%
 155830 75658      196.2304    60      203.3737      196.0546 15537320    3.60%
 155930 75713      200.4921    39      203.3737      196.0555 15548559    3.60%
 156030 75761      196.4967    47      203.3737      196.0564 15558679    3.60%
Advanced basis not built.

GUB cover cuts applied:  68
Clique cuts applied:  38
Cover cuts applied:  34
Implied bound cuts applied:  25
Flow cuts applied:  33
Mixed integer rounding cuts applied:  373
Zero-half cuts applied:  5
Gomory fractional cuts applied:  2

Root node processing (before b&c):
  Real time             =    2.66 sec. (2362.40 ticks)
Sequential b&c:
  Real time             = 3597.34 sec. (3120475.32 ticks)
                          ------------
Total (root+branch&cut) = 3600.00 sec. (3122837.72 ticks)
