Version identifier: 22.1.0.0 | 2022-03-09 | 1a383f8ce
CPXPARAM_Read_DataCheck                          1
CPXPARAM_Threads                                 1
CPXPARAM_TimeLimit                               3600
Tried aggregator 2 times.
MIP Presolve eliminated 6890 rows and 287 columns.
MIP Presolve modified 104285 coefficients.
Aggregator did 327 substitutions.
Reduced MIP has 23774 rows, 1606 columns, and 185114 nonzeros.
Reduced MIP has 1171 binaries, 0 generals, 0 SOSs, and 0 indicators.
Presolve time = 0.44 sec. (331.99 ticks)
Probing fixed 8 vars, tightened 44 bounds.
Probing time = 0.17 sec. (145.12 ticks)
Tried aggregator 1 time.
Detecting symmetries...
MIP Presolve eliminated 131 rows and 8 columns.
MIP Presolve modified 1568 coefficients.
Reduced MIP has 23643 rows, 1598 columns, and 184181 nonzeros.
Reduced MIP has 1163 binaries, 0 generals, 0 SOSs, and 0 indicators.
Presolve time = 0.17 sec. (103.49 ticks)
Probing time = 0.01 sec. (8.34 ticks)
Clique table members: 9604.
MIP emphasis: balance optimality and feasibility.
MIP search method: dynamic search.
Parallel mode: none, using 1 thread.
Root relaxation solution time = 0.10 sec. (102.18 ticks)

        Nodes                                         Cuts/
   Node  Left     Objective  IInf  Best Integer    Best Bound    ItCnt     Gap

      0     0      158.6560   294                    158.6560      729         
      0     0      158.6560   115                  Cuts: 1007     1440         
      0     0      158.6560   106                   Cuts: 926     2175         
      0     0      158.6560    96                   Cuts: 990     2883         
      0     0      158.6561   115                   Cuts: 546     3696         
      0     0      158.6561   171                   Cuts: 852     5525         
Detecting symmetries...
*     0+    0                          181.4258      158.6561            12.55%
Detecting symmetries...
      0     2      158.6561   171      181.4258      158.6561     5525   12.55%
Elapsed time = 10.80 sec. (10738.87 ticks, tree = 0.01 MB, solutions = 1)
      1     3      158.6692    95      181.4258      158.6561     7062   12.55%
      2     4      160.5845    99      181.4258      158.6561     7792   12.55%
      3     5      158.6692    92      181.4258      158.6561     8263   12.55%
      6     8      158.6692    90      181.4258      158.6561     8798   12.55%
      7     9      163.3402   102      181.4258      158.6561     9424   12.55%
      9    10      159.0557    90      181.4258      158.6561    10447   12.55%
     10    11      158.6692    87      181.4258      158.6561    11479   12.55%
     11    12      159.1430    89      181.4258      158.6561    12436   12.55%
     13    13      159.2119    94      181.4258      158.6561    13689   12.55%
     15    15      158.6697   144      181.4258      158.6561    15241   12.55%
Elapsed time = 16.04 sec. (16448.86 ticks, tree = 1.57 MB, solutions = 1)
     25    25      158.6884   114      181.4258      158.6561    16663   12.55%
     34    32      159.4289   124      181.4258      158.6561    19554   12.55%
     39    37      168.5385    95      181.4258      158.6561    22384   12.55%
     64    62      160.6084    94      181.4258      158.6561    28962   12.55%
     70    68      158.6884   111      181.4258      158.6561    30834   12.55%
     79    77      163.6707   138      181.4258      158.6561    35308   12.55%
     86    84      158.6884   111      181.4258      158.6561    37078   12.55%
     90    88      161.2204   118      181.4258      158.6561    39579   12.55%
     98    96      162.2470   113      181.4258      158.6561    42787   12.55%
    102   100      160.6230   109      181.4258      158.6561    47192   12.55%
Elapsed time = 34.38 sec. (33638.91 ticks, tree = 8.53 MB, solutions = 1)
    117   115      159.5513    94      181.4258      158.6561    50335   12.55%
    120   118      158.7586    87      181.4258      158.6561    51301   12.55%
    130   122      159.3156   102      181.4258      158.6561    53301   12.55%
    147   135      162.0061    92      181.4258      158.6561    56987   12.55%
    161   149      158.7619    58      181.4258      158.6561    60065   12.55%
    176   164      158.7620    69      181.4258      158.6561    64747   12.55%
    192   180      158.8032    67      181.4258      158.6561    68053   12.55%
    203   191      158.8032    63      181.4258      158.6561    70649   12.55%
    218   206      159.7961    75      181.4258      158.6561    74300   12.55%
    238   226      158.8032    65      181.4258      158.6561    78908   12.55%
Elapsed time = 46.72 sec. (46382.35 ticks, tree = 9.18 MB, solutions = 1)
    254   242      158.8032    68      181.4258      158.6561    84146   12.55%
    261   249      158.8032    64      181.4258      158.6561    86600   12.55%
    278   266      160.7233    63      181.4258      158.6561    91023   12.55%
    285   273      160.7233    55      181.4258      158.6561    92299   12.55%
    307   295      163.7077    61      181.4258      158.6561    95377   12.55%
    330   318      169.6243    61      181.4258      158.6561    99632   12.55%
    341   327      170.8907    55      181.4258      158.6561   102221   12.55%
    357   343      174.1248    43      181.4258      158.6561   104245   12.55%
    372   358      173.9503    31      181.4258      158.6561   106557   12.55%
    423   399      159.0309   124      181.4258      158.6562   108961   12.55%
Elapsed time = 56.84 sec. (56465.42 ticks, tree = 9.82 MB, solutions = 1)
    428   404      165.8051   169      181.4258      158.6562   113545   12.55%
    442   416      158.7232   143      181.4258      158.6562   117010   12.55%
    450   424      158.7914    95      181.4258      158.6562   120444   12.55%
    455   429      158.6562   103      181.4258      158.6562   120452   12.55%
    456   430      169.4914   195      181.4258      158.6562   122951   12.55%
    457   431      159.4169   161      181.4258      158.6562   126038   12.55%
    459   431      160.6497   122      181.4258      158.6562   130428   12.55%

Performing restart 1

Repeating presolve.
Tried aggregator 1 time.
MIP Presolve eliminated 12 rows and 6 columns.
Reduced MIP has 23631 rows, 1592 columns, and 183787 nonzeros.
Reduced MIP has 1157 binaries, 0 generals, 0 SOSs, and 0 indicators.
Presolve time = 0.07 sec. (60.38 ticks)
Tried aggregator 1 time.
Reduced MIP has 23631 rows, 1592 columns, and 183787 nonzeros.
Reduced MIP has 1157 binaries, 0 generals, 0 SOSs, and 0 indicators.
Presolve time = 0.13 sec. (77.04 ticks)
Represolve time = 0.39 sec. (280.88 ticks)
    460     0      158.6563   137      181.4258    Cuts: 1737   134758   12.55%
    460     0      158.6567   155      181.4258     Cuts: 783   135902   12.55%
    460     0      158.6567   151      181.4258    Cuts: 1914   136284   12.55%
    460     0      158.6568   150      181.4258    Cuts: 1556   136534   12.55%
    460     0      158.6568   152      181.4258     Cuts: 708   136819   12.55%
    460     0      158.6568   143      181.4258     Cuts: 220   139136   12.55%
    460     0      158.6568   181      181.4258     Cuts: 890   139465   12.55%
    460     0      158.6568   203      181.4258    Cuts: 1457   139701   12.55%
    460     0      158.6568   215      181.4258    Cuts: 1738   140040   12.55%
    460     0      158.6568   223      181.4258    Cuts: 2088   140260   12.55%
    460     0      158.6568   208      181.4258    Cuts: 1417   140500   12.55%
    460     0      158.6569   224      181.4258     Cuts: 781   140830   12.55%
    460     0      158.6569   212      181.4258     Cuts: 774   141185   12.55%
    460     0      158.6570   148      181.4258     Cuts: 943   141573   12.55%
    460     0      158.6570   145      181.4258     Cuts: 580   142200   12.55%
    460     2      158.6570   132      181.4258      158.6570   142200   12.55%
    461     3      158.6570   131      181.4258      158.6570   142201   12.55%
    463     5      158.7565    72      181.4258      158.6570   143346   12.55%
Elapsed time = 130.14 sec. (133966.08 ticks, tree = 0.02 MB, solutions = 1)
    464     6      158.6570   129      181.4258      158.6570   143347   12.55%
    467     9      159.5464    69      181.4258      158.6570   144207   12.55%
    469    11      158.6570   124      181.4258      158.6570   144209   12.55%
    471    13      158.6570   119      181.4258      158.6570   144216   12.55%
    473    15      158.6570   117      181.4258      158.6570   144219   12.55%
    475    17      159.6677   101      181.4258      158.6570   151318   12.55%
*   480+   20                          164.1528      158.6570             3.35%
    480    22      158.6570   109      164.1528      158.6570   151323    3.35%
    485    24      158.7271    79      164.1528      158.6570   152403    3.35%
    486    25      158.7271    78      164.1528      158.6570   153064    3.35%
    490    29      158.7271    74      164.1528      158.6570   153128    3.35%
Elapsed time = 149.71 sec. (157400.77 ticks, tree = 1.38 MB, solutions = 2)
    500    39      160.1421    88      164.1528      158.6570   154364    3.35%
    510    49      159.1982    76      164.1528      158.6570   155342    3.35%
    517    56      159.9367   108      164.1528      158.6570   157363    3.35%
    530    68      158.7871    63      164.1528      158.6570   159467    3.35%
    549    84      162.1292    97      164.1528      158.6570   161928    3.35%
    550    84      163.0412    91      164.1528      158.6570   162438    3.35%
    557    87      158.6570    95      164.1528      158.6570   162552    3.35%
    565    92      162.4379    72      164.1528      158.6570   164209    3.35%
    574   101      163.6445    73      164.1528      158.6570   165326    3.35%
    580   107      162.4379    55      164.1528      158.6570   165890    3.35%
Elapsed time = 164.71 sec. (173700.65 ticks, tree = 3.12 MB, solutions = 2)
    591   118      162.4379    51      164.1528      158.6570   167468    3.35%
    601   128      162.4423    49      164.1528      158.6570   169080    3.35%
    615   140      162.4423    53      164.1528      158.6570   171579    3.35%
    622   147      163.4319    36      164.1528      158.6570   173406    3.35%
    636   161      163.6220    36      164.1528      158.6570   175730    3.35%
    648   169      164.6055    23      164.1528      158.6570   177995    3.35%
    653   170      158.7423    69      164.1528      158.6570   179395    3.35%
    680   197      159.6149    60      164.1528      158.6570   181044    3.35%
    702   219      160.0406    55      164.1528      158.6570   182793    3.35%
    707   224      163.0631    46      164.1528      158.6570   184101    3.35%
Elapsed time = 174.35 sec. (184361.14 ticks, tree = 3.35 MB, solutions = 2)
    720   237      163.7292    36      164.1528      158.6570   185942    3.35%
    740   252      158.6572    76      164.1528      158.6571   187230    3.35%
    780   292      158.9037    51      164.1528      158.6571   189562    3.35%
    812   322      159.0133    80      164.1528      158.6571   191757    3.35%
    820   330      159.0137    54      164.1528      158.6571   191974    3.35%
    864   373      160.3715    45      164.1528      158.6571   192938    3.35%
    898   393      158.6810    67      164.1528      158.6572   194389    3.35%
    926   421      159.2750    65      164.1528      158.6572   195886    3.35%
    948   442      159.2801    49      164.1528      158.6572   197886    3.35%
    959   453      159.2962    56      164.1528      158.6572   200141    3.35%
Elapsed time = 185.79 sec. (197229.96 ticks, tree = 3.99 MB, solutions = 2)
    972   466      159.4473    47      164.1528      158.6572   202178    3.35%
    979   472      159.6047    56      164.1528      158.6572   203867    3.35%
    990   482      159.9856    62      164.1528      158.6572   205613    3.35%
   1018   507      160.3778    58      164.1528      158.6572   207814    3.35%
   1040   520      159.0643    55      164.1528      158.6573   210350    3.35%
   1043   523      159.1072    62      164.1528      158.6573   212052    3.35%
   1054   534      159.1077    72      164.1528      158.6573   214183    3.35%
   1071   551      159.1145    53      164.1528      158.6573   216098    3.35%
   1094   574      159.1158    76      164.1528      158.6573   217763    3.35%
   1161   630      164.0470    43      164.1528      158.6574   226402    3.35%
Elapsed time = 200.93 sec. (211573.88 ticks, tree = 4.45 MB, solutions = 2)
   1180   641      158.9036    79      164.1528      158.6574   232704    3.35%
   1240   701      162.2727    43      164.1528      158.6574   241725    3.35%
   1319   776      160.0904    55      164.1528      158.6575   249489    3.35%
   1400   851      158.6914    76      164.1528      158.6576   258783    3.35%
   1445   893      158.8980    53      164.1528      158.6576   268841    3.35%
   1566  1003      158.6696    48      164.1528      158.6576   275803    3.35%
   1687  1121        cutoff            164.1528      158.6576   281108    3.35%
   1778  1194      159.6295    58      164.1528      158.6577   288874    3.35%
   1882  1292      158.7426    72      164.1528      158.6577   295910    3.35%
   1924  1334      158.8555    61      164.1528      158.6577   303226    3.35%
Elapsed time = 252.32 sec. (251429.57 ticks, tree = 6.78 MB, solutions = 2)
   2010  1411      159.5463    63      164.1528      158.6578   311813    3.35%
   2098  1494      160.4980    31      164.1528      158.6578   319704    3.35%
   2238  1610      160.7431    48      164.1528      158.6579   326346    3.35%
   2272  1639      162.3474    54      164.1528      158.6579   333438    3.35%
   2328  1690      160.7576    45      164.1528      158.6579   340752    3.35%
   2413  1769      158.7619    62      164.1528      158.6580   348057    3.35%
   2502  1850      164.1102    27      164.1528      158.6580   354150    3.35%
   2603  1951      158.8501    57      164.1528      158.6581   360497    3.35%
   2686  2018      158.6912    64      164.1528      158.6582   365223    3.35%
   2779  2110      158.7964    60      164.1528      158.6582   371435    3.35%
Elapsed time = 294.73 sec. (292648.39 ticks, tree = 9.24 MB, solutions = 2)
   2835  2154      159.0557    57      164.1528      158.6584   378572    3.35%
   2853  2166      159.5165    96      164.1528      158.6592   386932    3.35%
   2860  2171      159.5165    99      164.1528      158.6592   387181    3.35%
   2917  2222      162.6280    61      164.1528      158.6592   396942    3.35%
   3018  2309      158.7482    62      164.1528      158.6594   403845    3.35%
   3143  2408      161.1402    49      164.1528      158.6595   410446    3.35%
   3229  2490      159.8175    43      164.1528      158.6599   416574    3.35%
   3385  2619      158.7101    66      164.1528      158.6602   420909    3.35%
   3522  2745      161.3814    38      164.1528      158.6605   427025    3.35%
   3663  2857      161.5637    67      164.1528      158.6610   433538    3.35%
Elapsed time = 340.74 sec. (337407.24 ticks, tree = 11.87 MB, solutions = 2)
   3801  2989      161.6110    33      164.1528      158.6613   440180    3.35%
   3936  3114      163.6246    22      164.1528      158.6614   447889    3.35%
   4103  3246      160.2620    64      164.1528      158.6615   453587    3.35%
   4167  3299      158.6773    54      164.1528      158.6620   461769    3.34%
   4281  3404      158.6710    59      164.1528      158.6620   468957    3.34%
   4505  3611      160.1275    33      164.1528      158.6622   474447    3.34%
   4647  3734      158.6787    48      164.1528      158.6625   479644    3.34%
   4694  3777      163.2143    49      164.1528      158.6625   488335    3.34%
   4724  3794      158.8796    52      164.1528      158.6626   493880    3.34%
   4823  3889      158.6734    76      164.1528      158.6626   500025    3.34%
Elapsed time = 391.06 sec. (376578.93 ticks, tree = 15.50 MB, solutions = 2)
   4882  3942      159.0331    40      164.1528      158.6627   507185    3.34%
   4994  4050      158.8926    52      164.1528      158.6631   512254    3.34%
   5067  4117      161.6197    49      164.1528      158.6631   517945    3.34%
   5140  4183      162.6394    52      164.1528      158.6631   527005    3.34%
   5212  4247      159.1557    58      164.1528      158.6632   535192    3.34%
   5356  4382      158.7965    46      164.1528      158.6633   539853    3.34%
   5477  4497      161.2674    36      164.1528      158.6634   546806    3.34%
   5544  4553      162.3953    59      164.1528      158.6634   553701    3.34%
   5568  4572      158.6659    69      164.1528      158.6635   560504    3.34%
   5824  4822      159.0291    41      164.1528      158.6635   564564    3.34%
Elapsed time = 438.86 sec. (415385.74 ticks, tree = 18.56 MB, solutions = 2)
   6014  4999      161.5684    75      164.1528      158.6636   570014    3.34%
   6111  5091      159.2142    43      164.1528      158.6637   576929    3.34%
   6248  5214      162.8093    29      164.1528      158.6638   582702    3.34%
   6330  5283      158.7004    55      164.1528      158.6639   588557    3.34%
   6432  5380      159.0592    44      164.1528      158.6640   595169    3.34%
   6493  5441      161.7611    36      164.1528      158.6640   598685    3.34%
   6683  5602      159.1491    56      164.1528      158.6643   603858    3.34%
   6729  5643      158.6998    56      164.1528      158.6645   613074    3.34%
   6776  5689      161.8879    50      164.1528      158.6645   621185    3.34%
   6853  5754      159.3492    52      164.1528      158.6645   628842    3.34%
Elapsed time = 489.75 sec. (454761.49 ticks, tree = 21.66 MB, solutions = 2)
   7035  5922      163.8315     9      164.1528      158.6646   634609    3.34%
   7227  6103      159.2818    53      164.1528      158.6646   641231    3.34%
   7279  6150      160.7053    53      164.1528      158.6646   651546    3.34%
   7409  6263      158.7447    54      164.1528      158.6646   656688    3.34%
   7626  6464      159.4274    57      164.1528      158.6646   661230    3.34%
   7833  6663      159.3657    47      164.1528      158.6646   665436    3.34%
   7860  6690      160.9241    28      164.1528      158.6646   666315    3.34%
*  8060+ 4343                          161.6299      158.6646             1.83%
*  8070+ 3927                          161.1354      158.6646             1.53%
   8081  3935        cutoff            161.1354      158.6647   672066    1.53%
   8141  3986      159.3691    45      161.1354      158.6649   678181    1.53%
*  8170+ 3769                          160.9365      158.6649             1.41%
   8179  3776      160.8321    43      160.9365      158.6649   680484    1.41%
Elapsed time = 540.91 sec. (493943.17 ticks, tree = 14.70 MB, solutions = 5)
   8239  3826      159.3691    41      160.9365      158.6649   686518    1.41%
   8308  3884      158.6726    58      160.9365      158.6652   693530    1.41%
   8441  4001      160.8573    46      160.9365      158.6653   699077    1.41%
   8471  4021      159.1321    55      160.9365      158.6656   703618    1.41%
   8540  4082      159.1191    51      160.9365      158.6659   711683    1.41%
   8712  4231      158.8691    47      160.9365      158.6662   718049    1.41%
   8855  4354      158.6692    54      160.9365      158.6663   725101    1.41%
   9075  4548      159.4630    65      160.9365      158.6665   730198    1.41%
   9126  4591      159.0643    53      160.9365      158.6665   738377    1.41%
   9290  4737      158.7037    51      160.9365      158.6669   745789    1.41%
Elapsed time = 594.12 sec. (533017.91 ticks, tree = 17.89 MB, solutions = 5)
   9420  4854      158.6703    50      160.9365      158.6672   752207    1.41%
   9543  4962      159.6411    53      160.9365      158.6675   759267    1.41%
   9560  4979      160.3487    37      160.9365      158.6675   761925    1.41%

Performing restart 2

Repeating presolve.
Tried aggregator 1 time.
MIP Presolve eliminated 4152 rows and 222 columns.
MIP Presolve modified 14742 coefficients.
Reduced MIP has 19479 rows, 1370 columns, and 144706 nonzeros.
Reduced MIP has 991 binaries, 0 generals, 0 SOSs, and 0 indicators.
Presolve time = 0.22 sec. (156.59 ticks)
Tried aggregator 1 time.
MIP Presolve eliminated 168 rows and 30 columns.
MIP Presolve modified 994 coefficients.
Reduced MIP has 19311 rows, 1340 columns, and 142619 nonzeros.
Reduced MIP has 961 binaries, 0 generals, 0 SOSs, and 0 indicators.
Presolve time = 0.18 sec. (126.79 ticks)
Tried aggregator 1 time.
Reduced MIP has 19311 rows, 1340 columns, and 142619 nonzeros.
Reduced MIP has 961 binaries, 0 generals, 0 SOSs, and 0 indicators.
Presolve time = 0.10 sec. (61.48 ticks)
Represolve time = 0.99 sec. (671.64 ticks)
   9563     0      158.6571   155      160.9365    Cuts: 1345   765963    1.41%
   9563     0      158.6571   148      160.9365    Cuts: 2218   766614    1.41%
   9563     0      158.6572   109      160.9365    Cuts: 1415   766972    1.41%
   9563     0      158.6572   171      160.9365     Cuts: 574   767341    1.41%
   9563     0      158.6572   131      160.9365     Cuts: 840   767523    1.41%
   9563     0      158.6572   110      160.9365     Cuts: 319   767810    1.41%
   9563     0      158.6572   112      160.9365     Cuts: 307   767983    1.41%
   9563     0      158.6572   106      160.9365     Cuts: 162   768271    1.41%
   9563     0      158.6572   107      160.9365    Cuts: 1609   768568    1.41%
   9563     0      158.6572   118      160.9365     Cuts: 484   768906    1.41%

Repeating presolve.
Tried aggregator 1 time.
MIP Presolve eliminated 922 rows and 59 columns.
MIP Presolve modified 24317 coefficients.
Reduced MIP has 18389 rows, 1281 columns, and 139307 nonzeros.
Reduced MIP has 912 binaries, 0 generals, 0 SOSs, and 0 indicators.
Presolve time = 0.27 sec. (184.81 ticks)
Tried aggregator 1 time.
MIP Presolve eliminated 138 rows and 14 columns.
MIP Presolve modified 7705 coefficients.
Reduced MIP has 18251 rows, 1267 columns, and 138373 nonzeros.
Reduced MIP has 898 binaries, 0 generals, 0 SOSs, and 0 indicators.
Presolve time = 0.25 sec. (160.08 ticks)
Tried aggregator 1 time.
MIP Presolve eliminated 15 rows and 1 columns.
MIP Presolve modified 118 coefficients.
Reduced MIP has 18236 rows, 1266 columns, and 138280 nonzeros.
Reduced MIP has 897 binaries, 0 generals, 0 SOSs, and 0 indicators.
Presolve time = 0.17 sec. (96.85 ticks)
Represolve time = 1.37 sec. (865.17 ticks)
   9563     0      158.6572   101      160.9365     Cuts: 447   772052    1.41%
   9563     0      158.6572    91      160.9365    Cuts: 1477   772222    1.41%
   9563     0      158.6572    89      160.9365     Cuts: 223   772474    1.41%
   9563     0      158.6572   160      160.9365     Cuts: 108   772692    1.41%
   9563     0      158.6573   176      160.9365     Cuts: 239   773505    1.41%
   9563     0      158.6573   129      160.9365     Cuts: 218   773763    1.41%
   9563     0      158.6573   116      160.9365     Cuts: 387   773982    1.41%
   9563     0      158.6573   200      160.9365     Cuts: 156   774124    1.41%
   9563     0      158.6573   111      160.9365     Cuts: 245   774301    1.41%
   9563     0      158.6573   117      160.9365     Cuts: 369   774436    1.41%
   9563     2      158.6573   107      160.9365      158.6678   774436    1.41%
   9569     8      158.6634    60      160.9365      158.6678   776317    1.41%
   9574    13      158.6634    55      160.9365      158.6678   777246    1.41%
   9583    20      158.6634    51      160.9365      158.6678   777900    1.41%
   9590    26      159.0644    54      160.9365      158.6678   778962    1.41%
   9598    32      159.0644    47      160.9365      158.6678   779870    1.41%
   9607    40      159.0988    79      160.9365      158.6678   782057    1.41%
Elapsed time = 763.03 sec. (696433.87 ticks, tree = 2.95 MB, solutions = 5)
   9614    44      160.6183    54      160.9365      158.6678   783262    1.41%
   9623    49      158.6575    92      160.9365      158.6678   784041    1.41%
   9634    59      158.7940    52      160.9365      158.6678   785278    1.41%
   9640    63      159.5491    45      160.9365      158.6678   786111    1.41%
   9649    71      159.5491    45      160.9365      158.6678   787192    1.41%
   9655    76      160.4023    50      160.9365      158.6678   789431    1.41%
   9667    87      160.5214    44      160.9365      158.6678   791758    1.41%
   9681    94        cutoff            160.9365      158.6678   799303    1.41%
   9693   106      158.6616    53      160.9365      158.6678   800748    1.41%
   9718   131      158.6933    58      160.9365      158.6678   802656    1.41%
Elapsed time = 807.12 sec. (737389.43 ticks, tree = 10.15 MB, solutions = 5)
   9773   183      159.4361    45      160.9365      158.6678   804130    1.41%
   9846   247      160.0372    25      160.9365      158.6678   805030    1.41%
   9862   254      160.5898    58      160.9365      158.6678   807868    1.41%
   9882   266      160.7971    34      160.9365      158.6678   810146    1.41%
   9891   267      160.8974    74      160.9365      158.6678   812386    1.41%
   9900   273      160.9064    42      160.9365      158.6678   814604    1.41%
   9926   287      158.9202    47      160.9365      158.6678   817489    1.41%
   9968   328      158.9202    34      160.9365      158.6678   820527    1.41%
  10022   378      159.1623    47      160.9365      158.6678   822086    1.41%
  10071   417      158.7596    51      160.9365      158.6678   824897    1.41%
Elapsed time = 844.00 sec. (778201.79 ticks, tree = 33.27 MB, solutions = 5)
  10134   480      158.7755    57      160.9365      158.6678   826720    1.41%
  10210   553      159.2243    30      160.9365      158.6678   827549    1.41%
  10231   563      159.6295    62      160.9365      158.6678   830283    1.41%
  10241   573      159.6990    82      160.9365      158.6678   831824    1.41%
  10295   619      160.7941    37      160.9365      158.6678   834314    1.41%
  10307   623      160.7401    53      160.9365      158.6678   836967    1.41%
  10349   644      159.1551    57      160.9365      158.6678   839396    1.41%
  10376   670      159.9589    56      160.9365      158.6678   841699    1.41%
  10468   743      158.6664    71      160.9365      158.6678   843626    1.41%
  10558   814      158.8383    60      160.9365      158.6678   845442    1.41%
Elapsed time = 883.55 sec. (818322.09 ticks, tree = 61.41 MB, solutions = 5)
  10579   832      160.3328    53      160.9365      158.6678   849367    1.41%
  10603   849      160.4282    62      160.9365      158.6678   854182    1.41%
  10621   861      158.9167    65      160.9365      158.6678   858462    1.41%
  10648   886      159.2577    47      160.9365      158.6678   861774    1.41%
  10726   944      158.7725    62      160.9365      158.6678   867844    1.41%
  10731   949      158.7725    78      160.9365      158.6678   868993    1.41%
  10755   973      158.8213    71      160.9365      158.6678   870254    1.41%
  10800  1012      159.1044    65      160.9365      158.6678   873139    1.41%
  10825  1036      159.1523    63      160.9365      158.6678   875727    1.41%
  10881  1072      158.8372    78      160.9365      158.6678   879714    1.41%
Elapsed time = 923.34 sec. (862172.35 ticks, tree = 74.25 MB, solutions = 5)
  10891  1080      160.0665    59      160.9365      158.6678   882386    1.41%
  10913  1099      160.7136    73      160.9365      158.6678   885333    1.41%
  10929  1109      158.8839    58      160.9365      158.6678   888822    1.41%
  10959  1139      158.9303    56      160.9365      158.6678   891274    1.41%
  11009  1185      158.8711    56      160.9365      158.6678   894141    1.41%
  11068  1239      159.1507    53      160.9365      158.6678   898426    1.41%
  11138  1296      160.1376    62      160.9365      158.6678   902400    1.41%
  11261  1403      160.1104    28      160.9365      158.6678   904956    1.41%
  11372  1495      158.6780    60      160.9365      158.6678   907316    1.41%
  11415  1538      158.7322    67      160.9365      158.6678   909569    1.41%
Elapsed time = 962.60 sec. (902501.68 ticks, tree = 130.82 MB, solutions = 5)
  11508  1601      160.7533    50      160.9365      158.6678   912594    1.41%
  11584  1663      160.9282    61      160.9365      158.6678   917146    1.41%
  11603  1668      158.7256    85      160.9365      158.6678   921580    1.41%
  11629  1693      158.7290    68      160.9365      158.6678   924537    1.41%
  11694  1753      158.7536    62      160.9365      158.6678   928807    1.41%
  11747  1796      158.9089    57      160.9365      158.6678   933688    1.41%
  11816  1855      159.0243    62      160.9365      158.6678   937273    1.41%
  11933  1957      158.7276    51      160.9365      158.6678   940024    1.41%
  12003  2023      158.9457    67      160.9365      158.6678   942620    1.41%
  12085  2100      159.8094    63      160.9365      158.6678   946834    1.41%
Elapsed time = 1007.25 sec. (942541.96 ticks, tree = 197.69 MB, solutions = 5)
  12142  2145      159.0825    50      160.9365      158.6678   952663    1.41%
  12268  2247      159.5243    69      160.9365      158.6678   956724    1.41%
  12341  2312      159.3082    55      160.9365      158.6678   960642    1.41%
  12403  2357      159.0448    57      160.9365      158.6678   965367    1.41%
  12482  2426      159.9802    55      160.9365      158.6678   970279    1.41%
  12601  2527      159.5694    62      160.9365      158.6678   974171    1.41%
  12641  2553      158.6624    61      160.9365      158.6678   979677    1.41%
  12758  2657      158.6706   109      160.9365      158.6678   982198    1.41%
  12837  2733      159.1443    56      160.9365      158.6678   986789    1.41%
  12926  2813      158.7519    58      160.9365      158.6678   990589    1.41%
Elapsed time = 1049.34 sec. (981078.03 ticks, tree = 267.88 MB, solutions = 5)
  13031  2906      158.8131    66      160.9365      158.6678   994017    1.41%
  13122  2987      160.4694    41      160.9365      158.6678   998138    1.41%
  13181  3030      159.1741    67      160.9365      158.6678  1002343    1.41%
  13272  3111      160.4558    53      160.9365      158.6678  1006554    1.41%
  13347  3177      158.6720    86      160.9365      158.6678  1010977    1.41%
  13509  3310      158.7539    65      160.9365      158.6678  1014151    1.41%
  13587  3378      159.4841    68      160.9365      158.6678  1017759    1.41%
  13619  3404      158.6635    74      160.9365      158.6678  1021092    1.41%
  13650  3434      158.9148    40      160.9365      158.6678  1026487    1.41%
  13690  3470      159.4473    46      160.9365      158.6678  1029601    1.41%
Elapsed time = 1091.70 sec. (1019610.12 ticks, tree = 340.76 MB, solutions = 5)
  13797  3543      159.4006    70      160.9365      158.6678  1033011    1.41%
  13845  3585      159.2359    63      160.9365      158.6678  1037631    1.41%
  13863  3603      159.2390    75      160.9365      158.6678  1039559    1.41%
  13902  3638      158.8614    63      160.9365      158.6678  1043050    1.41%
  13947  3671      158.7638    84      160.9365      158.6678  1048482    1.41%
  13992  3708      159.4025   117      160.9365      158.6678  1054598    1.41%
  14002  3716      160.7276    98      160.9365      158.6678  1059968    1.41%
  14046  3758      160.1865    50      160.9365      158.6678  1064550    1.41%
  14108  3808      159.2754    64      160.9365      158.6678  1068170    1.41%
  14178  3871      159.5817    62      160.9365      158.6678  1071957    1.41%
Elapsed time = 1135.67 sec. (1066888.92 ticks, tree = 391.89 MB, solutions = 5)
  14261  3949      158.9248    60      160.9365      158.6678  1075538    1.41%
  14311  3986      158.6704    64      160.9365      158.6678  1079848    1.41%
  14406  4075      160.1417    53      160.9365      158.6678  1084300    1.41%
  14463  4128      158.8652    54      160.9365      158.6678  1087598    1.41%
  14562  4214      158.6805    74      160.9365      158.6678  1091131    1.41%
  14631  4277      158.6659    89      160.9365      158.6678  1095566    1.41%
  14710  4349      159.5122    78      160.9365      158.6678  1099057    1.41%
  14727  4365      159.5123    68      160.9365      158.6678  1102752    1.41%
  14785  4415      159.2857    68      160.9365      158.6678  1107578    1.41%
  14860  4469      159.5122    69      160.9365      158.6678  1112599    1.41%
Elapsed time = 1179.82 sec. (1108150.62 ticks, tree = 478.81 MB, solutions = 5)
  14955  4553      158.6743    66      160.9365      158.6678  1116464    1.41%
  15021  4616      159.5316    57      160.9365      158.6678  1121272    1.41%
  15123  4706      160.5850    41      160.9365      158.6678  1125331    1.41%
  15197  4771      158.8314    67      160.9365      158.6678  1131208    1.41%
  15253  4819      159.9240    39      160.9365      158.6678  1135723    1.41%
  15308  4865      159.2813    50      160.9365      158.6678  1139561    1.41%
  15327  4874      160.5330    57      160.9365      158.6678  1142343    1.41%
  15379  4919      158.6995    65      160.9365      158.6678  1147985    1.41%
  15462  4991      159.9949    61      160.9365      158.6678  1151504    1.41%
  15543  5051        cutoff            160.9365      158.6678  1155265    1.41%
Elapsed time = 1220.18 sec. (1147316.68 ticks, tree = 562.41 MB, solutions = 5)
  15611  5111      158.6758    66      160.9365      158.6678  1159077    1.41%
  15683  5170      159.0948    64      160.9365      158.6678  1164001    1.41%
  15753  5228      160.0790    57      160.9365      158.6678  1168148    1.41%
  15788  5252      159.5722    54      160.9365      158.6678  1174121    1.41%
  15812  5271      160.5432    48      160.9365      158.6678  1179267    1.41%
  15863  5311      159.0647    50      160.9365      158.6678  1184718    1.41%
  15957  5396      160.1909    53      160.9365      158.6678  1188317    1.41%
  16014  5443      160.3097    49      160.9365      158.6678  1194541    1.41%
  16084  5504      160.7471    47      160.9365      158.6678  1199487    1.41%
  16202  5607      158.6746    74      160.9365      158.6678  1202463    1.41%
Elapsed time = 1265.02 sec. (1191397.83 ticks, tree = 630.45 MB, solutions = 5)
  16281  5681      160.0911    52      160.9365      158.6678  1206855    1.41%
  16357  5744      158.6670    94      160.9365      158.6678  1210083    1.41%
  16419  5802      158.7590    76      160.9365      158.6678  1213526    1.41%
  16493  5873      158.6660    69      160.9365      158.6678  1216630    1.41%
  16567  5942      159.2866    63      160.9365      158.6678  1220971    1.41%
  16601  5976      159.4027    53      160.9365      158.6678  1226944    1.41%
  16683  6050      160.3080    51      160.9365      158.6678  1232257    1.41%
  16769  6124      158.7801    51      160.9365      158.6678  1235386    1.41%
  16839  6190      158.8259    78      160.9365      158.6678  1239335    1.41%
  16886  6231      159.3093    48      160.9365      158.6678  1244997    1.41%
Elapsed time = 1306.05 sec. (1230443.38 ticks, tree = 640.60 MB, solutions = 5)
  16973  6307      158.9261    53      160.9365      158.6678  1250523    1.41%
  17088  6407      159.8320    45      160.9365      158.6678  1255260    1.41%
  17208  6511      158.7977    51      160.9365      158.6678  1259549    1.41%
  17258  6550      160.9115    52      160.9365      158.6678  1264413    1.41%
  17310  6593      160.4671    56      160.9365      158.6678  1267594    1.41%
  17393  6661      158.8757    67      160.9365      158.6678  1272394    1.41%
  17445  6704      160.7938    39      160.9365      158.6678  1278274    1.41%
  17528  6771      159.3653    48      160.9365      158.6678  1283299    1.41%
  17620  6849      159.9295    67      160.9365      158.6678  1288118    1.41%
  17694  6914      160.3441    73      160.9365      158.6678  1293109    1.41%
Elapsed time = 1352.49 sec. (1269978.48 ticks, tree = 718.24 MB, solutions = 5)
  17768  6976      160.0613    51      160.9365      158.6678  1298400    1.41%
  17867  7063      158.8670    67      160.9365      158.6678  1302726    1.41%
  17965  7144      160.2326    65      160.9365      158.6678  1307470    1.41%
  18021  7193      160.4966    40      160.9365      158.6678  1312906    1.41%
  18103  7267      158.7308    69      160.9365      158.6678  1317159    1.41%
  18163  7322      158.7920    67      160.9365      158.6678  1320331    1.41%
  18263  7405      158.6769    71      160.9365      158.6678  1323052    1.41%
  18356  7493      158.8401    62      160.9365      158.6678  1326431    1.41%
  18438  7566      158.7142    61      160.9365      158.6678  1329739    1.41%
  18534  7637      158.7952    45      160.9365      158.6678  1334848    1.41%
Elapsed time = 1407.32 sec. (1313320.59 ticks, tree = 797.83 MB, solutions = 5)
  18622  7715      159.4307    58      160.9365      158.6678  1339677    1.41%
  18763  7834      159.5992    15      160.9365      158.6678  1343347    1.41%
  18812  7869      158.7142    57      160.9365      158.6679  1349931    1.41%
  18929  7978      160.6945    46      160.9365      158.6679  1353558    1.41%
  19010  8046        cutoff            160.9365      158.6680  1357856    1.41%
  19061  8092      159.1549    61      160.9365      158.6680  1364423    1.41%
  19123  8133      160.6151    43      160.9365      158.6681  1371883    1.41%
  19162  8166      158.9070    46      160.9365      158.6681  1378470    1.41%
  19239  8235      158.6947    57      160.9365      158.6681  1383472    1.41%
  19346  8336      160.2453    44      160.9365      158.6681  1386922    1.41%
Elapsed time = 1459.22 sec. (1352108.66 ticks, tree = 843.46 MB, solutions = 5)
  19444  8427      158.7939    61      160.9365      158.6682  1391120    1.41%
  19515  8485      158.7018    70      160.9365      158.6683  1397456    1.41%
  19588  8555      159.1853    55      160.9365      158.6683  1399706    1.41%
  19687  8642      158.7797    66      160.9365      158.6685  1403860    1.41%
  19729  8677      158.7071    55      160.9365      158.6686  1409183    1.41%
  19830  8772      159.6650    46      160.9365      158.6687  1413074    1.41%
  19900  8834      158.8693    58      160.9365      158.6688  1417617    1.41%
  19946  8871      158.9225    66      160.9365      158.6688  1424742    1.41%
  20009  8923      158.7126    52      160.9365      158.6691  1429686    1.41%
  20118  9023      160.1254    50      160.9365      158.6691  1433874    1.41%
Elapsed time = 1511.52 sec. (1390696.14 ticks, tree = 885.46 MB, solutions = 5)
  20229  9124      159.6335    50      160.9365      158.6691  1437820    1.41%
  20313  9199      158.6993    62      160.9365      158.6692  1440997    1.41%
  20392  9268      158.9641    50      160.9365      158.6692  1445404    1.41%
  20512  9375      160.3080    39      160.9365      158.6692  1449504    1.41%
  20598  9444      158.7418    64      160.9365      158.6692  1455265    1.41%
  20681  9522      160.5423    40      160.9365      158.6692  1460682    1.41%
  20715  9551      159.8487    50      160.9365      158.6692  1467180    1.41%
  20763  9592      159.0558    60      160.9365      158.6692  1470180    1.41%
  20853  9676      159.2200    51      160.9365      158.6692  1474962    1.41%
  20916  9728      159.7042    70      160.9365      158.6694  1481916    1.41%
Elapsed time = 1560.51 sec. (1429745.04 ticks, tree = 954.65 MB, solutions = 5)
  20968  9769      159.3456    75      160.9365      158.6694  1489161    1.41%
  21042  9834      159.8756    58      160.9365      158.6696  1495635    1.41%
  21076  9857      160.0084    46      160.9365      158.6696  1502804    1.41%
  21179  9951      158.6723    69      160.9365      158.6696  1508660    1.41%
  21213  9983      158.7725    76      160.9365      158.6696  1515837    1.41%
  21308 10062      160.5848    45      160.9365      158.6696  1521531    1.41%
  21357 10106      158.6696    76      160.9365      158.6696  1524517    1.41%
  21399 10148      159.0049    50      160.9365      158.6696  1525528    1.41%
  21492 10226      158.7676    58      160.9365      158.6696  1529947    1.41%
  21539 10269      159.1905    59      160.9365      158.6696  1535490    1.41%
Elapsed time = 1608.39 sec. (1469183.08 ticks, tree = 1030.51 MB, solutions = 5)
  21612 10335      159.2703    68      160.9365      158.6696  1540661    1.41%
  21684 10396      160.2263    44      160.9365      158.6696  1545508    1.41%
  21737 10445      159.3696    55      160.9365      158.6696  1550206    1.41%
  21789 10491      160.2549    36      160.9365      158.6696  1555531    1.41%
  21851 10549      159.0612    64      160.9365      158.6696  1558983    1.41%
  21897 10591      158.8796    67      160.9365      158.6696  1564644    1.41%
  21967 10659      160.6312    35      160.9365      158.6696  1569304    1.41%
  22022 10705      158.7676    52      160.9365      158.6696  1573034    1.41%
  22076 10749      159.5908    54      160.9365      158.6696  1577964    1.41%
  22135 10805      158.6768    65      160.9365      158.6696  1581950    1.41%
Elapsed time = 1659.10 sec. (1508049.08 ticks, tree = 1108.24 MB, solutions = 5)
  22211 10873      159.3563    40      160.9365      158.6696  1585694    1.41%
* 22263+ 9234                          160.3991      158.6696             1.08%
* 22263+ 9147                          160.3489      158.6696             1.05%
  22263  9149      160.0589    17      160.3489      158.6696  1587460    1.05%
  22361  9225      158.6858    45      160.3489      158.6698  1590754    1.05%
  22363  9226      158.6858    42      160.3489      158.6698  1591015    1.05%
  22444  9294      158.7329    67      160.3489      158.6698  1594572    1.05%
  22463  9311      158.8161    64      160.3489      158.6698  1596506    1.05%
  22501  9339      159.1487    53      160.3489      158.6699  1601682    1.05%
  22545  9375      158.7805    67      160.3489      158.6699  1607216    1.05%
  22597  9418      158.9124    42      160.3489      158.6700  1611564    1.05%
  22683  9489      158.7827    59      160.3489      158.6701  1616039    1.05%
Elapsed time = 1716.81 sec. (1553324.36 ticks, tree = 970.72 MB, solutions = 7)
  22752  9547      159.4581    51      160.3489      158.6701  1620374    1.05%
  22809  9594      158.8912    67      160.3489      158.6701  1623721    1.05%
  22883  9651      158.8912    42      160.3489      158.6704  1629531    1.05%
  22939  9693      159.6857    43      160.3489      158.6704  1634679    1.05%
  22983  9725      158.9429    56      160.3489      158.6704  1640158    1.05%
  23050  9782      158.8390    65      160.3489      158.6704  1645578    1.05%
  23099  9821      160.0020    52      160.3489      158.6704  1652468    1.05%
  23163  9874      158.6747    70      160.3489      158.6704  1657221    1.05%
  23225  9928      158.6751    68      160.3489      158.6704  1662917    1.05%
  23291  9989      159.3166    84      160.3489      158.6704  1668835    1.05%
Elapsed time = 1771.38 sec. (1593364.22 ticks, tree = 1042.37 MB, solutions = 7)
  23366 10057      160.1219    49      160.3489      158.6704  1674307    1.05%
  23438 10115      158.7952    57      160.3489      158.6705  1679667    1.05%
  23509 10182      158.8079    65      160.3489      158.6705  1685217    1.05%
  23586 10244      158.9979    57      160.3489      158.6709  1689946    1.05%
  23689 10334      159.3115    49      160.3489      158.6710  1694418    1.05%
  23763 10399      159.1082    57      160.3489      158.6710  1699866    1.05%
  23850 10475      158.9533    57      160.3489      158.6711  1704411    1.05%
  23956 10563      158.8424    67      160.3489      158.6711  1708773    1.05%
  24052 10648      158.6812    71      160.3489      158.6711  1713330    1.05%
  24162 10737      158.6714    66      160.3489      158.6712  1717759    1.05%
Elapsed time = 1829.29 sec. (1631917.18 ticks, tree = 1133.68 MB, solutions = 7)
  24228 10798      158.8030    78      160.3489      158.6712  1723752    1.05%
* 24263+10806                          160.3423      158.6712             1.04%
  24263 10808      159.3471    50      160.3423      158.6712  1726102    1.04%
  24363 10898      160.0362    50      160.3423      158.6712  1729490    1.04%
  24438 10959      159.0077    56      160.3423      158.6713  1735406    1.04%
  24476 10979      158.7961    58      160.3423      158.6714  1741620    1.04%
  24550 11043      158.9529    50      160.3423      158.6715  1745265    1.04%
  24623 11107      159.1779    65      160.3423      158.6715  1750476    1.04%
  24700 11172      159.1703    42      160.3423      158.6715  1755286    1.04%
  24730 11191      158.6747    78      160.3423      158.6716  1760882    1.04%
  24812 11261      158.6716    61      160.3423      158.6716  1764502    1.04%
Elapsed time = 1891.95 sec. (1678841.41 ticks, tree = 1200.00 MB, solutions = 8)
  24912 11350      158.7922    63      160.3423      158.6717  1768376    1.04%
  24956 11384      158.9878    78      160.3423      158.6717  1774253    1.04%
  25013 11426      158.6903    64      160.3423      158.6717  1779620    1.04%
  25090 11487      158.6873    71      160.3423      158.6717  1783540    1.04%
  25149 11537      159.6636    49      160.3423      158.6717  1787958    1.04%
  25176 11551      158.7561    54      160.3423      158.6719  1793643    1.04%
  25254 11614      158.8669    54      160.3423      158.6719  1798287    1.04%
  25337 11681      160.0332    38      160.3423      158.6720  1803103    1.04%
  25363 11702      158.8994    60      160.3423      158.6720  1807308    1.04%
  25419 11746      160.3293    43      160.3423      158.6720  1813037    1.04%
Elapsed time = 1951.28 sec. (1721880.78 ticks, tree = 1246.31 MB, solutions = 8)
  25531 11842      160.1925    38      160.3423      158.6721  1817254    1.04%
  25605 11901      158.7382    83      160.3423      158.6721  1822983    1.04%
  25678 11963      159.6871    61      160.3423      158.6722  1827259    1.04%
  25753 12027      158.6954    55      160.3423      158.6723  1833175    1.04%
  25853 12117      158.7089    71      160.3423      158.6724  1836852    1.04%
  25912 12166      159.1918    52      160.3423      158.6725  1843125    1.04%
  26027 12256      158.8096    67      160.3423      158.6725  1847145    1.04%
  26093 12309      158.9243    62      160.3423      158.6726  1852188    1.04%
  26156 12351      159.0550    63      160.3423      158.6726  1857702    1.04%
  26240 12422      158.7561    53      160.3423      158.6727  1862672    1.04%
Elapsed time = 2011.33 sec. (1760762.58 ticks, tree = 1323.12 MB, solutions = 8)
  26316 12493      159.2825    68      160.3423      158.6727  1868183    1.04%
  26403 12565      158.6728    69      160.3423      158.6728  1872636    1.04%
  26476 12621      158.7149    74      160.3423      158.6729  1877787    1.04%
  26578 12707      158.9039    45      160.3423      158.6730  1882108    1.04%
  26636 12748      158.6896    66      160.3423      158.6730  1888624    1.04%
  26735 12840      158.8680    60      160.3423      158.6730  1892533    1.04%
  26778 12875      158.8755    52      160.3423      158.6730  1898075    1.04%
  26889 12964      160.3258    36      160.3423      158.6730  1903461    1.04%
  26981 13039      158.8093    63      160.3423      158.6732  1908525    1.04%
  27084 13121      158.7187    59      160.3423      158.6734  1913280    1.04%
Elapsed time = 2068.07 sec. (1799350.80 ticks, tree = 1390.59 MB, solutions = 8)
  27130 13156      158.9719    67      160.3423      158.6734  1917930    1.04%
  27204 13227      159.4949    55      160.3423      158.6735  1920469    1.04%
  27284 13294      158.7403    61      160.3423      158.6735  1926366    1.04%
  27354 13358      158.7357    67      160.3423      158.6735  1930758    1.04%
  27445 13436      158.8118    65      160.3423      158.6735  1934508    1.04%
  27518 13493      158.9423    50      160.3423      158.6736  1938376    1.04%
  27585 13551      158.6736    47      160.3423      158.6736  1941923    1.04%
  27657 13616      158.8309    66      160.3423      158.6736  1945950    1.04%
  27718 13662      160.1697    43      160.3423      158.6736  1950061    1.04%
  27782 13713      158.9259    55      160.3423      158.6736  1955081    1.04%
Elapsed time = 2128.78 sec. (1839532.58 ticks, tree = 1451.05 MB, solutions = 8)
  27851 13766      159.6408    63      160.3423      158.6737  1959829    1.04%
  27863 13776      159.9372    54      160.3423      158.6737  1960514    1.04%
  27958 13858      160.0883    39      160.3423      158.6737  1964082    1.04%
  28045 13923      158.7595    51      160.3423      158.6737  1969458    1.04%
  28116 13980      158.6909    75      160.3423      158.6738  1975021    1.04%
  28211 14064      158.6746    98      160.3423      158.6740  1979362    1.04%
  28303 14145      159.5636    50      160.3423      158.6741  1984164    1.04%
  28385 14204      159.6636    52      160.3423      158.6741  1988357    1.04%
  28430 14236      159.7404    53      160.3423      158.6742  1994090    1.04%
  28521 14317      158.7873    69      160.3423      158.6742  1998852    1.04%
Elapsed time = 2181.05 sec. (1881898.13 ticks, tree = 1497.14 MB, solutions = 8)
  28572 14355      160.1164    43      160.3423      158.6743  2005253    1.04%
  28653 14425      159.0371    50      160.3423      158.6744  2010385    1.04%
  28751 14507      160.1633    39      160.3423      158.6744  2016507    1.04%
  28837 14576      159.5950    46      160.3423      158.6745  2021258    1.04%
  28923 14647      158.6933    63      160.3423      158.6747  2025571    1.04%
  29005 14718      159.0143    59      160.3423      158.6748  2031020    1.04%
  29057 14767      160.0567    51      160.3423      158.6748  2037879    1.04%
  29152 14843      158.9516    59      160.3423      158.6748  2042979    1.04%
  29229 14903      158.6763    67      160.3423      158.6751  2049223    1.04%
  29321 14981      159.6731    52      160.3423      158.6751  2054445    1.04%
Elapsed time = 2223.89 sec. (1920636.10 ticks, tree = 1557.81 MB, solutions = 8)
  29412 15058      159.1005    64      160.3423      158.6752  2059084    1.04%
  29501 15123      158.8218    59      160.3423      158.6754  2065323    1.04%
  29592 15202      159.2954    52      160.3423      158.6754  2070486    1.04%
  29696 15283      158.8517    56      160.3423      158.6757  2075599    1.04%
  29802 15374      158.6781    69      160.3423      158.6758  2079803    1.04%
  29894 15453      158.7746    93      160.3423      158.6759  2088303    1.04%
  29948 15495      159.4371    42      160.3423      158.6760  2095040    1.04%
  30008 15540      158.8102    65      160.3423      158.6761  2101076    1.04%
  30107 15620      158.8126    53      160.3423      158.6763  2106420    1.04%
  30172 15672      158.7709    44      160.3423      158.6764  2110006    1.04%
Elapsed time = 2270.91 sec. (1960329.23 ticks, tree = 1629.11 MB, solutions = 8)
  30262 15751      159.6117    78      160.3423      158.6764  2113037    1.04%
  30352 15823      158.8885    41      160.3423      158.6765  2116941    1.04%
  30419 15881      159.0944    60      160.3423      158.6766  2122005    1.04%
  30474 15926      158.8157    69      160.3423      158.6767  2126956    1.04%
  30552 15994      158.8685    60      160.3423      158.6768  2131281    1.04%
  30627 16054      159.8737    62      160.3423      158.6768  2135739    1.04%
  30688 16103      159.1883    50      160.3423      158.6769  2139843    1.04%
  30777 16178      158.7746    69      160.3423      158.6769  2144267    1.04%
  30859 16245      158.6772    61      160.3423      158.6769  2148464    1.04%
  30863 16249      158.6778    56      160.3423      158.6769  2148611    1.04%
Elapsed time = 2317.08 sec. (2000819.26 ticks, tree = 1713.92 MB, solutions = 8)
  30940 16310      158.7543    78      160.3423      158.6770  2152803    1.04%
  31016 16371      159.4261    31      160.3423      158.6771  2157901    1.04%
  31109 16439        cutoff            160.3423      158.6771  2162571    1.04%
  31187 16501      159.7400    33      160.3423      158.6772  2166927    1.04%
  31243 16537      158.8112    69      160.3423      158.6772  2172135    1.04%
  31367 16644      158.8897    60      160.3423      158.6772  2175830    1.04%
  31482 16735      158.6920    69      160.3423      158.6774  2180065    1.04%
  31548 16794      159.5123    46      160.3423      158.6774  2184273    1.04%
  31629 16858      158.8039    47      160.3423      158.6775  2189907    1.04%
  31683 16894      158.7499    65      160.3423      158.6775  2195436    1.04%
Elapsed time = 2360.53 sec. (2039433.35 ticks, tree = 1797.60 MB, solutions = 8)
  31732 16934      158.6932    61      160.3423      158.6775  2201377    1.04%
  31814 17006      158.9639    50      160.3423      158.6775  2206141    1.04%
  31886 17052      159.5982    78      160.3423      158.6777  2210505    1.04%
  31954 17102      159.9997    34      160.3423      158.6777  2216437    1.04%
  32021 17153      159.7298    50      160.3423      158.6779  2221494    1.04%
  32113 17232      158.6916    68      160.3423      158.6779  2226320    1.04%
  32221 17330      159.1206    66      160.3423      158.6780  2230861    1.04%
  32292 17382      158.6842    65      160.3423      158.6780  2237123    1.04%
  32380 17458        cutoff            160.3423      158.6780  2241653    1.04%
  32461 17511      158.6780    60      160.3423      158.6780  2247334    1.04%
Elapsed time = 2405.67 sec. (2078558.31 ticks, tree = 1880.39 MB, solutions = 8)
  32548 17580      159.1433    54      160.3423      158.6781  2252543    1.04%
  32604 17618      158.7088    61      160.3423      158.6782  2258904    1.04%
  32694 17702      159.6871    37      160.3423      158.6782  2263251    1.04%
  32767 17754      159.5556    62      160.3423      158.6783  2267690    1.04%
  32847 17824      159.3332    50      160.3423      158.6783  2273473    1.04%
  32863 17835      158.8073    57      160.3423      158.6783  2274779    1.04%
  32958 17912      158.6867    69      160.3423      158.6783  2278658    1.04%
  33065 18002      159.5277    50      160.3423      158.6783  2284522    1.04%
  33152 18073      158.7415    54      160.3423      158.6784  2290393    1.04%
  33193 18108      158.7892    68      160.3423      158.6784  2294768    1.04%
Elapsed time = 2453.24 sec. (2119864.21 ticks, tree = 1942.57 MB, solutions = 8)
  33303 18203      159.8732    48      160.3423      158.6785  2299280    1.04%
  33345 18231      159.3340    35      160.3423      158.6785  2305513    1.04%
  33421 18299      158.6853    64      160.3423      158.6787  2310143    1.04%
  33510 18375      159.5286    47      160.3423      158.6789  2315257    1.04%
  33595 18449      158.9538    66      160.3423      158.6789  2320539    1.04%
  33686 18518      160.2001    51      160.3423      158.6791  2326258    1.04%
  33740 18557      160.1768    48      160.3423      158.6792  2330819    1.04%
  33778 18586      159.8889    48      160.3423      158.6793  2335239    1.04%
  33850 18645      159.5013    55      160.3423      158.6793  2339800    1.04%
  33932 18707      158.9858    61      160.3423      158.6794  2344376    1.04%
Elapsed time = 2501.49 sec. (2159298.84 ticks, tree = 2020.17 MB, solutions = 8)
  33983 18749      158.8271    69      160.3423      158.6794  2348706    1.04%
  34035 18789      158.8616    67      160.3423      158.6795  2352985    1.04%
  34140 18878      159.3175    50      160.3423      158.6795  2356707    1.04%
  34188 18906      159.6494    57      160.3423      158.6796  2362062    1.04%
  34241 18952      159.5346    48      160.3423      158.6796  2366863    1.04%
  34307 19001      159.6763    62      160.3423      158.6797  2371540    1.04%
  34380 19062      159.6130    53      160.3423      158.6797  2374806    1.04%
  34458 19123      159.4987    54      160.3423      158.6798  2379638    1.04%
  34526 19170      158.6798    70      160.3423      158.6799  2383829    1.04%
  34600 19233      159.6463    52      160.3423      158.6800  2387885    1.04%
Elapsed time = 2548.85 sec. (2198456.83 ticks, tree = 2069.16 MB, solutions = 8)
Nodefile size = 22.15 MB (22.12 MB after compression)
  34686 19295      158.7491    54      160.3423      158.6800  2392297    1.04%
  34778 19376      159.0729    62      160.3423      158.6800  2396066    1.04%
  34878 19462      158.8760    68      160.3423      158.6801  2401358    1.04%
  34919 19494      159.4981    47      160.3423      158.6801  2406313    1.04%
  34963 19529      160.1829    51      160.3423      158.6801  2412597    1.04%
  35058 19607      159.7362    51      160.3423      158.6802  2417652    1.04%
  35099 19635      158.9497    60      160.3423      158.6802  2423072    1.04%
  35177 19698      159.1541    51      160.3423      158.6803  2427813    1.04%
  35218 19732      158.9827    52      160.3423      158.6803  2433765    1.04%
  35271 19767      158.9179    59      160.3423      158.6805  2438044    1.04%
Elapsed time = 2597.57 sec. (2241960.20 ticks, tree = 2092.50 MB, solutions = 8)
Nodefile size = 45.07 MB (44.96 MB after compression)
  35309 19800      158.7411    74      160.3423      158.6805  2441671    1.04%
  35370 19850      158.6818    66      160.3423      158.6806  2446672    1.04%
  35461 19928      158.7423    52      160.3423      158.6806  2450161    1.04%
  35512 19973      159.3629    51      160.3423      158.6806  2455238    1.04%
  35548 20001      158.7423    56      160.3423      158.6806  2461257    1.04%
  35603 20050      158.8498    52      160.3423      158.6806  2466177    1.04%
  35652 20093      158.8731    76      160.3423      158.6806  2470765    1.04%
  35706 20143      158.9664    77      160.3423      158.6806  2475755    1.04%
  35746 20175      159.3367    43      160.3423      158.6806  2481257    1.04%
  35786 20207      158.7929    82      160.3423      158.6806  2487339    1.04%
Elapsed time = 2641.58 sec. (2281464.07 ticks, tree = 2138.58 MB, solutions = 8)
Nodefile size = 91.07 MB (90.88 MB after compression)
  35853 20267      158.7920    48      160.3423      158.6806  2492334    1.04%
  35930 20334      158.8717    61      160.3423      158.6806  2497397    1.04%
  35971 20369      158.8156    66      160.3423      158.6806  2501834    1.04%
  36032 20423      158.8102    82      160.3423      158.6806  2507535    1.04%
  36065 20455      159.4723    41      160.3423      158.6806  2513524    1.04%
  36114 20497      159.0678    72      160.3423      158.6806  2518782    1.04%
  36168 20544      158.7622    66      160.3423      158.6806  2523582    1.04%
  36226 20597      159.3528    51      160.3423      158.6806  2529062    1.04%
  36272 20631      158.7920    54      160.3423      158.6806  2535004    1.04%
  36336 20684      158.7547    70      160.3423      158.6806  2541789    1.04%
Elapsed time = 2685.45 sec. (2320880.40 ticks, tree = 2202.19 MB, solutions = 8)
Nodefile size = 154.89 MB (154.55 MB after compression)
  36420 20764      158.8560    70      160.3423      158.6806  2545761    1.04%
  36463 20803      159.1595    67      160.3423      158.6806  2550113    1.04%
  36544 20870      158.7859    72      160.3423      158.6806  2555143    1.04%
  36580 20906      159.5553    64      160.3423      158.6806  2561810    1.04%
  36626 20944      158.8562    77      160.3423      158.6807  2566337    1.04%
  36698 20995      159.9680    54      160.3423      158.6807  2572241    1.04%
  36783 21070      160.1177    34      160.3423      158.6807  2577991    1.04%
  36878 21150      159.4656    43      160.3423      158.6808  2582428    1.04%
  36979 21231      159.5635    52      160.3423      158.6808  2586975    1.04%
  37050 21286      159.2533    61      160.3423      158.6808  2591856    1.04%
Elapsed time = 2738.21 sec. (2366787.84 ticks, tree = 2279.57 MB, solutions = 8)
Nodefile size = 231.92 MB (231.48 MB after compression)
  37153 21369        cutoff            160.3423      158.6809  2596391    1.04%
  37206 21407      158.8432    50      160.3423      158.6809  2600305    1.04%
  37311 21500      158.8531    65      160.3423      158.6811  2603806    1.04%
  37364 21533      159.5272    68      160.3423      158.6811  2607817    1.04%
  37451 21605      158.6856    61      160.3423      158.6812  2612279    1.04%
  37544 21681      159.0124    72      160.3423      158.6813  2617518    1.04%
  37633 21750      159.9932    54      160.3423      158.6813  2621719    1.04%
  37735 21824      158.6844    76      160.3423      158.6814  2625296    1.04%
  37824 21892      158.7949    63      160.3423      158.6814  2629677    1.04%
  37927 21983      158.8409    62      160.3423      158.6815  2633301    1.04%
Elapsed time = 2785.40 sec. (2405366.81 ticks, tree = 2359.09 MB, solutions = 8)
Nodefile size = 311.94 MB (311.26 MB after compression)
  37994 22027      158.8985    62      160.3423      158.6815  2638065    1.04%
  38053 22076      158.8247    63      160.3423      158.6816  2642423    1.04%
  38135 22147      158.8659    59      160.3423      158.6816  2647419    1.04%
  38214 22201      160.3309    27      160.3423      158.6816  2652119    1.04%
  38286 22259      158.7401    78      160.3423      158.6816  2656532    1.04%
  38382 22343      159.1945    59      160.3423      158.6817  2660027    1.04%
  38473 22414      158.7774    54      160.3423      158.6818  2664243    1.04%
  38548 22474      159.0382    55      160.3423      158.6818  2669468    1.04%
  38653 22562      158.7403    69      160.3423      158.6819  2673449    1.04%
  38751 22642      159.3853    62      160.3423      158.6819  2678526    1.04%
Elapsed time = 2831.16 sec. (2443737.47 ticks, tree = 2446.49 MB, solutions = 8)
Nodefile size = 399.12 MB (398.32 MB after compression)
  38854 22732      158.6819    54      160.3423      158.6819  2683277    1.04%
  38903 22773      160.0582    67      160.3423      158.6821  2689155    1.04%
  38979 22834      159.0304    72      160.3423      158.6821  2694578    1.04%
  39053 22900      159.2064    69      160.3423      158.6821  2700161    1.04%
  39142 22975      158.7797    54      160.3423      158.6821  2705266    1.04%
  39231 23052      158.7019    64      160.3423      158.6822  2710703    1.04%
  39321 23124      158.7006    79      160.3423      158.6823  2715631    1.04%
  39423 23216      160.2629    38      160.3423      158.6823  2720069    1.04%
  39514 23291      159.3444    57      160.3423      158.6824  2725455    1.04%
  39580 23341      158.7777    82      160.3423      158.6824  2732244    1.04%
Elapsed time = 2877.02 sec. (2482377.89 ticks, tree = 2522.87 MB, solutions = 8)
Nodefile size = 475.02 MB (474.03 MB after compression)
  39663 23416      158.8674    71      160.3423      158.6825  2735888    1.04%
  39754 23498      158.7186    67      160.3423      158.6825  2740403    1.04%
  39831 23566      159.1754    58      160.3423      158.6826  2744810    1.04%
  39932 23651      158.7248    70      160.3423      158.6827  2748156    1.04%
  40007 23716      160.1012    38      160.3423      158.6828  2753352    1.03%
  40060 23756      159.7876    58      160.3423      158.6828  2760375    1.03%
  40131 23815      158.8565    65      160.3423      158.6829  2766656    1.03%
  40229 23892      158.7488    63      160.3423      158.6829  2772292    1.03%
  40297 23956      159.6054    51      160.3423      158.6829  2777284    1.03%
  40354 24002      159.3291    58      160.3423      158.6829  2784170    1.03%
Elapsed time = 2929.14 sec. (2526855.75 ticks, tree = 2601.56 MB, solutions = 8)
Nodefile size = 554.25 MB (552.97 MB after compression)
  40413 24049      158.7317    72      160.3423      158.6829  2791085    1.03%
  40491 24107      159.3908    53      160.3423      158.6832  2795910    1.03%
  40581 24185      159.2884    59      160.3423      158.6832  2801501    1.03%
  40685 24268      159.0063    65      160.3423      158.6833  2806872    1.03%
  40735 24306      158.7837    75      160.3423      158.6834  2811587    1.03%
  40806 24374      159.3372    63      160.3423      158.6834  2816592    1.03%
  40886 24436      158.7836    60      160.3423      158.6835  2822644    1.03%
  40927 24470      158.8426    67      160.3423      158.6835  2828307    1.03%
  41015 24546      159.2809    56      160.3423      158.6836  2832332    1.03%
  41091 24611      159.8313    54      160.3423      158.6837  2837589    1.03%
Elapsed time = 2975.26 sec. (2566999.26 ticks, tree = 2687.83 MB, solutions = 8)
Nodefile size = 640.08 MB (638.56 MB after compression)
  41215 24724      159.0536    53      160.3423      158.6838  2841592    1.03%
  41300 24789      158.8862    59      160.3423      158.6839  2844956    1.03%
  41350 24826      158.9189    54      160.3423      158.6840  2849842    1.03%
  41431 24883      158.8546    63      160.3423      158.6842  2856440    1.03%
  41520 24955      158.7910    55      160.3423      158.6843  2860913    1.03%
  41600 25019      158.7953    75      160.3423      158.6843  2865013    1.03%
  41669 25081      159.6957    52      160.3423      158.6843  2870340    1.03%
  41734 25140      159.0786    58      160.3423      158.6843  2874035    1.03%
  41829 25222      159.2996    57      160.3423      158.6843  2879091    1.03%
  41866 25249      159.8813    67      160.3423      158.6843  2884994    1.03%
Elapsed time = 3013.33 sec. (2606756.94 ticks, tree = 2743.47 MB, solutions = 8)
Nodefile size = 695.73 MB (694.01 MB after compression)
  41911 25284      159.2928    42      160.3423      158.6843  2890612    1.03%
  41963 25327      159.7663    43      160.3423      158.6843  2893746    1.03%
  42000 25359      159.6624    46      160.3423      158.6843  2898893    1.03%
  42035 25386      158.6877    91      160.3423      158.6843  2904141    1.03%
  42103 25449      158.6843    52      160.3423      158.6843  2908259    1.03%
  42169 25507      158.8622    59      160.3423      158.6843  2913337    1.03%
  42197 25530      158.8215    76      160.3423      158.6843  2918978    1.03%
  42244 25570      159.3796    57      160.3423      158.6843  2923071    1.03%
  42284 25600      159.5248    57      160.3423      158.6843  2929028    1.03%
  42369 25665      158.9256    60      160.3423      158.6845  2932958    1.03%
Elapsed time = 3050.21 sec. (2646705.03 ticks, tree = 2788.06 MB, solutions = 8)
Nodefile size = 740.85 MB (738.79 MB after compression)
  42455 25740      158.7547    64      160.3423      158.6845  2936238    1.03%
  42536 25798      158.7824    74      160.3423      158.6846  2941268    1.03%
  42629 25870      158.8689    57      160.3423      158.6847  2945384    1.03%
  42722 25951      158.8578    60      160.3423      158.6848  2948914    1.03%
  42791 26006      158.6903    64      160.3423      158.6848  2954464    1.03%
  42897 26099      159.4427    57      160.3423      158.6849  2958812    1.03%
  42963 26150      159.8200    56      160.3423      158.6850  2961359    1.03%
  43042 26203      159.9725    62      160.3423      158.6851  2967422    1.03%
  43129 26278      158.7473    66      160.3423      158.6852  2971735    1.03%
  43242 26380      158.8175    68      160.3423      158.6852  2975963    1.03%
Elapsed time = 3092.90 sec. (2688974.51 ticks, tree = 2852.20 MB, solutions = 8)
Nodefile size = 804.96 MB (802.65 MB after compression)
  43333 26457      160.2152    30      160.3423      158.6853  2981608    1.03%
  43422 26524      159.1980    47      160.3423      158.6853  2987152    1.03%
  43529 26615      158.7425    61      160.3423      158.6854  2991278    1.03%
  43620 26691      158.8496    43      160.3423      158.6855  2996565    1.03%
  43709 26766      159.6699    64      160.3423      158.6855  3002396    1.03%
  43800 26832      160.3028    45      160.3423      158.6855  3007965    1.03%
  43914 26929      158.9924    83      160.3423      158.6856  3013323    1.03%
  43998 27002      159.5469    45      160.3423      158.6856  3018851    1.03%
  44103 27096      159.9567    39      160.3423      158.6857  3023539    1.03%
  44207 27182      158.8056    61      160.3423      158.6858  3027469    1.03%
Elapsed time = 3132.99 sec. (2727766.62 ticks, tree = 2938.01 MB, solutions = 8)
Nodefile size = 890.81 MB (888.04 MB after compression)
  44283 27244      159.7562    51      160.3423      158.6858  3033338    1.03%
  44370 27315      158.9736    69      160.3423      158.6861  3037544    1.03%
  44438 27368      159.4473    59      160.3423      158.6861  3043897    1.03%
  44521 27433      158.7119    65      160.3423      158.6862  3048967    1.03%
  44609 27512      159.2801    50      160.3423      158.6862  3054228    1.03%
  44708 27598      159.7272    38      160.3423      158.6863  3058979    1.03%
  44758 27631      159.6606    49      160.3423      158.6864  3065811    1.03%
  44829 27691      159.9236    42      160.3423      158.6864  3071369    1.03%
  44912 27752      159.5995    33      160.3423      158.6864  3077256    1.03%
  44995 27822      159.0070    73      160.3423      158.6864  3083625    1.03%
Elapsed time = 3174.57 sec. (2766426.56 ticks, tree = 2998.80 MB, solutions = 8)
Nodefile size = 951.64 MB (948.66 MB after compression)
  45057 27876      159.1036    70      160.3423      158.6864  3090081    1.03%
  45063 27881      159.1141    58      160.3423      158.6864  3090285    1.03%
  45120 27930      160.0116    57      160.3423      158.6864  3096186    1.03%
  45157 27957      158.7851    78      160.3423      158.6864  3102531    1.03%
  45219 28015      158.7776    42      160.3423      158.6864  3108795    1.03%
  45280 28065      159.3150    75      160.3423      158.6864  3114361    1.03%
  45354 28127      159.5715    53      160.3423      158.6864  3119323    1.03%
  45398 28166      159.4826    57      160.3423      158.6865  3122273    1.03%
  45447 28201      160.1669    46      160.3423      158.6865  3128927    1.03%
  45529 28264      159.3156    59      160.3423      158.6867  3133120    1.03%
Elapsed time = 3218.50 sec. (2809758.90 ticks, tree = 3063.31 MB, solutions = 8)
Nodefile size = 1015.69 MB (1012.60 MB after compression)
  45611 28331      160.2907    36      160.3423      158.6867  3136794    1.03%
  45684 28391      158.9591    60      160.3423      158.6867  3141141    1.03%
  45758 28454      159.9823    42      160.3423      158.6868  3146345    1.03%
  45838 28521      158.9394    49      160.3423      158.6868  3150586    1.03%
  45920 28579      158.9547    62      160.3423      158.6869  3154909    1.03%
  46011 28656      159.4125    56      160.3423      158.6870  3158617    1.03%
  46082 28708      159.6573    63      160.3423      158.6870  3162993    1.03%
  46155 28764      158.7102    67      160.3423      158.6870  3167173    1.03%
  46239 28836      159.2212    65      160.3423      158.6872  3171147    1.03%
  46284 28869      159.5193    50      160.3423      158.6874  3174810    1.03%
Elapsed time = 3262.23 sec. (2848519.49 ticks, tree = 3151.98 MB, solutions = 8)
Nodefile size = 1104.19 MB (1101.01 MB after compression)
  46349 28922      158.7262    72      160.3423      158.6874  3180892    1.03%
  46363 28936      158.9679    58      160.3423      158.6874  3181184    1.03%
  46466 29011      159.6636    68      160.3423      158.6875  3185668    1.03%
  46555 29079      158.6932    65      160.3423      158.6876  3189191    1.03%
  46604 29123      158.8571    76      160.3423      158.6876  3193041    1.03%
  46663 29177      159.3782    55      160.3423      158.6876  3196163    1.03%
  46710 29202      159.8523    58      160.3423      158.6877  3203516    1.03%
  46763 29241      158.9190    56      160.3423      158.6878  3208148    1.03%
  46825 29294      159.2110    58      160.3423      158.6878  3212453    1.03%
  46863 29322      158.9230    60      160.3423      158.6878  3213582    1.03%
Elapsed time = 3319.78 sec. (2900694.11 ticks, tree = 3196.39 MB, solutions = 8)
Nodefile size = 1149.36 MB (1145.95 MB after compression)
  46937 29373      159.6699    54      160.3423      158.6878  3219130    1.03%
  46983 29406      158.8059    49      160.3423      158.6879  3222807    1.03%
  47051 29456      158.8080    58      160.3423      158.6880  3228320    1.03%
  47132 29527      158.8912    54      160.3423      158.6880  3232729    1.03%
  47163 29546      158.6906    74      160.3423      158.6881  3235309    1.03%
  47263 29638      160.2918    44      160.3423      158.6882  3238879    1.03%
  47337 29706      158.6882    49      160.3423      158.6882  3244030    1.03%
  47363 29731      159.9945    56      160.3423      158.6882  3248645    1.03%
  47422 29773      158.7870    56      160.3423      158.6882  3255538    1.03%
  47463 29814      160.0400    35      160.3423      158.6882  3257299    1.03%
Elapsed time = 3380.38 sec. (2956122.15 ticks, tree = 3237.48 MB, solutions = 8)
Nodefile size = 1189.63 MB (1185.82 MB after compression)
  47563 29902      158.6911    63      160.3423      158.6882  3261586    1.03%
  47655 29989      159.0739    56      160.3423      158.6882  3266973    1.03%
* 47663+29736                          160.2866      158.6882             1.00%
  47690 29757      159.2600    55      160.2866      158.6882  3271372    1.00%
  47763 29819      158.7153    73      160.2866      158.6882  3275049    1.00%
  47857 29909      158.6975    65      160.2866      158.6882  3279122    1.00%
  47863 29915      158.7131    41      160.2866      158.6882  3279413    1.00%
  47919 29958      159.4364    51      160.2866      158.6882  3285313    1.00%
  47963 29999      160.0667    44      160.2866      158.6882  3288119    1.00%
  48053 30081      158.7232    52      160.2866      158.6882  3293322    1.00%
  48063 30091      159.5191    50      160.2866      158.6882  3293578    1.00%
Elapsed time = 3447.49 sec. (3007809.76 ticks, tree = 3286.75 MB, solutions = 9)
Nodefile size = 1239.45 MB (1235.55 MB after compression)
  48162 30181      158.7732    68      160.2866      158.6882  3298001    1.00%
* 48263+29774                          160.2112      158.6882             0.95%
  48263 29776      158.9394    50      160.2112      158.6882  3301653    0.95%
  48338 29842      159.4829    67      160.2112      158.6882  3306911    0.95%
  48386 29885      159.5835    52      160.2112      158.6882  3309960    0.95%
  48444 29928      159.4604    50      160.2112      158.6882  3316762    0.95%
  48463 29940      158.8151    70      160.2112      158.6883  3318214    0.95%
  48563 30022      159.0936    64      160.2112      158.6883  3323580    0.95%
  48636 30085      159.2217    51      160.2112      158.6884  3329997    0.95%
  48663 30103      158.9245    61      160.2112      158.6884  3332324    0.95%
  48759 30184      158.6906    73      160.2112      158.6885  3337606    0.95%
Elapsed time = 3530.75 sec. (3062903.59 ticks, tree = 3311.01 MB, solutions = 10)
Nodefile size = 1263.71 MB (1259.71 MB after compression)
  48811 30233      158.7543    42      160.2112      158.6885  3340906    0.95%
  48863 30272      158.7001    66      160.2112      158.6885  3344546    0.95%
  48953 30352      159.5094    55      160.2112      158.6886  3349427    0.95%
  49063 30447      159.6554    52      160.2112      158.6887  3353958    0.95%
  49142 30507      158.7545    61      160.2112      158.6887  3359822    0.95%
  49163 30520      158.7126    72      160.2112      158.6888  3360452    0.95%
  49241 30591      159.0006    51      160.2112      158.6888  3365578    0.95%
  49263 30609      158.6930    65      160.2112      158.6888  3366164    0.95%
  49354 30688      158.7092    69      160.2112      158.6889  3371096    0.95%
  49397 30725      159.8962    35      160.2112      158.6889  3374889    0.95%
Elapsed time = 3589.25 sec. (3108339.04 ticks, tree = 3390.22 MB, solutions = 10)
Nodefile size = 1342.31 MB (1338.26 MB after compression)
  49467 30772      159.9177    45      160.2112      158.6890  3381424    0.95%

GUB cover cuts applied:  27
Clique cuts applied:  10
Cover cuts applied:  10
Implied bound cuts applied:  38
Flow cuts applied:  12
Mixed integer rounding cuts applied:  367
Zero-half cuts applied:  2
Gomory fractional cuts applied:  14

Root node processing (before b&c):
  Real time             =   10.69 sec. (10620.58 ticks)
Sequential b&c:
  Real time             = 3589.31 sec. (3105571.30 ticks)
                          ------------
Total (root+branch&cut) = 3600.00 sec. (3116191.88 ticks)
