Version identifier: 22.1.0.0 | 2022-03-09 | 1a383f8ce
CPXPARAM_Read_DataCheck                          1
CPXPARAM_Threads                                 1
CPXPARAM_TimeLimit                               3600
Tried aggregator 2 times.
MIP Presolve eliminated 6363 rows and 276 columns.
MIP Presolve modified 104578 coefficients.
Aggregator did 326 substitutions.
Reduced MIP has 24302 rows, 1618 columns, and 187745 nonzeros.
Reduced MIP has 1175 binaries, 0 generals, 0 SOSs, and 0 indicators.
Presolve time = 0.53 sec. (328.68 ticks)
Probing fixed 3 vars, tightened 38 bounds.
Probing time = 0.20 sec. (126.16 ticks)
Tried aggregator 1 time.
Detecting symmetries...
MIP Presolve eliminated 41 rows and 3 columns.
MIP Presolve modified 1328 coefficients.
Reduced MIP has 24261 rows, 1615 columns, and 187426 nonzeros.
Reduced MIP has 1172 binaries, 0 generals, 0 SOSs, and 0 indicators.
Presolve time = 0.18 sec. (105.31 ticks)
Probing time = 0.02 sec. (8.49 ticks)
Clique table members: 8930.
MIP emphasis: balance optimality and feasibility.
MIP search method: dynamic search.
Parallel mode: none, using 1 thread.
Root relaxation solution time = 0.14 sec. (102.98 ticks)

        Nodes                                         Cuts/
   Node  Left     Objective  IInf  Best Integer    Best Bound    ItCnt     Gap

      0     0      243.4673   291                    243.4673      641         
      0     0      243.4673   107                  Cuts: 1439     1682         
      0     0      243.4673   106                  Cuts: 1067     2565         
      0     0      243.4673   107                   Cuts: 166     3621         
Detecting symmetries...
      0     2      243.4673   107                    243.4673     3621         
Elapsed time = 10.86 sec. (10621.13 ticks, tree = 0.01 MB, solutions = 0)
      1     3      250.6448   117                    243.4673     4373         
      2     4      243.4673   105                    243.4673     4936         
      3     5      254.8313   124                    243.4673     6267         
      6     8      243.4673   101                    243.4673     7181         
     10    12      243.8663   119                    243.4673     8266         
     11    13      246.4441   109                    243.4673     8917         
     14    16      245.3583   117                    243.4677    10206         
     16    18      251.3066   110                    243.4679    11344         
     18    20      243.4917   104                    243.4679    12800         
     27    29      246.7685   123                    243.4679    15825         
Elapsed time = 15.96 sec. (15938.16 ticks, tree = 0.10 MB, solutions = 0)
     36    38      249.3261   105                    243.4679    18701         
     44    46      249.6198   110                    243.4679    25653         
     50    52      254.4292   153                    243.4679    28704         
     55    57      249.3382    99                    243.4679    33638         
     58    58    infeasible                          243.4679    41386         
     60    60      243.4922   111                    243.4679    42035         
     70    70      246.3208   104                    243.4679    46031         
     80    80      245.3298    78                    243.4679    48822         
     95    95      245.4701    77                    243.4679    53002         
    100   100      245.4701    81                    243.4679    54230         
Elapsed time = 38.30 sec. (37176.61 ticks, tree = 0.36 MB, solutions = 0)
    120   120      245.4701    87                    243.4679    58490         
    124   124      245.4701    82                    243.4679    60992         
    134   134      245.4701    77                    243.4679    63642         
    149   149      248.1940    82                    243.4679    67749         
    164   162      270.1812    93                    243.4679    71750         
    180   178      248.6910    98                    243.4679    76572         
    185   183      246.4239    75                    243.4679    79806         
    200   198      248.0203    62                    243.4679    83423         
    214   212      248.7690    50                    243.4679    88284         
    232   230      256.0677    55                    243.4679    93192         
Elapsed time = 50.20 sec. (48549.68 ticks, tree = 0.84 MB, solutions = 0)
    241   237      248.7690    56                    243.4679    95022         
    256   250      251.4531    49                    243.4679   100003         
    260   254      250.1984    48                    243.4679   101949         
    274   268      261.0058    36                    243.4679   105998         
    284   278      252.1554    40                    243.4679   107823         
    300   292      260.7961    32                    243.4679   111008         
    322   310      276.5075    12                    243.4679   113739         
    342   326      251.4414    85                    243.4692   116250         
    353   337      245.9124   104                    243.4692   120004         
    367   351      243.4692    98                    243.4692   123417         
Elapsed time = 60.57 sec. (59001.94 ticks, tree = 1.29 MB, solutions = 0)
    370   354      243.4692    96                    243.4692   126021         
    385   369      251.0593   130                    243.4692   130971         
    391   375      264.8068   173                    243.4692   135045         
    395   379      254.2340   137                    243.4692   138151         
    399   383      263.6622   134                    243.4692   141499         
    400   384      243.4692    91                    243.4692   141500         
    408   392      259.8857   119                    243.4692   145644         
    419   401    infeasible                          243.4692   150187         
    423   405      247.9107   136                    243.4692   153944         
    436   418      243.5676    84                    243.4692   157580         
Elapsed time = 73.58 sec. (71466.26 ticks, tree = 1.54 MB, solutions = 0)
    444   426      248.3570    71                    243.4692   162613         
    452   434      250.9333    97                    243.4692   166266         
    460   442      243.7656    78                    243.4692   169354         
    469   451      247.6348   118                    243.4692   173581         
    474   456      244.4009   110                    243.4692   176590         
    480   462      243.5797    93                    243.4692   179793         

Performing restart 1

Repeating presolve.
Tried aggregator 1 time.
MIP Presolve eliminated 2 rows and 1 columns.
Reduced MIP has 24259 rows, 1614 columns, and 187353 nonzeros.
Reduced MIP has 1171 binaries, 0 generals, 0 SOSs, and 0 indicators.
Presolve time = 0.08 sec. (61.48 ticks)
Tried aggregator 1 time.
Reduced MIP has 24259 rows, 1614 columns, and 187353 nonzeros.
Reduced MIP has 1171 binaries, 0 generals, 0 SOSs, and 0 indicators.
Presolve time = 0.13 sec. (78.53 ticks)
Represolve time = 0.39 sec. (280.75 ticks)
    490     0      243.4714   122                  Cuts: 2314   185969         
    490     0      243.4738   148                  Cuts: 1055   186844         
    490     0      243.4805   177                  Cuts: 1036   187706         
    490     0      243.4810   139                  Cuts: 1209   188119         
    490     0      243.4825   196                  Cuts: 1746   188642         
    490     0      243.4826   146                  Cuts: 2091   189131         
    490     0      243.4828   126                  Cuts: 1054   190149         
    490     0      243.4830   130                  Cuts: 1910   190899         
    490     0      243.4836   123                  Cuts: 1571   191865         
    490     0      243.4856   137                  Cuts: 1824   192818         
    490     0      243.4860   229                  Cuts: 2241   193690         
    490     0      243.4865   130                   Cuts: 554   194150         
    490     0      243.4869   128                  Cuts: 1861   194647         
    490     0      243.4889   178                   Cuts: 842   195426         
    490     0      243.4930   228                  Cuts: 1637   196131         
*   490+    0                          317.8210      243.4930            23.39%
    490     2      243.4930   260      317.8210      243.4931   196131   23.39%
    491     3      243.4932   202      317.8210      243.4932   196163   23.39%
    492     4      243.4932   202      317.8210      243.4932   196169   23.39%
    493     5      243.4932   201      317.8210      243.4932   196170   23.39%
Elapsed time = 116.15 sec. (108662.44 ticks, tree = 0.02 MB, solutions = 1)
    495     7      247.4692   101      317.8210      243.4932   197895   23.39%
    497     9      243.4936   210      317.8210      243.4932   197925   23.39%
    498    10      244.0007    75      317.8210      243.4932   199459   23.39%
    499    11      244.0007    69      317.8210      243.4932   201172   23.39%
    501    13      244.0007    73      317.8210      243.4932   201613   23.39%
    503    15      244.0007    65      317.8210      243.4932   203000   23.39%
    504    16      244.0007    68      317.8210      243.4932   204050   23.39%
    506    18      244.0679    56      317.8210      243.4932   205179   23.39%
    507    19      244.0882    87      317.8210      243.4932   207066   23.39%
    510    22      247.2592    92      317.8210      243.4932   207760   23.39%
Elapsed time = 129.96 sec. (122772.04 ticks, tree = 0.08 MB, solutions = 1)
    519    31      244.0905    95      317.8210      243.4932   208093   23.39%
    520    32      244.0905    94      317.8210      243.4932   208094   23.39%
    526    38      247.7136    71      317.8210      243.4932   210212   23.39%
    530    42      244.0905    90      317.8210      243.4932   210599   23.39%
    544    56      244.0913    95      317.8210      243.4932   210689   23.39%
    555    67      245.4581    69      317.8210      243.4932   211441   23.39%
    563    75      244.0994   109      317.8210      243.4932   211575   23.39%
    577    89      244.2666    60      317.8210      243.4932   213682   23.39%
    581    93      244.8443    74      317.8210      243.4932   216557   23.39%
    592   104      244.1427    84      317.8210      243.4932   217153   23.39%
Elapsed time = 144.53 sec. (137184.96 ticks, tree = 0.39 MB, solutions = 1)
    594   106      244.4678    83      317.8210      243.4932   218203   23.39%
    603   115      244.7083    71      317.8210      243.4932   220970   23.39%
    610   122      244.7971    88      317.8210      243.4932   221698   23.39%
    630   142      244.8461    63      317.8210      243.4932   222478   23.39%
    643   155      246.5973    55      317.8210      243.4932   225225   23.39%
    650   162      246.6066    54      317.8210      243.4932   227045   23.39%
    663   175      247.4169    39      317.8210      243.4932   229122   23.39%
    687   199      251.3038    39      317.8210      243.4932   231492   23.39%
    702   210      247.0635    86      317.8210      243.4936   235880   23.39%
    703   211      247.0635    90      317.8210      243.4936   237076   23.39%
Elapsed time = 158.15 sec. (151988.10 ticks, tree = 0.80 MB, solutions = 1)
    707   215      247.0635    85      317.8210      243.4936   238443   23.39%
    710   218      248.3864    94      317.8210      243.4936   240239   23.39%
    713   221      247.0635    91      317.8210      243.4936   242037   23.39%
    714   222      248.6557   107      317.8210      243.4936   243234   23.39%
    719   227      247.2147    86      317.8210      243.4936   245577   23.39%
    721   229      247.0635    85      317.8210      243.4936   247298   23.39%
    724   232      247.1319    85      317.8210      243.4936   249623   23.39%
    727   235      247.0635    75      317.8210      243.4936   251459   23.39%
    729   237      247.0635    75      317.8210      243.4936   254044   23.39%
    745   252      251.8489    87      317.8210      243.4936   262569   23.39%
Elapsed time = 175.60 sec. (169318.98 ticks, tree = 0.96 MB, solutions = 1)
    755   262      252.4787    57      317.8210      243.4936   269301   23.39%
    773   280      251.9626    56      317.8210      243.4936   276314   23.39%
    790   297      252.2035    62      317.8210      243.4936   284148   23.39%
    860   367      259.5374    29      317.8210      243.4936   292525   23.39%
    917   402      246.5911   119      317.8210      243.4936   298637   23.39%
    956   441      252.0677    88      317.8210      243.4936   305902   23.39%
    990   471      243.4936   206      317.8210      243.4936   311997   23.39%
   1008   489      243.8613    83      317.8210      243.4936   319013   23.39%
   1020   501      244.2927    72      317.8210      243.4936   323240   23.39%
   1038   519      245.9250    73      317.8210      243.4936   331611   23.39%
Elapsed time = 216.74 sec. (211073.12 ticks, tree = 2.57 MB, solutions = 1)
   1092   573      246.4146    43      317.8210      243.4936   339138   23.39%
   1124   602      243.8316    86      317.8210      243.4936   345461   23.39%
   1132   610      249.3658    99      317.8210      243.4936   354122   23.39%
   1167   645      251.2295    65      317.8210      243.4936   364095   23.39%
   1181   659      251.2296    66      317.8210      243.4936   369379   23.39%
   1244   722      256.2341    40      317.8210      243.4936   376429   23.39%
   1299   767      243.5205   144      317.8210      243.4939   379233   23.39%
   1335   803      248.8224    57      317.8210      243.4939   385034   23.39%
   1395   859      244.0821    87      317.8210      243.4970   391286   23.39%
   1404   868      244.0841    89      317.8210      243.4970   396388   23.39%
Elapsed time = 257.17 sec. (251202.95 ticks, tree = 3.88 MB, solutions = 1)
   1416   880      245.8679    80      317.8210      243.4970   402133   23.39%
   1454   918      247.0355    64      317.8210      243.4970   408160   23.39%
*  1470+  932                          312.1833      243.4970            22.00%
*  1470+  932                          308.9331      243.4970            21.18%
*  1470+  932                          307.3043      243.4970            20.76%
*  1470+  932                          305.8834      243.4970            20.40%
*  1470+  932                          305.5284      243.4970            20.30%
*  1470+  932                          304.1905      243.4970            19.95%
*  1470+  932                          304.1345      243.4970            19.94%
*  1470+  932                          304.1200      243.4970            19.93%
*  1470+  932                          302.9125      243.4970            19.61%
*  1470+  932                          302.8980      243.4970            19.61%
*  1470+  932                          302.1601      243.4970            19.41%
*  1470+  932                          301.8068      243.4970            19.32%
*  1470+  932                          301.4427      243.4970            19.22%
*  1470+  932                          301.4283      243.4970            19.22%
*  1470+  932                          301.3643      243.4970            19.20%
*  1470+  932                          301.1873      243.4970            19.15%
*  1470+  932                          300.4572      243.4970            18.96%
   1470   934      247.2824    74      300.4572      243.4970   410536   18.96%
   1471   935      246.4471   110      300.4572      243.4973   413644   18.96%
   1481   945      246.6818   106      300.4572      243.4973   421529   18.96%
   1517   981      246.8074    72      300.4572      243.4973   429699   18.96%
   1536  1000      247.3002    91      300.4572      243.4973   436406   18.96%
   1589  1053      264.3633    36      300.4572      243.4973   445734   18.96%
   1669  1127      245.0644    59      300.4572      243.4984   451955   18.96%
   1735  1189      249.4654   109      300.4572      243.4998   460738   18.96%
Elapsed time = 371.74 sec. (360741.27 ticks, tree = 5.14 MB, solutions = 18)
   1742  1196      249.4715   108      300.4572      243.4998   468416   18.96%
   1754  1208      249.7163    67      300.4572      243.4998   475146   18.96%
   1771  1225      252.6434    56      300.4572      243.4998   482051   18.96%
   1837  1287      245.5867    72      300.4572      243.5031   489480   18.96%
   1881  1327      243.5130   197      300.4572      243.5049   495544   18.96%
   1944  1386      244.8093    95      300.4572      243.5053   505212   18.96%
   1956  1398      245.5657    81      300.4572      243.5053   508940   18.96%
   1965  1407      251.9541    89      300.4572      243.5053   517819   18.96%
   1984  1426      258.4477    77      300.4572      243.5053   525683   18.96%
   2043  1485      259.3001    60      300.4572      243.5053   534686   18.96%
Elapsed time = 413.20 sec. (404033.41 ticks, tree = 6.26 MB, solutions = 18)
   2114  1556      275.3001    32      300.4572      243.5053   545471   18.96%
   2161  1595      247.6799    98      300.4572      243.5065   548890   18.95%
   2215  1649      255.5927    61      300.4572      243.5065   555343   18.95%
   2251  1677      245.1613    99      300.4572      243.5093   562233   18.95%
   2303  1729      248.5673    69      300.4572      243.5093   570250   18.95%
   2350  1772      246.5878    60      300.4572      243.5095   579670   18.95%
   2384  1804      267.4734    48      300.4572      243.5095   588648   18.95%
   2395  1811      247.7494    85      300.4572      243.5102   596400   18.95%
   2448  1860      246.4228    83      300.4572      243.5108   604643   18.95%
   2457  1869      246.4228    81      300.4572      243.5108   610933   18.95%
Elapsed time = 448.40 sec. (445572.96 ticks, tree = 7.69 MB, solutions = 18)
   2463  1875      247.7016    80      300.4572      243.5108   616973   18.95%
   2475  1887      246.4233    77      300.4572      243.5108   624111   18.95%
   2490  1902      246.4297   102      300.4572      243.5108   627922   18.95%
   2512  1924      246.7757    58      300.4572      243.5108   636093   18.95%
   2524  1936      249.3792    71      300.4572      243.5108   642597   18.95%
   2557  1969      248.9138    57      300.4572      243.5108   648237   18.95%
   2617  2029      252.5408    25      300.4572      243.5108   655664   18.95%
   2644  2050      249.4140    70      300.4572      243.5112   662670   18.95%

Performing restart 2

Repeating presolve.
Tried aggregator 1 time.
MIP Presolve eliminated 15 rows and 0 columns.
MIP Presolve modified 43 coefficients.
Reduced MIP has 24244 rows, 1614 columns, and 195635 nonzeros.
Reduced MIP has 1171 binaries, 0 generals, 0 SOSs, and 0 indicators.
Presolve time = 0.14 sec. (100.99 ticks)
Tried aggregator 1 time.
Reduced MIP has 24244 rows, 1614 columns, and 195635 nonzeros.
Reduced MIP has 1171 binaries, 0 generals, 0 SOSs, and 0 indicators.
Presolve time = 0.18 sec. (84.92 ticks)
Represolve time = 0.66 sec. (382.04 ticks)
   2670     0      243.4933   222      300.4572    Cuts: 2553   673584   18.95%
   2670     0      243.4939   260      300.4572     Cuts: 609   674076   18.95%
   2670     0      243.4940   251      300.4572    Cuts: 1100   674390   18.95%
   2670     0      243.4940   265      300.4572    Cuts: 2860   674628   18.95%
   2670     0      243.4940   277      300.4572    Cuts: 2476   674861   18.95%
   2670     0      243.4940   236      300.4572    Cuts: 1078   675117   18.95%
   2670     0      243.4940   247      300.4572    Cuts: 1419   675435   18.95%
   2670     0      243.4940   198      300.4572    Cuts: 2257   675737   18.95%
   2670     0      243.4940   220      300.4572    Cuts: 2405   676038   18.95%
   2670     2      243.4940   231      300.4572      243.5112   676038   18.95%
   2674     6      245.4757   114      300.4572      243.5112   678232   18.95%
Elapsed time = 531.25 sec. (518812.77 ticks, tree = 0.02 MB, solutions = 18)
   2678    10      247.5912    98      300.4572      243.5112   679915   18.95%
   2681    13      247.5912    88      300.4572      243.5112   680995   18.95%
   2685    17      247.5912    84      300.4572      243.5112   683198   18.95%
   2690    22      248.3562    93      300.4572      243.5112   686191   18.95%
   2696    28      247.5915    82      300.4572      243.5112   687581   18.95%
   2698    30      247.5915    79      300.4572      243.5112   691539   18.95%
   2705    37      247.5916    71      300.4572      243.5112   692443   18.95%
   2710    42      247.5942   105      300.4572      243.5112   694152   18.95%
   2717    49      247.8953    57      300.4572      243.5112   696108   18.95%
   2722    54      247.8957    58      300.4572      243.5112   697759   18.95%
Elapsed time = 566.81 sec. (561634.73 ticks, tree = 1.51 MB, solutions = 18)
   2730    62      248.3031    55      300.4572      243.5112   699032   18.95%
   2739    71      248.3031    48      300.4572      243.5112   700819   18.95%
   2747    79      248.6113    61      300.4572      243.5112   702731   18.95%
   2754    86      249.3905    76      300.4572      243.5112   704303   18.95%
   2760    92      250.5486    60      300.4572      243.5112   706075   18.95%
   2770   102      250.5486    52      300.4572      243.5112   708760   18.95%
   2788   120      253.4938    61      300.4572      243.5112   711840   18.95%
   2797   129      250.9095    59      300.4572      243.5112   713693   18.95%
   2817   149      250.9773    50      300.4572      243.5112   715176   18.95%
*  2830+  160                          262.9534      243.5112             7.39%
   2836   168      254.8220    33      262.9534      243.5112   717737    7.39%
Elapsed time = 602.37 sec. (603543.47 ticks, tree = 1.92 MB, solutions = 19)
   2875   184      243.4943   232      262.9534      243.5112   718795    7.39%
   2880   189      243.5070    76      262.9534      243.5112   722544    7.39%
   2883   192      243.5244   113      262.9534      243.5112   727955    7.39%
   2891   200      244.4636    79      262.9534      243.5112   729291    7.39%
   2899   208      244.4636    70      262.9534      243.5112   730718    7.39%
   2908   217      244.9056    74      262.9534      243.5112   732955    7.39%
   2914   223      244.4651    70      262.9534      243.5112   736288    7.39%
   2922   231      245.1797    73      262.9534      243.5112   739456    7.39%
   2929   238      245.1797    64      262.9534      243.5112   741545    7.39%
   2935   244      249.9077    90      262.9534      243.5112   744991    7.39%
Elapsed time = 639.95 sec. (648439.86 ticks, tree = 2.20 MB, solutions = 19)
   2949   258      245.4859    60      262.9534      243.5112   747212    7.39%
   2958   267      245.8937    56      262.9534      243.5112   751025    7.39%
   2966   275      245.8951    59      262.9534      243.5112   752865    7.39%
   2974   283      245.8952    53      262.9534      243.5112   755737    7.39%
   3010   319      245.9006    56      262.9534      243.5112   758048    7.39%
   3036   345      254.7239    41      262.9534      243.5112   760869    7.39%
   3061   366      243.4949   176      262.9534      243.5112   762292    7.39%
   3075   380      243.6786    86      262.9534      243.5112   763584    7.39%
   3078   383      245.4012    68      262.9534      243.5112   767915    7.39%
   3083   388      245.4012    66      262.9534      243.5112   772820    7.39%
Elapsed time = 677.24 sec. (689306.70 ticks, tree = 2.74 MB, solutions = 19)
   3091   396      245.4255    56      262.9534      243.5112   777373    7.39%
   3106   411      245.5657    88      262.9534      243.5112   779886    7.39%
   3140   445      246.1657    58      262.9534      243.5112   781767    7.39%
   3170   471      243.4964   161      262.9534      243.5112   783659    7.39%
   3196   497      243.5135   134      262.9534      243.5112   784474    7.39%
   3205   506      245.4549   100      262.9534      243.5112   788175    7.39%
   3216   517      246.1017    67      262.9534      243.5112   790966    7.39%
   3230   531      255.4453    53      262.9534      243.5112   796182    7.39%
   3267   561      247.4659    87      262.9534      243.5112   801554    7.39%
   3272   566      247.5307    99      262.9534      243.5112   804946    7.39%
Elapsed time = 717.16 sec. (730680.91 ticks, tree = 3.41 MB, solutions = 19)
   3277   571      249.9634    94      262.9534      243.5112   807987    7.39%
   3283   577      251.7760    93      262.9534      243.5112   812886    7.39%
   3289   583      249.6922    99      262.9534      243.5112   816130    7.39%
   3298   592      254.3328    88      262.9534      243.5112   820363    7.39%
   3314   608      251.0175    96      262.9534      243.5112   824951    7.39%
   3324   614      260.4453    99      262.9534      243.5112   828314    7.39%
   3340   625      262.7845    41      262.9534      243.5112   833332    7.39%
   3348   629      243.6067   107      262.9534      243.5112   837386    7.39%
   3367   648      245.4636    90      262.9534      243.5112   841082    7.39%
   3384   665      247.8736    93      262.9534      243.5112   843986    7.39%
Elapsed time = 755.42 sec. (771949.94 ticks, tree = 3.77 MB, solutions = 19)
   3444   724      257.0910    47      262.9534      243.5112   846646    7.39%
   3460   734      245.7402    55      262.9534      243.5112   852616    7.39%
   3470   744      245.8624    52      262.9534      243.5112   856545    7.39%
   3493   767      246.5521    69      262.9534      243.5112   861404    7.39%
   3527   794      243.5932   102      262.9534      243.5112   865928    7.39%
   3562   829      243.6891    64      262.9534      243.5112   867590    7.39%
   3620   887      244.4332    68      262.9534      243.5112   869727    7.39%
   3670   933      244.3934    71      262.9534      243.5112   872616    7.39%
   3693   950      248.1512    84      262.9534      243.5112   877839    7.39%
   3699   956      249.4411    84      262.9534      243.5112   882503    7.39%
Elapsed time = 803.26 sec. (816836.52 ticks, tree = 4.84 MB, solutions = 19)
   3707   963      254.8838    85      262.9534      243.5112   887473    7.39%
   3712   968      254.9038    89      262.9534      243.5112   889055    7.39%
   3721   977      255.8179    85      262.9534      243.5112   893888    7.39%
   3755  1005      243.9444    94      262.9534      243.5112   898958    7.39%
   3811  1059      261.4090    47      262.9534      243.5112   903057    7.39%
   3838  1078      260.1117    73      262.9534      243.5112   909892    7.39%
   3885  1115      251.6433    79      262.9534      243.5112   916622    7.39%
   3907  1133      258.1010    55      262.9534      243.5112   922277    7.39%
   3964  1180      259.5367    37      262.9534      243.5112   926505    7.39%
   3986  1197      247.0337    72      262.9534      243.5112   931968    7.39%
Elapsed time = 843.07 sec. (856417.86 ticks, tree = 5.77 MB, solutions = 19)
   4020  1231      252.2811    65      262.9534      243.5112   939197    7.39%
   4043  1246      246.2523    62      262.9534      243.5123   947037    7.39%
   4050  1253      246.3172    65      262.9534      243.5123   954783    7.39%
   4057  1260      246.6967    90      262.9534      243.5123   962404    7.39%
   4090  1286      258.4404    69      262.9534      243.5123   970909    7.39%
   4114  1306      249.7203    61      262.9534      243.5128   979716    7.39%
   4127  1319      252.9312    71      262.9534      243.5128   983639    7.39%
   4193  1381      243.9770    72      262.9534      243.5136   988534    7.39%
   4233  1415      249.4936    72      262.9534      243.5149   993364    7.39%
   4255  1435      251.0815    56      262.9534      243.5149   998325    7.39%
Elapsed time = 883.53 sec. (896086.66 ticks, tree = 6.64 MB, solutions = 19)
   4299  1477      254.0153    41      262.9534      243.5149  1001894    7.39%
   4326  1498      258.5222    68      262.9534      243.5165  1005818    7.39%
   4350  1514      243.5436   118      262.9534      243.5175  1009500    7.39%
   4384  1548      245.8389    87      262.9534      243.5175  1018327    7.39%
   4451  1605        cutoff            262.9534      243.5175  1024849    7.39%
   4539  1678      244.2738    73      262.9534      243.5195  1029258    7.39%
   4607  1744        cutoff            262.9534      243.5195  1034085    7.39%
   4644  1779      246.8581    84      262.9534      243.5198  1039721    7.39%
   4673  1802      249.8357    69      262.9534      243.5207  1047009    7.39%
   4714  1839      243.9353    61      262.9534      243.5222  1054696    7.39%
Elapsed time = 928.91 sec. (936234.50 ticks, tree = 8.11 MB, solutions = 19)
   4760  1883      255.4552    52      262.9534      243.5222  1062163    7.39%
   4776  1889      251.6395    85      262.9534      243.5234  1065599    7.39%
   4785  1898      251.7968   104      262.9534      243.5234  1068613    7.39%
   4829  1942      252.1982    73      262.9534      243.5234  1071704    7.39%
   4877  1985      244.0414    98      262.9534      243.5244  1077459    7.39%
   4904  2008      243.5244   105      262.9534      243.5244  1081532    7.39%
   4916  2020      243.6855    98      262.9534      243.5246  1086419    7.39%
   4962  2066      246.7633    77      262.9534      243.5246  1092095    7.39%
   5010  2108      243.5402   131      262.9534      243.5256  1097671    7.39%
   5060  2158      243.6422   101      262.9534      243.5256  1099347    7.39%
Elapsed time = 971.06 sec. (975473.80 ticks, tree = 9.37 MB, solutions = 19)
   5108  2199      249.7403    75      262.9534      243.5276  1104573    7.39%
   5140  2229      254.4299    77      262.9534      243.5276  1113921    7.39%
   5201  2275      243.6019   125      262.9534      243.5283  1119216    7.39%
   5247  2321      251.8809    63      262.9534      243.5283  1125272    7.39%
   5270  2340      255.9788    78      262.9534      243.5287  1131143    7.39%
   5292  2362      257.7767    75      262.9534      243.5287  1138428    7.39%
   5343  2406      243.6410    77      262.9534      243.5296  1147480    7.39%
   5397  2460      244.4541    96      262.9534      243.5296  1153275    7.39%
   5438  2497      243.7609    99      262.9534      243.5296  1160793    7.39%
   5454  2513      247.9315    71      262.9534      243.5296  1167760    7.39%
Elapsed time = 1015.33 sec. (1015717.42 ticks, tree = 10.68 MB, solutions = 19)
   5490  2549      254.1911    53      262.9534      243.5296  1176246    7.39%
   5539  2590      243.5911    83      262.9534      243.5296  1181940    7.39%
   5599  2650      245.0861    62      262.9534      243.5296  1187167    7.39%
   5629  2675      249.0174    79      262.9534      243.5296  1192455    7.39%
   5661  2707      258.4688    79      262.9534      243.5296  1200530    7.39%
   5670  2716      260.1124    65      262.9534      243.5296  1200937    7.39%
   5696  2738      251.0823    91      262.9534      243.5313  1205021    7.39%
   5725  2767      258.6027    60      262.9534      243.5313  1211439    7.39%
   5781  2818      243.8906    95      262.9534      243.5313  1216770    7.39%
   5823  2854      247.5299    85      262.9534      243.5331  1226857    7.39%
Elapsed time = 1061.94 sec. (1058389.25 ticks, tree = 11.93 MB, solutions = 19)
   5830  2861      247.5947    83      262.9534      243.5331  1231800    7.39%
   5852  2879      262.3603    69      262.9534      243.5331  1238700    7.39%
   5880  2903      245.6243    65      262.9534      243.5336  1245226    7.39%
   5934  2951      243.6581    79      262.9534      243.5359  1252884    7.38%
   5981  2992      248.3151   131      262.9534      243.5368  1260733    7.38%
   6027  3033      243.5400   118      262.9534      243.5369  1266498    7.38%
   6079  3085      244.4436    92      262.9534      243.5369  1271755    7.38%
   6124  3125      246.2920    65      262.9534      243.5371  1276245    7.38%
   6143  3144      246.9384    54      262.9534      243.5371  1286096    7.38%
   6172  3173      249.7789    72      262.9534      243.5371  1296592    7.38%
Elapsed time = 1107.55 sec. (1097811.21 ticks, tree = 13.09 MB, solutions = 19)
   6212  3213      259.0755    66      262.9534      243.5371  1306492    7.38%
   6264  3257      244.0203    79      262.9534      243.5399  1313635    7.38%
   6313  3306      246.2072    72      262.9534      243.5399  1321424    7.38%
   6369  3356      245.7366    78      262.9534      243.5400  1327839    7.38%
   6406  3389      254.8868    81      262.9534      243.5402  1334451    7.38%
   6442  3419      247.5055    67      262.9534      243.5405  1341806    7.38%
   6458  3435      247.5245   123      262.9534      243.5405  1348922    7.38%
   6481  3456      250.2871    92      262.9534      243.5405  1357761    7.38%
   6504  3479      255.0310    60      262.9534      243.5405  1367228    7.38%
   6530  3498      243.6220   112      262.9534      243.5409  1373014    7.38%
Elapsed time = 1151.04 sec. (1137121.78 ticks, tree = 14.29 MB, solutions = 19)
   6602  3570      248.5124    62      262.9534      243.5409  1376693    7.38%
   6652  3617      244.2497    91      262.9534      243.5417  1382598    7.38%
   6714  3674      248.8241    79      262.9534      243.5422  1389936    7.38%
   6765  3725      252.7154    64      262.9534      243.5422  1396110    7.38%
   6821  3772      244.6194    89      262.9534      243.5428  1401569    7.38%
   6858  3809      250.3523    54      262.9534      243.5428  1410945    7.38%
   6900  3840      252.6505    83      262.9534      243.5441  1420868    7.38%
   6935  3871      261.9517    70      262.9534      243.5441  1432624    7.38%
   6956  3885      245.3687   109      262.9534      243.5442  1441967    7.38%
   7014  3937      249.7338    66      262.9534      243.5460  1450338    7.38%
Elapsed time = 1199.47 sec. (1176497.00 ticks, tree = 15.90 MB, solutions = 19)
   7040  3963      254.6612    64      262.9534      243.5460  1456501    7.38%
   7068  3986      251.1084    79      262.9534      243.5462  1460595    7.38%
   7103  4010      244.2543    79      262.9534      243.5463  1467350    7.38%
   7149  4056      244.9058    73      262.9534      243.5463  1470092    7.38%
   7180  4081      243.9527    71      262.9534      243.5465  1475308    7.38%
   7196  4095      246.4601    84      262.9534      243.5465  1481623    7.38%
   7231  4128      250.3939    54      262.9534      243.5465  1489291    7.38%
   7271  4155      243.7001    91      262.9534      243.5465  1494570    7.38%
   7329  4213      244.6799    60      262.9534      243.5465  1499009    7.38%
   7359  4239      247.4209    67      262.9534      243.5471  1503494    7.38%
Elapsed time = 1240.21 sec. (1216658.09 ticks, tree = 17.15 MB, solutions = 19)
   7384  4264      250.8597    87      262.9534      243.5471  1509265    7.38%
   7455  4324      244.3583    91      262.9534      243.5472  1513968    7.38%
   7488  4357      246.0055    75      262.9534      243.5472  1518801    7.38%
   7528  4391      245.0703   123      262.9534      243.5474  1526411    7.38%
   7574  4437      245.2681    99      262.9534      243.5474  1529231    7.38%
   7636  4496      262.0577    33      262.9534      243.5474  1533118    7.38%
   7655  4511      245.1346   118      262.9534      243.5476  1543115    7.38%
   7691  4539      261.2784    68      262.9534      243.5476  1551604    7.38%
   7745  4590      245.1849    87      262.9534      243.5484  1554777    7.38%
   7798  4640      243.8917    90      262.9534      243.5484  1561565    7.38%
Elapsed time = 1280.34 sec. (1256105.80 ticks, tree = 18.62 MB, solutions = 19)
   7841  4678      245.5070    95      262.9534      243.5488  1568875    7.38%
   7890  4724      247.2837    73      262.9534      243.5496  1574771    7.38%
   7914  4748      250.7568    65      262.9534      243.5496  1582341    7.38%
   7969  4793      253.4254    62      262.9534      243.5501  1593595    7.38%
   8016  4830      245.9935    76      262.9534      243.5508  1602589    7.38%
   8063  4873      257.7645    42      262.9534      243.5508  1609096    7.38%
   8119  4921      248.6369    77      262.9534      243.5515  1617226    7.38%
   8165  4958      245.4180    90      262.9534      243.5521  1626309    7.38%
   8217  5009      260.5960    69      262.9534      243.5521  1632037    7.38%
   8243  5024      246.4326    62      262.9534      243.5532  1639751    7.38%
Elapsed time = 1319.60 sec. (1296069.00 ticks, tree = 20.03 MB, solutions = 19)
   8255  5036      256.0704    67      262.9534      243.5532  1646147    7.38%
   8282  5059      251.5588    78      262.9534      243.5532  1652574    7.38%
   8311  5087      260.7354    56      262.9534      243.5532  1659083    7.38%
   8329  5095      243.6560    99      262.9534      243.5534  1663674    7.38%
   8377  5142      259.8980    55      262.9534      243.5534  1667901    7.38%
   8416  5176      245.2584    85      262.9534      243.5540  1670904    7.38%
   8461  5211      243.9678    75      262.9534      243.5541  1675838    7.38%
   8489  5239      246.9393    74      262.9534      243.5541  1681732    7.38%
   8538  5283      243.5634   131      262.9534      243.5553  1684628    7.38%
   8593  5334      247.5255    90      262.9534      243.5557  1691105    7.38%
Elapsed time = 1360.76 sec. (1335594.28 ticks, tree = 21.17 MB, solutions = 19)
   8600  5341      247.7774    74      262.9534      243.5557  1695292    7.38%
   8607  5348      247.8158   114      262.9534      243.5557  1700040    7.38%
   8629  5370      256.8982    77      262.9534      243.5557  1706652    7.38%
   8645  5377      262.4700    46      262.9534      243.5557  1713292    7.38%
   8670  5395      243.5690   144      262.9534      243.5560  1716737    7.38%
   8710  5435      247.5900    75      262.9534      243.5560  1723293    7.38%
   8750  5460      262.8086    65      262.9534      243.5566  1729193    7.38%
   8776  5482      259.3665    63      262.9534      243.5569  1739145    7.38%
   8814  5512      243.7617    90      262.9534      243.5575  1746893    7.38%
   8875  5569      244.1029    82      262.9534      243.5583  1752381    7.38%
Elapsed time = 1399.98 sec. (1376041.16 ticks, tree = 22.03 MB, solutions = 19)
   8915  5609      250.1147    64      262.9534      243.5583  1760799    7.38%
   8966  5643      262.2853    50      262.9534      243.5591  1768471    7.38%
   9023  5696      246.2582    69      262.9534      243.5597  1773919    7.38%
   9076  5745      259.2479    57      262.9534      243.5605  1780581    7.38%
   9095  5758      247.6974    81      262.9534      243.5611  1788440    7.37%
   9155  5810      250.4600   112      262.9534      243.5620  1796999    7.37%
   9197  5847      261.0891    55      262.9534      243.5620  1806691    7.37%
   9229  5874      243.7334   155      262.9534      243.5627  1813594    7.37%
   9285  5926      243.5628   118      262.9534      243.5629  1819309    7.37%
   9327  5968      246.3468    82      262.9534      243.5629  1825361    7.37%
Elapsed time = 1444.51 sec. (1415886.42 ticks, tree = 23.49 MB, solutions = 19)
   9382  6016      244.3929    95      262.9534      243.5636  1830847    7.37%
   9415  6046      249.8128    85      262.9534      243.5637  1838119    7.37%
   9442  6070      259.4052    68      262.9534      243.5637  1844195    7.37%
   9460  6083      250.5330    82      262.9534      243.5645  1849806    7.37%
   9478  6101      255.5528    74      262.9534      243.5645  1856641    7.37%
   9498  6112      243.9603   120      262.9534      243.5649  1863479    7.37%
   9539  6153      246.1522    86      262.9534      243.5649  1866506    7.37%
   9588  6197      252.3330    64      262.9534      243.5655  1871545    7.37%
   9638  6242      243.6470   109      262.9534      243.5655  1875524    7.37%
   9685  6289      250.8257    66      262.9534      243.5655  1879642    7.37%
Elapsed time = 1489.33 sec. (1455452.08 ticks, tree = 24.67 MB, solutions = 19)
   9741  6337      244.2645    88      262.9534      243.5661  1882795    7.37%
   9791  6381      245.0706    91      262.9534      243.5663  1886777    7.37%
   9808  6397      257.2338    75      262.9534      243.5663  1892758    7.37%
   9824  6404      243.7505    70      262.9534      243.5670  1898225    7.37%
   9870  6450      244.2365    86      262.9534      243.5670  1901854    7.37%
   9930  6504      243.6086    96      262.9534      243.5670  1905875    7.37%
   9965  6537        cutoff            262.9534      243.5670  1912811    7.37%
   9993  6563      243.8706   103      262.9534      243.5671  1917843    7.37%
  10038  6602      248.3540    64      262.9534      243.5675  1924628    7.37%
  10072  6632      243.6407   143      262.9534      243.5679  1930717    7.37%
Elapsed time = 1532.13 sec. (1494781.21 ticks, tree = 25.93 MB, solutions = 19)
  10094  6654      244.4141    78      262.9534      243.5679  1938475    7.37%
  10132  6688      253.0671    66      262.9534      243.5679  1948233    7.37%
  10165  6721      262.3222    68      262.9534      243.5679  1957833    7.37%
  10203  6748      252.8187    74      262.9534      243.5682  1965319    7.37%
  10270  6808      243.5956   127      262.9534      243.5683  1971805    7.37%
  10313  6851      247.6353    68      262.9534      243.5683  1977984    7.37%
  10365  6897        cutoff            262.9534      243.5688  1982793    7.37%
  10401  6921      244.4393    87      262.9534      243.5696  1992261    7.37%
  10451  6971      246.8061    57      262.9534      243.5696  2001800    7.37%
  10503  7019      255.6222    61      262.9534      243.5705  2010884    7.37%
Elapsed time = 1574.24 sec. (1534630.54 ticks, tree = 27.35 MB, solutions = 19)
  10541  7049      251.1845    71      262.9534      243.5708  2019632    7.37%
  10594  7099      251.7353    93      262.9534      243.5709  2026663    7.37%
  10644  7145      255.8587    82      262.9534      243.5711  2034559    7.37%
  10670  7164      245.3024    92      262.9534      243.5711  2043483    7.37%
  10713  7200      243.8267    91      262.9534      243.5712  2050879    7.37%
  10762  7243      244.0730    94      262.9534      243.5731  2056792    7.37%
  10818  7291      248.6381    90      262.9534      243.5735  2062485    7.37%
  10858  7330      261.0666    63      262.9534      243.5735  2069814    7.37%
  10899  7366      244.2424    85      262.9534      243.5739  2074384    7.37%
  10941  7406      262.8609    53      262.9534      243.5739  2078208    7.37%
Elapsed time = 1621.09 sec. (1575438.88 ticks, tree = 28.77 MB, solutions = 19)
  10955  7416      245.2358    89      262.9534      243.5742  2085109    7.37%
  10978  7439      246.6347    73      262.9534      243.5742  2093379    7.37%
  11000  7461      254.4889    76      262.9534      243.5742  2100627    7.37%
  11049  7499      244.0093    77      262.9534      243.5743  2105144    7.37%
  11091  7533      262.7821    42      262.9534      243.5743  2109162    7.37%
  11125  7560      245.0154    89      262.9534      243.5745  2114535    7.37%
  11174  7605      243.6537   121      262.9534      243.5752  2118467    7.37%
  11219  7650      246.4642    75      262.9534      243.5752  2121947    7.37%
  11262  7689      244.0113   116      262.9534      243.5752  2125595    7.37%
  11315  7742      252.9804    72      262.9534      243.5752  2129845    7.37%
Elapsed time = 1663.01 sec. (1615240.39 ticks, tree = 30.00 MB, solutions = 19)
  11342  7763      249.7128    61      262.9534      243.5754  2138949    7.37%
  11379  7800      250.5664    63      262.9534      243.5754  2146842    7.37%
  11420  7830      244.6294    57      262.9534      243.5762  2156994    7.37%
  11466  7876      246.6987    71      262.9534      243.5762  2163223    7.37%
  11526  7932      244.7349    75      262.9534      243.5766  2169383    7.37%
  11583  7974      243.5927   153      262.9534      243.5786  2174854    7.37%
  11649  8038      262.5730    50      262.9534      243.5786  2179412    7.37%
  11670  8055      254.2754    72      262.9534      243.5791  2188145    7.37%
  11706  8091      252.2930    60      262.9534      243.5791  2195508    7.37%
  11755  8130      249.5238    89      262.9534      243.5795  2202309    7.37%
Elapsed time = 1716.40 sec. (1664853.22 ticks, tree = 31.42 MB, solutions = 19)
  11805  8180      257.6718    65      262.9534      243.5795  2208040    7.37%
  11830  8199      257.7271    86      262.9534      243.5797  2215254    7.37%
  11869  8232      243.5902   127      262.9534      243.5804  2222399    7.37%
  11906  8269      246.8504    81      262.9534      243.5804  2228849    7.37%
  11935  8295      252.6726    79      262.9534      243.5809  2235922    7.37%
  11956  8311      245.1115    85      262.9534      243.5812  2245494    7.37%
  11973  8328      246.4729    85      262.9534      243.5812  2253635    7.37%
  12000  8355      253.1804    68      262.9534      243.5812  2262256    7.37%
  12049  8402      254.8540    60      262.9534      243.5812  2269846    7.37%
  12110  8452      250.6419    75      262.9534      243.5815  2275191    7.37%
Elapsed time = 1768.33 sec. (1704001.78 ticks, tree = 32.93 MB, solutions = 19)
  12147  8484      253.5681    96      262.9534      243.5815  2282251    7.37%
  12199  8528      256.5100    70      262.9534      243.5816  2288515    7.37%
  12254  8566      244.1027   112      262.9534      243.5816  2294749    7.37%
  12285  8597      245.8115    67      262.9534      243.5816  2299936    7.37%
  12325  8631      254.1962    68      262.9534      243.5817  2308573    7.37%
  12357  8659      256.0995    74      262.9534      243.5817  2317199    7.37%
  12381  8672      245.5514    64      262.9534      243.5822  2321780    7.37%
  12423  8714      252.6216    69      262.9534      243.5822  2326818    7.37%
  12464  8751      244.0322    93      262.9534      243.5833  2331368    7.37%
  12510  8792      253.2857    83      262.9534      243.5841  2335555    7.37%
Elapsed time = 1822.27 sec. (1743011.33 ticks, tree = 34.17 MB, solutions = 19)
  12551  8828      243.7197    90      262.9534      243.5846  2340978    7.37%
  12591  8863      247.5281    61      262.9534      243.5850  2344585    7.37%
  12607  8879      250.5577    81      262.9534      243.5850  2352975    7.37%
  12630  8900      253.5770    78      262.9534      243.5850  2361315    7.37%
  12670  8929      261.8247    41      262.9534      243.5850  2366814    7.37%
  12693  8943      244.5084    74      262.9534      243.5851  2371538    7.37%
  12714  8964      250.8764    74      262.9534      243.5851  2377392    7.37%
  12759  8998      261.2392    62      262.9534      243.5851  2384184    7.37%
  12796  9027      249.1484    90      262.9534      243.5854  2391685    7.37%
  12830  9055      244.1471   102      262.9534      243.5858  2397773    7.37%
Elapsed time = 1871.18 sec. (1785123.06 ticks, tree = 35.14 MB, solutions = 19)
  12885  9110      250.7581    58      262.9534      243.5858  2402759    7.37%
  12908  9125      261.8054    84      262.9534      243.5865  2409548    7.37%
  12952  9157      244.8857    77      262.9534      243.5866  2417170    7.37%
  12976  9177      243.7026   109      262.9534      243.5870  2423312    7.36%
  13020  9221      246.0016    80      262.9534      243.5870  2428443    7.36%
  13073  9269      253.9798    65      262.9534      243.5879  2432470    7.36%
  13109  9289      261.4961    54      262.9534      243.5880  2438995    7.36%
  13148  9320      252.7676    54      262.9534      243.5881  2449275    7.36%
  13194  9365      255.8989    49      262.9534      243.5881  2460298    7.36%
  13228  9386      247.1393   110      262.9534      243.5891  2466696    7.36%
Elapsed time = 1924.71 sec. (1823838.98 ticks, tree = 36.35 MB, solutions = 19)
  13273  9427      258.6723    84      262.9534      243.5891  2471019    7.36%
  13308  9456      257.6167    54      262.9534      243.5899  2479774    7.36%
  13354  9492      244.8670    74      262.9534      243.5903  2488041    7.36%
  13407  9539      243.8592    73      262.9534      243.5910  2493416    7.36%
  13455  9581      251.3001    74      262.9534      243.5912  2500308    7.36%
  13487  9610      262.7957    49      262.9534      243.5912  2510333    7.36%
  13510  9626      256.6882    58      262.9534      243.5914  2519250    7.36%
  13561  9669      244.9449    74      262.9534      243.5917  2528953    7.36%
  13617  9721      244.1720    84      262.9534      243.5922  2533762    7.36%
  13670  9770      244.0108    77      262.9534      243.5932  2539397    7.36%
Elapsed time = 1984.59 sec. (1864465.00 ticks, tree = 37.76 MB, solutions = 19)
  13723  9819      246.7589    85      262.9534      243.5934  2543874    7.36%
  13766  9862      253.9840    51      262.9534      243.5934  2553148    7.36%
  13795  9885      246.6748    79      262.9534      243.5938  2560952    7.36%
  13822  9912      261.1070    59      262.9534      243.5938  2569086    7.36%
  13852  9936      256.5348    73      262.9534      243.5940  2579967    7.36%
  13901  9976      243.8678    75      262.9534      243.5941  2586513    7.36%
  13964 10033      248.6556    77      262.9534      243.5943  2591307    7.36%
  13991 10056      258.9438    57      262.9534      243.5943  2599064    7.36%
  14021 10078      246.6412    71      262.9534      243.5944  2605574    7.36%
  14050 10107      250.7093    62      262.9534      243.5944  2611319    7.36%
Elapsed time = 2041.46 sec. (1903563.97 ticks, tree = 38.99 MB, solutions = 19)
  14088 10132      243.6230   100      262.9534      243.5944  2617809    7.36%
  14122 10166      243.8490    68      262.9534      243.5944  2625008    7.36%
  14172 10211      243.6858    94      262.9534      243.5944  2630535    7.36%
  14223 10259      258.0141    64      262.9534      243.5944  2635638    7.36%
  14268 10300      245.0845    88      262.9534      243.5944  2640153    7.36%
  14328 10359      259.9581    49      262.9534      243.5944  2644290    7.36%
  14343 10371      243.7699    63      262.9534      243.5944  2649235    7.36%
  14392 10420      248.1622    59      262.9534      243.5944  2654817    7.36%
  14412 10434      245.1727    81      262.9534      243.5944  2660040    7.36%
  14428 10449      259.9462    80      262.9534      243.5944  2665359    7.36%
Elapsed time = 2096.35 sec. (1942473.22 ticks, tree = 40.26 MB, solutions = 19)
  14454 10471      262.2028    63      262.9534      243.5944  2670781    7.36%
  14474 10484      243.7832   113      262.9534      243.5944  2679136    7.36%
  14520 10524      243.7408    74      262.9534      243.5944  2684837    7.36%
  14537 10541      243.9077    86      262.9534      243.5944  2691032    7.36%
  14598 10595      243.6577    75      262.9534      243.5948  2697235    7.36%
  14660 10657      256.9335    62      262.9534      243.5948  2701445    7.36%
  14715 10703      244.6349    61      262.9534      243.5956  2707371    7.36%
  14727 10715      244.9582    87      262.9534      243.5956  2713649    7.36%
  14753 10736      261.9113    64      262.9534      243.5956  2720210    7.36%
  14771 10745      244.1227    81      262.9534      243.5958  2726879    7.36%
Elapsed time = 2155.52 sec. (1982388.98 ticks, tree = 41.35 MB, solutions = 19)
  14796 10769      244.5310    90      262.9534      243.5958  2732927    7.36%
  14842 10809      243.6332   146      262.9534      243.5958  2736545    7.36%
  14900 10867      256.4896    60      262.9534      243.5958  2740792    7.36%
  14923 10887      243.9848    69      262.9534      243.5959  2746385    7.36%
  14965 10925      243.8674   103      262.9534      243.5961  2752632    7.36%
  15009 10969      245.7398    71      262.9534      243.5961  2757417    7.36%
  15046 11002      243.8290    74      262.9534      243.5964  2764318    7.36%
  15070 11026      246.0933    80      262.9534      243.5964  2773064    7.36%
  15110 11066      250.6933    56      262.9534      243.5964  2780386    7.36%
  15142 11092      244.1624   136      262.9534      243.5964  2789966    7.36%
Elapsed time = 2214.80 sec. (2021657.81 ticks, tree = 42.62 MB, solutions = 19)
  15199 11145      243.9717   100      262.9534      243.5969  2796319    7.36%
  15258 11198      243.7282    66      262.9534      243.5974  2800567    7.36%
  15299 11239      248.8806    74      262.9534      243.5974  2805794    7.36%
  15351 11286      248.7559    82      262.9534      243.5985  2811578    7.36%
  15368 11300      244.8038   108      262.9534      243.5985  2816964    7.36%
  15380 11312      245.9344    77      262.9534      243.5985  2823956    7.36%
  15390 11322      248.2274    61      262.9534      243.5985  2832807    7.36%
  15416 11348      249.9321    90      262.9534      243.5985  2843376    7.36%
  15465 11395      253.9252    63      262.9534      243.5985  2851608    7.36%
  15504 11419      244.4679   152      262.9534      243.5996  2858956    7.36%
Elapsed time = 2257.68 sec. (2062266.73 ticks, tree = 43.83 MB, solutions = 19)
  15565 11475      247.0340    79      262.9534      243.5998  2864610    7.36%
  15598 11502      243.9048   138      262.9534      243.6001  2875497    7.36%
  15648 11550      260.9760    67      262.9534      243.6001  2881197    7.36%
  15689 11561      248.6373    80      262.9534      243.6002  2891161    7.36%
  15720 11590      259.7559    53      262.9534      243.6002  2901316    7.36%
  15783 11639      243.8628    70      262.9534      243.6006  2908199    7.36%
  15829 11681      247.4207    74      262.9534      243.6010  2915047    7.36%
  15902 11746      254.3865    93      262.9534      243.6011  2922656    7.36%
  15940 11769      246.3724   121      262.9534      243.6013  2931066    7.36%
  15959 11788      251.8104    78      262.9534      243.6013  2939158    7.36%
Elapsed time = 2311.75 sec. (2102697.62 ticks, tree = 45.19 MB, solutions = 19)
  15980 11804      261.1783    68      262.9534      243.6013  2947749    7.36%
  16007 11823      246.2941    81      262.9534      243.6013  2954779    7.36%
  16051 11863      250.6676    98      262.9534      243.6018  2958323    7.36%
  16078 11890      254.6608    88      262.9534      243.6018  2964663    7.36%
  16124 11932      250.2112    82      262.9534      243.6020  2970700    7.36%
  16147 11948      260.9599    68      262.9534      243.6025  2979069    7.36%
  16176 11965      247.3471    67      262.9534      243.6030  2985962    7.36%
  16192 11981      251.5398    90      262.9534      243.6030  2993614    7.36%
  16214 11995      260.1429    70      262.9534      243.6034  3000756    7.36%
  16255 12028      247.1636    81      262.9534      243.6037  3006960    7.36%
Elapsed time = 2354.10 sec. (2141830.62 ticks, tree = 46.07 MB, solutions = 19)
  16278 12043      251.2857    76      262.9534      243.6038  3012564    7.36%
  16318 12078      246.2337    81      262.9534      243.6040  3018764    7.36%
  16353 12107      250.2856    67      262.9534      243.6046  3025619    7.36%
  16400 12152      253.4413    67      262.9534      243.6046  3033579    7.36%
  16430 12176      251.8013    73      262.9534      243.6047  3042866    7.36%
  16470 12209      245.8226    85      262.9534      243.6050  3049376    7.36%
  16515 12247      245.1464    91      262.9534      243.6051  3053580    7.36%
  16542 12270      243.7316   119      262.9534      243.6054  3059020    7.36%
  16589 12317      244.2011    98      262.9534      243.6054  3062338    7.36%
  16626 12347      243.7744    86      262.9534      243.6066  3068278    7.36%
Elapsed time = 2397.73 sec. (2180851.90 ticks, tree = 47.25 MB, solutions = 19)
  16670 12380      243.6918   123      262.9534      243.6067  3072758    7.36%
  16712 12418      257.6836    70      262.9534      243.6067  3078818    7.36%
  16772 12468      244.3884    76      262.9534      243.6068  3082025    7.36%
  16816 12504      261.6531    65      262.9534      243.6069  3089635    7.36%
  16854 12532      256.2542    71      262.9534      243.6070  3097609    7.36%
  16886 12557      258.5398    68      262.9534      243.6075  3107790    7.36%
  16930 12597      246.0504    78      262.9534      243.6078  3113486    7.36%
  16962 12619      256.6651    95      262.9534      243.6086  3120127    7.36%
  16998 12647      244.1083    94      262.9534      243.6091  3128534    7.36%
  17036 12681      252.9921    91      262.9534      243.6092  3135208    7.36%
Elapsed time = 2445.04 sec. (2220774.20 ticks, tree = 48.48 MB, solutions = 19)
  17084 12721      243.6926    85      262.9534      243.6095  3146059    7.36%
  17129 12766      254.0807    71      262.9534      243.6095  3152414    7.36%
  17175 12805      246.0470    76      262.9534      243.6095  3157516    7.36%
  17234 12861      244.9605    78      262.9534      243.6099  3161709    7.36%
  17265 12886      245.0148    86      262.9534      243.6099  3170046    7.36%
  17297 12918      248.8950    75      262.9534      243.6099  3178033    7.36%
  17331 12950      253.0986    76      262.9534      243.6099  3186575    7.36%
  17387 12990      247.3217    88      262.9534      243.6109  3194639    7.36%
  17442 13042      262.5316    60      262.9534      243.6109  3201140    7.36%
  17495 13091      252.0498    63      262.9534      243.6111  3205681    7.36%
Elapsed time = 2491.31 sec. (2259994.94 ticks, tree = 49.98 MB, solutions = 19)
  17554 13144      254.4932    65      262.9534      243.6114  3210729    7.36%
  17609 13191      245.1002    97      262.9534      243.6115  3217290    7.36%
  17637 13219      248.3013    66      262.9534      243.6115  3226838    7.36%
  17692 13274      251.8441    43      262.9534      243.6115  3232852    7.36%
  17743 13313      243.6274    85      262.9534      243.6134  3238885    7.35%
  17801 13362      259.9965   108      262.9534      243.6134  3243467    7.35%
  17833 13380      244.3788   102      262.9534      243.6138  3251059    7.35%
  17862 13406      262.6766    56      262.9534      243.6138  3256007    7.35%
  17870 13410      244.9319   109      262.9534      243.6139  3260990    7.35%
  17881 13421      248.2872    87      262.9534      243.6139  3267477    7.35%
Elapsed time = 2535.78 sec. (2299723.82 ticks, tree = 51.19 MB, solutions = 19)
  17909 13446      256.9822    77      262.9534      243.6139  3275264    7.35%
  17952 13488      261.0482    53      262.9534      243.6139  3283232    7.35%
  17988 13516      245.0008    82      262.9534      243.6140  3287746    7.35%
  18021 13545      260.1002    78      262.9534      243.6144  3293786    7.35%
  18037 13555      246.9262    77      262.9534      243.6144  3298471    7.35%
  18081 13599      251.8606    70      262.9534      243.6144  3304247    7.35%
  18113 13620      243.6440   135      262.9534      243.6146  3308136    7.35%
  18170 13677      248.7876    66      262.9534      243.6146  3313251    7.35%
  18200 13703      246.5947    77      262.9534      243.6147  3319937    7.35%
  18237 13729      248.6625    94      262.9534      243.6159  3327928    7.35%
Elapsed time = 2576.39 sec. (2338839.25 ticks, tree = 52.33 MB, solutions = 19)
  18260 13748      261.6283    66      262.9534      243.6159  3332134    7.35%
  18309 13787      256.1846    52      262.9534      243.6160  3340192    7.35%
  18336 13805      262.6000    77      262.9534      243.6163  3346328    7.35%
  18372 13834      256.8014    71      262.9534      243.6169  3353893    7.35%
  18405 13863      259.2073    64      262.9534      243.6171  3361731    7.35%
  18444 13883      243.6596   133      262.9534      243.6176  3367260    7.35%
  18500 13939      244.9586    67      262.9534      243.6176  3370570    7.35%
  18535 13970      254.4887    85      262.9534      243.6180  3376763    7.35%
  18602 14026      244.0854    94      262.9534      243.6185  3382595    7.35%
  18641 14061      251.0823    65      262.9534      243.6187  3388136    7.35%
Elapsed time = 2616.93 sec. (2377543.00 ticks, tree = 53.55 MB, solutions = 19)
  18670 14090      262.6940    60      262.9534      243.6187  3393072    7.35%
  18713 14121      244.6027    75      262.9534      243.6194  3400403    7.35%
  18766 14168      244.3966    78      262.9534      243.6195  3407798    7.35%
  18799 14201      254.5553    63      262.9534      243.6195  3416262    7.35%
  18863 14259      245.0141    81      262.9534      243.6202  3420362    7.35%
  18913 14304      259.6906    52      262.9534      243.6204  3425730    7.35%
  18942 14328      256.6542    66      262.9534      243.6205  3435098    7.35%
  19001 14381      243.7749    83      262.9534      243.6205  3443184    7.35%
  19052 14428      260.5234    64      262.9534      243.6207  3448763    7.35%
  19103 14476      253.2883    56      262.9534      243.6208  3453551    7.35%
Elapsed time = 2670.89 sec. (2428521.55 ticks, tree = 55.08 MB, solutions = 19)
  19159 14504      244.0344    77      262.9534      243.6219  3461627    7.35%
  19181 14526      246.0997    89      262.9534      243.6219  3470729    7.35%
  19254 14580      243.6283    99      262.9534      243.6220  3479174    7.35%
  19312 14632      251.1971    68      262.9534      243.6223  3486016    7.35%
  19362 14678      243.8973   104      262.9534      243.6224  3493288    7.35%
  19400 14712      244.9327    95      262.9534      243.6225  3501216    7.35%
  19424 14736      248.6040    95      262.9534      243.6225  3511582    7.35%
  19465 14772      256.3416    76      262.9534      243.6225  3519259    7.35%
  19495 14791      262.7337    43      262.9534      243.6225  3527644    7.35%
  19517 14809      259.2568    68      262.9534      243.6230  3537350    7.35%
Elapsed time = 2712.75 sec. (2467334.53 ticks, tree = 56.31 MB, solutions = 19)
  19565 14852      259.9650    66      262.9534      243.6231  3547062    7.35%
  19622 14896      243.9128    65      262.9534      243.6239  3553047    7.35%
  19670 14940      262.3042    62      262.9534      243.6239  3561593    7.35%
  19704 14970      256.9362    66      262.9534      243.6243  3571302    7.35%
  19740 14987      244.3740   106      262.9534      243.6245  3576364    7.35%
  19753 14999      259.0644    99      262.9534      243.6245  3580144    7.35%
  19784 15026      249.1522    80      262.9534      243.6246  3589172    7.35%
  19832 15070      246.5479    76      262.9534      243.6247  3597232    7.35%
  19878 15108      251.8025    80      262.9534      243.6249  3604013    7.35%
  19934 15159      243.8320    85      262.9534      243.6249  3609281    7.35%
Elapsed time = 2765.47 sec. (2518286.98 ticks, tree = 57.59 MB, solutions = 19)
  19958 15183      249.5253    82      262.9534      243.6249  3618238    7.35%
  19989 15212      253.3895    54      262.9534      243.6249  3625740    7.35%
  20030 15249      256.9939    47      262.9534      243.6249  3631999    7.35%
  20062 15274      244.7668   106      262.9534      243.6249  3639225    7.35%
  20125 15333      248.2053    75      262.9534      243.6250  3642821    7.35%
  20172 15380      252.6552    65      262.9534      243.6250  3648945    7.35%
  20217 15412      260.4503    84      262.9534      243.6251  3654267    7.35%
  20264 15444      262.0397    64      262.9534      243.6252  3659877    7.35%
  20280 15450      243.7747    86      262.9534      243.6256  3669342    7.35%
  20294 15464      244.0502    61      262.9534      243.6256  3677199    7.35%
Elapsed time = 2809.61 sec. (2558795.88 ticks, tree = 58.72 MB, solutions = 19)
  20309 15479      246.3731    47      262.9534      243.6256  3685830    7.35%
  20349 15518      259.2675    54      262.9534      243.6256  3693815    7.35%
  20398 15557      243.6885   101      262.9534      243.6260  3698654    7.35%
  20457 15613      243.6268   113      262.9534      243.6262  3702688    7.35%
  20504 15660      246.8871    82      262.9534      243.6262  3707433    7.35%
  20551 15699      261.8220    65      262.9534      243.6265  3712750    7.35%
  20596 15731      243.6532    91      262.9534      243.6269  3720101    7.35%
  20633 15768      247.3815    96      262.9534      243.6269  3727927    7.35%
  20670 15799      243.7979    94      262.9534      243.6269  3733899    7.35%
  20721 15845      243.6867    95      262.9534      243.6270  3738891    7.35%
Elapsed time = 2854.67 sec. (2598979.21 ticks, tree = 60.13 MB, solutions = 19)
  20767 15891      244.8620    80      262.9534      243.6270  3743022    7.35%
  20808 15926      244.4804    94      262.9534      243.6274  3750390    7.35%
  20858 15967      244.2381    97      262.9534      243.6277  3756278    7.35%
  20898 16004      246.1433    66      262.9534      243.6277  3761321    7.35%
  20919 16023      251.3894    98      262.9534      243.6277  3768760    7.35%
  20946 16050      259.4037    54      262.9534      243.6277  3775921    7.35%
  20965 16059      243.7730   107      262.9534      243.6277  3785393    7.35%
  21005 16099      244.0298    88      262.9534      243.6277  3789562    7.35%
  21045 16136      243.8084   129      262.9534      243.6277  3795358    7.35%
  21085 16176      244.2515    92      262.9534      243.6277  3797448    7.35%
Elapsed time = 2902.71 sec. (2638319.10 ticks, tree = 61.35 MB, solutions = 19)
  21114 16197      243.8986    61      262.9534      243.6280  3803565    7.35%
  21153 16236      244.0658    91      262.9534      243.6280  3808234    7.35%
  21215 16290      243.6559   110      262.9534      243.6284  3812419    7.35%
  21273 16345        cutoff            262.9534      243.6284  3816521    7.35%
  21279 16351      246.8368    65      262.9534      243.6289  3822195    7.35%
  21286 16358      246.8368    57      262.9534      243.6289  3830826    7.35%
  21300 16372      248.8500    58      262.9534      243.6289  3839458    7.35%
  21340 16411      252.2579    71      262.9534      243.6289  3849397    7.35%
  21386 16447      244.3553    88      262.9534      243.6292  3855628    7.35%
  21419 16475      243.6940    76      262.9534      243.6292  3861809    7.35%
Elapsed time = 2966.00 sec. (2678092.63 ticks, tree = 63.13 MB, solutions = 19)
  21470 16526      250.2804    73      262.9534      243.6292  3866220    7.35%
  21496 16548      244.2919    76      262.9534      243.6298  3874212    7.35%
  21520 16572      248.4403    58      262.9534      243.6298  3884628    7.35%
  21563 16615      256.2285    64      262.9534      243.6298  3892009    7.35%
  21604 16648      243.6337   129      262.9534      243.6302  3898603    7.35%
  21620 16664      246.8870   102      262.9534      243.6302  3910041    7.35%
  21663 16705      254.6130    69      262.9534      243.6302  3919410    7.35%
  21670 16710      254.8896    67      262.9534      243.6302  3921254    7.35%
  21705 16738      246.1745   107      262.9534      243.6306  3928225    7.35%
  21763 16792      243.6522    80      262.9534      243.6307  3933749    7.35%
Elapsed time = 3035.71 sec. (2732547.05 ticks, tree = 64.30 MB, solutions = 19)
  21768 16797      243.8098    89      262.9534      243.6307  3939794    7.35%
  21796 16825      244.5634    89      262.9534      243.6307  3945943    7.35%
  21846 16871      249.8601    68      262.9534      243.6307  3951112    7.35%
  21884 16905      243.9042    82      262.9534      243.6315  3958656    7.35%
  21926 16947      247.4408    68      262.9534      243.6315  3964935    7.35%
  21940 16957      244.6786    60      262.9534      243.6315  3974095    7.35%
  21974 16991      255.0592    57      262.9534      243.6315  3985294    7.35%
  22033 17042      244.6869    65      262.9534      243.6315  3994174    7.35%
  22067 17072      247.9098   102      262.9534      243.6315  4001913    7.35%
  22110 17113      258.3197    61      262.9534      243.6315  4007021    7.35%
Elapsed time = 3087.50 sec. (2771134.21 ticks, tree = 65.48 MB, solutions = 19)
  22160 17159      252.8767    59      262.9534      243.6316  4012140    7.35%
  22192 17181      252.1033    76      262.9534      243.6322  4018351    7.35%
  22237 17222      243.7158   140      262.9534      243.6322  4024228    7.35%
  22257 17242      244.6979    86      262.9534      243.6322  4031632    7.35%
  22272 17257      248.0263    79      262.9534      243.6322  4038705    7.35%
  22298 17283      248.7664    62      262.9534      243.6322  4046746    7.35%
  22347 17326      244.3661    74      262.9534      243.6322  4051510    7.35%
  22370 17349      245.5407   104      262.9534      243.6322  4057522    7.35%
  22408 17381      243.7834    85      262.9534      243.6325  4063605    7.35%
  22460 17433      245.3851    74      262.9534      243.6325  4068061    7.35%
Elapsed time = 3143.51 sec. (2810741.22 ticks, tree = 66.66 MB, solutions = 19)
  22486 17455      248.3057   139      262.9534      243.6326  4073324    7.35%
  22530 17499      249.3519    89      262.9534      243.6326  4076070    7.35%
  22580 17540      243.7366   117      262.9534      243.6331  4079814    7.35%
  22622 17580      253.5381    65      262.9534      243.6331  4084670    7.35%
  22644 17598      252.5353    80      262.9534      243.6333  4091997    7.35%
  22670 17624      260.5672    69      262.9534      243.6333  4095834    7.35%
  22700 17641      260.6483    86      262.9534      243.6335  4103447    7.35%
  22722 17663      261.1332    71      262.9534      243.6335  4111524    7.35%
  22754 17692      243.6971   158      262.9534      243.6338  4115205    7.35%
  22814 17752      251.3217    56      262.9534      243.6338  4120288    7.35%
Elapsed time = 3211.80 sec. (2861426.34 ticks, tree = 67.84 MB, solutions = 19)
  22844 17776      246.5380    85      262.9534      243.6339  4126901    7.35%
  22871 17799      244.0245   111      262.9534      243.6341  4136224    7.35%
  22898 17826      248.5074    59      262.9534      243.6341  4145808    7.35%
  22924 17844      244.4334    89      262.9534      243.6342  4155268    7.35%
  22969 17889      257.5400    62      262.9534      243.6342  4160331    7.35%
  22970 17890      258.1330    61      262.9534      243.6342  4160431    7.35%
  23006 17921      244.1122    90      262.9534      243.6343  4165694    7.35%
  23055 17966      243.9256    80      262.9534      243.6352  4169820    7.35%
  23089 17996      243.6870   134      262.9534      243.6352  4176423    7.35%
  23141 18048      255.8564    65      262.9534      243.6352  4180542    7.35%
Elapsed time = 3291.52 sec. (2916381.33 ticks, tree = 68.94 MB, solutions = 19)
  23164 18067      244.7003   110      262.9534      243.6354  4187950    7.35%
  23170 18073      244.5115    87      262.9534      243.6354  4190105    7.35%
  23200 18103      246.4189    85      262.9534      243.6354  4200687    7.35%
  23248 18149      254.4967    61      262.9534      243.6354  4209003    7.35%
  23270 18163      245.7409    60      262.9534      243.6355  4212680    7.35%
  23313 18202      244.2262    71      262.9534      243.6360  4220005    7.35%
  23358 18247      260.0390    60      262.9534      243.6360  4225255    7.35%
* 23370+17841                          261.8899      243.6361             6.97%
  23370 17843      243.6861   120      261.8899      243.6361  4228261    6.97%
  23430 17903      245.6244    84      261.8899      243.6361  4231655    6.97%
  23470 17937      259.4099    71      261.8899      243.6362  4236411    6.97%
Elapsed time = 3457.10 sec. (3053955.98 ticks, tree = 68.54 MB, solutions = 20)
  23500 17959      245.4181    88      261.8899      243.6362  4244438    6.97%
  23533 17985      243.7263   104      261.8899      243.6364  4251684    6.97%
  23570 18022      244.3097    76      261.8899      243.6364  4254607    6.97%
  23631 18074      244.0452   100      261.8899      243.6370  4259782    6.97%
  23670 18113      247.7970    68      261.8899      243.6370  4262777    6.97%
  23723 18162      245.2470    78      261.8899      243.6370  4266766    6.97%
  23765 18197      249.7183   102      261.8899      243.6381  4273860    6.97%
  23770 18202      249.7269    80      261.8899      243.6381  4274102    6.97%
  23825 18253      250.6268    57      261.8899      243.6382  4281379    6.97%
  23884 18305      245.7251    87      261.8899      243.6388  4286672    6.97%
Elapsed time = 3557.24 sec. (3125440.34 ticks, tree = 69.90 MB, solutions = 20)
  23945 18360      243.8858    83      261.8899      243.6392  4294803    6.97%
  23970 18378      260.8071    58      261.8899      243.6392  4298785    6.97%
  24042 18444      244.6127    85      261.8899      243.6393  4304156    6.97%
  24064 18466      256.1649    70      261.8899      243.6393  4313367    6.97%
* 24070+18408                          261.7988      243.6393             6.94%
Advanced basis not built.

GUB cover cuts applied:  49
Clique cuts applied:  25
Cover cuts applied:  3
Implied bound cuts applied:  47
Flow cuts applied:  21
Mixed integer rounding cuts applied:  459
Zero-half cuts applied:  4
Gomory fractional cuts applied:  23

Root node processing (before b&c):
  Real time             =   10.81 sec. (10562.40 ticks)
Sequential b&c:
  Real time             = 3589.22 sec. (3141677.23 ticks)
                          ------------
Total (root+branch&cut) = 3600.03 sec. (3152239.63 ticks)
