Version identifier: 22.1.0.0 | 2022-03-09 | 1a383f8ce
CPXPARAM_Read_DataCheck                          1
CPXPARAM_Threads                                 1
CPXPARAM_TimeLimit                               3600
Tried aggregator 2 times.
MIP Presolve eliminated 3283 rows and 182 columns.
MIP Presolve modified 29816 coefficients.
Aggregator did 135 substitutions.
Reduced MIP has 6343 rows, 663 columns, and 47260 nonzeros.
Reduced MIP has 483 binaries, 0 generals, 0 SOSs, and 0 indicators.
Presolve time = 0.11 sec. (89.60 ticks)
Probing fixed 2 vars, tightened 3 bounds.
Probing time = 0.04 sec. (27.19 ticks)
Tried aggregator 1 time.
Detecting symmetries...
MIP Presolve eliminated 3 rows and 2 columns.
MIP Presolve modified 100 coefficients.
Reduced MIP has 6340 rows, 661 columns, and 47216 nonzeros.
Reduced MIP has 481 binaries, 0 generals, 0 SOSs, and 0 indicators.
Presolve time = 0.04 sec. (24.60 ticks)
Probing time = 0.01 sec. (5.38 ticks)
Clique table members: 2572.
MIP emphasis: balance optimality and feasibility.
MIP search method: dynamic search.
Parallel mode: none, using 1 thread.
Root relaxation solution time = 0.02 sec. (23.65 ticks)

        Nodes                                         Cuts/
   Node  Left     Objective  IInf  Best Integer    Best Bound    ItCnt     Gap

      0     0      260.4427   146                    260.4427      370         
      0     0      260.4427    52                   Cuts: 346      643         
      0     0      260.4427    72                   Cuts: 444     1014         
      0     0      260.4736   118                   Cuts: 621     1836         
      0     0      260.5602    96                  Cuts: 1339     2629         
      0     0      260.7132   103                  Cuts: 1001     2947         
Detecting symmetries...
      0     0      260.8458   102                  Cuts: 1003     3128         
      0     0      260.9516    82                  Cuts: 1042     3263         
      0     0      260.9739   161                   Cuts: 328     3431         
      0     0      261.0150   129                   Cuts: 335     3575         
      0     0      261.0289   166                   Cuts: 779     3683         
Detecting symmetries...
      0     2      261.0289   166                    261.0319     3683         
Elapsed time = 4.67 sec. (4436.63 ticks, tree = 0.01 MB, solutions = 0)
      4     6      264.6350    54                    261.0342     5297         
     10    12      261.8911    87                    261.0342     6849         
     15    17      264.8722    77                    261.0342     8870         
     20    22      269.3668    52                    261.0342    10347         
     52    44    infeasible                          261.0342    12704         
     60    44      261.1408   123                    261.1422    13293         
     68    52      262.7228    60                    261.1465    15210         
     79    63      269.5738    58                    261.1465    17413         
     85    69      312.9920    80                    261.1465    18882         
    100    84      262.8243    80                    261.1465    21943         
Elapsed time = 7.83 sec. (7864.50 ticks, tree = 0.31 MB, solutions = 0)
    189   163      274.0075    26                    261.1465    26862         
    240   204      261.4322   110                    261.1887    30428         
    279   237    infeasible                          261.1887    33985         
    323   273      268.6984    45                    262.5133    38095         
    394   334    infeasible                          262.5133    42295         
    448   374      263.4206    80                    262.7228    45246         
    515   429      266.6898    39                    262.7228    49209         
    591   499      275.3058    36                    262.7228    52874         
    632   518      271.3845    71                    262.7473    56647         
    695   571      269.9020    45                    262.8243    60642         
Elapsed time = 16.95 sec. (17750.00 ticks, tree = 22.65 MB, solutions = 0)
    734   596    infeasible                          262.8244    65029         
    772   618      272.6723    53                    262.8416    69030         
    855   675      262.9686   101                    262.9435    72488         
    921   729      263.0041    66                    263.0062    76112         

Performing restart 1

Repeating presolve.
Tried aggregator 1 time.
MIP Presolve eliminated 2 rows and 1 columns.
Reduced MIP has 6338 rows, 660 columns, and 47179 nonzeros.
Reduced MIP has 480 binaries, 0 generals, 0 SOSs, and 0 indicators.
Presolve time = 0.02 sec. (15.89 ticks)
Tried aggregator 1 time.
Reduced MIP has 6338 rows, 660 columns, and 47179 nonzeros.
Reduced MIP has 480 binaries, 0 generals, 0 SOSs, and 0 indicators.
Presolve time = 0.03 sec. (20.31 ticks)
Represolve time = 0.13 sec. (79.56 ticks)
    940     0      261.0387   135                  Cuts: 1123    78585         
    940     0      261.0452   143                   Cuts: 751    78723         
    940     0      261.1177   168                   Cuts: 484    78920         
    940     0      261.1718   160                   Cuts: 868    79079         
    940     0      261.1909   157                   Cuts: 896    79213         
    940     2      261.1909   157                    263.0281    79213         
    941     3      261.1923   155                    263.0281    79216         
    944     5      261.2069   147                    263.0281    79300         
    950    11      261.2452    78                    263.0281    79466         
    955    15      265.2082    51                    263.0281    81106         
    966    26      266.5611    77                    263.0281    81821         
Elapsed time = 33.62 sec. (34419.08 ticks, tree = 0.64 MB, solutions = 0)
    976    36      270.4306    48                    263.0281    82666         
   1009    65    infeasible                          263.0281    84614         
   1010    66      269.2766    47                    263.0281    85957         
   1016    72      271.3085    43                    263.0281    87233         
   1030    86      273.6590    39                    263.0281    89737         
   1072   128      284.7147    30                    263.0281    92357         
   1088   140      270.6796    47                    263.0281    94945         
   1138   182    infeasible                          263.0281    97675         
   1166   206      263.5290    49                    263.0281    98562         
   1216   252      273.6894    31                    263.0281   100690         
Elapsed time = 42.89 sec. (44093.92 ticks, tree = 8.61 MB, solutions = 0)
   1257   289      273.3062    33                    263.0281   102893         
   1302   328      272.6761    33                    263.0281   104964         
   1357   371      264.4376   102                    263.0281   107297         
   1413   416      263.9855    46                    263.0281   109849         
   1466   465      274.0015    16                    263.0281   112638         
   1518   507      271.4867    38                    263.0281   115218         
   1566   545      266.2355    28                    263.0281   117830         
   1597   568      263.5992    50                    263.0281   121056         
   1651   614      269.8786    38                    263.0281   124272         
   1715   666      278.4449    16                    263.0281   127426         
Elapsed time = 51.46 sec. (53774.16 ticks, tree = 30.17 MB, solutions = 0)
   1762   701      264.9865    46                    263.0281   130474         
   1816   741      263.7078    52                    263.0281   133644         
   1872   785      268.3911    43                    263.0281   136484         

Performing restart 2

Repeating presolve.
Tried aggregator 1 time.
MIP Presolve eliminated 26 rows and 2 columns.
MIP Presolve modified 21 coefficients.
Reduced MIP has 6312 rows, 658 columns, and 50149 nonzeros.
Reduced MIP has 478 binaries, 0 generals, 0 SOSs, and 0 indicators.
Presolve time = 0.03 sec. (32.87 ticks)
Tried aggregator 1 time.
Reduced MIP has 6312 rows, 658 columns, and 50149 nonzeros.
Reduced MIP has 478 binaries, 0 generals, 0 SOSs, and 0 indicators.
Presolve time = 0.03 sec. (22.57 ticks)
Represolve time = 0.15 sec. (106.19 ticks)
   1880     0      261.1911   153                  Cuts: 1678   138115         
   1880     0      261.1978   155                  Cuts: 1678   138188         
   1880     0      261.2259   153                   Cuts: 540   138345         
   1880     0      261.2322   154                   Cuts: 454   138455         
   1880     0      261.2332   140                   Cuts: 615   138635         
   1880     0      261.2377   150                  Cuts: 1632   138770         
   1880     0      261.2387   147                   Cuts: 582   138869         
   1880     2      261.2387   147                    263.0281   138869         
   1882     4      268.3443   102                    263.0281   140042         
   1885     7      267.1118    50                    263.0281   141480         
   1889    11      261.2650    64                    263.0281   142432         
   1892    14      261.4026    81                    263.0281   142846         
   1896    18      271.3679    53                    263.0281   144004         
   1900    22      267.2995    50                    263.0281   144565         
Elapsed time = 81.17 sec. (84143.71 ticks, tree = 0.18 MB, solutions = 0)
   1906    28      269.3387    47                    263.0281   145376         
   1914    35      273.9255    39                    263.0281   145893         
   1926    45      278.7686    40                    263.0281   146664         
   1940    59      279.5881    37                    263.0281   147640         
   1956    67      270.1159    57                    263.0281   149165         
   1959    70      279.8628    62                    263.0281   150010         
   1962    73      280.2847    53                    263.0281   150253         
   1971    82      280.2847    46                    263.0281   150912         
   1979    89      289.4908    49                    263.0281   151783         
   1991   100      292.9496    38                    263.0281   153059         
Elapsed time = 90.11 sec. (94388.58 ticks, tree = 0.22 MB, solutions = 0)
   2000   106      261.4062    88                    263.0281   153897         
   2012   118      269.9625    53                    263.0281   155407         
   2031   137      275.7262    47                    263.0281   157300         
   2054   156      261.4716    73                    263.0281   158410         
   2070   172      269.5472    38                    263.0281   160003         
   2097   195      268.3079    68                    263.0281   162313         
   2124   216      268.1856    49                    263.0281   165413         
   2145   235      293.5527    37                    263.0281   168006         
   2160   246      269.9106    32                    263.0281   170728         
   2191   265      273.6647    27                    263.0281   174284         
Elapsed time = 99.62 sec. (104647.65 ticks, tree = 0.42 MB, solutions = 0)
   2219   281      262.6729    50                    263.0281   177030         
   2250   306      263.9266    56                    263.0281   180143         
   2281   329      262.9122    39                    263.0281   183491         
   2310   354      281.9140    25                    263.0281   187108         
   2343   373      269.2927    48                    263.0281   190810         
   2395   409      286.6162    18                    263.0281   195193         
   2436   432      263.3313    44                    263.0281   198909         
   2485   472      263.1705    46                    263.0281   202512         
   2522   503      273.9297    39                    263.0281   206199         
   2576   537      297.4576    32                    263.0281   210144         
Elapsed time = 110.91 sec. (114467.00 ticks, tree = 0.75 MB, solutions = 0)
   2598   553      270.3697    35                    263.0281   212396         
   2650   594      266.5822    44                    263.0281   216322         
   2716   645      270.6965    30                    263.0281   220026         
   2784   693      265.3756    45                    263.0281   224288         
   2841   739      296.7180    27                    263.0281   229036         
   2902   781      263.4776    72                    263.0281   233533         
   2959   826      269.9476    41                    263.0281   237958         
   3021   868    infeasible                          263.0281   243090         
   3087   916      264.8126    41                    263.0281   247922         
   3269  1037      271.9342    22                    263.0281   262090         
Elapsed time = 125.42 sec. (126950.42 ticks, tree = 1.37 MB, solutions = 0)
   3400  1122      284.5509    45                    263.0297   274923         
   3571  1221      266.2667    75                    263.1592   291953         
   3794  1380      289.8275    37                    263.2422   311605         
   4010  1532      284.1914    23                    263.3736   330565         
   4201  1641      268.1529    61                    263.5298   352479         
   4428  1790    infeasible                          263.6830   372589         
   4642  1934      305.2974    25                    263.7987   392438         
   4860  2088      283.6634    43                    263.9304   412623         
   5089  2251    infeasible                          264.0241   432007         
   5281  2383      267.5232    25                    264.1169   448311         
Elapsed time = 171.93 sec. (165374.99 ticks, tree = 3.00 MB, solutions = 0)
   5479  2511      273.2858    28                    264.2519   463972         
   5720  2691      267.4778    74                    264.3113   483461         
   5895  2796    infeasible                          264.4691   502737         
   6072  2905      289.2174    49                    264.5888   519658         
   6255  3022      269.7393    44                    264.6694   539973         
   6397  3116      264.7709    47                    264.7562   555491         
   6642  3265      269.5604    61                    264.8270   574898         
   6799  3356      267.2740    39                    264.8563   591127         
   6965  3461      292.1968    31                    264.8875   607547         
   7167  3600    infeasible                          264.9104   626042         
Elapsed time = 217.00 sec. (203706.08 ticks, tree = 4.41 MB, solutions = 0)
   7388  3744      271.3221    31                    264.9724   646392         
   7607  3898      293.1700    29                    265.0042   664728         
   7801  4022      284.3142    45                    265.0410   680991         
   8019  4168      267.5276    36                    265.0749   701631         
   8107  4244      266.1752    33                    265.0799   709678         
   8349  4376      266.3718    37                    265.1408   731054         
   8518  4481      266.3292    43                    265.1829   747036         
   8623  4553      276.9587    47                    265.1859   758791         
   8746  4654      265.5960    62                    265.1861   772459         
   8950  4781      271.9747    34                    265.2256   792082         
Elapsed time = 260.56 sec. (242000.53 ticks, tree = 5.91 MB, solutions = 0)
   9138  4889      265.5423    86                    265.2836   810260         
   9360  5044      285.5495    36                    265.3064   829440         
   9580  5170      267.0383    45                    265.3445   847415         
   9746  5283      269.9768    57                    265.3744   863428         
   9925  5386      266.7265    48                    265.3920   879203         
  10117  5516      271.1889    72                    265.4116   896715         
  10322  5631      272.0005    39                    265.4502   916355         
  10532  5757      269.0173    75                    265.4694   936401         
  10705  5860      269.9183    32                    265.4918   956295         
  10872  5978      270.6938    51                    265.5170   973289         
Elapsed time = 305.53 sec. (280307.07 ticks, tree = 7.29 MB, solutions = 0)
  11053  6100      283.7899    35                    265.5516   991408         
  11256  6231      273.6099    62                    265.5764  1009712         
  11482  6392      280.3528    22                    265.5882  1027775         
  11640  6501      302.3556    15                    265.6051  1045835         
  11844  6613      271.3787    37                    265.6389  1067060         
  12043  6748      266.0553    49                    265.6566  1084416         
  12265  6885      266.1995    40                    265.6837  1102636         
  12422  6990      311.3033    22                    265.6966  1120424         
  12659  7131      274.3807    42                    265.7307  1139761         
  12890  7280      269.7550    50                    265.7498  1159759         
Elapsed time = 351.16 sec. (318760.38 ticks, tree = 8.80 MB, solutions = 0)
  13104  7420      268.2405    41                    265.7771  1179455         
  13289  7553      298.1680    42                    265.8005  1199101         
  13448  7660      279.8078    24                    265.8138  1215411         
  13630  7780      273.3304    55                    265.8236  1233338         
  13842  7920    infeasible                          265.8448  1251180         
  14061  8051      265.8804    50                    265.8712  1269929         
  14296  8199    infeasible                          265.9040  1291019         
  14496  8337      271.1978    47                    265.9332  1311405         
  14732  8484      270.6896    57                    265.9610  1330749         
  14924  8606      279.5305    30                    265.9895  1346552         
Elapsed time = 397.52 sec. (357122.14 ticks, tree = 10.68 MB, solutions = 0)
  15132  8729    infeasible                          266.0120  1364901         
  15331  8865      269.3106    37                    266.0235  1382154         
  15543  8995      269.1733    34                    266.0529  1403368         
  15762  9120      277.7201    28                    266.0701  1424409         
  15978  9240      296.1771    31                    266.0880  1445558         
  16172  9365      281.3857    15                    266.1046  1466327         
  16350  9482      266.4410    55                    266.1186  1483585         
  16533  9591      278.9533    15                    266.1305  1502010         
  16691  9700      281.9546    19                    266.1480  1520290         
  16939  9830      271.4038    71                    266.1803  1541161         
Elapsed time = 443.04 sec. (395353.06 ticks, tree = 12.10 MB, solutions = 0)
  17175  9966      268.5025    63                    266.2116  1562064         
  17404 10115      277.2044    26                    266.2288  1582868         
  17617 10253      269.0648    29                    266.2420  1601902         
  17812 10382      274.0901    35                    266.2650  1617860         
  18028 10515    infeasible                          266.2898  1634258         
  18237 10635      268.0426    45                    266.3145  1652702         
  18430 10770      294.1816    35                    266.3245  1671428         
  18671 10913    infeasible                          266.3484  1692418         
  18915 11071      271.1916    30                    266.3697  1712806         
  19129 11185      269.9937    42                    266.3828  1733191         
Elapsed time = 488.92 sec. (433599.01 ticks, tree = 13.68 MB, solutions = 0)
  19324 11309    infeasible                          266.3908  1749405         
  19520 11433      274.2972    32                    266.4093  1766968         
  19716 11550    infeasible                          266.4241  1783879         
  19956 11690      271.7946    47                    266.4469  1802187         
  20175 11807    infeasible                          266.4604  1822741         
  20372 11933      273.6887    34                    266.4815  1841515         
  20593 12070      273.9372    45                    266.4963  1862757         
  20822 12217      272.9666    31                    266.5059  1883793         
  21051 12344      269.3298    53                    266.5168  1902998         
  21213 12458      282.0700    48                    266.5205  1920979         
Elapsed time = 534.71 sec. (471992.55 ticks, tree = 15.16 MB, solutions = 0)
  21410 12578      271.0613    32                    266.5271  1940631         
  21601 12702      302.2239    21                    266.5369  1958468         
  21817 12831      283.9400    21                    266.5550  1977813         
  22053 12987      268.1494    44                    266.5642  1997854         
  22273 13125      277.7785    32                    266.5772  2018970         
  22505 13271      275.6205    30                    266.5835  2039923         
  22754 13438      275.1543    27                    266.5955  2060394         
  22938 13548      269.4175    28                    266.6015  2078321         
  23152 13666      282.8600    32                    266.6173  2098184         
  23328 13767      271.6753    27                    266.6306  2115530         
Elapsed time = 580.21 sec. (510341.86 ticks, tree = 16.68 MB, solutions = 0)
  23538 13899      271.5390    30                    266.6443  2133449         
  23735 14012    infeasible                          266.6603  2156405         
  23941 14132      284.4885    36                    266.6765  2177226         
  24194 14301      284.2855    32                    266.6946  2197775         
  24412 14421    infeasible                          266.7083  2219332         
  24629 14559      298.8815    26                    266.7254  2238601         
  24834 14668      273.4299    33                    266.7353  2256439         
  25057 14820      267.0950    77                    266.7432  2273245         
  25244 14935    infeasible                          266.7536  2291002         
  25460 15070      271.4850    32                    266.7656  2310996         
Elapsed time = 625.88 sec. (548631.61 ticks, tree = 18.30 MB, solutions = 0)
  25690 15222      277.4099    35                    266.7788  2331492         
  25858 15318    infeasible                          266.7914  2353533         
  26081 15455      300.2806    26                    266.7970  2374215         
  26280 15584      275.1200    56                    266.8069  2396292         
  26472 15702      301.2565    16                    266.8180  2414454         
  26641 15803      270.2298    34                    266.8316  2432388         
  26803 15919      284.5991    55                    266.8374  2450177         
  26977 16033      280.8267    35                    266.8462  2469383         
  27203 16169      275.0994    40                    266.8533  2488951         
  27411 16292      287.5947    23                    266.8620  2508951         
Elapsed time = 672.15 sec. (586934.00 ticks, tree = 19.84 MB, solutions = 0)
  27625 16434      269.5776    62                    266.8712  2529486         
  27852 16595      276.0173    32                    266.8811  2548951         
  28095 16742    infeasible                          266.8879  2568427         
  28304 16873      276.2983    22                    266.8965  2588720         
  28477 16981      267.0638    36                    266.9084  2608404         
  28697 17121      271.6918    35                    266.9145  2626352         
  28905 17256      272.2792    41                    266.9235  2643847         
  29008 17325      293.4501    43                    266.9274  2658885         
  29213 17454      272.1980    66                    266.9369  2678096         
  29412 17565      269.7442    60                    266.9465  2699172         
Elapsed time = 718.05 sec. (625300.07 ticks, tree = 21.90 MB, solutions = 0)
  29616 17703      304.1050    30                    266.9552  2718782         
  29834 17839      269.5173    38                    266.9720  2738997         
  30014 17953      276.2527    80                    266.9802  2759542         
  30271 18118      268.5616    42                    266.9899  2780976         
  30486 18248      268.9846    39                    267.0011  2798941         
  30661 18353    infeasible                          267.0085  2815544         
  30843 18449      290.5268    38                    267.0196  2834089         
  31060 18568      269.6441    33                    267.0362  2852497         
  31285 18705    infeasible                          267.0481  2871488         
  31536 18853    infeasible                          267.0668  2890526         
Elapsed time = 764.12 sec. (663640.05 ticks, tree = 23.41 MB, solutions = 0)
  31776 19008    infeasible                          267.0742  2909052         
  31988 19153      274.2942    37                    267.0834  2927694         
  32230 19307      268.0076    30                    267.0906  2947088         
  32467 19460      277.1520    42                    267.0954  2968072         
  32680 19595      279.1297    29                    267.1009  2988105         
  32915 19746    infeasible                          267.1081  3008405         
  33051 19826      282.1827    38                    267.1123  3021078         
  33210 19925      268.3993    39                    267.1193  3037341         
  33413 20048      267.2885    59                    267.1288  3059233         
  33627 20198      276.9912    27                    267.1366  3077635         
Elapsed time = 808.51 sec. (702001.39 ticks, tree = 24.94 MB, solutions = 0)
  33852 20327      269.4581    65                    267.1417  3098022         
  34051 20458    infeasible                          267.1453  3117185         
  34200 20559      270.1087    34                    267.1504  3134318         
  34379 20670      276.1995    66                    267.1622  3152354         
  34589 20807      274.9519    25                    267.1669  3169994         
  34833 20929      271.9046    61                    267.1751  3190739         
  34940 21002      269.9618    38                    267.1776  3205033         
  35017 21053      268.0663    82                    267.1794  3215411         
  35254 21189      275.0994    30                    267.1923  3234630         
  35513 21348      296.6234    18                    267.2038  3254940         
Elapsed time = 847.12 sec. (740595.40 ticks, tree = 26.29 MB, solutions = 0)
  35730 21485    infeasible                          267.2116  3272110         
  35978 21641      271.7007    30                    267.2272  3293009         
  36227 21798      270.8577    36                    267.2313  3313939         
  36461 21954      273.8952    30                    267.2382  3332756         
  36692 22109      271.7318    38                    267.2482  3352738         
  36916 22271      275.5474    31                    267.2588  3371576         
  37151 22398    infeasible                          267.2725  3392282         
  37380 22551      294.3368    26                    267.2784  3412892         
  37608 22687      289.5972    23                    267.2906  3433469         
  37780 22790      271.3106    44                    267.3007  3451340         
Elapsed time = 886.18 sec. (778854.81 ticks, tree = 27.99 MB, solutions = 0)
  38006 22918      272.1066    39                    267.3127  3471195         
  38221 23043      272.3089    55                    267.3211  3491478         
  38442 23168      273.0477    40                    267.3309  3509699         
  38647 23304      277.9875    35                    267.3344  3527957         
  38841 23429      267.8733    38                    267.3394  3547126         
  39024 23544      268.2993    60                    267.3470  3565581         
  39176 23642      271.3662    32                    267.3535  3584398         
  39370 23768      280.2062    28                    267.3609  3600524         
  39529 23865      273.2331    42                    267.3709  3619197         
  39650 23952      274.9068    30                    267.3738  3632523         
Elapsed time = 923.23 sec. (817207.60 ticks, tree = 29.41 MB, solutions = 0)
  39859 24077      269.9871    35                    267.3793  3653148         
  40036 24201      272.2010    35                    267.3830  3671671         
  40206 24291      273.2331    42                    267.3896  3690467         
  40374 24399      272.1496    35                    267.3939  3706241         
  40583 24524      270.1006    44                    267.4096  3724233         
  40791 24672      281.5838    35                    267.4151  3744460         
  41008 24800    infeasible                          267.4244  3765361         
  41246 24953    infeasible                          267.4333  3785442         
  41460 25061      274.8786    46                    267.4466  3806941         
  41673 25198      273.1228    24                    267.4541  3825254         
Elapsed time = 961.32 sec. (855633.40 ticks, tree = 30.87 MB, solutions = 0)
  41923 25358      268.7022    42                    267.4618  3845363         
  42146 25497      267.6297    39                    267.4659  3864514         
  42328 25641      271.4862    31                    267.4659  3885936         
  42597 25798      270.0828    39                    267.4736  3905505         
  42807 25911      271.0727    35                    267.4827  3924352         
  43034 26043      279.0162    26                    267.4871  3942200         
  43203 26131      272.8147    54                    267.4935  3960251         
  43371 26229      269.5421    57                    267.4987  3978979         
  43566 26358      288.8683    37                    267.5013  3997545         
  43797 26465      285.1732    45                    267.5101  4018459         
Elapsed time = 999.54 sec. (893995.84 ticks, tree = 32.36 MB, solutions = 0)
  44014 26600      276.9368    41                    267.5164  4039064         
  44246 26752      273.2208    31                    267.5231  4060131         
  44484 26910      271.3249    46                    267.5333  4080291         
  44651 27021      271.4415    58                    267.5348  4100024         
  44871 27153      267.9165    56                    267.5436  4120974         
  45007 27239      276.3553    32                    267.5480  4136664         
  45226 27368      274.4573    40                    267.5594  4158992         
  45473 27522      285.1162    28                    267.5669  4179785         
  45688 27644      281.0989    26                    267.5703  4197567         
  45867 27757      277.1200    22                    267.5775  4215275         
Elapsed time = 1037.03 sec. (932588.14 ticks, tree = 33.88 MB, solutions = 0)
  45977 27822      286.3582    38                    267.5805  4226543         
  46230 27967      271.3037    32                    267.5860  4245799         
  46428 28087      289.0453    21                    267.5938  4267823         
  46641 28210    infeasible                          267.6008  4289076         
  46814 28327      291.2728    51                    267.6074  4306504         
  47025 28451      280.1935    27                    267.6119  4326642         
  47242 28566    infeasible                          267.6197  4345577         
  47452 28689      270.1053    33                    267.6286  4365120         
  47638 28820      273.9319    48                    267.6297  4383274         
  47805 28938      271.4283    31                    267.6305  4403164         
Elapsed time = 1073.94 sec. (970901.84 ticks, tree = 35.37 MB, solutions = 0)
  48035 29086      272.6240    52                    267.6399  4422241         
  48279 29224      271.4318    14                    267.6447  4442205         
  48535 29376      279.9679    43                    267.6553  4462837         
  48746 29483    infeasible                          267.6640  4483447         
  48932 29597      273.0626    52                    267.6741  4502510         
  49166 29739    infeasible                          267.6845  4522807         
  49404 29877      267.9461    47                    267.6943  4543974         
  49621 30019      292.5208    15                    267.6991  4561271         
  49816 30128    infeasible                          267.7059  4579480         
  50069 30278      268.7962    84                    267.7131  4598113         
Elapsed time = 1112.23 sec. (1009282.40 ticks, tree = 37.17 MB, solutions = 0)
  50213 30370      270.4545    39                    267.7179  4612777         
  50437 30506      284.7224    22                    267.7279  4633832         
  50622 30613      293.8595    39                    267.7309  4652493         
  50830 30731      269.2126    25                    267.7381  4672478         
  51059 30869      272.4912    23                    267.7449  4692875         
  51243 30993      276.8674    57                    267.7467  4714969         
  51453 31107    infeasible                          267.7553  4735510         
  51697 31235      275.5947    32                    267.7628  4756509         
  51934 31384      269.2850    31                    267.7678  4776749         
  52175 31527      272.8167    51                    267.7749  4797704         
Elapsed time = 1150.58 sec. (1047645.12 ticks, tree = 38.64 MB, solutions = 0)
  52381 31665      274.2557    45                    267.7797  4818354         
  52513 31739      277.4765    49                    267.7843  4832086         
  52738 31876      270.0803    68                    267.7892  4852384         
  52954 32016      269.8041    54                    267.7924  4873580         
  53197 32183      276.1567    30                    267.7979  4893226         
  53396 32311      293.3803    33                    267.8034  4913026         
  53583 32433      292.3557    32                    267.8057  4932076         
  53773 32550      269.7109    49                    267.8090  4950625         
  54007 32694      269.4624    29                    267.8155  4969161         
  54179 32791      269.1489    25                    267.8236  4988000         
Elapsed time = 1190.52 sec. (1086015.79 ticks, tree = 41.51 MB, solutions = 0)
  54374 32916      268.4163    55                    267.8283  5006989         
  54581 33027      268.4609    26                    267.8353  5027012         
  54768 33146    infeasible                          267.8399  5048142         
  54967 33257      272.6337    57                    267.8481  5069596         
  55204 33404      272.1378    60                    267.8564  5090254         
  55421 33533      279.3817    35                    267.8621  5111950         
  55640 33659      278.7081    26                    267.8675  5134266         
  55828 33767    infeasible                          267.8706  5154049         
  56051 33914      272.7521    39                    267.8768  5171217         
  56239 34008      279.5539    25                    267.8865  5193041         
Elapsed time = 1229.36 sec. (1124384.35 ticks, tree = 42.94 MB, solutions = 0)
  56431 34124      275.1358    25                    267.8892  5211617         
  56629 34236      293.2097    28                    267.8985  5230535         
  56856 34370      282.1736    31                    267.9024  5249476         
  57086 34490      275.9357    34                    267.9117  5269207         
  57282 34602      270.3443    37                    267.9165  5289157         
  57528 34756      270.1388    33                    267.9246  5307724         
  57802 34904      289.5477    41                    267.9322  5329344         
  58040 35056      272.4684    49                    267.9350  5349995         
  58254 35190      285.6976    20                    267.9413  5370907         
  58491 35339      271.4620    29                    267.9513  5391705         
Elapsed time = 1267.23 sec. (1162606.83 ticks, tree = 44.51 MB, solutions = 0)
  58762 35486    infeasible                          267.9559  5412612         
  58991 35599      271.0400    33                    267.9599  5433990         
  59222 35729      270.0252    52                    267.9679  5454330         
  59409 35866      277.6002    27                    267.9714  5472338         
  59630 35973      293.2916    24                    267.9743  5490158         
  59847 36101      268.5583    56                    267.9785  5508848         
  60059 36227      276.4717    40                    267.9814  5528303         
  60278 36352      268.3792    47                    267.9869  5547962         
  60519 36490      270.9054    40                    267.9931  5567678         
  60727 36616      279.6712    36                    267.9937  5587924         
Elapsed time = 1305.02 sec. (1200916.89 ticks, tree = 46.02 MB, solutions = 0)
  60974 36754      268.2305    65                    268.0015  5608156         
  61200 36890      277.8431    30                    268.0079  5629187         
  61353 36979      279.4718    51                    268.0120  5649277         
  61586 37116      281.0467    26                    268.0178  5670563         
  61762 37220      318.5473    33                    268.0258  5689524         
  62018 37344      268.0402    67                    268.0326  5709942         
  62267 37501    infeasible                          268.0377  5730377         
  62496 37634      269.4695    29                    268.0441  5750812         
  62688 37744    infeasible                          268.0470  5770675         
  62910 37870      275.4637    64                    268.0548  5791731         
Elapsed time = 1343.15 sec. (1239215.77 ticks, tree = 47.50 MB, solutions = 0)
  63112 37988      271.9371    44                    268.0612  5812106         
  63318 38108      280.4497    37                    268.0669  5830987         
  63543 38246      268.4842    29                    268.0707  5850206         
  63717 38348      278.1107    42                    268.0800  5869919         
  63880 38439      302.6872    29                    268.0835  5891130         
  64080 38561      301.2380    35                    268.0878  5912564         
  64301 38696      268.2103    63                    268.0922  5933847         
  64502 38818      300.5115    33                    268.0978  5954835         
  64707 38945      269.6736    38                    268.1059  5975185         
  64947 39069      269.1401    29                    268.1107  5995571         
Elapsed time = 1381.10 sec. (1277558.57 ticks, tree = 48.96 MB, solutions = 0)
  65146 39206      275.0626    68                    268.1126  6016077         
  65348 39326      275.3532    49                    268.1168  6037006         
  65560 39454      268.2097    80                    268.1200  6057099         
  65795 39612      268.4584    42                    268.1233  6076323         
  66004 39720      292.0963    31                    268.1315  6096558         
  66142 39819      269.0632    33                    268.1335  6113908         
  66338 39927      273.6119    55                    268.1399  6133498         
  66544 40060      284.6339    25                    268.1445  6152709         
  66763 40193      298.6174    31                    268.1506  6172578         
  66948 40308      271.2129    27                    268.1537  6191722         
Elapsed time = 1418.80 sec. (1315913.18 ticks, tree = 50.42 MB, solutions = 0)
  67159 40435      273.8476    33                    268.1584  6211648         
  67350 40547      272.9512    73                    268.1647  6229778         
  67582 40677      282.8161    25                    268.1697  6248788         
  67800 40795      268.2207    45                    268.1742  6268330         
  68012 40909      268.7796    48                    268.1808  6290412         
  68232 41051      269.5455    52                    268.1857  6311184         
  68449 41178      298.0985    17                    268.1940  6334033         
  68687 41294      285.5734    28                    268.1991  6354232         
  68884 41403      285.8041    39                    268.2032  6375612         
  69097 41524      269.8874    51                    268.2065  6397383         
Elapsed time = 1457.33 sec. (1354207.70 ticks, tree = 51.86 MB, solutions = 0)
  69313 41654      272.8176    29                    268.2103  6414453         
  69507 41772      278.9789    36                    268.2156  6433917         
  69666 41867      271.2798    65                    268.2168  6451899         
  69883 42010      268.4688    29                    268.2211  6472688         
  70066 42131      272.8848    34                    268.2301  6492309         
  70277 42260      295.6684    14                    268.2336  6511371         
  70529 42406    infeasible                          268.2376  6530293         
  70769 42547      274.9824    33                    268.2439  6550415         
  71028 42698      270.1491    44                    268.2478  6571774         
  71241 42827      305.2177    26                    268.2531  6593357         
Elapsed time = 1494.83 sec. (1392612.90 ticks, tree = 53.40 MB, solutions = 0)
  71501 42967      270.1341    44                    268.2569  6614470         
  71748 43097      279.1954    23                    268.2626  6635725         
  71952 43243      270.0123    38                    268.2639  6656055         
  72125 43360      269.0975    42                    268.2666  6676187         
  72393 43536      287.1819    27                    268.2699  6696919         
  72648 43663      279.6268    31                    268.2783  6715825         
  72867 43804      268.7585    70                    268.2820  6736284         
  73067 43920      269.5472    36                    268.2866  6756443         
  73284 44043      270.5842    56                    268.2902  6773994         
  73492 44177    infeasible                          268.2939  6794456         
Elapsed time = 1533.21 sec. (1431022.17 ticks, tree = 55.11 MB, solutions = 0)
  73690 44300      275.1269    61                    268.2989  6813236         
  73877 44421      270.1157    46                    268.3028  6832629         
  74070 44536    infeasible                          268.3048  6853084         
  74334 44708    infeasible                          268.3103  6872266         
  74578 44842      269.4249    48                    268.3143  6894373         
  74795 44975      269.0378    44                    268.3190  6914797         
  75014 45086      294.4754    27                    268.3229  6934749         
  75249 45215      283.6745    29                    268.3289  6956067         
  75450 45340      283.0331    37                    268.3336  6976432         
  75688 45466      273.2445    42                    268.3389  6997169         
Elapsed time = 1571.99 sec. (1469422.54 ticks, tree = 56.63 MB, solutions = 0)
  75934 45606      275.4086    29                    268.3425  7017647         
  76087 45699      285.9770    43                    268.3444  7036269         
  76300 45824    infeasible                          268.3488  7055747         
  76448 45926      289.1114    36                    268.3535  7070954         
  76695 46073      274.1702    43                    268.3574  7092029         
  76966 46230      283.9815    32                    268.3657  7112532         
  77225 46376      269.4354    95                    268.3696  7133451         
  77418 46503      274.7155    37                    268.3731  7152573         
  77635 46644      281.7610    23                    268.3793  7171211         
  77853 46771      284.1606    35                    268.3832  7190633         
Elapsed time = 1609.84 sec. (1507707.25 ticks, tree = 58.17 MB, solutions = 0)
  78075 46897      268.6492    48                    268.3874  7210501         
  78258 47002      285.7723    32                    268.3896  7230117         
  78455 47121      282.5513    35                    268.3925  7250640         
  78675 47251      278.7707    73                    268.3961  7271199         
  78874 47380      284.3744    36                    268.3999  7292537         
  79037 47469      295.3908    58                    268.4026  7310054         
  79242 47572      274.0209    89                    268.4099  7331478         
  79402 47690      283.4976    26                    268.4121  7351230         
  79637 47831      287.3396    30                    268.4165  7373535         
  79886 47984    infeasible                          268.4195  7394196         
Elapsed time = 1647.96 sec. (1545984.92 ticks, tree = 59.66 MB, solutions = 0)
  80105 48107      270.4798    63                    268.4258  7417094         
  80286 48232      315.8140    38                    268.4280  7438327         
  80483 48353      270.0906    64                    268.4311  7460378         
  80715 48486    infeasible                          268.4354  7479880         
  80891 48596      273.5100    39                    268.4385  7499736         
  81117 48720      296.9445    26                    268.4421  7519755         
  81307 48834      299.3480    46                    268.4459  7538606         
  81494 48923      269.7348    40                    268.4502  7558389         
  81730 49053      285.1121    44                    268.4549  7577395         
  81958 49197      273.4719    37                    268.4582  7595578         
Elapsed time = 1685.91 sec. (1584471.99 ticks, tree = 61.09 MB, solutions = 0)
  82193 49331      272.6648    33                    268.4616  7614342         
  82423 49457    infeasible                          268.4657  7635630         
  82643 49585      273.4482    63                    268.4708  7657791         
  82883 49735      282.7543    29                    268.4745  7677943         
  83090 49858      281.2225    23                    268.4769  7698843         
  83378 50026      279.1237    25                    268.4821  7718933         
  83612 50160      275.2984    67                    268.4865  7739896         
  83820 50278    infeasible                          268.4904  7761917         
  84067 50413    infeasible                          268.4951  7783327         
  84281 50531      271.2343    65                    268.5004  7804332         
Elapsed time = 1724.65 sec. (1622816.00 ticks, tree = 62.67 MB, solutions = 0)
  84461 50618      275.0196    61                    268.5039  7823805         
  84662 50749      296.6172    45                    268.5087  7843354         
  84856 50836      284.4659    19                    268.5128  7863502         
  85088 50957    infeasible                          268.5147  7881958         
  85295 51066      277.7743    37                    268.5187  7901182         
  85513 51181      268.6278    51                    268.5222  7920755         
  85688 51274      283.7302    36                    268.5242  7941014         
  85917 51387      276.1846    60                    268.5298  7961850         
  86143 51531      271.7835    38                    268.5323  7983493         
  86333 51639      285.0065    53                    268.5360  8002677         
Elapsed time = 1761.99 sec. (1661059.22 ticks, tree = 63.98 MB, solutions = 0)
  86557 51781      283.7196    21                    268.5405  8023478         
  86691 51863      274.3100    37                    268.5427  8042045         
  86960 52024      275.7728    54                    268.5458  8062246         
  87182 52166      273.8287    38                    268.5487  8084342         
  87426 52318      275.3593    28                    268.5525  8105609         
  87668 52458      272.0864    61                    268.5555  8125843         
  87865 52585      290.4272    13                    268.5576  8147888         
  88113 52709      274.9920    71                    268.5607  8169964         
  88333 52841      269.7283    40                    268.5656  8191969         
  88534 52954      270.4929    38                    268.5685  8210779         
Elapsed time = 1800.33 sec. (1699345.44 ticks, tree = 65.53 MB, solutions = 0)
  88756 53077      272.0997    26                    268.5761  8229641         
  88948 53190      279.0468    42                    268.5780  8246674         
  89172 53326      270.1157    63                    268.5827  8264967         
  89398 53468    infeasible                          268.5856  8283985         
  89607 53569    infeasible                          268.5920  8304578         
  89865 53703    infeasible                          268.5978  8322923         
  90108 53826      271.6335    47                    268.6023  8344589         
  90305 53953      280.4658    32                    268.6049  8365930         
  90504 54064      273.7359    32                    268.6080  8388037         
  90710 54182      273.7529    30                    268.6104  8409887         
Elapsed time = 1839.35 sec. (1737646.59 ticks, tree = 66.98 MB, solutions = 0)
  90955 54321      289.9006    36                    268.6160  8430737         
  91195 54487      279.6790    28                    268.6168  8450452         
  91437 54631      292.4689    28                    268.6200  8471669         
  91699 54772      272.8771    45                    268.6254  8492197         
  91923 54904      273.4060    35                    268.6278  8513480         
  92139 55042      277.0331    41                    268.6309  8533533         
  92332 55173    infeasible                          268.6325  8552793         
  92512 55285    infeasible                          268.6357  8571700         
  92760 55405      274.0444    38                    268.6437  8592217         
  92969 55520      282.8656    31                    268.6504  8610623         
Elapsed time = 1877.73 sec. (1775860.41 ticks, tree = 68.62 MB, solutions = 0)
  93160 55625      269.3569    53                    268.6561  8630548         
  93364 55741      272.6351    43                    268.6599  8650074         
  93584 55867    infeasible                          268.6641  8670336         
  93790 55997      296.4624    33                    268.6672  8691201         
  94013 56120      269.6068    58                    268.6723  8712208         
  94225 56233      268.6937    35                    268.6759  8733840         
  94424 56350      274.9488    36                    268.6803  8755061         
  94621 56447      275.0069    25                    268.6821  8776945         
  94831 56563      278.6756    33                    268.6866  8793187         
  95043 56701      281.3837    45                    268.6889  8815247         
Elapsed time = 1926.85 sec. (1814135.64 ticks, tree = 70.01 MB, solutions = 0)
  95273 56841      302.2319    38                    268.6937  8836972         
  95477 56969      274.0181    74                    268.6974  8858074         
  95754 57090      270.3987    31                    268.7063  8878743         
  96038 57256      278.6995    28                    268.7110  8899189         
  96231 57371      274.6504    20                    268.7130  8920105         
  96463 57511      285.9664    48                    268.7175  8941202         
  96658 57633      298.5364    29                    268.7180  8961374         
  96850 57746      275.0257    40                    268.7209  8980526         
  97105 57903      270.7009    31                    268.7235  8999873         
  97352 58052      276.0427    24                    268.7287  9019056         
Elapsed time = 1999.00 sec. (1852447.30 ticks, tree = 71.87 MB, solutions = 0)
  97578 58174      268.7327    40                    268.7327  9038128         
  97807 58315    infeasible                          268.7386  9058028         
  98017 58427      285.6705    29                    268.7430  9079601         
  98273 58553      271.5528    43                    268.7481  9099858         
  98528 58672      282.5609    48                    268.7544  9122205         
  98749 58805      269.9489    38                    268.7592  9142611         
  98966 58940      285.5472    17                    268.7640  9162522         
  99159 59045      288.2113    42                    268.7691  9182856         
  99418 59204    infeasible                          268.7729  9204705         
  99610 59322      278.3198    35                    268.7756  9226222         
Elapsed time = 2042.04 sec. (1890738.47 ticks, tree = 73.48 MB, solutions = 0)
  99824 59442      272.9206    44                    268.7785  9247173         
 100043 59557    infeasible                          268.7812  9268082         
 100283 59687      274.8431    38                    268.7880  9288895         
 100483 59815      271.8837    67                    268.7919  9307455         
 100697 59961      275.5181    39                    268.7949  9326997         
 100895 60087      278.8960    27                    268.7975  9346195         
 101087 60215      271.3765    38                    268.8003  9366191         
 101327 60357      274.8248    28                    268.8037  9385818         
 101579 60485      293.9557    42                    268.8078  9404663         
 101801 60629      293.2486    45                    268.8099  9424538         
Elapsed time = 2085.52 sec. (1929212.21 ticks, tree = 75.08 MB, solutions = 0)
 102012 60760      271.5006    25                    268.8118  9444856         
 102255 60895      269.6755    48                    268.8157  9461483         
 102513 61041      275.5160    38                    268.8203  9482322         
 102740 61159      281.0290    34                    268.8244  9504418         
 102959 61282      293.0384    30                    268.8263  9526295         
 103171 61389      272.4127    49                    268.8298  9548119         
 103413 61525      275.1016    37                    268.8337  9569093         
 103633 61637      271.9221    37                    268.8369  9590720         
 103868 61766      276.0167    45                    268.8389  9611231         
 104112 61912      273.4387    37                    268.8439  9631809         
Elapsed time = 2129.39 sec. (1967518.90 ticks, tree = 76.60 MB, solutions = 0)
 104287 62046      271.1280    40                    268.8441  9652471         
 104491 62176      278.0524    39                    268.8454  9673745         
 104728 62309      270.3195    34                    268.8514  9694403         
 104954 62435    infeasible                          268.8549  9713241         
 105176 62549      269.6872    66                    268.8574  9732591         
 105398 62673      280.8594    30                    268.8607  9752935         
 105614 62804      276.1313    14                    268.8637  9772195         
 105838 62932      273.4692    29                    268.8676  9791840         
 106095 63076    infeasible                          268.8740  9809820         
 106277 63182      276.5585    41                    268.8770  9828864         
Elapsed time = 2172.30 sec. (2005807.31 ticks, tree = 78.10 MB, solutions = 0)
 106494 63309    infeasible                          268.8802  9848951         
 106768 63468      280.5639    20                    268.8849  9869431         
 107013 63608      276.2704    32                    268.8882  9889616         
 107240 63745      269.1271    31                    268.8907  9911228         
 107490 63891      271.5210    36                    268.8942  9931484         
 107712 64015      276.9651    35                    268.8992  9953216         
 107937 64158      273.1865    26                    268.9031  9973371         
 108161 64283    infeasible                          268.9065  9995270         
 108441 64433      273.2131    38                    268.9113 10016078         
 108693 64567      272.0698    33                    268.9169 10037233         
Elapsed time = 2216.00 sec. (2044098.85 ticks, tree = 79.74 MB, solutions = 0)
 108904 64700      272.9095    35                    268.9191 10058491         
 109140 64805      273.7229    44                    268.9232 10079094         
 109325 64928      270.6019    77                    268.9253 10098195         
 109500 65041      293.7547    40                    268.9272 10119366         
 109731 65179      273.1037    33                    268.9321 10138373         
 109970 65312      283.7272    43                    268.9361 10157013         
 110177 65433      274.1332    44                    268.9403 10177472         
 110377 65541      289.7032    51                    268.9442 10197907         
 110610 65648      293.1347    31                    268.9486 10218545         
 110830 65770      268.9733    35                    268.9518 10240430         
Elapsed time = 2259.66 sec. (2082655.61 ticks, tree = 84.04 MB, solutions = 0)
 111025 65885    infeasible                          268.9540 10261120         
 111219 66001      287.8761    36                    268.9566 10282376         
 111486 66134      270.5482    41                    268.9616 10304539         
 111722 66293      269.5154    30                    268.9653 10325872         
 111937 66424      275.4445    40                    268.9674 10347116         
 112130 66557      273.4593    64                    268.9700 10367518         
 112344 66687      297.0224    31                    268.9717 10388869         
 112560 66817      299.0249    23                    268.9754 10411184         
 112801 66949      276.4146    39                    268.9808 10432568         
 113038 67084      275.6928    35                    268.9824 10454025         
Elapsed time = 2303.87 sec. (2120860.12 ticks, tree = 85.80 MB, solutions = 0)
 113269 67209      274.2779    26                    268.9852 10475811         
 113494 67357      303.9005    24                    268.9901 10494675         
 113668 67463      278.6850    71                    268.9916 10514210         
 113763 67542      296.5018    47                    268.9916 10527432         
 113915 67646      283.7751    56                    268.9922 10545049         
 114146 67765      274.0492    38                    268.9967 10565720         
 114334 67891      272.1556    78                    268.9971 10586287         
 114536 68028      283.1978    29                    268.9996 10607644         
 114769 68143      285.3914    34                    269.0020 10627754         
 115013 68285      269.9255    78                    269.0071 10646741         
Elapsed time = 2347.52 sec. (2159301.15 ticks, tree = 87.43 MB, solutions = 0)
 115210 68385      284.9928    34                    269.0106 10666563         
 115472 68519      279.3578    31                    269.0158 10686809         
 115683 68667      276.5310    31                    269.0176 10706704         
 115895 68791      283.7427    55                    269.0206 10727603         
 116122 68930    infeasible                          269.0217 10749404         
 116344 69052      274.5477    37                    269.0271 10769765         
 116600 69204      274.7753    56                    269.0308 10790229         
 116827 69315      271.1843    48                    269.0338 10810883         
 117076 69450      273.9761    25                    269.0371 10830862         
 117328 69586      273.2297    38                    269.0410 10851800         
Elapsed time = 2391.39 sec. (2197568.29 ticks, tree = 88.97 MB, solutions = 0)
 117530 69702      279.1872    34                    269.0428 10873664         
 117740 69832      274.1310    45                    269.0445 10894673         
 117961 69963      275.2514    46                    269.0489 10916549         
 118214 70118      274.2923    37                    269.0518 10937229         
 118432 70235      297.3929    27                    269.0554 10957776         
 118652 70333      294.6030    24                    269.0596 10977483         
 118874 70457      275.6037    29                    269.0628 10995804         
 119080 70557      278.4121    26                    269.0655 11015997         
 119296 70681      273.4884    28                    269.0688 11036344         
 119507 70798      277.6449    41                    269.0717 11056071         
Elapsed time = 2436.69 sec. (2235879.06 ticks, tree = 90.40 MB, solutions = 0)
 119733 70936      287.0978     6                    269.0753 11075541         
 119959 71070      276.3584    37                    269.0773 11095544         
 120199 71210      300.9002    28                    269.0813 11115938         
 120459 71355    infeasible                          269.0843 11137108         
 120680 71480      290.8417    21                    269.0870 11159180         
 120922 71616      269.0905    26                    269.0905 11179355         
 121166 71762      293.6419    22                    269.0955 11199751         
 121376 71880      271.2940    43                    269.0960 11219523         
 121626 72028      280.8368    77                    269.0987 11238746         
 121860 72157    infeasible                          269.1019 11259948         
Elapsed time = 2481.91 sec. (2274114.30 ticks, tree = 92.01 MB, solutions = 0)
 122130 72323    infeasible                          269.1054 11281026         
 122364 72447      274.4536    23                    269.1081 11301993         
 122581 72596      295.4929    26                    269.1103 11324009         
 122793 72698      279.8395    37                    269.1141 11344556         
 123011 72844      271.8962    28                    269.1184 11365676         
 123211 72946      301.9674    43                    269.1236 11384544         
 123420 73080      272.5149    55                    269.1264 11404115         
 123651 73226      269.1301    22                    269.1301 11422844         
 123870 73351      271.0023    38                    269.1331 11443547         
 124057 73468      286.8636    42                    269.1356 11461424         
Elapsed time = 2528.44 sec. (2312371.08 ticks, tree = 93.56 MB, solutions = 0)
 124280 73579      290.9771    43                    269.1385 11482114         
 124498 73724      274.7608    37                    269.1405 11500818         
 124702 73850      272.3186    24                    269.1425 11519880         
 124920 73958      272.2272    34                    269.1463 11538462         
 125177 74104      271.0371    69                    269.1501 11558159         
 125366 74213      275.2510    47                    269.1519 11577569         
 125572 74343      274.4753    37                    269.1554 11597098         
 125785 74486      289.1732    42                    269.1581 11617946         
 125980 74605      271.2195    61                    269.1602 11639795         
 126166 74735      284.3432    30                    269.1615 11661166         
Elapsed time = 2577.18 sec. (2350791.46 ticks, tree = 95.06 MB, solutions = 0)
 126391 74864    infeasible                          269.1643 11681886         
 126622 74985      295.9860    36                    269.1663 11703076         
 126868 75128      269.6078    33                    269.1699 11723809         
 127106 75272      273.4196    58                    269.1721 11744353         
 127343 75409      286.1859    42                    269.1743 11766179         
 127611 75563      274.4294    34                    269.1794 11787376         
 127831 75687      269.1824    45                    269.1824 11807644         
 127936 75756      278.6931    47                    269.1825 11828343         
 128185 75890      269.4221    36                    269.1862 11847867         
 128416 76026      275.5274    34                    269.1896 11866993         
Elapsed time = 2628.21 sec. (2389119.70 ticks, tree = 96.69 MB, solutions = 0)
 128589 76129      269.6155    52                    269.1943 11887075         
 128784 76263      274.3083    48                    269.1949 11905850         
 129043 76396      270.7694    35                    269.2004 11925635         
 129271 76516      269.2028    33                    269.2028 11945498         
 129482 76641      269.2614    65                    269.2084 11965400         
 129688 76779      296.6631    39                    269.2099 11986710         
 129924 76908      276.1538    28                    269.2136 12005837         
 130162 77050    infeasible                          269.2172 12025252         
 130379 77185      293.0839    41                    269.2194 12046522         
 130574 77334      286.5613    28                    269.2207 12067192         
Elapsed time = 2675.69 sec. (2427611.61 ticks, tree = 98.25 MB, solutions = 0)
 130821 77475      270.6981    62                    269.2236 12087072         
 131057 77609      287.5404    26                    269.2271 12108689         
 131355 77757      269.8438    40                    269.2342 12129597         
 131550 77890      271.4071    25                    269.2371 12150177         
 131752 78021      272.3015    32                    269.2389 12171506         
 131981 78150      272.6700    38                    269.2415 12191196         
 132232 78284      272.4579    29                    269.2448 12212972         
 132485 78439      277.5225    53                    269.2478 12232479         
 132726 78585    infeasible                          269.2502 12253661         
 133012 78759    infeasible                          269.2531 12273467         
Elapsed time = 2732.10 sec. (2465928.40 ticks, tree = 99.94 MB, solutions = 0)
 133272 78902    infeasible                          269.2579 12291439         
 133495 79021      272.8993    41                    269.2600 12311772         
 133703 79125      269.7425    60                    269.2631 12330821         
 133941 79279      283.3417    33                    269.2652 12349905         
 134150 79392      272.8393    66                    269.2693 12368196         
 134364 79516      276.4239    37                    269.2732 12388745         
 134571 79647      296.9547    33                    269.2758 12408626         
 134681 79721      289.0529    28                    269.2770 12422057         
 134912 79871      272.1517    62                    269.2791 12443418         
 135144 79999      292.4731    36                    269.2821 12465608         
Elapsed time = 2793.02 sec. (2504154.47 ticks, tree = 101.41 MB, solutions = 0)
 135391 80129      273.3701    21                    269.2855 12486511         
 135621 80261      284.3765    26                    269.2879 12506608         
 135889 80373      269.9099    49                    269.2952 12525973         
 136120 80512      269.7098    58                    269.2971 12546630         
 136384 80664      285.5692    26                    269.3002 12566804         
 136615 80809      282.9759    31                    269.3020 12587463         
 136861 80954      273.4142    23                    269.3056 12607245         
 137126 81115      293.6296    38                    269.3090 12627338         
 137399 81268      272.0800    37                    269.3136 12647747         
 137608 81411      278.0900    44                    269.3169 12669491         
Elapsed time = 2848.95 sec. (2542420.74 ticks, tree = 103.08 MB, solutions = 0)
 137875 81558      270.0878    42                    269.3189 12691951         
 138023 81650      281.2565    68                    269.3208 12709281         
 138205 81770      271.6070    51                    269.3223 12726232         
 138456 81901      269.4255    30                    269.3264 12749002         
 138672 82027    infeasible                          269.3291 12770572         
 138942 82167      270.5822    36                    269.3342 12791383         
 139193 82290      271.0195    33                    269.3402 12813932         
 139454 82431      286.8216    39                    269.3451 12835301         
 139593 82530      276.3771    56                    269.3463 12853387         
 139810 82661      269.8187    42                    269.3483 12873836         
Elapsed time = 2895.79 sec. (2581012.24 ticks, tree = 104.56 MB, solutions = 0)
 140075 82808      275.3365    52                    269.3520 12895590         
 140275 82918      272.4674    36                    269.3555 12915735         
 140513 83037      277.4811    29                    269.3577 12934574         
 140708 83164      286.1642    22                    269.3612 12954210         
 140924 83287      275.5026    33                    269.3632 12972586         
 141152 83417    infeasible                          269.3647 12992564         
 141337 83534      275.3567    37                    269.3664 13011649         
 141529 83660      271.7345    59                    269.3668 13031126         
*141633 79643      integral     0      298.1377      269.3682 13040558    9.65%
 141663 79653      276.5150    36      298.1377      269.3695 13043422    9.65%
 141949 79805      277.5414    32      298.1377      269.3737 13063325    9.65%
Elapsed time = 2947.81 sec. (2619285.18 ticks, tree = 101.29 MB, solutions = 1)
 142222 79951      292.1612    46      298.1377      269.3779 13084531    9.65%
 142409 80069      269.4116    74      298.1377      269.3804 13101541    9.65%
*142483 80003      integral     0      297.8958      269.3810 13107892    9.57%
 142660 80106      277.4917    51      297.8958      269.3823 13121254    9.57%
 142916 80238      270.9726    32      297.8958      269.3868 13140809    9.57%
 143176 80392      294.7249    31      297.8958      269.3911 13161350    9.57%
 143419 80520      283.2418    34      297.8958      269.3947 13181352    9.57%
 143684 80667      269.4661    30      297.8958      269.3984 13200059    9.57%
 143908 80796      295.7536    35      297.8958      269.4014 13219228    9.57%
 144194 80946      278.2497    33      297.8958      269.4054 13238406    9.56%
 144472 81111      275.2421    43      297.8958      269.4093 13256491    9.56%
Elapsed time = 3017.38 sec. (2657586.71 ticks, tree = 102.84 MB, solutions = 2)
 144761 81271      269.4139    36      297.8958      269.4139 13276161    9.56%
 144995 81407        cutoff            297.8958      269.4177 13295326    9.56%
 145222 81518    infeasible            297.8958      269.4220 13315138    9.56%
 145442 81655      271.5899    36      297.8958      269.4252 13334014    9.56%
 145673 81778      291.0242    35      297.8958      269.4290 13354960    9.56%
 145935 81924      272.5684    36      297.8958      269.4319 13373844    9.55%
 146127 82032      274.6928    33      297.8958      269.4340 13390813    9.55%
 146378 82179      280.6393    29      297.8958      269.4370 13411080    9.55%
 146638 82327      282.2623    37      297.8958      269.4401 13431421    9.55%
 146846 82451      279.0284    54      297.8958      269.4422 13452041    9.55%
Elapsed time = 3082.22 sec. (2695873.54 ticks, tree = 104.44 MB, solutions = 2)
 147063 82553      272.9629    27      297.8958      269.4439 13469352    9.55%
 147355 82718      281.4874    24      297.8958      269.4473 13489090    9.55%
 147620 82874      274.1923    20      297.8958      269.4520 13508019    9.55%
 147900 83023      270.7411    48      297.8958      269.4571 13529515    9.55%
 148178 83163      270.6183    40      297.8958      269.4618 13548875    9.54%
 148388 83270      273.7551    41      297.8958      269.4651 13568029    9.54%
 148602 83390      285.3970     9      297.8958      269.4688 13587646    9.54%
 148854 83524      289.5446    44      297.8958      269.4732 13606113    9.54%
 149067 83647        cutoff            297.8958      269.4753 13625148    9.54%
 149317 83805      270.9828    66      297.8958      269.4780 13642376    9.54%
Elapsed time = 3142.33 sec. (2734111.64 ticks, tree = 106.04 MB, solutions = 2)
 149526 83934      272.3112    40      297.8958      269.4799 13662106    9.54%
 149785 84073      275.8776    27      297.8958      269.4832 13679391    9.54%
 150053 84213      271.3360    57      297.8958      269.4869 13698354    9.54%
 150322 84357      277.9477    59      297.8958      269.4893 13718102    9.54%
 150583 84502      269.9086    43      297.8958      269.4923 13739124    9.53%
 150845 84668      285.9925    36      297.8958      269.4955 13758349    9.53%
 151099 84813      276.4554    37      297.8958      269.5005 13777559    9.53%
 151318 84954      273.7790    41      297.8958      269.5018 13796425    9.53%
 151579 85109      295.1945    31      297.8958      269.5044 13816040    9.53%
 151828 85242      278.5122    50      297.8958      269.5081 13835452    9.53%
Elapsed time = 3201.20 sec. (2772409.47 ticks, tree = 107.75 MB, solutions = 2)
 152064 85376      269.5095    42      297.8958      269.5095 13852466    9.53%
 152305 85533      275.0566    22      297.8958      269.5127 13871810    9.53%
 152590 85692        cutoff            297.8958      269.5154 13891116    9.53%
 152874 85847      269.8479    55      297.8958      269.5180 13910331    9.53%
 153148 86006      286.0928    33      297.8958      269.5211 13929969    9.53%
 153398 86168      270.0424    40      297.8958      269.5223 13949388    9.52%
 153493 86212      278.8728    30      297.8958      269.5228 13958053    9.52%
 153680 86313      274.7007    23      297.8958      269.5257 13973092    9.52%
 153887 86435      273.9867    34      297.8958      269.5282 13987604    9.52%
 153980 86481      275.9991    25      297.8958      269.5297 13994901    9.52%
Elapsed time = 3265.56 sec. (2812285.86 ticks, tree = 109.22 MB, solutions = 2)
 154090 86547      272.4801    64      297.8958      269.5314 14000836    9.52%
 154194 86602      270.3752    70      297.8958      269.5336 14010235    9.52%
*154280+86629                          297.8690      269.5354             9.51%
 154285 86634      284.4855    22      297.8690      269.5354 14017446    9.51%
*154380+80584                          291.3778      269.5365             7.50%
 154380 80586      272.7723    29      291.3778      269.5365 14024070    7.50%
 154480 80636      271.8954    43      291.3778      269.5375 14031385    7.50%
 154580 80689      271.1595    48      291.3778      269.5390 14038197    7.50%
*154680+80442                          291.1541      269.5411             7.42%
 154680 80444      271.7185    24      291.1541      269.5411 14046124    7.42%
*154780+78780                          289.9103      269.5427             7.03%
*154780+78625                          289.8018      269.5427             6.99%
 154780 78627      275.0866    21      289.8018      269.5427 14052759    6.99%
 154880 78698      281.2284    29      289.8018      269.5434 14060886    6.99%
 154980 78747      285.2540    35      289.8018      269.5451 14068842    6.99%
Elapsed time = 3331.77 sec. (2865188.87 ticks, tree = 100.11 MB, solutions = 7)
 155241 78869      278.3035    34      289.8018      269.5489 14088461    6.99%
 155380 78940      281.1749    29      289.8018      269.5496 14097990    6.99%
 155480 78992      273.2582    29      289.8018      269.5509 14103251    6.99%
 155680 79104      270.1794    38      289.8018      269.5533 14118476    6.99%
 155780 79160      279.2634    26      289.8018      269.5549 14126028    6.99%
 155880 79223      270.3097    27      289.8018      269.5555 14133242    6.99%
 155980 79274      278.1813    20      289.8018      269.5564 14143210    6.99%
 156180 79382      274.3485    23      289.8018      269.5591 14157782    6.99%
 156280 79457      274.8330    31      289.8018      269.5599 14165338    6.98%
 156480 79568      277.6467    17      289.8018      269.5634 14177670    6.98%
Elapsed time = 3415.97 sec. (2944298.01 ticks, tree = 101.09 MB, solutions = 7)
 156680 79673      284.8055    31      289.8018      269.5667 14191659    6.98%
 156780 79736      272.7722    26      289.8018      269.5670 14198585    6.98%
 156880 79793      282.4611    29      289.8018      269.5682 14207470    6.98%
 156980 79861      279.3993    22      289.8018      269.5685 14215450    6.98%
 157080 79924      278.4017    23      289.8018      269.5692 14222940    6.98%
 157180 79969      272.4484    34      289.8018      269.5702 14230381    6.98%
 157380 80070      280.8941    30      289.8018      269.5718 14244866    6.98%
 157480 80116      287.9655    35      289.8018      269.5728 14251798    6.98%
 157580 80172      277.2332    38      289.8018      269.5744 14257614    6.98%
 157680 80224      289.3538    28      289.8018      269.5764 14263353    6.98%
Elapsed time = 3500.92 sec. (3011053.88 ticks, tree = 101.87 MB, solutions = 7)
 157780 80278      278.0983    42      289.8018      269.5782 14269730    6.98%
 157880 80325      289.1740    33      289.8018      269.5796 14278842    6.98%
 157980 80383      278.0978    39      289.8018      269.5809 14285006    6.98%
 158116 80452      272.5459    40      289.8018      269.5831 14293796    6.98%
 158280 80531      277.5877    34      289.8018      269.5863 14304719    6.98%
 158427 80615      285.1518    36      289.8018      269.5889 14312997    6.97%
 158480 80649      273.8206    31      289.8018      269.5900 14315352    6.97%
 158580 80697      284.1969    30      289.8018      269.5914 14321765    6.97%
 158680 80758      276.2991    24      289.8018      269.5924 14327099    6.97%
 158780 80800      281.4738    26      289.8018      269.5933 14336271    6.97%
Elapsed time = 3574.98 sec. (3073233.72 ticks, tree = 102.56 MB, solutions = 7)
 158880 80859      276.4300    26      289.8018      269.5942 14344540    6.97%
 159080 80965      272.1183    26      289.8018      269.5963 14357558    6.97%
 159180 81017      277.0645    26      289.8018      269.5970 14362926    6.97%

GUB cover cuts applied:  70
Clique cuts applied:  33
Cover cuts applied:  59
Implied bound cuts applied:  30
Flow cuts applied:  44
Mixed integer rounding cuts applied:  423
Zero-half cuts applied:  7

Root node processing (before b&c):
  Real time             =    4.65 sec. (4413.92 ticks)
Sequential b&c:
  Real time             = 3595.35 sec. (3092658.40 ticks)
                          ------------
Total (root+branch&cut) = 3600.00 sec. (3097072.32 ticks)
