Version identifier: 22.1.0.0 | 2022-03-09 | 1a383f8ce
CPXPARAM_Read_DataCheck                          1
CPXPARAM_Threads                                 1
CPXPARAM_TimeLimit                               3600
Tried aggregator 2 times.
MIP Presolve eliminated 4995 rows and 159 columns.
MIP Presolve modified 106626 coefficients.
Aggregator did 383 substitutions.
Reduced MIP has 25613 rows, 1678 columns, and 211415 nonzeros.
Reduced MIP has 1240 binaries, 0 generals, 0 SOSs, and 0 indicators.
Presolve time = 0.48 sec. (326.19 ticks)
Probing fixed 0 vars, tightened 1 bounds.
Probing time = 0.02 sec. (17.14 ticks)
Tried aggregator 1 time.
Detecting symmetries...
MIP Presolve eliminated 3 rows and 0 columns.
MIP Presolve modified 51 coefficients.
Reduced MIP has 25610 rows, 1678 columns, and 211406 nonzeros.
Reduced MIP has 1240 binaries, 0 generals, 0 SOSs, and 0 indicators.
Presolve time = 0.17 sec. (88.14 ticks)
Probing time = 0.01 sec. (8.69 ticks)
Clique table members: 540.
MIP emphasis: balance optimality and feasibility.
MIP search method: dynamic search.
Parallel mode: none, using 1 thread.
Root relaxation solution time = 0.10 sec. (105.36 ticks)

        Nodes                                         Cuts/
   Node  Left     Objective  IInf  Best Integer    Best Bound    ItCnt     Gap

      0     0      567.8395   224                    567.8395      596         
      0     0      567.8395   105                   Cuts: 643     1117         
      0     0      567.8395   125                  Cuts: 1022     1634         
      0     0      567.8395   112                   Cuts: 356     2318         
      0     0      567.8467   150                   Cuts: 821     3460         
Detecting symmetries...
      0     2      567.8467   150                    567.8480     3460         
Elapsed time = 15.36 sec. (10955.80 ticks, tree = 0.01 MB, solutions = 0)
      2     4      568.0847   112                    567.8487     4244         
      5     7      568.0847   109                    567.8487     4930         
      7     9      569.3185   113                    567.8487     5635         
     10    12      568.0847   114                    567.8487     6663         
     13    15      595.8565   136                    567.8487     7803         
     16    18      572.7443   100                    567.8487     8197         
     20    22      568.1050   155                    567.8487     9803         
     22    24      570.1419   106                    567.8487    10513         
     26    28      593.4221   110                    567.8487    11798         
     40    40      575.5060   125                    567.8487    13749         
Elapsed time = 23.63 sec. (16235.77 ticks, tree = 1.58 MB, solutions = 0)
     51    51      573.4496   101                    567.8487    16855         
     58    58      573.4540   120                    567.8487    20411         
     68    66      573.4540   114                    567.8487    22991         
     69    67      625.5608   152                    567.8487    36929         
     73    71      587.0900   102                    567.8487    37691         
     80    78      573.4541   105                    567.8487    38371         
     90    88      573.4739   105                    567.8487    40057         
     99    95      719.4270   141                    567.8487    43915         
    112   108      573.4749   122                    567.8487    46591         
    119   115      590.4600   106                    567.8487    49476         
Elapsed time = 59.15 sec. (36696.45 ticks, tree = 1.87 MB, solutions = 0)
    129   125      591.9250   112                    567.8487    51963         
    142   136      605.6012   103                    567.8487    55212         
    164   146      567.8530   130                    567.8530    57625         
    172   154      567.8536   132                    567.8536    59512         
    180   162      567.8612   140                    567.8612    61218         
    189   169      573.6594   109                    567.8612    64577         
    193   173      568.5134   104                    567.8612    66829         
    200   180      569.0154   107                    567.8612    70427         
    211   189      642.4003   159                    567.8612    74634         
    224   198      569.0217   116                    567.8612    77360         
Elapsed time = 71.37 sec. (49540.79 ticks, tree = 2.19 MB, solutions = 0)
    234   208      573.9727   124                    567.8612    80774         
    240   212      569.0217   119                    567.8612    81523         
    253   225      774.9759   154                    567.8612    87338         
    257   229      639.5308   171                    567.8612    94695         
    260   232      569.0243   117                    567.8612    94963         
    261   233      606.4666   114                    567.8612    99305         
    264   236      599.6508   126                    567.8612   108661         
    270   242      569.0243   114                    567.8612   110407         
    277   249      572.7807    93                    567.8612   113107         
    287   259      746.9133   139                    567.8612   116659         
Elapsed time = 94.51 sec. (71456.58 ticks, tree = 3.04 MB, solutions = 0)
    294   266      580.9880   158                    567.8612   120463         
    299   271      775.7853   145                    567.8612   123515         
    302   274      676.9098   160                    567.8612   126216         
    305   277      644.7408   154                    567.8612   131076         
    314   286      646.1653   135                    567.8612   135296         
    322   294      569.0249   103                    567.8612   138148         
    331   303      587.1018   117                    567.8612   141894         
    343   311      649.2857   181                    567.8612   145298         
    353   321      579.1829   150                    567.8612   148445         
    358   326      599.0057    89                    567.8612   151774         
Elapsed time = 114.23 sec. (83546.44 ticks, tree = 3.30 MB, solutions = 0)
    362   330      665.2549   115                    567.8612   154595         
    373   341      617.6391   163                    567.8612   158064         
    380   348      571.3995    81                    567.8612   161053         
    388   356      590.9465   116                    567.8612   165348         
    395   363      670.8270   130                    567.8612   173343         
    399   365      617.4732   138                    567.8612   180671         
    401   367      587.7175   136                    567.8612   184242         
    410   376      594.9556   132                    567.8612   189898         
    417   383      576.4269    86                    567.8612   192562         
    421   387      581.9350   155                    567.8612   196273         
Elapsed time = 132.67 sec. (99402.71 ticks, tree = 3.54 MB, solutions = 0)
    425   391      660.2740   132                    567.8612   199953         
    429   395      575.7999    89                    567.8612   202673         
    432   398      569.5147    82                    567.8612   205427         
    440   404    infeasible                          567.8612   208127         
    447   411      609.6385   110                    567.8612   213703         
    450   414      656.3123   123                    567.8612   216680         
    454   418      585.4397   114                    567.8612   221837         
    466   430      574.5573    95                    567.8612   224635         
    471   435      592.8450   101                    567.8612   228191         
    477   441      634.9413   115                    567.8612   232147         
Elapsed time = 146.19 sec. (111922.31 ticks, tree = 3.74 MB, solutions = 0)
    480   444      569.5152    77                    567.8612   234299         
    485   449      697.5562   126                    567.8612   238782         
    489   453      717.8290   113                    567.8612   243082         
    491   455      659.2359   101                    567.8612   246182         
    500   462      661.8770   111                    567.8612   251345         
    505   467      569.5152    77                    567.8612   253657         
    514   476      575.8452   104                    567.8612   257301         
    520   482      573.8010    76                    567.8612   259461         
    530   490      748.5239   140                    567.8612   265647         
    532   492      577.6276   108                    567.8612   268608         
Elapsed time = 163.63 sec. (128027.70 ticks, tree = 3.94 MB, solutions = 0)
    535   493    infeasible                          567.8612   271886         
    539   493      567.8818   141                    567.8818   274653         
    560   514      567.8837   127                    567.8821   274902         
    597   551      604.7330   112                    567.8821   277636         
    613   567      596.4486   113                    567.8821   280580         
    623   577      632.1846   100                    567.8821   282431         
    660   608      635.6639    82                    567.8821   285848         
    702   644      648.7386    80                    567.8821   289500         
    720   652      644.8707    45                    567.8821   290828         
    730   662      654.4430    46                    567.8821   292442         
Elapsed time = 177.57 sec. (138902.41 ticks, tree = 4.62 MB, solutions = 0)
    738   664      569.8569   146                    567.8821   295725         
    756   682      609.6183   128                    567.8821   299244         
    766   692      571.7633   107                    567.8821   302266         
    781   707      573.9298    81                    567.8821   304803         
    795   721      581.6717    97                    567.8821   307868         
    825   743      585.9849    86                    567.8821   310154         
    848   760      652.3103   105                    567.8821   313998         
    859   771      605.9933    82                    567.8821   316313         
    877   789      608.5557    69                    567.8821   319603         
    928   824      598.5034   108                    567.8821   328993         
Elapsed time = 191.96 sec. (152468.41 ticks, tree = 5.24 MB, solutions = 0)

Performing restart 1

Repeating presolve.
Tried aggregator 1 time.
Reduced MIP has 25610 rows, 1678 columns, and 211406 nonzeros.
Reduced MIP has 1240 binaries, 0 generals, 0 SOSs, and 0 indicators.
Presolve time = 0.08 sec. (68.11 ticks)
Tried aggregator 1 time.
MIP Presolve eliminated 1 rows and 0 columns.
MIP Presolve modified 33 coefficients.
Reduced MIP has 25609 rows, 1678 columns, and 211403 nonzeros.
Reduced MIP has 1240 binaries, 0 generals, 0 SOSs, and 0 indicators.
Presolve time = 0.15 sec. (90.80 ticks)
Represolve time = 0.44 sec. (302.70 ticks)
    974     0      569.1918   240                  Cuts: 2308   341297         
    974     0      569.3985   274                  Cuts: 2101   342122         
    974     0      569.5906   288                  Cuts: 2217   343081         
    974     0      569.7896   381                  Cuts: 1844   343592         
    974     0      569.9021   385                  Cuts: 3246   344040         
    974     0      570.0011   313                  Cuts: 1351   345400         
    974     0      570.0324   389                  Cuts: 2568   345792         
    974     0      570.1437   399                  Cuts: 3280   346138         
    974     0      570.1738   369                  Cuts: 3491   346407         
    974     0      570.1873   386                  Cuts: 1834   346674         
    974     0      570.2341   367                  Cuts: 1679   347053         
    974     0      570.2640   387                  Cuts: 1625   347392         
    974     0      570.2915   425                  Cuts: 3004   347724         
    974     0      570.3555   397                  Cuts: 2602   348067         
    974     0      570.4028   455                  Cuts: 1559   348390         
    974     0      570.4226   410                  Cuts: 2313   348702         
    974     0      570.4429   472                  Cuts: 3955   349144         
    974     0      570.4657   391                  Cuts: 1283   349492         
    974     0      570.5065   361                  Cuts: 3130   349778         
    974     0      570.5228   333                  Cuts: 1964   350073         
    974     0      570.5286   379                  Cuts: 4947   350272         
    974     0      570.5353   354                  Cuts: 2050   350540         
    974     0      570.5373   359                  Cuts: 2922   350744         
    974     0      570.5426   373                   Cuts: 721   350969         
    974     2      570.5426   297                    570.5426   350969         
    975     3      570.5437   301                    570.5426   351019         
    976     4      570.5439   300                    570.5426   351020         
    977     5      570.5439   300                    570.5426   351041         
    978     6      598.3916   277                    570.5426   354507         
    979     7      570.5443   267                    570.5426   354527         
    980     8      570.5458   278                    570.5426   354551         
    984    11      605.7508   188                    570.5426   357034         
    986    12      605.7543   231                    570.5426   357070         
    992    18      668.0957   168                    570.5426   363261         
Elapsed time = 513.22 sec. (342633.51 ticks, tree = 0.27 MB, solutions = 0)
    995    21      673.4781   223                    570.5426   363985         
   1003    29      627.8513   117                    570.5426   368666         
   1006    32      669.9570   216                    570.5426   374243         
   1010    35      643.5970   198                    570.5426   375530         
   1024    49      658.9052   113                    570.5426   377165         
   1046    67      666.9116    88                    570.5426   378599         
   1055    76      667.2149    87                    570.5426   381377         
   1058    79      693.7510    88                    570.5426   383099         
   1066    87      668.8832    77                    570.5426   384639         
   1079   100      673.3717    70                    570.5426   386594         
Elapsed time = 599.23 sec. (400672.88 ticks, tree = 10.64 MB, solutions = 0)
   1091   110      680.9057    66                    570.5426   388497         
   1107   118      570.5434   256                    570.5436   389835         
   1112   123      583.5746   246                    570.5460   394177         
   1114   125      725.7576   127                    570.5460   395603         
   1118   129      639.7092   220                    570.5460   396426         
   1120   131      607.1101   116                    570.5460   398131         
   1134   145      585.3445   198                    570.5460   401527         
   1155   166      627.4282   109                    570.5460   404836         
   1169   180      621.2923   133                    570.5460   408666         
   1186   197      585.5107   123                    570.5460   412533         
Elapsed time = 664.04 sec. (455702.18 ticks, tree = 14.43 MB, solutions = 0)
   1201   212      585.8386   102                    570.5460   416389         
   1226   236      588.7716    78                    570.5460   420338         
   1275   278      651.8780    40                    570.5460   426890         
   1287   282      584.0473   148                    570.5460   430668         
   1289   284      584.9862   124                    570.5460   431750         
   1290   285      585.2234   140                    570.5460   433168         
   1295   290      729.8801   113                    570.5460   436545         
   1337   326      668.0053    84                    570.5460   442196         
   1355   344      603.0596    95                    570.5460   446643         
   1386   373      572.4653   180                    570.5463   453004         
Elapsed time = 708.17 sec. (501952.90 ticks, tree = 15.12 MB, solutions = 0)
   1429   416      576.9809   111                    570.5463   458573         
   1443   430      599.1284    98                    570.5463   462946         
   1494   475      640.6075   220                    570.5469   468833         
   1503   484      639.3789   192                    570.5469   472530         
   1519   500      626.2932   175                    570.5469   478013         
   1538   517      589.1495   110                    570.5469   483572         
   1562   541      590.8169    86                    570.5469   487839         
   1615   592      635.3848    59                    570.5469   494772         
   1661   626      589.3601   203                    570.5513   500978         
   1667   632      652.6261   159                    570.5513   505117         
Elapsed time = 757.86 sec. (545342.41 ticks, tree = 15.93 MB, solutions = 0)
   1688   653      666.2868   149                    570.5513   508873         
   1697   662      592.9818    90                    570.5513   510946         
   1733   698      615.6184    75                    570.5513   516533         
   1774   739      617.8722    73                    570.5513   522002         
   1828   785      616.2907   103                    570.5532   529817         
   1838   795      675.4334   142                    570.5532   533665         
   1855   812      618.8796    97                    570.5532   537865         
   1861   818      626.0224   103                    570.5532   543984         
   1866   823      671.5045   100                    570.5532   545779         
   1874   831      741.5444   163                    570.5532   550615         
Elapsed time = 795.13 sec. (586467.38 ticks, tree = 16.69 MB, solutions = 0)
   1895   850      682.2647    80                    570.5532   556919         
   1911   866      701.1438    64                    570.5532   562997         

Performing restart 2

Repeating presolve.
Tried aggregator 1 time.
MIP Presolve eliminated 16 rows and 1 columns.
MIP Presolve modified 56 coefficients.
Reduced MIP has 25593 rows, 1677 columns, and 218290 nonzeros.
Reduced MIP has 1239 binaries, 0 generals, 0 SOSs, and 0 indicators.
Presolve time = 0.18 sec. (140.90 ticks)
Tried aggregator 1 time.
Reduced MIP has 25593 rows, 1677 columns, and 218290 nonzeros.
Reduced MIP has 1239 binaries, 0 generals, 0 SOSs, and 0 indicators.
Presolve time = 0.16 sec. (95.07 ticks)
Represolve time = 0.83 sec. (504.35 ticks)
   1948     0      570.5436   283                  Cuts: 6498   571155         
   1948     0      570.5470   362                  Cuts: 2053   571477         
   1948     0      570.5494   393                  Cuts: 2345   571693         
   1948     0      570.5522   404                  Cuts: 1176   571891         
   1948     0      570.5583   358                  Cuts: 3929   572090         
   1948     0      570.5608   366                   Cuts: 506   572230         
   1948     0      570.5618   406                  Cuts: 2663   572372         
   1948     0      570.5640   447                  Cuts: 2200   572551         
   1948     0      570.5652   461                  Cuts: 2398   572749         
   1948     0      570.5660   471                   Cuts: 710   572888         
   1948     0      570.5705   458                  Cuts: 2840   573069         
   1948     0      570.5751   523                   Cuts: 639   573235         
   1948     0      570.5779   479                  Cuts: 4168   573440         
   1948     0      570.5846   445                  Cuts: 3134   573682         
   1948     0      570.5879   491                  Cuts: 3006   573870         
   1948     0      570.5995   324                  Cuts: 1598   574143         
   1948     0      570.6005   353                  Cuts: 2940   574303         
   1948     0      570.6042   298                  Cuts: 1997   574485         
   1948     0      570.6045   317                  Cuts: 1467   574667         
   1948     0      570.6057   280                  Cuts: 1531   574867         
   1948     0      570.6069   286                  Cuts: 4908   575021         
   1948     0      570.6146   280                   Cuts: 641   575182         
   1948     2      570.6146   272                    570.6174   575182         
   1949     3      570.8483   276                    570.8592   575839         
   1950     4      583.1715   189                    570.8592   579005         
   1952     6      630.9394   183                    570.8592   580472         
   1954     8      583.2280   220                    570.8592   580671         
   1957    11      634.0621   179                    570.8592   582272         
   1961    15      691.7794   124                    570.8592   584883         
   1967    20      627.0799   128                    570.8592   586842         
Elapsed time = 1118.49 sec. (871001.76 ticks, tree = 0.49 MB, solutions = 0)
   1970    23      627.1219   131                    570.8592   588229         
   1978    31      627.1228   118                    570.8592   590080         
   1984    37      631.4986   116                    570.8592   592587         
   1987    40      662.7025   137                    570.8592   594296         
   1993    46      632.3009   102                    570.8592   596835         
   1994    47      632.3595   120                    570.8592   597919         
   2001    54      642.6252   107                    570.8592   600544         
   2011    64      653.6555    98                    570.8592   603415         
   2019    71      669.3443    74                    570.8592   605384         
   2022    74      669.9567    75                    570.8592   606944         
Elapsed time = 1159.52 sec. (921563.27 ticks, tree = 0.89 MB, solutions = 0)
   2038    90      689.4499    88                    570.8592   610215         
   2053   105      748.8798    68                    570.8592   614181         
   2065   111      677.6431   170                    571.1303   622941         
   2074   120      626.8259   157                    571.1859   631021         
   2086   132      699.4874   126                    571.1859   634529         
   2098   144      722.5382   137                    571.1859   636834         
   2117   163      705.2162   102                    571.1859   639209         
   2123   169      705.8107   119                    571.1859   642429         
   2142   188      720.8654    87                    571.1859   646260         
   2149   193      721.2569    79                    571.1859   649018         
Elapsed time = 1215.74 sec. (985383.11 ticks, tree = 4.60 MB, solutions = 0)
   2172   212      593.4750   126                    571.2035   653564         
   2182   222      654.4582   146                    571.2035   656847         
   2186   226      637.1144   141                    571.2035   659624         
   2205   245      637.5641   128                    571.2035   663407         
   2206   246      656.0279   111                    571.2035   668578         
   2212   252      639.1264   109                    571.2035   670625         
   2222   262      647.4744   101                    571.2035   674714         
   2232   272      647.7422    91                    571.2035   676483         
   2255   295      651.8972    86                    571.2035   682828         
   2292   330      679.3449    50                    571.2035   687795         
Elapsed time = 1258.81 sec. (1029378.21 ticks, tree = 5.14 MB, solutions = 0)
   2336   364      586.3387   192                    571.2040   692061         
   2355   383      593.8355   126                    571.2040   697759         
   2390   418      632.5495    77                    571.2040   704059         
   2405   427      578.7112   123                    571.2189   707920         
   2413   434      594.9383   125                    571.2189   711846         
   2428   449      614.1618   121                    571.2189   717023         
   2434   455      609.8574   106                    571.2189   722630         
   2438   459      621.1206   100                    571.2189   726602         
   2446   467      633.7308    99                    571.2189   733552         
   2465   486      628.2378   104                    571.2189   739249         
Elapsed time = 1304.00 sec. (1071830.37 ticks, tree = 5.54 MB, solutions = 0)
   2503   524      644.6238    75                    571.2189   745299         
   2527   542      694.9856   175                    571.2200   752273         
   2546   561      797.9959   136                    571.2200   756817         
   2561   576      829.4962    97                    571.2200   761973         
   2586   600      953.4263    54                    571.2200   767659         
   2610   608      578.6461   111                    571.2507   771730         
   2619   617      799.9527   127                    571.2507   777140         
   2628   626      661.5098   101                    571.2507   781092         
   2647   645      737.6901    83                    571.2507   786634         
   2665   655      582.6137   166                    571.2935   792157         
Elapsed time = 1365.88 sec. (1113273.38 ticks, tree = 6.01 MB, solutions = 0)
   2668   658      582.6286   134                    571.2935   792263         
   2676   666      621.2171   116                    571.2935   797701         
   2695   685      633.7731    86                    571.2935   803727         
   2726   710      582.7541   114                    571.3648   815138         
   2732   716      592.9745   119                    571.3648   820442         
   2745   729      594.3058   102                    571.3648   825149         
   2760   744      700.2020   100                    571.3648   830830         
   2786   770      615.0724    85                    571.3648   838160         
   2835   817      650.8647    47                    571.3648   844919         
   2850   826      606.3897   163                    571.5875   849809         
Elapsed time = 1426.07 sec. (1158155.65 ticks, tree = 6.68 MB, solutions = 0)
   2879   855      614.5292   102                    571.5875   854380         
   2901   871      607.8238   179                    571.5875   859832         
   2913   883      642.3507    99                    571.5875   866154         
   2924   894      621.8370   133                    571.5875   873680         
   2936   906      675.0198    73                    571.5875   879161         
   2983   945      720.0030    44                    571.5875   886007         
   2995   953      585.2706   157                    571.5878   890757         
   3042  1000      616.8851    66                    571.5878   895333         
   3064  1018      630.7168   117                    571.6019   902526         
   3084  1038      696.0164    81                    571.6019   908409         
Elapsed time = 1479.49 sec. (1198820.44 ticks, tree = 7.54 MB, solutions = 0)
   3133  1072      766.2737    49                    571.6019   916974         
   3150  1085      608.0461   147                    571.6276   924167         
   3198  1129    infeasible                          571.6276   930252         
   3209  1140      581.7746   170                    571.6276   936127         
   3225  1156      617.7661    90                    571.6276   943217         
   3251  1182      644.3807    68                    571.6276   950969         
   3280  1205      585.0539   182                    571.6276   960372         
   3297  1222      611.1622    93                    571.6276   964468         
   3319  1244      627.6667    66                    571.6276   972310         
   3353  1268      573.1119   144                    571.6276   980474         
Elapsed time = 1532.59 sec. (1238853.91 ticks, tree = 8.42 MB, solutions = 0)
   3359  1274      574.9714   158                    571.6276   987058         
   3379  1294      722.8978    79                    571.6276   994991         
   3414  1321      572.6516   160                    571.6302  1002541         
   3454  1361      586.7073    73                    571.6302  1008547         
   3470  1373      587.1916   126                    571.6705  1014868         
   3487  1390      600.3963    72                    571.6705  1022399         
   3509  1412      623.4117    66                    571.6705  1031167         
   3542  1435      577.1075   118                    571.6883  1039339         
   3548  1441      577.1629   157                    571.6883  1041308         
   3597  1490      606.5948    80                    571.6883  1047680         
Elapsed time = 1585.73 sec. (1279187.90 ticks, tree = 9.28 MB, solutions = 0)
   3609  1498      577.3143   174                    571.7022  1053169         
   3624  1513      617.8116   129                    571.7022  1062002         
   3640  1529      619.7495    89                    571.7022  1070363         
   3657  1543      572.0370   217                    571.7318  1078717         
   3678  1564      605.8131    99                    571.7318  1085105         
   3709  1595      659.7511    54                    571.7318  1093835         
   3719  1601      612.6863   112                    571.7648  1099800         
   3746  1626      719.6966    67                    571.7648  1106782         
   3762  1636      613.3274   116                    571.8175  1114246         
   3767  1641      613.3863   159                    571.8175  1120911         
Elapsed time = 1635.97 sec. (1319552.78 ticks, tree = 9.66 MB, solutions = 0)
   3801  1675      640.0112   103                    571.8175  1128282         
   3841  1715      714.5812    37                    571.8175  1135542         
   3861  1729      598.7704   142                    571.9628  1142081         
   3874  1742      600.9049   101                    571.9628  1149071         
   3909  1777      634.2516    72                    571.9628  1157202         
   3964  1824      699.7040   159                    572.0403  1164119         
   3989  1849      748.9091    73                    572.0403  1170306         
   4037  1883      577.7144   152                    572.0483  1177009         
   4050  1896      666.8735    94                    572.0483  1185392         
   4064  1906      577.3211   133                    572.0561  1193200         
Elapsed time = 1691.15 sec. (1359841.64 ticks, tree = 10.68 MB, solutions = 0)
   4103  1945      584.4487   113                    572.0561  1198684         
   4125  1961      577.5928   159                    572.0645  1205374         
   4144  1980      611.5395    94                    572.0645  1212513         
   4163  1999      658.5822    57                    572.0645  1221190         
   4203  2025      578.6432   135                    572.0665  1229788         
   4244  2060      572.0890   224                    572.0855  1235735         
   4256  2072      602.6112   117                    572.0855  1243512         
   4262  2078      620.2019   177                    572.0855  1253625         
   4276  2092      573.3407   145                    572.0855  1259564         
   4301  2117      612.1856    68                    572.0855  1268116         
Elapsed time = 1752.18 sec. (1401135.74 ticks, tree = 11.59 MB, solutions = 0)
   4322  2130      599.1946   102                    572.0893  1278728         
   4335  2143      608.2483    79                    572.0893  1287776         
   4365  2165      607.5523   169                    572.0893  1295518         
   4382  2182      620.7614    88                    572.0893  1303581         
   4408  2208      655.5985    63                    572.0893  1311966         
   4437  2225      576.2072   165                    572.1582  1319200         
   4458  2246      600.2633    65                    572.1582  1327214         
   4477  2259      592.1548   139                    572.1764  1336306         
   4488  2270      679.3842    77                    572.1764  1344227         
   4515  2291      576.6752   154                    572.1925  1351104         
Elapsed time = 1816.85 sec. (1442524.74 ticks, tree = 12.27 MB, solutions = 0)
   4539  2315      610.1546   105                    572.1925  1356714         
   4568  2342      656.2132    65                    572.1925  1365960         
   4594  2362      597.5227   108                    572.2119  1374020         
   4612  2380      604.3780    90                    572.2119  1381641         
   4630  2392      607.9352   121                    572.2249  1388676         
   4661  2423      741.1731    65                    572.2249  1397324         
   4703  2455      579.9732   115                    572.2456  1405262         
   4739  2489      606.3425    58                    572.2456  1412614         
   4762  2506      631.9010   106                    572.2483  1420559         
   4811  2545      603.4403    99                    572.2537  1432345         
Elapsed time = 1878.19 sec. (1483045.67 ticks, tree = 13.25 MB, solutions = 0)
   4829  2563      665.4686    81                    572.2537  1438246         
   4839  2569      576.2321   163                    572.2794  1441905         
   4854  2584      643.4952    69                    572.2794  1450207         
   4883  2613      660.2369    72                    572.2794  1459694         
   4915  2635      574.1499   136                    572.2969  1466131         
   4950  2670      632.3142    51                    572.2969  1473649         
   4961  2677      584.7273   136                    572.3782  1480342         
   4999  2715      664.9681    69                    572.3782  1488953         
   5027  2735      620.7621   106                    572.3792  1501865         
   5046  2754      677.0000    86                    572.3792  1508852         
Elapsed time = 1942.28 sec. (1523718.82 ticks, tree = 14.06 MB, solutions = 0)
   5083  2789      728.0370    50                    572.3792  1516380         
   5095  2797      621.1047    89                    572.3824  1523706         
   5126  2828      704.9281    62                    572.3824  1531606         
   5152  2848      704.9372   107                    572.3890  1537684         
   5183  2871      606.2262   105                    572.4126  1545578         
   5211  2899      620.6436    63                    572.4126  1553615         
   5245  2927      584.4835   125                    572.4252  1562176         
   5276  2956      632.8295    62                    572.4252  1569012         
   5292  2964      612.4128   128                    572.4312  1575302         
   5316  2988      664.6831    84                    572.4312  1583345         
Elapsed time = 2000.40 sec. (1562998.50 ticks, tree = 14.97 MB, solutions = 0)
   5342  3010      582.7386   105                    572.4408  1589991         
   5350  3018      588.5980   103                    572.4408  1598543         
   5361  3029      589.5161    86                    572.4408  1607161         
   5402  3064      601.7036   123                    572.4661  1615204         
   5423  3085      629.6405    97                    572.4661  1622601         
   5468  3126      661.0713    45                    572.4661  1629847         
   5496  3148      709.5825    91                    572.4687  1636505         
   5515  3161      577.0979   139                    572.4771  1644279         
   5527  3173      623.0219    76                    572.4771  1653480         
   5549  3195      622.7886    73                    572.4771  1660955         
Elapsed time = 2064.86 sec. (1604208.25 ticks, tree = 15.77 MB, solutions = 0)
   5590  3232      601.3987   110                    572.5196  1669776         
   5616  3258      645.6068    98                    572.5196  1676437         
   5645  3283      619.4517   131                    572.5338  1684428         
   5662  3300      642.7065    78                    572.5338  1692069         
   5688  3322      573.6146   157                    572.5464  1698941         
   5723  3351      572.6812   228                    572.5850  1705931         
   5729  3357      603.6441   115                    572.6044  1714680         
   5748  3376      617.8435    82                    572.6044  1722732         
   5775  3403      714.6541    70                    572.6044  1730655         
   5784  3406      620.2263   157                    572.6148  1733906         
Elapsed time = 2135.87 sec. (1644123.85 ticks, tree = 16.59 MB, solutions = 0)
   5822  3440      711.6602    65                    572.6148  1742353         
   5831  3445      577.2721   109                    572.6328  1749510         
   5859  3473      625.2088    76                    572.6328  1757710         
   5879  3489    infeasible                          572.6328  1767302         
   5895  3503      605.1506   148                    572.6517  1772598         
   5920  3524      600.6848   102                    572.6518  1779037         
   5937  3541      604.9144    81                    572.6518  1785900         
   5956  3560      683.5328    60                    572.6518  1793977         
   5987  3581      624.5063   125                    572.6579  1801004         
   6011  3599      572.9847   171                    572.6584  1808764         
Elapsed time = 2200.80 sec. (1683621.34 ticks, tree = 17.33 MB, solutions = 0)
   6020  3608      573.3384   159                    572.6584  1816068         
   6032  3620      594.0871   122                    572.6584  1824240         
   6048  3636      606.5012    68                    572.6584  1832698         
   6072  3658      687.1630    55                    572.6584  1840980         
   6096  3678      599.2405   129                    572.6605  1849467         
   6115  3697      655.9936    89                    572.6605  1858652         
   6144  3726      712.5748    74                    572.6605  1866955         
   6169  3745      700.6657   106                    572.6677  1875276         
   6191  3767      679.7218    80                    572.6677  1883250         
   6226  3802      693.3164    60                    572.6677  1891346         
Elapsed time = 2277.73 sec. (1723181.42 ticks, tree = 18.12 MB, solutions = 0)
   6248  3820      610.4911    98                    572.6682  1898677         
   6274  3842      634.6714    86                    572.6686  1907460         
   6307  3869    infeasible                          572.6686  1915534         
   6338  3896      650.2008    67                    572.6768  1922288         
   6363  3915      624.8884   132                    572.6907  1928164         
   6385  3937      632.8869    68                    572.6907  1936317         
   6421  3967      612.4452   108                    572.6934  1943235         
   6456  3994      616.9459   139                    572.7039  1951935         
   6478  4016      689.0471    76                    572.7039  1960599         
   6509  4039      613.1901   159                    572.7208  1968814         
Elapsed time = 2345.94 sec. (1762883.42 ticks, tree = 19.04 MB, solutions = 0)
   6544  4072      657.9622    68                    572.7208  1975156         
   6559  4083      633.0600    90                    572.7223  1983646         
   6580  4102      641.3900    74                    572.7223  1992222         
   6601  4111      596.6657    93                    572.7408  2000158         
   6618  4128      644.9720    97                    572.7408  2006777         
   6655  4163      709.6445    44                    572.7408  2013894         
   6691  4189      706.7722   111                    572.7417  2019557         
   6721  4215    infeasible                          572.7417  2026488         
   6744  4234      685.0328    88                    572.7424  2032402         
   6761  4249    infeasible                          572.7424  2035878         
Elapsed time = 2424.61 sec. (1801812.89 ticks, tree = 20.00 MB, solutions = 0)
   6766  4252      608.6235    99                    572.7456  2044180         
   6785  4271      675.5021    61                    572.7456  2050387         
   6811  4297      755.7574    57                    572.7456  2058650         
   6828  4308      720.4262   132                    572.7481  2066837         
   6859  4329      800.6718    55                    572.7481  2073359         
   6876  4342      582.2572   151                    572.7505  2082135         
   6896  4362      675.3313   103                    572.7505  2090680         
   6921  4381      720.0126    51                    572.7505  2098835         
   6955  4411      597.9483    82                    572.7515  2104291         
   6977  4427      648.2060    92                    572.7570  2111859         
Elapsed time = 2489.84 sec. (1841836.47 ticks, tree = 20.68 MB, solutions = 0)
   6996  4446      610.0381    77                    572.7570  2120681         
   7026  4472      579.5274   126                    572.7677  2131560         
   7068  4510    infeasible                          572.7677  2137778         
   7081  4521      639.6993    78                    572.7717  2146800         
   7116  4544      572.8250   157                    572.7753  2154148         
   7130  4558      574.6139   151                    572.7753  2162387         
   7152  4580      615.1787    83                    572.7753  2170262         
   7190  4618      673.0540    65                    572.7753  2179403         
   7211  4631      619.3484    96                    572.7948  2185372         
   7236  4654      693.4701    69                    572.7948  2192916         
Elapsed time = 2566.49 sec. (1881891.26 ticks, tree = 21.56 MB, solutions = 0)
   7261  4673      667.2201    84                    572.8001  2200308         
   7279  4686    infeasible                          572.8019  2208614         
   7311  4716    infeasible                          572.8019  2217284         
   7345  4744      605.9251   106                    572.8097  2225496         
   7367  4762      612.9833   148                    572.8392  2233750         
   7395  4790      637.5370    86                    572.8392  2242570         
   7455  4833      592.2793   126                    572.8458  2252060         
   7479  4857      613.9741    64                    572.8458  2258400         
   7501  4875      644.1431    78                    572.8508  2264527         
   7540  4912      636.8760    63                    572.8508  2272626         
Elapsed time = 2644.38 sec. (1921746.59 ticks, tree = 22.57 MB, solutions = 0)
   7560  4922      592.8070    86                    572.8523  2281202         
   7589  4945      586.7072   120                    572.8540  2289067         
   7616  4972      622.2733    71                    572.8540  2297603         
   7660  5006      593.9875    96                    572.8546  2306060         
   7682  5028      595.5751   118                    572.8546  2313691         
   7714  5060      635.5972    61                    572.8546  2321846         
   7736  5076      717.9126   110                    572.8556  2328082         
   7773  5110      801.8394    67                    572.8556  2336626         
   7811  5140      639.1995    80                    572.8617  2343901         
   7838  5163      588.4522   112                    572.8618  2352648         
Elapsed time = 2690.13 sec. (1961403.71 ticks, tree = 23.54 MB, solutions = 0)
   7860  5185      702.2843    59                    572.8618  2361811         
   7897  5210      633.5985    81                    572.8645  2367961         
   7957  5264      655.4166    89                    572.8657  2375640         
   7980  5287      670.3796    98                    572.8657  2383395         
   8029  5330      573.9412   112                    572.8719  2389360         
   8053  5350      595.9266   119                    572.8737  2397928         
   8068  5365      610.5072    81                    572.8737  2405468         
   8086  5383      645.4669    58                    572.8737  2414092         
   8107  5396      598.9775   101                    572.8767  2421794         
   8141  5426      617.2685   127                    572.8794  2428725         
Elapsed time = 2740.95 sec. (2001353.36 ticks, tree = 24.56 MB, solutions = 0)
   8166  5451      637.4732    92                    572.8794  2436041         
   8200  5481      601.2094   121                    572.8855  2443378         
   8217  5498      696.1495    87                    572.8855  2449321         
   8249  5516      602.6984   129                    572.9036  2456876         
   8263  5530      626.3144    76                    572.9036  2462737         
   8299  5562      573.4862   137                    572.9105  2471387         
   8327  5590      597.9781    74                    572.9105  2479560         
   8351  5608      577.7609   158                    572.9194  2486151         
   8370  5627      590.4966    99                    572.9194  2495832         
   8406  5651      610.4434   124                    572.9335  2502583         
Elapsed time = 2810.08 sec. (2041267.73 ticks, tree = 25.43 MB, solutions = 0)
   8436  5677      587.6723   205                    572.9393  2509225         
   8457  5698      630.5037    79                    572.9393  2517195         
   8483  5720      586.3832   179                    572.9433  2524902         
   8516  5753      588.0795   116                    572.9433  2531591         
   8562  5797      662.9209    51                    572.9433  2538849         
   8578  5809      576.0308   102                    572.9485  2546617         
   8602  5833      688.0783    69                    572.9485  2554626         
   8638  5863      651.4207    74                    572.9495  2561782         
   8692  5909      605.9310   107                    572.9559  2570306         
   8718  5935      726.0661    59                    572.9559  2577724         
Elapsed time = 2868.01 sec. (2080843.80 ticks, tree = 26.54 MB, solutions = 0)
   8768  5975      621.5126   192                    572.9842  2588367         
   8788  5995      641.5712    74                    572.9842  2596768         
   8808  6011      615.8697   110                    572.9847  2606026         
   8824  6027      637.5705    76                    572.9847  2614391         
   8855  6052      573.4429   121                    573.0091  2621346         
   8872  6069      794.6784    65                    573.0091  2630433         
   8918  6097      574.2180   141                    573.0150  2637682         
   8969  6145    infeasible                          573.0150  2643439         
   8987  6163      642.0988    90                    573.0195  2650850         
   9021  6193      584.8308   243                    573.0397  2660341         
Elapsed time = 2918.88 sec. (2121172.26 ticks, tree = 27.54 MB, solutions = 0)
   9067  6239      597.1566    63                    573.0397  2665829         
   9095  6263      624.3942    95                    573.0472  2674223         
   9125  6293      720.8174    75                    573.0472  2682975         
   9148  6310      607.6728   108                    573.0472  2689381         
   9181  6340      598.2432   129                    573.0562  2698752         
   9195  6354      651.4244    85                    573.0562  2706481         
   9235  6388      840.8554    41                    573.0562  2714262         
   9282  6425      612.0622    71                    573.0609  2721000         
   9329  6452      680.5159   170                    573.0866  2731275         
   9348  6471      708.1503    73                    573.0866  2739232         
Elapsed time = 2983.93 sec. (2161873.25 ticks, tree = 28.62 MB, solutions = 0)
   9386  6500      581.7314   186                    573.1294  2747827         
   9430  6540      573.4727   140                    573.1334  2752444         
   9444  6554      683.5297    93                    573.1334  2760265         
   9476  6578      575.3180   118                    573.1424  2767022         
   9508  6602      605.2168    88                    573.1508  2774224         
   9543  6637      622.3504    95                    573.1508  2782012         
   9571  6661      592.2079   117                    573.1676  2788827         
   9595  6685      611.3273    99                    573.1676  2796632         
   9631  6715      655.4567    97                    573.1705  2803882         
   9651  6733      676.8769    58                    573.1705  2812905         
Elapsed time = 3028.14 sec. (2201627.35 ticks, tree = 29.63 MB, solutions = 0)
   9676  6754      619.9955    92                    573.1751  2820890         
   9713  6785      573.3826   146                    573.1843  2828645         
   9731  6803      602.4982    68                    573.1843  2836376         
   9750  6812      595.5154   103                    573.1853  2846343         
   9769  6831      619.3501   100                    573.1853  2854375         
   9788  6850      642.4514    78                    573.1853  2863744         
   9807  6863      615.0902    94                    573.1861  2871633         
   9824  6880      628.0544    75                    573.1861  2879126         
   9851  6905      713.8425    46                    573.1861  2888770         
   9889  6939      586.8699    70                    573.1861  2896443         
Elapsed time = 3074.97 sec. (2241176.76 ticks, tree = 30.43 MB, solutions = 0)
   9918  6964      618.1668    85                    573.2171  2904831         
   9947  6993      740.0094    68                    573.2171  2913794         
   9994  7020      573.4825   119                    573.2440  2920984         
  10036  7058      574.3717   113                    573.2858  2927290         
  10056  7078      632.7112    68                    573.2858  2935376         
  10089  7111      693.1956    47                    573.2858  2943207         
  10110  7127      664.5456    97                    573.2915  2949390         
  10135  7148      592.0613   150                    573.2987  2957131         
  10161  7174      721.4638    99                    573.2987  2964643         
  10189  7194      668.5179    80                    573.3012  2972696         
Elapsed time = 3121.91 sec. (2280653.12 ticks, tree = 31.42 MB, solutions = 0)
  10223  7222      580.7875   128                    573.3035  2979114         
  10248  7247      633.1631    71                    573.3035  2986817         
  10278  7263      584.1790   105                    573.3131  2995501         
  10298  7283      652.1453    68                    573.3131  3003454         
  10325  7302      640.2108    88                    573.3181  3011983         
  10350  7327      652.9831   100                    573.3181  3019722         
  10408  7373      760.0841    32                    573.3181  3026895         
  10445  7402      585.1053    79                    573.3246  3034344         
  10470  7421      597.0020    86                    573.3301  3042605         
  10487  7438      585.9185    68                    573.3301  3050921         
Elapsed time = 3168.85 sec. (2319908.72 ticks, tree = 32.36 MB, solutions = 0)
  10504  7451      573.6483   119                    573.3385  3060647         
  10533  7480      602.3280    72                    573.3385  3067858         
  10556  7499      618.5201    89                    573.3461  3075035         
  10586  7529      641.8526    69                    573.3461  3082423         
  10629  7560      575.2703   101                    573.3527  3090058         
  10676  7599      641.2467    97                    573.3614  3096989         
  10709  7628      751.3942    58                    573.3614  3105264         
  10748  7659      588.9165   110                    573.3658  3110706         
  10781  7686      619.1977    91                    573.3704  3118376         
  10830  7735      712.5092    46                    573.3704  3126140         
Elapsed time = 3215.26 sec. (2359427.21 ticks, tree = 33.72 MB, solutions = 0)
  10892  7785      649.5650    74                    573.3718  3133622         
  10917  7810      661.3119    71                    573.3718  3142444         
  10954  7833      625.7973    88                    573.3770  3149722         
  10987  7866      701.1999    45                    573.3770  3157913         
  11021  7894      578.6610    80                    573.3909  3163594         
  11050  7919      602.1889    98                    573.3959  3171598         
  11063  7932      575.7335   115                    573.3959  3179789         
  11083  7952      588.5466    81                    573.3959  3187214         
  11120  7989      620.9368    41                    573.3959  3193988         
  11158  8023      576.7510   109                    573.3984  3197966         
Elapsed time = 3267.65 sec. (2399355.54 ticks, tree = 34.85 MB, solutions = 0)
  11189  8048      619.7555    86                    573.4028  3205905         
  11218  8075      671.4442    72                    573.4028  3214435         
  11246  8100      626.7225    51                    573.4028  3221441         
  11277  8121      735.0001    87                    573.4113  3227600         
  11327  8170      818.3226    49                    573.4113  3235235         
  11393  8216      580.2880    79                    573.4130  3241458         
  11428  8245      580.9075    92                    573.4157  3249213         
  11468  8281      788.0270    45                    573.4157  3258947         
  11485  8292      661.6197   104                    573.4173  3267709         
  11511  8314      610.1770    79                    573.4245  3274772         
Elapsed time = 3311.54 sec. (2438035.98 ticks, tree = 36.30 MB, solutions = 0)
  11548  8343      592.4329   109                    573.4261  3281579         
  11590  8381      607.5605    96                    573.4464  3290346         
  11610  8401      705.7832    95                    573.4464  3300051         
  11639  8422      610.4485   111                    573.4464  3308591         
  11676  8453      608.7522    71                    573.4503  3317902         
  11712  8481      669.8822    71                    573.4503  3326561         
  11736  8501      584.2789    91                    573.4503  3334667         
  11776  8533      573.8593    99                    573.4518  3342256         
  11798  8555      587.4696    67                    573.4518  3350588         
  11837  8582      633.6945    44                    573.4518  3359572         
Elapsed time = 3358.72 sec. (2478603.05 ticks, tree = 37.34 MB, solutions = 0)
  11868  8605      581.2073   129                    573.4658  3368032         
  11896  8633      649.8778    72                    573.4658  3375683         
  11928  8661      599.0729   116                    573.4658  3382885         
  11960  8685      575.2843    90                    573.4680  3389499         
  11984  8707      723.4444    62                    573.4680  3397097         
  12018  8735      588.7081    78                    573.4688  3403462         
  12052  8765      574.6919    96                    573.4737  3411243         
  12077  8790      583.2077    65                    573.4737  3420078         
  12105  8812      577.3408   111                    573.4741  3430670         
  12134  8841      614.7669    57                    573.4741  3439788         
Elapsed time = 3404.42 sec. (2518104.69 ticks, tree = 38.35 MB, solutions = 0)
  12151  8854      654.7878    72                    573.4772  3448300         
  12176  8879      669.6029    53                    573.4772  3456951         
  12222  8913      641.1713    44                    573.4793  3464132         
  12244  8931      660.3882    79                    573.4799  3472795         
  12272  8955      619.2882    97                    573.4799  3482790         
  12306  8985      573.5134   122                    573.4821  3488524         
  12318  8997      680.8639    84                    573.4821  3495953         
  12342  9017    infeasible                          573.4821  3504652         
  12392  9050      610.7958    74                    573.4862  3511166         
  12410  9068      623.9398    70                    573.4862  3520474         
Elapsed time = 3450.16 sec. (2557576.27 ticks, tree = 39.22 MB, solutions = 0)
  12428  9080      621.1995    81                    573.4864  3527161         
  12448  9098      655.9411    56                    573.4864  3536562         
  12498  9142      610.1567    52                    573.4866  3543691         
  12518  9156      689.7834    81                    573.4870  3551435         
  12550  9184      621.8469    80                    573.4911  3558309         
  12582  9206      670.0788    83                    573.4918  3565624         
  12598  9222      690.7364    74                    573.4918  3573624         
  12628  9238      588.1107    82                    573.4919  3582858         
  12670  9274      576.4791    99                    573.4960  3590222         
  12684  9287      666.7108    69                    573.4960  3598735         
Elapsed time = 3496.38 sec. (2596558.30 ticks, tree = 40.28 MB, solutions = 0)
  12736  9324      582.3560    96                    573.4964  3607309         
  12763  9351      601.5763    86                    573.4964  3614678         
  12803  9385      634.9679    77                    573.4969  3622888         
  12824  9402      579.3145   111                    573.4999  3631042         
  12847  9425      637.1544    70                    573.4999  3639709         
  12872  9440      701.4684    61                    573.4999  3648009         
  12908  9466      601.2725    92                    573.5009  3656872         
  12928  9486      621.8677    68                    573.5009  3665736         
  12968  9518    infeasible                          573.5009  3673649         
  12996  9542      628.8613    97                    573.5019  3680440         
Elapsed time = 3545.04 sec. (2636967.51 ticks, tree = 41.27 MB, solutions = 0)
  13013  9555      698.6865    88                    573.5132  3687627         
  13033  9575      783.6755    62                    573.5132  3694435         
  13070  9600      579.1723   120                    573.5146  3701200         
  13098  9624      601.2628    48                    573.5146  3710302         
  13128  9648      586.8960    85                    573.5166  3718654         
  13159  9669      575.3993   123                    573.5204  3726117         
  13182  9692      607.8136    60                    573.5204  3732518         
  13222  9720      573.5670   131                    573.5211  3739687         
  13252  9746      603.1208    92                    573.5213  3746213         
  13275  9769      618.1354    83                    573.5213  3754092         
Elapsed time = 3599.40 sec. (2676295.10 ticks, tree = 42.96 MB, solutions = 0)

GUB cover cuts applied:  71
Clique cuts applied:  3
Cover cuts applied:  28
Implied bound cuts applied:  93
Flow cuts applied:  46
Mixed integer rounding cuts applied:  883
Zero-half cuts applied:  4
Gomory fractional cuts applied:  6

Root node processing (before b&c):
  Real time             =   15.25 sec. (10892.07 ticks)
Sequential b&c:
  Real time             = 3584.75 sec. (2666019.30 ticks)
                          ------------
Total (root+branch&cut) = 3600.00 sec. (2676911.37 ticks)
