Version identifier: 22.1.0.0 | 2022-03-09 | 1a383f8ce
CPXPARAM_Read_DataCheck                          1
CPXPARAM_Threads                                 1
CPXPARAM_TimeLimit                               3600
Tried aggregator 2 times.
MIP Presolve eliminated 13578 rows and 534 columns.
MIP Presolve modified 94190 coefficients.
Aggregator did 289 substitutions.
Reduced MIP has 17124 rows, 1397 columns, and 139455 nonzeros.
Reduced MIP has 1052 binaries, 0 generals, 0 SOSs, and 0 indicators.
Presolve time = 0.37 sec. (260.62 ticks)
Probing fixed 14 vars, tightened 8 bounds.
Probing time = 0.17 sec. (112.43 ticks)
Tried aggregator 1 time.
Detecting symmetries...
MIP Presolve eliminated 112 rows and 14 columns.
MIP Presolve modified 183 coefficients.
Reduced MIP has 17012 rows, 1383 columns, and 138438 nonzeros.
Reduced MIP has 1038 binaries, 0 generals, 0 SOSs, and 0 indicators.
Presolve time = 0.13 sec. (69.99 ticks)
Probing time = 0.01 sec. (7.39 ticks)
Clique table members: 7816.
MIP emphasis: balance optimality and feasibility.
MIP search method: dynamic search.
Parallel mode: none, using 1 thread.
Root relaxation solution time = 0.08 sec. (71.76 ticks)

        Nodes                                         Cuts/
   Node  Left     Objective  IInf  Best Integer    Best Bound    ItCnt     Gap

      0     0      330.0555   276                    330.0555      606         
      0     0      330.0555    84                   Cuts: 337      950         
      0     0      330.0555   112                  Cuts: 1296     1386         
      0     0      330.0555   114                  Cuts: 1290     2213         
Detecting symmetries...
      0     2      330.0555   114                    330.0555     2213         
Elapsed time = 10.59 sec. (8564.68 ticks, tree = 0.01 MB, solutions = 0)
      2     4      330.0555   127                    330.0555     3748         
      3     5      403.7576   129                    330.0555     4611         
      5     7      360.1766   122                    330.0555     5899         
      8    10      330.0557   123                    330.0557     6827         
      9    11      397.3993   120                    330.0557     7941         
     11    13      384.9264   121                    330.0557     9164         
     14    16      330.0557   124                    330.0557    10020         
     17    19      335.4333   117                    330.0557    11506         
     19    21      330.0558   119                    330.0558    12265         
     23    25      330.0558   119                    330.0567    13662         
Elapsed time = 16.63 sec. (12938.72 ticks, tree = 0.35 MB, solutions = 0)
     30    32      330.0598   123                    330.0597    16272         
     40    42      330.1085   112                    330.0597    18798         
     53    55      331.2469    64                    330.0597    22569         
     78    80      336.4592    54                    330.0597    24923         
     99    87      330.0873   162                    330.0747    27282         
    108    96      330.1344   110                    330.0747    29362         
    114   102      374.0373   104                    330.0747    33126         
    118   106      357.7187    98                    330.0747    37605         
    120   108      357.8368    92                    330.0747    38344         
    133   119      336.7424    91                    330.0747    42767         
Elapsed time = 31.70 sec. (25328.88 ticks, tree = 7.36 MB, solutions = 0)
    138   124      352.1135    94                    330.0747    46155         
    147   133      351.6151    72                    330.0747    50166         
    160   144      330.1658    74                    330.0747    53789         
    180   164      330.1766    67                    330.0747    57729         
    200   184      330.1848    65                    330.0747    60596         
    230   210      330.2861    55                    330.0747    64124         
    247   219      330.3612    57                    330.0747    66136         
    269   239      330.3879    54                    330.0747    68876         
    301   271      369.4692    53                    330.0747    72851         
    324   292      332.7620    58                    330.0747    76833         
Elapsed time = 42.89 sec. (35823.08 ticks, tree = 8.27 MB, solutions = 0)
    345   313      338.0055    55                    330.0747    81046         
    358   320      330.1305   114                    330.0747    84057         
    390   350      339.1289    74                    330.0747    88742         
    402   362      330.1295   135                    330.0782    92866         
    466   420      330.1767   169                    330.1281    96523         
    485   439      343.9445   102                    330.1281    99963         
    516   470      336.3963    63                    330.1281   103214         
    541   495      336.4338    57                    330.1281   106469         
    574   524    infeasible                          330.1281   109880         
    600   544      352.6477    64                    330.1300   113024         
Elapsed time = 56.81 sec. (46625.89 ticks, tree = 8.85 MB, solutions = 0)
    639   581      334.6867    73                    330.1300   115848         
    671   607      335.0510    60                    330.1332   118902         
    680   616      340.9908    52                    330.1332   120735         
    720   646      330.2016    79                    330.1482   124293         
    748   670      363.7013    82                    330.1482   127999         
    768   686      399.5641    63                    330.1482   131933         
    800   706      330.7820    77                    330.1513   135401         
    809   713    infeasible                          330.1513   140192         
    832   728    infeasible                          330.1559   144398         
    865   751      330.6510    84                    330.1559   148192         
Elapsed time = 68.12 sec. (57325.81 ticks, tree = 9.15 MB, solutions = 0)
    911   793      349.0882    47                    330.1559   151717         
    932   808      346.1318    67                    330.1573   155103         

Performing restart 1

Repeating presolve.
Tried aggregator 1 time.
Reduced MIP has 17012 rows, 1383 columns, and 138438 nonzeros.
Reduced MIP has 1038 binaries, 0 generals, 0 SOSs, and 0 indicators.
Presolve time = 0.07 sec. (45.31 ticks)
Tried aggregator 1 time.
Reduced MIP has 17012 rows, 1383 columns, and 138438 nonzeros.
Reduced MIP has 1038 binaries, 0 generals, 0 SOSs, and 0 indicators.
Presolve time = 0.13 sec. (58.70 ticks)
Represolve time = 0.42 sec. (226.45 ticks)
    938     0      330.2510   139                  Cuts: 2047   159192         
    938     0      330.4305   213                   Cuts: 854   160178         
    938     0      330.5057   223                  Cuts: 1708   160725         
    938     0      330.5597   241                  Cuts: 3644   161176         
    938     0      330.5911   235                  Cuts: 2102   161599         
    938     0      330.6057   267                  Cuts: 1628   162111         
    938     0      330.6098   277                   Cuts: 776   162466         
    938     0      330.6166   314                  Cuts: 3712   162882         
    938     0      330.6172   394                  Cuts: 4353   163165         
    938     0      330.6303   280                  Cuts: 1626   163597         
    938     0      330.6410   342                  Cuts: 1372   163846         
    938     0      330.6643   322                  Cuts: 1894   164080         
    938     0      330.6967   301                  Cuts: 2546   164446         
    938     0      330.7056   235                  Cuts: 1092   164836         
    938     0      330.7111   291                  Cuts: 2546   165088         
    938     0      330.7141   283                  Cuts: 1582   165293         
    938     0      330.7216   273                  Cuts: 3317   165527         
    938     0      330.7421   261                  Cuts: 2275   165851         
    938     2      330.7421   261                    330.7422   165851         
    939     3      330.7422   255                    330.7448   165854         
    940     4      338.9762   181                    330.7448   167512         
    941     5      330.7450   252                    330.7456   167563         
    942     6      330.7517   206                    330.7518   167700         
    943     7      330.7522   299                    330.7522   167756         
    945     9      388.6225    76                    330.7522   172447         
    948    12      396.0873    99                    330.7523   184499         
Elapsed time = 167.32 sec. (151412.50 ticks, tree = 0.45 MB, solutions = 0)
    951    15      376.6287    94                    330.7541   186957         
    953    17      330.7586   278                    330.7598   187298         
    954    18      336.9279   111                    330.7598   190900         
    955    19      336.9279   114                    330.7598   191396         
    959    23      349.8066    97                    330.7598   194078         
    962    26      346.6933    88                    330.7598   194985         
    965    29      336.9404   106                    330.7598   196143         
    967    31      348.9912    93                    330.7598   197306         
    973    37      341.0466    82                    330.7598   198382         
    975    39      336.9832    97                    330.7598   199751         
Elapsed time = 182.02 sec. (169046.63 ticks, tree = 0.52 MB, solutions = 0)
    976    40      337.5432   128                    330.7598   200579         
    978    42      336.9848    97                    330.7598   200837         
    982    46      340.4440    93                    330.7598   202761         
    987    51      341.2110    94                    330.7598   204670         
    988    52      339.4823    94                    330.7598   204684         
   1001    65      340.9169    82                    330.7598   206702         
   1011    75      344.9458    98                    330.7598   208704         
   1018    82      354.9878    76                    330.7598   210236         
   1038   100      344.7165    61                    330.7598   211946         
   1052   112      343.6965    38                    330.7598   212635         
Elapsed time = 192.77 sec. (181566.73 ticks, tree = 0.72 MB, solutions = 0)
   1067   124      351.5522    28                    330.7598   214351         
   1086   135      330.7656   234                    330.7662   215379         
   1088   137      348.0954    96                    330.7668   216783         
   1095   144      353.2196   122                    330.7668   218321         
   1098   147      368.2798    99                    330.7668   219299         
   1118   167      364.5401    75                    330.7668   222552         
   1144   193      355.7165    54                    330.7668   225080         
   1172   219    infeasible                          330.7668   227560         
   1178   223      330.8629   172                    330.7682   228091         
   1196   241      330.9358   111                    330.7682   231072         
Elapsed time = 202.42 sec. (192560.50 ticks, tree = 1.09 MB, solutions = 0)
   1198   243      331.0425   122                    330.7682   231093         
   1203   248      334.1952   105                    330.7682   233893         
   1212   257      340.1654   117                    330.7682   236740         
   1229   274      334.0216    86                    330.7682   238994         
   1251   296      331.9523    64                    330.7682   242179         
   1263   308      334.3571    59                    330.7682   243933         
   1284   323      330.8533   170                    330.8007   245200         
   1324   363      344.9972    86                    330.8007   246691         
   1338   373      355.6636    80                    330.8423   250109         
   1390   417      348.0418    86                    330.8492   258554         
Elapsed time = 216.09 sec. (208174.96 ticks, tree = 1.59 MB, solutions = 0)
   1462   479      344.7474    83                    330.8588   266731         
*  1565   525      integral     0      360.6048      330.9223   275141    8.23%
   1566   526      340.9885   126      360.6048      330.9355   275922    8.23%
   1673   625      340.5869    96      360.6048      330.9710   282718    8.22%
   1789   719    infeasible            360.6048      331.0203   292295    8.20%
   1875   784      334.2998   102      360.6048      331.0572   304026    8.19%
*  1876+  748                          356.2273      331.0572             7.07%
   1876   750      334.2998   100      356.2273      331.0572   304036    7.07%
   1963   815      353.5244    65      356.2273      331.0997   314177    7.05%
   2045   883      344.3655    36      356.2273      331.1098   324522    7.05%
   2153   973      335.2809   102      356.2273      331.1309   334090    7.05%
   2301  1092      337.0360    98      356.2273      331.1792   344935    7.03%
Elapsed time = 264.41 sec. (257428.98 ticks, tree = 3.26 MB, solutions = 2)
   2381  1144      331.2283   130      356.2273      331.2283   357229    7.02%
   2528  1261      333.9984   132      356.2273      331.2710   369009    7.01%
   2642  1341      339.1781    85      356.2273      331.3225   381212    6.99%
   2733  1408      339.7661    99      356.2273      331.3411   392283    6.99%
   2827  1478      339.4751   101      356.2273      331.3811   402527    6.97%
   2922  1550      341.5873   126      356.2273      331.4369   414802    6.96%

Performing restart 2

Repeating presolve.
Tried aggregator 1 time.
MIP Presolve eliminated 12 rows and 4 columns.
MIP Presolve modified 61 coefficients.
Reduced MIP has 17000 rows, 1379 columns, and 142230 nonzeros.
Reduced MIP has 1034 binaries, 0 generals, 0 SOSs, and 0 indicators.
Presolve time = 0.13 sec. (104.53 ticks)
Tried aggregator 1 time.
Reduced MIP has 17000 rows, 1379 columns, and 142230 nonzeros.
Reduced MIP has 1034 binaries, 0 generals, 0 SOSs, and 0 indicators.
Presolve time = 0.10 sec. (62.21 ticks)
Represolve time = 0.54 sec. (349.00 ticks)
   3034     0      330.7473   236      356.2273    Cuts: 4113   428886    6.95%
   3034     0      330.7502   237      356.2273     Cuts: 978   429091    6.95%
   3034     0      330.7516   252      356.2273     Cuts: 616   429312    6.95%
   3034     0      330.7516   269      356.2273     Cuts: 617   429568    6.95%
   3034     0      330.7517   279      356.2273    Cuts: 1256   429810    6.95%
   3034     0      330.7517   288      356.2273    Cuts: 1098   429947    6.95%
   3034     2      330.7517   325      356.2273      331.4665   429947    6.95%
   3035     3      330.7756   297      356.2273      331.4665   430131    6.95%
   3037     5      333.1332    97      356.2273      331.4665   433144    6.95%
   3040     8      333.3118    84      356.2273      331.4665   437765    6.95%
Elapsed time = 331.18 sec. (325819.47 ticks, tree = 0.02 MB, solutions = 2)
   3048    14      353.4781    59      356.2273      331.4665   440853    6.95%
   3075    36      330.7756   296      356.2273      331.4665   443831    6.95%
   3077    37      355.9496    94      356.2273      331.4665   446458    6.95%
   3090    43      330.7834   263      356.2273      331.4665   449294    6.95%
   3151   102      331.2151    77      356.2273      331.4665   451065    6.95%
   3194   136      350.5595    66      356.2273      331.4665   458342    6.95%
   3227   163      355.2323    66      356.2273      331.4665   464806    6.95%
   3254   182      340.9327   103      356.2273      331.4665   469404    6.95%
   3308   230      344.6953    80      356.2273      331.4665   475525    6.95%
   3364   274      339.7615    93      356.2273      331.4665   484015    6.95%
Elapsed time = 369.45 sec. (370042.77 ticks, tree = 0.77 MB, solutions = 2)
   3394   296      350.6334    77      356.2273      331.4665   493035    6.95%
   3432   328      343.7521   101      356.2273      331.4665   502246    6.95%
   3479   370      338.3819    68      356.2273      331.4665   509374    6.95%
   3545   427      344.6998   104      356.2273      331.4665   518226    6.95%
   3580   451      354.9720    70      356.2273      331.4665   526279    6.95%
   3621   479      343.3670    69      356.2273      331.4665   533699    6.95%
   3681   524      354.8282    98      356.2273      331.4665   547633    6.95%
   3741   577      342.2453    47      356.2273      331.4665   555950    6.95%
   3785   605      334.0363    95      356.2273      331.4665   565388    6.95%
   3845   650      355.6866    65      356.2273      331.4665   575252    6.95%
Elapsed time = 409.71 sec. (410382.80 ticks, tree = 1.81 MB, solutions = 2)
   3889   680      354.8788    66      356.2273      331.4665   585457    6.95%
   3957   734      335.8820   115      356.2273      331.4665   595970    6.95%
   4032   791      343.8063    95      356.2273      331.4665   606455    6.95%
   4109   861      331.2202   109      356.2273      331.4665   612312    6.95%
   4184   918      337.0074    88      356.2273      331.4665   623575    6.95%
   4246   962      331.5988    76      356.2273      331.4665   633973    6.95%
   4310  1003      331.7565    77      356.2273      331.4665   643523    6.95%
   4379  1048      344.3317    86      356.2273      331.4665   657017    6.95%
   4430  1084      347.0209    99      356.2273      331.4854   668128    6.95%
   4505  1141      347.8303    81      356.2273      331.5596   685536    6.92%
Elapsed time = 456.21 sec. (455695.99 ticks, tree = 3.20 MB, solutions = 2)
   4569  1186      331.5968    82      356.2273      331.6012   690146    6.91%
   4656  1243    infeasible            356.2273      331.6648   695637    6.90%
   4701  1276        cutoff            356.2273      331.6959   702415    6.89%
   4807  1360      333.1089    83      356.2273      331.7066   708102    6.88%
   4909  1453      344.7979    93      356.2273      331.7092   714729    6.88%
   4988  1512      336.1816    59      356.2273      331.7278   720179    6.88%
   5036  1552      347.4618    66      356.2273      331.7291   723531    6.88%
   5105  1605      353.2796    79      356.2273      331.7579   729624    6.87%
   5154  1633      333.0173    77      356.2273      331.7907   735564    6.86%
   5225  1680    infeasible            356.2273      331.8572   741962    6.84%
Elapsed time = 504.36 sec. (494594.28 ticks, tree = 75.82 MB, solutions = 2)
   5300  1721      334.4700    79      356.2273      331.8894   748081    6.83%
   5386  1781    infeasible            356.2273      331.9004   754130    6.83%
   5488  1853      337.7987    63      356.2273      331.9140   759511    6.83%
   5535  1878      354.3289    91      356.2273      331.9399   768656    6.82%
   5598  1923      341.6791    75      356.2273      331.9469   773600    6.82%
   5687  1970        cutoff            356.2273      331.9650   779717    6.81%
   5775  2024      332.8190    65      356.2273      331.9863   785591    6.80%
   5849  2064      332.2232    96      356.2273      332.0216   791703    6.80%
   5920  2103      332.6614    74      356.2273      332.0641   798660    6.78%
   6002  2159      335.9190    66      356.2273      332.0819   806288    6.78%
Elapsed time = 548.97 sec. (534481.66 ticks, tree = 136.02 MB, solutions = 2)
   6082  2205      332.3825    88      356.2273      332.1048   812520    6.77%
   6137  2230      339.0172    96      356.2273      332.1208   819350    6.77%
   6227  2306      336.1332    81      356.2273      332.1326   825515    6.76%
   6300  2339      336.0344    78      356.2273      332.1784   832208    6.75%
   6388  2383      337.2683    72      356.2273      332.2020   838294    6.74%
   6487  2436      332.4194    78      356.2273      332.2261   844951    6.74%
   6568  2474        cutoff            356.2273      332.2507   851686    6.73%
   6640  2506      337.4104    70      356.2273      332.2870   857636    6.72%
   6708  2536      334.0360    87      356.2273      332.3094   864763    6.71%
   6793  2577      337.1684    75      356.2273      332.3368   871260    6.71%
Elapsed time = 589.98 sec. (572955.90 ticks, tree = 194.08 MB, solutions = 2)
   6885  2613      332.3882    94      356.2273      332.3719   877730    6.70%
   6981  2673      334.8784    78      356.2273      332.4082   884082    6.69%
   7034  2709      334.6576    78      356.2273      332.4133   887369    6.69%
   7098  2731      334.2294    73      356.2273      332.4295   894297    6.68%
   7168  2759      332.5280   122      356.2273      332.4660   901334    6.67%
   7237  2782      336.8210    64      356.2273      332.4867   908120    6.66%
   7345  2859      336.6635    65      356.2273      332.5151   914565    6.66%
   7439  2901      333.1348    70      356.2273      332.5424   921461    6.65%
   7521  2949      338.4445    72      356.2273      332.5608   928196    6.64%
   7593  2973      335.0388    78      356.2273      332.5672   935013    6.64%
Elapsed time = 641.60 sec. (613538.16 ticks, tree = 232.91 MB, solutions = 2)
   7714  3065      333.9621    87      356.2273      332.5736   941269    6.64%
   7806  3137      333.9385    90      356.2273      332.5880   948533    6.64%
   7911  3190      336.0118    66      356.2273      332.5977   954695    6.63%
   8000  3235        cutoff            356.2273      332.6170   961544    6.63%
   8034  3257      341.9508    65      356.2273      332.6241   964320    6.63%
   8131  3308      337.5544    74      356.2273      332.6382   970992    6.62%
   8213  3344      335.8899    69      356.2273      332.6622   977323    6.62%
   8293  3386      335.8911    78      356.2273      332.6940   984168    6.61%
   8396  3446      336.0923    76      356.2273      332.7192   990626    6.60%
   8500  3497      339.4579    69      356.2273      332.7272   997042    6.60%
Elapsed time = 679.67 sec. (653471.86 ticks, tree = 287.94 MB, solutions = 2)
   8605  3550        cutoff            356.2273      332.7457  1003907    6.59%
   8687  3588      335.6444    81      356.2273      332.7568  1010586    6.59%
   8747  3606      333.9115    79      356.2273      332.7753  1017411    6.58%
   8825  3652      341.1040    72      356.2273      332.7892  1023847    6.58%
   8922  3693      333.0214    75      356.2273      332.8143  1030442    6.57%
   9017  3757      332.8946    86      356.2273      332.8404  1036734    6.57%
   9034  3762      335.1707    63      356.2273      332.8541  1039243    6.56%
   9112  3804      336.0269    73      356.2273      332.8767  1046271    6.55%
   9203  3851    infeasible            356.2273      332.8947  1053367    6.55%
   9273  3890      334.0907    85      356.2273      332.8999  1059800    6.55%
Elapsed time = 721.05 sec. (692672.15 ticks, tree = 323.42 MB, solutions = 2)
   9357  3922      335.9069    78      356.2273      332.9170  1066560    6.54%
   9453  3974      335.7754    73      356.2273      332.9381  1073345    6.54%
   9531  4010        cutoff            356.2273      332.9459  1080259    6.54%
   9623  4064      334.7303    73      356.2273      332.9665  1087072    6.53%
   9717  4123      334.1912    77      356.2273      332.9710  1093626    6.53%
   9806  4168      339.3962    72      356.2273      332.9891  1100427    6.52%
   9899  4215    infeasible            356.2273      333.0037  1107402    6.52%
   9992  4268      333.8873    88      356.2273      333.0103  1113885    6.52%
  10060  4308      346.6807    72      356.2273      333.0143  1120922    6.52%
  10157  4376      339.6981    72      356.2273      333.0186  1127144    6.52%
Elapsed time = 761.61 sec. (731207.48 ticks, tree = 364.82 MB, solutions = 2)
  10234  4417      336.1270    65      356.2273      333.0261  1133726    6.51%
  10314  4451      336.2093    75      356.2273      333.0339  1140038    6.51%
  10397  4504      343.7453    65      356.2273      333.0434  1146869    6.51%
  10484  4549      336.3873    67      356.2273      333.0588  1153404    6.50%
  10546  4579      333.5031    85      356.2273      333.0674  1160265    6.50%
  10645  4628      348.5843    67      356.2273      333.0749  1167018    6.50%
  10746  4684      341.2855    69      356.2273      333.0842  1173333    6.50%
  10842  4742      338.7655    69      356.2273      333.0930  1179867    6.49%
  10920  4786        cutoff            356.2273      333.1096  1186355    6.49%
  11005  4819        cutoff            356.2273      333.1295  1192883    6.48%
Elapsed time = 802.60 sec. (769553.43 ticks, tree = 396.57 MB, solutions = 2)
  11063  4853      336.3475    97      356.2273      333.1423  1201831    6.48%
  11143  4897      333.4466    80      356.2273      333.1524  1207412    6.48%
  11247  4953      333.1692   101      356.2273      333.1692  1213877    6.47%
  11332  4998    infeasible            356.2273      333.1790  1220532    6.47%
  11420  5048      335.6810    85      356.2273      333.1863  1227228    6.47%
  11522  5108      340.4406    72      356.2273      333.1902  1232928    6.47%
  11603  5163      333.5128    84      356.2273      333.1951  1240070    6.47%
  11685  5212      334.9009    68      356.2273      333.2006  1246698    6.46%
  11784  5263      336.3462    70      356.2273      333.2028  1252950    6.46%
  11849  5294      345.6660   108      356.2273      333.2160  1261527    6.46%
Elapsed time = 846.56 sec. (810686.36 ticks, tree = 450.34 MB, solutions = 2)
  11933  5351      335.5551    68      356.2273      333.2228  1267393    6.46%
  12029  5403      349.1735    68      356.2273      333.2270  1273849    6.46%
  12094  5436      345.0563    81      356.2273      333.2368  1279948    6.45%
  12180  5486      344.9074    69      356.2273      333.2473  1286339    6.45%
  12258  5520      335.6523    62      356.2273      333.2570  1292618    6.45%
  12346  5568      333.5523    76      356.2273      333.2625  1299366    6.45%
  12430  5620    infeasible            356.2273      333.2694  1306245    6.44%
  12502  5670      337.6070    75      356.2273      333.2722  1312906    6.44%
  12608  5714      334.6870    77      356.2273      333.2798  1319891    6.44%
  12688  5750      346.8143    71      356.2273      333.2854  1326475    6.44%
Elapsed time = 887.94 sec. (849156.71 ticks, tree = 483.45 MB, solutions = 2)
  12778  5798      337.2400    80      356.2273      333.3006  1333395    6.44%
  12861  5849      339.4508    62      356.2273      333.3118  1339467    6.43%
  12916  5891      353.9581    63      356.2273      333.3118  1344201    6.43%
  12961  5924      333.9042    62      356.2273      333.3249  1349306    6.43%
  13034  5967      337.8820    61      356.2273      333.3258  1355401    6.43%
  13131  6009    infeasible            356.2273      333.3296  1361703    6.43%
  13207  6055      336.0902    76      356.2273      333.3406  1368388    6.42%
  13297  6105      339.6485    78      356.2273      333.3499  1374961    6.42%
  13384  6134      338.2047    73      356.2273      333.3591  1381481    6.42%
  13464  6176      336.1415    68      356.2273      333.3654  1388219    6.42%
Elapsed time = 930.60 sec. (888130.84 ticks, tree = 528.34 MB, solutions = 2)
  13529  6216      336.1700    90      356.2273      333.3808  1394726    6.41%
  13583  6255      349.2728    74      356.2273      333.3812  1400656    6.41%
  13665  6314      340.8684    60      356.2273      333.3914  1405999    6.41%
  13758  6375      338.6970    81      356.2273      333.3965  1412054    6.41%
  13819  6402      337.8630    71      356.2273      333.4047  1419585    6.41%
  13890  6431        cutoff            356.2273      333.4107  1426379    6.41%
  13986  6479      334.6415    71      356.2273      333.4136  1433345    6.40%
  14034  6503      336.1637    77      356.2273      333.4221  1438046    6.40%
  14134  6557      336.1843    81      356.2273      333.4309  1444969    6.40%
  14252  6638        cutoff            356.2273      333.4381  1451474    6.40%
Elapsed time = 976.44 sec. (929925.55 ticks, tree = 563.48 MB, solutions = 2)
  14357  6699      337.3753    76      356.2273      333.4449  1458206    6.40%
  14460  6760      345.2547    80      356.2273      333.4594  1464136    6.39%
  14557  6802      333.6491   105      356.2273      333.4643  1470988    6.39%
  14646  6855      336.1172    80      356.2273      333.4733  1477796    6.39%
  14749  6914      335.7228    82      356.2273      333.4797  1484740    6.39%
  14844  6961      335.9577    72      356.2273      333.4910  1491333    6.38%
  14927  7014      351.9617    54      356.2273      333.4977  1497628    6.38%
  15005  7058    infeasible            356.2273      333.5011  1503282    6.38%
  15034  7073      335.3175    78      356.2273      333.5016  1506034    6.38%
  15115  7122      339.6331    73      356.2273      333.5047  1512339    6.38%
Elapsed time = 1019.17 sec. (969810.62 ticks, tree = 615.81 MB, solutions = 2)
  15206  7172      338.1801    61      356.2273      333.5123  1519248    6.38%
  15298  7218      336.5818    77      356.2273      333.5165  1525623    6.38%
  15395  7279      336.1158    69      356.2273      333.5239  1531340    6.37%
  15504  7345      341.1545    74      356.2273      333.5307  1537274    6.37%
  15601  7398      335.7052    66      356.2273      333.5376  1543500    6.37%
  15661  7420      342.1910    97      356.2273      333.5448  1554127    6.37%
  15731  7455        cutoff            356.2273      333.5488  1560048    6.37%
  15813  7477    infeasible            356.2273      333.5570  1566926    6.36%
  15897  7513        cutoff            356.2273      333.5630  1572664    6.36%
  15988  7569        cutoff            356.2273      333.5710  1578638    6.36%
Elapsed time = 1062.77 sec. (1009318.43 ticks, tree = 670.74 MB, solutions = 2)
  16034  7595      339.5929    73      356.2273      333.5759  1581798    6.36%
  16130  7641      335.4593    90      356.2273      333.5861  1588466    6.36%
  16210  7681      333.7168    81      356.2273      333.5918  1595283    6.35%
  16271  7714        cutoff            356.2273      333.5931  1601977    6.35%
  16339  7742      336.2092    69      356.2273      333.5983  1608750    6.35%
  16419  7792      347.3527    76      356.2273      333.6033  1615180    6.35%
  16498  7835      350.0342    94      356.2273      333.6098  1624030    6.35%
  16588  7894      337.3410    69      356.2273      333.6106  1629465    6.35%
  16671  7933      337.8425    61      356.2273      333.6188  1636089    6.35%
  16751  7963    infeasible            356.2273      333.6221  1643375    6.35%
Elapsed time = 1107.14 sec. (1051255.94 ticks, tree = 703.42 MB, solutions = 2)
  16833  8015      336.0554    79      356.2273      333.6296  1650857    6.34%
  16921  8077      338.1302    82      356.2273      333.6337  1656663    6.34%
  16994  8104      334.4137    92      356.2273      333.6357  1663503    6.34%
  17034  8120      338.0560    66      356.2273      333.6435  1667403    6.34%
  17108  8160      345.4299    95      356.2273      333.6497  1674165    6.34%
  17167  8189      338.7139    98      356.2273      333.6514  1681060    6.34%
  17189  8200      338.5891    81      356.2273      333.6539  1688037    6.34%
  17281  8265      354.9795    32      356.2273      333.6551  1692748    6.34%
  17357  8294      352.9772    68      356.2273      333.6587  1700019    6.34%
  17432  8333        cutoff            356.2273      333.6632  1706548    6.33%
Elapsed time = 1150.86 sec. (1091891.29 ticks, tree = 724.77 MB, solutions = 2)
  17489  8370    infeasible            356.2273      333.6673  1712410    6.33%
  17581  8430      333.8879    80      356.2273      333.6695  1719115    6.33%
  17655  8474      352.5742   102      356.2273      333.6761  1727958    6.33%
  17726  8507      336.3120    78      356.2273      333.6787  1734502    6.33%
  17830  8578        cutoff            356.2273      333.6836  1740675    6.33%
  17895  8617      347.2460   104      356.2273      333.6939  1747881    6.33%
  18000  8689      334.0077    92      356.2273      333.6994  1753085    6.32%
  18034  8715      339.3854    64      356.2273      333.6997  1755138    6.32%
  18142  8773      340.0363    63      356.2273      333.7086  1761811    6.32%
  18241  8830      335.1121    86      356.2273      333.7120  1767660    6.32%
Elapsed time = 1195.74 sec. (1132971.80 ticks, tree = 781.48 MB, solutions = 2)
  18341  8878    infeasible            356.2273      333.7229  1774024    6.32%
  18417  8913      334.3359    75      356.2273      333.7266  1780225    6.32%
  18523  8975      335.8692    78      356.2273      333.7357  1786350    6.31%
  18620  9012      335.7953    83      356.2273      333.7378  1793212    6.31%
  18718  9060      334.5674    71      356.2273      333.7412  1799600    6.31%
  18824  9133      347.2158    38      356.2273      333.7456  1805620    6.31%
  18931  9200      342.5483    69      356.2273      333.7499  1812402    6.31%
  19025  9253      337.5332    87      356.2273      333.7536  1819102    6.31%
  19034  9254      335.3102    79      356.2273      333.7561  1821021    6.31%
  19116  9294      345.7881    83      356.2273      333.7603  1827250    6.31%
Elapsed time = 1237.18 sec. (1172410.80 ticks, tree = 816.93 MB, solutions = 2)
  19201  9329    infeasible            356.2273      333.7741  1833824    6.30%
  19295  9363        cutoff            356.2273      333.7848  1840747    6.30%
  19417  9455      334.6335    80      356.2273      333.7891  1846534    6.30%
  19519  9511      334.2554    84      356.2273      333.7936  1852869    6.30%
  19602  9558      350.1778    63      356.2273      333.7974  1859620    6.30%
  19709  9619      335.4752    99      356.2273      333.8040  1865041    6.29%
  19829  9710      347.4568    82      356.2273      333.8065  1870899    6.29%
  19906  9757        cutoff            356.2273      333.8095  1876874    6.29%
  20026  9847      349.6044    32      356.2273      333.8169  1882182    6.29%
* 20034+ 9828                          356.0122      333.8169             6.23%
  20088  9860      342.9349    66      356.0122      333.8209  1886639    6.23%
Elapsed time = 1279.00 sec. (1211146.58 ticks, tree = 870.07 MB, solutions = 3)
  20171  9904      334.8014    76      356.0122      333.8231  1892988    6.23%
  20249  9930      341.1499    63      356.0122      333.8269  1899907    6.23%
  20335  9958      334.2757    70      356.0122      333.8364  1906449    6.23%
  20428  9997      341.8342    63      356.0122      333.8424  1913554    6.23%
  20534 10072        cutoff            356.0122      333.8488  1918741    6.23%
  20620 10120      340.0720    78      356.0122      333.8552  1926292    6.22%
  20712 10163        cutoff            356.0122      333.8675  1932768    6.22%
  20792 10195      335.5941    63      356.0122      333.8761  1939658    6.22%
  20910 10275        cutoff            356.0122      333.8849  1945727    6.22%
  20964 10299        cutoff            356.0122      333.8873  1952252    6.21%
Elapsed time = 1321.38 sec. (1249723.92 ticks, tree = 906.40 MB, solutions = 3)
  21034 10347      337.0863    67      356.0122      333.8886  1958974    6.21%
  21120 10391      341.7750    77      356.0122      333.8915  1965965    6.21%
  21210 10433    infeasible            356.0122      333.8968  1972686    6.21%
  21294 10471        cutoff            356.0122      333.8997  1979817    6.21%
  21383 10515      336.5813    72      356.0122      333.9042  1986872    6.21%
  21458 10553      333.9678    69      356.0122      333.9088  1992583    6.21%
  21556 10586      334.6849   113      356.0122      333.9159  1999158    6.21%
  21634 10620      341.8560    72      356.0122      333.9199  2005607    6.21%
  21724 10669      338.6615    66      356.0122      333.9245  2012368    6.20%
  21805 10702      334.8490    66      356.0122      333.9307  2019694    6.20%
Elapsed time = 1365.88 sec. (1291606.20 ticks, tree = 958.01 MB, solutions = 3)
  21884 10743      340.5992    66      356.0122      333.9330  2025654    6.20%
  21966 10792    infeasible            356.0122      333.9366  2032024    6.20%
  22056 10844      340.3727    63      356.0122      333.9409  2038747    6.20%
  22165 10931      343.8976    74      356.0122      333.9410  2044237    6.20%
  22295 11025      339.2676    77      356.0122      333.9426  2049745    6.20%
  22379 11071      336.9899    79      356.0122      333.9456  2056277    6.20%
  22455 11101      334.8948    75      356.0122      333.9491  2063584    6.20%
  22526 11144      347.9628    66      356.0122      333.9504  2070505    6.20%
  22617 11186      334.6611    74      356.0122      333.9527  2076967    6.20%
  22722 11241      335.7183    77      356.0122      333.9542  2083544    6.20%
Elapsed time = 1402.53 sec. (1330175.51 ticks, tree = 1022.40 MB, solutions = 3)
  22809 11288      333.9975    97      356.0122      333.9579  2090313    6.19%
  22894 11343      345.3331    61      356.0122      333.9599  2096285    6.19%
  22971 11378        cutoff            356.0122      333.9635  2103176    6.19%
  23034 11421      335.8738    68      356.0122      333.9662  2105441    6.19%
  23109 11470      335.6837    68      356.0122      333.9686  2111369    6.19%
  23217 11550        cutoff            356.0122      333.9720  2117385    6.19%
  23302 11608      338.3951    76      356.0122      333.9766  2123321    6.19%
  23387 11649    infeasible            356.0122      333.9831  2130200    6.19%
  23458 11692      349.9080    73      356.0122      333.9846  2135969    6.19%
  23559 11756        cutoff            356.0122      333.9896  2141654    6.19%
Elapsed time = 1438.65 sec. (1371073.37 ticks, tree = 1080.43 MB, solutions = 3)
  23640 11795        cutoff            356.0122      333.9994  2148896    6.18%
  23738 11856      335.3690    64      356.0122      334.0050  2155011    6.18%
  23808 11892      348.5112    67      356.0122      334.0092  2162106    6.18%
  23883 11914      334.1012    97      356.0122      334.0137  2168168    6.18%
  23971 11968      341.1067    75      356.0122      334.0147  2175272    6.18%
  24034 12009      338.9591    69      356.0122      334.0177  2181082    6.18%
  24127 12071      334.9454    80      356.0122      334.0216  2187260    6.18%
  24247 12166      341.6788    80      356.0122      334.0219  2193421    6.18%
  24327 12208      341.9693    75      356.0122      334.0260  2199617    6.18%
  24397 12248      343.9456    76      356.0122      334.0289  2206271    6.17%
Elapsed time = 1474.31 sec. (1410276.20 ticks, tree = 1129.23 MB, solutions = 3)
  24484 12299      340.0420    67      356.0122      334.0321  2212557    6.17%
  24574 12333      334.2272    91      356.0122      334.0379  2219107    6.17%
  24673 12386      340.8200    66      356.0122      334.0468  2225797    6.17%
  24763 12426      339.7954    77      356.0122      334.0503  2232388    6.17%
  24848 12471        cutoff            356.0122      334.0522  2239055    6.17%
  24932 12517      346.6118    67      356.0122      334.0543  2245705    6.17%
* 25034+12590                          356.0046      334.0597             6.16%
  25048 12595      338.3320    75      356.0046      334.0601  2250572    6.16%
  25128 12623      338.8006    70      356.0046      334.0629  2258153    6.16%
  25213 12676        cutoff            356.0046      334.0667  2264912    6.16%
  25296 12726      336.6923    69      356.0046      334.0686  2271351    6.16%
Elapsed time = 1508.69 sec. (1448741.83 ticks, tree = 1196.78 MB, solutions = 4)
  25391 12781      336.4950    82      356.0046      334.0719  2277778    6.16%
  25482 12823      337.0124    81      356.0046      334.0749  2283218    6.16%
  25583 12864      334.9445    71      356.0046      334.0800  2290548    6.16%
  25650 12897        cutoff            356.0046      334.0818  2297446    6.16%
  25716 12931      344.5709    94      356.0046      334.0869  2303582    6.16%
  25768 12955      335.2165    90      356.0046      334.0876  2310792    6.16%
  25841 12998      335.0124    81      356.0046      334.0913  2317050    6.16%
  25935 13059      354.8712    43      356.0046      334.0934  2323080    6.15%
  26039 13106        cutoff            356.0046      334.0974  2329247    6.15%
  26130 13153      337.7429    66      356.0046      334.1019  2335969    6.15%
Elapsed time = 1544.44 sec. (1487169.87 ticks, tree = 1251.48 MB, solutions = 4)
  26220 13197    infeasible            356.0046      334.1055  2342823    6.15%
  26324 13277        cutoff            356.0046      334.1067  2347522    6.15%
  26403 13312      334.9055    75      356.0046      334.1095  2354753    6.15%
  26471 13336        cutoff            356.0046      334.1150  2362485    6.15%
  26571 13376      338.9028    66      356.0046      334.1190  2369185    6.15%
  26652 13413      340.5446    60      356.0046      334.1213  2376281    6.15%
  26716 13442      336.1687    76      356.0046      334.1243  2383392    6.15%
  26839 13541        cutoff            356.0046      334.1260  2388791    6.15%
  26923 13585      342.4311    85      356.0046      334.1283  2395192    6.14%
  27030 13671      342.6518    82      356.0046      334.1293  2400614    6.14%
Elapsed time = 1581.63 sec. (1525918.46 ticks, tree = 1276.58 MB, solutions = 4)
  27086 13703      355.1839    59      356.0046      334.1317  2404747    6.14%
  27170 13770      343.9748    86      356.0046      334.1319  2410164    6.14%
  27288 13860        cutoff            356.0046      334.1333  2416029    6.14%
  27305 13858        cutoff            356.0046      334.1357  2423306    6.14%
  27354 13877      336.6562    69      356.0046      334.1366  2430730    6.14%
  27417 13908      337.8521    62      356.0046      334.1376  2438295    6.14%
  27480 13947      334.8892    63      356.0046      334.1386  2443727    6.14%
  27562 13982      334.7164    83      356.0046      334.1421  2451107    6.14%
  27636 14024        cutoff            356.0046      334.1433  2457843    6.14%
  27717 14052      346.3849    73      356.0046      334.1459  2465231    6.14%
Elapsed time = 1615.84 sec. (1564413.70 ticks, tree = 1288.32 MB, solutions = 4)
  27809 14099    infeasible            356.0046      334.1497  2471443    6.14%
  27898 14142      347.8395    85      356.0046      334.1530  2478513    6.14%
  28000 14206    infeasible            356.0046      334.1563  2484384    6.14%
  28034 14216      334.5466    72      356.0046      334.1601  2486397    6.14%
  28124 14266      345.3495    62      356.0046      334.1627  2492401    6.14%
  28201 14300      337.0701    69      356.0046      334.1659  2499180    6.13%
  28295 14347      340.2213    90      356.0046      334.1715  2505344    6.13%
  28399 14409      338.9244    78      356.0046      334.1744  2512023    6.13%
  28502 14463    infeasible            356.0046      334.1768  2519140    6.13%
  28599 14518      335.4357    85      356.0046      334.1822  2525739    6.13%
Elapsed time = 1656.98 sec. (1603606.33 ticks, tree = 1342.04 MB, solutions = 4)
  28709 14592      337.1447    78      356.0046      334.1840  2531608    6.13%
  28834 14677      355.5330    36      356.0046      334.1872  2537325    6.13%
  28911 14709      339.9674    69      356.0046      334.1897  2543508    6.13%
  28984 14743      347.0318    74      356.0046      334.1924  2550656    6.13%
  29108 14813      343.1489    72      356.0046      334.1992  2556799    6.13%
  29208 14855      342.0272    75      356.0046      334.2034  2563628    6.12%
  29302 14904      340.2142    78      356.0046      334.2054  2570046    6.12%
  29416 14992      336.5938    70      356.0046      334.2063  2575532    6.12%
  29511 15052        cutoff            356.0046      334.2096  2580749    6.12%
  29583 15096      347.2705    84      356.0046      334.2120  2587447    6.12%
Elapsed time = 1696.17 sec. (1642109.05 ticks, tree = 1399.86 MB, solutions = 4)
  29669 15148      335.0715    76      356.0046      334.2150  2593523    6.12%
  29728 15177        cutoff            356.0046      334.2176  2600026    6.12%
  29826 15260      336.2029    84      356.0046      334.2187  2606185    6.12%
  29929 15309      339.2555    81      356.0046      334.2225  2612543    6.12%
  30022 15358      336.1855    72      356.0046      334.2268  2619207    6.12%
  30091 15385      354.3427    43      356.0046      334.2292  2625921    6.12%
  30168 15407    infeasible            356.0046      334.2299  2632216    6.12%
  30251 15452      336.4652    76      356.0046      334.2315  2639108    6.12%
  30349 15500        cutoff            356.0046      334.2338  2645816    6.12%
  30438 15553    infeasible            356.0046      334.2365  2652227    6.11%
Elapsed time = 1735.38 sec. (1680647.31 ticks, tree = 1439.11 MB, solutions = 4)
  30558 15636        cutoff            356.0046      334.2387  2657551    6.11%
  30632 15682      336.0014    83      356.0046      334.2396  2663914    6.11%
  30717 15727        cutoff            356.0046      334.2421  2670681    6.11%
  30797 15758      336.1087    86      356.0046      334.2434  2677495    6.11%
  30904 15820      338.5829    68      356.0046      334.2456  2683716    6.11%
  30989 15873      342.3243    63      356.0046      334.2459  2689934    6.11%
  31052 15904      338.7151    75      356.0046      334.2481  2694098    6.11%
  31134 15942      336.7114    67      356.0046      334.2507  2701010    6.11%
  31192 15968      334.9902    80      356.0046      334.2525  2708146    6.11%
  31284 16018      334.2686    81      356.0046      334.2541  2715062    6.11%
Elapsed time = 1773.68 sec. (1719180.22 ticks, tree = 1480.12 MB, solutions = 4)
  31356 16058      339.9420    53      356.0046      334.2556  2721703    6.11%
  31445 16101      342.9092    63      356.0046      334.2585  2728176    6.11%
  31526 16136      353.5427    91      356.0046      334.2603  2736594    6.11%
  31605 16174      336.2511    73      356.0046      334.2633  2742356    6.11%
  31695 16222      334.8072    75      356.0046      334.2645  2748435    6.11%
  31795 16268        cutoff            356.0046      334.2679  2755704    6.11%
  31884 16303      342.2219    67      356.0046      334.2705  2762099    6.10%
  31968 16339      339.5013    66      356.0046      334.2715  2769918    6.10%
  32054 16377      336.2158    69      356.0046      334.2752  2776713    6.10%
  32140 16405        cutoff            356.0046      334.2799  2783198    6.10%
Elapsed time = 1816.28 sec. (1758506.05 ticks, tree = 1515.39 MB, solutions = 4)
  32228 16447      344.7595    69      356.0046      334.2820  2789815    6.10%
  32319 16484      337.5803    66      356.0046      334.2868  2796640    6.10%
  32402 16511      335.5486    77      356.0046      334.2895  2803664    6.10%
  32506 16566      343.2639    77      356.0046      334.2915  2810508    6.10%
  32607 16633      337.5142    74      356.0046      334.2935  2817089    6.10%
  32682 16662        cutoff            356.0046      334.2962  2823835    6.10%
  32825 16793      349.0438    28      356.0046      334.2988  2828114    6.10%
  32932 16856      343.2235    71      356.0046      334.3011  2834785    6.10%
  33012 16890        cutoff            356.0046      334.3030  2840920    6.10%
  33034 16902      335.1361    79      356.0046      334.3040  2842222    6.10%
Elapsed time = 1854.77 sec. (1797233.46 ticks, tree = 1577.71 MB, solutions = 4)
  33106 16939      336.9933    84      356.0046      334.3077  2849257    6.09%
  33211 16978        cutoff            356.0046      334.3113  2856215    6.09%
  33299 17026      338.2018    69      356.0046      334.3151  2862669    6.09%
  33394 17077      339.5668    76      356.0046      334.3182  2869237    6.09%
  33481 17127      335.6389    67      356.0046      334.3207  2876041    6.09%
  33575 17185      344.2770    62      356.0046      334.3239  2882461    6.09%
  33696 17266      334.7317   120      356.0046      334.3268  2888428    6.09%
  33829 17355        cutoff            356.0046      334.3291  2893927    6.09%
  33917 17394      341.7562    83      356.0046      334.3313  2900107    6.09%
  34022 17451      334.7429    82      356.0046      334.3354  2906485    6.09%
Elapsed time = 1893.20 sec. (1835740.93 ticks, tree = 1646.66 MB, solutions = 4)
  34110 17479        cutoff            356.0046      334.3376  2913156    6.09%
  34176 17500      335.1196    79      356.0046      334.3387  2920661    6.09%
  34260 17536      338.7791    95      356.0046      334.3420  2927262    6.08%
  34378 17610        cutoff            356.0046      334.3463  2933074    6.08%
  34452 17642        cutoff            356.0046      334.3483  2940049    6.08%
  34544 17684      339.6258    84      356.0046      334.3515  2946105    6.08%
  34654 17736      340.0943    64      356.0046      334.3563  2951982    6.08%
  34734 17768      340.2421    79      356.0046      334.3582  2958711    6.08%
  34812 17805      349.0819    72      356.0046      334.3607  2966297    6.08%
  34886 17841    infeasible            356.0046      334.3641  2972200    6.08%
Elapsed time = 1931.47 sec. (1874244.37 ticks, tree = 1692.48 MB, solutions = 4)
  34989 17906      341.7353    80      356.0046      334.3660  2978227    6.08%
  35034 17933      338.0479    99      356.0046      334.3675  2980926    6.08%
  35160 18023      336.2532    93      356.0046      334.3694  2986791    6.08%
  35229 18052        cutoff            356.0046      334.3710  2994203    6.08%
  35304 18085        cutoff            356.0046      334.3736  3001031    6.08%
  35401 18141    infeasible            356.0046      334.3779  3007817    6.07%
  35485 18185      340.4788    82      356.0046      334.3810  3014512    6.07%
  35561 18223        cutoff            356.0046      334.3836  3020840    6.07%
  35686 18304      334.4208    86      356.0046      334.3877  3026187    6.07%
  35743 18323      337.2991    76      356.0046      334.3916  3033223    6.07%
Elapsed time = 1975.54 sec. (1915955.34 ticks, tree = 1742.86 MB, solutions = 4)
  35834 18378      345.9017    83      356.0046      334.3957  3039868    6.07%
  35910 18404      338.6126    66      356.0046      334.3980  3046746    6.07%
  35991 18435      339.2203    68      356.0046      334.4000  3053703    6.07%
  36064 18496      347.7926    24      356.0046      334.4010  3055993    6.07%
  36169 18541      335.7140    70      356.0046      334.4043  3062397    6.07%
  36255 18578      337.6861    63      356.0046      334.4083  3069081    6.07%
  36334 18615      349.2310    70      356.0046      334.4113  3076650    6.07%
  36396 18649      350.0958    67      356.0046      334.4130  3083978    6.06%
  36483 18694      336.4014    91      356.0046      334.4168  3089603    6.06%
  36585 18749      334.9089    80      356.0046      334.4182  3096245    6.06%
Elapsed time = 2020.90 sec. (1954532.18 ticks, tree = 1789.99 MB, solutions = 4)
  36658 18786      335.2100    80      356.0046      334.4197  3103366    6.06%
  36743 18826      339.8570    73      356.0046      334.4220  3109947    6.06%
  36829 18879      342.5401    60      356.0046      334.4242  3116148    6.06%
  36921 18927      336.1081    76      356.0046      334.4276  3122659    6.06%
  37009 18969      338.9085    78      356.0046      334.4302  3130064    6.06%
  37034 18979      336.3985    68      356.0046      334.4308  3132211    6.06%
  37136 19035        cutoff            356.0046      334.4354  3138401    6.06%
  37242 19087      338.2384    58      356.0046      334.4389  3144793    6.06%
  37333 19110      334.4419    78      356.0046      334.4419  3151922    6.06%
  37419 19149        cutoff            356.0046      334.4451  3158972    6.06%
Elapsed time = 2063.32 sec. (1994180.28 ticks, tree = 1836.91 MB, solutions = 4)
  37497 19185        cutoff            356.0046      334.4477  3165661    6.06%
  37577 19225        cutoff            356.0046      334.4500  3172794    6.05%
  37666 19258      336.0709    62      356.0046      334.4527  3179402    6.05%
  37760 19313        cutoff            356.0046      334.4543  3185783    6.05%
  37848 19363      355.4260    56      356.0046      334.4573  3192627    6.05%
  37911 19386      348.4139    65      356.0046      334.4593  3198765    6.05%
  38012 19464      345.1543    56      356.0046      334.4606  3204427    6.05%
  38065 19497      334.4633    87      356.0046      334.4611  3207948    6.05%
  38133 19525      337.2435    88      356.0046      334.4645  3215135    6.05%
  38222 19557      344.1467    60      356.0046      334.4675  3223196    6.05%
Elapsed time = 2111.79 sec. (2032732.30 ticks, tree = 1881.96 MB, solutions = 4)
  38296 19587      343.7788    67      356.0046      334.4707  3230245    6.05%
  38387 19640      338.7702    68      356.0046      334.4728  3236442    6.05%
  38464 19677      337.4912    68      356.0046      334.4755  3243136    6.05%
  38557 19727      340.0957    70      356.0046      334.4778  3248852    6.05%
  38657 19777      335.3207    63      356.0046      334.4793  3255248    6.05%
  38745 19821      334.5215    96      356.0046      334.4805  3262305    6.05%
  38837 19889      336.0968    90      356.0046      334.4805  3268268    6.05%
  38896 19918      335.0847    84      356.0046      334.4814  3274749    6.05%
  38983 19955        cutoff            356.0046      334.4845  3281165    6.04%
  39034 19976      339.8100    76      356.0046      334.4854  3283617    6.04%
Elapsed time = 2158.56 sec. (2071545.00 ticks, tree = 1922.45 MB, solutions = 4)
  39115 20017      335.0195    82      356.0046      334.4865  3290432    6.04%
  39204 20056      337.6763    84      356.0046      334.4901  3297271    6.04%
  39291 20107      336.3277    98      356.0046      334.4927  3303133    6.04%
  39376 20148      336.0189    67      356.0046      334.4936  3310179    6.04%
  39469 20191      334.8910    90      356.0046      334.4956  3316977    6.04%
  39554 20226      338.8663    90      356.0046      334.4988  3323716    6.04%
  39630 20260      335.6356    92      356.0046      334.4998  3330495    6.04%
  39720 20300      337.8882    93      356.0046      334.5041  3336943    6.04%
  39807 20355      340.1834    85      356.0046      334.5050  3343154    6.04%
  39898 20398      338.5752    81      356.0046      334.5094  3349889    6.04%
Elapsed time = 2200.88 sec. (2109902.89 ticks, tree = 1955.52 MB, solutions = 4)
  39984 20438        cutoff            356.0046      334.5111  3357579    6.04%
  40034 20460      338.1069    75      356.0046      334.5116  3361692    6.04%
  40120 20502      334.5357    82      356.0046      334.5117  3368322    6.04%
  40207 20537    infeasible            356.0046      334.5134  3375175    6.04%
  40300 20592      339.5630    75      356.0046      334.5151  3382184    6.04%
  40392 20638      342.6899    74      356.0046      334.5160  3389574    6.04%
  40469 20681      340.4941    76      356.0046      334.5174  3396015    6.04%
  40556 20710        cutoff            356.0046      334.5214  3402604    6.03%
  40655 20767      336.3368    78      356.0046      334.5232  3408515    6.03%
  40767 20835      348.0737    69      356.0046      334.5249  3415350    6.03%
Elapsed time = 2245.54 sec. (2149991.63 ticks, tree = 2003.25 MB, solutions = 4)
  40880 20890      342.8587    81      356.0046      334.5275  3421564    6.03%
  40993 20954      343.2897    59      356.0046      334.5304  3428149    6.03%
  41092 21009      355.5830    70      356.0046      334.5323  3434220    6.03%
  41173 21040      337.3041    68      356.0046      334.5343  3440622    6.03%
  41240 21069      335.0176    80      356.0046      334.5375  3448045    6.03%
  41306 21098        cutoff            356.0046      334.5390  3455743    6.03%
  41390 21130      339.2110    69      356.0046      334.5407  3462916    6.03%
  41502 21204        cutoff            356.0046      334.5435  3468744    6.03%
  41580 21246        cutoff            356.0046      334.5492  3475811    6.03%
  41658 21282      338.2431    76      356.0046      334.5500  3482459    6.03%
Elapsed time = 2288.44 sec. (2188496.43 ticks, tree = 2057.10 MB, solutions = 4)
Nodefile size = 9.50 MB (9.21 MB after compression)
  41746 21333      339.7738    80      356.0046      334.5518  3488763    6.03%
  41842 21387        cutoff            356.0046      334.5540  3495504    6.03%
  41943 21444      335.3254    75      356.0046      334.5560  3501771    6.02%
  42027 21485      334.9869    70      356.0046      334.5578  3508171    6.02%
  42087 21513    infeasible            356.0046      334.5593  3511996    6.02%
  42175 21559      340.4489    76      356.0046      334.5614  3518966    6.02%
* 42241 21013      integral     0      353.4754      334.5625  3522352    5.35%
  42343 21073        cutoff            353.4754      334.5635  3527040    5.35%
  42423 21117      343.1526    71      353.4754      334.5664  3533512    5.35%
  42516 21160        cutoff            353.4754      334.5689  3540410    5.35%
Elapsed time = 2332.40 sec. (2225462.72 ticks, tree = 2052.99 MB, solutions = 5)
Nodefile size = 5.82 MB (5.66 MB after compression)
  42610 21206      335.7816    74      353.4754      334.5722  3546740    5.35%
  42694 21258      335.4606    74      353.4754      334.5735  3553359    5.35%
  42771 21297      344.2274    70      353.4754      334.5745  3560595    5.35%
  42840 21318      340.9794    76      353.4754      334.5772  3566934    5.35%
  42948 21379      335.7609    71      353.4754      334.5791  3573134    5.35%
  43034 21423      335.5730    76      353.4754      334.5805  3579622    5.35%
  43126 21447        cutoff            353.4754      334.5832  3586915    5.34%
  43234 21512      341.3628    79      353.4754      334.5842  3592704    5.34%
  43315 21541      336.5443    81      353.4754      334.5855  3598852    5.34%
  43410 21583      334.5869    79      353.4754      334.5869  3605393    5.34%
Elapsed time = 2381.05 sec. (2264031.87 ticks, tree = 2085.80 MB, solutions = 5)
Nodefile size = 38.44 MB (37.53 MB after compression)
  43502 21629      338.9721    72      353.4754      334.5876  3611143    5.34%
  43586 21665      335.2205    60      353.4754      334.5898  3617906    5.34%
  43665 21688      334.5939    80      353.4754      334.5942  3624625    5.34%
  43760 21745      335.0144    67      353.4754      334.5953  3630672    5.34%
  43837 21774      336.1797    87      353.4754      334.5974  3637229    5.34%
  43927 21826      342.1545    70      353.4754      334.6001  3643602    5.34%
  44034 21902      334.7115    79      353.4754      334.6021  3647936    5.34%
  44110 21930      336.1090    73      353.4754      334.6063  3654339    5.34%
  44204 21970        cutoff            353.4754      334.6086  3661120    5.34%
  44283 22005        cutoff            353.4754      334.6099  3667902    5.34%
Elapsed time = 2430.19 sec. (2302503.46 ticks, tree = 2119.98 MB, solutions = 5)
Nodefile size = 72.63 MB (70.97 MB after compression)
  44370 22044    infeasible            353.4754      334.6133  3674560    5.34%
  44464 22082        cutoff            353.4754      334.6158  3680451    5.34%
  44568 22151      341.1282    88      353.4754      334.6168  3685940    5.34%
  44680 22226      349.8042    82      353.4754      334.6180  3691608    5.33%
  44770 22280      347.8265    83      353.4754      334.6202  3697601    5.33%
  44882 22345        cutoff            353.4754      334.6217  3704097    5.33%
  44965 22395        cutoff            353.4754      334.6232  3711386    5.33%
  45034 22428      337.7254    80      353.4754      334.6250  3716481    5.33%
  45136 22470        cutoff            353.4754      334.6283  3723067    5.33%
  45216 22498    infeasible            353.4754      334.6304  3730297    5.33%
Elapsed time = 2480.20 sec. (2342770.50 ticks, tree = 2163.14 MB, solutions = 5)
Nodefile size = 115.82 MB (113.43 MB after compression)
  45300 22536      339.4986    61      353.4754      334.6335  3736749    5.33%
  45351 22545      342.2530    57      353.4754      334.6354  3743845    5.33%
  45438 22588      337.2669    70      353.4754      334.6382  3749673    5.33%
  45524 22634      336.5464    75      353.4754      334.6414  3756045    5.33%
  45675 22753      336.6425    70      353.4754      334.6430  3760870    5.33%
  45798 22842      347.7883    28      353.4754      334.6438  3767017    5.33%
  45901 22885    infeasible            353.4754      334.6472  3773076    5.33%
  45985 22917      339.2688    75      353.4754      334.6498  3779773    5.33%
  46034 22934      343.8166    82      353.4754      334.6520  3783380    5.33%
  46130 22982        cutoff            353.4754      334.6550  3789824    5.32%
Elapsed time = 2533.71 sec. (2385482.36 ticks, tree = 2221.41 MB, solutions = 5)
Nodefile size = 174.27 MB (170.76 MB after compression)
  46224 23028      348.7058    71      353.4754      334.6576  3795958    5.32%
  46311 23051      335.1762    92      353.4754      334.6604  3802398    5.32%
  46392 23070      334.9919    82      353.4754      334.6628  3809160    5.32%
  46478 23111        cutoff            353.4754      334.6644  3815987    5.32%
  46550 23139      334.7261   111      353.4754      334.6653  3822299    5.32%
  46642 23187      338.1587    76      353.4754      334.6664  3829083    5.32%
  46725 23232      337.7405    80      353.4754      334.6669  3835882    5.32%
  46824 23298      339.2520    64      353.4754      334.6674  3842156    5.32%
  46920 23368      335.1451    82      353.4754      334.6684  3847702    5.32%
  47003 23425      341.8025    62      353.4754      334.6701  3852810    5.32%
Elapsed time = 2587.99 sec. (2423877.21 ticks, tree = 2270.10 MB, solutions = 5)
Nodefile size = 222.35 MB (217.43 MB after compression)
  47089 23454      335.6850    82      353.4754      334.6720  3859074    5.32%
  47182 23497      343.5065   102      353.4754      334.6733  3865389    5.32%
  47288 23565      342.2598    60      353.4754      334.6745  3871024    5.32%
  47365 23615    infeasible            353.4754      334.6769  3877747    5.32%
  47442 23649      342.8428    63      353.4754      334.6794  3884299    5.32%
  47532 23684      341.3095    70      353.4754      334.6818  3890402    5.32%
  47603 23717      336.2214    79      353.4754      334.6845  3897171    5.32%
  47713 23791      334.7453   102      353.4754      334.6850  3903317    5.32%
  47824 23869      336.3888    75      353.4754      334.6865  3908600    5.32%
  47907 23900      347.0050    65      353.4754      334.6900  3915553    5.31%
Elapsed time = 2637.15 sec. (2462365.25 ticks, tree = 2318.89 MB, solutions = 5)
Nodefile size = 271.86 MB (265.98 MB after compression)
  48008 23954      339.1504    62      353.4754      334.6920  3921650    5.31%
  48035 23965      336.7263    66      353.4754      334.6923  3923308    5.31%
  48145 24033      341.9932    64      353.4754      334.6943  3928947    5.31%
  48273 24125      335.3812    87      353.4754      334.6961  3933856    5.31%
  48370 24174    infeasible            353.4754      334.6982  3940355    5.31%
  48492 24256      335.1632    85      353.4754      334.7014  3945566    5.31%
  48591 24301      341.4218    74      353.4754      334.7042  3952012    5.31%
  48676 24338    infeasible            353.4754      334.7070  3958173    5.31%
  48764 24380    infeasible            353.4754      334.7091  3965117    5.31%
  48880 24460      337.4491    75      353.4754      334.7112  3970710    5.31%
Elapsed time = 2682.30 sec. (2500887.01 ticks, tree = 2382.11 MB, solutions = 5)
Nodefile size = 334.91 MB (327.94 MB after compression)
  48974 24498        cutoff            353.4754      334.7125  3976934    5.31%
  49034 24522      339.3194    80      353.4754      334.7148  3980084    5.31%
  49111 24577      340.9865    78      353.4754      334.7148  3986910    5.31%
  49179 24606      334.7497    81      353.4754      334.7164  3994063    5.31%
  49264 24647      337.4013    75      353.4754      334.7175  4000809    5.31%
  49390 24730        cutoff            353.4754      334.7187  4006271    5.31%
  49465 24773        cutoff            353.4754      334.7202  4013122    5.31%
  49545 24825      350.8930    73      353.4754      334.7210  4019237    5.31%
  49622 24860      336.1724    66      353.4754      334.7227  4026176    5.31%
  49717 24895      342.3935    73      353.4754      334.7261  4033023    5.30%
Elapsed time = 2726.15 sec. (2539271.11 ticks, tree = 2422.79 MB, solutions = 5)
Nodefile size = 375.67 MB (367.77 MB after compression)
  49812 24951      338.1450    76      353.4754      334.7280  4038956    5.30%
  49894 24985      340.7489    78      353.4754      334.7309  4045582    5.30%
  49994 25043      343.3083    70      353.4754      334.7329  4051398    5.30%
  50076 25083      337.7522    96      353.4754      334.7342  4057666    5.30%
  50194 25147      343.9975    63      353.4754      334.7376  4063297    5.30%
  50276 25183      341.9529    80      353.4754      334.7397  4069880    5.30%
  50373 25224        cutoff            353.4754      334.7434  4075859    5.30%
  50482 25285        cutoff            353.4754      334.7465  4083381    5.30%
  50578 25341      345.5622    60      353.4754      334.7477  4089836    5.30%
  50663 25368      336.3519    75      353.4754      334.7494  4096515    5.30%
Elapsed time = 2766.70 sec. (2577977.23 ticks, tree = 2477.80 MB, solutions = 5)
Nodefile size = 429.83 MB (420.92 MB after compression)
  50763 25413      342.5908    65      353.4754      334.7526  4103382    5.30%
  50816 25436      345.3865    60      353.4754      334.7540  4109466    5.30%
  50894 25470      336.9218    70      353.4754      334.7546  4116214    5.30%
  50967 25489        cutoff            353.4754      334.7565  4124170    5.30%
  51044 25541      351.9988    37      353.4754      334.7569  4130302    5.30%
  51117 25574      338.3240    68      353.4754      334.7578  4136637    5.30%
  51213 25619    infeasible            353.4754      334.7604  4143456    5.29%
  51307 25662      342.5447    58      353.4754      334.7647  4149842    5.29%
  51436 25751      335.1257    76      353.4754      334.7653  4154651    5.29%
  51530 25781      337.7929    67      353.4754      334.7677  4161266    5.29%
Elapsed time = 2805.51 sec. (2616331.86 ticks, tree = 2516.00 MB, solutions = 5)
Nodefile size = 469.08 MB (459.37 MB after compression)
  51617 25810      336.4049    66      353.4754      334.7693  4167874    5.29%
  51713 25853      339.2721    70      353.4754      334.7722  4174681    5.29%
  51791 25881    infeasible            353.4754      334.7749  4181679    5.29%
  51885 25928        cutoff            353.4754      334.7777  4188147    5.29%
  52001 25996      335.7222    79      353.4754      334.7789  4193853    5.29%
  52062 26019      335.1919    80      353.4754      334.7805  4197562    5.29%
  52161 26054      337.3993    78      353.4754      334.7843  4203902    5.29%
  52255 26084    infeasible            353.4754      334.7871  4211200    5.29%
  52343 26128      335.2263    79      353.4754      334.7878  4217632    5.29%
  52428 26161        cutoff            353.4754      334.7892  4224609    5.29%
Elapsed time = 2845.42 sec. (2654955.78 ticks, tree = 2554.52 MB, solutions = 5)
Nodefile size = 507.37 MB (496.86 MB after compression)
  52515 26196      341.0361    71      353.4754      334.7918  4230872    5.29%
  52582 26220      338.0062    68      353.4754      334.7933  4238105    5.29%
  52664 26256        cutoff            353.4754      334.7947  4243900    5.28%
  52750 26296      345.2242    73      353.4754      334.7964  4250069    5.28%
  52839 26331      337.5533    72      353.4754      334.7973  4256453    5.28%
  52927 26361      340.8506    59      353.4754      334.7996  4262878    5.28%
  53032 26418        cutoff            353.4754      334.8005  4268872    5.28%
  53124 26466        cutoff            353.4754      334.8020  4275081    5.28%
  53201 26487      335.8723    68      353.4754      334.8036  4282034    5.28%
  53273 26511        cutoff            353.4754      334.8071  4288782    5.28%
Elapsed time = 2885.66 sec. (2693331.93 ticks, tree = 2587.95 MB, solutions = 5)
Nodefile size = 541.15 MB (530.03 MB after compression)
  53348 26566      340.4775    74      353.4754      334.8090  4294172    5.28%
  53409 26596      338.1817    77      353.4754      334.8095  4300741    5.28%
  53497 26633      339.3440    81      353.4754      334.8109  4306703    5.28%
  53593 26667      336.1358    64      353.4754      334.8134  4313488    5.28%
  53684 26716      339.7261    69      353.4754      334.8146  4319932    5.28%
  53773 26747        cutoff            353.4754      334.8193  4326208    5.28%
  53848 26773      337.1120    73      353.4754      334.8229  4332458    5.28%
  53930 26809      335.3757    73      353.4754      334.8250  4338971    5.28%
  54021 26854      342.9622    71      353.4754      334.8271  4345354    5.28%
  54109 26888      337.0565    80      353.4754      334.8294  4352280    5.28%
Elapsed time = 2924.84 sec. (2731848.61 ticks, tree = 2624.71 MB, solutions = 5)
Nodefile size = 576.72 MB (564.78 MB after compression)
  54205 26920        cutoff            353.4754      334.8318  4358917    5.27%
  54281 26950        cutoff            353.4754      334.8347  4364694    5.27%
  54374 26991        cutoff            353.4754      334.8375  4370765    5.27%
  54457 27028      342.9119    64      353.4754      334.8394  4377074    5.27%
  54558 27063      335.2220    68      353.4754      334.8417  4383795    5.27%
  54632 27091      351.7677    59      353.4754      334.8426  4390486    5.27%
  54700 27129      349.3255    76      353.4754      334.8439  4396033    5.27%
  54788 27154      338.6434    66      353.4754      334.8465  4402383    5.27%
  54876 27195      338.1123    96      353.4754      334.8481  4409144    5.27%
  54961 27230        cutoff            353.4754      334.8492  4415890    5.27%
Elapsed time = 2965.72 sec. (2770302.65 ticks, tree = 2654.90 MB, solutions = 5)
Nodefile size = 607.23 MB (594.71 MB after compression)
  55043 27259      335.9474    70      353.4754      334.8521  4422980    5.27%
  55114 27286        cutoff            353.4754      334.8537  4429914    5.27%
  55209 27329      343.3173    71      353.4754      334.8558  4435869    5.27%
  55329 27404      335.2767   108      353.4754      334.8580  4441504    5.27%
  55470 27523      348.2842    94      353.4754      334.8593  4446694    5.27%
  55562 27567      339.5989    63      353.4754      334.8628  4453347    5.27%
  55670 27602      339.4371    73      353.4754      334.8656  4459462    5.26%
  55805 27675      344.0743    70      353.4754      334.8674  4464888    5.26%
  55916 27726        cutoff            353.4754      334.8689  4471113    5.26%
  56003 27768      344.1867    62      353.4754      334.8710  4477371    5.26%
Elapsed time = 3004.63 sec. (2808827.79 ticks, tree = 2706.32 MB, solutions = 5)
Nodefile size = 658.65 MB (645.04 MB after compression)
  56089 27794      338.7651    72      353.4754      334.8720  4483711    5.26%
  56176 27829      338.9281    66      353.4754      334.8746  4489926    5.26%
  56259 27867      335.3832    71      353.4754      334.8762  4495720    5.26%
  56354 27915      336.6759    69      353.4754      334.8771  4501581    5.26%
  56438 27947      335.2091    79      353.4754      334.8779  4508260    5.26%
  56524 27985      338.4352    75      353.4754      334.8807  4514745    5.26%
  56604 28013    infeasible            353.4754      334.8824  4521489    5.26%
  56676 28035      334.9305    84      353.4754      334.8841  4527453    5.26%
  56755 28062      343.3429    63      353.4754      334.8860  4534206    5.26%
  56852 28106      341.7937    73      353.4754      334.8872  4540475    5.26%
Elapsed time = 3043.59 sec. (2847313.30 ticks, tree = 2741.50 MB, solutions = 5)
Nodefile size = 693.84 MB (679.57 MB after compression)
  56928 28146        cutoff            353.4754      334.8874  4547635    5.26%
* 57034+28195                          353.4177      334.8892             5.24%
  57034 28197      337.2593    68      353.4177      334.8892  4553630    5.24%
  57114 28234      347.1608    64      353.4177      334.8916  4560911    5.24%
  57195 28278      345.2069    71      353.4177      334.8926  4567030    5.24%
  57267 28290      335.5252    77      353.4177      334.8955  4574412    5.24%
  57344 28313      338.0645    64      353.4177      334.8979  4581287    5.24%
  57451 28360        cutoff            353.4177      334.9003  4586931    5.24%
  57526 28386      337.7783    65      353.4177      334.9021  4593570    5.24%
  57607 28401    infeasible            353.4177      334.9042  4600589    5.24%
  57700 28444      335.8090    85      353.4177      334.9070  4606714    5.24%
Elapsed time = 3085.53 sec. (2887738.50 ticks, tree = 2770.19 MB, solutions = 6)
Nodefile size = 723.03 MB (708.17 MB after compression)
  57784 28478      339.5475    68      353.4177      334.9087  4613347    5.24%
  57864 28514    infeasible            353.4177      334.9108  4619945    5.24%
  57953 28557      335.2638    83      353.4177      334.9122  4625854    5.24%
  58021 28579      342.2133    75      353.4177      334.9144  4632168    5.24%
  58116 28630      340.8811    64      353.4177      334.9164  4637384    5.23%
  58192 28671      349.9546    53      353.4177      334.9174  4644097    5.23%
  58272 28697        cutoff            353.4177      334.9207  4649266    5.23%
  58384 28773        cutoff            353.4177      334.9219  4655378    5.23%
  58457 28804    infeasible            353.4177      334.9236  4661355    5.23%
  58519 28812      335.1110    90      353.4177      334.9245  4668603    5.23%
Elapsed time = 3126.14 sec. (2926119.82 ticks, tree = 2810.47 MB, solutions = 6)
Nodefile size = 763.84 MB (748.20 MB after compression)
  58620 28853        cutoff            353.4177      334.9254  4675798    5.23%
  58690 28887      344.7463    88      353.4177      334.9275  4682215    5.23%
  58774 28923      340.7108    68      353.4177      334.9289  4688262    5.23%
  58871 28955        cutoff            353.4177      334.9309  4694942    5.23%
  58961 28981        cutoff            353.4177      334.9338  4701747    5.23%
  59048 29010      344.2086    71      353.4177      334.9365  4708257    5.23%
  59151 29063      335.6898    92      353.4177      334.9372  4714648    5.23%
  59236 29096      341.0012    80      353.4177      334.9383  4721765    5.23%
  59333 29139        cutoff            353.4177      334.9397  4727931    5.23%
  59423 29187      340.6162    82      353.4177      334.9409  4734411    5.23%
Elapsed time = 3165.55 sec. (2964514.43 ticks, tree = 2841.16 MB, solutions = 6)
Nodefile size = 793.72 MB (777.42 MB after compression)
  59514 29214      335.0474    65      353.4177      334.9435  4740445    5.23%
  59614 29238        cutoff            353.4177      334.9456  4747108    5.23%
  59740 29313        cutoff            353.4177      334.9471  4752919    5.23%
  59809 29339      339.6560    65      353.4177      334.9491  4760109    5.23%
  59881 29363      350.8590    49      353.4177      334.9498  4767089    5.23%
  59945 29401      348.8032    80      353.4177      334.9506  4773464    5.23%
  60028 29430      338.0229    79      353.4177      334.9519  4779958    5.22%
  60095 29457      339.4922    82      353.4177      334.9538  4784556    5.22%
  60169 29467      349.2367    85      353.4177      334.9557  4791899    5.22%
  60248 29496      335.5301    69      353.4177      334.9589  4797368    5.22%
Elapsed time = 3206.18 sec. (3002949.18 ticks, tree = 2864.09 MB, solutions = 6)
Nodefile size = 816.92 MB (800.03 MB after compression)
  60337 29550      337.0054    72      353.4177      334.9597  4803810    5.22%
  60422 29589        cutoff            353.4177      334.9607  4810325    5.22%
  60512 29623      336.9105    60      353.4177      334.9629  4816314    5.22%
  60601 29657        cutoff            353.4177      334.9643  4822687    5.22%
  60732 29752      335.1149    70      353.4177      334.9664  4827916    5.22%
  60812 29780      337.0678    66      353.4177      334.9686  4834467    5.22%
  60908 29835      339.8177    74      353.4177      334.9700  4840498    5.22%
  60968 29851      335.6899    80      353.4177      334.9706  4847958    5.22%
  61034 29883      339.8423    71      353.4177      334.9714  4851991    5.22%
  61102 29907      343.1566    53      353.4177      334.9732  4859086    5.22%
Elapsed time = 3251.17 sec. (3044129.39 ticks, tree = 2903.27 MB, solutions = 6)
Nodefile size = 855.67 MB (837.95 MB after compression)
  61158 29913        cutoff            353.4177      334.9748  4863777    5.22%
  61234 29941      348.4197    66      353.4177      334.9764  4869512    5.22%
  61334 30013      343.3841    66      353.4177      334.9782  4875202    5.22%
  61426 30049        cutoff            353.4177      334.9795  4881900    5.22%
  61456 30073      338.8048    69      353.4177      334.9795  4884027    5.22%
  61534 30123      342.8554    62      353.4177      334.9814  4889776    5.22%
  61621 30151      334.9834    83      353.4177      334.9831  4896693    5.22%
  61717 30208      342.5542    70      353.4177      334.9842  4902687    5.22%
  61793 30222        cutoff            353.4177      334.9855  4909316    5.22%
* 61834+30048                          352.5960      334.9868             4.99%
  61834 30050      344.4935    66      352.5960      334.9868  4911568    4.99%
Elapsed time = 3310.35 sec. (3091626.07 ticks, tree = 2929.44 MB, solutions = 7)
Nodefile size = 881.79 MB (863.69 MB after compression)
  61906 30068      336.5530    72      352.5960      334.9892  4917844    4.99%
* 61934+30061                          352.5383      334.9895             4.98%
  61934 30063      338.8005    72      352.5383      334.9895  4919861    4.98%
  61992 30087      340.0414    67      352.5383      334.9902  4926882    4.98%
  62034 30115      349.7301    62      352.5383      334.9904  4929373    4.98%
* 62109 29419      integral     0      350.5687      334.9904  4930870    4.44%
* 62134+29314                          350.2871      334.9904             4.37%
  62134 29316      344.3535    68      350.2871      334.9904  4932363    4.37%
  62231 29366      337.9396    73      350.2871      334.9909  4938787    4.37%
* 62234+28744                          349.1508      334.9909             4.06%
  62234 28746      337.9396    72      349.1508      334.9909  4938908    4.06%
  62334 28788      337.5721   108      349.1508      334.9945  4945559    4.05%
  62412 28829      336.7760    75      349.1508      334.9955  4952377    4.05%
  62434 28839      338.4703    64      349.1508      334.9956  4954657    4.05%
Elapsed time = 3381.94 sec. (3153935.47 ticks, tree = 2824.19 MB, solutions = 11)
Nodefile size = 777.33 MB (761.45 MB after compression)
  62526 28883      335.1186    81      349.1508      334.9985  4961239    4.05%
  62534 28891      342.4243    71      349.1508      334.9985  4961754    4.05%
  62613 28922      335.3367    72      349.1508      335.0000  4968320    4.05%
  62634 28934      335.1763    85      349.1508      335.0003  4969684    4.05%
  62712 28982      338.8750    72      349.1508      335.0004  4976915    4.05%
  62734 28992      340.7670    76      349.1508      335.0004  4979508    4.05%
  62817 29029        cutoff            349.1508      335.0021  4986046    4.05%
  62881 29043      339.2406    85      349.1508      335.0045  4993299    4.05%
  62952 29067        cutoff            349.1508      335.0066  4999929    4.05%
  63032 29106      336.7068    74      349.1508      335.0091  5006397    4.05%
Elapsed time = 3429.99 sec. (3196323.88 ticks, tree = 2851.48 MB, solutions = 11)
Nodefile size = 803.75 MB (787.37 MB after compression)
  63034 29106      336.7069    68      349.1508      335.0091  5007072    4.05%
  63065 29128      335.0098   110      349.1508      335.0091  5013613    4.05%
  63134 29161      339.1935    58      349.1508      335.0094  5018249    4.05%
  63233 29192      341.4475    75      349.1508      335.0111  5024323    4.05%
  63234 29193      343.0909    80      349.1508      335.0111  5024422    4.05%
  63324 29230      336.3811    75      349.1508      335.0128  5030203    4.05%
  63412 29267      337.6206    76      349.1508      335.0151  5036543    4.05%
  63434 29279      341.8481    71      349.1508      335.0155  5037942    4.05%
  63518 29305        cutoff            349.1508      335.0170  5044202    4.05%
  63535 29314      341.8957    72      349.1508      335.0175  5045702    4.05%
Elapsed time = 3490.17 sec. (3248690.76 ticks, tree = 2881.96 MB, solutions = 11)
Nodefile size = 834.22 MB (817.38 MB after compression)
  63624 29361      344.5547    54      349.1508      335.0184  5051761    4.05%
  63697 29384      338.3561    72      349.1508      335.0191  5057076    4.05%
  63734 29403      342.3790    58      349.1508      335.0203  5061326    4.05%
  63838 29445      340.6917    59      349.1508      335.0216  5067112    4.05%
  63927 29489      336.8448    73      349.1508      335.0239  5073290    4.05%
  63938 29496      343.2964    70      349.1508      335.0239  5073876    4.05%
  64031 29536      347.1357    58      349.1508      335.0258  5079988    4.05%
  64077 29553      337.2238    66      349.1508      335.0263  5082675    4.05%
  64151 29571      339.2297    70      349.1508      335.0279  5088624    4.04%
  64234 29604      342.3051    69      349.1508      335.0288  5093908    4.04%
Elapsed time = 3548.94 sec. (3298757.95 ticks, tree = 2919.85 MB, solutions = 11)
Nodefile size = 872.30 MB (854.82 MB after compression)
  64316 29628      336.5395    67      349.1508      335.0304  5100155    4.04%
  64334 29638      341.4661    69      349.1508      335.0305  5101498    4.04%
  64422 29673      337.0419    77      349.1508      335.0322  5107993    4.04%
  64434 29681      342.1301    71      349.1508      335.0324  5109080    4.04%
  64534 29725      338.5343    75      349.1508      335.0332  5114950    4.04%
  64638 29760      335.2465    92      349.1508      335.0349  5121161    4.04%
  64730 29796      341.1511    55      349.1508      335.0359  5127225    4.04%

GUB cover cuts applied:  76
Clique cuts applied:  46
Cover cuts applied:  27
Implied bound cuts applied:  63
Flow cuts applied:  80
Mixed integer rounding cuts applied:  420
Zero-half cuts applied:  4
Gomory fractional cuts applied:  13

Root node processing (before b&c):
  Real time             =   10.55 sec. (8534.64 ticks)
Sequential b&c:
  Real time             = 3589.45 sec. (3336069.25 ticks)
                          ------------
Total (root+branch&cut) = 3600.00 sec. (3344603.89 ticks)
