Version identifier: 22.1.0.0 | 2022-03-09 | 1a383f8ce
CPXPARAM_Read_DataCheck                          1
CPXPARAM_Threads                                 1
CPXPARAM_TimeLimit                               3600
Tried aggregator 2 times.
MIP Presolve eliminated 2126 rows and 107 columns.
MIP Presolve modified 32144 coefficients.
Aggregator did 154 substitutions.
Reduced MIP has 7481 rows, 719 columns, and 56761 nonzeros.
Reduced MIP has 524 binaries, 0 generals, 0 SOSs, and 0 indicators.
Presolve time = 0.16 sec. (102.98 ticks)
Probing time = 0.01 sec. (5.40 ticks)
Tried aggregator 1 time.
Detecting symmetries...
Reduced MIP has 7481 rows, 719 columns, and 56761 nonzeros.
Reduced MIP has 524 binaries, 0 generals, 0 SOSs, and 0 indicators.
Presolve time = 0.05 sec. (23.91 ticks)
Probing time = 0.01 sec. (5.38 ticks)
Clique table members: 414.
MIP emphasis: balance optimality and feasibility.
MIP search method: dynamic search.
Parallel mode: none, using 1 thread.
Root relaxation solution time = 0.03 sec. (32.68 ticks)

        Nodes                                         Cuts/
   Node  Left     Objective  IInf  Best Integer    Best Bound    ItCnt     Gap

      0     0      155.0099   151                    155.0099      395         
      0     0      155.0099    61                   Cuts: 575      819         
      0     0      155.0210    96                   Cuts: 528     1411         
      0     0      155.0400   123                   Cuts: 797     1926         
      0     0      155.0500    70                   Cuts: 884     2414         
      0     0      155.0745   160                   Cuts: 743     2985         
Detecting symmetries...
      0     0      155.0973   155                  Cuts: 1075     3482         
      0     0      155.0988   153                   Cuts: 890     3911         
      0     0      155.0993   114                   Cuts: 637     4147         
      0     0      155.1016   163                  Cuts: 1009     4388         
*     0+    0                          261.1524      155.1016            40.61%
Detecting symmetries...
      0     2      155.1016   115      261.1524      155.1021     4388   40.61%
Elapsed time = 4.16 sec. (3302.02 ticks, tree = 0.01 MB, solutions = 1)
      4     6      156.5751    75      261.1524      155.1078     5602   40.61%
      6     8      156.2866    68      261.1524      155.1133     6977   40.60%
     13    15      155.4080    74      261.1524      155.1657     8527   40.58%
     18    20      155.2252    85      261.1524      155.2091    10247   40.57%
     20    22      155.4979    65      261.1524      155.2091    10901   40.57%
     25    27      155.9117    42      261.1524      155.2091    12005   40.57%
     30    32      161.6556    47      261.1524      155.2091    13203   40.57%
     41    41      158.9847    35      261.1524      155.2091    14732   40.57%
     50    46      170.2363    17      261.1524      155.2091    15894   40.57%
     75    63      155.9296    62      261.1524      155.2275    22547   40.56%
Elapsed time = 7.93 sec. (6775.27 ticks, tree = 0.74 MB, solutions = 1)
     96    78    infeasible            261.1524      155.2275    26052   40.56%
    112    87      155.4237    83      261.1524      155.2275    30408   40.56%
    156   130      155.9539    58      261.1524      155.2275    34265   40.56%
    235   207      158.4207    47      261.1524      155.2275    38983   40.56%
    276   236      155.3093    54      261.1524      155.2597    44159   40.55%
    326   264      161.1683    61      261.1524      155.2597    50272   40.55%
    335   269      159.4691    66      261.1524      155.2597    54793   40.55%
    341   275      161.2971    63      261.1524      155.2597    57043   40.55%
    367   301      158.4495    63      261.1524      155.2597    61782   40.55%
    385   319      158.4806    54      261.1524      155.2597    63911   40.55%
Elapsed time = 17.37 sec. (16684.42 ticks, tree = 1.39 MB, solutions = 1)
    423   355      163.6624    24      261.1524      155.2597    68615   40.55%
    449   371    infeasible            261.1524      155.2597    73754   40.55%
    482   398    infeasible            261.1524      155.2598    79006   40.55%
    520   424      156.2511    97      261.1524      155.3093    83991   40.53%
    560   456      155.3462    44      261.1524      155.3190    88565   40.53%
    602   492      155.5182    67      261.1524      155.3458    95668   40.52%
    660   542      155.3971    54      261.1524      155.3704   101175   40.51%
    691   571      194.5782    31      261.1524      155.3704   106392   40.51%
    719   591      155.3869    42      261.1524      155.3869   111129   40.50%
    723   595      156.1661    64      261.1524      155.3869   112184   40.50%
Elapsed time = 27.03 sec. (27059.89 ticks, tree = 1.78 MB, solutions = 1)
    767   633      167.1024    50      261.1524      155.3869   118087   40.50%
    831   687      165.7421    73      261.1524      155.3869   124639   40.50%
    885   730      157.0958    57      261.1524      155.3869   130849   40.50%

Performing restart 1

Repeating presolve.
Tried aggregator 1 time.
MIP Presolve eliminated 4 rows and 2 columns.
Reduced MIP has 7477 rows, 717 columns, and 56673 nonzeros.
Reduced MIP has 522 binaries, 0 generals, 0 SOSs, and 0 indicators.
Presolve time = 0.02 sec. (19.05 ticks)
Tried aggregator 1 time.
MIP Presolve eliminated 2 rows and 1 columns.
Reduced MIP has 7475 rows, 716 columns, and 56628 nonzeros.
Reduced MIP has 521 binaries, 0 generals, 0 SOSs, and 0 indicators.
Presolve time = 0.03 sec. (24.62 ticks)
Represolve time = 0.13 sec. (86.13 ticks)
    908     0      155.1203   168      261.1524     Cuts: 774   135976   40.50%
    908     0      155.1276   137      261.1524     Cuts: 288   136328   40.50%
    908     0      155.1289   135      261.1524     Cuts: 942   136550   40.50%
    908     0      155.1313   122      261.1524     Cuts: 851   136822   40.50%
    908     0      155.1319   139      261.1524    Cuts: 1066   137155   40.50%
    908     0      155.1324   144      261.1524    Cuts: 1119   137653   40.50%
    908     2      155.1324   161      261.1524      155.3869   137653   40.50%
    909     3      155.1325   160      261.1524      155.3869   137655   40.50%
    910     4      155.1332   137      261.1524      155.3869   137979   40.50%
    912     6      169.5434    78      261.1524      155.3869   138967   40.50%
    918    12      160.6554    62      261.1524      155.3869   141268   40.50%
    927    21      166.9787    59      261.1524      155.3869   142406   40.50%
*   948+   34                          183.5064      155.3869            15.32%
    948    35      179.9389    42      183.5064      155.3869   143480   15.32%
Elapsed time = 45.25 sec. (45175.24 ticks, tree = 1.28 MB, solutions = 2)
    968    52      180.1581    28      183.5064      155.3869   145226   15.32%
    984    58      158.6807    60      183.5064      155.3869   147636   15.32%
    997    71      158.7347    61      183.5064      155.3869   149386   15.32%
   1011    85      162.9748    57      183.5064      155.3869   152323   15.32%
   1027    98      155.1332   108      183.5064      155.3869   154668   15.32%
   1071   141      160.0036    36      183.5064      155.3869   156765   15.32%
   1089   155      162.3844    55      183.5064      155.3869   159005   15.32%
   1149   212      174.8363    44      183.5064      155.3869   162861   15.32%
   1203   250      169.2312    63      183.5064      155.3869   167254   15.32%
   1226   266      158.1440    57      183.5064      155.3869   169486   15.32%
Elapsed time = 55.39 sec. (55426.74 ticks, tree = 2.83 MB, solutions = 2)
   1265   299      160.0562    42      183.5064      155.3869   172947   15.32%
   1304   330      161.2095    28      183.5064      155.3869   176865   15.32%
   1334   354        cutoff            183.5064      155.3869   181624   15.32%
   1381   379      165.1435    38      183.5064      155.3869   184986   15.32%
   1423   411      160.5218    49      183.5064      155.3869   188140   15.32%
   1468   452      172.1104    41      183.5064      155.3869   192364   15.32%
   1524   493      156.4798    46      183.5064      155.3869   197915   15.32%
   1565   528      167.8020    29      183.5064      155.3869   202578   15.32%
   1621   574      158.8197    60      183.5064      155.3869   207900   15.32%
   1658   604      155.2119    48      183.5064      155.3869   211128   15.32%
Elapsed time = 65.80 sec. (65325.99 ticks, tree = 3.28 MB, solutions = 2)
   1708   639      155.7913    45      183.5064      155.3869   215371   15.32%
   1757   678      180.6489    26      183.5064      155.3869   220032   15.32%
   1804   717      169.8599    27      183.5064      155.3869   225017   15.32%
   1856   753      156.9096    40      183.5064      155.3869   229069   15.32%
   1908   793      157.4247    48      183.5064      155.3869   233299   15.32%
   1948   823      156.9661    49      183.5064      155.3869   237336   15.32%
   2007   869      156.2139    33      183.5064      155.3869   241703   15.32%
   2045   899      155.7722    49      183.5064      155.3869   245371   15.32%
   2089   933      162.7001    39      183.5064      155.3885   249446   15.32%
   2130   959      155.6738    51      183.5064      155.4290   253047   15.30%
Elapsed time = 76.57 sec. (75027.72 ticks, tree = 3.74 MB, solutions = 2)
   2185  1000      159.6299    36      183.5064      155.4590   257353   15.28%
   2231  1032      155.6361    65      183.5064      155.4866   261830   15.27%
   2275  1066      155.9603    58      183.5064      155.5032   265999   15.26%
   2350  1121      156.9476    48      183.5064      155.5751   271253   15.22%
   2411  1166      155.7640    72      183.5064      155.6071   277119   15.20%
   2450  1199      158.1614    49      183.5064      155.6185   281048   15.20%
   2508  1236      157.6034    57      183.5064      155.6267   285642   15.19%
   2574  1283      158.8499    33      183.5064      155.6317   290466   15.19%
   2629  1316      155.8877    52      183.5064      155.6470   294495   15.18%
   2683  1356      159.4258    45      183.5064      155.6719   299149   15.17%
Elapsed time = 87.62 sec. (84989.90 ticks, tree = 4.29 MB, solutions = 2)
   2744  1407      168.8132    32      183.5064      155.6842   305638   15.16%
   2793  1438      161.1200    37      183.5064      155.7071   310464   15.15%
   2871  1486      157.2879    35      183.5064      155.7569   316667   15.12%
   2923  1526      156.3565    74      183.5064      155.7685   320479   15.12%
   2971  1565      157.2401    50      183.5064      155.7692   325134   15.12%
   3040  1618      161.3592    34      183.5064      155.7815   329320   15.11%
   3105  1657      162.1575    40      183.5064      155.7913   334642   15.10%
   3146  1680      155.9450    44      183.5064      155.7994   338245   15.10%
   3219  1739      164.9630    49      183.5064      155.8015   344132   15.10%
   3283  1785      176.4425    29      183.5064      155.8108   349606   15.09%
Elapsed time = 97.95 sec. (94681.92 ticks, tree = 4.85 MB, solutions = 2)
   3344  1826      165.4559    45      183.5064      155.8185   353909   15.09%
   3401  1865        cutoff            183.5064      155.8262   359181   15.08%
   3468  1920      162.4075    68      183.5064      155.8385   364235   15.08%
   3530  1968      163.2672    37      183.5064      155.8415   368148   15.08%
   3569  1991      162.1117    48      183.5064      155.8530   372137   15.07%
   3645  2055      167.3587    36      183.5064      155.8667   378062   15.06%
   3698  2082        cutoff            183.5064      155.8716   383689   15.06%
   3757  2123      157.5776    50      183.5064      155.8756   388200   15.06%
   3813  2159      158.7836    57      183.5064      155.8875   393043   15.05%
   4073  2349      165.9912    38      183.5064      155.9110   413639   15.04%
Elapsed time = 111.22 sec. (107230.31 ticks, tree = 5.60 MB, solutions = 2)
   4320  2534      158.7218    40      183.5064      155.9537   433548   15.01%
   4548  2698      165.8051    70      183.5064      155.9861   454088   15.00%
   4732  2845      167.1118    51      183.5064      156.0040   472107   14.99%
   4925  2989      166.5774    42      183.5064      156.0186   491187   14.98%
   5202  3176      166.9427    49      183.5064      156.0504   512404   14.96%
   5511  3414      156.2490    57      183.5064      156.0661   531917   14.95%
   5774  3620      156.5696    73      183.5064      156.0782   549704   14.95%
   6027  3809      164.0093    38      183.5064      156.0963   569071   14.94%
   6289  3987      157.1767    38      183.5064      156.1166   588529   14.93%
   6592  4204      156.6275    56      183.5064      156.1340   610442   14.92%
Elapsed time = 152.98 sec. (145579.74 ticks, tree = 8.08 MB, solutions = 2)
   6910  4456      157.0802    36      183.5064      156.1408   631000   14.91%
   7207  4668      166.3638    38      183.5064      156.1617   653579   14.90%
   7454  4841      156.2819    46      183.5064      156.1863   672942   14.89%
   7749  5033      160.6817    48      183.5064      156.2107   693867   14.87%
   7990  5212        cutoff            183.5064      156.2186   713531   14.87%
   8226  5368      157.2092    55      183.5064      156.2400   735608   14.86%
   8492  5564      156.7820    66      183.5064      156.2541   755706   14.85%
   8757  5767      160.5458    44      183.5064      156.2582   776659   14.85%
   9035  5948      160.3602    46      183.5064      156.2690   797437   14.84%
   9326  6156      157.0095    42      183.5064      156.2807   818874   14.84%
Elapsed time = 194.27 sec. (184023.75 ticks, tree = 10.60 MB, solutions = 2)
   9644  6383      157.1905    51      183.5064      156.2918   842792   14.83%
   9908  6562      165.6470    35      183.5064      156.3034   863482   14.82%
*  9988+ 6569                          182.4171      156.3054            14.31%
   9988  6569    infeasible            182.4171      156.3054   869375   14.31%
   9990  6571      156.3061    41      182.4171      156.3065   869664   14.31%
  10155  6686      160.2390    43      182.4171      156.3099   881810   14.31%
  10433  6876      159.1174    36      182.4171      156.3207   901812   14.31%
  10711  7065      170.2444    46      182.4171      156.3335   923058   14.30%
  10968  7205      157.5044    53      182.4171      156.3346   945032   14.30%
  11204  7370      157.4017    59      182.4171      156.3389   967873   14.30%
  11470  7556    infeasible            182.4171      156.3468   988747   14.29%
Elapsed time = 278.78 sec. (263344.83 ticks, tree = 12.30 MB, solutions = 3)
  11759  7759      160.7923    60      182.4171      156.3519  1009298   14.29%
  12094  8006      162.3996    38      182.4171      156.3630  1031658   14.28%
  12365  8191      163.3385    44      182.4171      156.3759  1054558   14.28%
  12665  8380      167.8769    31      182.4171      156.3884  1076246   14.27%
  12920  8557      160.4464    37      182.4171      156.3975  1096045   14.26%
  13213  8750      159.3905    46      182.4171      156.4129  1117237   14.26%
  13467  8904      157.9331    49      182.4171      156.4228  1138533   14.25%
  13727  9064      157.4817    37      182.4171      156.4280  1160172   14.25%
  13941  9198    infeasible            182.4171      156.4344  1176534   14.24%
  14252  9425      163.8767    48      182.4171      156.4431  1197725   14.24%
Elapsed time = 320.01 sec. (301620.37 ticks, tree = 15.05 MB, solutions = 3)
  14530  9624      179.9421    38      182.4171      156.4478  1219248   14.24%
  14822  9820      169.7977    39      182.4171      156.4535  1239371   14.23%
  15148 10039      160.1543    41      182.4171      156.4580  1262624   14.23%
  15408 10209      163.5142    47      182.4171      156.4651  1284229   14.23%
  15643 10389      156.6069    47      182.4171      156.4690  1306837   14.22%
  15903 10553      166.4131    41      182.4171      156.4751  1329195   14.22%
  16108 10687      159.7775    50      182.4171      156.4798  1343484   14.22%
  16383 10842      162.6398    36      182.4171      156.4872  1366237   14.21%
  16652 11015      159.4102    54      182.4171      156.4934  1387646   14.21%
  16932 11196    infeasible            182.4171      156.5011  1408896   14.21%
Elapsed time = 360.87 sec. (339906.57 ticks, tree = 17.34 MB, solutions = 3)
  17205 11376      178.5940    31      182.4171      156.5068  1431969   14.20%
  17438 11524      156.5554    55      182.4171      156.5109  1452883   14.20%
  17708 11716      156.6117    46      182.4171      156.5147  1474673   14.20%
  17957 11890      179.2621    26      182.4171      156.5193  1497344   14.20%
  18245 12088        cutoff            182.4171      156.5256  1520945   14.19%
  18485 12260      167.8507    33      182.4171      156.5307  1540149   14.19%
  18750 12428      156.6052    47      182.4171      156.5356  1562429   14.19%
  19001 12643      159.9958    47      182.4171      156.5356  1585326   14.19%
  19236 12814      162.7702    37      182.4171      156.5396  1608043   14.19%

Performing restart 2

Repeating presolve.
Tried aggregator 1 time.
MIP Presolve eliminated 20 rows and 0 columns.
MIP Presolve modified 28 coefficients.
Reduced MIP has 7455 rows, 716 columns, and 60055 nonzeros.
Reduced MIP has 521 binaries, 0 generals, 0 SOSs, and 0 indicators.
Presolve time = 0.04 sec. (34.56 ticks)
Tried aggregator 1 time.
Reduced MIP has 7455 rows, 716 columns, and 60055 nonzeros.
Reduced MIP has 521 binaries, 0 generals, 0 SOSs, and 0 indicators.
Presolve time = 0.04 sec. (26.78 ticks)
Represolve time = 0.18 sec. (116.68 ticks)
  19288     0      155.1331   136      182.4171    Cuts: 1043  1616194   14.18%
  19288     0      155.1335   155      182.4171     Cuts: 934  1616680   14.18%
  19288     0      155.1338   139      182.4171     Cuts: 268  1616888   14.18%
  19288     0      155.1339   148      182.4171    Cuts: 1244  1617186   14.18%
  19288     0      155.1339   113      182.4171     Cuts: 541  1617466   14.18%
  19288     0      155.1363   147      182.4171     Cuts: 537  1617854   14.18%
  19288     0      155.1366   157      182.4171     Cuts: 823  1618109   14.18%
  19288     0      155.1370   157      182.4171     Cuts: 804  1618384   14.18%
  19288     0      155.1370   172      182.4171     Cuts: 782  1618536   14.18%
  19288     2      155.1370   155      182.4171      156.5418  1618536   14.18%
Elapsed time = 408.13 sec. (384517.67 ticks, tree = 0.01 MB, solutions = 3)
  19295     9      158.3854    57      182.4171      156.5418  1620911   14.18%
  19308    21      160.0082    66      182.4171      156.5418  1622408   14.18%
  19352    62      170.0005    27      182.4171      156.5418  1627052   14.18%
  19380    86      156.7000    50      182.4171      156.5418  1631979   14.18%
  19467   169      161.7378    29      182.4171      156.5418  1639147   14.18%
  19561   248      159.7284    52      182.4171      156.5418  1649170   14.18%
  19655   320      157.8417    56      182.4171      156.5418  1660195   14.18%
  19792   432      166.8175    67      182.4171      156.5418  1673607   14.18%
  19909   530      157.3327    44      182.4171      156.5418  1685894   14.18%
  20113   687      155.9630    56      182.4171      156.5418  1702947   14.18%
Elapsed time = 440.15 sec. (424094.85 ticks, tree = 1.33 MB, solutions = 3)
  20303   823      155.5657    65      182.4171      156.5418  1721009   14.18%
  20435   929      158.8767    53      182.4171      156.5418  1738195   14.18%
  20600  1059      173.2233    39      182.4171      156.5418  1753999   14.18%
  20845  1241      164.2470    36      182.4171      156.5418  1773131   14.18%
  21000  1359      166.3290    56      182.4171      156.5418  1791858   14.18%
  21197  1500      156.6358    84      182.4171      156.5418  1809760   14.18%
  21392  1639      164.6471    40      182.4171      156.5418  1829258   14.18%
  21594  1785      159.7196    48      182.4171      156.5418  1849112   14.18%
  21816  1944      162.2600    48      182.4171      156.5418  1867319   14.18%
  22050  2110      161.4184    45      182.4171      156.5418  1885180   14.18%
Elapsed time = 476.17 sec. (462416.12 ticks, tree = 3.34 MB, solutions = 3)
  22250  2260      161.4773    42      182.4171      156.5418  1905344   14.18%
  22372  2360      158.2464    52      182.4171      156.5418  1921437   14.18%
  22558  2504      160.0521    54      182.4171      156.5418  1938911   14.18%
  22769  2630      157.2881   101      182.4171      156.5418  1960304   14.18%
  22987  2806      158.1982    42      182.4171      156.5418  1979133   14.18%
  23193  2960      156.2179    53      182.4171      156.5418  1998922   14.18%
  23396  3107      162.1971    51      182.4171      156.5418  2017261   14.18%
  23550  3213      165.2266    38      182.4171      156.5418  2036805   14.18%
  23768  3376        cutoff            182.4171      156.5418  2055746   14.18%
  23958  3508      160.2161    54      182.4171      156.5418  2075111   14.18%
Elapsed time = 517.29 sec. (500736.66 ticks, tree = 5.15 MB, solutions = 3)
  24153  3651      165.6795    52      182.4171      156.5418  2094918   14.18%
  24284  3742      162.6052    54      182.4171      156.5418  2107856   14.18%
  24415  3836      167.8308    43      182.4171      156.5418  2119000   14.18%
  24587  3950      158.3358    42      182.4171      156.5418  2133859   14.18%
  24699  4029      164.9520    49      182.4171      156.5418  2148515   14.18%
  24863  4151      163.6839    44      182.4171      156.5418  2165064   14.18%
  25031  4263      156.2093    66      182.4171      156.5418  2182266   14.18%
  25220  4398      157.0010    50      182.4171      156.5418  2199597   14.18%
  25410  4540      163.6907    56      182.4171      156.5418  2219434   14.18%
  25584  4660      157.0681    61      182.4171      156.5418  2236031   14.18%
Elapsed time = 559.13 sec. (539470.70 ticks, tree = 6.79 MB, solutions = 3)
  25751  4778        cutoff            182.4171      156.5418  2253003   14.18%
  25948  4909      165.4861    80      182.4171      156.5418  2270272   14.18%
  26154  5057      177.0367    44      182.4171      156.5418  2288598   14.18%
  26369  5195    infeasible            182.4171      156.5418  2308035   14.18%
  26535  5304      166.5147    45      182.4171      156.5418  2325551   14.18%
  26739  5434      182.0588    51      182.4171      156.5418  2343608   14.18%
  26901  5556      165.3312    37      182.4171      156.5418  2361363   14.18%
  27100  5700      164.2921    49      182.4171      156.5418  2380696   14.18%
  27265  5815      164.5181    50      182.4171      156.5418  2399112   14.18%
  27452  5941      170.5914    51      182.4171      156.5418  2416518   14.18%
Elapsed time = 602.41 sec. (577782.48 ticks, tree = 8.45 MB, solutions = 3)
  27644  6060      157.6083    47      182.4171      156.5418  2437858   14.18%
  27858  6191      169.9523    44      182.4171      156.5418  2455470   14.18%
  28062  6319      156.9928    49      182.4171      156.5418  2475309   14.18%
  28273  6456      157.2053    69      182.4171      156.5418  2493047   14.18%
  28464  6572      164.6346    67      182.4171      156.5418  2513752   14.18%
  28609  6663      157.5234    70      182.4171      156.5418  2531541   14.18%
  28792  6785      159.9667    65      182.4171      156.5418  2550519   14.18%
  28976  6904      164.2636    50      182.4171      156.5418  2571531   14.18%
  29207  7043        cutoff            182.4171      156.5418  2591337   14.18%
  29396  7191    infeasible            182.4171      156.5418  2610944   14.18%
Elapsed time = 647.65 sec. (616401.68 ticks, tree = 10.08 MB, solutions = 3)
  29612  7321      158.9958    74      182.4171      156.5418  2630091   14.18%
  29820  7452      159.0508    60      182.4171      156.5418  2651225   14.18%
  30048  7598      156.7094    50      182.4171      156.5418  2671045   14.18%
  30246  7713      159.3792    44      182.4171      156.5418  2693329   14.18%
  30456  7849      156.3967    51      182.4171      156.5418  2712915   14.18%
  30692  8013      156.3880    60      182.4171      156.5418  2733697   14.18%
  30889  8147      161.0787    43      182.4171      156.5418  2753764   14.18%
  31032  8253      164.8418    63      182.4171      156.5418  2769723   14.18%
  31183  8375      175.1375    30      182.4171      156.5418  2789654   14.18%
  31385  8513      161.8653    57      182.4171      156.5418  2809443   14.18%
Elapsed time = 691.34 sec. (654914.25 ticks, tree = 12.12 MB, solutions = 3)
  31574  8630      160.0191    48      182.4171      156.5418  2829707   14.18%
  31805  8773      160.9048    49      182.4171      156.5418  2847233   14.18%
  32007  8913      157.1178    64      182.4171      156.5418  2867174   14.18%
  32194  9036      158.4492    66      182.4171      156.5418  2888799   14.18%
  32398  9169      159.6191    42      182.4171      156.5418  2909259   14.18%
  32591  9290      160.8377    39      182.4171      156.5418  2926805   14.18%
  32809  9444      156.7147    32      182.4171      156.5418  2946531   14.18%
  33008  9564      162.9620    44      182.4171      156.5418  2966986   14.18%
  33214  9709      164.2051    49      182.4171      156.5418  2986949   14.18%
  33404  9836      174.4178    44      182.4171      156.5418  3008255   14.18%
Elapsed time = 736.35 sec. (693423.09 ticks, tree = 13.85 MB, solutions = 3)
  33613  9977      172.5396    37      182.4171      156.5418  3026474   14.18%
  33843 10116      157.0630    49      182.4171      156.5418  3047371   14.18%
  34060 10245      178.5387    38      182.4171      156.5418  3065693   14.18%
  34248 10379      160.3956    67      182.4171      156.5418  3085625   14.18%
  34459 10513      168.2576    55      182.4171      156.5418  3106466   14.18%
  34642 10640      157.1874    45      182.4171      156.5418  3125160   14.18%
  34828 10783      158.5835    56      182.4171      156.5418  3147552   14.18%
  34994 10898      156.9579    69      182.4171      156.5418  3164977   14.18%
  35205 11029      176.0891    31      182.4171      156.5457  3186219   14.18%
  35365 11126      158.8567    53      182.4171      156.5506  3200137   14.18%
Elapsed time = 780.34 sec. (731833.69 ticks, tree = 15.95 MB, solutions = 3)
  35583 11269      163.0637    57      182.4171      156.5602  3218810   14.17%
  35777 11404      159.3215    73      182.4171      156.5731  3238350   14.17%
  35939 11512        cutoff            182.4171      156.5769  3255052   14.17%
  36177 11667      158.3391    47      182.4171      156.5866  3276324   14.16%
  36416 11823      172.3072    50      182.4171      156.5963  3295539   14.15%
  36642 11961      159.0583    45      182.4171      156.6046  3314258   14.15%
  36881 12131      166.5427    52      182.4171      156.6104  3333526   14.15%
  37075 12263      157.8056    60      182.4171      156.6176  3354101   14.14%
  37267 12399      157.5271    68      182.4171      156.6240  3374056   14.14%
  37421 12501      157.3413    45      182.4171      156.6274  3390730   14.14%
Elapsed time = 825.33 sec. (770136.13 ticks, tree = 17.80 MB, solutions = 3)
  37623 12635      162.2764    57      182.4171      156.6327  3411432   14.13%
  37818 12765      157.3886    70      182.4171      156.6376  3431254   14.13%
  38014 12893      156.7338    71      182.4171      156.6448  3451403   14.13%
  38188 13015      158.8897    47      182.4171      156.6478  3470799   14.13%
  38382 13139      163.3893    52      182.4171      156.6559  3490813   14.12%
  38558 13238      162.9839    49      182.4171      156.6595  3509536   14.12%
  38782 13380      157.0976    72      182.4171      156.6651  3530374   14.12%
  38940 13488      162.1541    50      182.4171      156.6679  3549206   14.12%
  39142 13618      160.4176    36      182.4171      156.6750  3568961   14.11%
  39347 13750      164.0479    53      182.4171      156.6827  3589044   14.11%
Elapsed time = 869.37 sec. (808459.00 ticks, tree = 19.62 MB, solutions = 3)
  39527 13870      165.0661    46      182.4171      156.6880  3608345   14.10%
  39725 14005      157.4506    68      182.4171      156.6923  3627739   14.10%
  39944 14137      158.7381    47      182.4171      156.7013  3648905   14.10%
  40208 14322      158.3277    47      182.4171      156.7046  3668494   14.10%
  40395 14429      164.9915    52      182.4171      156.7127  3689990   14.09%
  40618 14586      157.2935    57      182.4171      156.7147  3709960   14.09%
  40837 14728      167.2368    59      182.4171      156.7231  3732137   14.09%
  41038 14871      158.0116    58      182.4171      156.7265  3750607   14.08%
  41240 15005      173.9802    41      182.4171      156.7300  3771595   14.08%
  41419 15125      156.7705    43      182.4171      156.7333  3793747   14.08%
Elapsed time = 913.70 sec. (847153.79 ticks, tree = 21.53 MB, solutions = 3)
  41623 15264      157.4204    82      182.4171      156.7395  3815561   14.08%
  41860 15422      159.6064    60      182.4171      156.7444  3836521   14.07%
  42065 15553      161.1468    54      182.4171      156.7512  3856214   14.07%
  42273 15680        cutoff            182.4171      156.7572  3877409   14.07%
  42530 15852      158.8240    63      182.4171      156.7629  3896841   14.06%
  42738 15975      161.0496    44      182.4171      156.7677  3918062   14.06%
  42923 16105      166.2612    40      182.4171      156.7724  3935906   14.06%
  43146 16248      162.0779    55      182.4171      156.7776  3956304   14.06%
  43390 16408      177.1536    32      182.4171      156.7836  3975990   14.05%
  43605 16531      165.5675    37      182.4171      156.7937  3996706   14.05%
Elapsed time = 957.74 sec. (885867.52 ticks, tree = 24.05 MB, solutions = 3)
  43788 16659      161.7478    66      182.4171      156.7943  4016271   14.05%
  43966 16781      165.2022    52      182.4171      156.7943  4038393   14.05%
  44136 16894      158.2515    54      182.4171      156.7969  4057748   14.04%
  44340 17028      157.5096    44      182.4171      156.8039  4080156   14.04%
  44544 17163      157.4453    51      182.4171      156.8070  4098615   14.04%
  44754 17299      157.9083    72      182.4171      156.8125  4119904   14.04%
  44986 17450      157.1022    64      182.4171      156.8182  4139620   14.03%
  45194 17582      158.7221    52      182.4171      156.8243  4161851   14.03%
  45404 17702      163.0333    44      182.4171      156.8312  4182744   14.03%
  45629 17852      157.6529    39      182.4171      156.8374  4204461   14.02%
Elapsed time = 1001.94 sec. (924322.68 ticks, tree = 26.14 MB, solutions = 3)
  45810 17963      157.7054    42      182.4171      156.8421  4224315   14.02%
  46000 18117      160.3014    50      182.4171      156.8456  4245140   14.02%
  46215 18250      172.1482    46      182.4171      156.8507  4263979   14.02%
  46420 18384      160.6513    35      182.4171      156.8539  4284591   14.01%
  46624 18521        cutoff            182.4171      156.8575  4305456   14.01%
  46750 18618      157.6694    60      182.4171      156.8585  4325137   14.01%
  46934 18765      157.0706    63      182.4171      156.8596  4343408   14.01%
  47115 18875      161.8864    50      182.4171      156.8644  4363005   14.01%
  47337 19004      161.0929    54      182.4171      156.8712  4384284   14.00%
  47559 19135      167.2540    40      182.4171      156.8766  4404686   14.00%
Elapsed time = 1046.07 sec. (962636.87 ticks, tree = 27.88 MB, solutions = 3)
  47741 19260      167.8252    38      182.4171      156.8798  4424428   14.00%
  47923 19366      171.2098    40      182.4171      156.8831  4445710   14.00%
  48111 19499      159.4997    71      182.4171      156.8845  4463574   14.00%
  48327 19629      163.8033    41      182.4171      156.8905  4484680   13.99%
  48564 19798      157.5432    52      182.4171      156.8922  4503146   13.99%
  48776 19930      160.6040    57      182.4171      156.8999  4523331   13.99%
  48984 20074      162.3514    51      182.4171      156.9027  4543040   13.99%
  49184 20191      156.9911    78      182.4171      156.9058  4564634   13.99%
  49376 20332      162.5137    49      182.4171      156.9084  4586249   13.98%
  49574 20465      167.6537    50      182.4171      156.9113  4607372   13.98%
Elapsed time = 1091.29 sec. (1001106.03 ticks, tree = 29.62 MB, solutions = 3)
  49784 20601      177.2539    43      182.4171      156.9138  4628051   13.98%
  50003 20732        cutoff            182.4171      156.9195  4649863   13.98%
  50222 20886      163.4421    47      182.4171      156.9226  4668745   13.98%
  50436 21024      157.9957    65      182.4171      156.9271  4688720   13.97%
  50637 21150      157.4688    58      182.4171      156.9300  4710743   13.97%
  50838 21309      159.0178    63      182.4171      156.9300  4729853   13.97%
  51036 21428      171.7825    50      182.4171      156.9331  4751182   13.97%
  51224 21561      172.1442    42      182.4171      156.9356  4770329   13.97%
  51419 21673      160.6986    46      182.4171      156.9404  4790367   13.97%
  51621 21801      158.1704    53      182.4171      156.9446  4811791   13.96%
Elapsed time = 1135.48 sec. (1039448.89 ticks, tree = 31.37 MB, solutions = 3)
  51827 21932      159.8095    72      182.4171      156.9516  4832172   13.96%
  52051 22090      171.8564    39      182.4171      156.9559  4851509   13.96%
  52298 22260      164.0113    43      182.4171      156.9583  4871374   13.96%
  52527 22397      157.4322    43      182.4171      156.9641  4892172   13.95%
  52733 22517      157.3359    61      182.4171      156.9718  4912969   13.95%
  52930 22649      157.1921    55      182.4171      156.9746  4933442   13.95%
  53158 22804      161.9824    41      182.4171      156.9785  4955590   13.95%
  53356 22939      159.9746    51      182.4171      156.9821  4975505   13.94%
  53587 23091      165.3144    52      182.4171      156.9853  4997380   13.94%
  53793 23213    infeasible            182.4171      156.9902  5018823   13.94%
Elapsed time = 1178.94 sec. (1077800.68 ticks, tree = 33.28 MB, solutions = 3)
  53986 23315    infeasible            182.4171      156.9940  5037434   13.94%
  54201 23443      160.9985    51      182.4171      156.9991  5057165   13.93%
  54377 23566      170.2444    41      182.4171      157.0021  5076855   13.93%
  54618 23722      159.2762    60      182.4171      157.0053  5096301   13.93%
  54816 23826      159.0382    53      182.4171      157.0091  5115355   13.93%
  55018 23960      168.0576    46      182.4171      157.0133  5135413   13.93%
  55247 24101      161.7786    43      182.4171      157.0148  5157036   13.93%
  55432 24228      157.8613    44      182.4171      157.0187  5177266   13.92%
  55636 24345      158.7079    38      182.4171      157.0222  5197827   13.92%
  55846 24470      158.4898    47      182.4171      157.0267  5220280   13.92%
Elapsed time = 1223.56 sec. (1116314.74 ticks, tree = 34.93 MB, solutions = 3)
  56083 24617      168.0346    56      182.4171      157.0312  5242431   13.92%
  56291 24751      173.8969    42      182.4171      157.0342  5264309   13.91%
  56486 24873        cutoff            182.4171      157.0370  5285416   13.91%
  56633 24946      177.1668    49      182.4171      157.0404  5305772   13.91%
  56762 25038      157.1021    68      182.4171      157.0408  5323986   13.91%
  56925 25182      160.4441    45      182.4171      157.0418  5341615   13.91%
  57161 25355      157.2438    73      182.4171      157.0456  5363160   13.91%
  57347 25475      166.1197    55      182.4171      157.0487  5383216   13.91%
  57556 25603      160.3618    39      182.4171      157.0512  5404316   13.91%
  57759 25707        cutoff            182.4171      157.0549  5426385   13.90%
Elapsed time = 1267.72 sec. (1154639.88 ticks, tree = 36.56 MB, solutions = 3)
  57944 25834      170.8752    40      182.4171      157.0576  5446751   13.90%
  58128 25967      165.5382    47      182.4171      157.0597  5468875   13.90%
  58327 26098      170.2159    41      182.4171      157.0632  5491192   13.90%
  58499 26200      169.2932    51      182.4171      157.0687  5512239   13.90%
  58731 26327      159.9051    45      182.4171      157.0734  5533165   13.89%
  58906 26425      157.5669    58      182.4171      157.0759  5554599   13.89%
  59124 26568        cutoff            182.4171      157.0777  5576185   13.89%
  59311 26685      165.0463    37      182.4171      157.0811  5597665   13.89%
  59484 26804      157.9763    61      182.4171      157.0827  5619369   13.89%
  59716 26976      158.0347    74      182.4171      157.0853  5640187   13.89%
Elapsed time = 1311.11 sec. (1193038.46 ticks, tree = 38.28 MB, solutions = 3)
  59967 27148      158.1881    39      182.4171      157.0885  5661250   13.88%
  60129 27270    infeasible            182.4171      157.0897  5680262   13.88%
  60344 27409      158.3268    60      182.4171      157.0933  5703752   13.88%
  60544 27542      158.7055    50      182.4171      157.0960  5724245   13.88%
  60773 27690      161.5411    50      182.4171      157.0982  5743977   13.88%
  61013 27872      158.1074    50      182.4171      157.1016  5763475   13.88%
  61206 27999      167.9330    53      182.4171      157.1026  5782150   13.88%
  61405 28124      157.4685    58      182.4171      157.1052  5803410   13.88%
  61597 28250      157.7439    43      182.4171      157.1080  5825029   13.87%
  61813 28374      160.0006    51      182.4171      157.1109  5847067   13.87%
Elapsed time = 1353.21 sec. (1231523.42 ticks, tree = 40.06 MB, solutions = 3)
  62051 28547      158.1370    52      182.4171      157.1134  5866206   13.87%
  62220 28660      161.1537    49      182.4171      157.1178  5885103   13.87%
  62469 28822      158.5154    40      182.4171      157.1199  5906259   13.87%
  62667 28970      175.2133    29      182.4171      157.1213  5925537   13.87%
  62858 29117      158.4832    49      182.4171      157.1225  5944828   13.87%
  63063 29250      161.7612    58      182.4171      157.1238  5965525   13.87%
  63285 29380      158.9381    65      182.4171      157.1284  5988814   13.86%
  63460 29477      157.1438   105      182.4171      157.1327  6009743   13.86%
  63666 29610      160.9852    73      182.4171      157.1351  6033004   13.86%
  63887 29773      162.6328    58      182.4171      157.1377  6050830   13.86%
Elapsed time = 1390.52 sec. (1269954.20 ticks, tree = 42.02 MB, solutions = 3)
  64145 29946      158.8024    66      182.4171      157.1407  6071645   13.86%
  64398 30096      160.9764    58      182.4171      157.1438  6092541   13.85%
  64634 30271      178.2015    50      182.4171      157.1456  6111595   13.85%
  64806 30404      175.3068    45      182.4171      157.1456  6130830   13.85%
  64986 30533      158.8961    32      182.4171      157.1469  6149677   13.85%
  65218 30688      179.5322    32      182.4171      157.1493  6169807   13.85%
  65441 30839      165.7202    48      182.4171      157.1545  6191497   13.85%
  65675 30993      157.1593    66      182.4171      157.1593  6212659   13.85%
  65861 31109      163.0891    61      182.4171      157.1632  6233261   13.84%
  66120 31291      161.9039    44      182.4171      157.1672  6251988   13.84%
Elapsed time = 1426.34 sec. (1308228.69 ticks, tree = 44.07 MB, solutions = 3)
  66306 31415      164.2144    37      182.4171      157.1683  6273741   13.84%
  66523 31542      157.7197    46      182.4171      157.1725  6295983   13.84%
  66741 31665      159.4713    54      182.4171      157.1748  6315388   13.84%
  66945 31800      162.1432    51      182.4171      157.1768  6335885   13.84%
  67178 31941      161.0732    47      182.4171      157.1804  6355542   13.83%
  67417 32096      165.3636    59      182.4171      157.1834  6375281   13.83%
  67642 32250      157.7957    52      182.4171      157.1857  6396723   13.83%
  67844 32378    infeasible            182.4171      157.1870  6416721   13.83%
  68049 32510      175.2144    47      182.4171      157.1890  6437167   13.83%
  68228 32646      164.7458    48      182.4171      157.1903  6456459   13.83%
Elapsed time = 1467.07 sec. (1346579.23 ticks, tree = 45.85 MB, solutions = 3)
  68491 32804      181.0665    19      182.4171      157.1936  6477372   13.83%
  68700 32939      159.0951    45      182.4171      157.1969  6497808   13.83%
  68886 33071        cutoff            182.4171      157.1992  6517123   13.82%
  69101 33206      170.7354    35      182.4171      157.2029  6538642   13.82%
  69288 33337      166.0305    38      182.4171      157.2056  6556350   13.82%
* 69402 33112      integral     0      181.9144      157.2070  6565236   13.58%
  69500 33172      163.4444    52      181.9144      157.2086  6575018   13.58%
  69703 33306        cutoff            181.9144      157.2117  6597584   13.58%
  69937 33474      157.2140    45      181.9144      157.2140  6617648   13.58%
* 70053 32377      integral     0      179.4181      157.2151  6632731   12.38%
  70105 32409      164.9262    38      179.4181      157.2170  6637684   12.37%
  70189 32448      164.4098    40      179.4181      157.2178  6646505   12.37%
Elapsed time = 1510.63 sec. (1386507.59 ticks, tree = 47.05 MB, solutions = 5)
  70403 32590      164.5314    47      179.4181      157.2201  6665900   12.37%
  70614 32732      160.3038    53      179.4181      157.2215  6685542   12.37%
  70819 32873      166.7213    25      179.4181      157.2237  6705403   12.37%
  71039 33001      164.5270    43      179.4181      157.2264  6727051   12.37%
  71222 33105      169.5837    62      179.4181      157.2287  6746845   12.37%
  71384 33234      159.6343    66      179.4181      157.2297  6765455   12.37%
  71592 33401      157.4183    66      179.4181      157.2303  6780442   12.37%
  71690 33478      157.5395    82      179.4181      157.2304  6796148   12.37%
  71858 33592      166.8570    45      179.4181      157.2325  6816352   12.37%
  72034 33709      160.9204    53      179.4181      157.2346  6832504   12.36%
Elapsed time = 1553.33 sec. (1424868.13 ticks, tree = 48.71 MB, solutions = 5)
  72237 33823        cutoff            179.4181      157.2364  6852766   12.36%
  72470 33963      157.4332    52      179.4181      157.2387  6870526   12.36%
  72717 34123      157.9771    38      179.4181      157.2420  6890324   12.36%
  72960 34295      157.5578    85      179.4181      157.2443  6909384   12.36%
  73175 34434        cutoff            179.4181      157.2463  6931249   12.36%
  73367 34560      175.1310    47      179.4181      157.2502  6950764   12.36%
  73606 34734      170.2205    49      179.4181      157.2514  6966466   12.35%
  73774 34846      157.4620    69      179.4181      157.2529  6986977   12.35%
  73993 35001      172.6321    32      179.4181      157.2559  7008565   12.35%
  74198 35111      160.4546    49      179.4181      157.2574  7028358   12.35%
Elapsed time = 1594.75 sec. (1463202.15 ticks, tree = 50.56 MB, solutions = 5)
  74333 35204      164.1664    60      179.4181      157.2600  7040329   12.35%
  74551 35346        cutoff            179.4181      157.2622  7061434   12.35%
  74760 35485      161.7065    44      179.4181      157.2648  7081852   12.35%
  74956 35616      172.6532    43      179.4181      157.2675  7103854   12.35%
  75207 35757      158.0657    64      179.4181      157.2718  7125597   12.34%
  75411 35878      159.5395    60      179.4181      157.2739  7146769   12.34%
  75646 36030      165.4831    44      179.4181      157.2760  7168406   12.34%
  75859 36176      172.8941    38      179.4181      157.2782  7186728   12.34%
  76075 36292        cutoff            179.4181      157.2813  7208395   12.34%
  76296 36427      158.7064    65      179.4181      157.2845  7227628   12.34%
Elapsed time = 1636.67 sec. (1501516.21 ticks, tree = 52.30 MB, solutions = 5)
  76503 36568      177.0040    21      179.4181      157.2857  7246976   12.34%
  76725 36737      157.3932    70      179.4181      157.2865  7265008   12.34%
  76911 36856      157.6953    95      179.4181      157.2884  7284741   12.33%
  77129 36987      161.2668    59      179.4181      157.2911  7306212   12.33%
  77288 37083      160.0953    44      179.4181      157.2949  7323584   12.33%
  77503 37229      159.7311    45      179.4181      157.2977  7343517   12.33%
  77751 37405      176.3608    48      179.4181      157.2994  7363450   12.33%
  77960 37533      157.3733    69      179.4181      157.3021  7386081   12.33%
  78179 37683      163.9121    48      179.4181      157.3060  7405659   12.32%
  78379 37826      160.4477    56      179.4181      157.3069  7420534   12.32%
Elapsed time = 1677.80 sec. (1541411.77 ticks, tree = 54.15 MB, solutions = 5)
  78545 37923    infeasible            179.4181      157.3083  7438299   12.32%
  78752 38050      158.5270    53      179.4181      157.3097  7459119   12.32%
  78949 38177      163.4525    46      179.4181      157.3125  7479188   12.32%
  79182 38333      160.1198    59      179.4181      157.3144  7500352   12.32%
  79396 38474      166.3087    50      179.4181      157.3157  7519686   12.32%
  79639 38626      165.6190    45      179.4181      157.3185  7540566   12.32%
  79846 38742      167.3413    48      179.4181      157.3208  7562109   12.32%
  80036 38876      161.8706    49      179.4181      157.3232  7581611   12.31%
  80236 39011      171.0687    38      179.4181      157.3240  7601838   12.31%
  80399 39122      178.3512    21      179.4181      157.3256  7614917   12.31%
Elapsed time = 1722.45 sec. (1579661.31 ticks, tree = 55.87 MB, solutions = 5)
  80629 39281      161.9681    57      179.4181      157.3290  7634197   12.31%
  80838 39427      172.0160    36      179.4181      157.3302  7653297   12.31%
  81058 39561      164.0707    39      179.4181      157.3326  7674328   12.31%
  81246 39698      159.5454    59      179.4181      157.3327  7696270   12.31%
  81382 39796      163.4945    32      179.4181      157.3332  7715404   12.31%
  81581 39915      160.7389    48      179.4181      157.3349  7733879   12.31%
  81801 40063      160.4526    44      179.4181      157.3359  7755146   12.31%
  81999 40173      162.7946    56      179.4181      157.3394  7775317   12.31%
  82229 40297      157.4474    65      179.4181      157.3421  7797040   12.30%
  82411 40432      157.7061    66      179.4181      157.3430  7816292   12.30%
Elapsed time = 1766.80 sec. (1618061.20 ticks, tree = 57.54 MB, solutions = 5)
  82609 40558      174.1457    60      179.4181      157.3454  7836598   12.30%
  82842 40718    infeasible            179.4181      157.3463  7857247   12.30%
  83068 40855      167.8242    39      179.4181      157.3479  7877167   12.30%
  83281 40988      159.5364    65      179.4181      157.3505  7898281   12.30%
  83408 41066      159.1699    51      179.4181      157.3518  7909567   12.30%
  83607 41212      158.5171    69      179.4181      157.3537  7931030   12.30%
  83803 41346      159.5009    53      179.4181      157.3550  7950065   12.30%
  84016 41485      157.8630    61      179.4181      157.3571  7970788   12.30%
  84218 41607      165.5322    67      179.4181      157.3601  7990522   12.29%
  84404 41710      161.6888    43      179.4181      157.3617  8005411   12.29%
Elapsed time = 1811.89 sec. (1656668.28 ticks, tree = 59.23 MB, solutions = 5)
  84630 41846      161.7234    48      179.4181      157.3637  8025766   12.29%
  84845 41978      165.0260    39      179.4181      157.3662  8046414   12.29%
  85082 42136      163.0241    47      179.4181      157.3680  8067697   12.29%
  85308 42276      158.4555    41      179.4181      157.3706  8085418   12.29%
  85523 42416      163.2170    38      179.4181      157.3735  8105504   12.29%
  85746 42577      175.9174    44      179.4181      157.3743  8125207   12.29%
  85951 42687      160.9041    50      179.4181      157.3769  8145734   12.28%
  86158 42820      170.2991    42      179.4181      157.3779  8165055   12.28%
  86288 42900      158.7119    41      179.4181      157.3794  8177579   12.28%
  86505 43040      178.4294    46      179.4181      157.3820  8198051   12.28%
Elapsed time = 1856.02 sec. (1695123.81 ticks, tree = 61.04 MB, solutions = 5)
  86734 43163      168.2017    46      179.4181      157.3843  8218967   12.28%
  86931 43297      160.3920    60      179.4181      157.3850  8238500   12.28%
  87163 43449      157.9437    38      179.4181      157.3879  8258113   12.28%
  87389 43585      168.4297    42      179.4181      157.3905  8279097   12.28%
  87581 43709      178.2803    31      179.4181      157.3927  8297964   12.28%
  87781 43821      176.9387    30      179.4181      157.3962  8318458   12.27%
  87952 43934      157.4849    65      179.4181      157.3976  8338736   12.27%
  88176 44075      158.8576    49      179.4181      157.4004  8359230   12.27%
  88351 44177      168.2616    47      179.4181      157.4033  8375572   12.27%
  88571 44297      175.1782    47      179.4181      157.4063  8395556   12.27%
Elapsed time = 1900.55 sec. (1733372.29 ticks, tree = 62.70 MB, solutions = 5)
  88747 44419      168.3054    42      179.4181      157.4072  8416367   12.27%
  88978 44545      157.4297    43      179.4181      157.4090  8436978   12.27%
  89196 44696      159.4710    75      179.4181      157.4104  8456612   12.27%
  89377 44820      157.8620    83      179.4181      157.4126  8472316   12.26%
  89583 44968      160.5058    46      179.4181      157.4144  8492686   12.26%
  89758 45075      162.4077    36      179.4181      157.4164  8514557   12.26%
  89954 45192      158.7977    66      179.4181      157.4183  8536785   12.26%
  90111 45321      178.7868    41      179.4181      157.4188  8554175   12.26%
  90305 45451      161.8248    48      179.4181      157.4199  8574196   12.26%
  90511 45562      173.1069    31      179.4181      157.4231  8595688   12.26%
Elapsed time = 1944.83 sec. (1771796.86 ticks, tree = 64.38 MB, solutions = 5)
  90713 45690      176.8986    22      179.4181      157.4253  8615029   12.26%
  90888 45791      162.6525    50      179.4181      157.4274  8634240   12.26%
  91084 45922      161.8729    44      179.4181      157.4285  8656881   12.26%
  91274 46047      160.9196    49      179.4181      157.4308  8678195   12.25%
  91433 46149      164.2473    49      179.4181      157.4324  8692680   12.25%
  91671 46301      158.6697    45      179.4181      157.4338  8712706   12.25%
  91863 46426      178.0997    57      179.4181      157.4366  8730039   12.25%
  92081 46549      164.4209    47      179.4181      157.4391  8752636   12.25%
  92266 46654      163.0365    50      179.4181      157.4403  8771685   12.25%
  92499 46813      158.2721    49      179.4181      157.4422  8791605   12.25%
Elapsed time = 1989.66 sec. (1810274.14 ticks, tree = 66.04 MB, solutions = 5)
  92711 46963      161.3254    56      179.4181      157.4445  8810175   12.25%
  92929 47110      160.6527    46      179.4181      157.4470  8829727   12.25%
  93163 47275      158.4959    54      179.4181      157.4474  8846660   12.25%
  93353 47399      161.4499    53      179.4181      157.4488  8867394   12.24%
  93543 47523      159.9182    39      179.4181      157.4496  8888687   12.24%
  93729 47634      161.4113    39      179.4181      157.4519  8910179   12.24%
  93927 47770      158.9233    47      179.4181      157.4532  8931004   12.24%
  94150 47896        cutoff            179.4181      157.4555  8952273   12.24%
  94368 48024      172.6789    43      179.4181      157.4578  8973006   12.24%
  94608 48178      158.2383    64      179.4181      157.4597  8991853   12.24%
Elapsed time = 2034.66 sec. (1848666.60 ticks, tree = 67.85 MB, solutions = 5)
  94821 48309      158.5528    47      179.4181      157.4610  9011500   12.24%
  95054 48472      160.6416    50      179.4181      157.4627  9031427   12.24%
  95258 48616      160.8070    43      179.4181      157.4635  9050273   12.24%
  95442 48715      157.7676    65      179.4181      157.4659  9067159   12.24%
  95632 48848      169.6912    47      179.4181      157.4670  9088469   12.23%
  95826 48994      158.1628    54      179.4181      157.4686  9107387   12.23%
  96002 49102      163.0670    55      179.4181      157.4704  9129251   12.23%
  96188 49208      163.3809    42      179.4181      157.4712  9150028   12.23%
  96449 49388      178.7676    30      179.4181      157.4727  9169439   12.23%
  96638 49505      176.2917    35      179.4181      157.4745  9189574   12.23%
Elapsed time = 2080.08 sec. (1887287.01 ticks, tree = 69.60 MB, solutions = 5)
  96847 49629      176.5800    35      179.4181      157.4763  9209507   12.23%
  97058 49755      163.4258    52      179.4181      157.4775  9231203   12.23%
  97231 49872      158.8435    65      179.4181      157.4788  9252556   12.23%
  97405 49994      161.2345    56      179.4181      157.4797  9270617   12.23%
  97631 50152      167.2923    27      179.4181      157.4818  9291374   12.23%
  97828 50270      161.5692    47      179.4181      157.4837  9311851   12.23%
  98048 50397      160.8959    53      179.4181      157.4855  9333388   12.22%
  98239 50501    infeasible            179.4181      157.4877  9356073   12.22%
  98434 50609      165.8985    50      179.4181      157.4890  9375740   12.22%
  98693 50774      160.1732    44      179.4181      157.4908  9397000   12.22%
Elapsed time = 2124.27 sec. (1925581.98 ticks, tree = 71.41 MB, solutions = 5)
  98851 50872      177.3171    28      179.4181      157.4912  9416734   12.22%
  99078 50996      158.1671    61      179.4181      157.4933  9437334   12.22%
  99282 51131      159.0973    58      179.4181      157.4945  9457302   12.22%
  99408 51228      167.0396    44      179.4181      157.4951  9470804   12.22%
  99584 51347      174.4254    48      179.4181      157.4960  9491046   12.22%
  99762 51457      159.1328    52      179.4181      157.4972  9509829   12.22%
  99948 51601      177.4986    31      179.4181      157.4983  9529244   12.22%
 100191 51754      157.6200    62      179.4181      157.5007  9547271   12.22%
 100389 51870      174.9979    59      179.4181      157.5018  9567312   12.22%
 100595 51977      164.6621    45      179.4181      157.5043  9588735   12.21%
Elapsed time = 2168.48 sec. (1964000.30 ticks, tree = 73.00 MB, solutions = 5)
 100822 52139      172.1689    46      179.4181      157.5058  9607770   12.21%
 101021 52288      173.4036    44      179.4181      157.5061  9626422   12.21%
 101243 52416      179.2083    28      179.4181      157.5077  9648552   12.21%
 101466 52546      157.5090    49      179.4181      157.5090  9669199   12.21%
 101674 52702      174.2566    35      179.4181      157.5100  9689807   12.21%
 101876 52841      165.9739    47      179.4181      157.5108  9710491   12.21%
 102088 52964      158.2247    64      179.4181      157.5130  9730856   12.21%
 102288 53077      164.4115    42      179.4181      157.5155  9749994   12.21%
 102482 53218      157.5959    60      179.4181      157.5171  9769476   12.21%
 102691 53354      158.7568    50      179.4181      157.5194  9790335   12.21%
Elapsed time = 2212.65 sec. (2002837.51 ticks, tree = 74.82 MB, solutions = 5)
 102888 53488      158.9239    78      179.4181      157.5210  9810402   12.20%
 103114 53634    infeasible            179.4181      157.5225  9831159   12.20%
 103359 53788    infeasible            179.4181      157.5255  9851585   12.20%
 103563 53927      159.1586    61      179.4181      157.5270  9871891   12.20%
 103831 54129      171.2707    47      179.4181      157.5285  9889986   12.20%
 104048 54258      162.1142    47      179.4181      157.5301  9911288   12.20%
 104212 54372      160.5560    58      179.4181      157.5311  9931416   12.20%
 104449 54538      165.9320    52      179.4181      157.5320  9952060   12.20%
 104643 54670      161.9838    56      179.4181      157.5328  9973781   12.20%
 104854 54824      159.6135    45      179.4181      157.5336  9992008   12.20%
Elapsed time = 2257.62 sec. (2041338.24 ticks, tree = 76.77 MB, solutions = 5)
 105030 54931      159.1331    43      179.4181      157.5343 10013389   12.20%
 105255 55089      164.0682    59      179.4181      157.5357 10034264   12.20%
 105462 55225        cutoff            179.4181      157.5359 10055016   12.20%
 105670 55353      162.5998    52      179.4181      157.5359 10076974   12.20%
 105918 55499      162.2798    44      179.4181      157.5378 10098083   12.20%
 106096 55623      158.5445    49      179.4181      157.5380 10116401   12.20%
 106288 55729      174.5927    31      179.4181      157.5394 10136993   12.19%
 106474 55850      157.8783    54      179.4181      157.5404 10155426   12.19%
 106677 56001      172.2103    30      179.4181      157.5412 10175428   12.19%
 106882 56131      159.0373    80      179.4181      157.5424 10195411   12.19%
Elapsed time = 2302.73 sec. (2080441.70 ticks, tree = 78.50 MB, solutions = 5)
 107097 56261        cutoff            179.4181      157.5439 10216178   12.19%
 107302 56385      157.6250    86      179.4181      157.5447 10235977   12.19%
 107500 56516      159.4829    36      179.4181      157.5462 10256460   12.19%
 107704 56639      159.3930    42      179.4181      157.5477 10277401   12.19%
 107912 56762      163.2165    54      179.4181      157.5492 10298506   12.19%
 108142 56906      158.2529    48      179.4181      157.5518 10318701   12.19%
 108288 56976      168.7558    44      179.4181      157.5530 10336831   12.19%
 108484 57107        cutoff            179.4181      157.5541 10357923   12.19%
 108684 57260      158.9392    54      179.4181      157.5551 10377684   12.19%
 108879 57401      157.9937    81      179.4181      157.5557 10394932   12.19%
Elapsed time = 2347.47 sec. (2119025.99 ticks, tree = 80.31 MB, solutions = 5)
 109114 57565      159.7485    53      179.4181      157.5572 10415875   12.18%
 109319 57710      164.4094    42      179.4181      157.5598 10437526   12.18%
 109527 57839      166.1148    46      179.4181      157.5607 10456112   12.18%
 109721 57957      160.8631    35      179.4181      157.5622 10476695   12.18%
 109925 58082      161.7029    43      179.4181      157.5636 10496655   12.18%
 110159 58245    infeasible            179.4181      157.5645 10516195   12.18%
 110338 58365      159.5055    53      179.4181      157.5656 10534847   12.18%
 110559 58509      161.4604    53      179.4181      157.5669 10554862   12.18%
 110821 58694      166.0293    46      179.4181      157.5688 10574750   12.18%
 111062 58850      174.0218    46      179.4181      157.5707 10596545   12.18%
Elapsed time = 2391.63 sec. (2157379.29 ticks, tree = 82.23 MB, solutions = 5)
 111270 58980      157.5730    70      179.4181      157.5720 10616640   12.18%
 111451 59110      159.0221    53      179.4181      157.5729 10635103   12.18%
 111626 59252      157.7035   100      179.4181      157.5730 10655911   12.18%
 111872 59416      176.2712    40      179.4181      157.5742 10672934   12.17%
 112095 59575      159.0606    39      179.4181      157.5750 10692637   12.17%
 112288 59700      168.9874    40      179.4181      157.5763 10713313   12.17%
 112481 59816      161.7572    42      179.4181      157.5779 10733829   12.17%
 112692 59955      158.8584    47      179.4181      157.5791 10752577   12.17%
 112924 60126      157.6202    82      179.4181      157.5804 10771327   12.17%
 113138 60266      162.5337    37      179.4181      157.5817 10791794   12.17%
Elapsed time = 2435.65 sec. (2196196.37 ticks, tree = 84.16 MB, solutions = 5)
 113351 60397      163.4209    41      179.4181      157.5828 10811789   12.17%
 113578 60539      164.2820    65      179.4181      157.5849 10834201   12.17%
 113763 60668      158.6693    55      179.4181      157.5851 10852096   12.17%
 113972 60799    infeasible            179.4181      157.5868 10872609   12.17%
 114153 60938      176.3212    29      179.4181      157.5884 10892631   12.17%
 114309 61017      157.9665    75      179.4181      157.5907 10910115   12.17%
 114511 61160      169.7071    49      179.4181      157.5926 10927677   12.16%
 114723 61306      165.3053    48      179.4181      157.5942 10947434   12.16%
 114930 61435      160.3337    60      179.4181      157.5955 10968378   12.16%
 115160 61606      161.6391    55      179.4181      157.5963 10986805   12.16%
Elapsed time = 2475.51 sec. (2234650.20 ticks, tree = 85.94 MB, solutions = 5)
 115382 61736      159.3857    67      179.4181      157.5985 11007803   12.16%
 115591 61871      157.8891    50      179.4181      157.6000 11027545   12.16%
 115816 62011      165.0308    52      179.4181      157.6015 11047075   12.16%
 116035 62144      167.9262    54      179.4181      157.6027 11066591   12.16%
 116255 62289      166.6400    60      179.4181      157.6039 11088206   12.16%
 116408 62388      157.7387   121      179.4181      157.6054 11103722   12.16%
 116608 62558      166.2915    45      179.4181      157.6055 11122868   12.16%
 116796 62697      162.5855    60      179.4181      157.6058 11144590   12.16%
 117002 62820      166.3933    45      179.4181      157.6068 11163169   12.16%
 117213 62945      157.8156    48      179.4181      157.6071 11185082   12.16%
Elapsed time = 2511.70 sec. (2272966.16 ticks, tree = 87.65 MB, solutions = 5)
 117394 63067      158.2931    68      179.4181      157.6080 11206096   12.16%
 117603 63191      169.9167    51      179.4181      157.6088 11227879   12.16%
 117818 63326      157.6524    56      179.4181      157.6110 11245734   12.15%
 118043 63465      175.5036    40      179.4181      157.6126 11267168   12.15%
 118188 63561      160.5095    57      179.4181      157.6134 11286388   12.15%
 118366 63686      159.1019    45      179.4181      157.6147 11300339   12.15%
 118514 63774      165.4922    63      179.4181      157.6156 11315239   12.15%
 118658 63872      162.3005    54      179.4181      157.6164 11333360   12.15%
 118824 63978      168.1194    54      179.4181      157.6173 11352123   12.15%
 119019 64105      175.9293    45      179.4181      157.6180 11368817   12.15%
Elapsed time = 2551.15 sec. (2311465.96 ticks, tree = 89.31 MB, solutions = 5)
 119210 64220      168.0259    54      179.4181      157.6190 11387406   12.15%
 119386 64347      169.9609    46      179.4181      157.6216 11405899   12.15%
 119559 64457      163.4021    57      179.4181      157.6233 11423218   12.15%
 119721 64563      171.5027    49      179.4181      157.6237 11443011   12.15%
 119920 64692      163.9619    45      179.4181      157.6242 11460537   12.15%
 120106 64805      159.3194    60      179.4181      157.6250 11480398   12.15%
 120315 64921      165.1061    45      179.4181      157.6261 11500037   12.15%
 120505 65040      164.6714    50      179.4181      157.6271 11517878   12.15%
 120683 65144        cutoff            179.4181      157.6284 11536948   12.14%
 120906 65295      165.9232    54      179.4181      157.6293 11557517   12.14%
Elapsed time = 2593.13 sec. (2349696.70 ticks, tree = 90.89 MB, solutions = 5)
 121057 65378        cutoff            179.4181      157.6307 11575015   12.14%
 121243 65498        cutoff            179.4181      157.6312 11594302   12.14%
 121438 65617      167.2734    45      179.4181      157.6321 11613430   12.14%
 121648 65751      158.5874    70      179.4181      157.6339 11632534   12.14%
 121818 65853      161.2004    55      179.4181      157.6350 11653572   12.14%
 122000 65973      159.8371    40      179.4181      157.6364 11673371   12.14%
 122201 66095      175.7421    62      179.4181      157.6371 11690876   12.14%
 122374 66200      158.5901    43      179.4181      157.6382 11708592   12.14%
 122553 66306      178.2278    30      179.4181      157.6394 11725974   12.14%
 122730 66413      166.0971    40      179.4181      157.6408 11744723   12.14%
Elapsed time = 2635.03 sec. (2388023.44 ticks, tree = 95.21 MB, solutions = 5)
 122928 66545      159.1876    68      179.4181      157.6418 11763000   12.14%
 123124 66672      177.2175    41      179.4181      157.6431 11781017   12.14%
 123288 66784      171.7222    38      179.4181      157.6439 11795849   12.14%
 123521 66951      159.1045    56      179.4181      157.6449 11816537   12.14%
 123714 67069      161.7319    60      179.4181      157.6456 11836876   12.14%
 123902 67185      161.4859    57      179.4181      157.6467 11855470   12.13%
 124097 67314      162.8911    61      179.4181      157.6475 11873256   12.13%
 124288 67447      157.6792    87      179.4181      157.6486 11889872   12.13%
 124451 67557      158.0234    74      179.4181      157.6501 11910963   12.13%
 124622 67669      162.8007    55      179.4181      157.6520 11930773   12.13%
Elapsed time = 2677.36 sec. (2426951.63 ticks, tree = 96.88 MB, solutions = 5)
 124772 67771      160.1660    51      179.4181      157.6528 11950464   12.13%
 124976 67890      160.9580    55      179.4181      157.6533 11971763   12.13%
 125190 68034        cutoff            179.4181      157.6543 11990824   12.13%
 125355 68125      163.6801    46      179.4181      157.6556 12010153   12.13%
 125529 68229      162.9545    47      179.4181      157.6569 12031636   12.13%
 125732 68355      158.8831    66      179.4181      157.6581 12051038   12.13%
 125909 68474      160.1076    44      179.4181      157.6587 12070374   12.13%
 126085 68602      164.2717    54      179.4181      157.6594 12091919   12.13%
 126276 68735      159.3519    72      179.4181      157.6610 12110782   12.13%
 126446 68826    infeasible            179.4181      157.6626 12132331   12.13%
Elapsed time = 2719.63 sec. (2465252.19 ticks, tree = 98.42 MB, solutions = 5)
 126633 68957      157.6683    76      179.4181      157.6634 12150972   12.13%
 126835 69093      163.9307    33      179.4181      157.6640 12170560   12.12%
 127026 69215      161.3301    43      179.4181      157.6650 12191356   12.12%
 127210 69345        cutoff            179.4181      157.6658 12209713   12.12%
 127373 69435      168.6314    52      179.4181      157.6670 12231192   12.12%
 127589 69567      160.8842    63      179.4181      157.6687 12251505   12.12%
 127787 69697      160.1721    52      179.4181      157.6699 12271532   12.12%
 127986 69821      167.7371    54      179.4181      157.6709 12290310   12.12%
 128211 69976      166.4050    44      179.4181      157.6721 12309695   12.12%
 128399 70080      164.8096    59      179.4181      157.6734 12329358   12.12%
Elapsed time = 2759.64 sec. (2503807.28 ticks, tree = 100.08 MB, solutions = 5)
 128593 70208      165.8902    46      179.4181      157.6742 12348007   12.12%
 128818 70362      162.5788    80      179.4181      157.6751 12366946   12.12%
 129018 70503      163.5723    44      179.4181      157.6761 12386289   12.12%
 129228 70624      175.6062    26      179.4181      157.6771 12405733   12.12%
 129415 70743      160.4075    62      179.4181      157.6779 12426753   12.12%
 129616 70871      161.0555    79      179.4181      157.6787 12442896   12.12%
 129822 71007        cutoff            179.4181      157.6800 12463403   12.12%
 130009 71113      161.4200    46      179.4181      157.6813 12484748   12.12%
 130211 71237      159.7456    44      179.4181      157.6827 12502664   12.11%
 130447 71390      162.7352    57      179.4181      157.6841 12523266   12.11%
Elapsed time = 2804.26 sec. (2542077.57 ticks, tree = 104.05 MB, solutions = 5)
 130658 71527      179.3502    24      179.4181      157.6850 12543710   12.11%
 130858 71647        cutoff            179.4181      157.6865 12564395   12.11%
 131056 71753      158.3380    58      179.4181      157.6886 12585028   12.11%
 131200 71851      161.3988    45      179.4181      157.6892 12604781   12.11%
 131325 71934      163.4551    59      179.4181      157.6901 12623079   12.11%
 131519 72051      157.6910    50      179.4181      157.6910 12642882   12.11%
 131704 72166      158.7589    63      179.4181      157.6920 12664512   12.11%
 131882 72281      161.2735    37      179.4181      157.6929 12686164   12.11%
 132112 72421    infeasible            179.4181      157.6940 12707834   12.11%
 132288 72535      164.2447    43      179.4181      157.6955 12725882   12.11%
Elapsed time = 2849.50 sec. (2581180.35 ticks, tree = 105.57 MB, solutions = 5)
 132488 72658      169.9922    44      179.4181      157.6970 12747414   12.11%
 132678 72767      168.4089    52      179.4181      157.6983 12770932   12.11%
 132839 72878      177.7401    37      179.4181      157.6993 12790296   12.11%
 133050 72980      159.2613    65      179.4181      157.7006 12812123   12.10%
 133271 73129      157.8887    75      179.4181      157.7024 12832604   12.10%
 133425 73225      162.9902    58      179.4181      157.7031 12852140   12.10%
 133620 73359        cutoff            179.4181      157.7036 12872194   12.10%
 133803 73491        cutoff            179.4181      157.7045 12890014   12.10%
 134022 73633      160.5481    55      179.4181      157.7058 12910207   12.10%
 134234 73786      163.4824    51      179.4181      157.7069 12931971   12.10%
Elapsed time = 2894.00 sec. (2619447.17 ticks, tree = 107.54 MB, solutions = 5)
 134403 73876    infeasible            179.4181      157.7082 12949385   12.10%
 134584 73998      168.3699    52      179.4181      157.7094 12971404   12.10%
 134788 74111      158.2317    66      179.4181      157.7105 12992315   12.10%
 134990 74238      158.7309    72      179.4181      157.7118 13012988   12.10%
 135184 74377      161.9486    42      179.4181      157.7126 13034762   12.10%
 135408 74503      174.6473    48      179.4181      157.7138 13055809   12.10%
 135605 74637        cutoff            179.4181      157.7144 13076005   12.10%
 135807 74767      164.4981    55      179.4181      157.7161 13096001   12.10%
 135983 74888      157.8507    68      179.4181      157.7171 13115916   12.10%
 136167 75011    infeasible            179.4181      157.7177 13135061   12.09%
Elapsed time = 2938.32 sec. (2657772.03 ticks, tree = 109.23 MB, solutions = 5)
 136347 75120      162.1923    47      179.4181      157.7186 13156074   12.09%
 136545 75222      158.2908    42      179.4181      157.7193 13177410   12.09%
 136718 75326      174.1889    42      179.4181      157.7207 13197151   12.09%
 136915 75452      160.1736    64      179.4181      157.7214 13216345   12.09%
 137140 75610      161.2043    54      179.4181      157.7228 13237247   12.09%
 137334 75736      158.3831    55      179.4181      157.7235 13252458   12.09%
 137548 75886      178.8912    56      179.4181      157.7256 13271525   12.09%
 137717 76004      162.8697    68      179.4181      157.7258 13290537   12.09%
 137897 76117      169.8688    44      179.4181      157.7268 13313248   12.09%
 138100 76256      159.2887    57      179.4181      157.7275 13332451   12.09%
Elapsed time = 2982.99 sec. (2696048.45 ticks, tree = 110.82 MB, solutions = 5)
 138264 76358      179.0478    51      179.4181      157.7279 13354421   12.09%
 138409 76457      172.9806    32      179.4181      157.7283 13376455   12.09%
 138581 76563      160.8309    65      179.4181      157.7293 13396279   12.09%
 138782 76681      161.4262    46      179.4181      157.7302 13417130   12.09%
 138976 76790      162.1746    55      179.4181      157.7310 13438162   12.09%
 139188 76923      165.4736    68      179.4181      157.7320 13458689   12.09%
 139371 77038      159.8261    49      179.4181      157.7327 13478680   12.09%
 139556 77136      158.2510    60      179.4181      157.7352 13496471   12.09%
 139746 77243      161.5085    33      179.4181      157.7367 13517064   12.08%
 139948 77375      167.1681    38      179.4181      157.7380 13538031   12.08%
Elapsed time = 3027.79 sec. (2734599.06 ticks, tree = 113.61 MB, solutions = 5)
 140133 77491      158.6905    71      179.4181      157.7394 13560051   12.08%
 140304 77614      167.0885    39      179.4181      157.7397 13577780   12.08%
 140499 77735      161.3843    56      179.4181      157.7406 13597246   12.08%
 140691 77864      165.0861    49      179.4181      157.7418 13615669   12.08%
 140876 77985      158.0843    70      179.4181      157.7432 13634412   12.08%
 141060 78135      162.4479    51      179.4181      157.7436 13655138   12.08%
 141289 78283      161.1261    76      179.4181      157.7444 13676535   12.08%
 141461 78403    infeasible            179.4181      157.7458 13696804   12.08%
 141660 78518      157.8823    44      179.4181      157.7472 13717995   12.08%
 141842 78640      170.1273    19      179.4181      157.7481 13737942   12.08%
Elapsed time = 3073.38 sec. (2772977.03 ticks, tree = 115.29 MB, solutions = 5)
 142034 78755      168.7649    40      179.4181      157.7498 13758354   12.08%
 142275 78913      178.1114    14      179.4181      157.7511 13777954   12.08%
*142288+78117                          178.8761      157.7511            11.81%
*142388+77142                          178.1763      157.7518            11.46%
*142388+77101                          178.1558      157.7518            11.45%
 142388 77101        cutoff            178.1558      157.7518 13787690   11.45%
 142575 77231        cutoff            178.1558      157.7528 13804465   11.45%
 142786 77376      166.9330    34      178.1558      157.7539 13824277   11.45%
 142960 77486      169.9919    48      178.1558      157.7554 13842940   11.45%
 143125 77588      159.1153    64      178.1558      157.7566 13858362   11.45%
 143336 77722      168.9877    52      178.1558      157.7582 13878593   11.45%
 143536 77836      158.1679    52      178.1558      157.7597 13899159   11.45%
 143736 77947      165.1900    49      178.1558      157.7610 13920007   11.45%
Elapsed time = 3118.86 sec. (2811887.40 ticks, tree = 113.89 MB, solutions = 8)
 143849 78023      177.3783    25      178.1558      157.7618 13939132   11.45%
 144058 78137      172.0512    45      178.1558      157.7634 13960212   11.45%
 144205 78224        cutoff            178.1558      157.7649 13979006   11.45%
 144396 78344      159.0312    75      178.1558      157.7660 13999793   11.44%
 144595 78473      159.9225    69      178.1558      157.7669 14019187   11.44%
 144798 78606      160.1821    66      178.1558      157.7677 14039831   11.44%
 144963 78700        cutoff            178.1558      157.7683 14059257   11.44%
 145153 78823      157.8135    64      178.1558      157.7689 14079291   11.44%
 145319 78943      168.9755    49      178.1558      157.7695 14096934   11.44%
 145519 79058      176.4321    39      178.1558      157.7710 14119081   11.44%
Elapsed time = 3163.44 sec. (2850279.72 ticks, tree = 115.43 MB, solutions = 8)
 145712 79177      157.8968    78      178.1558      157.7724 14141011   11.44%
 145870 79284      164.6304    69      178.1558      157.7731 14161597   11.44%
 146070 79388      162.6241    53      178.1558      157.7746 14181746   11.44%
 146252 79495      160.0445    60      178.1558      157.7761 14204424   11.44%
 146436 79605      177.3648    28      178.1558      157.7775 14221463   11.44%
 146632 79724      174.3627    30      178.1558      157.7785 14241668   11.44%
 146840 79844      161.3606    51      178.1558      157.7802 14262863   11.44%
 147039 79966      171.8207    37      178.1558      157.7811 14282513   11.44%
 147204 80074      168.9877    37      178.1558      157.7819 14302734   11.44%
 147397 80193      178.0997    27      178.1558      157.7828 14322373   11.44%
Elapsed time = 3208.00 sec. (2888588.32 ticks, tree = 116.95 MB, solutions = 8)
 147594 80313      159.8076    62      178.1558      157.7850 14341785   11.43%
 147764 80417        cutoff            178.1558      157.7863 14362144   11.43%
 147932 80519      158.0076    63      178.1558      157.7877 14384662   11.43%
 148147 80667      167.1106    44      178.1558      157.7890 14404832   11.43%
 148332 80789      159.3623    71      178.1558      157.7897 14424310   11.43%
 148554 80909      158.9784    57      178.1558      157.7910 14444880   11.43%
 148773 81035      165.4168    43      178.1558      157.7927 14466298   11.43%
 148788 81046      162.8101    48      178.1558      157.7928 14468247   11.43%
 148888 81111      162.0348    56      178.1558      157.7935 14476190   11.43%
 149056 81218      173.5605    46      178.1558      157.7951 14493568   11.43%
Elapsed time = 3256.56 sec. (2930968.88 ticks, tree = 118.31 MB, solutions = 8)
 149088 81241      168.5792    45      178.1558      157.7952 14496700   11.43%
 149188 81309      158.0788    46      178.1558      157.7959 14506702   11.43%
 149317 81400      171.8740    42      178.1558      157.7964 14523715   11.43%
 149488 81517      165.4613    56      178.1558      157.7972 14543189   11.43%
 149654 81617      170.4148    40      178.1558      157.7991 14561713   11.43%
*149688+81464                          178.0321      157.7991            11.36%
 149716 81478      159.5759    50      178.0321      157.7992 14567557   11.36%
 149888 81591      158.3803    64      178.0321      157.8006 14587073   11.36%
 149988 81660      158.4185    47      178.0321      157.8009 14595624   11.36%
*150088+79809                          176.7159      157.8016            10.70%
 150088 79811      157.8224    65      176.7159      157.8018 14604282   10.70%
*150188+78261                          175.6329      157.8024            10.15%
 150188 78263      169.1634    49      175.6329      157.8024 14615346   10.15%
Elapsed time = 3318.42 sec. (2991609.67 ticks, tree = 113.93 MB, solutions = 11)
 150288 78323      168.5683    50      175.6329      157.8030 14626368   10.15%
 150397 78393      167.4568    49      175.6329      157.8038 14636496   10.15%
 150488 78457      157.8550    83      175.6329      157.8039 14643570   10.15%
 150588 78524      165.7083    48      175.6329      157.8045 14653781   10.15%
 150688 78580      160.3627    44      175.6329      157.8054 14662708   10.15%
 150788 78644      158.1245    49      175.6329      157.8058 14673899   10.15%
 150888 78707      158.5076    76      175.6329      157.8062 14684861   10.15%
 150988 78779      163.9279    37      175.6329      157.8064 14693206   10.15%
 151088 78838      161.6787    43      175.6329      157.8068 14704055   10.15%
 151188 78892      174.2516    38      175.6329      157.8076 14714231   10.15%
Elapsed time = 3374.59 sec. (3052501.11 ticks, tree = 114.77 MB, solutions = 11)
*151288+78156                          175.0903      157.8081             9.87%
*151288+78155                          175.0895      157.8081             9.87%
 151288 78157      160.5319    54      175.0895      157.8083 14726254    9.87%
 151449 78256      163.8682    36      175.0895      157.8092 14745491    9.87%
*151488+77705                          174.7615      157.8098             9.70%
 151526 77731      162.1900    58      174.7615      157.8100 14754384    9.70%
 151588 77778      173.3250    33      174.7615      157.8103 14762427    9.70%
 151778 77895        cutoff            174.7615      157.8112 14783263    9.70%
 151788 77899      164.8727    50      174.7615      157.8114 14785167    9.70%
 151888 77969      171.2143    46      174.7615      157.8121 14795515    9.70%
 151988 78027      159.6668    50      174.7615      157.8130 14807166    9.70%
 152088 78083      163.4431    48      174.7615      157.8133 14821141    9.70%
 152188 78137      171.2745    39      174.7615      157.8139 14832037    9.70%
Elapsed time = 3448.44 sec. (3124556.25 ticks, tree = 113.66 MB, solutions = 14)
*152288+78056                          174.6670      157.8146             9.65%
*152288+78055                          174.6670      157.8146             9.65%
 152288 78057      166.7395    42      174.6670      157.8146 14844893    9.65%
 152388 78105      157.9629    67      174.6670      157.8158 14860077    9.65%
 152488 78168      174.0793    35      174.6670      157.8163 14871968    9.65%
 152588 78233      171.6937    45      174.6670      157.8167 14882638    9.65%
*152688+77865                          174.3782      157.8172             9.50%
 152688 77867      160.3606    47      174.3782      157.8172 14894259    9.50%
 152813 77942      165.0890    48      174.3782      157.8181 14907827    9.50%
 152988 78061      159.7043    50      174.3782      157.8189 14924890    9.50%
 153088 78119      159.7432    42      174.3782      157.8195 14935130    9.50%
 153188 78178      172.6040    34      174.3782      157.8203 14947659    9.50%
 153288 78232      161.0829    43      174.3782      157.8212 14958308    9.49%
Elapsed time = 3514.82 sec. (3184870.40 ticks, tree = 113.85 MB, solutions = 17)
*153388+75016                          172.3763      157.8215             8.44%
 153388 75015      172.3763     0      172.3763      157.8215 14967298    8.44%
 153493 75071      166.3218    44      172.3763      157.8226 14980104    8.44%
 153657 75173      158.9903    66      172.3763      157.8241 14995217    8.44%
 153788 75256      169.3085    52      172.3763      157.8248 15009236    8.44%
*153888+75040                          172.2367      157.8262             8.37%
 153888 75042      159.0220    45      172.2367      157.8262 15021078    8.37%
 153988 75100      157.9794    48      172.2367      157.8267 15031465    8.37%
*154088+74777                          172.0292      157.8267             8.26%
*154088+73919                          171.5532      157.8267             8.00%
 154088 73921      166.7573    45      171.5532      157.8267 15046540    8.00%
 154188 73995      163.2704    38      171.5532      157.8271 15058843    8.00%
 154288 74057      162.8586    60      171.5532      157.8276 15070823    8.00%
 154388 74107      157.9377    68      171.5532      157.8284 15082814    8.00%
Elapsed time = 3598.47 sec. (3262857.30 ticks, tree = 108.37 MB, solutions = 21)

GUB cover cuts applied:  63
Clique cuts applied:  15
Cover cuts applied:  29
Implied bound cuts applied:  27
Flow cuts applied:  26
Mixed integer rounding cuts applied:  485
Zero-half cuts applied:  6
Gomory fractional cuts applied:  5

Root node processing (before b&c):
  Real time             =    4.15 sec. (3287.99 ticks)
Sequential b&c:
  Real time             = 3595.86 sec. (3261409.32 ticks)
                          ------------
Total (root+branch&cut) = 3600.00 sec. (3264697.31 ticks)
