Version identifier: 22.1.0.0 | 2022-03-09 | 1a383f8ce
CPXPARAM_Read_DataCheck                          1
CPXPARAM_Threads                                 1
CPXPARAM_TimeLimit                               3600
Tried aggregator 2 times.
MIP Presolve eliminated 3213 rows and 179 columns.
MIP Presolve modified 30924 coefficients.
Aggregator did 138 substitutions.
Reduced MIP has 6410 rows, 663 columns, and 48026 nonzeros.
Reduced MIP has 485 binaries, 0 generals, 0 SOSs, and 0 indicators.
Presolve time = 0.11 sec. (102.44 ticks)
Probing fixed 6 vars, tightened 1 bounds.
Probing time = 0.03 sec. (23.31 ticks)
Tried aggregator 1 time.
Detecting symmetries...
MIP Presolve eliminated 7 rows and 6 columns.
MIP Presolve modified 46 coefficients.
Reduced MIP has 6403 rows, 657 columns, and 47910 nonzeros.
Reduced MIP has 479 binaries, 0 generals, 0 SOSs, and 0 indicators.
Presolve time = 0.04 sec. (21.20 ticks)
Probing time = 0.01 sec. (5.24 ticks)
Clique table members: 1536.
MIP emphasis: balance optimality and feasibility.
MIP search method: dynamic search.
Parallel mode: none, using 1 thread.
Root relaxation solution time = 0.02 sec. (18.91 ticks)

        Nodes                                         Cuts/
   Node  Left     Objective  IInf  Best Integer    Best Bound    ItCnt     Gap

      0     0      200.1185   119                    200.1185      270         
      0     0      200.1185    60                   Cuts: 372      498         
      0     0      200.1185    66                   Cuts: 380      889         
      0     0      200.1246    70                   Cuts: 105     1203         
      0     0      200.1745    72                   Cuts: 608     1623         
      0     0      200.2632    66                   Cuts: 886     1909         
Detecting symmetries...
      0     0      200.2656    63                   Cuts: 314     2157         
Detecting symmetries...
      0     2      200.2656    54                    200.2757     2157         
Elapsed time = 3.47 sec. (3054.35 ticks, tree = 0.01 MB, solutions = 0)
      8    10      200.5543    95                    200.3870     3848         
     14    12      201.4407    57                    200.3870     5433         
     20    18      203.5640    65                    200.3870     7045         
     30    26      204.1787    52                    200.3870     8419         
     40    36      204.4134    76                    200.3870    10075         
     55    45      205.5519    93                    200.3870    12131         
     63    48      224.0542    88                    200.3870    12760         
     72    57      210.0363    44                    200.3870    14627         
     81    66      214.3257    50                    200.3870    15758         
    152   123      204.9562    74                    200.3870    22395         
Elapsed time = 6.99 sec. (6791.93 ticks, tree = 0.31 MB, solutions = 0)
*   200+  163                          241.5059      200.3870            17.03%
    200   165      200.6634    69      241.5059      200.3870    28032   17.03%
    270   225      231.7685    29      241.5059      200.3870    31888   17.03%
    340   274      200.3921    58      241.5059      200.3870    37702   17.03%
    454   378      238.0018    22      241.5059      200.3902    42693   17.02%

Performing restart 1

Repeating presolve.
Tried aggregator 1 time.
Reduced MIP has 6403 rows, 657 columns, and 47910 nonzeros.
Reduced MIP has 479 binaries, 0 generals, 0 SOSs, and 0 indicators.
Presolve time = 0.03 sec. (16.06 ticks)
Tried aggregator 1 time.
Reduced MIP has 6403 rows, 657 columns, and 47910 nonzeros.
Reduced MIP has 479 binaries, 0 generals, 0 SOSs, and 0 indicators.
Presolve time = 0.03 sec. (20.82 ticks)
Represolve time = 0.12 sec. (69.18 ticks)
    504     0      200.3716    61      241.5059     Cuts: 392    45943   17.02%
    504     0      200.3753    65      241.5059     Cuts: 859    46246   17.02%
    504     0      200.3769    69      241.5059     Cuts: 568    46770   17.02%
    504     0      200.3787    63      241.5059     Cuts: 505    47103   17.02%
    504     0      200.3795    68      241.5059     Cuts: 313    47441   17.02%
    504     0      200.3799    62      241.5059      Cuts: 84    47670   17.02%
    504     0      200.3805   100      241.5059     Cuts: 642    47891   17.02%
    504     0      200.3864   108      241.5059     Cuts: 224    48095   17.02%
    504     0      200.3908    95      241.5059     Cuts: 418    48848   17.02%
    504     0      200.3910    95      241.5059     Cuts: 262    49018   17.02%
    504     0      200.3911    90      241.5059     Cuts: 878    49204   17.02%
    504     0      200.3913    82      241.5059     Cuts: 136    49620   17.02%
    504     2      200.3913    76      241.5059      200.3914    49620   17.02%
    507     5      200.7263    91      241.5059      200.3937    50558   17.02%
    510     8      200.8757    81      241.5059      200.3944    51308   17.02%
    513    11      205.8020    57      241.5059      200.3944    51864   17.02%
    519    17      201.1556    72      241.5059      200.3944    53012   17.02%
    525    23      201.7125    84      241.5059      200.3944    54085   17.02%
Elapsed time = 26.96 sec. (26618.67 ticks, tree = 0.30 MB, solutions = 1)
    533    31      205.4087    62      241.5059      200.3944    54821   17.02%
    548    46      206.4785    48      241.5059      200.3944    55764   17.02%
    569    67      204.8040    32      241.5059      200.3944    56970   17.02%
    604    99      205.5969    22      241.5059      200.3944    57857   17.02%
    635   124      200.5556    70      241.5059      200.4226    59898   17.01%
    647   136      200.8286    75      241.5059      200.4226    60924   17.01%
*   684+  169                          237.1448      200.4226            15.49%
    693   178      225.5767    19      237.1448      200.4226    62602   15.49%
    701   183      212.2769    94      237.1448      200.4279    64000   15.48%
    754   234      226.6314    19      237.1448      200.4279    66000   15.48%
    812   281      200.4282    66      237.1448      200.4288    67649   15.48%
Elapsed time = 36.22 sec. (36625.39 ticks, tree = 0.61 MB, solutions = 2)
    888   353      200.5358    81      237.1448      200.4623    69595   15.47%
    930   394      212.6131    33      237.1448      200.4623    72523   15.47%
    968   425      220.4424    47      237.1448      200.4630    75116   15.47%
    995   449      204.5424    58      237.1448      200.4874    77518   15.46%
   1020   469      200.8358    59      237.1448      200.5010    79542   15.45%
   1081   526      201.6938    92      237.1448      200.5048    82167   15.45%
   1109   547      201.3329   117      237.1448      200.5124    84001   15.45%
   1148   579      200.9512    82      237.1448      200.5306    87171   15.44%
   1204   628      200.6277   111      237.1448      200.5361    88639   15.44%
   1245   664      200.7093    70      237.1448      200.5371    92639   15.44%
Elapsed time = 49.03 sec. (48057.83 ticks, tree = 1.09 MB, solutions = 2)
   1315   720        cutoff            237.1448      200.5496    95688   15.43%
   1357   756      200.9502    84      237.1448      200.5556    99149   15.43%
   1415   803      208.9839    48      237.1448      200.5566   103187   15.43%
   1478   859      210.8816    31      237.1448      200.5569   105613   15.43%
*  1487   866      integral     0      237.0855      200.5569   105968   15.41%
   1516   890      214.4388    55      237.0855      200.5605   109963   15.41%
   1579   939      230.8148    40      237.0855      200.5661   114548   15.40%
*  1587+  941                          236.7061      200.5716            15.27%
   1628   982      210.6065    30      236.7061      200.5716   116974   15.27%
   1667  1011      200.8292    85      236.7061      200.6280   119344   15.24%
   1734  1061      236.1317    21      236.7061      200.6286   123053   15.24%
   1790  1107      205.9597    62      236.7061      200.6370   124883   15.24%
Elapsed time = 60.62 sec. (58073.33 ticks, tree = 1.65 MB, solutions = 4)
   1817  1129      201.7049    61      236.7061      200.6377   128546   15.24%
   1864  1162      221.1355    51      236.7061      200.6478   133208   15.23%
   1942  1225      201.1901    66      236.7061      200.6666   137813   15.23%
   1995  1274      224.2925    34      236.7061      200.6810   140758   15.22%
   2030  1301      204.6569    53      236.7061      200.7020   143326   15.21%
   2063  1325      209.6703    70      236.7061      200.7099   146493   15.21%
   2134  1386      218.2856    37      236.7061      200.7101   150549   15.21%
   2183  1424      200.7654    83      236.7061      200.7195   153099   15.20%
   2260  1491      218.7573    27      236.7061      200.7197   157579   15.20%
   2309  1531      216.4942    54      236.7061      200.7276   161591   15.20%
Elapsed time = 72.15 sec. (68024.61 ticks, tree = 2.15 MB, solutions = 4)
   2384  1590      235.1844    25      236.7061      200.7336   166016   15.20%
   2411  1607      231.0003    41      236.7061      200.7443   169095   15.19%
   2475  1647      200.9810    80      236.7061      200.7816   173286   15.18%
   2570  1720      210.7755    58      236.7061      200.8025   177676   15.17%
   2634  1769      213.9823    39      236.7061      200.8109   182079   15.16%
   2643  1774      201.0824    81      236.7061      200.8199   182635   15.16%
   2707  1824      200.8275    76      236.7061      200.8278   185204   15.16%
   2752  1863      210.5454    68      236.7061      200.8350   189739   15.15%
   2803  1901      200.8706    71      236.7061      200.8358   193275   15.15%
   2881  1971      214.8155    60      236.7061      200.8358   197540   15.15%
Elapsed time = 83.65 sec. (77762.60 ticks, tree = 2.68 MB, solutions = 4)
   2936  2017      201.7329    59      236.7061      200.8358   200049   15.15%
   3019  2088      218.5790    32      236.7061      200.8483   204385   15.15%
   3083  2135      201.2128    65      236.7061      200.8502   207418   15.15%
   3155  2193      200.8628    69      236.7061      200.8516   211803   15.15%
   3228  2256      216.7901    41      236.7061      200.8541   216740   15.15%
   3274  2288      200.9910    95      236.7061      200.8649   221504   15.14%
   3323  2325      201.5543    81      236.7061      200.8706   226033   15.14%
   3395  2389      233.5657    35      236.7061      200.8755   230309   15.14%
   3443  2425      208.5038    83      236.7061      200.8781   235293   15.14%
   3486  2462      208.0897    81      236.7061      200.8843   238473   15.13%
Elapsed time = 95.51 sec. (87915.92 ticks, tree = 3.30 MB, solutions = 4)
   3520  2490      204.5424    53      236.7061      200.8941   240323   15.13%
   3593  2553      218.8554    36      236.7061      200.9153   245351   15.12%
   3646  2585      203.0064    50      236.7061      200.9265   250076   15.12%
   3707  2636      221.8327    42      236.7061      200.9328   254598   15.11%
   3762  2670      201.0306    72      236.7061      200.9330   257967   15.11%
   3834  2729      201.0636   116      236.7061      200.9330   261895   15.11%
   3908  2797      208.2214    47      236.7061      200.9359   266135   15.11%
   3919  2802      201.0730    69      236.7061      200.9385   267322   15.11%
   4002  2858      235.7264    27      236.7061      200.9426   271402   15.11%
   4053  2891      201.9514    53      236.7061      200.9497   274850   15.11%
Elapsed time = 107.54 sec. (97899.60 ticks, tree = 3.81 MB, solutions = 4)
   4100  2927      201.0797    63      236.7061      200.9513   279924   15.11%
   4145  2964      202.2070    61      236.7061      200.9602   282690   15.10%
   4218  3024      202.8259    48      236.7061      200.9693   287553   15.10%
   4263  3066      208.8780    37      236.7061      200.9693   291291   15.10%
   4335  3120      234.0601    26      236.7061      200.9810   296020   15.09%
   4369  3145      208.2896    40      236.7061      200.9910   297638   15.09%
   4463  3221      211.5346    46      236.7061      200.9956   302144   15.09%
   4504  3248      203.0471    70      236.7061      201.0038   304610   15.08%
   4585  3315      201.1752    92      236.7061      201.0311   308663   15.07%
   4825  3499      202.6695    73      236.7061      201.0504   324147   15.06%
Elapsed time = 124.59 sec. (112281.87 ticks, tree = 4.53 MB, solutions = 4)
*  4912  3506      integral     0      234.7376      201.0596   330556   14.35%
*  4937  3510      integral     0      234.0000      201.0610   331620   14.08%
*  5037+ 3575                          233.8258      201.0735            14.01%
   5127  3643      201.1260    78      233.8258      201.0882   344637   14.00%
   5313  3786      201.4010    64      233.8258      201.0998   358975   14.00%
   5592  3998      201.5302    61      233.8258      201.1230   373823   13.99%
   5851  4170      203.2288    53      233.8258      201.1620   390523   13.97%
   6109  4357        cutoff            233.8258      201.1810   406827   13.96%
   6341  4522      201.2128    60      233.8258      201.2128   422917   13.95%
   6591  4704      202.1116    50      233.8258      201.2274   439215   13.94%
   6858  4883      215.0141    54      233.8258      201.2596   455824   13.93%
   7097  5057      215.2881    39      233.8258      201.2753   469687   13.92%
Elapsed time = 167.57 sec. (148274.07 ticks, tree = 6.53 MB, solutions = 7)
*  7203  5075      integral     0      232.9032      201.2787   475071   13.58%
*  7303+ 5129                          232.7291      201.2893            13.51%
   7415  5210      207.0341    43      232.7291      201.3051   489805   13.50%
   7651  5364        cutoff            232.7291      201.3200   503977   13.50%
   7914  5564      202.5995    57      232.7291      201.3295   521874   13.49%
   8192  5770      209.4896    41      232.7291      201.3522   538651   13.48%
   8412  5933      201.3747    77      232.7291      201.3613   554200   13.48%
   8637  6081      232.2641    34      232.7291      201.3781   570629   13.47%
   8832  6224      209.6584    45      232.7291      201.3873   587783   13.47%
   9061  6377      229.8811    34      232.7291      201.4045   599745   13.46%
   9303  6572      226.6972    37      232.7291      201.4133   616900   13.46%
Elapsed time = 209.45 sec. (184161.44 ticks, tree = 8.33 MB, solutions = 9)
   9539  6724      221.6066    42      232.7291      201.4315   635196   13.45%
   9763  6884      210.5785    43      232.7291      201.4446   652032   13.44%
   9994  7040      201.6250    95      232.7291      201.4580   665940   13.44%
  10229  7218      202.7860    61      232.7291      201.4634   684201   13.43%
  10472  7403      204.8134    56      232.7291      201.4728   700908   13.43%
* 10584+ 7075                          229.1560      201.4785            12.08%
* 10584+ 6832                          227.0468      201.4785            11.26%
  10584  6832    infeasible            227.0468      201.4785   710188   11.26%
  10585  6833      202.8417    56      227.0468      201.4809   710375   11.26%
  10619  6858      225.4412    36      227.0468      201.4851   712700   11.26%
  10873  7018      217.6856    47      227.0468      201.5007   729773   11.25%
  11081  7173      212.8261    38      227.0468      201.5174   747660   11.24%
Elapsed time = 290.09 sec. (255331.07 ticks, tree = 9.05 MB, solutions = 11)
  11263  7301      209.9579    48      227.0468      201.5330   765218   11.24%
  11486  7439      202.0710    77      227.0468      201.5521   783509   11.23%
  11729  7613      203.9890    47      227.0468      201.5598   799248   11.23%
  11928  7745      202.6499    62      227.0468      201.5677   816878   11.22%
  12154  7886      203.1588    56      227.0468      201.5890   831779   11.21%
  12422  8051      215.3933    53      227.0468      201.6150   851010   11.20%
  12630  8199      202.0215    63      227.0468      201.6319   868773   11.19%
  12863  8355      217.0237    28      227.0468      201.6408   886993   11.19%
  13060  8484      204.4992    51      227.0468      201.6498   903519   11.19%
  13296  8659      203.8792    56      227.0468      201.6584   923532   11.18%
Elapsed time = 335.43 sec. (293741.14 ticks, tree = 11.33 MB, solutions = 11)
  13553  8843      208.4309    42      227.0468      201.6716   940720   11.18%
  13802  9013      206.5520    55      227.0468      201.6895   957290   11.17%
  14013  9166      213.8453    41      227.0468      201.6957   972964   11.17%
  14222  9315      203.5116    57      227.0468      201.7060   991356   11.16%
  14488  9503      217.2291    45      227.0468      201.7184  1008870   11.16%
  14708  9642      205.7193    45      227.0468      201.7290  1023556   11.15%
  14990  9843      215.4314    30      227.0468      201.7423  1041455   11.15%
  15262 10031      204.5708    57      227.0468      201.7487  1059250   11.14%
  15504 10194      218.2950    34      227.0468      201.7487  1078726   11.14%
  15746 10373      225.8796    36      227.0468      201.7515  1097074   11.14%
Elapsed time = 381.35 sec. (332929.72 ticks, tree = 13.60 MB, solutions = 11)
  16014 10567      202.1187   105      227.0468      201.7659  1116005   11.13%
  16243 10730      214.7615    33      227.0468      201.7758  1132545   11.13%
  16469 10873        cutoff            227.0468      201.7891  1149958   11.12%
  16660 11015      208.9463    60      227.0468      201.7931  1164108   11.12%
  16873 11171      221.1049    44      227.0468      201.7990  1180967   11.12%
  17070 11314      223.1029    36      227.0468      201.8065  1197919   11.12%
  17331 11481      209.2657    43      227.0468      201.8195  1214996   11.11%
  17595 11645      203.8921    48      227.0468      201.8384  1235203   11.10%
  17779 11784      209.5544    49      227.0468      201.8483  1251601   11.10%
  18085 11995        cutoff            227.0468      201.8605  1268956   11.09%
Elapsed time = 426.52 sec. (371235.00 ticks, tree = 15.54 MB, solutions = 11)
  18360 12194      219.8959    41      227.0468      201.8739  1287736   11.09%
  18614 12383      201.9191    78      227.0468      201.8829  1303004   11.08%
  18874 12584      217.7648    53      227.0468      201.8866  1322427   11.08%
  19100 12725      201.9029    60      227.0468      201.9032  1338048   11.07%
  19377 12911      224.8433    30      227.0468      201.9150  1358370   11.07%
  19628 13099      214.1799    35      227.0468      201.9184  1376665   11.07%
  19861 13256      203.5048    64      227.0468      201.9252  1392236   11.06%
  20057 13373      212.8787    40      227.0468      201.9338  1408138   11.06%
  20251 13495      203.9290    53      227.0468      201.9422  1423822   11.06%
  20487 13660      204.9101    47      227.0468      201.9514  1442514   11.05%
Elapsed time = 470.58 sec. (410392.86 ticks, tree = 18.18 MB, solutions = 11)
  20637 13755      205.5156    48      227.0468      201.9553  1454532   11.05%
  20872 13910      203.1827    53      227.0468      201.9654  1472332   11.05%

Performing restart 2

Repeating presolve.
Tried aggregator 1 time.
MIP Presolve eliminated 11 rows and 1 columns.
MIP Presolve modified 1763 coefficients.
Reduced MIP has 6392 rows, 656 columns, and 50576 nonzeros.
Reduced MIP has 478 binaries, 0 generals, 0 SOSs, and 0 indicators.
Presolve time = 0.05 sec. (40.95 ticks)
Tried aggregator 1 time.
MIP Presolve modified 4 coefficients.
Reduced MIP has 6392 rows, 656 columns, and 50576 nonzeros.
Reduced MIP has 478 binaries, 0 generals, 0 SOSs, and 0 indicators.
Presolve time = 0.04 sec. (22.91 ticks)
Represolve time = 0.17 sec. (120.17 ticks)
  20884     0      200.3917   124      227.0468     Cuts: 419  1474621   11.05%
  20884     0      200.3926   115      227.0468     Cuts: 209  1474816   11.05%
  20884     0      200.3938   121      227.0468    Cuts: 1162  1475080   11.05%
  20884     0      200.3941    80      227.0468     Cuts: 306  1475196   11.05%
  20884     0      200.3949   104      227.0468     Cuts: 721  1475365   11.05%
  20884     0      200.3950   118      227.0468     Cuts: 304  1475500   11.05%
  20884     0      200.3956   120      227.0468     Cuts: 378  1475665   11.05%
  20884     0      200.3962   128      227.0468    Cuts: 1231  1475792   11.05%
  20884     2      200.3962   108      227.0468      201.9654  1475792   11.05%
  20901    18      221.0391    61      227.0468      201.9654  1477884   11.05%
  20934    41      221.2906    61      227.0468      201.9654  1482572   11.05%
  21019   118      218.5991    47      227.0468      201.9654  1488348   11.05%
  21166   237      222.1702    27      227.0468      201.9654  1498080   11.05%
  21312   351      201.2007    48      227.0468      201.9654  1508340   11.05%
  21524   505      201.2388    82      227.0468      201.9654  1522170   11.05%
  21733   658      212.4194    42      227.0468      201.9654  1537538   11.05%
Elapsed time = 511.20 sec. (455406.93 ticks, tree = 1.08 MB, solutions = 11)
  21933   794      204.7435    75      227.0468      201.9654  1553919   11.05%
  22149   951      200.8626    53      227.0468      201.9654  1568459   11.05%
  22376  1094      215.3058    35      227.0468      201.9654  1587057   11.05%
  22577  1240      202.7318    87      227.0468      201.9654  1604422   11.05%
  22791  1400      202.4099    54      227.0468      201.9654  1621262   11.05%
  23013  1563      216.0454    33      227.0468      201.9654  1638965   11.05%
  23281  1748      201.4636    76      227.0468      201.9654  1657841   11.05%
  23502  1899      204.3565    61      227.0468      201.9654  1675933   11.05%
  23705  2038      204.6569    75      227.0468      201.9654  1693958   11.05%
  23957  2221      203.5483    81      227.0468      201.9654  1710891   11.05%
Elapsed time = 548.73 sec. (494066.32 ticks, tree = 3.35 MB, solutions = 11)
  24186  2374      202.5799    80      227.0468      201.9654  1729439   11.05%
  24431  2543      209.1200    49      227.0468      201.9654  1748421   11.05%
  24690  2725      212.8310    45      227.0468      201.9654  1766856   11.05%
  24957  2925      219.8650    36      227.0468      201.9654  1784773   11.05%
  25172  3073      212.1782    48      227.0468      201.9654  1803939   11.05%
  25443  3265      201.5157    69      227.0468      201.9654  1821947   11.05%
  25713  3456      204.9489    47      227.0468      201.9654  1839637   11.05%
  25946  3615      214.3854    46      227.0468      201.9654  1858512   11.05%
  26202  3785      213.4298    38      227.0468      201.9654  1876388   11.05%
  26323  3869      205.4249    59      227.0468      201.9654  1886194   11.05%
Elapsed time = 586.30 sec. (532396.26 ticks, tree = 5.39 MB, solutions = 11)
  26453  3960      226.9422    19      227.0468      201.9654  1894269   11.05%
  26605  4069      217.7086    33      227.0468      201.9654  1907355   11.05%
  26748  4176      201.6943    67      227.0468      201.9654  1917510   11.05%
  26884  4267      202.3404    53      227.0468      201.9654  1927773   11.05%
  27071  4387      202.0359    61      227.0468      201.9654  1939636   11.05%
  27224  4487      206.3044    56      227.0468      201.9654  1951889   11.05%
  27394  4607      201.7675    80      227.0468      201.9654  1965500   11.05%
  27601  4757      209.0742    47      227.0468      201.9654  1978379   11.05%
  27788  4878      202.1532    72      227.0468      201.9654  1992056   11.05%
  27998  5014      205.2348    43      227.0468      201.9654  2006318   11.05%
Elapsed time = 628.01 sec. (571595.23 ticks, tree = 7.37 MB, solutions = 11)
  28210  5160      202.2017    54      227.0468      201.9654  2021108   11.05%
  28404  5289      202.4383    68      227.0468      201.9654  2033582   11.05%
  28641  5435      203.2384    44      227.0468      201.9654  2049642   11.05%
  28869  5580      224.1694    41      227.0468      201.9654  2066454   11.05%
  29114  5729      202.8666    52      227.0468      201.9654  2082595   11.05%
  29326  5872      202.8434    59      227.0468      201.9654  2096982   11.05%
  29566  6050      201.9170    80      227.0468      201.9654  2113178   11.05%
  29826  6236      222.7676    41      227.0468      201.9654  2129434   11.05%
  30012  6354      203.0880    59      227.0468      201.9654  2142858   11.05%
  30204  6463      202.2973    76      227.0468      201.9654  2155958   11.05%
Elapsed time = 669.68 sec. (612152.89 ticks, tree = 9.10 MB, solutions = 11)
  30418  6613      207.7027    40      227.0468      201.9654  2170406   11.05%
  30645  6768      224.3769    37      227.0468      201.9772  2186238   11.04%
  30846  6907        cutoff            227.0468      201.9938  2201639   11.03%
  31084  7065      205.1880    47      227.0468      202.0139  2218328   11.03%
  31348  7229      203.1377    50      227.0468      202.0399  2235160   11.01%
  31585  7383      214.0514    40      227.0468      202.0598  2251672   11.01%
  31813  7522      202.6310    66      227.0468      202.0776  2267686   11.00%
  32010  7658      219.3102    43      227.0468      202.0918  2282399   10.99%
  32222  7785      203.5247    56      227.0468      202.1106  2299549   10.98%
  32406  7894      218.8829    51      227.0468      202.1188  2313888   10.98%
Elapsed time = 709.42 sec. (650805.18 ticks, tree = 11.38 MB, solutions = 11)
  32653  8059      202.6067    47      227.0468      202.1345  2329465   10.97%
  32884  8209      209.0230    39      227.0468      202.1542  2342900   10.96%
  33049  8321      202.2652    73      227.0468      202.1642  2356400   10.96%
  33263  8471      225.7615    30      227.0468      202.1815  2373085   10.95%
  33466  8625      205.5976    50      227.0468      202.1928  2390369   10.95%
  33683  8775      202.3108    67      227.0468      202.2039  2404955   10.94%
  33895  8915      216.5440    39      227.0468      202.2117  2419403   10.94%
  34149  9066      203.0333    59      227.0468      202.2245  2436169   10.93%
  34348  9191      210.7802    74      227.0468      202.2337  2453457   10.93%
  34572  9341      217.9894    39      227.0468      202.2441  2470884   10.92%
Elapsed time = 750.42 sec. (691329.11 ticks, tree = 13.54 MB, solutions = 11)
  34797  9474      204.5632    50      227.0468      202.2590  2485623   10.92%
  35009  9614      216.2978    43      227.0468      202.2677  2500173   10.91%
  35260  9774      202.6532    60      227.0468      202.2816  2517257   10.91%
  35446  9894      216.5804    45      227.0468      202.2928  2529113   10.90%
  35691 10055      203.0921    58      227.0468      202.3085  2546893   10.90%
  35897 10183      210.3735    34      227.0468      202.3120  2565996   10.89%
  36100 10316      204.2050    47      227.0468      202.3230  2582057   10.89%
  36346 10481      220.9183    41      227.0468      202.3248  2601050   10.89%
  36537 10606      202.3335    72      227.0468      202.3337  2616627   10.88%
  36766 10754        cutoff            227.0468      202.3421  2632565   10.88%
Elapsed time = 790.94 sec. (729826.92 ticks, tree = 15.29 MB, solutions = 11)
  36984 10896      206.7696    52      227.0468      202.3569  2648393   10.87%
  37192 11034      206.8863    50      227.0468      202.3710  2661467   10.87%
  37414 11183      218.3796    29      227.0468      202.3785  2674781   10.86%
  37628 11333      202.4063    55      227.0468      202.3861  2691512   10.86%
  37882 11494      202.4773    61      227.0468      202.3937  2708888   10.86%
  38138 11661      209.1871    45      227.0468      202.4063  2727138   10.85%
  38351 11791      202.5237    67      227.0468      202.4093  2742255   10.85%
  38594 11959      205.7372    63      227.0468      202.4207  2759856   10.85%
  38779 12089      220.5446    41      227.0468      202.4284  2774624   10.84%
  38935 12189      204.4441    48      227.0468      202.4316  2787811   10.84%
Elapsed time = 833.14 sec. (768629.69 ticks, tree = 16.95 MB, solutions = 11)
  39188 12361      202.4468    70      227.0468      202.4403  2806194   10.84%
  39424 12508      205.8184    44      227.0468      202.4460  2825496   10.84%
  39649 12659      211.2189    42      227.0468      202.4552  2842360   10.83%
  39870 12796      209.8734    40      227.0468      202.4645  2858216   10.83%
  40117 12960      215.8988    37      227.0468      202.4779  2875138   10.82%
  40344 13116      207.2125    55      227.0468      202.4848  2890831   10.82%
  40560 13251      205.7112    46      227.0468      202.4993  2909786   10.81%
  40804 13399      208.2589    39      227.0468      202.5106  2928174   10.81%
  41008 13540      217.1838    39      227.0468      202.5219  2942229   10.80%
  41250 13698      203.9071    52      227.0468      202.5313  2959201   10.80%
Elapsed time = 871.09 sec. (806923.17 ticks, tree = 19.65 MB, solutions = 11)
  41451 13825      202.6753    72      227.0468      202.5381  2975513   10.79%
  41715 13992      213.4683    48      227.0468      202.5486  2992252   10.79%
  41884 14094      209.2986    44      227.0468      202.5551  3003686   10.79%
  42123 14246      215.2945    44      227.0468      202.5645  3020294   10.78%
  42397 14424      209.1089    63      227.0468      202.5821  3037441   10.78%
  42603 14556      202.8576    67      227.0468      202.5881  3051055   10.77%
  42839 14719      203.2259    62      227.0468      202.5979  3068626   10.77%
  43121 14894      206.2917    66      227.0468      202.6099  3086283   10.76%
  43371 15059      206.2072    64      227.0468      202.6186  3103758   10.76%
  43625 15224      202.8622    64      227.0468      202.6341  3122253   10.75%
Elapsed time = 909.55 sec. (845533.01 ticks, tree = 21.42 MB, solutions = 11)
  43882 15383      214.9819    49      227.0468      202.6447  3140079   10.75%
  44077 15508      209.0467    47      227.0468      202.6524  3154604   10.74%
  44299 15644        cutoff            227.0468      202.6648  3172906   10.74%
  44532 15808      215.7798    41      227.0468      202.6704  3190583   10.74%
  44758 15964      216.0387    39      227.0468      202.6741  3209307   10.73%
  44903 16058      202.8963    66      227.0468      202.6788  3220843   10.73%
  45153 16230      204.3349    45      227.0468      202.6846  3239052   10.73%
  45388 16377      204.1007    63      227.0468      202.6931  3257308   10.73%
  45621 16534      206.3654    41      227.0468      202.7016  3273783   10.72%
  45894 16710      203.3493    47      227.0468      202.7117  3291301   10.72%
Elapsed time = 947.69 sec. (883776.79 ticks, tree = 23.78 MB, solutions = 11)
  46153 16878      204.8151    45      227.0468      202.7178  3307763   10.72%
  46408 17035      211.4472    41      227.0468      202.7313  3326091   10.71%
  46646 17209      211.4958    42      227.0468      202.7376  3342315   10.71%
  46890 17349      203.0798    56      227.0468      202.7456  3358932   10.70%
  47096 17476      204.8690    69      227.0468      202.7562  3376154   10.70%
  47292 17608      221.2266    42      227.0468      202.7627  3389732   10.70%
  47511 17736    infeasible            227.0468      202.7736  3405139   10.69%
  47786 17895      208.2161    42      227.0468      202.7801  3423308   10.69%
  48082 18086      206.7942    53      227.0468      202.7901  3442324   10.68%
  48331 18238      207.8234    46      227.0468      202.7983  3458687   10.68%
Elapsed time = 985.91 sec. (922042.41 ticks, tree = 25.50 MB, solutions = 11)
  48604 18429      202.8548    56      227.0468      202.8077  3476776   10.68%
  48856 18564      202.8139    53      227.0468      202.8139  3493696   10.67%
  49133 18751      216.6439    33      227.0468      202.8209  3512070   10.67%
  49375 18917      203.6702    61      227.0468      202.8257  3530347   10.67%
  49664 19111      202.9786    66      227.0468      202.8361  3547200   10.66%
  49913 19285      203.0835    55      227.0468      202.8449  3564755   10.66%
  50120 19425      218.2055    47      227.0468      202.8514  3580705   10.66%
  50392 19609      226.1439    36      227.0468      202.8574  3598819   10.65%
  50583 19728      208.4442    64      227.0468      202.8612  3612745   10.65%
  50799 19871      225.9425    43      227.0468      202.8636  3631777   10.65%
Elapsed time = 1024.51 sec. (960769.18 ticks, tree = 27.51 MB, solutions = 11)
  51040 20025      205.7841    48      227.0468      202.8730  3649367   10.65%
  51283 20172        cutoff            227.0468      202.8812  3664011   10.64%
  51511 20316      204.9735    55      227.0468      202.8860  3682560   10.64%
  51768 20489      203.5649    64      227.0468      202.8937  3699278   10.64%
  51996 20658      207.8252    71      227.0468      202.8976  3718798   10.64%
  52253 20822      203.0270    75      227.0468      202.9066  3735844   10.63%
  52484 20975      214.7544    37      227.0468      202.9136  3753261   10.63%
  52770 21153      208.2954    55      227.0468      202.9229  3770863   10.63%
  53049 21307      213.9841    34      227.0468      202.9308  3790254   10.62%
  53278 21450        cutoff            227.0468      202.9378  3808985   10.62%
Elapsed time = 1062.84 sec. (999097.77 ticks, tree = 29.46 MB, solutions = 11)
  53453 21552      205.2031    71      227.0468      202.9425  3823255   10.62%
  53696 21722      204.1433    61      227.0468      202.9491  3842034   10.61%
  53934 21884      203.9661    44      227.0468      202.9556  3858301   10.61%
  54116 22007      204.1585    74      227.0468      202.9611  3870305   10.61%
  54380 22189        cutoff            227.0468      202.9668  3885916   10.61%
  54605 22342      214.9911    42      227.0468      202.9740  3904687   10.60%
  54849 22494      204.9317    57      227.0468      202.9810  3921524   10.60%
  55112 22659      215.9770    40      227.0468      202.9895  3938055   10.60%
  55303 22784      209.1423    45      227.0468      202.9950  3954379   10.59%
  55539 22930      205.2500    49      227.0468      203.0039  3972278   10.59%
Elapsed time = 1101.02 sec. (1037356.62 ticks, tree = 31.29 MB, solutions = 11)
  55833 23106      204.9942    50      227.0468      203.0086  3990457   10.59%
  56040 23235      203.8191    47      227.0468      203.0137  4006032   10.59%
  56275 23381      207.7041    51      227.0468      203.0204  4024212   10.58%
  56480 23502      205.5166    46      227.0468      203.0301  4038997   10.58%
  56703 23642        cutoff            227.0468      203.0354  4058404   10.58%
  56901 23779      207.4666    49      227.0468      203.0372  4071392   10.57%
  57137 23922      206.3793    58      227.0468      203.0409  4088219   10.57%
  57456 24119        cutoff            227.0468      203.0473  4106061   10.57%
  57639 24220      209.1307    45      227.0468      203.0528  4122412   10.57%
  57910 24393      205.2649    47      227.0468      203.0598  4140580   10.56%
Elapsed time = 1138.89 sec. (1075621.77 ticks, tree = 32.99 MB, solutions = 11)
  58134 24529      203.8473    55      227.0468      203.0702  4155880   10.56%
  58346 24667      211.6150    35      227.0468      203.0775  4170035   10.56%
  58641 24854      203.7863    65      227.0468      203.0845  4188241   10.55%
  58884 25000      209.1870    38      227.0468      203.0922  4205831   10.55%
  59153 25162      203.9668    71      227.0468      203.0989  4222379   10.55%
  59368 25304      214.5256    50      227.0468      203.1029  4239660   10.55%
  59635 25469      210.0263    64      227.0468      203.1080  4259113   10.54%
  59869 25620      204.1480    52      227.0468      203.1112  4276477   10.54%
  60137 25786      203.5258    65      227.0468      203.1163  4293104   10.54%
  60368 25945      218.7701    40      227.0468      203.1206  4313846   10.54%
Elapsed time = 1178.26 sec. (1115259.86 ticks, tree = 34.85 MB, solutions = 11)
  60638 26099      206.3747    46      227.0468      203.1289  4331230   10.53%
  60851 26245      204.6679    42      227.0468      203.1323  4349683   10.53%
  61104 26393      210.8741    52      227.0468      203.1397  4367448   10.53%
  61350 26540      216.7299    35      227.0468      203.1445  4383447   10.53%
  61575 26694      217.5349    31      227.0468      203.1491  4400274   10.53%
  61820 26829      203.8687    49      227.0468      203.1569  4417926   10.52%
  62071 26972      203.9651    51      227.0468      203.1633  4435349   10.52%
  62334 27146      205.3495    56      227.0468      203.1683  4453698   10.52%
  62566 27304      225.5302    34      227.0468      203.1739  4472070   10.51%
  62810 27448      226.2257    30      227.0468      203.1781  4489695   10.51%
Elapsed time = 1216.59 sec. (1153761.82 ticks, tree = 36.87 MB, solutions = 11)
  63065 27604      204.6011    51      227.0468      203.1836  4507266   10.51%
  63326 27766      227.0449    37      227.0468      203.1876  4525717   10.51%
  63564 27925      203.2934    51      227.0468      203.1929  4540576   10.51%
  63805 28073      207.4628    44      227.0468      203.2013  4558026   10.50%
  64021 28215      204.9792    50      227.0468      203.2054  4572833   10.50%
  64295 28390      205.2454    54      227.0468      203.2109  4591059   10.50%
  64542 28547      214.4892    49      227.0468      203.2179  4610297   10.50%
  64791 28696      213.9602    50      227.0468      203.2241  4629002   10.49%
  65015 28831      221.0492    41      227.0468      203.2293  4643452   10.49%
  65283 29003      208.6240    41      227.0468      203.2356  4662656   10.49%
Elapsed time = 1254.08 sec. (1191997.83 ticks, tree = 38.68 MB, solutions = 11)
  65583 29177      205.3542    50      227.0468      203.2404  4679593   10.49%
  65818 29320      225.0669    36      227.0468      203.2490  4697545   10.48%
  66086 29482      210.6885    38      227.0468      203.2546  4713857   10.48%
  66324 29628      204.4748    48      227.0468      203.2598  4729201   10.48%
  66605 29804      204.3364    48      227.0468      203.2654  4746543   10.47%
  66855 29957      214.3376    47      227.0468      203.2702  4764389   10.47%
  67135 30143      214.9129    36      227.0468      203.2747  4782189   10.47%
  67389 30304      221.5030    34      227.0468      203.2814  4798901   10.47%
  67613 30460      211.5704    47      227.0468      203.2847  4816305   10.47%
  67884 30643      207.9238    38      227.0468      203.2875  4833336   10.46%
Elapsed time = 1293.01 sec. (1230808.21 ticks, tree = 40.54 MB, solutions = 11)
  68131 30790      220.0621    38      227.0468      203.2915  4850977   10.46%
  68357 30921      210.9677    54      227.0468      203.2989  4867865   10.46%
  68648 31099      204.8775    57      227.0468      203.3067  4885040   10.46%
  68884 31240      205.4362    47      227.0468      203.3114  4900810   10.45%
  69168 31415      205.7907    55      227.0468      203.3144  4920103   10.45%
  69383 31556      204.0635    58      227.0468      203.3181  4933114   10.45%
  69675 31736      206.6851    47      227.0468      203.3303  4951437   10.45%
  69927 31907      209.3595    46      227.0468      203.3372  4970426   10.44%
  70187 32072      213.6751    35      227.0468      203.3424  4987867   10.44%
  70433 32220      222.0913    31      227.0468      203.3492  5006280   10.44%
Elapsed time = 1331.97 sec. (1270327.54 ticks, tree = 42.27 MB, solutions = 11)
  70710 32373      218.2762    37      227.0468      203.3538  5023847   10.44%
  70938 32500        cutoff            227.0468      203.3601  5038794   10.43%
  71180 32660        cutoff            227.0468      203.3665  5055938   10.43%
  71462 32818      219.3611    37      227.0468      203.3726  5073621   10.43%
  71665 32948      204.1385    59      227.0468      203.3785  5090367   10.42%
  71910 33119      209.2768    39      227.0468      203.3825  5108958   10.42%
  72193 33293      215.5748    35      227.0468      203.3858  5128052   10.42%
  72482 33462      207.4258    47      227.0468      203.3925  5145771   10.42%
  72747 33629      218.8753    41      227.0468      203.3989  5164199   10.42%
  73008 33787      203.9340    57      227.0468      203.4043  5179691   10.41%
Elapsed time = 1369.72 sec. (1308890.99 ticks, tree = 45.38 MB, solutions = 11)
  73242 33923      222.3577    28      227.0468      203.4064  5195988   10.41%
  73521 34087      208.8692    49      227.0468      203.4117  5214467   10.41%
  73814 34264      212.8395    46      227.0468      203.4193  5232519   10.41%
  74063 34419      212.4221    35      227.0468      203.4220  5249411   10.41%
  74280 34549      206.8364    55      227.0468      203.4261  5266854   10.40%
  74538 34700      204.9933    51      227.0468      203.4301  5285508   10.40%
  74782 34876      226.2512    45      227.0468      203.4332  5304792   10.40%
  75021 35045      203.8468    57      227.0468      203.4366  5321364   10.40%
  75277 35203      207.0007    52      227.0468      203.4417  5338313   10.40%
  75546 35361      214.6868    47      227.0468      203.4445  5356753   10.40%
Elapsed time = 1407.56 sec. (1347419.13 ticks, tree = 47.23 MB, solutions = 11)
  75780 35502      204.2925    51      227.0468      203.4502  5374252   10.39%
  75983 35628      206.3691    56      227.0468      203.4518  5390585   10.39%
  76194 35778      226.6354    37      227.0468      203.4527  5408382   10.39%
  76440 35931      204.9093    68      227.0468      203.4561  5425593   10.39%
  76749 36110      207.0662    39      227.0468      203.4598  5443536   10.39%
  76973 36231      204.0439    54      227.0468      203.4642  5459375   10.39%
  77222 36392      209.2318    52      227.0468      203.4677  5477548   10.39%
  77481 36539      212.3951    39      227.0468      203.4744  5494563   10.38%
  77711 36680      211.4758    39      227.0468      203.4790  5512520   10.38%
  77911 36823      215.2431    38      227.0468      203.4801  5528195   10.38%
Elapsed time = 1445.36 sec. (1385925.00 ticks, tree = 48.94 MB, solutions = 11)
  78106 36948      207.4970    58      227.0468      203.4833  5543054   10.38%
  78332 37065      205.5280    62      227.0468      203.4866  5557968   10.38%
  78600 37204      222.2752    23      227.0468      203.4880  5577649   10.38%
  78884 37369      207.9488    43      227.0468      203.4880  5596865   10.38%
  79146 37531      208.5622    42      227.0468      203.4880  5615683   10.38%
  79395 37685      206.5690    51      227.0468      203.4880  5635980   10.38%
  79667 37871      207.7142    61      227.0468      203.4880  5654274   10.38%
  79924 38051      217.5556    48      227.0468      203.4880  5672797   10.38%
  80166 38219      215.3116    30      227.0468      203.4901  5691180   10.38%
  80448 38395      203.6822    47      227.0468      203.4950  5710802   10.37%
Elapsed time = 1499.14 sec. (1424796.25 ticks, tree = 50.88 MB, solutions = 11)
  80702 38554      207.9042    44      227.0468      203.4993  5729240   10.37%
  80937 38705      211.2261    50      227.0468      203.5055  5746369   10.37%
  81194 38870      207.1760    63      227.0468      203.5094  5764688   10.37%
  81472 39058      220.3195    33      227.0468      203.5140  5780869   10.36%
  81773 39226      203.5195    52      227.0468      203.5196  5798020   10.36%
  82068 39400      222.1145    26      227.0468      203.5248  5817180   10.36%
  82353 39588      210.0143    68      227.0468      203.5285  5835843   10.36%
  82606 39743      210.6197    48      227.0468      203.5325  5853042   10.36%
  82894 39932      214.0181    39      227.0468      203.5389  5872185   10.35%
  83112 40072      217.4454    45      227.0468      203.5425  5887939   10.35%
Elapsed time = 1564.46 sec. (1463272.96 ticks, tree = 52.89 MB, solutions = 11)
  83336 40202        cutoff            227.0468      203.5448  5906316   10.35%
  83566 40359        cutoff            227.0468      203.5479  5924343   10.35%
  83844 40532      216.1655    61      227.0468      203.5509  5942073   10.35%
  84108 40705      203.8131    72      227.0468      203.5535  5960544   10.35%
  84356 40887      210.6643    35      227.0468      203.5567  5977756   10.35%
  84620 41050      203.7053    61      227.0468      203.5613  5994237   10.34%
  84884 41227      212.0273    51      227.0468      203.5655  6010794   10.34%
  85141 41373      215.0633    44      227.0468      203.5718  6028635   10.34%
  85398 41529      207.2764    51      227.0468      203.5786  6044626   10.34%
  85691 41720    infeasible            227.0468      203.5829  6062980   10.33%
Elapsed time = 1607.98 sec. (1501821.69 ticks, tree = 54.77 MB, solutions = 11)
  85886 41839      213.9795    32      227.0468      203.5853  6074701   10.33%
  86207 42037      209.8870    35      227.0468      203.5914  6092451   10.33%
  86424 42188      210.4534    40      227.0468      203.5943  6110534   10.33%
  86724 42377      219.3811    30      227.0468      203.5986  6128893   10.33%
  87001 42549      209.8308    45      227.0468      203.6043  6148804   10.32%
  87244 42694      208.0736    57      227.0468      203.6085  6167636   10.32%
  87463 42824      214.6706    42      227.0468      203.6131  6183673   10.32%
  87747 42999      207.6213    43      227.0468      203.6167  6202209   10.32%
  87998 43145      204.8044    43      227.0468      203.6229  6220734   10.32%
  88259 43286      203.7077    61      227.0468      203.6276  6236924   10.31%
Elapsed time = 1650.49 sec. (1540091.65 ticks, tree = 56.60 MB, solutions = 11)
  88560 43462      213.2850    37      227.0468      203.6328  6255094   10.31%
  88815 43603      209.9829    49      227.0468      203.6366  6273537   10.31%
  89041 43725      216.7319    39      227.0468      203.6408  6289015   10.31%
  89325 43904      203.8303    51      227.0468      203.6469  6307465   10.31%
  89582 44054      209.7997    60      227.0468      203.6502  6326572   10.30%
  89824 44227      218.5824    36      227.0468      203.6532  6344284   10.30%
  90117 44404      218.5703    35      227.0468      203.6586  6362855   10.30%
  90361 44548        cutoff            227.0468      203.6636  6380190   10.30%
  90592 44680      203.6997    73      227.0468      203.6672  6399856   10.30%
  90877 44868      210.9190    46      227.0468      203.6718  6418857   10.30%
Elapsed time = 1693.23 sec. (1578569.76 ticks, tree = 58.51 MB, solutions = 11)
  91069 44987      223.9041    38      227.0468      203.6754  6434496   10.29%
  91332 45167      207.9886    50      227.0468      203.6769  6453524   10.29%
  91614 45345      209.7786    44      227.0468      203.6822  6472720   10.29%
  91865 45507      217.1512    48      227.0468      203.6841  6489779   10.29%
  92093 45649      220.9092    39      227.0468      203.6865  6505125   10.29%
  92341 45798      205.7990    60      227.0468      203.6894  6521594   10.29%
  92627 45962      218.4757    29      227.0468      203.6933  6540370   10.29%
  92884 46103      205.3377    48      227.0468      203.6968  6556370   10.28%
  93178 46288      208.3066    44      227.0468      203.7012  6574630   10.28%
  93432 46427      203.7057    58      227.0468      203.7057  6593866   10.28%
Elapsed time = 1736.47 sec. (1617733.01 ticks, tree = 60.34 MB, solutions = 11)
  93622 46578      212.4962    35      227.0468      203.7060  6612850   10.28%
  93871 46719      203.7095    71      227.0468      203.7084  6631823   10.28%
  94142 46896      203.8772    76      227.0468      203.7135  6649649   10.28%
  94391 47067      218.2581    53      227.0468      203.7165  6668371   10.28%
  94604 47199      223.6342    27      227.0468      203.7178  6687910   10.27%
  94861 47358      204.7079    61      227.0468      203.7207  6704345   10.27%
  95094 47521      209.1177    47      227.0468      203.7229  6719353   10.27%
  95336 47670      217.5530    30      227.0468      203.7256  6737200   10.27%
  95650 47860      216.8798    45      227.0468      203.7315  6754436   10.27%
  95901 48023      206.6655    57      227.0468      203.7334  6772742   10.27%
Elapsed time = 1779.34 sec. (1656022.88 ticks, tree = 62.21 MB, solutions = 11)
  96164 48187      226.7841    36      227.0468      203.7374  6792572   10.27%
  96409 48320      213.5385    44      227.0468      203.7412  6810232   10.26%
  96701 48486      206.2022    46      227.0468      203.7438  6827664   10.26%
  96935 48642      224.2034    42      227.0468      203.7471  6846549   10.26%
  97238 48810      204.0250    68      227.0468      203.7531  6865343   10.26%
  97479 48967      216.3345    69      227.0468      203.7564  6881839   10.26%
  97719 49121      214.4793    34      227.0468      203.7609  6900870   10.26%
  98021 49297      206.8340    47      227.0468      203.7643  6919492   10.25%
  98292 49456      224.4530    26      227.0468      203.7688  6938404   10.25%
  98578 49623        cutoff            227.0468      203.7754  6956615   10.25%
Elapsed time = 1823.27 sec. (1694335.66 ticks, tree = 64.19 MB, solutions = 11)
  98839 49782      212.7864    53      227.0468      203.7792  6975827   10.25%
  99117 49974      203.8137    55      227.0468      203.7823  6993495   10.25%
  99410 50147      205.4218    45      227.0468      203.7846  7011488   10.25%
  99617 50273      204.2392    66      227.0468      203.7867  7029961   10.24%
  99887 50454      208.3088    43      227.0468      203.7889  7048147   10.24%
 100194 50638      204.2707    53      227.0468      203.7927  7066451   10.24%
 100470 50798      210.3109    59      227.0468      203.7961  7084709   10.24%
 100676 50921      207.5202    58      227.0468      203.7977  7098945   10.24%
 100922 51065      203.8013    54      227.0468      203.8013  7117520   10.24%
 101166 51199      220.8795    33      227.0468      203.8045  7137372   10.24%
Elapsed time = 1866.01 sec. (1732702.22 ticks, tree = 66.04 MB, solutions = 11)
 101441 51378      204.4006    44      227.0468      203.8086  7156265   10.24%
 101703 51537      203.9448    63      227.0468      203.8136  7174447   10.23%
 101964 51693      204.5213    42      227.0468      203.8172  7191295   10.23%
 102223 51857      205.0556    60      227.0468      203.8208  7209917   10.23%
 102513 52050      221.6802    36      227.0468      203.8244  7227790   10.23%
 102764 52201      214.9048    39      227.0468      203.8291  7245815   10.23%
 103062 52361      223.5528    42      227.0468      203.8348  7264265   10.22%
 103321 52517      213.4776    48      227.0468      203.8381  7281041   10.22%
 103564 52666      205.0633    48      227.0468      203.8451  7300658   10.22%
 103804 52811      210.5439    40      227.0468      203.8485  7318913   10.22%
Elapsed time = 1908.52 sec. (1770998.70 ticks, tree = 67.93 MB, solutions = 11)
 104017 52934      211.1855    52      227.0468      203.8515  7334999   10.22%
 104301 53103        cutoff            227.0468      203.8546  7352806   10.21%
 104562 53262      205.2188    56      227.0468      203.8574  7370898   10.21%
 104809 53406      209.6841    53      227.0468      203.8609  7389776   10.21%
 105062 53561      206.8356    68      227.0468      203.8651  7407947   10.21%
 105321 53723      214.4984    43      227.0468      203.8679  7427414   10.21%
 105623 53926      204.0116    62      227.0468      203.8710  7445687   10.21%
 105884 54089      209.7258    47      227.0468      203.8735  7460516   10.21%
 106141 54235      208.2922    47      227.0468      203.8771  7479525   10.20%
 106368 54372      223.9503    42      227.0468      203.8815  7495837   10.20%
Elapsed time = 1951.50 sec. (1809523.35 ticks, tree = 69.87 MB, solutions = 11)
 106598 54513      212.5165    35      227.0468      203.8838  7514624   10.20%
 106870 54689      211.4576    36      227.0468      203.8878  7533461   10.20%
 107110 54836      206.1483    49      227.0468      203.8912  7548023   10.20%
 107406 55036        cutoff            227.0468      203.8951  7566377   10.20%
 107726 55224      209.0502    44      227.0468      203.8974  7584605   10.20%
 107987 55381      204.0054    53      227.0468      203.9011  7599909   10.19%
 108212 55530      223.0965    32      227.0468      203.9023  7618353   10.19%
 108469 55684      206.2384    42      227.0468      203.9079  7636913   10.19%
 108764 55868      221.6431    45      227.0468      203.9120  7655635   10.19%
 108967 55987      213.6487    51      227.0468      203.9155  7670816   10.19%
Elapsed time = 1994.06 sec. (1847968.33 ticks, tree = 71.72 MB, solutions = 11)
 109220 56143      210.0001    45      227.0468      203.9207  7687753   10.19%
 109489 56304      215.3290    56      227.0468      203.9246  7707123   10.18%
 109789 56469      214.1684    35      227.0468      203.9302  7726356   10.18%
 110011 56641      209.6070    45      227.0468      203.9307  7743299   10.18%
 110284 56797      213.1709    44      227.0468      203.9339  7762441   10.18%
 110537 56935      210.0872    48      227.0468      203.9359  7779441   10.18%
 110825 57122      205.8945    56      227.0468      203.9392  7797441   10.18%
 111027 57234      213.6759    44      227.0468      203.9419  7813043   10.18%
 111290 57412      224.0003    37      227.0468      203.9449  7831929   10.17%
 111553 57569      213.7640    43      227.0468      203.9471  7848141   10.17%
Elapsed time = 2039.07 sec. (1886432.46 ticks, tree = 73.57 MB, solutions = 11)
 111837 57742      208.1269    38      227.0468      203.9520  7866197   10.17%
 112069 57878        cutoff            227.0468      203.9566  7880841   10.17%
 112352 58052      207.7952    58      227.0468      203.9591  7896899   10.17%
 112591 58195      219.5129    42      227.0468      203.9625  7915812   10.17%
 112809 58324      216.8990    48      227.0468      203.9654  7930909   10.17%
 113083 58494      210.1471    46      227.0468      203.9684  7949517   10.16%
 113325 58663      213.9233    37      227.0468      203.9698  7967922   10.16%
 113564 58803      220.3739    48      227.0468      203.9717  7987190   10.16%
 113804 58964      216.7620    41      227.0468      203.9726  8003982   10.16%
 114040 59132      209.6936    44      227.0468      203.9744  8020595   10.16%
Elapsed time = 2082.83 sec. (1924670.66 ticks, tree = 75.56 MB, solutions = 11)
 114291 59286      216.9992    39      227.0468      203.9777  8039472   10.16%
 114568 59454      206.1557    52      227.0468      203.9805  8057833   10.16%
 114810 59598      218.3821    33      227.0468      203.9828  8072711   10.16%
 115046 59755      225.9256    33      227.0468      203.9856  8090942   10.16%
 115312 59916      208.1462    37      227.0468      203.9887  8108968   10.16%
 115594 60090      204.9617    63      227.0468      203.9911  8126930   10.15%
 115863 60254        cutoff            227.0468      203.9959  8145041   10.15%
 116159 60415      207.5659    58      227.0468      203.9978  8163106   10.15%
 116367 60546      207.2798    45      227.0468      203.9995  8182629   10.15%
 116628 60718      208.2073    46      227.0468      204.0009  8200243   10.15%
Elapsed time = 2125.74 sec. (1962931.38 ticks, tree = 77.43 MB, solutions = 11)
 116917 60871      210.8217    42      227.0468      204.0036  8219080   10.15%
 117224 61042      205.7371    64      227.0468      204.0057  8238116   10.15%
 117519 61232      207.2603    59      227.0468      204.0083  8256815   10.15%
 117808 61414      210.5075    56      227.0468      204.0119  8275831   10.15%
 118045 61557      208.7119    49      227.0468      204.0147  8291407   10.14%
 118324 61736      212.4850    39      227.0468      204.0179  8309756   10.14%
 118590 61906      221.1138    39      227.0468      204.0208  8328778   10.14%
 118866 62076      223.7142    37      227.0468      204.0247  8344633   10.14%
 119126 62227      223.6251    28      227.0468      204.0273  8361589   10.14%
 119390 62382      206.2163    61      227.0468      204.0306  8379423   10.14%
Elapsed time = 2171.18 sec. (2001411.36 ticks, tree = 79.34 MB, solutions = 11)
 119614 62499      212.5119    48      227.0468      204.0337  8397109   10.14%
 119897 62683      205.7775    55      227.0468      204.0375  8415312   10.13%
 120168 62852        cutoff            227.0468      204.0403  8432194   10.13%
 120357 62980      209.9603    36      227.0468      204.0420  8451799   10.13%
 120547 63093      208.8487    57      227.0468      204.0449  8468861   10.13%
 120793 63239      209.2530    51      227.0468      204.0473  8488673   10.13%
 121003 63361      222.5583    41      227.0468      204.0500  8503633   10.13%
 121247 63486        cutoff            227.0468      204.0528  8522510   10.13%
 121504 63646      217.7327    37      227.0468      204.0549  8539001   10.13%
 121757 63805        cutoff            227.0468      204.0572  8557154   10.13%
Elapsed time = 2217.10 sec. (2039670.11 ticks, tree = 81.01 MB, solutions = 11)
 122043 63969      211.5867    51      227.0468      204.0590  8573901   10.12%
 122268 64116      205.3601    48      227.0468      204.0602  8592218   10.12%
 122520 64271      214.2189    43      227.0468      204.0636  8607810   10.12%
 122792 64416      211.4423    37      227.0468      204.0672  8627137   10.12%
 123014 64544      207.0385    50      227.0468      204.0696  8642387   10.12%
 123292 64715      211.9577    40      227.0468      204.0740  8660792   10.12%
 123553 64866      226.6284    35      227.0468      204.0784  8679813   10.12%
 123826 65031      208.5850    37      227.0468      204.0813  8698482   10.11%
 124087 65195      220.4941    31      227.0468      204.0832  8715244   10.11%
 124359 65359      209.0566    55      227.0468      204.0850  8734634   10.11%
Elapsed time = 2263.47 sec. (2077926.21 ticks, tree = 82.84 MB, solutions = 11)
 124620 65527      208.9149    38      227.0468      204.0883  8752087   10.11%
 124884 65679      211.5947    39      227.0468      204.0912  8769353   10.11%
 125195 65859      205.2347    47      227.0468      204.0939  8787551   10.11%
 125459 66023      212.4828    69      227.0468      204.0964  8804936   10.11%
 125682 66160      208.5279    47      227.0468      204.0985  8824064   10.11%
 125935 66296      204.1004    56      227.0468      204.1004  8838914   10.11%
 126182 66446      223.9490    37      227.0468      204.1033  8857585   10.11%
 126420 66591      209.6346    39      227.0468      204.1072  8875472   10.10%
 126671 66744      212.2676    52      227.0468      204.1107  8895108   10.10%
 126896 66878      220.9486    44      227.0468      204.1140  8912597   10.10%
Elapsed time = 2312.86 sec. (2116200.59 ticks, tree = 87.46 MB, solutions = 11)
 127151 67029      216.4520    34      227.0468      204.1169  8930669   10.10%
 127418 67196      220.7249    33      227.0468      204.1193  8948276   10.10%
 127645 67357      205.2177    56      227.0468      204.1199  8967267   10.10%
 127901 67516      214.1380    42      227.0468      204.1228  8985201   10.10%
 128129 67676      206.2701    67      227.0468      204.1249  9003521   10.10%
 128406 67842      222.3890    39      227.0468      204.1280  9022933   10.09%
 128684 68003      226.9259    12      227.0468      204.1298  9041331   10.09%
 128921 68148      214.9723    44      227.0468      204.1320  9057132   10.09%
 129118 68264      217.6369    45      227.0468      204.1344  9074480   10.09%
 129388 68418      206.3842    57      227.0468      204.1376  9093027   10.09%
Elapsed time = 2365.16 sec. (2154553.92 ticks, tree = 89.43 MB, solutions = 11)
 129621 68565      204.8288    55      227.0468      204.1404  9110082   10.09%
 129881 68737      219.5367    44      227.0468      204.1413  9128851   10.09%
 130061 68850      219.9664    44      227.0468      204.1425  9144170   10.09%
 130311 69017      206.7680    52      227.0468      204.1438  9163061   10.09%
 130538 69177      204.1682    77      227.0468      204.1448  9181293   10.09%
 130757 69305      208.8920    42      227.0468      204.1467  9197996   10.09%
 131003 69452      206.0522    71      227.0468      204.1482  9215201   10.09%
 131238 69607      205.0033    47      227.0468      204.1511  9231236   10.08%
 131493 69768      216.1738    38      227.0468      204.1527  9250458   10.08%
 131684 69896      216.0718    27      227.0468      204.1542  9269904   10.08%
Elapsed time = 2413.95 sec. (2192789.74 ticks, tree = 91.23 MB, solutions = 11)
 131947 70053      207.5712    58      227.0468      204.1570  9286830   10.08%
 132209 70215      210.7095    63      227.0468      204.1588  9305908   10.08%
 132434 70353      204.2235    58      227.0468      204.1602  9323354   10.08%
 132694 70513      205.3301    42      227.0468      204.1633  9342362   10.08%
 132893 70635      211.3587    49      227.0468      204.1646  9356152   10.08%
 133165 70816      205.1642    62      227.0468      204.1672  9375365   10.08%
 133378 70954      212.4483    55      227.0468      204.1682  9390621   10.08%
 133690 71153        cutoff            227.0468      204.1703  9409230   10.08%
 133988 71310      205.0653    65      227.0468      204.1729  9427851   10.07%
 134259 71486      205.2508    59      227.0468      204.1754  9446302   10.07%
Elapsed time = 2475.98 sec. (2231098.34 ticks, tree = 93.10 MB, solutions = 11)
 134492 71620      225.5327    38      227.0468      204.1775  9464683   10.07%
 134781 71811      221.5949    39      227.0468      204.1795  9483801   10.07%
 135042 71987      209.2076    42      227.0468      204.1814  9502665   10.07%
 135306 72143        cutoff            227.0468      204.1828  9521951   10.07%
 135622 72325      213.6911    64      227.0468      204.1857  9540032   10.07%
 135884 72483      219.7874    45      227.0468      204.1875  9557315   10.07%
 136125 72627      204.6701    47      227.0468      204.1893  9573952   10.07%
 136390 72792      214.5076    46      227.0468      204.1914  9593673   10.07%
 136640 72956      213.2061    45      227.0468      204.1930  9609258   10.07%
 136931 73142      210.3296    48      227.0468      204.1955  9627507   10.06%
Elapsed time = 2542.59 sec. (2269893.57 ticks, tree = 95.04 MB, solutions = 11)
 137187 73283      213.4007    47      227.0468      204.1984  9647123   10.06%
 137468 73457      204.2529    69      227.0468      204.2008  9665936   10.06%
 137684 73603      206.4406    50      227.0468      204.2029  9682854   10.06%
 137926 73766      208.5396    46      227.0468      204.2049  9701481   10.06%
 138173 73916      211.6123    41      227.0468      204.2070  9720392   10.06%
 138405 74066      225.4645    40      227.0468      204.2084  9735497   10.06%
 138658 74227      215.9275    32      227.0468      204.2105  9754242   10.06%
 138874 74361        cutoff            227.0468      204.2127  9771378   10.06%
 139089 74488      207.8811    47      227.0468      204.2147  9786336   10.06%
 139360 74683      208.1314    59      227.0468      204.2167  9805458   10.06%
Elapsed time = 2607.93 sec. (2308180.47 ticks, tree = 96.86 MB, solutions = 11)
 139602 74810        cutoff            227.0468      204.2204  9822714   10.05%
 139850 74933        cutoff            227.0468      204.2227  9842261   10.05%
 140127 75101      212.6654    37      227.0468      204.2244  9859731   10.05%
 140370 75233      222.1133    41      227.0468      204.2259  9877342   10.05%
 140655 75402      217.1932    31      227.0468      204.2283  9896327   10.05%
 140884 75528      223.3825    42      227.0468      204.2304  9912580   10.05%
 141204 75718      213.5966    35      227.0468      204.2323  9930224   10.05%
 141438 75863      208.9772    40      227.0468      204.2352  9948679   10.05%
 141689 76006      217.7820    33      227.0468      204.2380  9968532   10.05%
 141884 76126      210.8435    42      227.0468      204.2402  9981198   10.04%
Elapsed time = 2675.46 sec. (2347334.29 ticks, tree = 98.56 MB, solutions = 11)
 142138 76277      204.6386    75      227.0468      204.2422  9997100   10.04%
 142406 76447      204.3965    77      227.0468      204.2449 10014923   10.04%
 142673 76613      214.6635    45      227.0468      204.2479 10033049   10.04%
 142899 76768      204.3223    82      227.0468      204.2502 10050091   10.04%
 143111 76898      204.4965    67      227.0468      204.2520 10067800   10.04%
 143356 77071      215.5873    36      227.0468      204.2548 10086889   10.04%
 143606 77221      215.8892    43      227.0468      204.2562 10106093   10.04%
 143858 77357      207.1303    74      227.0468      204.2593 10124799   10.04%
 144070 77512      207.2276    52      227.0468      204.2608 10143610   10.04%
 144337 77683      211.6028    66      227.0468      204.2629 10162658   10.03%
Elapsed time = 2729.03 sec. (2385650.92 ticks, tree = 100.50 MB, solutions = 11)
 144580 77842      204.8702    44      227.0468      204.2662 10181221   10.03%
 144849 78009      214.4338    34      227.0468      204.2687 10198705   10.03%
 145112 78164      204.3163    69      227.0468      204.2714 10217247   10.03%
 145361 78327      211.1121    46      227.0468      204.2736 10235462   10.03%
 145609 78490      220.9651    36      227.0468      204.2757 10253921   10.03%
 145865 78652      206.4059    47      227.0468      204.2776 10272645   10.03%
 146166 78866      204.5218    92      227.0468      204.2794 10290739   10.03%
 146432 79048      211.1009    41      227.0468      204.2822 10309064   10.03%
 146677 79232      226.1911    45      227.0468      204.2838 10326103   10.03%
 146956 79406      226.6516    23      227.0468      204.2863 10345037   10.02%
Elapsed time = 2797.42 sec. (2423879.46 ticks, tree = 102.53 MB, solutions = 11)
 147224 79583      226.4827    28      227.0468      204.2881 10365589   10.02%
 147464 79726      209.8960    63      227.0468      204.2881 10385983   10.02%
 147650 79837      211.2713    65      227.0468      204.2881 10407442   10.02%
 147846 79960      209.9744    63      227.0468      204.2881 10426842   10.02%
 148026 80076      224.5051    31      227.0468      204.2881 10446806   10.02%
 148220 80217      205.0315    64      227.0468      204.2887 10465319   10.02%
 148467 80379      207.6771    44      227.0468      204.2907 10481875   10.02%
 148771 80559      205.5743    47      227.0468      204.2928 10498909   10.02%
 148975 80700      204.8172    54      227.0468      204.2939 10514856   10.02%
 149259 80870      218.3314    44      227.0468      204.2950 10534029   10.02%
Elapsed time = 2850.02 sec. (2462385.78 ticks, tree = 104.25 MB, solutions = 11)
 149492 81004      207.0090    52      227.0468      204.2970 10552447   10.02%
 149706 81138      222.5656    36      227.0468      204.2985 10571882   10.02%
 149960 81295      204.4051    68      227.0468      204.3014 10589881   10.02%
 150235 81462      209.7733    41      227.0468      204.3038 10608908   10.02%
 150501 81642      225.8625    36      227.0468      204.3050 10627991   10.02%
 150771 81805      220.5243    39      227.0468      204.3067 10646099   10.02%
 151040 81967      226.0250    35      227.0468      204.3083 10662482   10.01%
 151278 82125      213.3285    62      227.0468      204.3099 10677579   10.01%
 151510 82267      205.8424    70      227.0468      204.3119 10696089   10.01%
 151784 82459        cutoff            227.0468      204.3137 10713378   10.01%
Elapsed time = 2893.48 sec. (2500595.55 ticks, tree = 106.13 MB, solutions = 11)
 152066 82618      204.3927    59      227.0468      204.3164 10732644   10.01%
 152310 82783      205.3174    48      227.0468      204.3178 10752002   10.01%
 152596 82957      204.3871    65      227.0468      204.3195 10770522   10.01%
 152838 83137      217.0814    29      227.0468      204.3208 10788047   10.01%
 153060 83273      213.2547    47      227.0468      204.3215 10803760   10.01%
 153301 83431      211.3872    42      227.0468      204.3234 10822547   10.01%
 153582 83607      204.9598    46      227.0468      204.3254 10839948   10.01%
 153788 83755      206.5849    47      227.0468      204.3264 10858033   10.01%
 153937 83851      224.4473    44      227.0468      204.3276 10868852   10.01%
 154233 84029      205.5699    53      227.0468      204.3298 10887852   10.01%
Elapsed time = 2936.20 sec. (2538839.33 ticks, tree = 107.99 MB, solutions = 11)
 154484 84184      204.7826    60      227.0468      204.3326 10904194   10.00%
 154735 84340      205.2451    66      227.0468      204.3349 10922718   10.00%
 155006 84498      212.2428    44      227.0468      204.3366 10940117   10.00%
 155286 84666      211.1314    34      227.0468      204.3387 10958497   10.00%
 155546 84826      206.9393    52      227.0468      204.3416 10977544   10.00%
 155806 84997      217.3166    47      227.0468      204.3442 10996304   10.00%
 156047 85155      204.6824    56      227.0468      204.3457 11014261   10.00%
 156308 85325      218.2940    43      227.0468      204.3476 11032317   10.00%
 156557 85469      211.6382    45      227.0468      204.3506 11050520   10.00%
 156787 85603        cutoff            227.0468      204.3520 11067707   10.00%
Elapsed time = 2984.53 sec. (2577166.21 ticks, tree = 109.85 MB, solutions = 11)
 157006 85737      212.4818    38      227.0468      204.3550 11083314    9.99%
 157224 85869      215.2260    41      227.0468      204.3565 11100505    9.99%
 157446 86018      218.8730    27      227.0468      204.3574 11118041    9.99%
 157693 86204      221.2609    29      227.0468      204.3580 11137105    9.99%
 157913 86350      211.4609    36      227.0468      204.3592 11155146    9.99%
 158200 86532      208.9836    55      227.0468      204.3625 11174004    9.99%
 158469 86724      219.6057    37      227.0468      204.3652 11192713    9.99%
 158743 86896      208.6222    56      227.0468      204.3670 11210198    9.99%
 158974 87053      205.2235    54      227.0468      204.3681 11227823    9.99%
 159227 87203      221.4122    33      227.0468      204.3699 11246181    9.99%
Elapsed time = 3055.41 sec. (2615456.45 ticks, tree = 112.00 MB, solutions = 11)
 159476 87360      210.4432    41      227.0468      204.3710 11265803    9.99%
 159756 87530      218.4939    41      227.0468      204.3730 11284579    9.99%
 159980 87659      204.8833    55      227.0468      204.3743 11300144    9.99%
 160234 87809      217.1725    53      227.0468      204.3765 11318546    9.98%
 160517 87990      206.5443    43      227.0468      204.3778 11336470    9.98%
 160797 88158      206.8366    48      227.0468      204.3801 11355092    9.98%
 161029 88302      206.4000    47      227.0468      204.3812 11369825    9.98%
 161299 88459      207.5911    73      227.0468      204.3831 11387579    9.98%
 161533 88611      226.8312    26      227.0468      204.3848 11406511    9.98%
 161790 88762      204.3870    69      227.0468      204.3870 11423140    9.98%
Elapsed time = 3110.74 sec. (2654193.67 ticks, tree = 113.95 MB, solutions = 11)
 161896 88845      204.7713    69      227.0468      204.3870 11434908    9.98%
 162157 89022      209.6383    46      227.0468      204.3890 11452550    9.98%
 162433 89183      205.4672    68      227.0468      204.3909 11469556    9.98%
 162653 89324      223.7734    35      227.0468      204.3927 11488565    9.98%
 162934 89487      226.4654    33      227.0468      204.3948 11505857    9.98%
 163200 89647      209.5752    44      227.0468      204.3972 11523892    9.98%
 163460 89810      215.2512    34      227.0468      204.3987 11540624    9.98%
 163728 89975      219.7627    45      227.0468      204.4010 11559540    9.97%
 163984 90155      204.4226    53      227.0468      204.4035 11579151    9.97%
 164261 90320      213.8661    51      227.0468      204.4056 11595761    9.97%
Elapsed time = 3172.20 sec. (2692503.47 ticks, tree = 115.79 MB, solutions = 11)
 164552 90500        cutoff            227.0468      204.4071 11614339    9.97%
 164792 90652      226.4371    28      227.0468      204.4081 11631640    9.97%
 165085 90823      212.4427    42      227.0468      204.4104 11650073    9.97%
 165310 90941      219.7196    50      227.0468      204.4120 11668321    9.97%
 165539 91089      211.1714    44      227.0468      204.4138 11688256    9.97%
 165809 91250      214.5728    43      227.0468      204.4158 11707065    9.97%
 166058 91409      223.7352    39      227.0468      204.4173 11725676    9.97%
 166328 91574      225.1587    32      227.0468      204.4188 11744023    9.97%
 166577 91727      206.7061    49      227.0468      204.4204 11761019    9.97%
 166803 91865      206.5467    50      227.0468      204.4215 11779970    9.97%
Elapsed time = 3234.74 sec. (2730940.34 ticks, tree = 117.62 MB, solutions = 11)
 167081 92044      205.7560    47      227.0468      204.4235 11798632    9.96%
 167184 92109      210.1547    42      227.0468      204.4243 11805185    9.96%
 167284 92163      216.1553    48      227.0468      204.4251 11811490    9.96%
*167384+91983                          226.9259      204.4254             9.92%
 167484 92040      221.0244    42      226.9259      204.4262 11824741    9.91%
 167684 92173      204.9205    47      226.9259      204.4273 11840027    9.91%
 167784 92240      224.1097    31      226.9259      204.4278 11847628    9.91%
 167963 92335      218.0113    37      226.9259      204.4293 11862791    9.91%
 168153 92455      219.0647    43      226.9259      204.4314 11876786    9.91%
 168184 92473      209.4183    45      226.9259      204.4317 11878728    9.91%
 168284 92539      205.9766    43      226.9259      204.4326 11889808    9.91%
Elapsed time = 3300.55 sec. (2780998.86 ticks, tree = 118.36 MB, solutions = 12)
 168484 92663      205.4619    58      226.9259      204.4340 11906548    9.91%
 168618 92757      216.8938    39      226.9259      204.4348 11916743    9.91%
 168784 92844      204.7293    64      226.9259      204.4368 11929209    9.91%
 168926 92933      205.9611    47      226.9259      204.4377 11940404    9.91%
 168984 92972      212.3137    44      226.9259      204.4378 11944867    9.91%
 169133 93064        cutoff            226.9259      204.4386 11956041    9.91%
 169252 93129    infeasible            226.9259      204.4394 11964888    9.91%
 169284 93149      206.9900    65      226.9259      204.4401 11966412    9.91%
 169384 93229      213.4860    40      226.9259      204.4405 11976384    9.91%
 169484 93298      218.2798    38      226.9259      204.4410 11983662    9.91%
Elapsed time = 3371.00 sec. (2835035.87 ticks, tree = 119.26 MB, solutions = 12)
*169584+93066                          226.7584      204.4417             9.84%
 169584 93068      206.5411    56      226.7584      204.4417 11993940    9.84%
 169737 93161        cutoff            226.7584      204.4433 12004651    9.84%
 169786 93189      210.2860    43      226.7584      204.4434 12007813    9.84%
 169917 93266      213.5526    30      226.7584      204.4438 12017407    9.84%
 169984 93307      221.9163    45      226.7584      204.4443 12022664    9.84%
 170084 93373      211.5826    52      226.7584      204.4453 12029572    9.84%
 170184 93434      225.8616    35      226.7584      204.4457 12036101    9.84%
 170284 93487      221.6566    38      226.7584      204.4465 12044747    9.84%
 170384 93546      217.2678    49      226.7584      204.4475 12051304    9.84%
 170540 93645      207.8246    69      226.7584      204.4484 12063058    9.84%
Elapsed time = 3440.13 sec. (2886225.23 ticks, tree = 119.78 MB, solutions = 13)
 170584 93669      216.5295    37      226.7584      204.4489 12067490    9.84%
 170784 93787      208.5522    40      226.7584      204.4502 12082768    9.84%
 170884 93850      220.3446    37      226.7584      204.4509 12088231    9.84%
 170984 93908      209.8846    48      226.7584      204.4521 12093869    9.84%
 171084 93967      221.0016    49      226.7584      204.4533 12101101    9.84%
 171184 94032      210.3569    55      226.7584      204.4539 12108397    9.84%
 171351 94132      206.0316    49      226.7584      204.4554 12121338    9.84%
 171384 94155      205.2361    43      226.7584      204.4555 12123731    9.84%
 171646 94333      219.4506    38      226.7584      204.4569 12142985    9.83%
 171728 94388      216.5510    34      226.7584      204.4577 12147786    9.83%
Elapsed time = 3513.13 sec. (2942670.70 ticks, tree = 120.66 MB, solutions = 13)
 171884 94493      207.0649    47      226.7584      204.4587 12159890    9.83%
 171984 94541      205.2145    61      226.7584      204.4591 12165482    9.83%
 172184 94672      207.3061    47      226.7584      204.4601 12182369    9.83%
 172284 94738      205.0148    85      226.7584      204.4614 12191433    9.83%
 172384 94802      222.2295    34      226.7584      204.4618 12198833    9.83%
 172584 94918      225.2639    37      226.7584      204.4632 12211849    9.83%
 172684 94968      225.6408    31      226.7584      204.4642 12217221    9.83%
 172784 95025      204.6233    49      226.7584      204.4647 12224955    9.83%
 172984 95168      207.3021    39      226.7584      204.4672 12243348    9.83%
 173084 95233      223.1759    25      226.7584      204.4689 12248541    9.83%
Elapsed time = 3596.38 sec. (3000071.14 ticks, tree = 121.66 MB, solutions = 13)
Advanced basis not built.

GUB cover cuts applied:  36
Clique cuts applied:  10
Cover cuts applied:  40
Implied bound cuts applied:  25
Flow cuts applied:  25
Mixed integer rounding cuts applied:  455
Zero-half cuts applied:  9
Lift and project cuts applied:  25
Gomory fractional cuts applied:  5

Root node processing (before b&c):
  Real time             =    3.45 sec. (3040.04 ticks)
Sequential b&c:
  Real time             = 3596.55 sec. (2999617.11 ticks)
                          ------------
Total (root+branch&cut) = 3600.01 sec. (3002657.15 ticks)
