Version identifier: 22.1.0.0 | 2022-03-09 | 1a383f8ce
CPXPARAM_Read_DataCheck                          1
CPXPARAM_Threads                                 1
CPXPARAM_TimeLimit                               3600
Tried aggregator 2 times.
MIP Presolve eliminated 2737 rows and 134 columns.
MIP Presolve modified 30626 coefficients.
Aggregator did 149 substitutions.
Reduced MIP has 6875 rows, 697 columns, and 52737 nonzeros.
Reduced MIP has 512 binaries, 0 generals, 0 SOSs, and 0 indicators.
Presolve time = 0.12 sec. (95.68 ticks)
Probing fixed 1 vars, tightened 1 bounds.
Probing time = 0.03 sec. (20.53 ticks)
Tried aggregator 1 time.
Detecting symmetries...
MIP Presolve eliminated 1 rows and 1 columns.
MIP Presolve modified 29 coefficients.
Reduced MIP has 6874 rows, 696 columns, and 52715 nonzeros.
Reduced MIP has 511 binaries, 0 generals, 0 SOSs, and 0 indicators.
Presolve time = 0.04 sec. (22.55 ticks)
Probing time = 0.01 sec. (5.42 ticks)
Clique table members: 1501.
MIP emphasis: balance optimality and feasibility.
MIP search method: dynamic search.
Parallel mode: none, using 1 thread.
Root relaxation solution time = 0.03 sec. (25.50 ticks)

        Nodes                                         Cuts/
   Node  Left     Objective  IInf  Best Integer    Best Bound    ItCnt     Gap

      0     0      237.6698   132                    237.6698      316         
      0     0      237.6698    68                   Cuts: 414      596         
      0     0      237.6735    93                   Cuts: 645     1121         
      0     0      237.8714    91                  Cuts: 1062     1989         
      0     0      239.0868   104                  Cuts: 1631     2583         
      0     0      239.3694   123                   Cuts: 822     2990         
Detecting symmetries...
      0     0      239.5528   123                   Cuts: 821     3316         
      0     0      239.6586   173                   Cuts: 813     3661         
      0     0      239.8200   141                   Cuts: 848     4107         
      0     0      239.8725   159                  Cuts: 1059     4438         
      0     0      239.9158   177                  Cuts: 1818     4720         
      0     0      239.9958   208                   Cuts: 731     5171         
      0     0      240.0364   201                   Cuts: 457     5344         
      0     0      240.0788   202                   Cuts: 279     5539         
      0     0      240.0942   187                   Cuts: 694     5673         
      0     0      240.1042   210                  Cuts: 1201     5830         
Detecting symmetries...
      0     2      240.1042   179                    240.1046     5830         
Elapsed time = 13.24 sec. (7974.77 ticks, tree = 0.01 MB, solutions = 0)
      4     6      291.7558    61                    240.1046     7555         
      7     9      241.8670    55                    240.1046     8897         
     10    12      241.8670    53                    240.1046     9490         
     14    16      242.1111    68                    240.1046    10373         
     24    26      252.2072    94                    240.1046    12038         
     31    31      242.1895    81                    240.1046    12598         
     37    37      263.0405    51                    240.1046    14404         
     47    47      245.0879    81                    240.1046    15541         
     61    57      264.7739    68                    240.1046    16570         
     95    87      255.5344    58                    240.1991    21363         
Elapsed time = 19.08 sec. (11954.13 ticks, tree = 1.10 MB, solutions = 0)
    152   138      307.3190    28                    240.1991    27914         
    169   151      315.5322    75                    240.2035    33973         
    206   188      245.6948    71                    240.2035    39590         
    240   221      245.2940    56                    240.2035    44257         
    275   246      259.7450    40                    240.2035    51041         
    329   293      249.3957    58                    240.2035    58126         
    376   326      246.3672   117                    240.3164    64296         
    451   381      268.1259    57                    240.5211    69779         
    535   449      241.6645   111                    240.5211    76271         
    579   493      247.8159    46                    240.5211    80641         
Elapsed time = 33.10 sec. (21874.42 ticks, tree = 1.71 MB, solutions = 0)
    669   562      246.5502    44                    240.5223    87638         
*   721   604      integral     0      317.8135      240.5223    91201   24.32%
    758   633      240.7500   119      317.8135      240.5827    93954   24.30%
    861   716      242.4811    72      317.8135      240.6155   100656   24.29%
    935   782      246.1100    59      317.8135      240.6334   108034   24.28%

Performing restart 1

Repeating presolve.
Tried aggregator 1 time.
Reduced MIP has 6874 rows, 696 columns, and 52715 nonzeros.
Reduced MIP has 511 binaries, 0 generals, 0 SOSs, and 0 indicators.
Presolve time = 0.02 sec. (17.45 ticks)
Tried aggregator 1 time.
Reduced MIP has 6874 rows, 696 columns, and 52715 nonzeros.
Reduced MIP has 511 binaries, 0 generals, 0 SOSs, and 0 indicators.
Presolve time = 0.04 sec. (22.66 ticks)
Represolve time = 0.15 sec. (81.11 ticks)
   1038     0      240.1044   169      317.8135    Cuts: 1818   114792   24.28%
   1038     0      240.1471   186      317.8135     Cuts: 723   114931   24.28%
   1038     0      240.1948   182      317.8135     Cuts: 371   115130   24.28%
   1038     0      240.2271   202      317.8135     Cuts: 969   115306   24.28%
   1038     0      240.2534   197      317.8135    Cuts: 1818   115456   24.28%
   1038     0      240.2881   198      317.8135     Cuts: 511   115644   24.28%
   1038     2      240.2881   177      317.8135      240.6613   115644   24.28%
   1039     3      240.2887   176      317.8135      240.6613   115646   24.28%
   1041     5      277.0587    63      317.8135      240.6613   116401   24.28%
   1044     8      277.0587    57      317.8135      240.6613   116566   24.28%
   1048    12      277.8746    66      317.8135      240.6613   117020   24.28%
   1055    19      281.2559    54      317.8135      240.6613   117757   24.28%
Elapsed time = 65.73 sec. (48502.58 ticks, tree = 0.03 MB, solutions = 1)
   1058    21      283.3759    52      317.8135      240.6613   118240   24.28%
   1070    33      283.3759    38      317.8135      240.6613   118899   24.28%
   1079    42      291.0421    56      317.8135      240.6613   119665   24.28%
   1095    57      286.8704    53      317.8135      240.6613   120008   24.28%
   1122    82      297.5987    27      317.8135      240.6613   120703   24.28%
   1130    85      240.2891   174      317.8135      240.6613   120982   24.28%
   1132    87      272.3008    57      317.8135      240.6613   121826   24.28%
   1138    93      266.3795    79      317.8135      240.6613   122832   24.28%
   1153   108      255.8401    78      317.8135      240.6613   124910   24.28%
   1170   121      273.1966    56      317.8135      240.6613   126891   24.28%
Elapsed time = 79.24 sec. (61110.30 ticks, tree = 0.37 MB, solutions = 1)
   1212   163      279.6684    35      317.8135      240.6613   129904   24.28%
   1241   178      240.3062   137      317.8135      240.6613   131075   24.28%
   1292   229      255.5691    43      317.8135      240.6613   132946   24.28%
   1318   249      240.4987   118      317.8135      240.6613   134015   24.28%
   1373   304      261.6766    19      317.8135      240.6613   136360   24.28%
   1379   304      240.7879   126      317.8135      240.6613   137080   24.28%
   1442   359      241.6484    94      317.8135      240.6613   140002   24.28%
   1474   389      304.9571    28      317.8135      240.6613   143270   24.28%
   1524   420      258.7054    74      317.8135      240.6613   147093   24.28%
   1556   441      253.1200    88      317.8135      240.6613   150638   24.28%
Elapsed time = 99.44 sec. (72248.81 ticks, tree = 0.77 MB, solutions = 1)
   1589   468      253.5133    99      317.8135      240.6613   154105   24.28%
   1624   497      242.5834    95      317.8135      240.6613   157177   24.28%
   1678   541      254.0693    47      317.8135      240.6677   161752   24.27%
   1701   556      255.6431    58      317.8135      240.6771   164785   24.27%
   1722   573      295.2432    38      317.8135      240.6771   168095   24.27%
   1745   586      257.4754    65      317.8135      240.7164   172075   24.26%
   1766   599      243.0230    77      317.8135      240.7203   174840   24.26%
   1801   626      253.7046    61      317.8135      240.7306   178502   24.25%
   1847   662      249.9661    61      317.8135      240.7471   183589   24.25%
   1887   690      253.8117    46      317.8135      240.7687   188443   24.24%
Elapsed time = 118.72 sec. (82345.82 ticks, tree = 1.09 MB, solutions = 1)
*  1917   716      integral     0      316.4025      240.7687   189379   23.90%
   1927   723      311.2697    34      316.4025      240.7706   192421   23.90%
   1948   736        cutoff            316.4025      240.7816   194978   23.90%
   1980   757      241.0904   128      316.4025      240.8016   197890   23.89%
   2004   777      276.5878    54      316.4025      240.8155   202530   23.89%
*  2017+  786                          316.3000      240.8155            23.86%
   2038   801      299.8660    18      316.3000      240.8155   204156   23.86%
   2051   805      241.2130    98      316.3000      240.8179   204490   23.86%
   2082   828      267.3957    48      316.3000      240.8575   209066   23.85%
   2130   866      278.3830    29      316.3000      240.9133   212494   23.83%
   2163   895      303.4527    45      316.3000      240.9856   216655   23.81%
   2194   919      292.0203    37      316.3000      240.9902   219838   23.81%
Elapsed time = 140.93 sec. (93732.19 ticks, tree = 1.37 MB, solutions = 3)
   2247   954      241.0281   114      316.3000      241.0286   222387   23.80%
   2277   980      306.3243    46      316.3000      241.0904   226925   23.78%
   2287   982      241.0904   131      316.3000      241.0928   227840   23.78%
   2332  1017      274.7791    37      316.3000      241.1161   232982   23.77%
   2387  1059      243.2610    96      316.3000      241.1511   236174   23.76%
   2417  1085      243.7911    91      316.3000      241.1633   238366   23.75%
   2462  1124      288.1133    37      316.3000      241.1645   242150   23.75%
   2487  1145      259.9091    51      316.3000      241.2072   244558   23.74%
   2527  1175      242.8064    57      316.3000      241.2222   247641   23.74%
   2572  1210      241.2596    95      316.3000      241.2621   250804   23.72%
Elapsed time = 163.48 sec. (104823.18 ticks, tree = 1.77 MB, solutions = 3)
   2626  1258      284.3883    32      316.3000      241.2669   256096   23.72%
   2658  1283      266.1153    34      316.3000      241.2683   257812   23.72%
   2699  1308      241.4351    82      316.3000      241.2993   262292   23.71%
   2744  1345      256.6845    77      316.3000      241.3619   266385   23.69%
   2763  1358      242.8604    71      316.3000      241.3890   269481   23.68%
   2816  1399      256.3717    70      316.3000      241.4149   274411   23.68%
   2849  1422      248.7591    58      316.3000      241.4351   279512   23.67%
   2895  1462      242.4802    64      316.3000      241.4351   284237   23.67%
   2967  1517      273.7543    55      316.3000      241.4442   289944   23.67%
   3002  1542      241.7610    70      316.3000      241.4450   293374   23.67%
Elapsed time = 184.22 sec. (115570.95 ticks, tree = 2.28 MB, solutions = 3)
   3084  1603      252.2108    48      316.3000      241.4635   298273   23.66%
   3096  1611      255.2487    72      316.3000      241.4702   299321   23.66%
   3159  1657      255.5710    87      316.3000      241.5125   304176   23.64%
   3190  1680      271.8111    54      316.3000      241.5494   310349   23.63%
   3251  1726      295.6253    42      316.3000      241.5596   314796   23.63%
   3288  1753      241.6722   104      316.3000      241.5623   318085   23.63%
   3354  1811      248.3480    46      316.3000      241.5741   323009   23.63%
   3402  1847      262.1177    59      316.3000      241.5830   325958   23.62%
   3438  1875      244.2200    83      316.3000      241.6100   329619   23.61%
   3632  2023      282.2788    42      316.3000      241.6916   350613   23.59%
Elapsed time = 205.85 sec. (128149.33 ticks, tree = 2.87 MB, solutions = 3)
   3842  2175      241.7668    96      316.3000      241.7668   368657   23.56%
   4032  2333      270.2065    34      316.3000      241.8441   383831   23.54%
*  4047  2294      integral     0      311.1179      241.8441   384313   22.27%
*  4147+ 2316                          304.7559      241.8591            20.64%
*  4147+ 2315                          304.6533      241.8591            20.61%
   4176  2346      273.2426    35      304.6533      241.8591   396807   20.61%
   4347  2469      241.9250   101      304.6533      241.9250   413959   20.59%
   4575  2656      242.0060   102      304.6533      241.9812   431146   20.57%
   4741  2787      251.3482    72      304.6533      242.0287   447564   20.56%
   4980  2972      245.5102    69      304.6533      242.0832   465645   20.54%
   5115  3075      242.9246    87      304.6533      242.1776   476019   20.51%
   5291  3196        cutoff            304.6533      242.2436   492137   20.49%
Elapsed time = 254.35 sec. (163711.47 ticks, tree = 4.28 MB, solutions = 6)
   5476  3341      265.2026    50      304.6533      242.3038   506895   20.47%
   5682  3493      260.8166    50      304.6533      242.3650   523797   20.45%
   5854  3628      294.9022    38      304.6533      242.4087   537268   20.43%
   6088  3791      267.9019    35      304.6533      242.4853   554871   20.41%
   6271  3921      242.6383    85      304.6533      242.5518   570875   20.38%
   6496  4094      248.9002    57      304.6533      242.5800   588260   20.38%
   6657  4220      245.8434    65      304.6533      242.6261   600975   20.36%
   6901  4402      269.0446    38      304.6533      242.6440   620560   20.35%
   7121  4559      245.3093    78      304.6533      242.6901   637107   20.34%
   7297  4692      246.0110    58      304.6533      242.7134   653121   20.33%
Elapsed time = 303.36 sec. (202689.04 ticks, tree = 6.26 MB, solutions = 6)
   7491  4831      242.7647    77      304.6533      242.7616   670155   20.32%
   7698  4979      247.8623    61      304.6533      242.7754   685711   20.31%
   7883  5112      243.4774    83      304.6533      242.8133   701289   20.30%
   8078  5267      288.6304    39      304.6533      242.8315   715888   20.29%
   8262  5406      245.2988    59      304.6533      242.8571   730381   20.28%
   8496  5583      243.9848    86      304.6533      242.8999   750107   20.27%
   8691  5730      246.5300    67      304.6533      242.9385   768122   20.26%
   8916  5899      280.9118    41      304.6533      242.9761   784847   20.25%
   9054  6009      268.4203    49      304.6533      242.9819   793406   20.24%
   9265  6141      265.8332    58      304.6533      243.0342   811615   20.23%
Elapsed time = 376.32 sec. (242255.69 ticks, tree = 8.04 MB, solutions = 6)
   9502  6304      267.3290    41      304.6533      243.0688   831443   20.21%
   9698  6438      244.3758    63      304.6533      243.0842   849972   20.21%
   9927  6601        cutoff            304.6533      243.1250   867487   20.20%
  10123  6731      274.2825    33      304.6533      243.1469   885424   20.19%
  10332  6882      278.5919    48      304.6533      243.1927   903315   20.17%
  10564  7057      267.0322    45      304.6533      243.2116   921728   20.17%
  10833  7275      265.3614    48      304.6533      243.2257   939562   20.16%
  11038  7406      269.1315    49      304.6533      243.2587   956809   20.15%
  11282  7582      295.7741    42      304.6533      243.2891   975537   20.14%
* 11418+ 7617                          303.7264      243.3062            19.89%
* 11418+ 7604                          303.4680      243.3062            19.82%
  11418  7606      285.1700    40      303.4680      243.3062   987705   19.82%
Elapsed time = 468.07 sec. (310214.87 ticks, tree = 9.84 MB, solutions = 8)
  11431  7619      259.9139    42      303.4680      243.3105   988619   19.82%
  11632  7760      248.2358    69      303.4680      243.3358  1006410   19.82%
  11882  7950      248.7422    50      303.4680      243.3477  1025301   19.81%
  12112  8112      269.5274    59      303.4680      243.3693  1043416   19.80%
  12295  8259      261.7195    51      303.4680      243.3730  1060833   19.80%
  12510  8407      273.9154    40      303.4680      243.3929  1079394   19.80%
  12739  8569      300.8601    25      303.4680      243.4133  1098379   19.79%
  12995  8765      269.6959    35      303.4680      243.4282  1114797   19.78%
  13110  8854      263.3655    52      303.4680      243.4426  1124761   19.78%
  13337  9023      261.0077    50      303.4680      243.4679  1141720   19.77%
Elapsed time = 522.49 sec. (348488.06 ticks, tree = 12.19 MB, solutions = 8)
  13524  9151      245.3582    69      303.4680      243.4955  1158213   19.76%
  13747  9311      244.6459    69      303.4680      243.5185  1176996   19.75%
  14036  9523      253.6448    51      303.4680      243.5397  1196273   19.75%
  14255  9691        cutoff            303.4680      243.5671  1215849   19.74%
  14498  9861      255.2340    50      303.4680      243.5924  1234187   19.73%
  14752 10038      255.3592    49      303.4680      243.6112  1254940   19.72%
  14958 10180      244.5246    67      303.4680      243.6341  1272143   19.72%
  15203 10344      301.5209    34      303.4680      243.6505  1290525   19.71%
  15445 10515      266.3678    60      303.4680      243.6765  1310266   19.70%
  15673 10674      246.8961    55      303.4680      243.7073  1327511   19.69%
Elapsed time = 566.89 sec. (386889.02 ticks, tree = 14.39 MB, solutions = 8)
  15910 10847      245.1844    68      303.4680      243.7254  1346375   19.69%
  16157 11042      245.7950    85      303.4680      243.7329  1365032   19.68%
  16334 11170      278.5699    36      303.4680      243.7442  1381826   19.68%
  16615 11364      270.6854    35      303.4680      243.7600  1400763   19.68%
  16838 11527      274.7430    47      303.4680      243.7840  1419318   19.67%
  17038 11665      279.5251    44      303.4680      243.7975  1435700   19.66%
  17260 11832      264.2580    39      303.4680      243.8165  1451373   19.66%
  17522 12012      246.0434    50      303.4680      243.8387  1470096   19.65%
  17737 12161    infeasible            303.4680      243.8642  1486591   19.64%
  17920 12280      276.9207    31      303.4680      243.8736  1502837   19.64%
Elapsed time = 612.78 sec. (425699.80 ticks, tree = 16.36 MB, solutions = 8)
  18127 12435      244.4753    73      303.4680      243.8916  1520041   19.63%
  18364 12604      250.6791    47      303.4680      243.9042  1536685   19.63%
  18570 12757      245.1249    67      303.4680      243.9141  1553159   19.62%
  18778 12901      264.4440    56      303.4680      243.9294  1571069   19.62%
  18997 13055      248.6087    79      303.4680      243.9365  1589447   19.62%
  19194 13198      247.9370   102      303.4680      243.9365  1603537   19.62%
  19427 13375      268.4786    49      303.4680      243.9550  1622845   19.61%
  19596 13502      272.1110    46      303.4680      243.9684  1637789   19.61%
  19824 13663      265.2300    44      303.4680      243.9792  1655246   19.60%
  20020 13805      271.1517    36      303.4680      243.9950  1672598   19.60%
Elapsed time = 657.85 sec. (463929.20 ticks, tree = 22.02 MB, solutions = 8)
  20180 13912      276.0973    36      303.4680      244.0098  1686249   19.59%
  20444 14094      244.7552    49      303.4680      244.0223  1703994   19.59%
  20724 14302      247.1211    67      303.4680      244.0342  1723222   19.58%
  20967 14463      245.0851    84      303.4680      244.0486  1740819   19.58%
  21191 14632      293.4846    35      303.4680      244.0624  1757493   19.58%
  21434 14791      256.6304    57      303.4680      244.0760  1775548   19.57%
  21658 14942      244.6175    58      303.4680      244.0906  1792901   19.57%
  21906 15118      245.1170    83      303.4680      244.1073  1811653   19.56%

Performing restart 2

Repeating presolve.
Tried aggregator 1 time.
MIP Presolve eliminated 6 rows and 1 columns.
MIP Presolve modified 43 coefficients.
Reduced MIP has 6868 rows, 695 columns, and 55679 nonzeros.
Reduced MIP has 510 binaries, 0 generals, 0 SOSs, and 0 indicators.
Presolve time = 0.04 sec. (30.97 ticks)
Tried aggregator 1 time.
Reduced MIP has 6868 rows, 695 columns, and 55679 nonzeros.
Reduced MIP has 510 binaries, 0 generals, 0 SOSs, and 0 indicators.
Presolve time = 0.04 sec. (25.36 ticks)
Represolve time = 0.20 sec. (116.18 ticks)
  22018     0      240.3373   202      303.4680    Cuts: 1249  1822148   19.56%
  22018     0      240.3439   159      303.4680     Cuts: 297  1822286   19.56%
  22018     0      240.3444   166      303.4680    Cuts: 1741  1822427   19.56%
  22018     0      240.3499   175      303.4680     Cuts: 796  1822503   19.56%
  22018     0      240.3685   191      303.4680    Cuts: 1191  1822589   19.56%
  22018     0      240.3785   184      303.4680     Cuts: 229  1822728   19.56%
  22018     0      240.3846   197      303.4680    Cuts: 1225  1822862   19.56%
  22018     0      240.3846   183      303.4680    Cuts: 1817  1822999   19.56%
  22018     0      240.3846   196      303.4680    Cuts: 1610  1823096   19.56%
  22018     2      240.3846   152      303.4680      244.1123  1823096   19.56%
  22030    13      281.8550    55      303.4680      244.1123  1824811   19.56%
Elapsed time = 730.83 sec. (523559.16 ticks, tree = 0.07 MB, solutions = 8)
  22075    43      265.8378    59      303.4680      244.1123  1829605   19.56%
  22185   139      257.4559    25      303.4680      244.1123  1838001   19.56%
  22291   226      261.8212    67      303.4680      244.1123  1847065   19.56%
  22447   352      253.5065   101      303.4680      244.1123  1859817   19.56%
  22595   458      252.6592    54      303.4680      244.1123  1875126   19.56%
  22710   539      245.9644    78      303.4680      244.1123  1889468   19.56%
  22900   687      250.6881    83      303.4680      244.1123  1906674   19.56%
  23032   790      268.0157    49      303.4680      244.1123  1920798   19.56%
  23251   954      254.5549    37      303.4680      244.1123  1936629   19.56%
  23487  1102      243.3196    71      303.4680      244.1123  1954432   19.56%
Elapsed time = 772.36 sec. (562057.47 ticks, tree = 1.73 MB, solutions = 8)
  23695  1260      245.6184    57      303.4680      244.1123  1972722   19.56%
  23894  1412      264.0755    49      303.4680      244.1123  1990977   19.56%
  24074  1526      262.6135    42      303.4680      244.1123  2008772   19.56%
  24274  1650      302.1554    41      303.4680      244.1123  2027076   19.56%
  24497  1824      272.1152    35      303.4680      244.1123  2045935   19.56%
  24683  1960      285.8105    28      303.4680      244.1123  2063353   19.56%
  24928  2133      255.6544    51      303.4680      244.1123  2081930   19.56%
  25130  2274      257.6223    49      303.4680      244.1123  2098390   19.56%
  25357  2443      258.8169    38      303.4680      244.1123  2116362   19.56%
  25563  2584      268.2305    35      303.4680      244.1123  2134523   19.56%
Elapsed time = 818.66 sec. (600313.96 ticks, tree = 3.67 MB, solutions = 8)
  25820  2749      246.0510    56      303.4680      244.1123  2151744   19.56%
  26018  2884      280.3566    31      303.4680      244.1123  2166508   19.56%
  26226  3024      253.1286    47      303.4680      244.1485  2184875   19.55%
  26453  3174      267.1547    35      303.4680      244.1973  2203099   19.53%
  26700  3353      245.6818    40      303.4680      244.2376  2222385   19.52%
  26951  3525      260.4897    43      303.4680      244.2857  2240381   19.50%
  27091  3624        cutoff            303.4680      244.3275  2252158   19.49%
  27333  3800      269.0830    37      303.4680      244.3616  2270278   19.48%
  27487  3912      255.3869    36      303.4680      244.4072  2283663   19.46%
  27598  3979      253.7873    42      303.4680      244.4358  2293023   19.45%
Elapsed time = 865.37 sec. (638611.55 ticks, tree = 5.42 MB, solutions = 8)
  27757  4078        cutoff            303.4680      244.4668  2305268   19.44%
  27932  4195      245.0552    61      303.4680      244.5051  2317724   19.43%
  28050  4265      277.0116    54      303.4680      244.5350  2329984   19.42%
  28197  4354      244.6216    59      303.4680      244.5728  2340631   19.41%
  28338  4450      267.2310    42      303.4680      244.5935  2356218   19.40%
  28497  4549      245.7861    64      303.4680      244.6348  2367440   19.39%
  28634  4651      244.7775    58      303.4680      244.6621  2379441   19.38%
  28801  4765      245.6943    55      303.4680      244.6931  2395731   19.37%
  28931  4840      246.4904    72      303.4680      244.7312  2409798   19.36%
  29045  4918      246.8281    71      303.4680      244.7574  2421397   19.35%
Elapsed time = 914.89 sec. (677273.91 ticks, tree = 7.26 MB, solutions = 8)
  29191  5032      249.6762    48      303.4680      244.7809  2434131   19.34%
  29347  5144      247.8676    47      303.4680      244.8133  2446907   19.33%
  29504  5245      255.9494    49      303.4680      244.8433  2463435   19.32%
  29695  5380      286.6417    38      303.4680      244.8691  2480296   19.31%
  29886  5519      250.1660    45      303.4680      244.9014  2496115   19.30%
  30068  5653      251.8141    45      303.4680      244.9237  2512646   19.29%
  30263  5779      260.3376    50      303.4680      244.9539  2529543   19.28%
  30450  5900      261.8420    44      303.4680      244.9965  2546076   19.27%
  30602  6004        cutoff            303.4680      245.0307  2560342   19.26%
  30773  6127      245.9787    49      303.4680      245.0552  2577565   19.25%
Elapsed time = 963.48 sec. (715889.10 ticks, tree = 8.74 MB, solutions = 8)
  30971  6265      261.7695    44      303.4680      245.0752  2594622   19.24%
  31140  6379      266.9630    45      303.4680      245.0920  2607015   19.24%
  31330  6507        cutoff            303.4680      245.1126  2621106   19.23%
  31545  6654      245.2512    71      303.4680      245.1285  2638257   19.22%
  31749  6795      256.4454    36      303.4680      245.1491  2656327   19.22%
  31941  6914      245.7377    40      303.4680      245.1687  2673853   19.21%
  32144  7061      257.0365    37      303.4680      245.1810  2690437   19.21%
  32373  7199      260.8208    52      303.4680      245.2164  2710025   19.20%
  32550  7316      276.9360    43      303.4680      245.2383  2724632   19.19%
  32718  7418      292.0895    32      303.4680      245.2707  2740528   19.18%
Elapsed time = 1011.53 sec. (754794.02 ticks, tree = 10.42 MB, solutions = 8)
  32886  7531      246.4425    46      303.4680      245.2949  2758215   19.17%
  33108  7684      249.1664    56      303.4680      245.3194  2776806   19.16%
  33319  7830      277.1359    38      303.4680      245.3424  2795223   19.15%
  33457  7932      264.2551    36      303.4680      245.3553  2812965   19.15%
  33616  8046      245.3665    99      303.4680      245.3668  2830138   19.15%
  33789  8178      263.6007    39      303.4680      245.3869  2845545   19.14%
  34016  8320      288.5277    28      303.4680      245.4072  2861045   19.13%
  34191  8412      256.0100    49      303.4680      245.4272  2875557   19.13%
  34347  8526      275.0231    37      303.4680      245.4424  2892275   19.12%
  34554  8645      247.2740    59      303.4680      245.4753  2908154   19.11%
Elapsed time = 1059.08 sec. (793494.62 ticks, tree = 12.25 MB, solutions = 8)
  34748  8767      254.0115    39      303.4680      245.5019  2925633   19.10%
  34955  8911      247.6144    52      303.4680      245.5132  2944411   19.10%
  35051  8975        cutoff            303.4680      245.5194  2953492   19.10%
  35217  9081      253.4730    64      303.4680      245.5289  2968476   19.09%
  35410  9212      252.0231    59      303.4680      245.5511  2986502   19.09%
  35589  9344      272.9410    42      303.4680      245.5643  3001506   19.08%
  35811  9484      247.3494    52      303.4680      245.5789  3018404   19.08%
  36020  9631      289.0852    33      303.4680      245.6039  3035361   19.07%
  36234  9768      293.4629    31      303.4680      245.6249  3052836   19.06%
  36397  9862      245.8368    42      303.4680      245.6432  3068911   19.05%
Elapsed time = 1106.27 sec. (831923.30 ticks, tree = 13.90 MB, solutions = 8)
  36615  9997      260.7741    48      303.4680      245.6639  3087585   19.05%
  36790 10117      260.1595    44      303.4680      245.6752  3105353   19.04%
  36962 10222      246.4142    61      303.4680      245.6969  3120274   19.04%
  37159 10365      266.1608    34      303.4680      245.7171  3139533   19.03%
  37334 10475      247.3995    49      303.4680      245.7388  3157652   19.02%
  37569 10633      247.9241    55      303.4680      245.7570  3176513   19.02%
  37747 10752      268.1499    45      303.4680      245.7741  3190967   19.01%
  37918 10872      291.2085    37      303.4680      245.7910  3207268   19.01%
  38018 10927      250.9867    41      303.4680      245.7976  3218452   19.00%
  38200 11052      255.1479    51      303.4680      245.8088  3234281   19.00%
Elapsed time = 1154.16 sec. (871340.74 ticks, tree = 15.35 MB, solutions = 8)
  38416 11197      246.8933    65      303.4680      245.8281  3253375   18.99%
  38598 11315      255.8619    52      303.4680      245.8481  3272429   18.99%
  38827 11471      260.3837    45      303.4680      245.8784  3291012   18.98%
  39018 11591      246.8925    45      303.4680      245.8908  3306532   18.97%
  39195 11716      255.2148    47      303.4680      245.9066  3324084   18.97%
* 39338 11814      integral     0      303.3374      245.9191  3335498   18.93%
  39424 11872      279.4290    51      303.3374      245.9257  3342067   18.93%
  39623 11990      250.6930    51      303.3374      245.9469  3359796   18.92%
  39845 12130      249.7404    49      303.3374      245.9591  3377561   18.92%
  40031 12248      279.2072    37      303.3374      245.9789  3390140   18.91%
  40237 12383      249.7779    47      303.3374      245.9930  3408148   18.90%
Elapsed time = 1200.42 sec. (910455.72 ticks, tree = 16.98 MB, solutions = 9)
  40417 12501      246.6294    51      303.3374      246.0151  3425474   18.90%
  40648 12654      248.8108    55      303.3374      246.0332  3443500   18.89%
  40833 12781      255.4637    50      303.3374      246.0563  3461096   18.88%
  41018 12899      286.4847    39      303.3374      246.0724  3476850   18.88%
  41227 13034      281.4366    32      303.3374      246.0927  3496517   18.87%
  41434 13166      251.9229    53      303.3374      246.1052  3514323   18.87%
  41628 13299      274.0327    36      303.3374      246.1117  3532097   18.87%
  41820 13424      248.2718    52      303.3374      246.1266  3549975   18.86%
  42008 13552      248.4293    66      303.3374      246.1410  3567570   18.86%
  42179 13672      257.9895    57      303.3374      246.1555  3581669   18.85%
Elapsed time = 1247.71 sec. (950105.91 ticks, tree = 18.55 MB, solutions = 9)
  42388 13808      249.5900    53      303.3374      246.1676  3600067   18.85%
  42622 13962      246.4156    43      303.3374      246.1776  3618552   18.84%
  42850 14110      259.1834    44      303.3374      246.1893  3634870   18.84%
  43018 14221      283.8012    33      303.3374      246.1963  3652481   18.84%
  43211 14346      273.5924    30      303.3374      246.2138  3669186   18.83%
  43398 14457      261.9530    48      303.3374      246.2277  3686548   18.83%
  43576 14580      261.7478    44      303.3374      246.2363  3704283   18.82%
  43794 14714      251.3546    45      303.3374      246.2468  3722752   18.82%
  44007 14856      255.6404    50      303.3374      246.2569  3741169   18.82%
  44128 14928      253.7446    51      303.3374      246.2626  3753445   18.82%
Elapsed time = 1291.18 sec. (988805.52 ticks, tree = 20.04 MB, solutions = 9)
  44303 15059      269.4912    35      303.3374      246.2664  3768991   18.81%
  44506 15198      286.2797    32      303.3374      246.2754  3786974   18.81%
  44691 15312      260.8926    47      303.3374      246.2843  3806650   18.81%
  44889 15431      278.0996    40      303.3374      246.2931  3825052   18.81%
  45046 15533      281.2132    44      303.3374      246.3011  3842177   18.80%
  45256 15663      284.1553    39      303.3374      246.3199  3860137   18.80%
  45465 15795      284.2550    39      303.3374      246.3265  3876100   18.79%
  45664 15929      249.5313    52      303.3374      246.3315  3895610   18.79%
  45889 16064      247.0881    63      303.3374      246.3533  3914610   18.79%
  46018 16157      281.5813    39      303.3374      246.3617  3929326   18.78%
Elapsed time = 1330.74 sec. (1027663.74 ticks, tree = 21.54 MB, solutions = 9)
  46219 16283      296.5336    26      303.3374      246.3753  3947307   18.78%
  46399 16402      272.4287    45      303.3374      246.3897  3965579   18.77%
  46575 16513    infeasible            303.3374      246.4005  3983913   18.77%
  46767 16628      261.0926    51      303.3374      246.4142  4001688   18.77%
  46978 16770      248.7020    55      303.3374      246.4228  4018778   18.76%
  47163 16881      263.3036    38      303.3374      246.4325  4037171   18.76%
  47348 17001      263.4526    42      303.3374      246.4399  4054650   18.76%
  47508 17095      261.2047    43      303.3374      246.4484  4071145   18.75%
  47706 17232      254.6664    54      303.3374      246.4561  4089691   18.75%
  47883 17348        cutoff            303.3374      246.4658  4108240   18.75%
Elapsed time = 1368.86 sec. (1065947.78 ticks, tree = 23.74 MB, solutions = 9)
  48018 17438      256.0455    43      303.3374      246.4763  4121142   18.75%
  48229 17582      267.9957    46      303.3374      246.4823  4138877   18.74%
  48386 17689      248.9965    61      303.3374      246.4874  4156933   18.74%
  48604 17830    infeasible            303.3374      246.5042  4176683   18.74%
  48783 17938      253.9907    47      303.3374      246.5192  4195086   18.73%
  49019 18094      247.7353    40      303.3374      246.5366  4213650   18.73%
  49241 18233      252.4461    52      303.3374      246.5466  4233189   18.72%
  49473 18378      257.5745    52      303.3374      246.5611  4252922   18.72%
  49685 18502      249.6071    57      303.3374      246.5711  4271689   18.71%
  49886 18637      249.6912    47      303.3374      246.5855  4289678   18.71%
Elapsed time = 1408.32 sec. (1104873.27 ticks, tree = 25.38 MB, solutions = 9)
  50075 18754      255.8637    48      303.3374      246.5939  4307787   18.71%
  50279 18888      251.6546    56      303.3374      246.6057  4325867   18.70%
  50454 18985      273.2004    39      303.3374      246.6263  4345283   18.70%
  50680 19142      266.8772    40      303.3374      246.6371  4362502   18.69%
  50893 19275      271.3762    41      303.3374      246.6514  4380261   18.69%
  51074 19385      252.6405    47      303.3374      246.6618  4397537   18.68%
  51278 19528      282.0499    30      303.3374      246.6688  4415509   18.68%
  51468 19650      254.0199    61      303.3374      246.6837  4432174   18.68%
  51687 19785      248.0411    60      303.3374      246.6973  4449883   18.67%
  51932 19931      250.1763    44      303.3374      246.7048  4468316   18.67%
Elapsed time = 1446.39 sec. (1143213.75 ticks, tree = 26.97 MB, solutions = 9)
  52136 20052      283.4422    35      303.3374      246.7147  4487763   18.67%
  52352 20197      265.9932    45      303.3374      246.7230  4505672   18.66%
  52564 20346      247.5459    62      303.3374      246.7288  4522226   18.66%
  52758 20485      276.1953    44      303.3374      246.7399  4543170   18.66%
  52932 20599      253.8644    41      303.3374      246.7486  4557948   18.66%
  53120 20715      250.8107    44      303.3374      246.7562  4575362   18.65%
  53298 20823      250.3416    44      303.3374      246.7635  4593445   18.65%
  53536 20980      247.4294    64      303.3374      246.7704  4612308   18.65%
  53732 21107      248.4308    58      303.3374      246.7831  4630404   18.64%
  53967 21272      270.1839    39      303.3374      246.7989  4648391   18.64%
Elapsed time = 1486.55 sec. (1181901.00 ticks, tree = 28.62 MB, solutions = 9)
  54212 21421      271.9405    45      303.3374      246.8105  4667045   18.64%
  54467 21576      291.6292    34      303.3374      246.8231  4686398   18.63%
  54647 21698      286.7124    33      303.3374      246.8346  4702042   18.63%
  54830 21801      266.7493    43      303.3374      246.8406  4720827   18.63%
  55011 21911      246.8466    56      303.3374      246.8469  4740008   18.62%
  55166 22023      261.9927    42      303.3374      246.8554  4754526   18.62%
  55387 22160        cutoff            303.3374      246.8674  4772628   18.62%
  55612 22305      252.2435    47      303.3374      246.8712  4792040   18.61%
  55848 22440      275.9694    38      303.3374      246.8812  4808806   18.61%
  56049 22576      248.6037    50      303.3374      246.8886  4824387   18.61%
Elapsed time = 1526.45 sec. (1220354.34 ticks, tree = 30.22 MB, solutions = 9)
  56250 22709      280.7068    41      303.3374      246.8927  4843229   18.61%
  56478 22846      299.4110    38      303.3374      246.9033  4861879   18.60%
  56708 22990      246.9268    60      303.3374      246.9113  4878949   18.60%
  56941 23149      272.1725    37      303.3374      246.9209  4897408   18.60%
  57132 23261      251.1725    43      303.3374      246.9273  4913634   18.60%
  57344 23395      280.6117    44      303.3374      246.9336  4933077   18.59%
  57526 23514      260.6060    46      303.3374      246.9409  4952595   18.59%
  57746 23651      257.4815    50      303.3374      246.9505  4969873   18.59%
  58007 23812      295.8662    37      303.3374      246.9616  4988808   18.59%
  58220 23945      247.1539    80      303.3374      246.9713  5005745   18.58%
Elapsed time = 1564.80 sec. (1259228.91 ticks, tree = 31.85 MB, solutions = 9)
  58440 24094      247.2079    54      303.3374      246.9825  5024220   18.58%
  58640 24220      248.9718    64      303.3374      246.9902  5043347   18.58%
  58859 24364      275.8377    32      303.3374      246.9960  5062060   18.57%
  59035 24474      277.0941    39      303.3374      247.0067  5080221   18.57%
  59239 24605      274.6677    42      303.3374      247.0204  5098596   18.57%
  59437 24724      247.7637    74      303.3374      247.0284  5115556   18.56%
  59655 24874      256.5724    43      303.3374      247.0415  5134076   18.56%
  59845 24989      248.7521    52      303.3374      247.0504  5152241   18.56%
  60043 25120      284.0449    32      303.3374      247.0548  5171522   18.55%
  60224 25246      247.5683    59      303.3374      247.0607  5188921   18.55%
Elapsed time = 1607.02 sec. (1297479.78 ticks, tree = 33.56 MB, solutions = 9)
  60414 25365        cutoff            303.3374      247.0777  5208616   18.55%
  60595 25484      262.8496    40      303.3374      247.0878  5225363   18.54%
  60775 25590      251.0310    58      303.3374      247.0943  5243970   18.54%
  61012 25748      247.2583    57      303.3374      247.0997  5263013   18.54%
  61096 25804      301.7504    27      303.3374      247.1016  5269707   18.54%
  61286 25933      261.1865    38      303.3374      247.1115  5288198   18.54%
  61536 26087      302.8411    33      303.3374      247.1197  5305673   18.53%
  61741 26206      252.6912    51      303.3374      247.1287  5323545   18.53%
  61957 26348      289.5881    39      303.3374      247.1362  5343094   18.53%
  62137 26459      247.3904    55      303.3374      247.1419  5358008   18.53%
Elapsed time = 1650.69 sec. (1335799.18 ticks, tree = 35.06 MB, solutions = 9)
  62384 26625      254.0630    43      303.3374      247.1534  5376864   18.52%
  62621 26777      287.9777    41      303.3374      247.1617  5395543   18.52%
  62848 26928      295.4564    37      303.3374      247.1692  5414017   18.52%
  63018 27039      258.4490    46      303.3374      247.1738  5429353   18.52%
  63227 27165      296.1505    30      303.3374      247.1849  5446809   18.51%
  63474 27329      268.3794    51      303.3374      247.1949  5465239   18.51%
  63695 27471      266.3528    45      303.3374      247.2057  5482595   18.50%
  63878 27575      289.8445    31      303.3374      247.2087  5503055   18.50%
  64018 27663      267.7020    47      303.3374      247.2135  5517177   18.50%
  64219 27803      278.8186    30      303.3374      247.2187  5536170   18.50%
Elapsed time = 1693.66 sec. (1374745.19 ticks, tree = 36.71 MB, solutions = 9)
  64439 27940      284.6373    41      303.3374      247.2273  5554503   18.50%
  64675 28090      248.7014    59      303.3374      247.2361  5572880   18.49%
  64897 28229      253.8731    51      303.3374      247.2447  5591041   18.49%
  65030 28323      271.0160    37      303.3374      247.2506  5601806   18.49%
  65253 28463      253.5799    58      303.3374      247.2573  5620464   18.49%
  65439 28580      267.8878    39      303.3374      247.2647  5636866   18.49%
  65656 28719      288.0654    38      303.3374      247.2695  5655993   18.48%
  65828 28821      254.3731    40      303.3374      247.2788  5671667   18.48%
  66010 28947      273.3505    48      303.3374      247.2835  5689641   18.48%
  66218 29073      270.9953    36      303.3374      247.2926  5707446   18.48%
Elapsed time = 1736.65 sec. (1413450.49 ticks, tree = 38.22 MB, solutions = 9)
  66445 29208      277.9932    32      303.3374      247.3000  5726439   18.47%
  66648 29326      249.2820    41      303.3374      247.3027  5744816   18.47%
  66871 29470      253.6836    45      303.3374      247.3158  5764088   18.47%
  67060 29589        cutoff            303.3374      247.3234  5782146   18.47%
  67272 29732      266.4584    46      303.3374      247.3265  5801747   18.46%
  67458 29830      248.4231    68      303.3374      247.3338  5819200   18.46%
  67620 29928      259.5759    50      303.3374      247.3392  5832969   18.46%
  67849 30081      281.5183    38      303.3374      247.3453  5851793   18.46%
  68018 30188      253.1358    54      303.3374      247.3552  5864365   18.46%
  68232 30335      278.4594    38      303.3374      247.3620  5884616   18.45%
Elapsed time = 1781.56 sec. (1453299.92 ticks, tree = 39.78 MB, solutions = 9)
  68467 30485        cutoff            303.3374      247.3722  5902728   18.45%
  68673 30612      248.1231    51      303.3374      247.3802  5920967   18.45%
  68899 30765      296.1553    32      303.3374      247.3840  5940269   18.45%
  69040 30863      256.6665    46      303.3374      247.3879  5953247   18.44%
  69290 31048      252.5209    40      303.3374      247.3936  5972846   18.44%
  69512 31193    infeasible            303.3374      247.4028  5989511   18.44%
  69741 31329      275.9500    40      303.3374      247.4110  6008189   18.44%
  69980 31485      283.7859    37      303.3374      247.4170  6027553   18.44%
  70172 31616      266.7450    32      303.3374      247.4306  6044315   18.43%
  70402 31759      253.1902    46      303.3374      247.4384  6063585   18.43%
Elapsed time = 1824.91 sec. (1491624.33 ticks, tree = 41.53 MB, solutions = 9)
  70627 31910      263.2723    50      303.3374      247.4469  6082167   18.43%
  70818 32033      253.2890    54      303.3374      247.4540  6101142   18.42%
  71047 32183      266.2323    27      303.3374      247.4602  6119355   18.42%
  71221 32298      247.9958    58      303.3374      247.4630  6136788   18.42%
  71431 32435      271.8459    40      303.3374      247.4695  6156567   18.42%
  71643 32579      277.6101    34      303.3374      247.4763  6174113   18.42%
  71855 32697      268.2856    45      303.3374      247.4859  6193319   18.41%
  72018 32811      271.6378    46      303.3374      247.4897  6207592   18.41%
  72256 32939      256.6099    58      303.3374      247.4936  6227821   18.41%
  72448 33061      262.9698    38      303.3374      247.5001  6245109   18.41%
Elapsed time = 1870.93 sec. (1530877.40 ticks, tree = 44.52 MB, solutions = 9)
  72662 33186    infeasible            303.3374      247.5091  6263286   18.40%
  72885 33334      260.5178    45      303.3374      247.5128  6282458   18.40%
  73103 33465      247.6838    44      303.3374      247.5162  6300556   18.40%
  73372 33649      264.7798    47      303.3374      247.5269  6319788   18.40%
  73555 33780      272.4235    41      303.3374      247.5314  6336700   18.40%
  73801 33949      300.3163    37      303.3374      247.5363  6354777   18.40%
  73966 34049      250.4591    66      303.3374      247.5427  6371548   18.39%
  74153 34177      248.6092    55      303.3374      247.5471  6388176   18.39%
  74389 34340      253.2241    56      303.3374      247.5544  6406725   18.39%
  74591 34465      287.4492    42      303.3374      247.5575  6423858   18.39%
Elapsed time = 1914.99 sec. (1569422.47 ticks, tree = 46.25 MB, solutions = 9)
  74807 34591      301.7092    27      303.3374      247.5624  6442755   18.39%
  74995 34713      262.0920    50      303.3374      247.5684  6460754   18.39%
  75210 34860      253.6668    51      303.3374      247.5729  6480125   18.38%
  75370 34967      247.5784    65      303.3374      247.5782  6495728   18.38%
  75598 35119      271.8399    46      303.3374      247.5842  6514449   18.38%
  75790 35238      248.2046    61      303.3374      247.5929  6532001   18.38%
  75994 35360      250.1963    52      303.3374      247.6011  6551831   18.37%
  76189 35481        cutoff            303.3374      247.6066  6570462   18.37%
  76395 35595      253.1763    58      303.3374      247.6120  6590923   18.37%
  76587 35727      275.5896    47      303.3374      247.6179  6609207   18.37%
Elapsed time = 1959.00 sec. (1608138.98 ticks, tree = 47.81 MB, solutions = 9)
  76805 35862      277.6970    35      303.3374      247.6254  6628549   18.37%
  76987 35969      259.8181    48      303.3374      247.6307  6645613   18.36%
  77188 36088      248.6535    54      303.3374      247.6349  6661052   18.36%
  77397 36225      262.7644    47      303.3374      247.6448  6679352   18.36%
  77588 36349      282.2594    49      303.3374      247.6481  6696350   18.36%
  77798 36482      258.6107    54      303.3374      247.6535  6715756   18.36%
  78000 36618      274.9122    45      303.3374      247.6576  6733856   18.36%
  78099 36678      249.0622    55      303.3374      247.6591  6744336   18.36%
  78284 36798      281.1070    40      303.3374      247.6631  6763157   18.35%
  78501 36937      295.8931    38      303.3374      247.6666  6783587   18.35%
Elapsed time = 2002.50 sec. (1646626.96 ticks, tree = 49.31 MB, solutions = 9)
  78710 37082      252.4588    56      303.3374      247.6737  6800712   18.35%
  78952 37226        cutoff            303.3374      247.6855  6819958   18.35%
  79156 37369      248.2475    79      303.3374      247.6909  6838197   18.34%
  79352 37512      250.1761    52      303.3374      247.6929  6856305   18.34%
  79555 37643      261.4496    50      303.3374      247.7002  6876040   18.34%
  79758 37781      281.7247    35      303.3374      247.7048  6896746   18.34%
  79983 37921      263.5791    44      303.3374      247.7112  6915491   18.34%
  80201 38058      255.8108    55      303.3374      247.7157  6932699   18.34%
  80363 38157        cutoff            303.3374      247.7250  6948361   18.33%
  80633 38325      257.3168    43      303.3374      247.7333  6966465   18.33%
Elapsed time = 2046.50 sec. (1684969.20 ticks, tree = 51.13 MB, solutions = 9)
  80818 38437      253.2137    55      303.3374      247.7421  6983627   18.33%
  81018 38557      267.4734    48      303.3374      247.7473  6999133   18.33%
  81201 38669      273.2660    33      303.3374      247.7514  7015466   18.32%
  81436 38829      288.9731    35      303.3374      247.7567  7035463   18.32%
  81631 38953      287.9361    31      303.3374      247.7613  7054704   18.32%
  81857 39106      284.2355    34      303.3374      247.7684  7074043   18.32%
  82053 39227      269.3647    38      303.3374      247.7719  7090910   18.32%
  82255 39362      293.0244    28      303.3374      247.7793  7109686   18.32%
  82456 39497      278.5768    37      303.3374      247.7850  7128916   18.31%
  82688 39645      252.4749    45      303.3374      247.7894  7148610   18.31%
Elapsed time = 2087.90 sec. (1723443.80 ticks, tree = 52.76 MB, solutions = 9)
  82858 39746      271.2500    38      303.3374      247.7958  7165836   18.31%
  83087 39907      260.4197    57      303.3374      247.8009  7185227   18.31%
  83325 40052      254.8207    34      303.3374      247.8078  7202822   18.31%
  83500 40155      247.8169    73      303.3374      247.8111  7218164   18.31%
  83719 40290      271.9161    45      303.3374      247.8183  7236201   18.30%
  83953 40427      250.9628    51      303.3374      247.8258  7255351   18.30%
  84109 40517      262.7761    44      303.3374      247.8301  7269476   18.30%
  84305 40644      264.3191    48      303.3374      247.8377  7289055   18.30%
  84491 40762      251.2424    42      303.3374      247.8419  7307270   18.29%
  84715 40906        cutoff            303.3374      247.8468  7326660   18.29%
Elapsed time = 2134.21 sec. (1761786.09 ticks, tree = 54.32 MB, solutions = 9)
  84938 41042      295.1956    34      303.3374      247.8527  7344541   18.29%
  85092 41132      248.1469    50      303.3374      247.8576  7356856   18.29%
  85333 41285      254.3239    50      303.3374      247.8636  7376108   18.29%
  85562 41444      253.7607    52      303.3374      247.8693  7394152   18.29%
  85738 41563      263.0595    38      303.3374      247.8745  7411513   18.28%
  85954 41711      257.2130    39      303.3374      247.8787  7431180   18.28%
  86094 41789      263.4072    37      303.3374      247.8840  7444464   18.28%
  86325 41932      251.5958    57      303.3374      247.8895  7464555   18.28%
  86561 42076      264.2307    46      303.3374      247.8967  7481005   18.28%
  86807 42233      295.3132    40      303.3374      247.9028  7500790   18.27%
Elapsed time = 2180.40 sec. (1800108.24 ticks, tree = 56.01 MB, solutions = 9)
  86952 42304      283.6656    51      303.3374      247.9044  7520803   18.27%
  87082 42385      250.2062    47      303.3374      247.9080  7533033   18.27%
  87247 42477      248.4480    74      303.3374      247.9144  7550267   18.27%
  87451 42603      280.4682    37      303.3374      247.9168  7569459   18.27%
  87646 42727      302.0486    35      303.3374      247.9233  7586992   18.27%
  87870 42865      293.9407    26      303.3374      247.9288  7606250   18.27%
  88066 42990      260.1246    40      303.3374      247.9315  7620929   18.27%
  88294 43151      289.2875    36      303.3374      247.9362  7640218   18.26%
  88496 43262        cutoff            303.3374      247.9400  7659273   18.26%
  88728 43416      266.0749    41      303.3374      247.9437  7676953   18.26%
Elapsed time = 2226.33 sec. (1838385.94 ticks, tree = 57.42 MB, solutions = 9)
  88918 43545      282.4378    39      303.3374      247.9516  7696214   18.26%
  89113 43666      269.0141    39      303.3374      247.9580  7712846   18.26%
  89343 43821    infeasible            303.3374      247.9635  7729002   18.25%
  89604 43997        cutoff            303.3374      247.9669  7747847   18.25%
  89763 44104        cutoff            303.3374      247.9691  7763692   18.25%
  89985 44236      296.3079    36      303.3374      247.9755  7782754   18.25%
  90156 44342      252.8070    65      303.3374      247.9794  7798864   18.25%
  90356 44470      247.9937    54      303.3374      247.9836  7815195   18.25%
  90548 44586        cutoff            303.3374      247.9874  7835107   18.25%
  90774 44734      249.1253    49      303.3374      247.9930  7853317   18.25%
Elapsed time = 2272.57 sec. (1876635.47 ticks, tree = 59.05 MB, solutions = 9)
  91002 44871      248.0011    77      303.3374      248.0011  7871639   18.24%
  91193 44994      266.6539    37      303.3374      248.0051  7892367   18.24%
  91410 45135      279.5375    37      303.3374      248.0101  7911707   18.24%
  91631 45265      258.8018    53      303.3374      248.0163  7929554   18.24%
  91853 45400      280.1497    32      303.3374      248.0202  7948697   18.24%
  92010 45497      298.7165    48      303.3374      248.0245  7966674   18.23%
  92262 45663      258.3772    51      303.3374      248.0308  7984937   18.23%
  92488 45803      258.2831    47      303.3374      248.0339  8003534   18.23%
  92680 45927      279.7188    41      303.3374      248.0389  8024593   18.23%
  92838 46022      262.8252    55      303.3374      248.0408  8042592   18.23%
Elapsed time = 2317.97 sec. (1914973.38 ticks, tree = 60.70 MB, solutions = 9)
  93018 46137      253.6186    50      303.3374      248.0440  8062791   18.23%
  93224 46258      264.1363    39      303.3374      248.0482  8080946   18.23%
  93460 46406        cutoff            303.3374      248.0524  8100311   18.23%
  93696 46543      253.9178    50      303.3374      248.0579  8118809   18.22%
  93902 46676      257.4066    55      303.3374      248.0640  8138433   18.22%
  94072 46782      251.1331    39      303.3374      248.0714  8152751   18.22%
  94276 46910      271.4055    35      303.3374      248.0775  8172520   18.22%
  94488 47033      295.2834    36      303.3374      248.0812  8189662   18.22%
  94729 47175      268.4518    33      303.3374      248.0869  8208416   18.21%
  94896 47272      261.4683    46      303.3374      248.0929  8226071   18.21%
Elapsed time = 2366.27 sec. (1955066.44 ticks, tree = 62.25 MB, solutions = 9)
  95098 47399      253.2794    39      303.3374      248.0984  8242896   18.21%
  95316 47538      297.4896    35      303.3374      248.1026  8263017   18.21%
  95514 47646      249.2172    52      303.3374      248.1084  8279983   18.21%
  95722 47771      251.0204    51      303.3374      248.1124  8298137   18.21%
  95962 47930      252.9710    50      303.3374      248.1181  8317627   18.20%
  96141 48044      249.9063    59      303.3374      248.1228  8333361   18.20%
  96342 48180      263.5552    43      303.3374      248.1257  8352858   18.20%
  96543 48307      273.8513    52      303.3374      248.1312  8369080   18.20%
  96743 48429      255.5988    51      303.3374      248.1381  8388125   18.20%
  96960 48558      269.2471    46      303.3374      248.1443  8405403   18.20%
Elapsed time = 2411.95 sec. (1993488.93 ticks, tree = 63.90 MB, solutions = 9)
  97186 48709      281.3753    30      303.3374      248.1471  8423170   18.19%
  97328 48802      267.9375    46      303.3374      248.1493  8437749   18.19%
  97544 48941      294.8863    37      303.3374      248.1563  8456578   18.19%
  97781 49096      248.1720    60      303.3374      248.1600  8475096   18.19%
  97973 49206      268.7662    33      303.3374      248.1635  8495552   18.19%
  98125 49310      265.8792    44      303.3374      248.1659  8510592   18.19%
  98322 49415    infeasible            303.3374      248.1730  8529607   18.19%
  98590 49587      251.3444    58      303.3374      248.1788  8547363   18.18%
  98843 49748      261.9057    38      303.3374      248.1859  8566961   18.18%
  99002 49839      251.4450    63      303.3374      248.1913  8584591   18.18%
Elapsed time = 2459.35 sec. (2032524.51 ticks, tree = 65.48 MB, solutions = 9)
  99133 49917      266.3553    40      303.3374      248.1930  8597834   18.18%
  99343 50039      274.6347    65      303.3374      248.1976  8617312   18.18%
  99550 50184      258.1725    45      303.3374      248.2067  8635200   18.17%
  99752 50315      286.4975    39      303.3374      248.2102  8655384   18.17%
  99962 50440      264.6752    37      303.3374      248.2144  8674007   18.17%
 100076 50515      254.6553    47      303.3374      248.2165  8685252   18.17%
 100284 50641      268.0402    41      303.3374      248.2233  8703253   18.17%
 100520 50771      256.0790    53      303.3374      248.2353  8722334   18.17%
 100732 50912      250.2677    64      303.3374      248.2386  8741778   18.16%
 100895 51024    infeasible            303.3374      248.2400  8758889   18.16%
Elapsed time = 2505.51 sec. (2070815.46 ticks, tree = 66.95 MB, solutions = 9)
 101087 51149      285.4466    47      303.3374      248.2450  8775588   18.16%
 101234 51242      266.3774    39      303.3374      248.2474  8791500   18.16%
 101457 51383      250.1497    56      303.3374      248.2494  8811967   18.16%
 101642 51506      298.0758    45      303.3374      248.2545  8831506   18.16%
 101891 51661      253.1776    42      303.3374      248.2620  8851204   18.16%
 102050 51758      296.3063    29      303.3374      248.2646  8864201   18.16%
 102240 51883      249.1706    53      303.3374      248.2685  8882099   18.15%
 102460 52018      248.4941    54      303.3374      248.2734  8900811   18.15%
 102621 52099      264.0860    47      303.3374      248.2777  8917395   18.15%
 102804 52214      263.0053    48      303.3374      248.2824  8936796   18.15%
Elapsed time = 2551.30 sec. (2109072.23 ticks, tree = 68.42 MB, solutions = 9)
 102990 52327      248.2884    48      303.3374      248.2884  8956543   18.15%
 103142 52420      252.3805    56      303.3374      248.2928  8966655   18.15%
 103313 52530      251.3900    49      303.3374      248.2967  8986834   18.15%
 103497 52656      292.0558    38      303.3374      248.2986  9006580   18.14%
 103707 52774      276.3618    38      303.3374      248.3042  9026199   18.14%
 103937 52909        cutoff            303.3374      248.3113  9045837   18.14%
 104072 52987      259.8790    52      303.3374      248.3158  9058225   18.14%
 104301 53110        cutoff            303.3374      248.3186  9077048   18.14%
 104522 53243      254.8980    37      303.3374      248.3240  9096353   18.14%
 104766 53401      248.8957    52      303.3374      248.3285  9114674   18.13%
Elapsed time = 2597.05 sec. (2147320.31 ticks, tree = 69.89 MB, solutions = 9)
 104978 53529      257.0774    37      303.3374      248.3331  9133074   18.13%
 105153 53637      272.9849    43      303.3374      248.3353  9149543   18.13%
 105341 53762      288.7838    34      303.3374      248.3383  9168433   18.13%
 105560 53889      277.9915    31      303.3374      248.3420  9187137   18.13%
 105744 53997    infeasible            303.3374      248.3454  9207116   18.13%
 105959 54130      299.0027    37      303.3374      248.3522  9226502   18.13%
 106113 54221      274.9679    40      303.3374      248.3568  9239460   18.13%
 106302 54335      255.0553    46      303.3374      248.3629  9258914   18.12%
 106523 54485      248.8953    55      303.3374      248.3662  9277288   18.12%
 106731 54618      269.3455    37      303.3374      248.3699  9296617   18.12%
Elapsed time = 2643.88 sec. (2185727.23 ticks, tree = 71.40 MB, solutions = 9)
 106942 54744      269.1036    46      303.3374      248.3758  9316163   18.12%
 107110 54851      262.4625    45      303.3374      248.3794  9331087   18.12%
 107326 54985      254.5781    46      303.3374      248.3853  9350788   18.12%
 107530 55106      248.7277    39      303.3374      248.3944  9369908   18.11%
 107770 55258      256.5534    46      303.3374      248.3996  9389960   18.11%
 108001 55385      248.7297    65      303.3374      248.4054  9410095   18.11%
 108160 55492      257.9760    39      303.3374      248.4073  9425293   18.11%
 108376 55632      266.5362    48      303.3374      248.4100  9444356   18.11%
 108593 55759      262.9711    46      303.3374      248.4148  9465246   18.11%
 108828 55913      299.3873    37      303.3374      248.4181  9484241   18.11%
Elapsed time = 2689.93 sec. (2224463.37 ticks, tree = 73.00 MB, solutions = 9)
 109043 56040      264.2631    42      303.3374      248.4236  9502300   18.10%
 109269 56176      266.3983    39      303.3374      248.4287  9520907   18.10%
 109474 56291      263.0525    45      303.3374      248.4337  9537375   18.10%
 109706 56441      249.2350    60      303.3374      248.4378  9556698   18.10%
 109911 56566      252.8953    85      303.3374      248.4411  9576278   18.10%
 110088 56678      278.6721    41      303.3374      248.4441  9592304   18.10%
 110304 56817      276.9751    43      303.3374      248.4488  9611727   18.09%
 110536 56951      282.4795    29      303.3374      248.4548  9630815   18.09%
 110785 57106      281.7992    43      303.3374      248.4607  9650477   18.09%
 110976 57224      287.9952    36      303.3374      248.4637  9669110   18.09%
Elapsed time = 2734.94 sec. (2262740.96 ticks, tree = 74.62 MB, solutions = 9)
 111187 57332        cutoff            303.3374      248.4691  9686080   18.09%
 111397 57453      263.4275    48      303.3374      248.4737  9702773   18.09%
 111620 57580      290.0500    42      303.3374      248.4784  9721659   18.09%
 111827 57712      251.5970    43      303.3374      248.4830  9740136   18.08%
 112018 57836      255.2916    36      303.3374      248.4861  9756306   18.08%
 112240 57961      301.9895    35      303.3374      248.4912  9775192   18.08%
 112444 58091      274.6883    31      303.3374      248.4956  9793799   18.08%
 112633 58203      252.8363    51      303.3374      248.5035  9812885   18.08%
 112852 58342      250.0459    44      303.3374      248.5121  9831828   18.07%
 113018 58448      260.3742    52      303.3374      248.5158  9846087   18.07%
Elapsed time = 2781.03 sec. (2301723.31 ticks, tree = 76.31 MB, solutions = 9)
 113252 58587      297.5686    32      303.3374      248.5180  9865486   18.07%
 113443 58714      263.6025    47      303.3374      248.5221  9884579   18.07%
 113631 58815      280.3816    38      303.3374      248.5254  9903946   18.07%
 113859 58950      252.6335    47      303.3374      248.5308  9922528   18.07%
 114018 59045      268.7976    36      303.3374      248.5340  9939890   18.07%
 114256 59190      267.8147    36      303.3374      248.5395  9959233   18.07%
 114461 59323      276.6744    44      303.3374      248.5429  9977595   18.06%
 114671 59434      269.7103    47      303.3374      248.5451  9995811   18.06%
 114878 59552      286.6139    34      303.3374      248.5514 10015796   18.06%
 115046 59646      266.8874    47      303.3374      248.5544 10030903   18.06%
Elapsed time = 2822.88 sec. (2340007.92 ticks, tree = 77.91 MB, solutions = 9)
 115266 59789      278.1427    40      303.3374      248.5596 10050070   18.06%
 115433 59897        cutoff            303.3374      248.5646 10067380   18.06%
 115618 60015      291.1379    45      303.3374      248.5682 10087294   18.06%
 115834 60149      258.6720    49      303.3374      248.5750 10106861   18.05%
 116051 60292      252.4990    47      303.3374      248.5777 10125184   18.05%
 116288 60428      253.4919    59      303.3374      248.5813 10144397   18.05%
 116492 60539    infeasible            303.3374      248.5847 10164563   18.05%
 116668 60641      256.1024    44      303.3374      248.5886 10184233   18.05%
 116874 60765      274.3636    33      303.3374      248.5931 10202770   18.05%
 117018 60867      277.0583    50      303.3374      248.5956 10219716   18.05%
Elapsed time = 2861.58 sec. (2378720.31 ticks, tree = 79.42 MB, solutions = 9)
 117218 61001      266.8621    65      303.3374      248.6027 10238698   18.04%
 117380 61105      270.3051    47      303.3374      248.6054 10256505   18.04%
 117616 61261      280.8929    29      303.3374      248.6086 10275480   18.04%
 117809 61367    infeasible            303.3374      248.6122 10293314   18.04%
 118025 61515      271.3983    42      303.3374      248.6162 10313443   18.04%
 118193 61604    infeasible            303.3374      248.6209 10333688   18.04%
 118390 61721        cutoff            303.3374      248.6250 10352283   18.04%
 118582 61846      266.0204    41      303.3374      248.6292 10372318   18.04%
 118803 61971      253.6505    62      303.3374      248.6354 10390095   18.03%
 119018 62101      301.5820    41      303.3374      248.6415 10408169   18.03%
Elapsed time = 2900.60 sec. (2418351.94 ticks, tree = 80.96 MB, solutions = 9)
 119184 62201      268.1092    39      303.3374      248.6439 10428392   18.03%
 119351 62301      262.6526    35      303.3374      248.6474 10443909   18.03%
 119564 62429      296.7083    36      303.3374      248.6512 10463396   18.03%
 119754 62552      278.4002    40      303.3374      248.6541 10482935   18.03%
 119983 62679      254.9839    56      303.3374      248.6591 10502088   18.03%
 120197 62827      294.4019    31      303.3374      248.6647 10519159   18.02%
 120413 62956      258.1656    56      303.3374      248.6679 10538199   18.02%
 120598 63069      302.9239    21      303.3374      248.6721 10557771   18.02%
 120814 63199      287.4444    29      303.3374      248.6755 10576958   18.02%
 121012 63329      253.9494    57      303.3374      248.6790 10597124   18.02%
Elapsed time = 2938.46 sec. (2456704.81 ticks, tree = 82.48 MB, solutions = 9)
 121215 63454      266.0984    52      303.3374      248.6855 10615450   18.02%
 121420 63587    infeasible            303.3374      248.6918 10635722   18.01%
 121602 63710      273.8081    51      303.3374      248.6952 10653721   18.01%
 121808 63832      263.6212    35      303.3374      248.7000 10673025   18.01%
 122006 63957      253.3462    44      303.3374      248.7029 10692793   18.01%
 122148 64049      264.4807    35      303.3374      248.7058 10705767   18.01%
 122393 64206      297.7487    27      303.3374      248.7097 10725012   18.01%
 122560 64315      300.7146    38      303.3374      248.7117 10741885   18.01%
 122758 64423      264.0746    46      303.3374      248.7156 10762066   18.01%
 122979 64565      267.4998    33      303.3374      248.7191 10780876   18.01%
Elapsed time = 2975.97 sec. (2494987.31 ticks, tree = 84.13 MB, solutions = 9)
 123107 64647      285.1811    37      303.3374      248.7226 10793291   18.00%
 123282 64758      255.7333    61      303.3374      248.7266 10812772   18.00%
 123501 64889      255.0001    48      303.3374      248.7306 10832034   18.00%
 123731 65028      248.9986    64      303.3374      248.7334 10850373   18.00%
 123947 65166      249.1749    42      303.3374      248.7362 10869476   18.00%
 124094 65255    infeasible            303.3374      248.7397 10884834   18.00%
 124283 65363      297.1646    32      303.3374      248.7464 10903302   18.00%
 124488 65478      284.1641    27      303.3374      248.7507 10921367   18.00%
 124668 65593      255.2510    52      303.3374      248.7554 10939071   17.99%
 124922 65745      293.0950    28      303.3374      248.7625 10957464   17.99%
Elapsed time = 3013.35 sec. (2533237.88 ticks, tree = 88.54 MB, solutions = 9)
 125117 65884      262.2119    50      303.3374      248.7652 10975100   17.99%
 125346 66002        cutoff            303.3374      248.7682 10993482   17.99%
 125583 66159      274.4562    39      303.3374      248.7722 11013041   17.99%
 125788 66284      261.3690    43      303.3374      248.7772 11031131   17.99%
 125994 66417      251.6185    49      303.3374      248.7817 11050725   17.99%
 126215 66554      249.8844    47      303.3374      248.7857 11069140   17.98%
 126436 66681      252.6348    41      303.3374      248.7892 11088221   17.98%
 126630 66790      285.3933    44      303.3374      248.7935 11108578   17.98%
 126819 66910      256.3022    49      303.3374      248.7969 11125831   17.98%
 127053 67053      252.2424    52      303.3374      248.8023 11144373   17.98%
Elapsed time = 3051.30 sec. (2571538.87 ticks, tree = 90.17 MB, solutions = 9)
 127221 67168      251.0483    52      303.3374      248.8049 11162300   17.98%
 127415 67283      288.3788    38      303.3374      248.8072 11179116   17.98%
 127636 67411      302.5931    26      303.3374      248.8107 11197851   17.98%
 127853 67549      251.2815    49      303.3374      248.8130 11216680   17.97%
 128018 67640      266.8860    39      303.3374      248.8166 11234936   17.97%
 128219 67758        cutoff            303.3374      248.8198 11253752   17.97%
 128418 67875      291.5540    27      303.3374      248.8239 11273305   17.97%
 128639 68006      250.6134    63      303.3374      248.8270 11292602   17.97%
 128848 68153      265.4208    49      303.3374      248.8301 11310469   17.97%
 129065 68273      248.8368    66      303.3374      248.8342 11327977   17.97%
Elapsed time = 3089.63 sec. (2611468.77 ticks, tree = 91.74 MB, solutions = 9)
 129245 68400      266.6858    49      303.3374      248.8371 11344232   17.97%
 129461 68540      270.5943    42      303.3374      248.8416 11363430   17.97%
 129668 68665      261.3682    33      303.3374      248.8445 11382087   17.96%
 129858 68782        cutoff            303.3374      248.8475 11399458   17.96%
 130036 68891      283.4273    31      303.3374      248.8511 11413442   17.96%
 130264 69012      273.0014    36      303.3374      248.8561 11431944   17.96%
 130490 69152      252.5611    43      303.3374      248.8610 11451793   17.96%
 130726 69310      290.7560    40      303.3374      248.8673 11471489   17.96%
 130932 69447      253.3430    45      303.3374      248.8716 11491742   17.96%
 131107 69554      257.6967    33      303.3374      248.8742 11509154   17.95%
Elapsed time = 3126.74 sec. (2649778.92 ticks, tree = 93.39 MB, solutions = 9)
 131302 69674      253.9777    53      303.3374      248.8774 11526643   17.95%
 131517 69815      264.3698    41      303.3374      248.8821 11546778   17.95%
 131734 69953      254.0898    55      303.3374      248.8863 11565936   17.95%
 131920 70077      285.6580    47      303.3374      248.8877 11583001   17.95%
 132070 70169      275.8285    39      303.3374      248.8907 11599462   17.95%
 132267 70302      257.2428    45      303.3374      248.8947 11617402   17.95%
 132450 70409      263.2989    43      303.3374      248.8982 11637384   17.95%
 132684 70547      255.0716    53      303.3374      248.9010 11656909   17.95%
 132898 70679      296.3175    34      303.3374      248.9044 11675590   17.94%
 133124 70803      257.0703    60      303.3374      248.9067 11694853   17.94%
Elapsed time = 3163.63 sec. (2688051.61 ticks, tree = 95.00 MB, solutions = 9)
 133328 70922      249.3654    51      303.3374      248.9110 11714833   17.94%
 133542 71058      284.3810    36      303.3374      248.9154 11734164   17.94%
 133763 71181      250.1790    54      303.3374      248.9181 11754152   17.94%
 133973 71309      254.2937    49      303.3374      248.9208 11771796   17.94%
 134158 71417      259.2109    47      303.3374      248.9258 11790606   17.94%
 134360 71522      249.3428    51      303.3374      248.9277 11808612   17.94%
 134565 71656      279.8431    47      303.3374      248.9305 11828149   17.94%
 134789 71784      260.6140    49      303.3374      248.9342 11847095   17.93%
 134987 71902      259.8340    35      303.3374      248.9394 11866686   17.93%
 135218 72030      250.2885    63      303.3374      248.9458 11886366   17.93%
Elapsed time = 3201.30 sec. (2726566.92 ticks, tree = 96.52 MB, solutions = 9)
 135407 72158      253.0363    49      303.3374      248.9474 11903871   17.93%
 135640 72302      250.7014    57      303.3374      248.9503 11923056   17.93%
 135836 72426      302.3050    15      303.3374      248.9525 11943276   17.93%
 136018 72537      256.4923    48      303.3374      248.9558 11959022   17.93%
 136242 72685      284.6519    38      303.3374      248.9587 11977721   17.93%
 136449 72817      253.6041    46      303.3374      248.9642 11996167   17.93%
 136637 72934      266.7817    40      303.3374      248.9676 12012487   17.92%
 136849 73066      263.9052    47      303.3374      248.9702 12032438   17.92%
 137080 73198      289.7622    33      303.3374      248.9732 12049612   17.92%
 137331 73346      254.3016    46      303.3374      248.9792 12068621   17.92%
Elapsed time = 3239.23 sec. (2765278.54 ticks, tree = 98.16 MB, solutions = 9)
 137418 73409      266.5607    52      303.3374      248.9798 12077815   17.92%
 137618 73534      277.0784    41      303.3374      248.9846 12096294   17.92%
 137730 73609      260.1719    41      303.3374      248.9868 12105543   17.92%
 137831 73670      255.9101    45      303.3374      248.9888 12112510   17.92%
 137936 73737      266.9705    39      303.3374      248.9903 12120360   17.92%
*138018+73443                          302.4105      248.9918            17.66%
 138018 73445      255.3157    53      302.4105      248.9918 12128503   17.66%
 138118 73507      287.4605    39      302.4105      248.9923 12138811   17.66%
*138218+73424                          302.0716      248.9945            17.57%
 138218 73426      298.4255    30      302.0716      248.9945 12146691   17.57%
 138318 73483      255.0151    49      302.0716      248.9983 12156967   17.57%
 138418 73536      255.2139    53      302.0716      248.9993 12164090   17.57%
Elapsed time = 3285.16 sec. (2814641.46 ticks, tree = 98.51 MB, solutions = 11)
 138518 73600      286.8057    45      302.0716      249.0001 12173900   17.57%
 138718 73721      264.0318    38      302.0716      249.0044 12192040   17.57%
 138818 73780      277.9664    36      302.0716      249.0062 12201921   17.57%
 138918 73839      290.3330    49      302.0716      249.0078 12209447   17.57%
 139018 73895      258.4197    41      302.0716      249.0110 12219213   17.57%
 139148 73972        cutoff            302.0716      249.0124 12230938   17.57%
 139218 74022      265.7470    40      302.0716      249.0130 12238129   17.56%
 139318 74083      249.1610    60      302.0716      249.0147 12248060   17.56%
*139418+73862                          301.3788      249.0168            17.37%
 139418 73864      259.1518    39      301.3788      249.0168 12256528   17.37%
 139518 73928      250.5145    45      301.3788      249.0178 12266853   17.37%
Elapsed time = 3339.47 sec. (2874531.49 ticks, tree = 99.00 MB, solutions = 12)
 139618 74003      265.8386    47      301.3788      249.0195 12276023   17.37%
 139718 74075      296.9177    35      301.3788      249.0206 12286857   17.37%
*139818+73803                          300.5799      249.0215            17.15%
 139818 73805      270.0464    49      300.5799      249.0215 12296704   17.15%
*139918+73720                          300.2170      249.0223            17.05%
 139928 73722        cutoff            300.2170      249.0223 12305610   17.05%
*140018+73742                          300.1238      249.0236            17.03%
*140018+73720                          300.0755      249.0236            17.01%
 140018 73722      286.1243    43      300.0755      249.0236 12313992   17.01%
 140135 73798      252.9576    69      300.0755      249.0255 12324884   17.01%
 140218 73856      250.4781    79      300.0755      249.0272 12331471   17.01%
 140352 73939      279.8284    61      300.0755      249.0294 12344382   17.01%
 140486 74019      253.1484    59      300.0755      249.0317 12360099   17.01%
 140618 74119      276.7418    37      300.0755      249.0327 12371466   17.01%
Elapsed time = 3390.06 sec. (2928530.63 ticks, tree = 99.25 MB, solutions = 16)
 140818 74253      251.7625    48      300.0755      249.0344 12385361   17.01%
 140918 74318      257.9873    44      300.0755      249.0352 12392482   17.01%
 141018 74377      261.0459    54      300.0755      249.0361 12399889   17.01%
 141118 74447      268.7116    51      300.0755      249.0372 12406746   17.01%
 141218 74511      286.4055    39      300.0755      249.0386 12416926   17.01%
 141318 74572      254.6178    49      300.0755      249.0388 12425224   17.01%
 141461 74668      252.6883    62      300.0755      249.0430 12438157   17.01%
 141518 74707      275.1575    40      300.0755      249.0435 12445472   17.01%
 141618 74778      291.5772    25      300.0755      249.0457 12453609   17.01%
 141773 74869      256.8973    35      300.0755      249.0477 12468560   17.00%
Elapsed time = 3437.89 sec. (2980085.34 ticks, tree = 100.18 MB, solutions = 16)
 141918 74967      260.0443    43      300.0755      249.0502 12481272   17.00%
 142018 75037      276.4071    41      300.0755      249.0509 12490394   17.00%
 142118 75101      262.9389    41      300.0755      249.0538 12499684   17.00%
 142218 75161      257.1015    53      300.0755      249.0559 12508179   17.00%
 142318 75221      257.0665    50      300.0755      249.0581 12514347   17.00%
 142418 75277      286.8296    59      300.0755      249.0598 12522686   17.00%
 142518 75346      253.4619    50      300.0755      249.0613 12530787   17.00%
 142618 75405      269.7148    38      300.0755      249.0636 12537158   17.00%
 142809 75516      257.1345    59      300.0755      249.0677 12556558   17.00%
 142892 75569      253.0155    62      300.0755      249.0683 12563263   17.00%
Elapsed time = 3487.60 sec. (3033129.75 ticks, tree = 101.05 MB, solutions = 16)
 142931 75592      261.6917    42      300.0755      249.0692 12566889   17.00%
 143018 75646      250.5513    69      300.0755      249.0723 12575053   17.00%
 143118 75709      282.9943    47      300.0755      249.0744 12583257   17.00%
 143218 75755      272.9159    37      300.0755      249.0756 12592598   17.00%
 143318 75809      280.4458    33      300.0755      249.0780 12602895   16.99%
 143418 75865      280.4526    35      300.0755      249.0802 12611454   16.99%
 143518 75924      256.0044    37      300.0755      249.0832 12619195   16.99%
 143618 75978      252.9378    58      300.0755      249.0873 12629940   16.99%
 143803 76090      282.5097    40      300.0755      249.0912 12644302   16.99%
 143858 76125      284.4231    46      300.0755      249.0920 12648302   16.99%
Elapsed time = 3532.55 sec. (3082646.96 ticks, tree = 101.74 MB, solutions = 16)
 143918 76163      288.5908    37      300.0755      249.0932 12654059   16.99%
 144018 76234      290.4579    29      300.0755      249.0953 12662028   16.99%
 144118 76300      276.4678    35      300.0755      249.0973 12669477   16.99%
 144218 76364      289.6049    24      300.0755      249.0992 12677582   16.99%
 144318 76416      269.6930    39      300.0755      249.1004 12687402   16.99%
 144431 76483        cutoff            300.0755      249.1025 12696528   16.99%
 144545 76551      261.9948    52      300.0755      249.1039 12708136   16.99%
 144618 76593      250.2324    52      300.0755      249.1051 12713660   16.99%
 144778 76673      253.9834    48      300.0755      249.1064 12732162   16.99%
 144822 76696      287.6445    32      300.0755      249.1081 12739531   16.98%
Elapsed time = 3575.24 sec. (3129554.48 ticks, tree = 102.45 MB, solutions = 16)
 145007 76805      270.8148    48      300.0755      249.1123 12757251   16.98%
 145138 76873      257.5462    53      300.0755      249.1144 12769452   16.98%
 145218 76917      294.3296    37      300.0755      249.1150 12776404   16.98%
 145418 77024      254.8197    42      300.0755      249.1184 12792565   16.98%
 145610 77139      264.0133    55      300.0755      249.1228 12809966   16.98%
 145800 77247      249.1278    58      300.0755      249.1282 12827150   16.98%

GUB cover cuts applied:  35
Clique cuts applied:  5
Cover cuts applied:  24
Implied bound cuts applied:  29
Flow cuts applied:  31
Mixed integer rounding cuts applied:  408
Zero-half cuts applied:  3
Lift and project cuts applied:  24
Gomory fractional cuts applied:  3

Root node processing (before b&c):
  Real time             =   13.22 sec. (7959.17 ticks)
Sequential b&c:
  Real time             = 3586.78 sec. (3147549.80 ticks)
                          ------------
Total (root+branch&cut) = 3600.00 sec. (3155508.97 ticks)
