Version identifier: 22.1.0.0 | 2022-03-09 | 1a383f8ce
CPXPARAM_Read_DataCheck                          1
CPXPARAM_Threads                                 1
CPXPARAM_TimeLimit                               3600
Tried aggregator 2 times.
MIP Presolve eliminated 6217 rows and 244 columns.
MIP Presolve modified 105442 coefficients.
Aggregator did 348 substitutions.
Reduced MIP has 24426 rows, 1628 columns, and 194677 nonzeros.
Reduced MIP has 1191 binaries, 0 generals, 0 SOSs, and 0 indicators.
Presolve time = 0.49 sec. (335.63 ticks)
Probing fixed 2 vars, tightened 38 bounds.
Probing time = 0.20 sec. (113.70 ticks)
Tried aggregator 1 time.
Detecting symmetries...
MIP Presolve eliminated 33 rows and 2 columns.
MIP Presolve modified 1361 coefficients.
Reduced MIP has 24393 rows, 1626 columns, and 194510 nonzeros.
Reduced MIP has 1189 binaries, 0 generals, 0 SOSs, and 0 indicators.
Presolve time = 0.19 sec. (100.29 ticks)
Probing time = 0.02 sec. (9.14 ticks)
Clique table members: 6657.
MIP emphasis: balance optimality and feasibility.
MIP search method: dynamic search.
Parallel mode: none, using 1 thread.
Root relaxation solution time = 0.14 sec. (109.50 ticks)

        Nodes                                         Cuts/
   Node  Left     Objective  IInf  Best Integer    Best Bound    ItCnt     Gap

      0     0      178.8898   317                    178.8898      705         
      0     0      178.8898   107                   Cuts: 409     1374         
      0     0      178.8898   133                   Cuts: 813     2024         
      0     0      178.8898    97                   Cuts: 126     2544         
      0     0      178.8898   120                   Cuts: 961     3291         
Detecting symmetries...
      0     2      178.8898    72                    178.8898     3291         
Elapsed time = 14.65 sec. (11627.86 ticks, tree = 0.01 MB, solutions = 0)
      2     4      180.3358   114                    178.8898     4193         
      4     6      178.8898    87                    178.8898     4967         
      9    11      178.8898    94                    178.8898     5992         
     13    15      178.8898    89                    178.8898     6548         
     16    18      186.9665   112                    178.8898     8153         
     20    22      178.8898    89                    178.8898     8792         
     22    24      180.3515   101                    178.8898     9670         
     26    28      186.4578    96                    178.8898    10320         
     31    33      178.9188    95                    178.8898    11422         
     41    43      180.6521    95                    178.8898    13941         
Elapsed time = 19.21 sec. (15643.71 ticks, tree = 1.32 MB, solutions = 0)
     52    54      178.8898    83                    178.8898    16084         
     64    64      180.0894   102                    178.8898    18736         
     69    69      178.8898    78                    178.8898    20873         
     70    70      181.5540   113                    178.8898    21926         
     75    75      180.6172    92                    178.8898    27224         
     79    79      178.8898    77                    178.8898    29282         
     82    82      185.2012    93                    178.8898    36966         
     84    84      188.4247   122                    178.8898    39395         
     89    86      201.9338   106                    178.8898    43165         
     91    88      186.3282   132                    178.8898    46368         
Elapsed time = 38.19 sec. (30388.09 ticks, tree = 3.99 MB, solutions = 0)
    100    97      179.7683    83                    178.8898    47867         
    110   107      181.0432   106                    178.8898    51063         
    114   111      180.6091   101                    178.8898    56350         
    120   117      178.8898    69                    178.8898    57513         
    126   123      181.5937    88                    178.8898    62075         
    142   139      179.9011    81                    178.8898    65844         
    154   151      179.0783    82                    178.8898    71476         
    161   158      179.2008    80                    178.8898    76347         
    174   171      183.7985    62                    178.8898    79955         
    180   177      178.8900    59                    178.8898    81829         
Elapsed time = 55.66 sec. (47179.63 ticks, tree = 7.78 MB, solutions = 0)
    189   186      183.0536    63                    178.8898    84707         
    200   197      178.8901    55                    178.8898    87092         
    206   203      181.9484    74                    178.8898    90403         
    212   205    infeasible                          178.8898    93498         
    223   214      195.2130   118                    178.8898    96662         
    235   224      180.8918    71                    178.8898   100576         
    247   236      178.9458    74                    178.8898   104222         
    259   248      179.4414    62                    178.8898   107823         
    273   260      179.1972    74                    178.8898   110868         
    280   267      178.8902    53                    178.8898   113094         
Elapsed time = 67.07 sec. (59806.68 ticks, tree = 8.13 MB, solutions = 0)
    292   277      182.5481    65                    178.8898   116560         
    308   293      180.4310    87                    178.8898   120131         
    323   306      178.8970    50                    178.8898   123025         
    335   316      181.6536    66                    178.8898   127237         
    345   326      179.4131    67                    178.8898   130664         
    352   333      191.3476    74                    178.8898   134036         
    360   341      178.8907    41                    178.8898   136258         
    370   349      178.8908    36                    178.8898   139236         
    384   361      184.4311    93                    178.8898   143579         
    392   369      178.9232    43                    178.8898   147917         
Elapsed time = 77.63 sec. (71087.49 ticks, tree = 8.51 MB, solutions = 0)
    399   376      180.0139    85                    178.8898   152955         
    411   386      179.0865    58                    178.8898   157972         
    421   396      178.9243    49                    178.8898   164373         
    434   409      178.9928    52                    178.8898   167811         
    438   413      191.9522   102                    178.8898   171740         
*   440+  374                          185.5853      178.8898             3.61%
    440   376      178.9246    45      185.5853      178.8898   171760    3.61%
    464   400      178.9246    44      185.5853      178.8898   173900    3.61%
    500   436      178.9246    45      185.5853      178.8898   175564    3.61%
    550   486      178.9246    45      185.5853      178.8898   175616    3.61%
    551   487      180.6238   107      185.5853      178.8898   176829    3.61%
Elapsed time = 94.16 sec. (90213.14 ticks, tree = 7.40 MB, solutions = 1)
    552   488      184.7948    82      185.5853      178.8898   177989    3.61%
    554   490      178.8898    78      185.5853      178.8898   178712    3.61%

Performing restart 1

Repeating presolve.
Tried aggregator 1 time.
MIP Presolve eliminated 1614 rows and 77 columns.
MIP Presolve modified 19355 coefficients.
Reduced MIP has 22779 rows, 1549 columns, and 174410 nonzeros.
Reduced MIP has 1129 binaries, 0 generals, 0 SOSs, and 0 indicators.
Presolve time = 0.16 sec. (147.09 ticks)
Tried aggregator 1 time.
MIP Presolve eliminated 43 rows and 7 columns.
MIP Presolve modified 1055 coefficients.
Reduced MIP has 22736 rows, 1542 columns, and 173826 nonzeros.
Reduced MIP has 1122 binaries, 0 generals, 0 SOSs, and 0 indicators.
Presolve time = 0.11 sec. (79.56 ticks)
Represolve time = 0.48 sec. (415.02 ticks)
    555     0      178.8898   101      185.5853    Cuts: 1383   181738    3.61%
    555     0      178.8899   112      185.5853     Cuts: 983   183668    3.61%
    555     0      178.8900   101      185.5853    Cuts: 2120   185070    3.61%
    555     0      178.8900    84      185.5853    Cuts: 1680   186064    3.61%
    555     0      178.8903    97      185.5853    Cuts: 1469   186436    3.61%
    555     0      178.8906    83      185.5853     Cuts: 799   187132    3.61%
    555     0      178.8907    72      185.5853     Cuts: 448   187711    3.61%
    555     0      178.8907    88      185.5853     Cuts: 875   188697    3.61%
    555     0      178.8907    68      185.5853     Cuts: 686   189298    3.61%
    555     0      178.8907    70      185.5853     Cuts: 700   189622    3.61%
    555     0      178.8910    71      185.5853     Cuts: 348   190867    3.61%
    555     0      178.8911    62      185.5853     Cuts: 657   191346    3.61%
    555     0      178.8914   244      185.5853     Cuts: 161   192263    3.61%
    555     0      178.8916   131      185.5853     Cuts: 309   192941    3.61%
    555     0      178.8916   123      185.5853    Cuts: 2214   193447    3.61%
    555     2      178.8916   113      185.5853      178.8916   193447    3.61%
    556     3      178.8916   109      185.5853      178.8916   193503    3.61%
    557     4      178.8916   120      185.5853      178.8916   194116    3.61%
    559     6      178.8916   118      185.5853      178.8916   194190    3.61%
    561     8      178.8916   115      185.5853      178.8916   194233    3.61%
    563    10      178.8916   108      185.5853      178.8916   194235    3.61%
    567    14      178.8948   151      185.5853      178.8916   194733    3.61%
    569    16      178.8968   143      185.5853      178.8916   194891    3.61%
Elapsed time = 128.54 sec. (125310.97 ticks, tree = 0.05 MB, solutions = 1)
    571    18      178.9295   101      185.5853      178.8916   196547    3.61%
    573    19      179.1013   100      185.5853      178.8916   197338    3.61%
    574    19      179.1576   109      185.5853      178.8916   198499    3.61%
    576    21      179.1627    89      185.5853      178.8916   199335    3.61%
    577    22      179.6616    81      185.5853      178.8916   200857    3.61%
    579    24      179.6664    78      185.5853      178.8916   202452    3.61%
    582    27      179.9812    78      185.5853      178.8916   203752    3.61%
    585    30      179.6672    71      185.5853      178.8916   204326    3.61%
    595    40      179.6677    66      185.5853      178.8916   204556    3.61%
    605    49      180.6511    72      185.5853      178.8916   205456    3.61%
Elapsed time = 145.61 sec. (144150.11 ticks, tree = 0.17 MB, solutions = 1)
    615    59      180.6850    67      185.5853      178.8916   205731    3.61%
    624    67      181.5874    66      185.5853      178.8916   207110    3.61%
    640    81      181.2901    61      185.5853      178.8916   208807    3.61%
    644    84      185.2718    44      185.5853      178.8916   210232    3.61%
    685   121      178.8920    64      185.5853      178.8919   210745    3.61%
    699   135      178.9033    73      185.5853      178.8919   212255    3.61%
    715   151      178.9038    47      185.5853      178.8919   212326    3.61%
    735   171      178.9040    46      185.5853      178.8919   212844    3.61%
    760   196      178.9053    44      185.5853      178.8919   212953    3.61%
    790   221      179.6250    64      185.5853      178.8919   214168    3.61%
Elapsed time = 156.18 sec. (156603.75 ticks, tree = 28.72 MB, solutions = 1)
    798   229      183.7723    68      185.5853      178.8919   215041    3.61%
    815   246      184.0799    49      185.5853      178.8919   216358    3.61%
    833   264      184.4891    53      185.5853      178.8919   217541    3.61%
    835   266      184.7773    57      185.5853      178.8919   217877    3.61%
    856   283      183.7478    72      185.5853      178.8942   220252    3.61%
    863   289      185.4752    33      185.5853      178.8942   221166    3.61%
    875   294      178.8945    82      185.5853      178.8945   221897    3.61%
    915   334      178.9043    66      185.5853      178.8952   222491    3.60%
    955   374      179.3096    40      185.5853      178.8952   223462    3.60%
   1119   518      183.0847    24      185.5853      178.8958   226746    3.60%
Elapsed time = 171.15 sec. (172581.27 ticks, tree = 82.00 MB, solutions = 1)
   1257   636      178.9193    66      185.5853      178.8974   229237    3.60%
   1415   782      183.4344    25      185.5853      178.8995   232837    3.60%
   1590   924      185.4978    12      185.5853      178.8997   235422    3.60%
   1722  1039      178.9018    94      185.5853      178.8999   239295    3.60%
*  1755+  940                          184.2574      178.8999             2.91%
   1851  1015      178.9072    91      184.2574      178.9002   240930    2.91%
   1946  1106      179.9687    53      184.2574      178.9011   244593    2.91%
   2021  1175      179.9654    52      184.2574      178.9018   247431    2.91%
   2107  1251      179.0661    57      184.2574      178.9020   252323    2.91%
   2202  1331      184.1186    27      184.2574      178.9031   256365    2.91%
*  2275+ 1252                          183.7649      178.9031             2.65%
   2350  1320      180.6350    60      183.7649      178.9033   259199    2.65%
Elapsed time = 211.21 sec. (211641.67 ticks, tree = 226.18 MB, solutions = 3)
*  2375+ 1223                          182.9918      178.9033             2.23%
   2406  1256      181.0826    50      182.9918      178.9033   262158    2.23%
   2455  1295      178.9060    66      182.9918      178.9033   263364    2.23%
   2591  1423      181.3357    60      182.9918      178.9035   267695    2.23%
   2637  1461      178.9057    68      182.9918      178.9038   270514    2.23%
   2735  1552      179.2680    33      182.9918      178.9039   272958    2.23%
   2799  1600      179.4462    50      182.9918      178.9040   275960    2.23%
   2894  1670      181.4206    69      182.9918      178.9045   279058    2.23%
   2922  1695      179.4982    61      182.9918      178.9045   283611    2.23%
   3017  1779      178.9448    49      182.9918      178.9045   288525    2.23%
   3112  1862      180.5406    43      182.9918      178.9049   291729    2.23%
Elapsed time = 252.53 sec. (253294.08 ticks, tree = 323.36 MB, solutions = 4)
   3200  1934      181.3540    59      182.9918      178.9056   295855    2.23%
   3272  1994      180.8650    53      182.9918      178.9058   300523    2.23%
   3318  2025      179.9687    60      182.9918      178.9059   304767    2.23%
   3375  2082      180.9666    46      182.9918      178.9059   308777    2.23%
   3452  2146      179.4469    68      182.9918      178.9061   313462    2.23%
   3520  2209      179.3953    61      182.9918      178.9061   316644    2.23%
   3644  2323      179.0991    61      182.9918      178.9065   320924    2.23%
   3788  2445      179.1107    59      182.9918      178.9071   325704    2.23%
   3888  2528      181.0228    49      182.9918      178.9073   330192    2.23%
   3955  2591      180.0567    42      182.9918      178.9074   331450    2.23%
Elapsed time = 294.26 sec. (294492.69 ticks, tree = 453.61 MB, solutions = 4)
   4046  2654      180.6199    47      182.9918      178.9076   335906    2.23%
   4080  2682      178.9231    52      182.9918      178.9077   340178    2.23%
   4276  2838      178.9258    88      182.9918      178.9077   343360    2.23%
   4403  2951      179.6304    55      182.9918      178.9081   346955    2.23%
   4520  3045      179.1952    44      182.9918      178.9086   351280    2.23%
   4630  3143      178.9593    48      182.9918      178.9090   355836    2.23%
   4779  3272      182.1023    49      182.9918      178.9094   359397    2.23%
   4909  3388      181.1186    45      182.9918      178.9099   363259    2.23%
   4990  3458      178.9131    69      182.9918      178.9102   366743    2.23%
   5133  3581      178.9569    58      182.9918      178.9104   369749    2.23%
Elapsed time = 333.03 sec. (333157.97 ticks, tree = 631.09 MB, solutions = 4)
   5240  3666      181.6922    43      182.9918      178.9108   374580    2.23%
   5396  3769      179.2322    53      182.9918      178.9109   376803    2.23%
   5550  3906      182.1080    41      182.9918      178.9119   381767    2.23%
   5622  3962      181.5180    39      182.9918      178.9128   386298    2.23%
*  5755+ 3968                          182.9657      178.9130             2.21%
   5762  3974      182.5232    42      182.9657      178.9130   389880    2.21%
   5840  4038      178.9159    73      182.9657      178.9133   392195    2.21%
   5910  4101      181.3424    49      182.9657      178.9143   395375    2.21%
   5943  4129      179.6852    60      182.9657      178.9146   399176    2.21%
   5975  4161      179.7357    54      182.9657      178.9146   399688    2.21%
   6061  4230      179.7121    45      182.9657      178.9147   403521    2.21%
Elapsed time = 372.02 sec. (372089.90 ticks, tree = 733.34 MB, solutions = 5)
   6178  4325      182.9355    36      182.9657      178.9147   406687    2.21%
   6275  4404      178.9185    47      182.9657      178.9147   410909    2.21%
   6384  4503      178.9343    55      182.9657      178.9156   415082    2.21%
   6548  4654      182.4373    44      182.9657      178.9158   417689    2.21%
   6626  4707      179.7234    40      182.9657      178.9158   422461    2.21%
   6733  4794      181.8144    52      182.9657      178.9160   426287    2.21%
   6860  4897      181.3740    44      182.9657      178.9170   429909    2.21%
   6976  4996      180.6852    54      182.9657      178.9177   433370    2.21%
   7104  5103      179.6476    55      182.9657      178.9183   437717    2.21%
   7171  5159      178.9258    48      182.9657      178.9188   441817    2.21%
Elapsed time = 411.19 sec. (411303.23 ticks, tree = 899.89 MB, solutions = 5)
   7370  5340      179.8264    50      182.9657      178.9190   444841    2.21%
   7492  5444      178.9301    64      182.9657      178.9190   447833    2.21%
   7595  5534      178.9298    43      182.9657      178.9190   450405    2.21%
   7655  5585      178.9868    67      182.9657      178.9190   454697    2.21%
   7813  5724      181.5537    60      182.9657      178.9193   458667    2.21%
   7928  5815      178.9658    64      182.9657      178.9196   462583    2.21%
   8032  5908      180.7380    34      182.9657      178.9201   466084    2.21%
   8115  5979      181.3309    55      182.9657      178.9204   469838    2.21%
   8189  6046      180.0427    50      182.9657      178.9206   474077    2.21%
   8333  6168      179.7748    46      182.9657      178.9208   478047    2.21%
Elapsed time = 458.07 sec. (456865.35 ticks, tree = 1080.45 MB, solutions = 5)
   8387  6209      181.2492    44      182.9657      178.9210   482988    2.21%
   8498  6303      178.9509    56      182.9657      178.9220   487661    2.21%
   8659  6440      179.7176    51      182.9657      178.9221   491707    2.21%
   8770  6528      178.9399    64      182.9657      178.9228   495490    2.21%
   8811  6568      179.3655    53      182.9657      178.9228   498531    2.21%
   8841  6594      180.9027    56      182.9657      178.9228   503136    2.21%
   8940  6666      180.0343    54      182.9657      178.9234   508381    2.21%
   9043  6755      178.9440    67      182.9657      178.9236   514646    2.21%
   9190  6875      179.0364    65      182.9657      178.9238   519093    2.21%
   9322  6988      181.2548    47      182.9657      178.9243   523639    2.21%
Elapsed time = 497.06 sec. (495886.76 ticks, tree = 1222.22 MB, solutions = 5)
   9420  7058      180.8667    59      182.9657      178.9245   528832    2.21%
   9511  7134      179.2121    41      182.9657      178.9247   531633    2.21%
   9609  7221      180.9469    51      182.9657      178.9248   536474    2.21%
   9704  7308      180.4143    46      182.9657      178.9250   541770    2.21%
   9787  7362      179.2993    43      182.9657      178.9253   546189    2.21%
   9954  7500      178.9537    54      182.9657      178.9263   550249    2.21%
  10096  7623      179.2935    64      182.9657      178.9267   554763    2.21%
  10225  7722      178.9407    57      182.9657      178.9271   558806    2.21%
  10315  7804      178.9296    64      182.9657      178.9275   563269    2.21%
  10455  7934      180.0538    53      182.9657      178.9278   565225    2.21%
Elapsed time = 543.04 sec. (540802.91 ticks, tree = 1391.68 MB, solutions = 5)
  10598  8045      178.9331    58      182.9657      178.9279   569674    2.21%
  10776  8215      182.2491    48      182.9657      178.9280   573612    2.21%
* 10815+ 6942                          181.8037      178.9281             1.58%
  10815  6944      179.1529    55      181.8037      178.9281   576209    1.58%
  10836  6964      179.6178    47      181.8037      178.9281   580852    1.58%
  10913  7030      178.9409    64      181.8037      178.9281   585807    1.58%

Performing restart 2

Repeating presolve.
Tried aggregator 1 time.
MIP Presolve eliminated 3042 rows and 178 columns.
MIP Presolve modified 20094 coefficients.
Reduced MIP has 19694 rows, 1364 columns, and 144864 nonzeros.
Reduced MIP has 991 binaries, 0 generals, 0 SOSs, and 0 indicators.
Presolve time = 0.24 sec. (185.62 ticks)
Tried aggregator 1 time.
MIP Presolve eliminated 118 rows and 24 columns.
MIP Presolve modified 1320 coefficients.
Reduced MIP has 19576 rows, 1340 columns, and 143517 nonzeros.
Reduced MIP has 967 binaries, 0 generals, 0 SOSs, and 0 indicators.
Presolve time = 0.15 sec. (122.29 ticks)
Tried aggregator 1 time.
Reduced MIP has 19576 rows, 1340 columns, and 143517 nonzeros.
Reduced MIP has 967 binaries, 0 generals, 0 SOSs, and 0 indicators.
Presolve time = 0.10 sec. (61.76 ticks)
Represolve time = 1.02 sec. (729.95 ticks)
  10925     0      178.8919   121      181.8037    Cuts: 2379   588857    1.58%
  10925     0      178.8930   165      181.8037     Cuts: 582   589330    1.58%
  10925     0      178.8932   151      181.8037    Cuts: 1484   589803    1.58%
  10925     0      178.8933   130      181.8037    Cuts: 1483   590235    1.58%
  10925     0      178.8934   130      181.8037     Cuts: 540   590586    1.58%
  10925     0      178.8944   121      181.8037     Cuts: 653   590859    1.58%
  10925     0      178.8947   114      181.8037     Cuts: 943   591373    1.58%
  10925     0      178.8948   110      181.8037     Cuts: 927   591827    1.58%
  10925     0      178.8948    92      181.8037     Cuts: 122   592265    1.58%
  10925     0      178.8948    96      181.8037    Cuts: 1847   592769    1.58%
  10925     0      178.8948   106      181.8037     Cuts: 214   593313    1.58%
  10925     0      178.8949   168      181.8037     Cuts: 970   594063    1.58%

Repeating presolve.
Tried aggregator 1 time.
MIP Presolve eliminated 885 rows and 42 columns.
MIP Presolve modified 17504 coefficients.
Reduced MIP has 18691 rows, 1298 columns, and 142442 nonzeros.
Reduced MIP has 933 binaries, 0 generals, 0 SOSs, and 0 indicators.
Presolve time = 0.26 sec. (172.36 ticks)
Tried aggregator 1 time.
MIP Presolve eliminated 34 rows and 7 columns.
MIP Presolve modified 3508 coefficients.
Reduced MIP has 18657 rows, 1291 columns, and 142011 nonzeros.
Reduced MIP has 926 binaries, 0 generals, 0 SOSs, and 0 indicators.
Presolve time = 0.24 sec. (111.95 ticks)
Represolve time = 1.04 sec. (541.76 ticks)
  10925     0      178.8959   156      181.8037    Cuts: 1169   597429    1.58%
  10925     0      178.8965   147      181.8037    Cuts: 1426   597996    1.58%
  10925     0      178.8966    76      181.8037    Cuts: 2392   598398    1.58%
  10925     0      178.8967   114      181.8037    Cuts: 1035   598837    1.58%
  10925     0      178.8973   162      181.8037     Cuts: 369   599231    1.58%
  10925     0      178.8974   208      181.8037    Cuts: 1155   599679    1.58%
  10925     0      178.8974   107      181.8037     Cuts: 738   599961    1.58%
  10925     0      178.8974   102      181.8037    Cuts: 1266   600368    1.58%
  10925     0      178.8974    97      181.8037     Cuts: 660   600683    1.58%
  10925     0      178.8974   101      181.8037    Cuts: 1021   601060    1.58%
  10925     2      178.8974    84      181.8037      178.9281   601060    1.58%
  10928     5      178.8975   121      181.8037      178.9281   602678    1.58%
  10931     8      178.9802    83      181.8037      178.9281   606388    1.58%
  10936    12      178.9802    76      181.8037      178.9281   611276    1.58%
  10944    20      178.9823   100      181.8037      178.9281   612006    1.58%
Elapsed time = 697.75 sec. (689369.61 ticks, tree = 0.20 MB, solutions = 6)
  10960    36      178.9825    86      181.8037      178.9281   612520    1.58%
  10977    53      179.1642    69      181.8037      178.9281   614174    1.58%
  10990    66      179.7030    77      181.8037      178.9281   616235    1.58%
  11000    76      179.0039    54      181.8037      178.9281   617909    1.58%
  11011    87      178.9906    47      181.8037      178.9281   620035    1.58%
  11025   101      178.9906    40      181.8037      178.9281   622720    1.58%
  11052   126      179.0039    56      181.8037      178.9281   623748    1.58%
  11077   142      181.6377    25      181.8037      178.9281   625939    1.58%
  11093   152      178.8979   111      181.8037      178.9281   628057    1.58%
  11099   156      180.1698    79      181.8037      178.9281   631031    1.58%
Elapsed time = 734.44 sec. (733013.44 ticks, tree = 0.59 MB, solutions = 6)
  11108   165      180.1698    64      181.8037      178.9281   633422    1.58%
  11116   170      181.7634    48      181.8037      178.9281   637455    1.58%
  11139   186      178.9000   103      181.8037      178.9281   638483    1.58%
  11157   204      178.9224    98      181.8037      178.9281   639347    1.58%
  11202   248      178.9779    66      181.8037      178.9281   640468    1.58%
  11272   307      180.0249    80      181.8037      178.9281   643284    1.58%
  11285   318      180.0249    66      181.8037      178.9281   646994    1.58%
  11302   334      180.0306    66      181.8037      178.9281   649538    1.58%
  11347   367      180.9246    87      181.8037      178.9281   652609    1.58%
  11359   378      181.3089    51      181.8037      178.9281   656611    1.58%
Elapsed time = 771.87 sec. (772884.07 ticks, tree = 1.22 MB, solutions = 6)
  11396   404      178.9028    63      181.8037      178.9281   661884    1.58%
  11405   413      178.9028    55      181.8037      178.9281   665469    1.58%
  11422   429      180.5477    55      181.8037      178.9281   671500    1.58%
  11444   445      181.5032    48      181.8037      178.9281   677783    1.58%
  11472   465      180.1086    62      181.8037      178.9281   682709    1.58%
  11489   481      180.1452    70      181.8037      178.9281   687205    1.58%
  11534   518      179.5558    82      181.8037      178.9281   692511    1.58%
  11551   535      179.5558    72      181.8037      178.9281   696351    1.58%
  11582   558      178.8996   103      181.8037      178.9281   705172    1.58%
  11678   650      178.9046    89      181.8037      178.9281   707720    1.58%
Elapsed time = 810.91 sec. (813455.83 ticks, tree = 2.01 MB, solutions = 6)
  11769   736      181.1092    76      181.8037      178.9281   711757    1.58%
  11789   755      180.5836    54      181.8037      178.9281   720383    1.58%
  11870   822      178.9208    61      181.8037      178.9281   726436    1.58%
  11921   866      180.0522    58      181.8037      178.9281   733263    1.58%
  11983   915      181.7076    30      181.8037      178.9281   737382    1.58%
  12000   922      181.1166    65      181.8037      178.9281   745737    1.58%
  12072   982      180.6302    53      181.8037      178.9281   751605    1.58%
  12119  1025      179.5389    74      181.8037      178.9281   758891    1.58%
  12167  1065      179.4033    60      181.8037      178.9281   764757    1.58%
  12190  1085      181.5473    39      181.8037      178.9281   772902    1.58%
Elapsed time = 853.82 sec. (852522.66 ticks, tree = 3.27 MB, solutions = 6)
  12257  1143      179.7664    69      181.8037      178.9281   780131    1.58%
  12331  1208      179.5260    52      181.8037      178.9281   786065    1.58%
  12432  1300        cutoff            181.8037      178.9281   790493    1.58%
  12482  1343      181.6559    44      181.8037      178.9281   795738    1.58%
  12530  1385      180.9811    51      181.8037      178.9281   799953    1.58%
  12556  1407      179.4214    69      181.8037      178.9281   805170    1.58%
  12572  1419      181.7170    63      181.8037      178.9281   811345    1.58%
  12592  1424      179.4984    53      181.8037      178.9281   820175    1.58%
  12617  1442      178.9770    58      181.8037      178.9281   829087    1.58%
  12657  1482      179.1720    56      181.8037      178.9281   833756    1.58%
Elapsed time = 895.89 sec. (892071.77 ticks, tree = 4.39 MB, solutions = 6)
  12743  1563      179.5471    46      181.8037      178.9281   838636    1.58%
  12808  1619      180.4774    52      181.8037      178.9281   846402    1.58%
  12831  1635      179.5419    67      181.8037      178.9281   850270    1.58%
  12859  1654      181.4875    41      181.8037      178.9281   860777    1.58%
  12933  1719      180.5925    68      181.8037      178.9281   870267    1.58%
  12997  1779      178.9275    50      181.8037      178.9281   876380    1.58%
  13102  1868      178.9074    76      181.8037      178.9281   881070    1.58%
  13195  1954      179.7233    68      181.8037      178.9281   888779    1.58%
  13234  1989      180.2667    56      181.8037      178.9281   898332    1.58%
  13295  2047      181.5577    47      181.8037      178.9281   911398    1.58%
Elapsed time = 938.81 sec. (930464.09 ticks, tree = 5.98 MB, solutions = 6)
  13325  2070      179.2199    55      181.8037      178.9281   914304    1.58%
  13431  2163      179.9198    43      181.8037      178.9281   922301    1.58%
  13520  2239      180.4593    58      181.8037      178.9281   932283    1.58%
  13603  2305      179.0363    64      181.8037      178.9281   943301    1.58%
  13698  2392      178.9711    62      181.8037      178.9281   951174    1.58%
  13779  2461      179.1306    48      181.8037      178.9281   960749    1.58%
  13831  2513      179.5835    59      181.8037      178.9281   973924    1.58%
  13936  2606      179.9562    39      181.8037      178.9281   982005    1.58%
  13998  2654      180.6609    55      181.8037      178.9281   992373    1.58%
  14092  2736      179.1809    53      181.8037      178.9281  1001804    1.58%
Elapsed time = 986.04 sec. (969721.75 ticks, tree = 8.00 MB, solutions = 6)
  14211  2841      178.9150    88      181.8037      178.9281  1007908    1.58%
  14307  2932      179.0412    56      181.8037      178.9281  1013086    1.58%
  14350  2969      181.5968    48      181.8037      178.9281  1024381    1.58%
  14415  3022      178.9362    77      181.8037      178.9281  1034033    1.58%
  14485  3081      180.3463    56      181.8037      178.9281  1041966    1.58%
  14547  3138      181.0732    52      181.8037      178.9281  1052491    1.58%
  14617  3194      180.0313    78      181.8037      178.9281  1064003    1.58%
  14683  3252      181.0076    61      181.8037      178.9281  1075167    1.58%
  14725  3291      179.0178    54      181.8037      178.9281  1076218    1.58%
  14789  3338      180.0837    64      181.8037      178.9281  1086830    1.58%
Elapsed time = 1036.90 sec. (1011976.19 ticks, tree = 9.84 MB, solutions = 6)
  14873  3409      179.3079    69      181.8037      178.9281  1096965    1.58%
  14967  3491      179.0163    75      181.8037      178.9281  1101310    1.58%
  15049  3563      178.9342    53      181.8037      178.9281  1105162    1.58%
  15135  3636      179.0760    54      181.8037      178.9281  1109618    1.58%
  15203  3700      179.0484    64      181.8037      178.9281  1116668    1.58%
  15256  3739      181.6662    30      181.8037      178.9281  1124367    1.58%
  15272  3748      181.4010    52      181.8037      178.9281  1134921    1.58%
  15324  3793      179.2854    50      181.8037      178.9281  1144134    1.58%
  15407  3871      181.4420    39      181.8037      178.9281  1151149    1.58%
  15543  3997      178.9067    92      181.8037      178.9281  1154153    1.58%
Elapsed time = 1084.91 sec. (1050669.22 ticks, tree = 11.70 MB, solutions = 6)
  15634  4082      179.4313    59      181.8037      178.9281  1160730    1.58%
  15700  4148      181.3015    36      181.8037      178.9281  1171340    1.58%
  15746  4190      178.9291    62      181.8037      178.9281  1172291    1.58%
  15859  4298      179.7811    46      181.8037      178.9281  1177352    1.58%
  15903  4338      180.2853    66      181.8037      178.9281  1184962    1.58%
  15993  4412      179.5502    80      181.8037      178.9281  1193660    1.58%
  16052  4451      180.2453    41      181.8037      178.9281  1204437    1.58%
  16127  4520      180.8210    43      181.8037      178.9281  1209078    1.58%
  16207  4587      179.0874    55      181.8037      178.9281  1215493    1.58%
  16269  4642      180.0244    50      181.8037      178.9281  1222787    1.58%
Elapsed time = 1132.50 sec. (1089700.02 ticks, tree = 13.66 MB, solutions = 6)
  16337  4688      179.7168    52      181.8037      178.9281  1228391    1.58%
  16429  4769      178.9328    81      181.8037      178.9281  1233999    1.58%
  16542  4872      180.6723    54      181.8037      178.9281  1238868    1.58%
  16619  4934      180.8157    55      181.8037      178.9281  1245415    1.58%
  16625  4940      180.9509    51      181.8037      178.9281  1245730    1.58%
  16659  4960      181.6849    41      181.8037      178.9281  1254418    1.58%
  16712  4988      179.7359    70      181.8037      178.9281  1265951    1.58%
  16809  5069      180.0580    56      181.8037      178.9281  1274130    1.58%
  16900  5149      181.7392    41      181.8037      178.9281  1282945    1.58%
  16987  5223      179.1354    75      181.8037      178.9281  1290049    1.58%
Elapsed time = 1178.86 sec. (1129921.05 ticks, tree = 15.30 MB, solutions = 6)
  17066  5290      180.4654    45      181.8037      178.9281  1300523    1.58%
  17142  5354      179.5583    70      181.8037      178.9281  1311321    1.58%
  17224  5424      180.0274    63      181.8037      178.9281  1318707    1.58%
  17272  5466      180.5990    65      181.8037      178.9281  1327816    1.58%
  17363  5542      178.9391    81      181.8037      178.9281  1332091    1.58%
  17423  5594      181.0780    59      181.8037      178.9281  1336834    1.58%
  17493  5647      180.0615    79      181.8037      178.9281  1343021    1.58%
  17535  5679      180.5770    51      181.8037      178.9281  1351281    1.58%
  17571  5709      180.2855    54      181.8037      178.9281  1359425    1.58%
  17629  5760      180.7519    59      181.8037      178.9281  1367023    1.58%
Elapsed time = 1220.30 sec. (1168710.35 ticks, tree = 16.83 MB, solutions = 6)
  17729  5846      178.9589    66      181.8037      178.9281  1373179    1.58%
  17804  5911      179.3292    51      181.8037      178.9281  1381423    1.58%
  17889  5983      180.3403    61      181.8037      178.9281  1389060    1.58%
  17992  6076      179.7587    55      181.8037      178.9281  1395001    1.58%
  18053  6129      180.5948    75      181.8037      178.9281  1407115    1.58%
  18146  6211      180.5411    44      181.8037      178.9281  1414072    1.58%
  18211  6255      180.2446    54      181.8037      178.9281  1426053    1.58%
  18281  6313      179.1726    53      181.8037      178.9281  1435320    1.58%
  18369  6391      179.0010    50      181.8037      178.9281  1441957    1.58%
  18457  6474      179.1130    56      181.8037      178.9281  1450726    1.58%
Elapsed time = 1266.70 sec. (1207605.51 ticks, tree = 19.14 MB, solutions = 6)
  18547  6539      180.7733    80      181.8037      178.9281  1459433    1.58%
  18581  6567        cutoff            181.8037      178.9281  1470478    1.58%
  18686  6662      178.9361    56      181.8037      178.9281  1475365    1.58%
  18754  6727      180.8761    45      181.8037      178.9281  1482531    1.58%
  18833  6794      181.5980    29      181.8037      178.9281  1490132    1.58%
  18874  6826      178.9177    71      181.8037      178.9281  1497505    1.58%
  18932  6880      179.1284    84      181.8037      178.9281  1501213    1.58%
  19006  6948      179.6876    61      181.8037      178.9281  1506385    1.58%
  19061  6984      179.3954    52      181.8037      178.9281  1516698    1.58%
  19173  7088      179.2594    60      181.8037      178.9281  1523098    1.58%
Elapsed time = 1314.33 sec. (1247037.32 ticks, tree = 21.31 MB, solutions = 6)
  19253  7160      180.5165    50      181.8037      178.9281  1530339    1.58%
  19314  7204      180.2482    51      181.8037      178.9281  1541576    1.58%
  19378  7263      180.8007    37      181.8037      178.9281  1552104    1.58%
  19501  7367      178.9367   105      181.8037      178.9281  1558177    1.58%
  19534  7393      179.6713    62      181.8037      178.9281  1569560    1.58%
  19612  7451      178.9136    81      181.8037      178.9281  1578026    1.58%
  19708  7543      179.5144    62      181.8037      178.9281  1585682    1.58%
  19753  7583      181.7704    25      181.8037      178.9281  1587349    1.58%
  19794  7620      179.8924    48      181.8037      178.9281  1598819    1.58%
  19869  7688      180.0913    64      181.8037      178.9281  1608957    1.58%
Elapsed time = 1359.62 sec. (1286146.50 ticks, tree = 23.14 MB, solutions = 6)
  19962  7774      179.9834    52      181.8037      178.9281  1617695    1.58%
  20030  7831      179.8479    70      181.8037      178.9281  1626503    1.58%
  20065  7858      180.9294    47      181.8037      178.9281  1635661    1.58%
  20145  7931      179.3264    41      181.8037      178.9281  1642930    1.58%
  20277  8051      179.8191    56      181.8037      178.9281  1647729    1.58%
  20314  8081      181.4359    48      181.8037      178.9281  1659008    1.58%
  20352  8112      181.4903    44      181.8037      178.9281  1667000    1.58%
  20439  8185      181.1453    44      181.8037      178.9281  1673995    1.58%
  20533  8264      179.2723    72      181.8037      178.9281  1680275    1.58%
  20603  8322      180.2404    55      181.8037      178.9281  1689044    1.58%
Elapsed time = 1405.97 sec. (1324726.39 ticks, tree = 25.26 MB, solutions = 6)
  20651  8361      181.1038    41      181.8037      178.9281  1698355    1.58%
  20723  8419      180.2482    47      181.8037      178.9281  1706091    1.58%
  20791  8480      179.3636    56      181.8037      178.9281  1716948    1.58%
  20890  8570      179.7904    47      181.8037      178.9281  1725246    1.58%
  20925  8602      178.9287    76      181.8037      178.9281  1727813    1.58%
  21000  8671      179.9587    59      181.8037      178.9281  1737539    1.58%
  21114  8764      179.0096    72      181.8037      178.9281  1745030    1.58%
  21220  8860      180.0323    55      181.8037      178.9281  1752983    1.58%
  21281  8917      181.4788    47      181.8037      178.9281  1759745    1.58%
  21380  9003      179.9936    66      181.8037      178.9281  1768024    1.58%
Elapsed time = 1457.00 sec. (1366108.57 ticks, tree = 27.18 MB, solutions = 6)
  21450  9064        cutoff            181.8037      178.9281  1779487    1.58%
  21485  9090      179.0471    38      181.8037      178.9281  1788403    1.58%
  21594  9189      179.0333    61      181.8037      178.9281  1793390    1.58%
  21645  9224      178.9270    53      181.8037      178.9281  1800317    1.58%
  21696  9256      179.3963    64      181.8037      178.9281  1809626    1.58%
  21746  9305      179.5515    59      181.8037      178.9281  1817365    1.58%
  21842  9388      178.9419    84      181.8037      178.9281  1823125    1.58%
  21927  9464      180.9162    42      181.8037      178.9281  1830094    1.58%
  22004  9520      179.5488    49      181.8037      178.9281  1837908    1.58%
  22057  9563      181.0885    37      181.8037      178.9281  1847163    1.58%
Elapsed time = 1503.24 sec. (1405624.47 ticks, tree = 28.76 MB, solutions = 6)
  22134  9615      179.7910    65      181.8037      178.9281  1856766    1.58%
  22236  9698      179.5385    54      181.8037      178.9281  1866526    1.58%
  22289  9744      179.2744    50      181.8037      178.9281  1878381    1.58%
  22356  9790      181.3125    57      181.8037      178.9281  1888324    1.58%
  22388  9811      181.2634    44      181.8037      178.9281  1897592    1.58%
  22487  9894      180.5684    43      181.8037      178.9281  1907119    1.58%
  22578  9965      179.5032    52      181.8037      178.9281  1914935    1.58%
  22638 10005      179.0143    61      181.8037      178.9281  1926784    1.58%
  22710 10056      178.9724    58      181.8037      178.9281  1936275    1.58%
  22822 10153      178.9377    68      181.8037      178.9281  1942980    1.58%
Elapsed time = 1550.80 sec. (1444347.33 ticks, tree = 30.43 MB, solutions = 6)
  22924 10244      181.3921    42      181.8037      178.9281  1951768    1.58%
  22986 10298      181.1368    58      181.8037      178.9281  1960542    1.58%
  23004 10314      181.6547    46      181.8037      178.9281  1969767    1.58%
  23081 10376      179.0948    51      181.8037      178.9281  1977719    1.58%
  23170 10452      179.2361    58      181.8037      178.9281  1983324    1.58%
  23263 10531      180.1129    55      181.8037      178.9281  1990221    1.58%
  23319 10567      178.9533    68      181.8037      178.9281  1999757    1.58%
  23411 10651      180.6930    50      181.8037      178.9281  2006567    1.58%
  23493 10713      179.4718    71      181.8037      178.9281  2010304    1.58%
  23535 10743      179.7592    59      181.8037      178.9281  2020589    1.58%
Elapsed time = 1597.09 sec. (1483312.55 ticks, tree = 32.10 MB, solutions = 6)
  23642 10842      179.5819    50      181.8037      178.9281  2026737    1.58%
  23708 10900      179.8376    80      181.8037      178.9281  2035664    1.58%
  23737 10928      180.6162    43      181.8037      178.9281  2048597    1.58%
  23820 11000      179.1611    92      181.8037      178.9281  2056802    1.58%
  23928 11096      180.0549    60      181.8037      178.9281  2062909    1.58%
  23999 11154      180.7183    59      181.8037      178.9281  2073454    1.58%
  24025 11178      181.1826    47      181.8037      178.9281  2076264    1.58%
  24109 11245      179.4502    60      181.8037      178.9281  2085937    1.58%
  24214 11326      179.2427    46      181.8037      178.9281  2093991    1.58%
  24308 11411      180.1441    56      181.8037      178.9281  2101756    1.58%
Elapsed time = 1648.20 sec. (1525170.61 ticks, tree = 33.99 MB, solutions = 6)
  24385 11471      181.4462    41      181.8037      178.9281  2112618    1.58%
  24467 11541      179.5605    71      181.8037      178.9281  2122497    1.58%
  24569 11633      178.9313    63      181.8037      178.9281  2127452    1.58%
  24642 11700      180.3879    53      181.8037      178.9281  2138210    1.58%
  24741 11779      179.0429    46      181.8037      178.9281  2146447    1.58%
  24835 11860      179.2282    46      181.8037      178.9281  2152297    1.58%
  24890 11908      181.3628    57      181.8037      178.9281  2161211    1.58%
  24970 11966      178.9904    68      181.8037      178.9281  2170138    1.58%
  25012 11996      180.0166    57      181.8037      178.9281  2178653    1.58%
  25075 12045      179.4264    55      181.8037      178.9281  2188213    1.58%
Elapsed time = 1694.82 sec. (1563991.45 ticks, tree = 35.78 MB, solutions = 6)
  25190 12137      178.9263    52      181.8037      178.9281  2194965    1.58%
  25262 12198      179.4321    52      181.8037      178.9281  2202132    1.58%
  25319 12248      181.6677    38      181.8037      178.9281  2210164    1.58%
  25384 12295      178.9523    67      181.8037      178.9281  2218475    1.58%
  25471 12366      179.7055    50      181.8037      178.9281  2226755    1.58%
  25555 12434      179.9493    39      181.8037      178.9281  2233564    1.58%
  25645 12512      180.0203    42      181.8037      178.9281  2239890    1.58%
  25729 12585      179.6552    55      181.8037      178.9281  2247813    1.58%
  25818 12659      181.7890    42      181.8037      178.9281  2258173    1.58%
  25888 12716      179.6826    46      181.8037      178.9281  2268314    1.58%
Elapsed time = 1743.04 sec. (1602811.72 ticks, tree = 37.67 MB, solutions = 6)
  25989 12808      180.0693    40      181.8037      178.9281  2278000    1.58%
  26070 12877      179.4367    77      181.8037      178.9281  2287962    1.58%
  26150 12953      179.6365    52      181.8037      178.9281  2292525    1.58%
  26238 13027      179.1449    54      181.8037      178.9281  2302553    1.58%
  26332 13096      180.3367    60      181.8037      178.9281  2311045    1.58%
  26414 13165      179.6596    77      181.8037      178.9281  2322870    1.58%
  26487 13232      180.5963    60      181.8037      178.9281  2333250    1.58%
  26600 13327      181.7716    10      181.8037      178.9281  2338454    1.58%
  26693 13405      178.9373    61      181.8037      178.9281  2343741    1.58%
  26818 13523      181.7161    37      181.8037      178.9281  2350473    1.58%
Elapsed time = 1788.30 sec. (1641512.44 ticks, tree = 39.94 MB, solutions = 6)
  26889 13578      180.6109    51      181.8037      178.9281  2356948    1.58%
  26983 13665      180.3400    44      181.8037      178.9281  2363699    1.58%
  27037 13707      181.3010    36      181.8037      178.9281  2373496    1.58%
  27096 13757      179.7916    48      181.8037      178.9281  2380295    1.58%
  27125 13780      178.9443    77      181.8037      178.9281  2381461    1.58%
  27175 13824      181.4359    41      181.8037      178.9281  2389573    1.58%
  27239 13864      180.0302    72      181.8037      178.9281  2400022    1.58%
  27299 13914      179.8859    76      181.8037      178.9281  2410347    1.58%
  27392 13992      179.3357    49      181.8037      178.9281  2417158    1.58%
  27502 14088      179.6657    67      181.8037      178.9281  2423149    1.58%
Elapsed time = 1830.53 sec. (1683192.40 ticks, tree = 41.53 MB, solutions = 6)
  27603 14177      181.5817    63      181.8037      178.9281  2430801    1.58%
  27640 14210      180.2924    62      181.8037      178.9281  2440773    1.58%
  27750 14311      181.2612    16      181.8037      178.9281  2448957    1.58%
  27860 14404      180.0824    47      181.8037      178.9281  2457313    1.58%
  27950 14476      179.5976    60      181.8037      178.9281  2466702    1.58%
  28049 14562      181.2883    37      181.8037      178.9281  2476135    1.58%
  28133 14623      179.7268    51      181.8037      178.9281  2485625    1.58%
  28202 14674      179.7587    69      181.8037      178.9281  2498802    1.58%
  28249 14715      180.8300    43      181.8037      178.9281  2510831    1.58%
  28357 14808      179.7692    46      181.8037      178.9281  2519694    1.58%
Elapsed time = 1879.63 sec. (1722196.39 ticks, tree = 43.56 MB, solutions = 6)
  28402 14841        cutoff            181.8037      178.9281  2533103    1.58%
  28513 14939      181.1331    50      181.8037      178.9281  2539341    1.58%
  28574 14988      180.0831    50      181.8037      178.9281  2545399    1.58%
  28630 15039      181.4359    32      181.8037      178.9281  2554893    1.58%
  28700 15091      178.9978    57      181.8037      178.9281  2564178    1.58%
  28770 15155      179.5523    55      181.8037      178.9281  2570222    1.58%
  28856 15222      180.9889    67      181.8037      178.9281  2576944    1.58%
  28896 15256      181.3894    48      181.8037      178.9281  2587790    1.58%
  28949 15287      179.2157    57      181.8037      178.9281  2597242    1.58%
  29060 15387      179.3969    45      181.8037      178.9281  2602772    1.58%
Elapsed time = 1925.88 sec. (1760850.15 ticks, tree = 45.19 MB, solutions = 6)
  29101 15419      181.1026    51      181.8037      178.9281  2615227    1.58%
  29165 15472      179.6973    46      181.8037      178.9281  2625351    1.58%
  29226 15511      178.9505    86      181.8037      178.9281  2637425    1.58%
  29333 15606      180.3391    50      181.8037      178.9281  2644707    1.58%
  29437 15693      179.8825    57      181.8037      178.9281  2650185    1.58%
  29521 15759      178.9708    72      181.8037      178.9281  2659141    1.58%
  29584 15811      179.6298    48      181.8037      178.9281  2670244    1.58%
  29640 15861      179.7737    56      181.8037      178.9281  2681600    1.58%
  29725 15942      181.3513    39      181.8037      178.9281  2688329    1.58%
  29815 16024      181.4464    40      181.8037      178.9281  2694636    1.58%
Elapsed time = 1978.76 sec. (1805271.06 ticks, tree = 46.98 MB, solutions = 6)
  29903 16093      179.6804    53      181.8037      178.9281  2702884    1.58%
  29983 16154      178.9422    64      181.8037      178.9281  2713478    1.58%
  30067 16226      180.3173    55      181.8037      178.9281  2723196    1.58%
  30131 16271      179.2329    49      181.8037      178.9281  2735025    1.58%
  30213 16343      180.2868    65      181.8037      178.9281  2744220    1.58%
  30295 16419      179.9292    56      181.8037      178.9281  2753701    1.58%
  30397 16506      179.1523    63      181.8037      178.9281  2759085    1.58%
  30484 16572      179.8191    57      181.8037      178.9281  2765814    1.58%
  30545 16627      179.0749    63      181.8037      178.9281  2772947    1.58%
  30650 16718      179.1379    59      181.8037      178.9281  2780361    1.58%
Elapsed time = 2026.81 sec. (1843777.59 ticks, tree = 49.61 MB, solutions = 6)
  30745 16798      179.0142    73      181.8037      178.9281  2786914    1.58%
  30864 16910      181.6097    40      181.8037      178.9281  2793431    1.58%
  30938 16972      179.8953    56      181.8037      178.9283  2801704    1.58%
  31033 17050      178.9632    70      181.8037      178.9283  2808631    1.58%
  31108 17116      179.3632    52      181.8037      178.9284  2816909    1.58%
  31179 17176      179.4529    56      181.8037      178.9284  2824372    1.58%
  31215 17196      181.6719    31      181.8037      178.9284  2832508    1.58%
  31301 17266      179.5488    50      181.8037      178.9285  2840388    1.58%
  31380 17334      179.3437    53      181.8037      178.9285  2850153    1.58%
  31437 17382      179.8558    49      181.8037      178.9285  2861603    1.58%
Elapsed time = 2073.50 sec. (1882329.97 ticks, tree = 51.48 MB, solutions = 6)
  31515 17444      179.7568    39      181.8037      178.9286  2872006    1.58%
  31597 17517      179.0443    66      181.8037      178.9286  2880628    1.58%
  31684 17586      179.5920    43      181.8037      178.9286  2889124    1.58%
  31778 17664      181.7896    44      181.8037      178.9286  2897689    1.58%
  31865 17739      179.6866    59      181.8037      178.9286  2906673    1.58%
  31946 17812      179.2145    47      181.8037      178.9286  2916800    1.58%
  32066 17910      179.0204    56      181.8037      178.9286  2923411    1.58%
  32137 17977      180.3510    46      181.8037      178.9286  2931415    1.58%
  32215 18044      179.1464    55      181.8037      178.9286  2942199    1.58%
  32322 18136      181.5528    50      181.8037      178.9286  2948737    1.58%
Elapsed time = 2125.27 sec. (1920918.19 ticks, tree = 53.90 MB, solutions = 6)
  32414 18220      179.6627    54      181.8037      178.9286  2955078    1.58%
  32498 18293      179.4345    52      181.8037      178.9288  2964517    1.58%
  32586 18374      179.4755    54      181.8037      178.9290  2971853    1.58%
  32694 18467      180.2078    59      181.8037      178.9293  2981262    1.58%
  32766 18519      181.4340    44      181.8037      178.9293  2992973    1.58%
  32882 18619      179.4100    43      181.8037      178.9295  3000535    1.58%
  32925 18653      178.9473    77      181.8037      178.9295  3002342    1.58%
  32999 18708      179.3465    45      181.8037      178.9296  3010843    1.58%
  33101 18792      179.5368    53      181.8037      178.9297  3017675    1.58%
  33188 18853      180.4404    62      181.8037      178.9299  3026143    1.58%
Elapsed time = 2179.59 sec. (1965083.34 ticks, tree = 55.92 MB, solutions = 6)
  33282 18933      179.1347    57      181.8037      178.9300  3033389    1.58%
  33326 18967      181.2367    56      181.8037      178.9300  3040246    1.58%
  33360 18992      180.0423    60      181.8037      178.9300  3052097    1.58%
  33422 19046      178.9427    69      181.8037      178.9300  3059284    1.58%
  33555 19170      179.0459    36      181.8037      178.9301  3063480    1.58%
  33653 19249      180.7876    63      181.8037      178.9302  3071595    1.58%
  33742 19325      180.6551    46      181.8037      178.9302  3078794    1.58%
  33891 19462      178.9392    66      181.8037      178.9303  3082629    1.58%
  34021 19585        cutoff            181.8037      178.9304  3088602    1.58%
  34111 19659      179.0367    53      181.8037      178.9306  3097693    1.58%
Elapsed time = 2226.72 sec. (2003639.62 ticks, tree = 58.34 MB, solutions = 6)
  34209 19745      179.4435    54      181.8037      178.9310  3104079    1.58%
  34293 19811      180.1540    52      181.8037      178.9310  3112547    1.58%
  34408 19903        cutoff            181.8037      178.9311  3120913    1.58%
  34491 19972      179.0342    55      181.8037      178.9311  3130887    1.58%
  34615 20087      179.3806    49      181.8037      178.9311  3136502    1.58%
  34681 20134      179.8575    65      181.8037      178.9312  3148956    1.58%
  34770 20208      179.8870    50      181.8037      178.9313  3157766    1.58%
  34880 20303      181.3688    43      181.8037      178.9314  3164710    1.58%
  34987 20400      179.0459    31      181.8037      178.9314  3172975    1.58%
  35109 20514      180.8204    60      181.8037      178.9315  3181334    1.58%
Elapsed time = 2277.70 sec. (2042088.94 ticks, tree = 61.03 MB, solutions = 6)
  35155 20553      181.3617    51      181.8037      178.9316  3190956    1.58%
  35231 20613      179.2390    47      181.8037      178.9317  3203422    1.58%
  35289 20659      181.1089    62      181.8037      178.9318  3214663    1.58%
  35337 20699      180.1495    49      181.8037      178.9318  3226149    1.58%
  35401 20753      178.9417    59      181.8037      178.9318  3236072    1.58%
  35462 20805      179.8501    48      181.8037      178.9318  3245448    1.58%
  35506 20845      181.6892    38      181.8037      178.9318  3255665    1.58%
  35608 20934      179.4866    45      181.8037      178.9320  3262124    1.58%
  35695 21010      180.4823    45      181.8037      178.9321  3269482    1.58%
  35778 21076      179.5257    55      181.8037      178.9321  3276731    1.58%
Elapsed time = 2322.68 sec. (2080829.99 ticks, tree = 62.61 MB, solutions = 6)
  35861 21155      179.9834    52      181.8037      178.9321  3283383    1.58%
  35945 21224      181.3075    35      181.8037      178.9322  3291101    1.58%
  36041 21302      180.4885    45      181.8037      178.9323  3298330    1.58%
  36103 21358      181.7100    29      181.8037      178.9326  3307978    1.58%
  36187 21428      179.2429    70      181.8037      178.9327  3316419    1.58%
  36258 21493      180.6434    46      181.8037      178.9327  3324974    1.58%
  36333 21552      179.6601    54      181.8037      178.9328  3333854    1.58%
  36396 21606      181.4417    55      181.8037      178.9328  3345252    1.58%
  36463 21658      179.7699    65      181.8037      178.9329  3357062    1.58%
  36571 21754      179.2507    59      181.8037      178.9329  3364544    1.58%
Elapsed time = 2368.05 sec. (2119968.33 ticks, tree = 64.52 MB, solutions = 6)
  36625 21794      179.1467    48      181.8037      178.9331  3375077    1.58%
  36700 21860      179.6421    58      181.8037      178.9333  3386791    1.58%
  36782 21928      180.9179    49      181.8037      178.9333  3395706    1.58%
  36874 21994      180.6017    46      181.8037      178.9333  3405739    1.58%
  36948 22048      179.7191    56      181.8037      178.9334  3416390    1.58%
  37061 22148      179.7418    53      181.8037      178.9334  3423616    1.58%
  37155 22228      181.0262    42      181.8037      178.9335  3430506    1.58%
  37225 22289      178.9940    64      181.8037      178.9336  3435312    1.58%
  37343 22381      181.0794    56      181.8037      178.9337  3444123    1.58%
  37436 22463      181.4112    34      181.8037      178.9338  3453452    1.58%
Elapsed time = 2419.09 sec. (2164802.50 ticks, tree = 66.51 MB, solutions = 6)
  37530 22542      181.4235    42      181.8037      178.9339  3462554    1.58%
  37628 22624      178.9602    67      181.8037      178.9339  3470058    1.58%
  37727 22712      179.4807    55      181.8037      178.9340  3477642    1.58%
  37840 22810      179.4078    62      181.8037      178.9341  3484899    1.58%
  37917 22876      180.8226    43      181.8037      178.9342  3492960    1.58%
  37988 22936      180.5982    63      181.8037      178.9342  3503740    1.58%
  38046 22986      180.3654    61      181.8037      178.9342  3512349    1.58%
  38172 23099      181.2881    60      181.8037      178.9343  3517848    1.58%
  38245 23149      181.4737    44      181.8037      178.9343  3527280    1.58%
  38329 23218      179.7095    51      181.8037      178.9344  3535054    1.58%
Elapsed time = 2468.64 sec. (2203788.84 ticks, tree = 68.65 MB, solutions = 6)
  38357 23238      179.9544    49      181.8037      178.9344  3546690    1.58%
  38416 23287      180.2506    39      181.8037      178.9345  3555748    1.58%
  38540 23393      181.6479    55      181.8037      178.9346  3561869    1.58%
  38621 23452      181.1758    46      181.8037      178.9348  3571792    1.58%
  38707 23522      181.4438    43      181.8037      178.9348  3581964    1.58%
  38747 23554      180.1362    47      181.8037      178.9348  3594693    1.58%
  38817 23611      181.5095    40      181.8037      178.9349  3605671    1.58%
  38911 23683        cutoff            181.8037      178.9350  3615696    1.58%
  38991 23752      179.3003    53      181.8037      178.9351  3626124    1.58%
  39087 23833      179.8328    50      181.8037      178.9351  3635180    1.58%
Elapsed time = 2514.44 sec. (2242519.14 ticks, tree = 70.38 MB, solutions = 6)
  39165 23890      179.7996    56      181.8037      178.9352  3646438    1.58%
  39235 23953      179.1867    45      181.8037      178.9352  3655901    1.58%
  39331 24033      179.0920    66      181.8037      178.9353  3663793    1.58%
  39442 24130      178.9674    57      181.8037      178.9354  3670838    1.58%
  39547 24211      180.0702    47      181.8037      178.9356  3680853    1.58%
  39620 24277      181.4664    44      181.8037      178.9356  3691613    1.58%
  39714 24358      179.3777    52      181.8037      178.9357  3701151    1.58%
  39810 24438      179.2241    48      181.8037      178.9358  3710597    1.58%
  39902 24518      181.7316    38      181.8037      178.9359  3721062    1.58%
  39949 24550      181.1669    38      181.8037      178.9360  3736540    1.58%
Elapsed time = 2562.94 sec. (2281165.89 ticks, tree = 72.83 MB, solutions = 6)
  40015 24607      179.9482    40      181.8037      178.9361  3748515    1.58%
  40093 24665      179.9607    61      181.8037      178.9362  3755973    1.58%
  40168 24728      179.0282    43      181.8037      178.9362  3763666    1.58%
  40244 24792      179.3424    72      181.8037      178.9362  3772853    1.58%
  40326 24863      180.3073    47      181.8037      178.9364  3781879    1.58%
  40385 24917      181.2106    47      181.8037      178.9364  3789418    1.58%
  40449 24966      179.0505    62      181.8037      178.9365  3797792    1.58%
  40552 25058      181.1451    41      181.8037      178.9366  3803502    1.58%
  40601 25090      181.2027    64      181.8037      178.9367  3814235    1.58%
  40625 25104      179.3313    49      181.8037      178.9367  3821371    1.58%
Elapsed time = 2609.45 sec. (2320550.28 ticks, tree = 74.39 MB, solutions = 6)
  40733 25199      179.7895    40      181.8037      178.9367  3829202    1.58%
  40769 25228      180.7354    54      181.8037      178.9368  3838093    1.58%
  40847 25298      179.1008    53      181.8037      178.9368  3846713    1.58%
  40923 25357      179.3296    56      181.8037      178.9369  3858060    1.58%
  41002 25421      179.9720    56      181.8037      178.9370  3868123    1.58%
  41083 25489      179.1172    52      181.8037      178.9371  3878348    1.58%
  41175 25568      181.3799    44      181.8037      178.9371  3888040    1.58%
  41284 25663      179.6453    52      181.8037      178.9372  3895332    1.58%
  41346 25719      179.7274    47      181.8037      178.9372  3906770    1.58%
  41456 25817      180.4953    42      181.8037      178.9374  3913685    1.58%
Elapsed time = 2658.75 sec. (2359175.06 ticks, tree = 76.40 MB, solutions = 6)
  41531 25875      179.0802    63      181.8037      178.9376  3925445    1.58%
  41633 25963      179.7985    48      181.8037      178.9376  3934660    1.58%
* 41725+24216                          181.4508      178.9377             1.39%
  41746 24232      179.5542    50      181.4508      178.9377  3942897    1.38%
  41825 24297      180.6043    43      181.4508      178.9377  3950743    1.38%
  41905 24365      179.1870    50      181.4508      178.9378  3960120    1.38%
  42005 24453      179.2136    61      181.4508      178.9379  3968905    1.38%
  42081 24518      180.2298    46      181.4508      178.9379  3980337    1.38%
  42183 24598      179.7020    44      181.4508      178.9380  3988833    1.38%
  42252 24652      181.1416    33      181.4508      178.9381  4001275    1.38%
  42318 24709      180.8799    43      181.4508      178.9382  4013579    1.38%
Elapsed time = 2708.51 sec. (2398985.74 ticks, tree = 72.85 MB, solutions = 7)
  42329 24715      180.2485    51      181.4508      178.9383  4015626    1.38%
  42375 24748      179.9637    47      181.4508      178.9383  4024477    1.38%
  42443 24800      179.4974    46      181.4508      178.9383  4033929    1.38%
  42548 24889      178.9449    77      181.4508      178.9384  4041058    1.38%
  42617 24950      180.8930    36      181.4508      178.9384  4050194    1.38%
  42711 25030      179.6871    40      181.4508      178.9385  4058548    1.38%
  42828 25136      179.4436    48      181.4508      178.9386  4064119    1.38%
  42914 25203      180.5782    58      181.4508      178.9387  4070436    1.38%
  43004 25280      179.8174    50      181.4508      178.9387  4079888    1.38%
  43067 25330      179.5331    54      181.4508      178.9388  4089900    1.38%
Elapsed time = 2755.47 sec. (2438356.95 ticks, tree = 74.60 MB, solutions = 7)
  43104 25365      181.4195    38      181.4508      178.9388  4101967    1.38%
  43193 25435      179.6098    57      181.4508      178.9389  4112135    1.38%
  43274 25499      179.4570    51      181.4508      178.9390  4120709    1.38%
  43345 25562      179.0395    63      181.4508      178.9391  4124552    1.38%
  43408 25596      179.7007    47      181.4508      178.9391  4135617    1.38%
  43494 25669      180.0065    50      181.4508      178.9392  4142356    1.38%
  43542 25711      180.9791    48      181.4508      178.9392  4153945    1.38%
  43631 25779      181.4213    36      181.4508      178.9392  4162242    1.38%
  43694 25828      179.2388    52      181.4508      178.9393  4175987    1.38%
  43766 25889      179.2560    51      181.4508      178.9393  4189186    1.38%
Elapsed time = 2801.86 sec. (2477338.19 ticks, tree = 76.17 MB, solutions = 7)
  43820 25933      179.8383    51      181.4508      178.9394  4204099    1.38%
  43895 25992      178.9569    60      181.4508      178.9394  4217166    1.38%
  43981 26065      179.8383    52      181.4508      178.9394  4226258    1.38%
  44062 26130      179.0294    52      181.4508      178.9394  4237793    1.38%
  44125 26181      180.1510    49      181.4508      178.9396  4246475    1.38%
  44221 26260      179.3708    56      181.4508      178.9397  4252539    1.38%
  44344 26358      178.9842    75      181.4508      178.9398  4260368    1.38%
  44456 26462      179.6095    46      181.4508      178.9399  4268439    1.38%
  44555 26545      179.0612    49      181.4508      178.9399  4276362    1.38%
  44639 26613      179.5420    44      181.4508      178.9400  4286031    1.38%
Elapsed time = 2855.76 sec. (2521789.82 ticks, tree = 78.22 MB, solutions = 7)
  44762 26711      179.6090    43      181.4508      178.9400  4294067    1.38%
  44827 26757      180.3192    65      181.4508      178.9401  4302688    1.38%
  44902 26813      179.9824    56      181.4508      178.9402  4311604    1.38%
  44992 26884      179.1936    49      181.4508      178.9402  4317593    1.38%
  45091 26966      181.4315    21      181.4508      178.9402  4323388    1.38%
  45181 27038      181.0086    55      181.4508      178.9403  4332210    1.38%
  45242 27082      179.2468    55      181.4508      178.9404  4343034    1.38%
  45288 27122      179.7627    62      181.4508      178.9405  4354320    1.38%
  45367 27187      180.3838    52      181.4508      178.9405  4361814    1.38%
  45473 27268      179.5392    44      181.4508      178.9406  4366997    1.38%
Elapsed time = 2903.21 sec. (2560635.77 ticks, tree = 80.21 MB, solutions = 7)
  45549 27325      179.8749    58      181.4508      178.9406  4378312    1.38%
  45614 27371      179.1946    53      181.4508      178.9408  4389581    1.38%
  45674 27424      181.3228    46      181.4508      178.9409  4400590    1.38%
  45771 27505      179.3398    59      181.4508      178.9409  4409207    1.38%
  45839 27552      179.0291    53      181.4508      178.9411  4419590    1.38%
  45969 27668      179.6900    42      181.4508      178.9411  4427013    1.38%
  46037 27719      179.1592    50      181.4508      178.9412  4438946    1.38%
  46108 27782      181.2712    44      181.4508      178.9412  4448469    1.38%
  46210 27866      180.6837    52      181.4508      178.9412  4455868    1.38%
  46301 27934      181.3796    33      181.4508      178.9414  4464810    1.38%
Elapsed time = 2944.38 sec. (2599381.63 ticks, tree = 82.10 MB, solutions = 7)
  46385 28009      179.9665    37      181.4508      178.9416  4474927    1.38%
  46476 28083      179.4417    56      181.4508      178.9418  4482878    1.38%
  46556 28159      179.9722    42      181.4508      178.9418  4491377    1.38%
  46646 28228      179.4772    62      181.4508      178.9420  4500009    1.38%
  46765 28332      180.5517    57      181.4508      178.9421  4508012    1.38%
  46843 28392      179.1881    63      181.4508      178.9421  4516202    1.38%
  46920 28450      179.9077    47      181.4508      178.9421  4526101    1.38%
  47004 28522      180.6430    50      181.4508      178.9422  4534593    1.38%
  47085 28581      181.4236    33      181.4508      178.9423  4546081    1.38%
  47213 28681      178.9980    57      181.4508      178.9423  4552650    1.38%
Elapsed time = 2994.21 sec. (2637828.38 ticks, tree = 84.20 MB, solutions = 7)
  47336 28784      179.0696    56      181.4508      178.9425  4559409    1.38%
  47414 28850      180.9041    56      181.4508      178.9425  4569974    1.38%
  47515 28932      179.7215    48      181.4508      178.9426  4579459    1.38%
  47525 28939      180.7042    50      181.4508      178.9426  4582034    1.38%
  47635 29028      179.2002    47      181.4508      178.9427  4588920    1.38%
  47737 29109      180.6084    42      181.4508      178.9429  4596176    1.38%
  47830 29182      178.9540    56      181.4508      178.9430  4603682    1.38%
  47955 29295      179.0669    42      181.4508      178.9431  4609933    1.38%
  48103 29407      179.2228    62      181.4508      178.9431  4615633    1.38%
  48212 29507      181.0344    27      181.4508      178.9432  4622705    1.38%
Elapsed time = 3048.70 sec. (2680048.19 ticks, tree = 86.54 MB, solutions = 7)
  48311 29572      178.9482    74      181.4508      178.9433  4629430    1.38%
  48385 29635      179.5845    50      181.4508      178.9435  4638045    1.38%
  48484 29719      180.0442    61      181.4508      178.9435  4645320    1.38%
  48549 29778      179.2669    50      181.4508      178.9436  4652401    1.38%
  48638 29845      180.0414    45      181.4508      178.9436  4661650    1.38%
  48753 29950      180.0967    44      181.4508      178.9437  4669575    1.38%
  48795 29973      180.2854    43      181.4508      178.9437  4681687    1.38%
  48913 30077      179.2611    39      181.4508      178.9438  4688621    1.38%
  48972 30126      179.3290    74      181.4508      178.9439  4699768    1.38%
  49066 30207      179.3970    57      181.4508      178.9440  4708275    1.38%
Elapsed time = 3098.27 sec. (2718788.83 ticks, tree = 88.67 MB, solutions = 7)
  49143 30265      180.1263    50      181.4508      178.9441  4718931    1.38%
  49208 30319      181.2520    49      181.4508      178.9441  4725894    1.38%
  49260 30354      181.2209    47      181.4508      178.9441  4737693    1.38%
  49345 30421      181.1668    43      181.4508      178.9442  4749224    1.38%
  49422 30481      179.1540    48      181.4508      178.9443  4760462    1.38%
  49518 30563      179.6737    42      181.4508      178.9443  4769155    1.38%
  49589 30620      179.1268    49      181.4508      178.9444  4780891    1.38%
  49678 30689      179.4836    57      181.4508      178.9445  4791834    1.38%
  49822 30803      179.1249    51      181.4508      178.9446  4798385    1.38%
  49919 30879      179.6877    54      181.4508      178.9447  4808955    1.38%
Elapsed time = 3147.82 sec. (2757282.40 ticks, tree = 90.71 MB, solutions = 7)
  50000 30942      180.6623    39      181.4508      178.9450  4818558    1.38%
  50070 30997      181.3235    59      181.4508      178.9450  4830845    1.38%
  50119 31031      180.8970    37      181.4508      178.9451  4846875    1.38%
  50205 31095        cutoff            181.4508      178.9452  4857606    1.38%
  50256 31132      180.6726    48      181.4508      178.9453  4871100    1.38%
  50323 31189      181.0066    46      181.4508      178.9453  4882628    1.38%
  50368 31221      180.7078    51      181.4508      178.9453  4894947    1.38%
  50433 31269      180.7210    55      181.4508      178.9453  4905620    1.38%
  50492 31308      179.5953    36      181.4508      178.9454  4916533    1.38%
  50552 31360      180.7127    53      181.4508      178.9455  4927763    1.38%
Elapsed time = 3192.51 sec. (2795882.23 ticks, tree = 92.07 MB, solutions = 7)
  50643 31428      179.2369    54      181.4508      178.9456  4936935    1.38%
  50750 31513      179.2415    46      181.4508      178.9456  4944229    1.38%
  50825 31578      179.0639    57      181.4508      178.9457  4948727    1.38%
  50894 31623      179.1750    41      181.4508      178.9458  4958720    1.38%
  50968 31692      179.7921    58      181.4508      178.9458  4965720    1.38%
  51022 31735      180.2610    49      181.4508      178.9458  4977452    1.38%
  51094 31778      181.0525    45      181.4508      178.9459  4987141    1.38%
  51185 31846      179.8532    54      181.4508      178.9461  4996519    1.38%
  51294 31932      180.1444    44      181.4508      178.9461  5003938    1.38%
  51402 32009      179.7203    55      181.4508      178.9462  5011323    1.38%
Elapsed time = 3243.75 sec. (2837461.35 ticks, tree = 93.90 MB, solutions = 7)
  51476 32075      179.0970    57      181.4508      178.9462  5022555    1.38%
  51553 32138      180.6196    59      181.4508      178.9463  5033180    1.38%
  51651 32214      179.7996    51      181.4508      178.9464  5044169    1.38%
  51702 32259      179.7324    41      181.4508      178.9464  5056256    1.38%
  51778 32323      180.0771    57      181.4508      178.9466  5066587    1.38%
  51879 32407      181.1248    40      181.4508      178.9466  5074429    1.38%
  51985 32503      180.7790    49      181.4508      178.9468  5082417    1.38%
  52025 32538      180.2989    47      181.4508      178.9469  5085449    1.38%
  52132 32631      180.4249    50      181.4508      178.9469  5091997    1.38%
  52225 32706      181.2808    29      181.4508      178.9469  5096348    1.38%
Elapsed time = 3298.56 sec. (2880763.38 ticks, tree = 95.87 MB, solutions = 7)
  52311 32767      178.9573    56      181.4508      178.9470  5108405    1.38%
  52325 32781      179.1152    45      181.4508      178.9470  5108780    1.38%
  52432 32870      181.2180    50      181.4508      178.9471  5116560    1.38%
  52525 32951      181.0621    30      181.4508      178.9471  5124689    1.38%
  52603 33016      179.1546    60      181.4508      178.9472  5137470    1.38%
  52690 33090      180.7535    50      181.4508      178.9473  5146663    1.38%
  52760 33137      179.0200    37      181.4508      178.9473  5159743    1.38%
* 52825+33077                          181.4404      178.9474             1.37%
  52825 33079      180.8941    46      181.4404      178.9474  5163639    1.37%
  52911 33143      180.2230    64      181.4404      178.9475  5174742    1.37%
* 52925+33154                          181.4399      178.9475             1.37%
  52930 33161      180.6862    54      181.4399      178.9475  5176981    1.37%
Elapsed time = 3368.90 sec. (2940427.44 ticks, tree = 98.55 MB, solutions = 9)
  53017 33224      179.5694    64      181.4399      178.9476  5187683    1.37%
  53025 33232      179.5811    61      181.4399      178.9476  5188114    1.37%
  53084 33280      179.2154    43      181.4399      178.9476  5198343    1.37%
  53125 33317      181.0444    52      181.4399      178.9477  5201547    1.37%
  53201 33364      179.0355    58      181.4399      178.9478  5208407    1.37%
  53225 33388      179.2363    46      181.4399      178.9478  5209034    1.37%
  53317 33462      179.4255    67      181.4399      178.9479  5216388    1.37%
* 53325+23852                          180.3022      178.9479             0.75%
* 53325+23849                          180.3014      178.9479             0.75%
  53325 23851      179.5191    53      180.3014      178.9479  5218462    0.75%
  53364 23882      180.2051    36      180.3014      178.9479  5230328    0.75%
  53425 23931      178.9614    60      180.3014      178.9481  5235585    0.75%
Elapsed time = 3430.44 sec. (2993809.17 ticks, tree = 71.96 MB, solutions = 11)
  53507 23989      179.8377    47      180.3014      178.9481  5243640    0.75%
  53553 24022      178.9653    73      180.3014      178.9483  5252878    0.75%
  53625 24078      180.2322    37      180.3014      178.9483  5259573    0.75%
  53693 24129      179.0048    64      180.3014      178.9483  5268889    0.75%
  53725 24154      178.9676    60      180.3014      178.9484  5271754    0.75%
  53820 24234      179.5171    42      180.3014      178.9485  5279986    0.75%
  53908 24304      179.5032    45      180.3014      178.9485  5288099    0.75%
  53938 24325      179.6313    44      180.3014      178.9485  5295517    0.75%
  54007 24378      178.9774    48      180.3014      178.9486  5301679    0.75%
  54056 24410      179.3034    43      180.3014      178.9486  5307390    0.75%
Elapsed time = 3478.53 sec. (3034394.62 ticks, tree = 82.14 MB, solutions = 11)
* 54125+24353                          180.2926      178.9486             0.75%
* 54125+23200                          180.1986      178.9486             0.69%
  54125 23201      180.0945    42      180.1986      178.9486  5312016    0.69%
  54225 23279      178.9806    54      180.1986      178.9487  5319442    0.69%
  54318 23348      180.1077    50      180.1986      178.9487  5328493    0.69%
* 54325+18946                          179.9060      178.9487             0.53%
* 54325+18767                          179.8881      178.9487             0.52%
* 54325+18605                          179.8769      178.9487             0.52%
  54328 18610      179.0454    46      179.8769      178.9487  5329211    0.52%
* 54425+18677                          179.8764      178.9489             0.52%
  54425 18679      179.1488    51      179.8764      178.9489  5335459    0.52%
  54520 18733      179.0708    33      179.8764      178.9492  5345512    0.52%
  54528 18732      179.8729    28      179.8764      178.9492  5348158    0.52%
  54630 18793      178.9775    49      179.8764      178.9494  5357813    0.52%
  54706 18840      179.7121    36      179.8764      178.9495  5370959    0.52%
  54772 18880      179.2624    35      179.8764      178.9496  5381758    0.52%
Elapsed time = 3529.21 sec. (3077204.78 ticks, tree = 64.66 MB, solutions = 17)
  54860 18940      179.0589    40      179.8764      178.9496  5390457    0.52%
* 54925+18838                          179.8634      178.9496             0.51%
  54925 18840      179.1451    40      179.8634      178.9496  5401455    0.51%
  55002 18899      179.0286    49      179.8634      178.9496  5412660    0.51%
  55070 18951      178.9533    64      179.8634      178.9496  5421414    0.51%
  55182 19035      179.5845    41      179.8634      178.9497  5430664    0.51%
  55241 19074      179.0744    45      179.8634      178.9497  5439799    0.51%
  55325 19142      179.3265    41      179.8634      178.9498  5448852    0.51%
  55415 19209      178.9959    50      179.8634      178.9499  5460391    0.51%
  55434 19222      178.9528    56      179.8634      178.9499  5461557    0.51%
  55525 19295      179.3439    52      179.8634      178.9500  5472276    0.51%
Elapsed time = 3588.74 sec. (3127769.16 ticks, tree = 65.69 MB, solutions = 18)
  55625 19366      178.9648    52      179.8634      178.9501  5480442    0.51%

GUB cover cuts applied:  8
Clique cuts applied:  3
Cover cuts applied:  1
Implied bound cuts applied:  48
Flow cuts applied:  6
Mixed integer rounding cuts applied:  209
Zero-half cuts applied:  3
Gomory fractional cuts applied:  10

Root node processing (before b&c):
  Real time             =   14.59 sec. (11577.01 ticks)
Sequential b&c:
  Real time             = 3585.41 sec. (3126241.04 ticks)
                          ------------
Total (root+branch&cut) = 3600.00 sec. (3137818.05 ticks)
