Version identifier: 22.1.0.0 | 2022-03-09 | 1a383f8ce
CPXPARAM_Read_DataCheck                          1
CPXPARAM_Threads                                 1
CPXPARAM_TimeLimit                               3600
Tried aggregator 2 times.
MIP Presolve eliminated 13970 rows and 561 columns.
MIP Presolve modified 92608 coefficients.
Aggregator did 280 substitutions.
Reduced MIP has 16741 rows, 1379 columns, and 134670 nonzeros.
Reduced MIP has 1037 binaries, 0 generals, 0 SOSs, and 0 indicators.
Presolve time = 0.32 sec. (258.07 ticks)
Probing fixed 11 vars, tightened 11 bounds.
Probing time = 0.15 sec. (112.11 ticks)
Tried aggregator 1 time.
Detecting symmetries...
MIP Presolve eliminated 41 rows and 11 columns.
MIP Presolve modified 228 coefficients.
Reduced MIP has 16700 rows, 1368 columns, and 134099 nonzeros.
Reduced MIP has 1026 binaries, 0 generals, 0 SOSs, and 0 indicators.
Presolve time = 0.12 sec. (58.16 ticks)
Probing time = 0.01 sec. (7.69 ticks)
Clique table members: 11447.
MIP emphasis: balance optimality and feasibility.
MIP search method: dynamic search.
Parallel mode: none, using 1 thread.
Root relaxation solution time = 0.11 sec. (84.08 ticks)

        Nodes                                         Cuts/
   Node  Left     Objective  IInf  Best Integer    Best Bound    ItCnt     Gap

      0     0      330.0675   199                    330.0675      603         
      0     0      330.0675    93                   Cuts: 536      988         
      0     0      330.0675   116                  Cuts: 1104     1536         
      0     0      330.0675   106                  Cuts: 1306     2446         
      0     0      330.1398   207                   Cuts: 882     3676         
      0     0      330.1888   230                  Cuts: 1909     4668         
Detecting symmetries...
      0     0      330.2856   184                  Cuts: 2816     5441         
      0     0      330.3479   223                  Cuts: 1398     5881         
      0     0      330.4114   285                  Cuts: 1714     6213         
      0     0      330.4391   274                  Cuts: 1714     6679         
      0     0      330.4412   247                  Cuts: 1798     7049         
      0     0      330.4479   286                  Cuts: 1609     7373         
Detecting symmetries...
      0     2      330.4479   282                    330.4575     7375         
Elapsed time = 17.27 sec. (13778.30 ticks, tree = 0.01 MB, solutions = 0)
      4     6      331.7242   161                    330.5041     8116         
      7     9      335.6722   123                    330.5041     8976         
     11    13      331.9513   129                    330.5041     9678         
     14    16      331.9594   124                    330.5041    10835         
     19    21      345.2619   118                    330.5041    12413         
     25    27      332.4238    89                    330.5041    13212         
     30    32      334.2283    75                    330.5041    13592         
     37    39      333.3338    88                    330.5041    14276         
     39    41      335.9449    76                    330.5041    15424         
     51    53      338.3237    72                    330.5041    17826         
Elapsed time = 21.14 sec. (17706.35 ticks, tree = 3.48 MB, solutions = 0)
     70    64      330.6041   160                    330.5056    21922         
     80    74      330.7236   119                    330.5056    24902         
     92    84      334.3082   120                    330.5056    27232         
    101    91    infeasible                          330.5056    31045         
    119   105      331.7305    91                    330.5056    34494         
    140   124      332.0368   111                    330.5056    36784         
    161   141    infeasible                          330.5056    39811         
    195   173      333.3213    82                    330.5056    41981         
    223   189      330.6603   265                    330.5906    43912         
    234   200      339.3218   109                    330.5906    46047         
Elapsed time = 32.76 sec. (29854.87 ticks, tree = 19.51 MB, solutions = 0)
    240   206      330.8393   135                    330.5906    46296         
    260   226      330.8491   103                    330.5906    47259         
    280   246      337.0219    86                    330.5906    49303         
    296   262      332.8224    94                    330.5906    51324         
    304   270      342.9156    85                    330.5906    53773         
    316   282      352.7656    91                    330.5906    55934         
    338   303      337.0333    62                    330.5906    57811         
    380   335      337.4039    53                    330.5906    59386         
    397   342      337.6467    47                    330.5906    61014         
    402   347      334.2855   110                    330.5925    63201         
Elapsed time = 44.78 sec. (42024.99 ticks, tree = 39.57 MB, solutions = 0)
    426   371      339.3693    75                    330.5925    65341         
    440   381      350.4848    68                    330.5925    67129         
    468   405      337.0273    81                    330.5938    69565         
    498   435      333.1742    75                    330.5938    71192         
    517   454      360.2433    66                    330.5938    73379         
    550   483      350.9822    39                    330.5938    75257         
    584   505      330.9376   195                    330.6248    76560         
    600   519      330.8101   101                    330.6248    78385         
    634   551      340.0995    61                    330.6248    80333         
    658   571      334.1479    84                    330.6248    82369         
Elapsed time = 55.72 sec. (53239.07 ticks, tree = 62.57 MB, solutions = 0)
    697   604      330.8334   220                    330.6491    84122         
    729   633      330.8005   162                    330.6603    85667         
    756   656    infeasible                          330.6603    88018         
    770   664      340.1716   125                    330.7043    89963         
    803   691      330.7430   158                    330.7063    92267         
    818   706      331.6753    87                    330.7063    93960         
    839   723    infeasible                          330.7063    95967         
    860   732      338.8474   130                    330.7180    97565         
    890   762      359.1982    48                    330.7180    98580         
    908   774      337.2158    98                    330.7214   100973         
Elapsed time = 65.75 sec. (63306.01 ticks, tree = 89.53 MB, solutions = 0)
    927   793      340.8713    98                    330.7214   102813         
    935   793      330.7748   223                    330.7318   105382         
    969   821    infeasible                          330.7318   107415         
    975   827      333.8175   111                    330.7400   110370         
    990   842      335.0236    59                    330.7400   112672         
   1011   863      355.2872    90                    330.7400   115340         
   1029   871      344.9193    86                    330.7400   117538         

Performing restart 1

Repeating presolve.
Tried aggregator 1 time.
MIP Presolve eliminated 16 rows and 8 columns.
Reduced MIP has 16684 rows, 1360 columns, and 133619 nonzeros.
Reduced MIP has 1018 binaries, 0 generals, 0 SOSs, and 0 indicators.
Presolve time = 0.07 sec. (44.88 ticks)
Tried aggregator 1 time.
Reduced MIP has 16684 rows, 1360 columns, and 133619 nonzeros.
Reduced MIP has 1018 binaries, 0 generals, 0 SOSs, and 0 indicators.
Presolve time = 0.12 sec. (56.99 ticks)
Represolve time = 0.41 sec. (240.86 ticks)
   1034     0      330.4664   308                  Cuts: 3020   121897         
   1034     0      330.4767   282                   Cuts: 621   122217         
   1034     0      330.4868   292                  Cuts: 3327   122649         
   1034     0      330.5041   305                  Cuts: 3992   123341         
   1034     0      330.5050   306                  Cuts: 3926   123609         
   1034     2      330.5050   306                    330.7400   123609         
   1035     3      330.5052   305                    330.7400   123610         
   1036     4      367.1822   115                    330.7400   126517         
Elapsed time = 110.55 sec. (103021.80 ticks, tree = 0.01 MB, solutions = 0)
   1037     5      367.1822   113                    330.7400   126531         
   1039     7      367.1822   109                    330.7400   126549         
   1040     8      367.1822   108                    330.7400   126552         
   1042    10      367.1822   100                    330.7400   126764         
   1044    12      367.1822   103                    330.7400   126948         
   1045    13      367.1822   102                    330.7400   126950         
   1046    14      367.1822   102                    330.7400   127394         
   1048    16      367.1822    99                    330.7400   127501         
   1053    21      383.0987   110                    330.7400   128240         
   1054    22      383.0987   109                    330.7400   128242         
Elapsed time = 122.94 sec. (118568.40 ticks, tree = 0.32 MB, solutions = 0)
   1060    28      383.0987    97                    330.7400   129109         
   1063    31      417.3945   103                    330.7400   129581         
   1069    37      383.0987    85                    330.7400   130198         
   1074    42      383.0987    76                    330.7400   130662         
   1079    47      385.3777    79                    330.7400   132113         
   1080    48      383.4403    85                    330.7400   132139         
   1094    61      383.4403    67                    330.7400   132611         
   1100    67      383.7003    66                    330.7400   133155         
   1107    74      384.1828    60                    330.7400   133369         
   1124    87    infeasible                          330.7400   134523         
Elapsed time = 133.51 sec. (130797.76 ticks, tree = 3.50 MB, solutions = 0)
   1126    87      330.5054   302                    330.7400   134605         
   1128    89      357.4818   100                    330.7400   136442         
   1129    89      357.7690   101                    330.7400   136874         
   1131    91      357.7690    98                    330.7400   136906         
   1133    93      357.7690    97                    330.7400   136956         
   1134    94      357.7690    94                    330.7400   136994         
   1138    98      366.7461   102                    330.7400   137838         
   1153   113      377.0138    85                    330.7400   138977         
   1162   122      373.7457    63                    330.7400   139558         
   1170   130      373.7457    54                    330.7400   140351         
Elapsed time = 148.39 sec. (147611.89 ticks, tree = 7.79 MB, solutions = 0)
   1175   135      373.8726    67                    330.7400   140925         
   1184   142    infeasible                          330.7400   142006         
   1188   146      380.1766    54                    330.7400   143169         
   1198   154      382.2211    44                    330.7400   143600         
   1204   156      384.8336    57                    330.7400   144177         
   1218   170      385.2118    41                    330.7400   144745         
   1235   187      390.1217    32                    330.7400   145055         
   1252   202      395.3939    23                    330.7400   145407         
   1261   205      330.5055   291                    330.7400   145807         
   1264   208      354.7087    99                    330.7400   154000         
Elapsed time = 164.16 sec. (165454.96 ticks, tree = 18.32 MB, solutions = 0)
   1268   212      367.5491   102                    330.7400   155954         
   1277   221      352.4974   122                    330.7400   158320         
   1281   224      392.0581    81                    330.7400   159961         
   1318   259      404.4795    42                    330.7400   163564         
   1341   278      332.0482   103                    330.7400   166383         
   1374   307      339.0447    87                    330.7400   171058         
   1392   325      348.4236    67                    330.7400   176859         
   1445   374      393.0184    79                    330.7400   184172         
   1479   400      364.8650    78                    330.7400   189302         
   1525   446      378.1301    59                    330.7400   197706         
Elapsed time = 201.00 sec. (206968.44 ticks, tree = 19.74 MB, solutions = 0)
   1601   514      330.5516   222                    330.7400   205551         
   1676   583      355.3996    84                    330.7400   214320         
   1766   659      332.7385   107                    330.7400   224887         
   1820   707      348.6226    86                    330.7400   232867         
   1864   743      348.3359   111                    330.7400   241784         
   1911   786      342.2268    98                    330.7400   249048         
   1967   832      359.1547    75                    330.7400   258614         
   2041   892      335.0662    92                    330.7400   269390         

Performing restart 2

Repeating presolve.
Tried aggregator 1 time.
MIP Presolve eliminated 10 rows and 0 columns.
MIP Presolve modified 109 coefficients.
Reduced MIP has 16674 rows, 1360 columns, and 140961 nonzeros.
Reduced MIP has 1018 binaries, 0 generals, 0 SOSs, and 0 indicators.
Presolve time = 0.18 sec. (135.29 ticks)
Tried aggregator 1 time.
Reduced MIP has 16674 rows, 1360 columns, and 140961 nonzeros.
Reduced MIP has 1018 binaries, 0 generals, 0 SOSs, and 0 indicators.
Presolve time = 0.11 sec. (63.77 ticks)
Represolve time = 0.61 sec. (369.29 ticks)
   2068     0      330.5058   318                  Cuts: 2641   277989         
   2068     0      330.5282   352                  Cuts: 1791   278466         
   2068     0      330.5447   371                  Cuts: 4253   278804         
   2068     0      330.5450   395                  Cuts: 3791   279035         
   2068     0      330.5458   400                  Cuts: 4268   279216         
   2068     0      330.5522   355                  Cuts: 2183   279585         
   2068     0      330.5951   365                   Cuts: 728   279908         
   2068     0      330.6060   427                  Cuts: 1174   280244         
   2068     2      330.6060   443                    330.7400   280244         
   2069     3      330.6104   339                    330.7400   280302         
Elapsed time = 324.04 sec. (319139.10 ticks, tree = 0.01 MB, solutions = 0)
   2070     4      335.0733   103                    330.7400   285534         
   2073     7      353.3461   158                    330.7400   288116         
   2079    13      341.5556    97                    330.7400   289924         
   2083    17      372.1880   103                    330.7400   292489         
   2098    32      394.0353    80                    330.7400   294917         
   2117    51      382.9260    61                    330.7400   299000         
   2131    65      384.6722    69                    330.7400   301895         
   2179   109      388.4037    51                    330.7400   307707         
   2199   123      330.6115   335                    330.7400   308616         
   2215   139      393.7214    87                    330.7400   314097         
Elapsed time = 368.91 sec. (366676.02 ticks, tree = 3.92 MB, solutions = 0)
   2259   177      330.6488   340                    330.7400   318785         
   2268   186      382.4656   100                    330.7400   323637         
   2304   222      396.7432    75                    330.7400   330422         
   2365   271      330.7923   195                    330.7400   334999         
   2413   313      348.4811   106                    330.7400   340671         
   2442   342      357.4720   112                    330.7400   347220         
   2528   408      330.6756   291                    330.7400   355220         
   2544   424      358.8706    79                    330.7400   362549         
   2596   468      338.1374   113                    330.7400   370872         
   2625   497      356.9686    79                    330.7400   379630         
Elapsed time = 411.47 sec. (408279.30 ticks, tree = 4.88 MB, solutions = 0)
   2687   545      335.8202   127                    330.7400   388590         
   2748   600      334.2428   121                    330.7400   395836         
   2827   669      335.1924   108                    330.7400   404948         
   2868   710      398.9298    73                    330.7400   412468         
   2951   775      357.4818   102                    330.7400   423969         
   2991   807      347.9417    93                    330.7531   433783         
   3021   833      382.8566    78                    330.7535   444307         
   3065   867      344.6420   106                    330.7561   456609         
   3101   903      354.7241    72                    330.7561   466842         
   3144   936      363.7413   122                    330.7568   479406         
Elapsed time = 457.71 sec. (448697.50 ticks, tree = 6.33 MB, solutions = 0)
   3188   976      361.1364   102                    330.7754   490412         
   3243  1011      371.8873   103                    330.7923   500690         
   3295  1049      347.5227    92                    330.8178   512526         
   3358  1102      344.3107   106                    330.8180   523079         
   3392  1129      345.8006    91                    330.8239   533481         
   3427  1154      335.1363   170                    330.8246   544229         
   3484  1195    infeasible                          330.8266   556599         
   3513  1222      344.1952    78                    330.8289   566202         
   3550  1249      336.8139    99                    330.8311   577285         
   3615  1306      376.7452    77                    330.8316   588153         
Elapsed time = 502.64 sec. (488109.61 ticks, tree = 7.63 MB, solutions = 0)
   3668  1339      351.7341    98                    330.8393   600840         
   3720  1377      335.7822   104                    330.8530   612628         
   3774  1421      339.6315   144                    330.8936   623781         
   3815  1454      330.9529   209                    330.8950   635451         
   3850  1485      406.4892    81                    330.8964   644956         
   3916  1543      354.2701    79                    330.9020   657469         
   3978  1591      349.3439    93                    330.9046   668221         
   4030  1635      334.9797    92                    330.9100   678976         
   4071  1672      360.4821    75                    330.9140   689183         
   4135  1712      332.0249   101                    330.9261   699882         
Elapsed time = 548.13 sec. (527294.03 ticks, tree = 8.72 MB, solutions = 0)
   4197  1770      350.3410   108                    330.9396   712063         
   4236  1799    infeasible                          330.9406   723621         
   4265  1820      331.0023   189                    330.9552   734424         
   4313  1856      331.2818   133                    330.9601   746416         
   4388  1909      331.6072   105                    330.9684   755771         
   4420  1935      361.8239    78                    330.9694   768438         
   4482  1989      343.2769    72                    330.9746   780730         
   4552  2039    infeasible                          330.9975   791660         
   4615  2088      334.4305   113                    331.0143   802093         
   4658  2121      357.7090   140                    331.0230   816086         
Elapsed time = 594.29 sec. (567063.20 ticks, tree = 11.36 MB, solutions = 0)
   4714  2171      427.4278    55                    331.0230   826082         
   4780  2209      343.2029    95                    331.0404   839080         
   4828  2253      357.4269    89                    331.0441   850743         
   4890  2303      348.6431    96                    331.0519   861701         
   4942  2345      376.4085   102                    331.0653   873245         
   4977  2376      365.0188    90                    331.1043   882176         
   5014  2409      372.0142    96                    331.1439   892192         
   5061  2450      413.7318    81                    331.1439   905457         
   5117  2492      332.0544   144                    331.1490   913857         
   5184  2539      374.3344   106                    331.1538   926591         
Elapsed time = 636.76 sec. (605791.54 ticks, tree = 12.48 MB, solutions = 0)
   5237  2578      352.2463    72                    331.1643   939024         
   5277  2612      361.3549    76                    331.1707   948752         
   5328  2649      342.5870    84                    331.1748   960136         
   5402  2705      334.0994   107                    331.1967   971016         
   5467  2748      358.4939    72                    331.2245   983293         
   5521  2790    infeasible                          331.2370   994589         
   5546  2809      354.7016    89                    331.2580  1006301         
   5586  2845      389.5255    87                    331.2608  1017315         
   5641  2886      334.1545    98                    331.2755  1030583         
   5701  2936      337.5896    96                    331.2833  1041467         
Elapsed time = 674.54 sec. (644263.20 ticks, tree = 13.54 MB, solutions = 0)
   5755  2972      331.5126   136                    331.2976  1054633         
   5796  3003      331.5356   114                    331.3042  1065749         
   5855  3046      358.4939    77                    331.3062  1077755         
   5928  3097      341.8851    87                    331.3215  1089433         
   5988  3141      349.8373    92                    331.3265  1102842         
   6036  3175      333.3257   108                    331.3354  1115495         
   6079  3204      333.8847   124                    331.3420  1126682         
   6128  3249      331.3802   164                    331.3429  1139341         
   6176  3283    infeasible                          331.3472  1152138         
   6241  3330      353.7466   110                    331.3509  1163526         
Elapsed time = 713.19 sec. (683920.78 ticks, tree = 15.27 MB, solutions = 0)
   6293  3364      344.0949    96                    331.3539  1176045         
   6348  3407      335.1387   113                    331.3594  1187613         
   6383  3432      346.7609   111                    331.3649  1199144         
   6438  3475      354.3809    79                    331.3792  1211717         
   6473  3496      343.0113    62                    331.4001  1223331         
   6524  3533      347.0526   112                    331.4083  1236256         
   6596  3589      345.9605   106                    331.4151  1247856         
   6641  3620      331.8024   152                    331.4165  1260211         
   6692  3661    infeasible                          331.4237  1273244         
   6741  3700      342.8464    89                    331.4351  1284100         
Elapsed time = 750.35 sec. (722631.47 ticks, tree = 16.26 MB, solutions = 0)
   6811  3750      332.8300   149                    331.4428  1296087         
   6856  3781      332.0065   130                    331.4428  1309727         
   6887  3812      355.3428    77                    331.4428  1318383         
   6932  3841      349.8745    82                    331.4463  1330716         
   6995  3894      333.1914    80                    331.4566  1342349         
   7065  3944      333.8201   128                    331.4744  1354413         
   7138  3987      332.2761   150                    331.4936  1365681         
   7202  4033    infeasible                          331.5078  1378075         
   7238  4057      334.5150   107                    331.5246  1389525         
   7291  4096      333.5558   106                    331.5281  1403017         
Elapsed time = 787.87 sec. (761427.41 ticks, tree = 17.33 MB, solutions = 0)
   7374  4157      333.9939   126                    331.5349  1413749         
   7430  4189    infeasible                          331.5515  1426300         
   7485  4230      341.6310   101                    331.5729  1439023         
   7544  4275      343.8779    83                    331.6062  1452071         
   7592  4311    infeasible                          331.6096  1464648         
   7643  4346      335.0802   119                    331.6175  1476826         
   7708  4393      338.5825    82                    331.6339  1486170         
   7754  4425      339.0982    64                    331.6431  1498070         
   7817  4452    infeasible                          331.6531  1510128         
   7879  4498      370.5011    90                    331.6570  1524061         
Elapsed time = 825.72 sec. (800921.80 ticks, tree = 18.56 MB, solutions = 0)
   7936  4541      336.9957    85                    331.6675  1534054         
   7979  4572      356.8103   117                    331.6776  1546479         
   8044  4621      341.1363    97                    331.6811  1558490         
   8113  4664      334.7132   133                    331.6870  1570590         
   8171  4702      345.7817    96                    331.6882  1582491         
   8216  4739      356.1744   110                    331.6911  1594887         
   8248  4761      347.9878    78                    331.6956  1607845         
   8309  4796      332.6532   133                    331.7154  1619605         
   8353  4828      332.9488   123                    331.7246  1632468         
   8407  4860      333.1061   108                    331.7292  1644735         
Elapsed time = 863.14 sec. (839949.34 ticks, tree = 19.80 MB, solutions = 0)
   8471  4900      336.2725   149                    331.7422  1656453         
   8515  4930    infeasible                          331.7443  1669280         
   8575  4976      336.6819   113                    331.7712  1681433         
   8630  5007      332.7906   130                    331.7817  1692612         
   8684  5039      334.1148   106                    331.7943  1707052         
   8737  5076    infeasible                          331.8014  1719383         
   8787  5110      338.7614    77                    331.8129  1731827         
   8842  5155      339.7568   105                    331.8171  1742979         
   8882  5183      333.4488   136                    331.8184  1752314         
   8942  5223      342.2405   116                    331.8228  1764372         
Elapsed time = 901.35 sec. (879263.80 ticks, tree = 20.79 MB, solutions = 0)
   8997  5268      357.9647    76                    331.8287  1776572         
   9041  5302      345.5910    79                    331.8303  1789235         
   9090  5329      348.4042    89                    331.8462  1801353         
   9148  5365      335.1888   122                    331.8607  1812792         
   9200  5401      340.8707    85                    331.8778  1826332         
   9234  5423    infeasible                          331.8788  1840515         
   9268  5449      347.3886   124                    331.8858  1852177         
   9325  5484      335.4601   102                    331.8904  1864010         
   9369  5520      346.3787   110                    331.8982  1875940         
   9426  5565      355.8733    67                    331.9121  1888722         
Elapsed time = 945.98 sec. (917942.62 ticks, tree = 21.71 MB, solutions = 0)
   9497  5624      340.6604   117                    331.9223  1900544         
   9552  5663      351.8791   112                    331.9226  1912929         
   9598  5691      334.9533   106                    331.9353  1925149         
   9659  5730      334.2368   139                    331.9393  1936114         
   9710  5759      332.2717   157                    331.9551  1946530         
   9764  5801      334.5695   130                    331.9571  1956424         
   9820  5835      344.0214    85                    331.9698  1968578         
   9867  5866      343.2677    98                    331.9715  1980415         
   9919  5904      332.3514   137                    331.9934  1993059         
   9960  5939      346.0522    87                    331.9957  2005162         
Elapsed time = 987.90 sec. (956552.44 ticks, tree = 22.73 MB, solutions = 0)
   9998  5967      336.6701   108                    332.0007  2018078         
  10047  5996      335.7744   114                    332.0065  2030229         
  10081  6020      345.3426   157                    332.0142  2042219         
  10143  6066      332.1077   158                    332.0193  2053320         
  10196  6109      333.0175   145                    332.0363  2065286         
  10242  6145      353.9381    60                    332.0381  2078384         
  10297  6180      350.2814    86                    332.0502  2091580         
  10353  6218      343.1895   112                    332.0695  2103879         
  10404  6249      342.1168    77                    332.0762  2116453         
  10450  6283      346.3190    95                    332.0797  2128663         
Elapsed time = 1030.05 sec. (995719.22 ticks, tree = 24.06 MB, solutions = 0)
  10495  6312    infeasible                          332.0819  2139821         
  10539  6346      333.3378   127                    332.0831  2152056         
  10597  6386      335.0574   129                    332.1005  2164504         
  10644  6418      332.2406   128                    332.1096  2176962         
  10696  6460      334.9811   123                    332.1221  2188496         
  10751  6493      337.5207   100                    332.1343  2201686         
  10812  6524    infeasible                          332.1387  2213049         
  10860  6560      332.2842   141                    332.1441  2226429         
  10908  6596      333.8678   127                    332.1534  2235677         
  10961  6637      348.7476   118                    332.1575  2246680         
Elapsed time = 1072.06 sec. (1034410.11 ticks, tree = 25.02 MB, solutions = 0)
  11024  6682    infeasible                          332.1667  2256782         
  11075  6719      336.1863    61                    332.1752  2270263         
  11140  6764      333.6835   128                    332.1834  2281250         
  11198  6806      341.4679    77                    332.1862  2292560         
  11254  6842      352.8957   134                    332.1891  2304513         
  11300  6874      341.3002    73                    332.2086  2314626         
  11348  6908      336.0935    98                    332.2163  2327135         
  11408  6950      340.6101   126                    332.2210  2340596         
  11468  6986    infeasible                          332.2210  2352483         
  11512  7022      359.2829    92                    332.2223  2364564         
Elapsed time = 1117.57 sec. (1073115.75 ticks, tree = 26.06 MB, solutions = 0)
  11588  7074      334.3464   129                    332.2276  2376435         
  11632  7100      332.8134   129                    332.2294  2387998         
  11670  7128      333.9471   115                    332.2298  2396521         
  11724  7166      343.6330    89                    332.2600  2409478         
  11769  7197      336.4347    59                    332.2626  2422142         
  11795  7215      348.5233   109                    332.2640  2433706         
  11848  7238    infeasible                          332.2711  2446007         
  11892  7272      339.3991   146                    332.2761  2456760         
  11926  7294      335.2227   110                    332.2770  2468552         
  11994  7348      340.7908   106                    332.2799  2479668         
Elapsed time = 1159.14 sec. (1112385.79 ticks, tree = 26.95 MB, solutions = 0)
  12054  7382      341.9951    91                    332.2842  2492965         
  12112  7420      342.8396    87                    332.2891  2503348         
  12162  7456      341.9016   125                    332.3020  2515239         
  12196  7482      336.6797   141                    332.3054  2528849         
  12255  7525    infeasible                          332.3115  2540291         
  12303  7560      349.7216    90                    332.3175  2552023         
  12369  7606      346.4429   116                    332.3224  2564826         
  12428  7643      335.0618   116                    332.3278  2577832         
  12482  7687      339.5626   105                    332.3303  2589535         
  12536  7723      338.8234    99                    332.3400  2601647         
Elapsed time = 1201.15 sec. (1151080.50 ticks, tree = 27.97 MB, solutions = 0)
  12590  7753      339.3916    98                    332.3465  2613758         
  12637  7783      358.3055   104                    332.3496  2626200         
  12698  7828      337.8525   115                    332.3591  2637559         
  12762  7866      332.4278    93                    332.3733  2651627         
  12815  7901    infeasible                          332.3746  2663454         
  12873  7931      334.4772   122                    332.3769  2676654         
  12915  7961      335.9116   106                    332.3790  2688227         
  12970  8000      332.4341   129                    332.3873  2700258         
  13033  8053      352.7810    93                    332.3873  2711949         
  13087  8085      360.5726    93                    332.3960  2724918         
Elapsed time = 1242.72 sec. (1189732.43 ticks, tree = 28.96 MB, solutions = 0)
  13139  8121    infeasible                          332.3987  2736707         
  13197  8161      338.0544   132                    332.4047  2750000         
  13257  8205      332.6304   177                    332.4124  2761999         
  13319  8249      336.0066    91                    332.4215  2772299         
  13366  8278      339.9549   179                    332.4255  2784110         
  13418  8312      336.2705   118                    332.4323  2796442         
  13454  8330      338.5395    94                    332.4389  2808804         
  13501  8357      338.1085   105                    332.4411  2821484         
  13545  8383      343.8243   107                    332.4431  2834751         
  13599  8415      335.6211    94                    332.4541  2846790         
Elapsed time = 1288.02 sec. (1228295.29 ticks, tree = 30.44 MB, solutions = 0)
  13654  8462      352.2818    99                    332.4572  2857993         
  13715  8511      345.3359   109                    332.4591  2870161         
  13758  8540      335.7980   105                    332.4657  2883067         
  13803  8577      346.9224    90                    332.4674  2895161         
  13849  8603      333.8620   120                    332.4743  2907118         
  13903  8637      335.7565   113                    332.4771  2919823         
  13968  8674      336.2770   113                    332.4893  2931944         
  14026  8716      340.2283   109                    332.4917  2944202         
  14076  8748      351.0739    96                    332.4945  2957301         
  14137  8789      342.0141   107                    332.5027  2969476         
Elapsed time = 1345.09 sec. (1267679.06 ticks, tree = 31.46 MB, solutions = 0)
  14194  8828    infeasible                          332.5064  2981654         
  14242  8852      359.1389    78                    332.5070  2994071         
  14286  8882      336.9830   129                    332.5081  3007321         
  14352  8922      334.8462   109                    332.5133  3017769         
  14411  8961      342.5636    94                    332.5232  3029827         
  14457  8991      338.1663   115                    332.5248  3043541         
  14484  9009      354.0774    86                    332.5333  3056176         
  14529  9038    infeasible                          332.5410  3068799         
  14586  9073      336.8068   115                    332.5478  3080423         
  14636  9109      337.3878   135                    332.5503  3091671         
Elapsed time = 1409.65 sec. (1306444.03 ticks, tree = 32.32 MB, solutions = 0)
  14678  9139      335.6688    97                    332.5604  3103413         
  14737  9188      353.1970   101                    332.5626  3116467         
  14788  9225      345.0044    99                    332.5707  3129152         
  14846  9259      332.9279   123                    332.5793  3142099         
  14904  9299      333.2981   197                    332.5842  3153996         
  14962  9339      354.8665   102                    332.5877  3166006         
  15026  9379      334.3700   129                    332.5894  3178311         
  15093  9418      332.9126   127                    332.6038  3190343         
  15130  9443      333.4490   144                    332.6079  3201896         
  15191  9484      350.0729   100                    332.6254  3214234         
Elapsed time = 1459.86 sec. (1345496.63 ticks, tree = 33.34 MB, solutions = 0)
  15249  9512      350.6075    99                    332.6299  3227726         
  15300  9545      341.5008    94                    332.6307  3239681         
  15342  9565      334.4081    76                    332.6346  3251786         
  15402  9599      333.9789   114                    332.6372  3264379         
  15467  9652      353.4379    88                    332.6430  3276661         
  15551  9722      356.1537    78                    332.6435  3287821         
  15595  9758      341.9682    71                    332.6441  3300269         
  15647  9794      335.7455   114                    332.6499  3313234         
  15702  9833      341.4534    94                    332.6532  3326077         
  15754  9869      349.1487    66                    332.6571  3338967         
Elapsed time = 1509.72 sec. (1384914.34 ticks, tree = 34.38 MB, solutions = 0)
  15805  9899      346.2562   107                    332.6631  3352375         
  15855  9921    infeasible                          332.6653  3364903         
  15901  9946      360.8713   104                    332.6668  3376827         
  15946  9968      333.0252   125                    332.6703  3389044         
  16002 10012      356.5555    84                    332.6741  3401165         
  16045 10039      350.8982   108                    332.6817  3412754         
  16085 10061      347.3838   106                    332.6826  3424750         
  16141 10085      343.1569    99                    332.6856  3436433         
  16195 10121      345.9465   103                    332.6882  3449134         
  16226 10138      338.2223    95                    332.6906  3461871         
Elapsed time = 1557.42 sec. (1423687.72 ticks, tree = 35.11 MB, solutions = 0)
  16261 10165    infeasible                          332.6922  3474780         
  16311 10201      334.3320   137                    332.6966  3487733         
  16368 10246      349.3117   126                    332.7001  3500082         
  16420 10278      338.1736    99                    332.7029  3513864         
  16464 10302      351.7358    72                    332.7041  3528286         
  16506 10326      348.2414   116                    332.7120  3540847         
  16559 10367      337.6877   101                    332.7146  3553858         
  16608 10400      338.4513   106                    332.7157  3566386         
  16661 10425      339.9267   113                    332.7277  3579686         
  16713 10449      337.4463    96                    332.7303  3592290         
Elapsed time = 1606.51 sec. (1462414.64 ticks, tree = 35.95 MB, solutions = 0)
  16766 10486    infeasible                          332.7331  3606120         
  16815 10517      336.4072   113                    332.7361  3618313         
  16861 10551      340.8293    86                    332.7395  3630973         
  16895 10573      340.4521   122                    332.7405  3644695         
  16953 10613    infeasible                          332.7432  3657052         
  16998 10630      334.1084   157                    332.7479  3670562         
  17037 10651    infeasible                          332.7592  3683051         
  17092 10688      340.6909   118                    332.7623  3694145         
  17127 10711      343.6344   120                    332.7656  3706693         
  17169 10737      338.1583   120                    332.7701  3719086         
Elapsed time = 1657.18 sec. (1501261.57 ticks, tree = 36.87 MB, solutions = 0)
  17220 10776      347.5046    97                    332.7734  3730823         
  17268 10808      345.4631   109                    332.7753  3744434         
  17324 10840      334.5993   116                    332.7798  3757236         
  17381 10877      340.6519   128                    332.7805  3769164         
  17425 10913    infeasible                          332.7852  3781391         
  17478 10956      357.2712    97                    332.7867  3793648         
  17541 10997    infeasible                          332.7934  3807213         
  17603 11029      341.9030   119                    332.7957  3820611         
  17652 11052      342.2236   103                    332.7977  3831909         
  17702 11087      334.6167   132                    332.8043  3843858         
Elapsed time = 1709.38 sec. (1539982.56 ticks, tree = 37.82 MB, solutions = 0)
  17750 11117      334.3646   113                    332.8134  3856528         
  17807 11154      333.4638   132                    332.8202  3867245         
  17864 11179      335.7078   126                    332.8233  3879845         
  17910 11207      335.8779   104                    332.8287  3894105         
  17964 11247      352.1298    83                    332.8293  3905276         
  18016 11283      345.9816    91                    332.8300  3916952         
  18063 11308      345.5698   106                    332.8339  3930721         
  18108 11337      333.4441   121                    332.8367  3942863         
  18157 11372      345.3110   114                    332.8389  3953783         
  18210 11405      337.3693    77                    332.8392  3966612         
Elapsed time = 1754.62 sec. (1578839.99 ticks, tree = 38.68 MB, solutions = 0)
  18264 11447      338.3073   104                    332.8468  3979452         
  18310 11483      347.0098   108                    332.8479  3992536         
  18373 11522      338.4037   140                    332.8514  4005065         
  18413 11552      376.7734    72                    332.8566  4017127         
  18462 11587      364.4799    74                    332.8570  4028876         
  18501 11604      337.8130    71                    332.8589  4041796         
  18547 11632      336.7624   104                    332.8626  4054878         
  18588 11663      339.8788   116                    332.8714  4066133         
  18619 11687      348.1992   130                    332.8732  4080678         
  18662 11714      337.4857   154                    332.8760  4093344         
Elapsed time = 1812.50 sec. (1617672.42 ticks, tree = 39.52 MB, solutions = 0)
  18710 11752    infeasible                          332.8767  4104270         
  18758 11778      342.8433   104                    332.8795  4115193         
  18802 11804      357.6658    73                    332.8801  4127986         
  18852 11832      353.3014    96                    332.8816  4140926         
  18884 11858      354.0928    93                    332.8826  4152644         
  18950 11896      337.7410   124                    332.8865  4163687         
  19003 11929    infeasible                          332.8912  4177727         
  19053 11958      371.8121    82                    332.8974  4190451         
  19111 12008      332.9237   124                    332.9008  4200655         
  19172 12053      345.9110   100                    332.9020  4212325         
Elapsed time = 1874.54 sec. (1656577.81 ticks, tree = 40.71 MB, solutions = 0)
  19224 12081      350.2028    99                    332.9069  4224600         
  19290 12129      336.5628   105                    332.9101  4236368         
  19341 12156      335.5579   106                    332.9140  4248993         
  19387 12182      332.9293   142                    332.9196  4261687         
  19426 12213      354.0749    76                    332.9244  4274040         
  19477 12246      341.4805   125                    332.9277  4286421         
  19537 12280      333.3173   109                    332.9359  4297812         
  19600 12323      361.9730    82                    332.9428  4309943         
  19651 12362      344.8434    77                    332.9444  4322314         
  19683 12382      336.9204   110                    332.9490  4334527         
Elapsed time = 1929.85 sec. (1695251.96 ticks, tree = 41.61 MB, solutions = 0)
  19725 12412      358.8725   100                    332.9529  4346060         
  19774 12447      335.0952   105                    332.9562  4358889         
  19831 12482      340.6664    83                    332.9589  4371259         
  19878 12506      338.7566   132                    332.9625  4384334         
  19919 12529      352.2617    86                    332.9640  4397020         
  19964 12554      339.8798   122                    332.9672  4410167         
  20007 12573      344.0570   126                    332.9723  4422826         
  20057 12605      343.7145   125                    332.9772  4434670         
  20097 12633      337.7748    87                    332.9783  4446310         
  20150 12662      340.9081   124                    332.9802  4459514         
Elapsed time = 1982.98 sec. (1734101.33 ticks, tree = 42.50 MB, solutions = 0)
  20209 12695      335.0569   152                    332.9899  4471062         
  20254 12716      367.3194   101                    332.9936  4483521         
  20291 12747      376.2234    80                    332.9939  4495439         
  20352 12782      334.9320   135                    332.9990  4508349         
  20406 12822      339.8798    85                    333.0046  4520735         
  20445 12845      342.1183   118                    333.0067  4535269         
  20497 12871      337.3450   109                    333.0091  4547635         
  20558 12908      341.2454   106                    333.0135  4560280         
  20602 12926      349.5378    57                    333.0191  4574472         
  20651 12959      335.3552    99                    333.0221  4587089         
Elapsed time = 2036.66 sec. (1772878.30 ticks, tree = 43.57 MB, solutions = 0)
  20696 12996      350.2130    93                    333.0251  4599532         
  20749 13025    infeasible                          333.0256  4612110         
  20815 13065      338.4282   120                    333.0330  4624261         
  20878 13106      353.2277    76                    333.0363  4636656         
  20932 13140      333.4811   129                    333.0417  4650241         
  20991 13179      342.0796   112                    333.0499  4661848         
  21021 13193      356.1537    70                    333.0547  4674252         
  21069 13229      333.1364   105                    333.0577  4687502         
  21122 13266      333.8806   139                    333.0580  4699768         
  21191 13307      333.5279   145                    333.0595  4711798         
Elapsed time = 2083.05 sec. (1811730.28 ticks, tree = 44.52 MB, solutions = 0)
  21239 13341      344.4632    96                    333.0645  4725335         
  21292 13374      334.3233    81                    333.0678  4737215         
  21337 13407      334.9075   146                    333.0686  4750395         
  21392 13454      334.6366   107                    333.0690  4762338         
  21438 13488      356.3219    74                    333.0715  4776364         
  21478 13514    infeasible                          333.0748  4789128         
  21520 13550      366.6784    87                    333.0761  4801944         
  21568 13576      335.1859   123                    333.0789  4814470         
  21625 13603      346.3036   129                    333.0854  4826831         
  21677 13635      334.7264    57                    333.0905  4838944         
Elapsed time = 2128.79 sec. (1850702.17 ticks, tree = 45.68 MB, solutions = 0)
  21721 13664      335.7825   108                    333.0958  4850599         
  21781 13708    infeasible                          333.0995  4864365         
  21825 13730      339.4803    97                    333.1056  4877901         
  21878 13767      336.2396   125                    333.1103  4891152         
  21933 13792      341.3906    86                    333.1110  4905446         
  21979 13822      344.8190    98                    333.1160  4918472         
Advanced basis not built.
Advanced basis not built.
  22029 13862      337.9445    92                    333.1178  4931685         
  22080 13903    infeasible                          333.1202  4941862         
  22134 13935      345.4390   108                    333.1217  4954294         
  22170 13959      384.8532    74                    333.1227  4966515         
Elapsed time = 2176.61 sec. (1889454.34 ticks, tree = 46.56 MB, solutions = 0)
  22226 13997      336.3360    85                    333.1289  4978993         
  22279 14034      339.5619   111                    333.1314  4991621         
  22331 14076      368.8463    90                    333.1338  5003435         
  22368 14099      336.2920   115                    333.1347  5016358         
  22408 14121      340.1933   131                    333.1365  5028878         
  22454 14147      335.8538   125                    333.1392  5039471         
  22501 14178    infeasible                          333.1403  5050747         
  22540 14199      343.3741   100                    333.1412  5064720         
  22598 14231      366.3159   100                    333.1474  5077322         
  22634 14251      339.3951    99                    333.1514  5092029         
Elapsed time = 2218.71 sec. (1928394.94 ticks, tree = 47.35 MB, solutions = 0)
  22688 14283    infeasible                          333.1547  5105041         
  22737 14316      342.3438   128                    333.1599  5116353         
  22783 14352      341.9788    68                    333.1633  5126334         
  22830 14387      336.9981   139                    333.1651  5136332         
  22868 14415      338.8664   112                    333.1680  5148610         
  22914 14439      336.2892   121                    333.1723  5160335         
  22978 14487      335.7365   131                    333.1741  5171554         
  23022 14517      340.6987   120                    333.1781  5184556         
  23079 14552      335.8880   118                    333.1841  5196479         
  23120 14579      336.1093   114                    333.1875  5209404         
Elapsed time = 2261.65 sec. (1966949.41 ticks, tree = 48.25 MB, solutions = 0)
  23169 14606      333.7524   134                    333.1879  5222957         
  23227 14654      336.8733   101                    333.1895  5235687         
  23278 14687      341.0812   124                    333.1898  5248455         
  23329 14722      333.7735   105                    333.1937  5260136         
  23396 14757      334.4785   145                    333.1946  5271660         
  23425 14782      342.3264    88                    333.1978  5285222         
  23472 14817    infeasible                          333.2014  5297980         
  23511 14838      345.1353   101                    333.2077  5311671         
  23552 14869      342.7892   121                    333.2132  5323959         
  23598 14903      345.7828   102                    333.2153  5336271         
Elapsed time = 2303.30 sec. (2005892.41 ticks, tree = 49.12 MB, solutions = 0)
  23646 14931      338.6409   110                    333.2167  5348751         
  23699 14968      344.2259    93                    333.2192  5361193         
  23752 14999      333.3092   163                    333.2246  5373729         
  23815 15044      335.9199   134                    333.2301  5384607         
  23867 15074      336.9720   106                    333.2315  5397621         
  23909 15108      338.0046   111                    333.2327  5409180         
  23962 15137      337.6278   105                    333.2405  5422504         
  24021 15174      342.7080    99                    333.2412  5435202         
  24075 15202      333.9689   131                    333.2500  5446965         
  24135 15238      339.7520    60                    333.2520  5459782         
Elapsed time = 2346.51 sec. (2044743.10 ticks, tree = 50.04 MB, solutions = 0)
  24168 15259      349.2870    98                    333.2540  5472093         
  24195 15278      339.7412    88                    333.2568  5485242         
  24235 15302      337.0968   113                    333.2585  5498193         
  24290 15337      333.4074   131                    333.2604  5510595         
  24330 15371      363.6465    89                    333.2606  5522922         
  24371 15390      346.4142    91                    333.2709  5534936         
  24434 15433      342.4010   110                    333.2739  5547644         
  24474 15455    infeasible                          333.2767  5558683         
  24522 15485      341.2250    97                    333.2780  5571987         
  24569 15516      337.4775   126                    333.2794  5584230         
Elapsed time = 2388.95 sec. (2083445.98 ticks, tree = 50.80 MB, solutions = 0)
  24626 15550      349.5417   136                    333.2867  5598234         
  24666 15580      337.5790   135                    333.2875  5610850         
  24716 15612      337.0123   108                    333.2929  5623671         
  24765 15643      335.7932   102                    333.2946  5636829         
  24802 15672      360.3388    82                    333.2955  5649605         
  24853 15709      341.0398    97                    333.2963  5662258         
  24907 15751      343.7031   114                    333.2988  5674850         
  24963 15787      336.4206   119                    333.3005  5686989         
  25013 15811      344.9932   105                    333.3018  5701655         
  25066 15840      337.1344   126                    333.3063  5715476         
Elapsed time = 2431.50 sec. (2122471.68 ticks, tree = 51.68 MB, solutions = 0)
  25118 15868      344.4485   103                    333.3092  5728201         
  25170 15900      344.6052   123                    333.3140  5739761         
  25214 15928      343.2071    79                    333.3149  5752376         
  25262 15948      335.8131   108                    333.3162  5764782         
  25324 15992      334.6853   127                    333.3263  5776220         
  25393 16037      336.5227   121                    333.3308  5787042         
  25448 16076      339.9754    55                    333.3336  5799178         
  25486 16104      339.5502   139                    333.3345  5810405         
  25528 16134      347.8407    97                    333.3356  5823920         
  25586 16176      345.8900   122                    333.3390  5834962         
Elapsed time = 2475.50 sec. (2160973.95 ticks, tree = 52.60 MB, solutions = 0)
  25629 16203      344.8264    68                    333.3419  5846100         
  25671 16227      342.5392   100                    333.3470  5858821         
  25709 16249      368.8463    81                    333.3490  5873344         
  25747 16275      333.3937   116                    333.3491  5885895         
  25785 16303      333.6097   154                    333.3491  5898916         
  25804 16322      354.2201   100                    333.3491  5911277         
  25831 16341      335.2700   127                    333.3501  5923539         
  25875 16379      337.7845   109                    333.3516  5936406         
  25919 16413      365.4582    96                    333.3568  5950584         
  25969 16441      335.8043    69                    333.3598  5963313         
Elapsed time = 2518.02 sec. (2200725.43 ticks, tree = 53.99 MB, solutions = 0)
  25992 16460      356.3926    86                    333.3608  5976498         
  26039 16481      333.6872   124                    333.3628  5989128         
  26090 16506      338.7076   103                    333.3651  6000898         
  26149 16542      335.8110   106                    333.3667  6013274         
  26178 16567      353.6102    80                    333.3667  6025560         
  26231 16596      342.9456    72                    333.3695  6040058         
  26268 16624      334.7684   130                    333.3702  6051460         
  26311 16653    infeasible                          333.3718  6064177         
  26352 16682      333.8832   114                    333.3736  6077515         
  26404 16716      335.0459   157                    333.3748  6089516         
Elapsed time = 2558.82 sec. (2239510.08 ticks, tree = 54.73 MB, solutions = 0)
  26444 16750      350.2718   102                    333.3786  6100537         
  26476 16766      333.7428   118                    333.3802  6109953         
  26525 16797      336.0162   109                    333.3825  6123659         
  26563 16823      350.5490   110                    333.3835  6137010         
  26614 16846      344.2142    97                    333.3869  6150116         
  26657 16871      336.8105   106                    333.3920  6162627         
  26702 16902      356.5229    87                    333.3926  6175917         
  26749 16929      340.2257   104                    333.3964  6187191         
  26798 16962      333.9991   117                    333.4018  6200256         
  26852 16998    infeasible                          333.4027  6210989         
Elapsed time = 2599.41 sec. (2277936.98 ticks, tree = 55.51 MB, solutions = 0)
  26890 17026      339.3397   106                    333.4044  6223823         
  26933 17049      333.9244   126                    333.4067  6234674         
  26982 17088      356.9217    71                    333.4083  6246736         
  27017 17111      336.9791    67                    333.4099  6258024         
  27056 17134    infeasible                          333.4100  6271194         
  27090 17158      346.6214    93                    333.4129  6284794         
  27137 17189      337.6778   115                    333.4140  6297841         
  27192 17226      336.3089   112                    333.4167  6310102         
  27248 17272      339.9987   118                    333.4168  6323336         
  27299 17307      337.2258    91                    333.4194  6335978         
Elapsed time = 2640.92 sec. (2316988.24 ticks, tree = 56.34 MB, solutions = 0)
  27345 17333      337.5332   122                    333.4223  6347839         
  27389 17353      337.7882   101                    333.4254  6360818         
  27436 17386      338.0290   117                    333.4254  6373982         
  27487 17417    infeasible                          333.4258  6386741         
  27523 17443      356.2039   110                    333.4261  6401238         
  27573 17479    infeasible                          333.4273  6414436         
  27603 17501      357.9273   106                    333.4287  6427279         
  27659 17533      354.3115    99                    333.4337  6440338         
  27700 17558      334.8808   151                    333.4348  6452423         
  27748 17594      340.9262    91                    333.4386  6464387         
Elapsed time = 2683.04 sec. (2355674.65 ticks, tree = 57.12 MB, solutions = 0)
  27802 17626      335.6271   111                    333.4418  6477590         
  27840 17648      341.6873   108                    333.4434  6489830         
  27888 17672      343.8732   115                    333.4456  6503530         
  27931 17699      347.0336    87                    333.4478  6515649         
  27980 17730      334.1140   131                    333.4493  6528853         
  28014 17750      340.8098   111                    333.4514  6541746         
  28047 17773      345.9916    73                    333.4523  6553146         
  28087 17803      344.3619   108                    333.4527  6565035         
  28119 17823      360.2175    66                    333.4536  6575606         
  28156 17846      334.4649   142                    333.4572  6588576         
Elapsed time = 2727.35 sec. (2394587.81 ticks, tree = 58.21 MB, solutions = 0)
  28192 17872      347.7030   104                    333.4576  6600716         
  28214 17888      350.5721   124                    333.4582  6612017         
  28271 17931    infeasible                          333.4588  6624651         
  28336 17973      345.5759   101                    333.4640  6637388         
  28380 18001      345.0922   102                    333.4649  6649147         
  28451 18038      341.4782    97                    333.4655  6661939         
  28496 18061      342.7582   107                    333.4679  6675985         
  28544 18085      341.7872    65                    333.4728  6688771         
  28576 18103    infeasible                          333.4765  6702238         
  28645 18150      343.6262   104                    333.4781  6714151         
Elapsed time = 2772.76 sec. (2433271.20 ticks, tree = 59.04 MB, solutions = 0)
  28691 18170      342.7209    92                    333.4810  6728199         
  28736 18199      344.2989    74                    333.4818  6741056         
  28781 18232      355.4120   107                    333.4826  6751850         
  28827 18258    infeasible                          333.4874  6764965         
  28878 18289      354.4797    68                    333.4881  6777168         
  28930 18319    infeasible                          333.4922  6790427         
  28995 18362      346.2292    88                    333.4999  6803150         
  29050 18399      336.5222   126                    333.5010  6814684         
  29102 18437    infeasible                          333.5023  6826572         
  29133 18464      356.4548   108                    333.5037  6836785         
Elapsed time = 2824.41 sec. (2471792.47 ticks, tree = 59.89 MB, solutions = 0)
  29191 18498      335.6410   112                    333.5116  6849407         
  29247 18528      342.2417    70                    333.5123  6861492         
  29296 18557      333.8688   150                    333.5150  6872763         
  29350 18593      352.8324    90                    333.5184  6885758         
  29391 18612      335.7382    98                    333.5216  6897248         
  29447 18654      348.5261    96                    333.5222  6909868         
  29501 18698      344.4411   111                    333.5229  6922122         
  29543 18716    infeasible                          333.5245  6936045         
  29599 18752      336.6840   128                    333.5287  6947198         
  29633 18780      342.6033   123                    333.5289  6959922         
Elapsed time = 2881.46 sec. (2510593.74 ticks, tree = 60.75 MB, solutions = 0)
  29689 18816      340.3833   110                    333.5316  6972355         
  29736 18843      342.2547    97                    333.5381  6985566         
  29784 18877      346.6163    94                    333.5396  6997531         
  29833 18912      363.6653    77                    333.5433  7010202         
  29887 18942    infeasible                          333.5454  7023894         
  29929 18966      335.3478   133                    333.5472  7036215         
  29979 18996    infeasible                          333.5498  7048492         
  30039 19036      342.7256   100                    333.5567  7061267         
  30071 19058      342.0076    74                    333.5575  7074278         
  30110 19077      336.2995    85                    333.5594  7088591         
Elapsed time = 2931.34 sec. (2549500.11 ticks, tree = 61.56 MB, solutions = 0)
  30146 19101      350.4125    93                    333.5602  7102050         
  30198 19133      339.4282    84                    333.5614  7114063         
  30237 19154      342.5692   101                    333.5635  7126722         
  30283 19188      351.7737   100                    333.5640  7137734         
  30328 19205      338.7597   123                    333.5679  7150798         
  30384 19239      343.8361    95                    333.5684  7163229         
  30425 19266      341.7849   110                    333.5723  7177816         
  30467 19288    infeasible                          333.5749  7191543         
  30516 19321    infeasible                          333.5777  7204401         
  30568 19357      337.4888   130                    333.5811  7217270         
Elapsed time = 2985.14 sec. (2588560.18 ticks, tree = 62.32 MB, solutions = 0)
  30614 19379      335.6567   111                    333.5845  7229967         
  30666 19411      334.0522   103                    333.5877  7243068         
  30711 19446      337.1707   105                    333.5877  7255717         
  30750 19475      337.8162   127                    333.5893  7268403         
  30806 19517      348.3508   105                    333.5930  7282252         
  30852 19553      352.9368    95                    333.5933  7295317         
  30889 19572      341.8827    92                    333.5984  7305926         
  30948 19601      340.0918    90                    333.6037  7318718         
  30997 19630      341.0748   136                    333.6049  7330274         
  31061 19670      338.2304    80                    333.6056  7340616         
Elapsed time = 3037.99 sec. (2627417.82 ticks, tree = 63.04 MB, solutions = 0)
  31088 19691      352.9497    85                    333.6059  7352111         
  31140 19719      338.4990    70                    333.6077  7362782         
  31178 19745      341.8730    80                    333.6082  7373790         
  31210 19771      358.9942    96                    333.6097  7386951         
  31241 19792      346.4951   119                    333.6117  7400600         
  31290 19829      347.0188   109                    333.6134  7412805         
  31343 19858      343.0314   102                    333.6144  7426777         
  31392 19881    infeasible                          333.6197  7439462         
  31443 19913      334.9123   125                    333.6235  7451520         
  31495 19947      336.0885   150                    333.6278  7463296         
Elapsed time = 3088.81 sec. (2666593.41 ticks, tree = 65.00 MB, solutions = 0)
  31540 19978      342.0178    85                    333.6292  7474713         
  31580 20006      340.7359   101                    333.6309  7488832         
  31634 20042      334.8918   110                    333.6339  7501850         
  31670 20066      334.6166   141                    333.6354  7514642         
  31711 20093      340.7617   125                    333.6366  7527496         
  31745 20113      340.6057   118                    333.6375  7541011         
  31793 20139      340.0770    90                    333.6406  7552959         
  31852 20178      354.6614    95                    333.6432  7566401         
  31904 20210      354.0375    87                    333.6441  7579436         
  31962 20242      360.8362   101                    333.6452  7591920         
Elapsed time = 3136.99 sec. (2705481.82 ticks, tree = 65.80 MB, solutions = 0)
  32011 20270      353.2814    86                    333.6465  7604119         
  32046 20289      353.6702   105                    333.6483  7616819         
  32096 20317      357.7608    95                    333.6542  7629151         
  32134 20339      356.4902    85                    333.6586  7642034         
  32183 20364      335.5497   130                    333.6615  7654454         
  32224 20395      339.9881   109                    333.6631  7667106         
  32284 20435    infeasible                          333.6647  7679183         
  32329 20468      334.5906   119                    333.6652  7691501         
  32368 20499      336.7792   110                    333.6658  7705045         
  32429 20536      340.2911   108                    333.6686  7717325         
Elapsed time = 3186.24 sec. (2744141.16 ticks, tree = 66.60 MB, solutions = 0)
  32487 20574      350.7047   117                    333.6706  7729443         
  32540 20595      344.4168   108                    333.6741  7741899         
  32602 20635      343.3571   127                    333.6778  7753658         
  32653 20664    infeasible                          333.6790  7766144         
  32705 20694      337.4892   115                    333.6803  7779426         
  32748 20716    infeasible                          333.6811  7792748         
  32817 20755      339.9297   100                    333.6892  7806026         
  32880 20794      337.8054   152                    333.6925  7817539         
  32913 20817      341.6647   108                    333.6949  7831251         
  32954 20840      337.3195   111                    333.6998  7843800         
Elapsed time = 3240.56 sec. (2782907.40 ticks, tree = 67.30 MB, solutions = 0)
  32992 20862      335.4276   133                    333.7008  7856170         
  33034 20898      356.9848    63                    333.7025  7868606         
  33071 20923      338.1918    95                    333.7027  7879963         
  33120 20950      336.5796   128                    333.7084  7892572         
  33161 20975      337.4961    97                    333.7107  7906132         
  33207 20999      334.6868   130                    333.7135  7920146         
  33258 21032      336.7315   121                    333.7150  7932767         
  33302 21056      336.3635   139                    333.7157  7944724         
  33356 21102      341.2689    92                    333.7176  7956714         
  33400 21134      343.6107   115                    333.7192  7970547         
Elapsed time = 3294.25 sec. (2821657.68 ticks, tree = 68.10 MB, solutions = 0)
  33452 21168      340.6425    97                    333.7202  7982567         
  33500 21200      340.9992   120                    333.7222  7995930         
  33540 21216    infeasible                          333.7248  8008950         
  33589 21239      335.8562   126                    333.7269  8021840         
  33637 21270    infeasible                          333.7296  8035156         
  33682 21293      335.4532    94                    333.7324  8047889         
  33719 21320      337.9232   109                    333.7339  8061260         
  33773 21354    infeasible                          333.7353  8074551         
  33816 21381    infeasible                          333.7384  8088813         
  33853 21406    infeasible                          333.7390  8101740         
Elapsed time = 3347.48 sec. (2860088.57 ticks, tree = 68.84 MB, solutions = 0)
  33903 21434      333.7503   109                    333.7412  8114648         
  33982 21489      350.6682   118                    333.7422  8127069         
  34037 21524      337.7816   110                    333.7430  8139578         
  34098 21569      339.0331   115                    333.7434  8153186         
  34147 21602    infeasible                          333.7437  8166005         
  34193 21628      339.5797    90                    333.7498  8178688         
  34231 21648      344.2715    97                    333.7502  8191980         
  34289 21678      335.1039   112                    333.7506  8205055         
  34340 21715      338.4303    84                    333.7532  8218400         
  34400 21761      338.0369    93                    333.7543  8229962         
Elapsed time = 3399.28 sec. (2898923.05 ticks, tree = 69.80 MB, solutions = 0)
  34442 21787      357.7795    92                    333.7552  8242920         
  34501 21826      333.7911   119                    333.7557  8254770         
  34554 21853      350.0555    85                    333.7583  8267599         
  34599 21880    infeasible                          333.7594  8279198         
  34643 21916      343.6154    87                    333.7602  8292156         
  34696 21945      336.1157    99                    333.7627  8304784         
  34757 21982      355.3941    99                    333.7634  8317549         
  34817 22020      342.4110   109                    333.7654  8331028         
  34868 22059      337.6597   113                    333.7673  8343329         
  34916 22090      349.9762    68                    333.7701  8356801         
Elapsed time = 3457.26 sec. (2938240.97 ticks, tree = 70.68 MB, solutions = 0)
  34974 22120      341.0012   104                    333.7735  8369407         
  35026 22156      346.2752   117                    333.7746  8382375         
  35072 22190      338.3502   112                    333.7746  8393093         
  35132 22224      335.1421   133                    333.7781  8405716         
  35192 22265      350.9384   114                    333.7790  8417753         
  35249 22300    infeasible                          333.7790  8431080         
  35300 22331      340.9949   106                    333.7818  8441908         
  35330 22353      365.0732    90                    333.7821  8454339         
  35381 22378      349.8452   110                    333.7837  8467494         
  35415 22404      346.7058   112                    333.7837  8479876         
Elapsed time = 3510.65 sec. (2976959.48 ticks, tree = 71.81 MB, solutions = 0)
  35460 22421      343.2391    89                    333.7869  8493629         
  35510 22451      338.4382   109                    333.7919  8506301         
  35559 22486      342.7120   129                    333.7936  8518121         
  35599 22512      343.2106   100                    333.7940  8531269         
  35644 22539      348.5039   108                    333.7972  8545235         
  35684 22563      342.3884   106                    333.7974  8558182         
  35727 22590      346.3072   113                    333.8021  8570278         
  35774 22613      340.7353   124                    333.8055  8582913         
  35829 22644      335.8447   116                    333.8062  8595544         
  35876 22675    infeasible                          333.8066  8608052         
Elapsed time = 3565.14 sec. (3015939.44 ticks, tree = 72.54 MB, solutions = 0)
  35924 22703      353.1712    95                    333.8087  8620601         
  35968 22725      334.1925   168                    333.8105  8634001         
  36000 22751      334.2541   162                    333.8109  8647419         
  36048 22781      357.1457   100                    333.8131  8660072         
  36087 22800      336.5511   122                    333.8133  8669888         
  36137 22830      337.6502   112                    333.8140  8682708         

GUB cover cuts applied:  107
Clique cuts applied:  74
Cover cuts applied:  18
Implied bound cuts applied:  65
Flow cuts applied:  44
Mixed integer rounding cuts applied:  556
Zero-half cuts applied:  3
Lift and project cuts applied:  7
Gomory fractional cuts applied:  7

Root node processing (before b&c):
  Real time             =   17.17 sec. (13663.86 ticks)
Sequential b&c:
  Real time             = 3582.84 sec. (3028372.72 ticks)
                          ------------
Total (root+branch&cut) = 3600.01 sec. (3042036.58 ticks)
