Version identifier: 22.1.0.0 | 2022-03-09 | 1a383f8ce
CPXPARAM_Read_DataCheck                          1
CPXPARAM_Threads                                 1
CPXPARAM_TimeLimit                               3600
Tried aggregator 2 times.
MIP Presolve eliminated 1450 rows and 58 columns.
MIP Presolve modified 32095 coefficients.
Aggregator did 171 substitutions.
Reduced MIP has 8140 rows, 751 columns, and 63422 nonzeros.
Reduced MIP has 548 binaries, 0 generals, 0 SOSs, and 0 indicators.
Presolve time = 0.10 sec. (101.16 ticks)
Probing fixed 0 vars, tightened 1 bounds.
Probing time = 0.01 sec. (11.02 ticks)
Tried aggregator 1 time.
Detecting symmetries...
MIP Presolve eliminated 1 rows and 0 columns.
MIP Presolve modified 27 coefficients.
Reduced MIP has 8139 rows, 751 columns, and 63419 nonzeros.
Reduced MIP has 548 binaries, 0 generals, 0 SOSs, and 0 indicators.
Presolve time = 0.04 sec. (27.04 ticks)
Probing time = 0.00 sec. (5.40 ticks)
Clique table members: 321.
MIP emphasis: balance optimality and feasibility.
MIP search method: dynamic search.
Parallel mode: none, using 1 thread.
Root relaxation solution time = 0.03 sec. (32.82 ticks)

        Nodes                                         Cuts/
   Node  Left     Objective  IInf  Best Integer    Best Bound    ItCnt     Gap

      0     0      314.7837   123                    314.7837      345         
      0     0      314.7837    71                   Cuts: 421      626         
      0     0      314.7837    65                   Cuts: 624     1019         
      0     0      314.8282    97                   Cuts: 486     1605         
      0     0      315.0531   146                   Cuts: 800     2138         
      0     0      315.6547   153                  Cuts: 1245     2327         
Detecting symmetries...
      0     0      316.6430   192                  Cuts: 1131     2675         
      0     0      317.4715   175                   Cuts: 710     3139         
      0     0      317.7202   187                  Cuts: 1229     3327         
      0     0      317.8891   197                   Cuts: 743     3537         
      0     0      317.9330   211                   Cuts: 804     3666         
      0     0      317.9902   220                  Cuts: 1479     3862         
      0     0      318.0356   228                   Cuts: 902     4076         
      0     0      318.0830   237                   Cuts: 787     4221         
      0     0      318.0951   243                  Cuts: 1241     4320         
      0     0      318.0968   248                   Cuts: 457     4412         
Detecting symmetries...
      0     2      318.0968   248                    318.1023     4412         
Elapsed time = 11.72 sec. (8710.09 ticks, tree = 0.01 MB, solutions = 0)
      4     6      322.6794    93                    318.2338     5567         
      6     8      341.2032   111                    318.4158     8498         
     10    12      354.6253    82                    319.4278    10248         
     18    20      323.0016    63                    319.4278    11059         
     24    26      325.9812    45                    319.4278    11532         
     37    39      333.7690    47                    319.4278    12653         
     54    56      328.2435    32                    319.4278    13483         
*    60+   57                          359.2561      319.4278            11.09%
     84    77      346.9394    23      359.2561      319.4278    14185   11.09%
    130   121      348.2699    35      359.2561      319.4278    14793   11.09%
    170   155      320.4884    95      359.2561      320.4016    18789   10.82%
Elapsed time = 15.53 sec. (12779.65 ticks, tree = 0.35 MB, solutions = 1)
    211   196      321.6440    82      359.2561      320.4016    24029   10.82%
    300   267      351.3058    38      359.2561      320.4243    28753   10.81%
    335   275      343.3083    57      359.2561      320.5130    34504   10.78%
    400   311      324.7500    71      359.2561      320.5130    39818   10.78%
    479   368      347.7508    54      359.2561      320.5130    45554   10.78%
    528   407      325.1712    48      359.2561      320.5130    50256   10.78%
*   583   372      integral     0      350.7224      320.5130    52216    8.61%
    606   383      332.7170    42      350.7224      320.5232    55296    8.61%
    689   439      320.6506   117      350.7224      320.6594    60090    8.57%
    740   478      335.9743    34      350.7224      320.7005    65046    8.56%
    817   523      328.4534    53      350.7224      320.7720    70173    8.54%
Elapsed time = 24.85 sec. (22722.16 ticks, tree = 0.90 MB, solutions = 2)
    927   606      326.9514    54      350.7224      321.1011    74728    8.45%
*   946   560      integral     0      347.1019      321.1011    75161    7.49%
   1020   609      321.7260    65      347.1019      321.6791    79138    7.32%
*  1046+  570                          346.1213      321.6974             7.06%
   1108   619      327.5320    62      346.1213      321.7075    82897    7.05%

Performing restart 1

Repeating presolve.
Tried aggregator 1 time.
MIP Presolve eliminated 3098 rows and 169 columns.
MIP Presolve modified 6140 coefficients.
Reduced MIP has 5041 rows, 582 columns, and 36145 nonzeros.
Reduced MIP has 434 binaries, 0 generals, 0 SOSs, and 0 indicators.
Presolve time = 0.08 sec. (30.02 ticks)
Tried aggregator 1 time.
MIP Presolve eliminated 65 rows and 18 columns.
MIP Presolve modified 145 coefficients.
Reduced MIP has 4976 rows, 564 columns, and 35218 nonzeros.
Reduced MIP has 416 binaries, 0 generals, 0 SOSs, and 0 indicators.
Presolve time = 0.02 sec. (12.41 ticks)
Tried aggregator 1 time.
MIP Presolve eliminated 4 rows and 2 columns.
Reduced MIP has 4972 rows, 562 columns, and 35140 nonzeros.
Reduced MIP has 414 binaries, 0 generals, 0 SOSs, and 0 indicators.
Presolve time = 0.03 sec. (15.54 ticks)
Represolve time = 0.27 sec. (131.25 ticks)
   1156     0      318.6224   172      346.1213     Cuts: 488    85958    7.00%
   1156     0      318.7727   154      346.1213     Cuts: 380    86133    7.00%
   1156     0      318.8927   170      346.1213     Cuts: 579    86285    7.00%
   1156     0      319.0608   139      346.1213     Cuts: 184    86425    7.00%
   1156     0      319.1058   153      346.1213     Cuts: 442    86557    7.00%
   1156     0      319.1295   164      346.1213     Cuts: 163    86654    7.00%
   1156     2      319.1295   123      346.1213      321.8861    86654    7.00%
   1160     6      322.4325    78      346.1213      321.8861    87061    7.00%
   1175    20      326.4273    54      346.1213      321.8861    87602    7.00%
   1208    49      332.1639    37      346.1213      321.8861    88875    7.00%
   1284   105      333.5013    44      346.1213      321.8861    91410    7.00%
   1330   142      320.7633    66      346.1213      321.8861    93810    7.00%
   1398   198      323.7340    86      346.1213      321.8861    97190    7.00%
Elapsed time = 44.04 sec. (39180.09 ticks, tree = 0.27 MB, solutions = 4)
   1469   259      340.0320     8      346.1213      322.4845    99136    6.83%
   1515   293      335.2738    31      346.1213      322.7733   101557    6.75%
   1571   334      330.7041    59      346.1213      322.8054   103543    6.74%
   1670   413      334.7354    37      346.1213      322.9895   107502    6.68%
   1748   465      327.0432    58      346.1213      323.4203   111016    6.56%
   1836   528      324.1710    55      346.1213      323.7867   114646    6.45%
   1930   595      336.2814    66      346.1213      323.8604   119100    6.43%
   2031   671        cutoff            346.1213      324.1102   122602    6.36%
   2086   708      325.9698    75      346.1213      324.1880   125165    6.34%
   2148   746      328.6533    44      346.1213      324.2779   129382    6.31%
Elapsed time = 56.48 sec. (49157.73 ticks, tree = 0.74 MB, solutions = 4)
   2179   769      330.3079    67      346.1213      324.2779   131757    6.31%
   2232   808      326.4432    72      346.1213      324.3818   133927    6.28%
   2274   834      333.4338    48      346.1213      324.4359   136735    6.27%
   2322   867      329.5283    57      346.1213      324.4650   138726    6.26%
   2393   908      327.5500    46      346.1213      324.5475   142291    6.23%
   2445   947      344.5338    23      346.1213      324.6140   144586    6.21%
   2512   986      328.2823    50      346.1213      324.7823   148754    6.17%
   2551  1004      326.3596    51      346.1213      324.9033   151131    6.13%
   2617  1036      326.8360    46      346.1213      325.1188   154262    6.07%
   2708  1098      327.8044    58      346.1213      325.2632   157746    6.03%
Elapsed time = 69.61 sec. (59122.88 ticks, tree = 1.11 MB, solutions = 4)
   2792  1150      343.0740    65      346.1213      325.5172   162858    5.95%
   2880  1201      326.7445    66      346.1213      325.7056   166631    5.90%
   2957  1248        cutoff            346.1213      325.7779   170264    5.88%
   3042  1291      327.7294    42      346.1213      325.9698   174161    5.82%
   3107  1323      340.3451    43      346.1213      326.0600   178060    5.80%
   3156  1349      341.0065    43      346.1213      326.1689   180639    5.76%
   3200  1380      340.3040    34      346.1213      326.2360   183434    5.75%
   3265  1413      343.1257    41      346.1213      326.2970   186354    5.73%
   3334  1441      327.6375    50      346.1213      326.4213   189789    5.69%
   3422  1481      328.2367    67      346.1213      326.5126   193822    5.67%
Elapsed time = 82.63 sec. (69222.96 ticks, tree = 1.48 MB, solutions = 4)
   3502  1535      327.9851    66      346.1213      326.5321   196243    5.66%
   3558  1572      339.8976    42      346.1213      326.5710   199269    5.65%
   3613  1596      330.8416    32      346.1213      326.7445   202418    5.60%
   3724  1667        cutoff            346.1213      326.8656   206196    5.56%
   3816  1715        cutoff            346.1213      327.0334   211317    5.51%
   3931  1784      330.0773    45      346.1213      327.1350   215755    5.49%
   3995  1819      331.1564    49      346.1213      327.2205   219204    5.46%
   4068  1850      329.1771    76      346.1213      327.3511   222578    5.42%
   4135  1874      328.8616    67      346.1213      327.4741   226261    5.39%
   4240  1934      335.4744    39      346.1213      327.5756   231035    5.36%
Elapsed time = 95.20 sec. (79107.15 ticks, tree = 1.91 MB, solutions = 4)
*  4324  1954      integral     0      345.7134      327.6375   234445    5.23%
   4328  1955      337.2418    36      345.7134      327.6856   234567    5.21%
   4438  2016      328.1465    62      345.7134      327.7569   238150    5.19%
   4522  2069      336.9630    41      345.7134      327.8198   241056    5.18%
   4626  2105      332.7552    56      345.7134      327.9506   245692    5.14%
   4708  2140      345.4282    31      345.7134      328.0785   250619    5.10%
   4797  2171      335.9870    33      345.7134      328.2367   255283    5.06%
   4923  2241      339.8688    44      345.7134      328.2875   260858    5.04%
   5031  2288      342.9806    38      345.7134      328.3859   266030    5.01%
   5146  2341      345.6210    59      345.7134      328.4287   272235    5.00%
   5254  2386      332.1053    43      345.7134      328.5540   276542    4.96%
Elapsed time = 107.50 sec. (88718.56 ticks, tree = 2.43 MB, solutions = 5)
   5365  2449      331.7578    61      345.7134      328.6300   282883    4.94%
   5497  2509      339.8186    61      345.7134      328.7579   288375    4.90%
   5638  2597      345.1586    15      345.7134      328.8041   293593    4.89%
   5740  2658      329.4154    50      345.7134      328.8560   298516    4.88%
   5833  2704      329.6652    35      345.7134      328.9012   303029    4.86%
   5951  2737      335.2887    59      345.7134      329.0187   308534    4.83%
   6043  2777      336.1758    49      345.7134      329.1099   313964    4.80%
   6155  2813      336.6122    54      345.7134      329.1959   319722    4.78%
   6271  2863      337.3918    68      345.7134      329.2878   325370    4.75%
   6384  2908      341.3251    36      345.7134      329.3817   330562    4.72%
Elapsed time = 119.68 sec. (98543.10 ticks, tree = 2.93 MB, solutions = 5)
   6497  2952      331.9948    57      345.7134      329.4738   336084    4.70%
   6604  2986      345.2881    35      345.7134      329.6004   341298    4.66%
   6699  3014      332.8096    39      345.7134      329.6807   347616    4.64%
   6823  3065      341.7355    57      345.7134      329.7624   353409    4.61%
   6938  3098      330.0233    38      345.7134      329.8540   358516    4.59%
   7061  3142      341.4745    40      345.7134      329.9146   363859    4.57%
   7169  3186      337.2192    41      345.7134      329.9942   369544    4.55%
   7289  3234      332.5831    47      345.7134      330.0571   375228    4.53%
   7406  3282      337.6939    52      345.7134      330.1266   380479    4.51%
   7825  3445      334.7435    41      345.7134      330.3140   402833    4.45%
Elapsed time = 134.53 sec. (111019.53 ticks, tree = 3.44 MB, solutions = 5)
   8211  3603      335.2295    52      345.7134      330.5244   425488    4.39%
   8693  3757      336.8964    52      345.7134      330.7953   449511    4.32%
   9181  3885      333.7343    44      345.7134      331.0929   472142    4.23%
   9571  4004      342.6406    28      345.7134      331.2020   498699    4.20%
  10035  4154      340.9591    41      345.7134      331.4268   520553    4.13%
  10487  4277      336.4820    65      345.7134      331.7002   541647    4.05%
  10976  4388      331.9911    48      345.7134      331.9991   564730    3.97%
* 11236+ 4432                          345.7131      332.1667             3.92%
  11236  4434      335.7494    41      345.7131      332.1689   577833    3.92%
  11237  4435      332.1689    47      345.7131      332.1813   577854    3.91%
  11611  4537      340.8691    50      345.7131      332.3537   596862    3.86%
Elapsed time = 189.11 sec. (154787.97 ticks, tree = 4.64 MB, solutions = 6)
  12068  4633      339.3947    42      345.7131      332.6100   619106    3.79%
  12514  4769      338.6753    57      345.7131      332.8343   641809    3.73%
  13041  4898      333.5670    66      345.7131      333.0422   664557    3.67%
  13468  5004      340.7721    50      345.7131      333.2582   687006    3.60%
  13996  5135        cutoff            345.7131      333.4839   709718    3.54%
  14512  5307      337.0381    56      345.7131      333.7092   733071    3.47%
  15027  5435      333.9062    35      345.7131      333.9062   756345    3.42%
  15552  5563      338.7085    53      345.7131      334.0829   779387    3.36%
  16050  5664      338.9179    43      345.7131      334.2330   803165    3.32%
  16620  5767        cutoff            345.7131      334.4483   825814    3.26%
Elapsed time = 235.68 sec. (193046.95 ticks, tree = 5.83 MB, solutions = 6)
  17144  5837      343.5452    48      345.7131      334.6894   848326    3.19%
  17616  5938        cutoff            345.7131      334.8607   871198    3.14%
  18114  6056        cutoff            345.7131      335.0635   894239    3.08%
  18567  6138      339.6324    40      345.7131      335.2097   916324    3.04%
  19125  6195      340.5902    61      345.7131      335.4029   938135    2.98%
  19638  6261      337.9728    63      345.7131      335.5576   960760    2.94%
  20151  6313        cutoff            345.7131      335.7627   983929    2.88%
  20710  6363      336.4476    44      345.7131      335.9513  1007048    2.82%
  21291  6445        cutoff            345.7131      336.1537  1029486    2.77%
  21819  6475        cutoff            345.7131      336.3595  1052373    2.71%
Elapsed time = 280.25 sec. (231238.98 ticks, tree = 6.52 MB, solutions = 6)
  22418  6530      338.7727    46      345.7131      336.5660  1075021    2.65%
  22924  6593      344.1024    43      345.7131      336.6918  1098827    2.61%
  23510  6659      343.0581    35      345.7131      336.8521  1121297    2.56%
  24065  6708      343.9787    29      345.7131      337.0294  1143095    2.51%
  24579  6802      342.1142    56      345.7131      337.1612  1167366    2.47%
  25131  6823        cutoff            345.7131      337.3284  1190160    2.43%
  25676  6912      344.5908    39      345.7131      337.4645  1212217    2.39%
  26201  7006      345.4808    41      345.7131      337.6178  1234643    2.34%
  26765  7053      345.1616    38      345.7131      337.7676  1258448    2.30%
  27290  7114        cutoff            345.7131      337.9115  1281815    2.26%
Elapsed time = 319.53 sec. (269424.94 ticks, tree = 7.23 MB, solutions = 6)
  27845  7109      342.5475    42      345.7131      338.1100  1304878    2.20%
  28396  7130        cutoff            345.7131      338.2716  1327539    2.15%
  29001  7169        cutoff            345.7131      338.4799  1350404    2.09%
  29550  7179      343.1616    38      345.7131      338.6357  1373540    2.05%
  30102  7210      342.9413    50      345.7131      338.8104  1396663    2.00%
  30664  7238      343.2531    37      345.7131      338.9717  1419420    1.95%
  31223  7231        cutoff            345.7131      339.1466  1440079    1.90%
  31723  7251      342.5445    38      345.7131      339.2731  1462020    1.86%
  32208  7223        cutoff            345.7131      339.4344  1482940    1.82%
  32765  7244        cutoff            345.7131      339.5630  1503855    1.78%
Elapsed time = 357.88 sec. (307615.16 ticks, tree = 7.36 MB, solutions = 6)
  33290  7241      344.5891    50      345.7131      339.7234  1523741    1.73%
  33866  7219      343.4797    37      345.7131      339.8539  1546273    1.69%
  34481  7139        cutoff            345.7131      340.0468  1568246    1.64%
  35071  7060        cutoff            345.7131      340.2589  1591221    1.58%
  35716  7075        cutoff            345.7131      340.4378  1613656    1.53%
  36333  7059      343.8601    33      345.7131      340.6066  1635905    1.48%
  36845  7097      345.1004    21      345.7131      340.7064  1659265    1.45%
  37411  7113      344.2723    32      345.7131      340.8200  1680956    1.42%
  37941  7127      345.4502    33      345.7131      340.9548  1702279    1.38%
  38473  7177        cutoff            345.7131      341.0339  1722834    1.35%
Elapsed time = 396.25 sec. (345825.02 ticks, tree = 7.44 MB, solutions = 6)
  38975  7240      341.4659    42      345.7131      341.1125  1746049    1.33%
  39524  7252      342.4830    30      345.7131      341.2117  1769772    1.30%
  40106  7247      344.0769    33      345.7131      341.3366  1791590    1.27%
  40641  7220      344.7412    30      345.7131      341.4485  1815226    1.23%
  41217  7256      343.0128    46      345.7131      341.5373  1836369    1.21%
  41775  7237      341.6443    41      345.7131      341.6443  1859550    1.18%
  42336  7182      344.6417    35      345.7131      341.7602  1880623    1.14%
  42904  7149      344.3603    13      345.7131      341.8453  1904951    1.12%
  43504  7078    infeasible            345.7131      341.9597  1928670    1.09%
  44088  7052      343.6372    42      345.7131      342.0674  1951485    1.05%
Elapsed time = 434.76 sec. (384029.98 ticks, tree = 7.33 MB, solutions = 6)
  44704  7004      344.8949    22      345.7131      342.1612  1975247    1.03%
  45261  6974      344.4218    22      345.7131      342.2457  1996196    1.00%
  45905  6871        cutoff            345.7131      342.3773  2018298    0.96%
  46562  6768        cutoff            345.7131      342.4760  2041061    0.94%
  47193  6638        cutoff            345.7131      342.6029  2064267    0.90%
  47864  6522      343.7948    13      345.7131      342.7003  2086266    0.87%
  48512  6317        cutoff            345.7131      342.8289  2110414    0.83%
  49156  6099      344.6575    31      345.7131      342.9562  2133884    0.80%
  49844  5860      345.0350    39      345.7131      343.1082  2157581    0.75%
  50505  5684      345.4649    20      345.7131      343.2141  2180463    0.72%
Elapsed time = 474.67 sec. (422245.41 ticks, tree = 5.98 MB, solutions = 6)
  51184  5480      345.0502    32      345.7131      343.3401  2203005    0.69%
  51917  5225      345.3783    44      345.7131      343.4968  2225540    0.64%
  52657  4956      344.2329    42      345.7131      343.6424  2247958    0.60%
  53399  4695      344.8192    40      345.7131      343.7987  2270186    0.55%
  54139  4459      345.1554    56      345.7131      343.9348  2291900    0.51%
  54945  4107      344.6188    29      345.7131      344.1145  2313993    0.46%
  55754  3668        cutoff            345.7131      344.3174  2336364    0.40%
  56575  3243      345.1544    46      345.7131      344.4778  2357192    0.36%
  57411  2818      345.0107    24      345.7131      344.6606  2378296    0.30%
  58271  2334        cutoff            345.7131      344.8534  2398731    0.25%
Elapsed time = 513.99 sec. (460435.94 ticks, tree = 2.66 MB, solutions = 6)
  59273  1653      345.3935    25      345.7131      345.1188  2417811    0.17%
  60408   733      345.4467    27      345.7131      345.4467  2435867    0.08%

GUB cover cuts applied:  21
Clique cuts applied:  4
Cover cuts applied:  46
Implied bound cuts applied:  20
Flow cuts applied:  12
Mixed integer rounding cuts applied:  332
Zero-half cuts applied:  2
Lift and project cuts applied:  6
Gomory fractional cuts applied:  7

Root node processing (before b&c):
  Real time             =   11.71 sec. (8696.68 ticks)
Sequential b&c:
  Real time             =  512.34 sec. (461548.61 ticks)
                          ------------
Total (root+branch&cut) =  524.05 sec. (470245.29 ticks)
