Version identifier: 22.1.0.0 | 2022-03-09 | 1a383f8ce
CPXPARAM_Read_DataCheck                          1
CPXPARAM_Threads                                 1
CPXPARAM_TimeLimit                               3600
Tried aggregator 2 times.
MIP Presolve eliminated 7568 rows and 251 columns.
MIP Presolve modified 103633 coefficients.
Aggregator did 358 substitutions.
Reduced MIP has 23065 rows, 1611 columns, and 190751 nonzeros.
Reduced MIP has 1200 binaries, 0 generals, 0 SOSs, and 0 indicators.
Presolve time = 0.39 sec. (320.01 ticks)
Probing fixed 0 vars, tightened 1 bounds.
Probing time = 0.02 sec. (16.59 ticks)
Tried aggregator 1 time.
Detecting symmetries...
MIP Presolve eliminated 1 rows and 0 columns.
MIP Presolve modified 71 coefficients.
Reduced MIP has 23064 rows, 1611 columns, and 190748 nonzeros.
Reduced MIP has 1200 binaries, 0 generals, 0 SOSs, and 0 indicators.
Presolve time = 0.14 sec. (79.91 ticks)
Probing time = 0.01 sec. (8.30 ticks)
Clique table members: 705.
MIP emphasis: balance optimality and feasibility.
MIP search method: dynamic search.
Parallel mode: none, using 1 thread.
Root relaxation solution time = 0.08 sec. (94.67 ticks)

        Nodes                                         Cuts/
   Node  Left     Objective  IInf  Best Integer    Best Bound    ItCnt     Gap

      0     0      680.9862   273                    680.9862      739         
      0     0      680.9862   120                   Cuts: 590     1309         
      0     0      680.9862   104                  Cuts: 1325     1886         
      0     0      680.9862   118                   Cuts: 900     2636         
      0     0      680.9918   147                   Cuts: 301     3927         
Detecting symmetries...
      0     2      680.9918   147                    680.9926     3927         
Elapsed time = 14.07 sec. (12830.89 ticks, tree = 0.01 MB, solutions = 0)
      2     4      680.9995   137                    681.0009     5065         
      4     6      681.0169   144                    681.0259     5565         
      6     8      689.5934   139                    681.0259     7439         
      8    10      681.0278   139                    681.0278     7955         
     10    12      760.1103   136                    681.0281    10761         
     13    15      683.7826   113                    681.1688    12381         
     14    16      683.7832   121                    681.1688    12917         
     15    17      719.3139   135                    681.1688    13725         
     18    20      736.5753   130                    681.1688    14874         
     21    23      771.7150   131                    681.1688    16541         
Elapsed time = 20.13 sec. (19095.28 ticks, tree = 0.82 MB, solutions = 0)
     30    32      765.4223   113                    681.1688    18990         
     49    49      699.0763   110                    681.1688    21707         
     60    58      699.0763   100                    681.1688    23172         
     85    79      702.4385    82                    681.1688    26048         
    105    97      743.9048    67                    681.1688    29084         
    115   107      707.2369    73                    681.1688    31689         
    128   120      724.6070    63                    681.1688    33379         
    139   125      683.7438   120                    681.6966    36952         
    140   126      683.7438   120                    681.6966    37137         
    155   139      699.3948   115                    681.6966    40917         
Elapsed time = 29.99 sec. (29764.77 ticks, tree = 1.42 MB, solutions = 0)
    171   149      732.3058   124                    681.6966    43818         
    176   152      689.2401    88                    681.6966    45529         
    180   156      691.2636    85                    681.6966    47095         
    204   172      750.1798   119                    681.6966    50438         
    215   183      701.1287   130                    681.6966    54030         
    220   188      691.9048    77                    681.6966    54980         
    228   194      712.9275   100                    681.6966    58747         
    250   212      713.9903    87                    681.6966    62246         
    262   224      883.4441    66                    681.6966    65594         
    278   240      695.7952    78                    681.6966    68957         
Elapsed time = 40.29 sec. (40896.17 ticks, tree = 1.78 MB, solutions = 0)
    292   248      720.8484    74                    681.6966    70298         
    319   271    infeasible                          681.6966    72745         
    334   280      765.0677    55                    681.6966    74712         
    360   300      722.0578    37                    681.6966    76520         
    375   315      811.4747    33                    681.6966    79516         
    397   331      736.7847    33                    681.6966    81947         
    425   355      736.7847    34                    681.6966    84262         
    440   370      745.3913    44                    681.6966    86459         
    450   380      847.4699    27                    681.6966    89309         
    455   381      683.6715   193                    682.3018    91433         
Elapsed time = 49.25 sec. (51359.60 ticks, tree = 2.29 MB, solutions = 0)
    494   414      701.9639   127                    682.3018    93919         
    545   455      742.2501    76                    682.3018    96465         
    580   488      762.8393    61                    682.3018    97520         
    602   508      683.8411   148                    682.5534    99609         
    624   526      718.5794   134                    682.5534   104624         
    632   532      751.0136   136                    682.5534   108905         
    649   547      737.0172   150                    682.5534   113605         
    668   564      705.9327   146                    682.5534   116560         
    685   579      779.5333    74                    682.5534   119663         
    713   599      821.5338    67                    682.5534   123628         
Elapsed time = 60.55 sec. (62514.00 ticks, tree = 3.09 MB, solutions = 0)
    734   618      848.4086    83                    682.5534   126765         
    741   619      685.9250   164                    683.6963   129532         
    751   629      693.9085   151                    683.6963   132945         
    765   641      692.4519   155                    683.6963   137018         
    773   649      720.6282   112                    683.6963   140370         
    780   656      884.2344   137                    683.6963   143565         
    789   665      752.3165   137                    683.6963   147290         
    800   676      692.7622   117                    683.6963   150393         
    809   685      710.7710   118                    683.6963   153600         
    820   694      698.9723    84                    683.6963   156546         
Elapsed time = 71.76 sec. (74388.35 ticks, tree = 3.42 MB, solutions = 0)
    839   712      818.2626    90                    683.6963   159978         
    844   711      685.4550   142                    683.7438   162439         
    859   724      688.8103   127                    683.7438   165531         
    868   733      710.2323    67                    683.7438   167876         
    880   745      715.7151    63                    683.7438   170276         
    888   753      720.1797    66                    683.7438   173406         
    906   767      731.2405    95                    683.7438   176433         
    927   786      793.4062    95                    683.7438   180262         
    944   799      762.0539    79                    683.7438   183734         
    960   811      762.7963    52                    683.7438   185695         
Elapsed time = 81.17 sec. (84788.81 ticks, tree = 4.21 MB, solutions = 0)
    998   839      896.1525     5                    683.7438   187795         
   1011   846      729.1726   109                    683.7438   190621         
   1065   894      745.9300   104                    683.7438   192740         
   1126   930      772.5008   202                    683.8038   195469         
   1180   966    infeasible                          683.8038   198933         
   1195   977      699.9174   152                    683.9237   201404         
   1202   984      700.5275   123                    683.9237   202082         
   1211   993      728.1689    92                    683.9237   203916         
   1230  1008      863.4227    46                    683.9237   206808         
   1245  1017      702.9460   134                    683.9780   209069         
Elapsed time = 90.75 sec. (94915.08 ticks, tree = 4.77 MB, solutions = 0)
   1270  1042      733.3057   110                    683.9780   211723         
   1284  1056      865.0917   146                    683.9780   216363         
   1293  1065      828.8123   124                    683.9780   219208         
   1306  1078      735.7507    76                    683.9780   222306         
   1332  1102      757.6205    64                    683.9780   224853         
   1368  1136      827.0613    50                    683.9780   227594         
   1404  1164      715.3652    91                    684.1579   230255         
   1447  1199      684.7947   166                    684.2081   232882         

Performing restart 1

Repeating presolve.
Tried aggregator 1 time.
MIP Presolve eliminated 16 rows and 1 columns.
MIP Presolve modified 120 coefficients.
Reduced MIP has 23048 rows, 1610 columns, and 190628 nonzeros.
Reduced MIP has 1199 binaries, 0 generals, 0 SOSs, and 0 indicators.
Presolve time = 0.08 sec. (64.32 ticks)
Tried aggregator 1 time.
Reduced MIP has 23048 rows, 1610 columns, and 190628 nonzeros.
Reduced MIP has 1199 binaries, 0 generals, 0 SOSs, and 0 indicators.
Presolve time = 0.13 sec. (80.28 ticks)
Represolve time = 0.39 sec. (278.20 ticks)
   1467     0      684.1674   274                  Cuts: 2144   238342         
   1467     0      684.9450   275                  Cuts: 1995   238985         
   1467     0      685.3695   252                  Cuts: 3867   239421         
   1467     0      685.5801   318                  Cuts: 1631   239830         
   1467     0      685.7406   262                  Cuts: 3655   240218         
   1467     0      685.7898   279                  Cuts: 3236   240679         
   1467     0      685.9313   303                  Cuts: 1748   241238         
   1467     0      686.0844   340                  Cuts: 4610   241583         
   1467     0      686.2009   319                  Cuts: 2777   242082         
   1467     0      686.2752   344                  Cuts: 3145   242445         
   1467     0      686.3227   295                  Cuts: 2805   242701         
   1467     0      686.4363   300                   Cuts: 939   243054         
   1467     0      686.5277   277                  Cuts: 2589   243292         
   1467     0      686.5886   237                  Cuts: 3092   243939         
   1467     0      686.6092   267                  Cuts: 2037   244314         
   1467     0      686.6246   204                   Cuts: 851   244611         
   1467     0      686.6783   238                  Cuts: 2786   244972         
   1467     0      686.7507   259                  Cuts: 1519   245473         
   1467     0      686.7978   296                  Cuts: 1894   245846         
   1467     0      686.8577   347                  Cuts: 3333   246237         
   1467     0      686.9007   292                  Cuts: 4125   246675         
   1467     0      686.9204   337                  Cuts: 3883   246925         
   1467     2      686.9204   337                    686.9289   246925         
   1468     3      687.4012   289                    687.4079   247356         
Elapsed time = 207.00 sec. (180365.39 ticks, tree = 0.01 MB, solutions = 0)
   1469     4      690.1366   172                    687.4079   248513         
   1470     5      690.1450   169                    687.4079   248555         
   1471     6      758.6561   141                    687.4079   250770         
   1476    10      843.2819   138                    687.4079   257332         
   1477    11      843.2819   134                    687.4079   257351         
   1490    22      846.4046   107                    687.4079   257783         
   1494    26      843.2819   112                    687.4079   258304         
   1503    35      843.5796   100                    687.4079   259102         
   1510    41      851.2326   108                    687.4079   260047         
   1531    59      847.2998    78                    687.4079   263002         
Elapsed time = 241.29 sec. (217470.91 ticks, tree = 0.57 MB, solutions = 0)
   1563    88      854.3662    59                    687.4079   265033         
   1609   122      874.6062    34                    687.4079   267237         
   1616   121      687.4777   281                    687.4118   267800         
   1627   132      772.9623   131                    687.4118   271710         
   1652   155      928.8774   121                    687.4118   274218         
   1673   174      835.3987    73                    687.4118   277240         
   1691   186      705.7597   195                    687.5044   281746         
   1702   197      754.1039   140                    687.5044   286217         
   1716   210      885.7197   101                    687.5044   288285         
   1749   243      940.7926    78                    687.5044   293050         
Elapsed time = 282.45 sec. (259167.16 ticks, tree = 1.21 MB, solutions = 0)
   1811   295     1016.2477    25                    687.5044   296908         
   1864   344      710.3476   105                    687.5816   302159         
   1930   400      697.6380   191                    687.5944   307595         
   1956   425      814.0587   125                    687.5944   312590         
   2014   475      868.6743    61                    687.5944   318030         
   2052   503      707.8891   120                    688.5730   322481         
   2089   538      740.1062    93                    688.5730   328458         
   2125   574      795.1355    60                    688.5730   337347         
   2180   623      700.3988   194                    688.5730   343639         
   2194   637      772.6816   152                    688.5730   349477         
Elapsed time = 323.89 sec. (299554.84 ticks, tree = 2.62 MB, solutions = 0)
   2223   666      734.8879    98                    688.5730   355885         
   2268   709      777.7765    68                    688.5730   362136         
   2321   756      692.5754   208                    688.5965   370098         
   2346   779      741.3274    92                    688.5965   375423         
   2406   823      698.6037   236                    688.7638   381096         
   2414   831      816.6936   118                    688.7691   388028         
   2428   845      694.1748   115                    688.7691   393185         

Performing restart 2

Repeating presolve.
Tried aggregator 1 time.
MIP Presolve eliminated 1 rows and 0 columns.
MIP Presolve modified 71 coefficients.
Reduced MIP has 23047 rows, 1610 columns, and 199611 nonzeros.
Reduced MIP has 1199 binaries, 0 generals, 0 SOSs, and 0 indicators.
Presolve time = 0.14 sec. (106.45 ticks)
Tried aggregator 1 time.
Reduced MIP has 23047 rows, 1610 columns, and 199611 nonzeros.
Reduced MIP has 1199 binaries, 0 generals, 0 SOSs, and 0 indicators.
Presolve time = 0.16 sec. (88.88 ticks)
Represolve time = 0.80 sec. (463.33 ticks)
   2445     0      686.9206   359                  Cuts: 5861   398253         
   2445     0      686.9486   369                  Cuts: 2229   398680         
   2445     0      686.9573   264                  Cuts: 3680   398938         
   2445     0      686.9575   322                  Cuts: 4122   399118         
   2445     0      686.9590   375                  Cuts: 1132   399364         
   2445     0      686.9599   374                  Cuts: 1935   399583         
   2445     0      686.9601   415                  Cuts: 5521   399729         
   2445     2      686.9601   415                    688.7691   399729         
   2446     3      687.1871   287                    688.7691   399930         
   2448     5      695.8648   237                    688.7691   401997         
Elapsed time = 492.51 sec. (442198.92 ticks, tree = 0.02 MB, solutions = 0)
   2449     6      695.8760   234                    688.7691   402047         
   2450     7      715.6446   211                    688.7691   403069         
   2451     8      695.8885   232                    688.7691   403092         
   2452     9      762.9847   119                    688.7691   405775         
   2455    12      838.1871   129                    688.7691   407872         
   2459    16      750.0896   121                    688.7691   410130         
   2466    23      773.1093   127                    688.7691   413565         
   2474    31      781.7929   135                    688.7691   416019         
   2491    48      771.8253   111                    688.7691   420033         
   2500    57      786.3088   124                    688.7691   422785         
Elapsed time = 540.48 sec. (497032.99 ticks, tree = 1.81 MB, solutions = 0)
   2517    74      801.7539    88                    688.7691   425906         
   2549   106      865.9395    63                    688.7691   430743         
   2590   142      850.1083    45                    688.7691   433867         
   2600   148      790.2688   118                    688.7691   438053         
   2613   161      698.5173   175                    688.7691   443335         
   2626   174      713.0928   128                    688.7691   447888         
   2642   190      726.0210   102                    688.7691   452280         
   2647   195      726.5761   138                    688.7691   455180         
   2686   234      758.7550    83                    688.7691   460227         
   2733   277      778.8455    56                    688.7691   465866         
Elapsed time = 587.50 sec. (546464.84 ticks, tree = 2.95 MB, solutions = 0)
   2763   300      710.0157   191                    688.7691   470462         
   2786   323      827.5657   110                    688.7691   475388         
   2809   345      831.7946    90                    688.7691   479526         
   2847   379      691.9237   294                    688.7691   486600         
   2925   455      714.2319    67                    688.7691   490377         
   3027   528      687.9417   303                    688.7691   493123         
   3042   543      849.6842   132                    688.7691   498704         
   3076   577      931.2223    96                    688.7691   504446         
   3104   601      688.8930   232                    688.7691   510412         
   3124   621      720.1019   130                    688.7691   518869         
Elapsed time = 631.69 sec. (588002.98 ticks, tree = 4.17 MB, solutions = 0)
   3152   646      755.5133    94                    688.7691   524358         
   3208   696      688.2677   215                    688.7691   531924         
   3226   713      769.5171   105                    688.7691   541866         
   3238   725      874.1459    93                    688.7691   547144         
   3265   744      700.7655   217                    688.7691   555843         
   3301   773      691.4001   252                    688.7691   563988         
   3328   799      794.4178   125                    688.7691   571508         
   3361   830      813.0376    86                    688.7691   578629         
   3409   872      715.2761   235                    688.7691   585697         
   3453   916      765.4316    82                    688.7691   590708         
Elapsed time = 681.16 sec. (632311.97 ticks, tree = 5.20 MB, solutions = 0)
   3499   955      780.1518   101                    688.7691   598244         
   3509   965      767.3976   124                    688.7691   605731         
   3529   985      774.4542   126                    688.7691   612664         
   3559  1013      791.8251   109                    688.7691   619735         
   3578  1030      865.4060    62                    688.7691   626287         
   3639  1081      773.1558   116                    688.7691   635363         
   3672  1114      812.6217    58                    688.7691   642239         
   3718  1154      690.3258   202                    688.7691   649496         
   3725  1161      713.7586   123                    688.7691   656380         
   3773  1209      797.5916    60                    688.7691   664728         
Elapsed time = 726.60 sec. (672777.26 ticks, tree = 6.45 MB, solutions = 0)
   3824  1252      693.3459   189                    688.7691   673144         
   3880  1296     1040.7198    51                    688.7691   679360         
   3905  1313      783.8387    88                    688.7691   688086         
   3934  1342      882.1682    86                    688.7691   696129         
   3963  1363      756.1322   119                    688.7691   703500         
   3972  1372      818.5392   125                    688.7691   706039         
   4008  1408     1042.0622    88                    688.7691   713663         
   4038  1426      698.9936   168                    688.7691   722062         
   4074  1462      767.6189    82                    688.7691   728903         
*  4125+ 1285                          874.9495      688.7691            21.28%
   4137  1293      738.1122   210      874.9495      688.7691   738012   21.28%
Elapsed time = 774.15 sec. (714096.50 ticks, tree = 6.75 MB, solutions = 1)
   4175  1331      768.3674    88      874.9495      688.7691   740396   21.28%
   4215  1365      728.6804   129      874.9495      688.7902   746374   21.28%
   4271  1413      690.3378   226      874.9495      688.8473   752802   21.27%
   4302  1444      807.7498    64      874.9495      688.8473   757547   21.27%
   4326  1462      798.7957   118      874.9495      688.9567   763467   21.26%
   4361  1493        cutoff            874.9495      688.9567   770716   21.26%
   4405  1526      742.5327   116      874.9495      688.9886   775094   21.25%
   4445  1562      694.2581   151      874.9495      689.0213   781461   21.25%
   4482  1592      712.3985   147      874.9495      689.1269   789039   21.24%
   4523  1629      694.5923   233      874.9495      689.1497   795663   21.24%
Elapsed time = 821.11 sec. (755408.51 ticks, tree = 7.92 MB, solutions = 1)
   4549  1655      752.2641    97      874.9495      689.1497   801206   21.24%
   4583  1685      692.0213   157      874.9495      689.1507   807973   21.24%
   4606  1708      755.7959    90      874.9495      689.1507   814609   21.24%
   4674  1763      691.6747   142      874.9495      689.2271   822726   21.23%
   4733  1820      861.5098    25      874.9495      689.2271   827874   21.23%
   4776  1851      690.3789   215      874.9495      689.3426   834008   21.21%
*  4822  1892      integral     0      873.9438      689.3426   839159   21.12%
   4824  1892      699.6582   206      873.9438      689.3506   841032   21.12%
   4872  1940      828.0509    23      873.9438      689.3506   847579   21.12%
   4894  1956      816.8119    88      873.9438      689.3701   854207   21.12%
   4956  1999      714.5765   297      873.9438      689.3754   863327   21.12%
Elapsed time = 867.98 sec. (795993.30 ticks, tree = 9.22 MB, solutions = 2)
   5017  2054      701.1365   251      873.9438      689.3899   870682   21.12%
   5053  2090      785.9650    94      873.9438      689.3899   877522   21.12%
   5091  2124      742.6788   114      873.9438      689.3931   882872   21.12%
   5131  2158      699.7841   129      873.9438      689.4217   889222   21.11%
   5178  2188      690.1893   218      873.9438      689.4932   897534   21.11%
   5207  2213      752.9030    93      873.9438      689.4932   908792   21.11%
   5236  2238      763.9659   161      873.9438      689.5307   916718   21.10%
   5258  2260      831.7878    80      873.9438      689.5307   919860   21.10%
   5293  2287      718.7620   101      873.9438      689.7344   926770   21.08%
*  5339  2327      integral     0      872.9891      689.7344   929784   20.99%
   5348  2336      703.4546   132      872.9891      689.7743   933161   20.99%
Elapsed time = 914.71 sec. (836850.61 ticks, tree = 11.59 MB, solutions = 3)
   5381  2365      723.2643   138      872.9891      689.8303   941607   20.98%
   5411  2388      796.3147   121      872.9891      689.8557   951449   20.98%
   5429  2406      861.1403    67      872.9891      689.8557   959698   20.98%
   5439  2414      862.8349    64      872.9891      689.8557   961391   20.98%
   5477  2447      833.2211    65      872.9891      689.9068   970025   20.97%
   5506  2470      807.7239    73      872.9891      689.9145   978259   20.97%
   5552  2506      707.0701   146      872.9891      689.9269   985024   20.97%
   5599  2545      709.7459   133      872.9891      689.9343   994170   20.97%
   5643  2577      693.6787   196      872.9891      689.9515  1002667   20.97%
   5667  2599      798.7972   100      872.9891      689.9515  1006935   20.97%
Elapsed time = 959.79 sec. (877775.00 ticks, tree = 12.51 MB, solutions = 3)
   5702  2622      693.0531   213      872.9891      689.9517  1015004   20.97%
   5729  2649      854.0432    78      872.9891      689.9517  1022763   20.97%
   5782  2697      753.4047   103      872.9891      689.9575  1030145   20.97%
   5825  2736      743.8546   100      872.9891      689.9746  1038995   20.96%
   5873  2773      710.6366   181      872.9891      690.0168  1049155   20.96%
   5897  2797      825.2938    75      872.9891      690.0168  1057805   20.96%
   5923  2816      739.2006    83      872.9891      690.0499  1064724   20.96%
   5976  2853      698.3840   209      872.9891      690.0652  1073394   20.95%
   6006  2883      850.0991    54      872.9891      690.0652  1081136   20.95%
   6051  2915      738.1324    73      872.9891      690.0706  1089557   20.95%
Elapsed time = 1001.32 sec. (917851.61 ticks, tree = 13.62 MB, solutions = 3)
   6097  2951      694.4487   152      872.9891      690.0769  1097091   20.95%
   6144  2992      696.8577   224      872.9891      690.1288  1106789   20.95%
   6168  3016      760.4015    53      872.9891      690.1288  1115055   20.95%
   6190  3034      819.0289    91      872.9891      690.1847  1122882   20.94%
   6219  3057      703.3174   234      872.9891      690.1949  1131190   20.94%
   6257  3095      778.8207    88      872.9891      690.1949  1138069   20.94%
   6281  3113      727.7285   127      872.9891      690.2136  1145074   20.94%
   6317  3143      693.1140   176      872.9891      690.2709  1154955   20.93%
   6345  3171      791.4843    63      872.9891      690.2709  1162524   20.93%
   6379  3201      762.7865    85      872.9891      690.2781  1171338   20.93%
Elapsed time = 1041.13 sec. (958080.05 ticks, tree = 14.63 MB, solutions = 3)
   6409  3227      836.0269   129      872.9891      690.3196  1180269   20.92%
   6442  3256      693.4427   196      872.9891      690.3203  1188564   20.92%
   6474  3288      761.2635    87      872.9891      690.3203  1194984   20.92%
   6511  3317      746.5373    80      872.9891      690.3274  1201100   20.92%
   6561  3355      715.9192   101      872.9891      690.3274  1209323   20.92%
   6584  3378      784.4826    77      872.9891      690.3274  1218373   20.92%
   6621  3407      756.7939   144      872.9891      690.3319  1226647   20.92%
   6669  3449      722.8908    92      872.9891      690.3416  1233939   20.92%
   6689  3469      747.3750    65      872.9891      690.3416  1243142   20.92%
   6750  3520      701.8878   160      872.9891      690.3497  1249639   20.92%
Elapsed time = 1081.89 sec. (997499.07 ticks, tree = 15.94 MB, solutions = 3)
   6797  3561      694.9835   213      872.9891      690.3665  1256882   20.92%
   6837  3595      752.1002   169      872.9891      690.3829  1266328   20.92%
   6860  3618      825.0716    75      872.9891      690.3829  1272637   20.92%
   6894  3645      692.5017   197      872.9891      690.3870  1279195   20.92%
   6943  3684      694.5362   192      872.9891      690.3927  1286050   20.92%
   6969  3710      777.2178    83      872.9891      690.3927  1294189   20.92%
   7021  3748      700.0781   130      872.9891      690.4033  1302440   20.92%
   7070  3792      693.1935   176      872.9891      690.4135  1309834   20.91%
   7108  3825      690.7533   253      872.9891      690.4240  1317455   20.91%
   7157  3870      835.2890    30      872.9891      690.4240  1325334   20.91%
Elapsed time = 1125.27 sec. (1036978.52 ticks, tree = 17.17 MB, solutions = 3)
   7205  3914      785.4466    30      872.9891      690.4352  1332213   20.91%
   7227  3928      718.8593   195      872.9891      690.5281  1340158   20.90%
   7253  3946      695.4549   208      872.9891      690.5346  1349407   20.90%
   7289  3982      733.7077    80      872.9891      690.5346  1357022   20.90%
   7338  4025      720.8022   117      872.9891      690.5395  1363919   20.90%
   7380  4059      696.1048   187      872.9891      690.6257  1372873   20.89%
   7439  4110      702.0712   153      872.9891      690.6426  1381698   20.89%
   7445  4116      702.2967   150      872.9891      690.6426  1382466   20.89%
   7496  4161      714.2962   164      872.9891      690.6823  1390183   20.88%
   7530  4195      861.6103    66      872.9891      690.6823  1398088   20.88%
Elapsed time = 1177.26 sec. (1083557.11 ticks, tree = 18.45 MB, solutions = 3)
   7564  4223      704.5031   116      872.9891      690.6966  1405738   20.88%
   7610  4265      704.5265   120      872.9891      690.7047  1413137   20.88%
   7645  4297      810.0319   127      872.9891      690.7147  1419226   20.88%
   7685  4334      730.9502   158      872.9891      690.7880  1427375   20.87%
   7742  4385      807.9672   117      872.9891      690.7988  1434657   20.87%
   7779  4412      737.7660   174      872.9891      690.8018  1443068   20.87%
   7831  4460      739.3113   128      872.9891      690.8046  1449614   20.87%
   7879  4502      696.9281    94      872.9891      690.8301  1455834   20.87%
   7916  4535      726.8062   102      872.9891      690.8352  1463844   20.87%
   7956  4571      786.4392    83      872.9891      690.8650  1470594   20.86%
Elapsed time = 1221.70 sec. (1124918.92 ticks, tree = 19.78 MB, solutions = 3)
   8004  4614      856.4986    46      872.9891      690.8650  1479561   20.86%
   8059  4663      822.0746    15      872.9891      690.8687  1487103   20.86%
   8101  4701      766.9288    68      872.9891      690.8793  1493970   20.86%
   8146  4740      723.1685    81      872.9891      690.8871  1501128   20.86%
   8209  4793      715.2721   120      872.9891      690.9046  1511162   20.86%
   8248  4832      780.6504    89      872.9891      690.9046  1519465   20.86%
   8296  4863      698.1997   159      872.9891      690.9065  1528087   20.86%
   8342  4905        cutoff            872.9891      690.9065  1535814   20.86%
   8377  4936      731.2565    67      872.9891      690.9067  1544448   20.86%
   8428  4983      699.8593   102      872.9891      690.9117  1550406   20.86%
Elapsed time = 1268.43 sec. (1164403.41 ticks, tree = 21.23 MB, solutions = 3)
*  8457  4725      integral     0      857.9498      690.9117  1553836   19.47%
   8479  4745      752.4102    88      857.9498      690.9171  1558380   19.47%
   8527  4786      770.7248    94      857.9498      690.9200  1566151   19.47%
   8557  4816      828.3615    67      857.9498      690.9200  1572455   19.47%
   8607  4852      750.6804    45      857.9498      690.9251  1580160   19.47%
   8652  4889      746.7311    93      857.9498      690.9514  1589968   19.46%
   8687  4920        cutoff            857.9498      690.9514  1597673   19.46%
   8711  4939      768.2500    57      857.9498      690.9635  1607156   19.46%
   8741  4965      788.0364    91      857.9498      690.9681  1615699   19.46%
   8790  5003      700.0453   192      857.9498      690.9731  1624412   19.46%
   8830  5039      700.5504   189      857.9498      690.9835  1632450   19.46%
Elapsed time = 1316.35 sec. (1205033.12 ticks, tree = 21.44 MB, solutions = 4)
   8874  5083      786.2592    44      857.9498      690.9835  1640429   19.46%
   8921  5122      745.4178    99      857.9498      691.0092  1647414   19.46%
   8959  5154      725.1699   100      857.9498      691.0212  1654983   19.46%
   9001  5190      730.9887    72      857.9498      691.0333  1663299   19.46%
   9052  5233      758.7869   102      857.9498      691.0396  1671561   19.45%
   9098  5273      697.2330   179      857.9498      691.0514  1678551   19.45%
   9139  5308      821.3217   116      857.9498      691.0751  1688490   19.45%
   9199  5358      699.2479   169      857.9498      691.0754  1696312   19.45%
   9247  5398      695.4652   153      857.9498      691.0768  1704735   19.45%
   9272  5423      852.7476    58      857.9498      691.0768  1713551   19.45%
Elapsed time = 1363.36 sec. (1244339.78 ticks, tree = 22.79 MB, solutions = 4)
   9303  5450      701.3183   104      857.9498      691.0818  1721507   19.45%
   9339  5480      771.3615   109      857.9498      691.0899  1728850   19.45%
   9366  5505      836.8751    57      857.9498      691.0899  1737004   19.45%
   9416  5549      808.1561    38      857.9498      691.0929  1744557   19.45%
   9438  5567      756.1609    84      857.9498      691.0997  1753395   19.45%
   9481  5591      759.8737    97      857.9498      691.1055  1762236   19.45%
   9518  5626      814.4454    52      857.9498      691.1055  1770788   19.45%
   9557  5660      710.3947   123      857.9498      691.1074  1778675   19.45%
   9603  5698      776.1841    89      857.9498      691.1165  1786464   19.45%
   9645  5734      840.2038   101      857.9498      691.1179  1795785   19.45%
Elapsed time = 1409.31 sec. (1283526.59 ticks, tree = 23.89 MB, solutions = 4)
   9692  5771      826.1545    74      857.9498      691.1193  1804784   19.45%
   9709  5779      787.8110   110      857.9498      691.1460  1812086   19.44%
   9725  5795      735.3075   100      857.9498      691.1460  1819417   19.44%
   9771  5837      809.0663    41      857.9498      691.1460  1827605   19.44%
   9826  5884      852.7709    30      857.9498      691.1624  1834998   19.44%
   9864  5917      753.8088    61      857.9498      691.1749  1842797   19.44%
   9925  5963        cutoff            857.9498      691.1840  1849602   19.44%
   9963  6001      758.2165    36      857.9498      691.1860  1854925   19.44%
   9997  6029      840.9292    78      857.9498      691.2148  1862973   19.43%
  10030  6057      804.8199   102      857.9498      691.2370  1870937   19.43%
Elapsed time = 1455.25 sec. (1322418.79 ticks, tree = 25.03 MB, solutions = 4)
  10078  6101      752.2119    70      857.9498      691.2414  1877119   19.43%
  10128  6141      696.4342   156      857.9498      691.2811  1884198   19.43%
  10169  6182      756.7797    65      857.9498      691.2811  1892833   19.43%
  10203  6210      845.0942    83      857.9498      691.3034  1900951   19.42%
  10238  6235      695.6707   172      857.9498      691.3162  1908804   19.42%
  10281  6270      792.4516   181      857.9498      691.3279  1918414   19.42%
  10310  6295      794.1983   136      857.9498      691.3555  1925608   19.42%
  10363  6344      697.4858   115      857.9498      691.3627  1930393   19.42%
  10399  6376      692.9297   155      857.9498      691.3666  1937047   19.42%
  10423  6400      788.4325    53      857.9498      691.3666  1946472   19.42%
Elapsed time = 1504.01 sec. (1361735.91 ticks, tree = 26.25 MB, solutions = 4)
  10445  6416      710.2045   117      857.9498      691.3966  1952141   19.41%
  10503  6464      744.8357   122      857.9498      691.4078  1959266   19.41%
  10567  6517      738.6743   143      857.9498      691.4161  1966359   19.41%
  10602  6547      818.1144   128      857.9498      691.4188  1973868   19.41%
  10639  6578      798.9249   113      857.9498      691.4326  1982698   19.41%
  10677  6616      824.2784    67      857.9498      691.4326  1991617   19.41%
  10719  6650      693.0037   156      857.9498      691.4329  1999773   19.41%
  10768  6695      840.9663    12      857.9498      691.4329  2008381   19.41%
  10820  6741      758.8079    34      857.9498      691.4448  2015832   19.41%
  10848  6765      782.8173    72      857.9498      691.4459  2023376   19.41%
Elapsed time = 1554.82 sec. (1406401.16 ticks, tree = 27.54 MB, solutions = 4)
  10891  6803      694.7625   153      857.9498      691.4473  2030071   19.41%
  10931  6838      759.6305   110      857.9498      691.4550  2037869   19.41%
  10975  6876      855.1663    44      857.9498      691.4550  2045640   19.41%
  11011  6908      746.9257    40      857.9498      691.4590  2052811   19.41%
  11046  6937      778.4373    56      857.9498      691.4647  2059418   19.40%
  11103  6990      771.4358    52      857.9498      691.4673  2066962   19.40%
  11164  7043      776.9148    48      857.9498      691.4693  2073602   19.40%
  11187  7060      724.9338    82      857.9498      691.4713  2082076   19.40%
  11220  7091      792.4986    37      857.9498      691.4713  2090827   19.40%
  11270  7125      706.2083   181      857.9498      691.4836  2099483   19.40%
Elapsed time = 1599.75 sec. (1445270.78 ticks, tree = 28.81 MB, solutions = 4)
  11331  7178      786.1008    86      857.9498      691.5148  2105634   19.40%
  11363  7206      747.4572    63      857.9498      691.5157  2114261   19.40%
  11379  7218      810.1113    93      857.9498      691.5284  2121644   19.40%
  11409  7244      763.4783   123      857.9498      691.5290  2130593   19.40%
  11433  7262      730.5948   138      857.9498      691.5343  2139362   19.40%
  11479  7304      736.9002    67      857.9498      691.5385  2147460   19.40%
  11538  7359      713.7598    65      857.9498      691.5390  2153807   19.40%
  11577  7394      745.2388    92      857.9498      691.5482  2162274   19.40%
  11616  7427      783.5893    93      857.9498      691.5945  2171452   19.39%
  11668  7472      696.5322   138      857.9498      691.5990  2179274   19.39%
Elapsed time = 1646.42 sec. (1484589.05 ticks, tree = 30.04 MB, solutions = 4)
  11720  7520      691.8228   153      857.9498      691.6030  2187145   19.39%
  11768  7563      702.1506   150      857.9498      691.6031  2194820   19.39%
  11808  7597      696.8589   188      857.9498      691.6038  2202003   19.39%
  11827  7616      817.7613    78      857.9498      691.6038  2210531   19.39%
  11874  7647      704.9785   144      857.9498      691.6091  2219120   19.39%
  11919  7684      728.1899   148      857.9498      691.6201  2226846   19.39%
  11974  7734      745.9571   105      857.9498      691.6361  2234120   19.39%
  12031  7787      702.4774   138      857.9498      691.6397  2241021   19.38%
  12071  7821      710.1287   115      857.9498      691.6627  2247891   19.38%
  12115  7865      717.5280    46      857.9498      691.6627  2256091   19.38%
Elapsed time = 1692.33 sec. (1523495.93 ticks, tree = 31.43 MB, solutions = 4)
  12177  7917      721.9811    92      857.9498      691.6672  2264461   19.38%
  12225  7961      777.1952    70      857.9498      691.6747  2272707   19.38%
  12277  8005      739.6538    67      857.9498      691.6899  2281524   19.38%
  12318  8042      729.4030    61      857.9498      691.7110  2289498   19.38%
* 12336  7865      integral     0      851.2122      691.7110  2290812   18.74%
  12347  7874      759.7644    96      851.2122      691.7377  2297797   18.73%
  12379  7902      806.0589    54      851.2122      691.7377  2306578   18.73%
  12425  7934      725.2578    83      851.2122      691.7389  2313294   18.73%
  12438  7947      765.9063    36      851.2122      691.7389  2314427   18.73%
  12456  7959    infeasible            851.2122      691.7430  2318554   18.73%
  12495  7995      696.8957   204      851.2122      691.7432  2327959   18.73%
Elapsed time = 1737.55 sec. (1562823.57 ticks, tree = 31.89 MB, solutions = 5)
  12542  8034      703.9849   164      851.2122      691.7475  2335412   18.73%
  12592  8080      697.3096   216      851.2122      691.7729  2345006   18.73%
  12612  8096      786.7236    71      851.2122      691.7729  2353496   18.73%
  12660  8134      704.4973   117      851.2122      691.7738  2361004   18.73%
  12706  8173      700.9044   124      851.2122      691.7739  2368645   18.73%
  12740  8199      794.2767    90      851.2122      691.7770  2376636   18.73%
  12778  8233      712.3544   118      851.2122      691.7852  2385005   18.73%
  12823  8270      778.8457    77      851.2122      691.7911  2391552   18.73%
  12849  8294      811.0351    63      851.2122      691.7911  2398559   18.73%
  12885  8319      742.1117    71      851.2122      691.8035  2405755   18.73%
Elapsed time = 1783.76 sec. (1602083.04 ticks, tree = 33.36 MB, solutions = 5)
  12919  8343      717.0461    93      851.2122      691.8164  2413431   18.73%
  12950  8368      725.7580   206      851.2122      691.8171  2423402   18.73%
  12969  8387      786.9495    88      851.2122      691.8171  2431341   18.73%
  13008  8422      835.3202    46      851.2122      691.8171  2440279   18.73%
  13040  8448      720.0831   104      851.2122      691.8174  2448207   18.73%
  13092  8496      710.0480    81      851.2122      691.8288  2454901   18.72%
  13142  8540      731.5012    77      851.2122      691.8311  2462021   18.72%
  13193  8585      725.0809    99      851.2122      691.8364  2470110   18.72%
  13228  8613      711.2080   181      851.2122      691.8596  2478813   18.72%
  13248  8631      834.4613    64      851.2122      691.8596  2486828   18.72%
Elapsed time = 1828.58 sec. (1641226.58 ticks, tree = 34.47 MB, solutions = 5)
  13284  8650      709.6856   112      851.2122      691.8694  2495879   18.72%
  13334  8695      725.2012   170      851.2122      691.8834  2507479   18.72%
  13370  8725      847.6164    44      851.2122      691.8834  2515136   18.72%
  13398  8749      783.2102    43      851.2122      691.8949  2522358   18.72%
  13432  8777      778.7706    47      851.2122      691.9037  2531275   18.72%
  13461  8802      772.2351    91      851.2122      691.9102  2539576   18.71%
  13502  8839      729.6369    70      851.2122      691.9145  2546814   18.71%
  13535  8869      728.9238   100      851.2122      691.9190  2554177   18.71%
  13564  8892      704.1210   111      851.2122      691.9312  2563090   18.71%
  13605  8933      756.6201    29      851.2122      691.9312  2571415   18.71%
Elapsed time = 1875.26 sec. (1680943.31 ticks, tree = 35.54 MB, solutions = 5)
  13631  8949      700.8774   166      851.2122      691.9357  2579718   18.71%
  13651  8965      693.6724   264      851.2122      691.9409  2585112   18.71%
  13702  9016      715.2118    77      851.2122      691.9409  2592534   18.71%
  13754  9062      713.2686   152      851.2122      691.9498  2601454   18.71%
  13800  9108      803.6780    41      851.2122      691.9498  2609500   18.71%
  13856  9156      753.3864    57      851.2122      691.9566  2616016   18.71%
  13897  9184      847.1959    65      851.2122      691.9605  2624340   18.71%
  13935  9216      800.6853    52      851.2122      691.9617  2632390   18.71%
  13984  9258      699.4834   128      851.2122      691.9709  2637906   18.71%
  14037  9303      710.1941   102      851.2122      691.9725  2646606   18.71%
Elapsed time = 1920.72 sec. (1720091.00 ticks, tree = 36.85 MB, solutions = 5)
  14082  9340      696.2413   213      851.2122      691.9877  2654189   18.71%
  14118  9374      804.3691    46      851.2122      691.9877  2661722   18.71%
  14160  9404        cutoff            851.2122      691.9887  2669074   18.71%
  14215  9445      706.5090   166      851.2122      691.9954  2677232   18.70%
  14267  9491      702.6765   169      851.2122      691.9983  2683465   18.70%
  14307  9521      817.9925   125      851.2122      692.0183  2693090   18.70%
  14336  9543      697.8203   159      851.2122      692.0253  2700354   18.70%
  14370  9577      754.1373    74      851.2122      692.0253  2709141   18.70%
  14413  9608      795.4860   155      851.2122      692.0513  2718347   18.70%
  14445  9636      847.6774    57      851.2122      692.0513  2722147   18.70%
Elapsed time = 1967.28 sec. (1760548.04 ticks, tree = 38.03 MB, solutions = 5)
  14488  9675      812.6172    32      851.2122      692.0545  2730172   18.70%
  14519  9692      704.8257   144      851.2122      692.0853  2738648   18.69%
  14559  9726      785.7935    83      851.2122      692.0864  2746039   18.69%
  14585  9745      781.9523   102      851.2122      692.0871  2754730   18.69%
  14618  9769      720.8798   159      851.2122      692.0888  2763819   18.69%
  14664  9815      805.4013    35      851.2122      692.0888  2770734   18.69%
  14692  9839      804.0213    89      851.2122      692.0981  2777497   18.69%
  14753  9894      694.9490   205      851.2122      692.1016  2782861   18.69%
  14814  9949      781.4508   101      851.2122      692.1109  2790700   18.69%
  14844  9971      697.0328   119      851.2122      692.1153  2799616   18.69%
Elapsed time = 2007.40 sec. (1799633.66 ticks, tree = 39.22 MB, solutions = 5)
  14882 10005      700.1809   129      851.2122      692.1525  2806899   18.69%
  14924 10040      776.5228   103      851.2122      692.1552  2818068   18.69%
  14970 10080      695.0139   171      851.2122      692.1700  2826392   18.68%
  15026 10128      768.4732   170      851.2122      692.1845  2836280   18.68%
  15065 10157        cutoff            851.2122      692.1845  2843664   18.68%
  15099 10178      776.7202    89      851.2122      692.1898  2848274   18.68%
  15131 10203      809.1943    95      851.2122      692.2099  2856464   18.68%
  15170 10237      705.3521   160      851.2122      692.2102  2863828   18.68%
  15204 10260      699.4195   101      851.2122      692.2115  2871652   18.68%
  15249 10294      693.5353   227      851.2122      692.2127  2881074   18.68%
Elapsed time = 2049.68 sec. (1841090.11 ticks, tree = 43.67 MB, solutions = 5)
  15296 10341      766.7610    39      851.2122      692.2127  2889021   18.68%
  15341 10382      776.8112    64      851.2122      692.2241  2896504   18.68%
  15384 10420      740.1577    53      851.2122      692.2396  2903224   18.68%
  15432 10458      738.5395    84      851.2122      692.2460  2910708   18.68%
  15460 10483      722.0018   175      851.2122      692.2530  2916064   18.67%
  15480 10503      790.6527    99      851.2122      692.2530  2924427   18.67%
  15513 10531      711.4963   128      851.2122      692.2559  2932881   18.67%
  15551 10561      739.7921    67      851.2122      692.2655  2940463   18.67%
  15596 10601      729.4250    80      851.2122      692.2668  2946842   18.67%
  15645 10640      720.1571   100      851.2122      692.2731  2953937   18.67%
Elapsed time = 2095.26 sec. (1880682.25 ticks, tree = 44.89 MB, solutions = 5)
  15681 10670      756.5603    96      851.2122      692.2799  2961934   18.67%
  15722 10705      706.3836   127      851.2122      692.2878  2971931   18.67%
  15762 10739      739.8706   115      851.2122      692.3012  2979122   18.67%
  15803 10772      732.5087   117      851.2122      692.3019  2987242   18.67%
  15856 10814      699.0972   160      851.2122      692.3073  2994958   18.67%
  15909 10863      738.3602   145      851.2122      692.3186  3002801   18.67%
  15948 10894      694.2743   224      851.2122      692.3186  3012080   18.67%
  15990 10936      781.4915    74      851.2122      692.3186  3020749   18.67%
  16029 10969      711.0180   131      851.2122      692.3342  3027985   18.66%
  16080 11016      713.5229    99      851.2122      692.3424  3034863   18.66%
Elapsed time = 2138.16 sec. (1920519.61 ticks, tree = 46.23 MB, solutions = 5)
  16130 11063      715.8997    79      851.2122      692.3529  3042474   18.66%
  16158 11086      694.8901   175      851.2122      692.3616  3052822   18.66%
  16176 11104      745.5326   114      851.2122      692.3616  3060765   18.66%
  16221 11141      694.3786   180      851.2122      692.3664  3068635   18.66%
  16268 11180        cutoff            851.2122      692.3664  3076443   18.66%
  16279 11184      705.1439   139      851.2122      692.4012  3084823   18.66%
  16318 11219      812.9807    27      851.2122      692.4012  3091394   18.66%
  16364 11257      774.6549    35      851.2122      692.4080  3099381   18.66%
  16395 11280      805.8922    73      851.2122      692.4208  3107256   18.65%
  16439 11317      725.9891   145      851.2122      692.4241  3113956   18.65%
Elapsed time = 2183.95 sec. (1959681.41 ticks, tree = 47.48 MB, solutions = 5)
  16445 11323      804.4269    68      851.2122      692.4241  3115703   18.65%
  16490 11360      770.1354    68      851.2122      692.4297  3123989   18.65%
  16531 11385      697.4170   115      851.2122      692.4328  3134149   18.65%
  16555 11409      733.8582    77      851.2122      692.4328  3141839   18.65%
  16589 11439      790.1324    97      851.2122      692.4500  3149421   18.65%
  16608 11456      849.0977    61      851.2122      692.4500  3158769   18.65%
  16643 11487      844.6278    78      851.2122      692.4515  3166409   18.65%
  16684 11521      723.5067    73      851.2122      692.4632  3173946   18.65%
  16704 11535      747.4755    88      851.2122      692.4701  3184092   18.65%
  16750 11573      702.6179   106      851.2122      692.4719  3190335   18.65%
Elapsed time = 2235.65 sec. (1999972.31 ticks, tree = 48.39 MB, solutions = 5)
  16792 11609      709.5370   146      851.2122      692.4740  3197978   18.65%
  16820 11633      708.4283    99      851.2122      692.4834  3206851   18.65%
  16862 11667      840.9261    94      851.2122      692.4863  3214846   18.65%
  16895 11693      780.7795    84      851.2122      692.4950  3222618   18.65%
  16946 11738      800.4441    73      851.2122      692.4955  3230425   18.65%
  16972 11758      800.0332   106      851.2122      692.5039  3239945   18.64%
  17017 11793      763.1381   115      851.2122      692.5062  3249584   18.64%
  17045 11821      824.5959    57      851.2122      692.5062  3257725   18.64%
  17093 11859      772.7491    64      851.2122      692.5087  3266325   18.64%
  17131 11891      829.8421    98      851.2122      692.5200  3274461   18.64%
Elapsed time = 2284.34 sec. (2040438.77 ticks, tree = 49.51 MB, solutions = 5)
  17174 11922      745.0072    97      851.2122      692.5244  3282604   18.64%
  17199 11940      763.0766   101      851.2122      692.5296  3291175   18.64%
  17222 11959      737.7064    92      851.2122      692.5338  3299035   18.64%
  17254 11985      812.4432    90      851.2122      692.5340  3307505   18.64%
  17286 12014      738.9911   101      851.2122      692.5361  3315396   18.64%
  17334 12058      699.8602   175      851.2122      692.5425  3322997   18.64%
  17401 12123      779.8588    34      851.2122      692.5425  3330501   18.64%
  17428 12143      843.4973    70      851.2122      692.5441  3339620   18.64%
  17475 12182      749.9680    81      851.2122      692.5487  3346329   18.64%
  17509 12208      712.0700   121      851.2122      692.5519  3354465   18.64%
Elapsed time = 2331.00 sec. (2079668.75 ticks, tree = 50.64 MB, solutions = 5)
  17560 12248      694.9611   112      851.2122      692.5901  3362587   18.63%
  17597 12279      693.9815   280      851.2122      692.5923  3370270   18.63%
  17608 12290      788.3346   150      851.2122      692.5923  3379236   18.63%
  17646 12324      839.6265    65      851.2122      692.5923  3388550   18.63%
  17683 12355      789.5403    75      851.2122      692.5953  3397721   18.63%
  17732 12400      847.3036    51      851.2122      692.6013  3407203   18.63%
  17773 12437      706.0824   103      851.2122      692.6069  3415041   18.63%
  17825 12483      706.8202   166      851.2122      692.6182  3422148   18.63%
  17874 12526      766.2727   106      851.2122      692.6331  3431672   18.63%
  17908 12558      796.2945    77      851.2122      692.6331  3440307   18.63%
Elapsed time = 2377.32 sec. (2119209.12 ticks, tree = 51.88 MB, solutions = 5)
  17958 12598      725.1858   114      851.2122      692.6376  3451045   18.63%
  17986 12620      699.7594   141      851.2122      692.6427  3457775   18.63%
  18041 12669      702.1841   159      851.2122      692.6445  3465444   18.63%
  18083 12707      697.9493   145      851.2122      692.6456  3471859   18.63%
  18134 12745      722.9736    88      851.2122      692.6543  3481969   18.63%
  18158 12769      769.5962    74      851.2122      692.6543  3490309   18.63%
  18191 12793      849.8955    49      851.2122      692.6543  3499665   18.63%
  18228 12816      718.6589   213      851.2122      692.6577  3509293   18.63%
  18278 12863      696.5769   184      851.2122      692.6605  3516977   18.63%
  18330 12915      777.8324    47      851.2122      692.6605  3525240   18.63%
Elapsed time = 2425.45 sec. (2160349.10 ticks, tree = 53.14 MB, solutions = 5)
  18379 12956      750.5340    48      851.2122      692.6608  3532452   18.63%
  18412 12979      770.6361    89      851.2122      692.6669  3540998   18.63%
  18445 13010      844.3968    81      851.2122      692.6669  3548513   18.63%
  18503 13062      762.0007    41      851.2122      692.6706  3554982   18.63%
  18548 13101      803.7479    49      851.2122      692.6833  3562840   18.62%
  18592 13141      743.6418    60      851.2122      692.6854  3571468   18.62%
  18627 13170      817.2194    93      851.2122      692.6892  3579807   18.62%
  18684 13209      707.1903   138      851.2122      692.6899  3588499   18.62%
  18719 13240      763.0902   104      851.2122      692.6920  3596738   18.62%
  18754 13271      802.0237    77      851.2122      692.6921  3605567   18.62%
Elapsed time = 2476.66 sec. (2204461.26 ticks, tree = 54.40 MB, solutions = 5)
  18788 13300      726.8181   119      851.2122      692.6933  3613506   18.62%
  18831 13337      726.6787    81      851.2122      692.7069  3621952   18.62%
  18883 13383      829.8781    27      851.2122      692.7069  3629679   18.62%
  18923 13413      771.0291    88      851.2122      692.7182  3639254   18.62%
  18950 13432      707.2393   144      851.2122      692.7219  3647314   18.62%
  19002 13478      711.6986   104      851.2122      692.7261  3654766   18.62%
  19042 13514      783.3276    99      851.2122      692.7325  3662965   18.62%
  19102 13561      703.1208   120      851.2122      692.7340  3670944   18.62%
  19145 13598      699.0561   139      851.2122      692.7355  3677807   18.62%
  19199 13646      716.0431   146      851.2122      692.7363  3684368   18.62%
Elapsed time = 2523.63 sec. (2243683.87 ticks, tree = 55.74 MB, solutions = 5)
  19236 13677      776.4847    97      851.2122      692.7437  3696768   18.62%
  19271 13710      848.4997    58      851.2122      692.7437  3702722   18.62%
  19301 13733      755.8436   100      851.2122      692.7457  3712403   18.62%
  19336 13758      778.7995    86      851.2122      692.7511  3720351   18.62%
  19384 13806      844.7896    35      851.2122      692.7511  3727507   18.62%
  19419 13835      848.1021    21      851.2122      692.7646  3735444   18.61%
  19445 13853      795.3539    69      851.2122      692.7685  3742344   18.61%
  19497 13893        cutoff            851.2122      692.7688  3748996   18.61%
  19530 13924      760.5609    55      851.2122      692.7785  3758538   18.61%
  19579 13960      699.8244   148      851.2122      692.7792  3766998   18.61%
Elapsed time = 2575.24 sec. (2289540.95 ticks, tree = 56.85 MB, solutions = 5)
* 19631 13399      integral     0      840.5951      692.7792  3770915   17.58%
  19638 13404      704.3271   133      840.5951      692.7847  3773839   17.58%
  19691 13451      835.3673    23      840.5951      692.7847  3781466   17.58%
  19731 13485      763.8013    33      840.5951      692.7877  3786008   17.58%
  19768 13518      732.2795    60      840.5951      692.8015  3794039   17.58%
  19800 13545      783.7177    69      840.5951      692.8034  3802712   17.58%
  19850 13584      720.9431   189      840.5951      692.8128  3810214   17.58%
  19906 13634      711.4941   130      840.5951      692.8137  3818018   17.58%
  19966 13683      765.9635    84      840.5951      692.8148  3825726   17.58%
  19995 13707      702.8853   111      840.5951      692.8177  3834292   17.58%
  20053 13759      750.3440   111      840.5951      692.8300  3842692   17.58%
Elapsed time = 2624.83 sec. (2332150.80 ticks, tree = 53.75 MB, solutions = 6)
  20093 13782      816.9165   110      840.5951      692.8310  3851055   17.58%
  20145 13828      748.5180    72      840.5951      692.8333  3857418   17.58%
  20193 13872      800.7157    49      840.5951      692.8389  3865876   17.58%
  20244 13918      794.5895    29      840.5951      692.8399  3873431   17.58%
  20269 13937      839.9131    60      840.5951      692.8449  3881971   17.58%
  20339 14001        cutoff            840.5951      692.8506  3887853   17.58%
  20375 14029      792.2365    43      840.5951      692.8516  3896100   17.58%
  20428 14071      695.7842   114      840.5951      692.8571  3905167   17.58%
  20445 14088      715.3831    70      840.5951      692.8571  3910393   17.58%
  20481 14117      700.3709   123      840.5951      692.8617  3919866   17.57%
Elapsed time = 2671.35 sec. (2372099.59 ticks, tree = 55.03 MB, solutions = 6)
  20532 14164      826.6244    62      840.5951      692.8617  3927815   17.57%
  20569 14187      736.9562   100      840.5951      692.8676  3936840   17.57%
  20603 14209      746.0074    90      840.5951      692.8683  3944990   17.57%
  20646 14252      789.0391    51      840.5951      692.8683  3953611   17.57%
  20700 14298      699.0313   139      840.5951      692.8773  3960477   17.57%
  20739 14333      702.0086   144      840.5951      692.8833  3969361   17.57%
  20768 14358      765.8458    51      840.5951      692.8833  3978082   17.57%
  20822 14402      736.5475   115      840.5951      692.8915  3986050   17.57%
  20862 14438      733.8151    83      840.5951      692.8915  3994879   17.57%
  20903 14475      740.3965    99      840.5951      692.8915  4003886   17.57%
Elapsed time = 2716.78 sec. (2410932.71 ticks, tree = 56.30 MB, solutions = 6)
  20956 14514      714.8720   114      840.5951      692.8948  4011623   17.57%
  21003 14557      719.1895    84      840.5951      692.9016  4020350   17.57%
  21034 14588      731.1732   106      840.5951      692.9016  4029500   17.57%
  21067 14617      823.0118    68      840.5951      692.9016  4038676   17.57%
  21117 14652      715.7353    98      840.5951      692.9031  4046422   17.57%
  21182 14713      774.7454    38      840.5951      692.9127  4054115   17.57%
  21215 14740      724.5909    77      840.5951      692.9151  4062514   17.57%
  21248 14768      737.1530   119      840.5951      692.9233  4072584   17.57%
  21270 14786      739.6736    77      840.5951      692.9281  4080774   17.57%
  21297 14808        cutoff            840.5951      692.9281  4088794   17.57%
Elapsed time = 2763.44 sec. (2449634.51 ticks, tree = 57.48 MB, solutions = 6)
  21331 14834      726.0053   127      840.5951      692.9306  4097168   17.57%
  21346 14845      784.2703   110      840.5951      692.9383  4105451   17.57%
  21376 14865      721.2968   123      840.5951      692.9435  4113174   17.57%
  21441 14920      797.4831   101      840.5951      692.9462  4119880   17.56%
  21469 14944      738.6316    71      840.5951      692.9599  4128586   17.56%
  21520 14985      717.7380   117      840.5951      692.9658  4135936   17.56%
  21576 15031      751.2147    73      840.5951      692.9790  4144320   17.56%
  21615 15059      833.1695    70      840.5951      693.0005  4153229   17.56%
  21645 15082      747.8149    79      840.5951      693.0026  4160575   17.56%
  21693 15117      707.7530   118      840.5951      693.0030  4170525   17.56%
Elapsed time = 2811.19 sec. (2489433.50 ticks, tree = 58.58 MB, solutions = 6)
  21722 15142      704.3952   190      840.5951      693.0049  4180019   17.56%
  21770 15186      697.2094    98      840.5951      693.0278  4189251   17.56%
  21810 15224      824.2684    25      840.5951      693.0278  4196962   17.56%
  21860 15266      824.7462    25      840.5951      693.0285  4205381   17.56%
  21892 15294      739.3975    67      840.5951      693.0310  4212935   17.55%
  21928 15324      760.7077    88      840.5951      693.0476  4220810   17.55%
  21971 15360      723.4999    93      840.5951      693.0486  4230967   17.55%
  22000 15389      758.3443    81      840.5951      693.0486  4239841   17.55%
  22030 15414      773.0756    99      840.5951      693.0584  4248582   17.55%
  22062 15440      742.2568   111      840.5951      693.0598  4256823   17.55%
Elapsed time = 2857.85 sec. (2529896.07 ticks, tree = 59.72 MB, solutions = 6)
  22102 15476      821.4554    84      840.5951      693.0620  4264323   17.55%
  22127 15490      745.4161   125      840.5951      693.0664  4272745   17.55%
  22178 15537      716.8546   113      840.5951      693.0727  4280274   17.55%
  22224 15579      728.2350   103      840.5951      693.0856  4287839   17.55%
  22296 15637      742.7050    98      840.5951      693.0962  4297723   17.55%
  22334 15668      696.7736   210      840.5951      693.0969  4305611   17.55%
  22378 15707      765.2386    94      840.5951      693.1022  4315272   17.55%
  22409 15735      723.2356    95      840.5951      693.1071  4324967   17.55%
  22445 15771      819.8887    34      840.5951      693.1071  4332660   17.55%
  22465 15785      783.0585   103      840.5951      693.1073  4340714   17.55%
Elapsed time = 2905.86 sec. (2571504.94 ticks, tree = 60.94 MB, solutions = 6)
  22492 15808      730.9577    83      840.5951      693.1134  4349627   17.54%
  22511 15823      693.2236   134      840.5951      693.1140  4357895   17.54%
  22546 15851      694.9313   213      840.5951      693.1169  4367424   17.54%
  22584 15889      702.7316    88      840.5951      693.1169  4374893   17.54%
  22628 15927      825.5882    71      840.5951      693.1227  4384163   17.54%
  22686 15974      697.9667   173      840.5951      693.1330  4391755   17.54%
  22723 16007      776.6904    46      840.5951      693.1360  4399775   17.54%
  22779 16055      816.8819    51      840.5951      693.1422  4407197   17.54%
  22828 16096      700.7117   125      840.5951      693.1502  4414864   17.54%
  22872 16136      696.6029   163      840.5951      693.1515  4422240   17.54%
Elapsed time = 2949.55 sec. (2611220.99 ticks, tree = 62.19 MB, solutions = 6)
  22912 16176      767.9204    59      840.5951      693.1515  4430912   17.54%
  22971 16225      747.3389    69      840.5951      693.1532  4439493   17.54%
  23019 16269      737.2470    82      840.5951      693.1621  4447505   17.54%
  23069 16315      774.0825    88      840.5951      693.1631  4456114   17.54%
  23113 16347      737.6235   108      840.5951      693.1791  4467379   17.54%
  23126 16360      797.2706    87      840.5951      693.1791  4474378   17.54%
  23155 16378      734.1623    95      840.5951      693.1797  4482647   17.54%
  23203 16421      801.1069   111      840.5951      693.1851  4491656   17.54%
  23226 16439      772.2187    97      840.5951      693.1854  4500952   17.54%
  23274 16487      796.5994    52      840.5951      693.1854  4506148   17.54%
Elapsed time = 2989.88 sec. (2651343.65 ticks, tree = 64.11 MB, solutions = 6)
  23318 16521      782.3891    76      840.5951      693.1889  4513663   17.54%
  23367 16566      810.4291    73      840.5951      693.1904  4521517   17.54%
  23435 16620      750.7870    92      840.5951      693.1972  4528619   17.53%
  23445 16630      753.8293    79      840.5951      693.1972  4529475   17.53%
  23485 16666      769.2116    83      840.5951      693.2052  4537142   17.53%
  23517 16694      775.4530   100      840.5951      693.2079  4546367   17.53%
  23559 16729      757.4060    86      840.5951      693.2149  4554740   17.53%
  23588 16752      707.4330   107      840.5951      693.2257  4564107   17.53%
  23626 16790      799.4334    43      840.5951      693.2257  4573210   17.53%
  23646 16806      733.2647   107      840.5951      693.2279  4579174   17.53%
Elapsed time = 3030.96 sec. (2693935.15 ticks, tree = 65.25 MB, solutions = 6)
  23700 16854      729.3004    75      840.5951      693.2281  4587616   17.53%
  23740 16886      790.7125    72      840.5951      693.2316  4596977   17.53%
  23813 16951      765.6786    56      840.5951      693.2336  4603456   17.53%
  23846 16978      830.7269    63      840.5951      693.2374  4612111   17.53%
  23877 17003      751.4133   104      840.5951      693.2405  4620833   17.53%
  23925 17043      741.9643   138      840.5951      693.2512  4630084   17.53%
  23959 17073      762.8206    94      840.5951      693.2529  4639412   17.53%
  23989 17100      780.8743   113      840.5951      693.2531  4648184   17.53%
  24009 17120      815.5962    90      840.5951      693.2531  4655737   17.53%
  24033 17140      736.6480    92      840.5951      693.2533  4664126   17.53%
Elapsed time = 3075.18 sec. (2733558.57 ticks, tree = 66.43 MB, solutions = 6)
  24062 17165      718.1315   164      840.5951      693.2550  4672686   17.53%
  24115 17210      719.7060   138      840.5951      693.2562  4682531   17.53%
  24163 17252      695.8948    95      840.5951      693.2613  4690631   17.53%
  24192 17279      773.6787    60      840.5951      693.2613  4699258   17.53%
  24216 17297      697.5164   190      840.5951      693.2645  4706995   17.53%
  24248 17327      808.0387    70      840.5951      693.2645  4715592   17.53%
  24295 17358      696.9654   139      840.5951      693.2776  4723974   17.53%
  24356 17411      694.3069   183      840.5951      693.2784  4731057   17.53%
  24398 17453      754.8161    69      840.5951      693.2784  4739306   17.53%
  24445 17493      835.3636    58      840.5951      693.2824  4747336   17.52%
Elapsed time = 3126.37 sec. (2779495.32 ticks, tree = 67.69 MB, solutions = 6)
  24459 17502      738.3645    90      840.5951      693.2840  4756985   17.52%
  24480 17523      771.8723    77      840.5951      693.2840  4765350   17.52%
  24519 17554      757.0007    84      840.5951      693.2862  4773143   17.52%
  24554 17585      767.0794    73      840.5951      693.2948  4781929   17.52%
  24596 17623      758.2963    77      840.5951      693.2985  4789091   17.52%
  24651 17672      763.1701    68      840.5951      693.2994  4796701   17.52%
  24690 17699      700.2907   163      840.5951      693.3121  4804980   17.52%
  24743 17738      814.4494   118      840.5951      693.3210  4813110   17.52%
  24795 17779      797.7840    41      840.5951      693.3338  4820161   17.52%
  24833 17813      759.5425    62      840.5951      693.3361  4827757   17.52%
Elapsed time = 3171.29 sec. (2818658.99 ticks, tree = 68.82 MB, solutions = 6)
  24868 17842      783.0043   101      840.5951      693.3459  4836676   17.52%
  24907 17871      733.9917   116      840.5951      693.3467  4846182   17.52%
  24963 17921      695.7082   180      840.5951      693.3488  4852849   17.52%
  25013 17967      715.9312   123      840.5951      693.3488  4860495   17.52%
  25067 18015      731.3020   120      840.5951      693.3496  4868583   17.52%
  25109 18049      717.8598   138      840.5951      693.3515  4876323   17.52%
  25160 18090      697.4597   228      840.5951      693.3763  4885236   17.51%
  25200 18130      763.0750    37      840.5951      693.3763  4893626   17.51%
  25233 18153      819.6986    79      840.5951      693.3822  4901901   17.51%
  25276 18190      746.6422    72      840.5951      693.3844  4909796   17.51%
Elapsed time = 3213.62 sec. (2857937.96 ticks, tree = 70.16 MB, solutions = 6)
  25316 18220      773.3086   139      840.5951      693.3880  4917784   17.51%
  25360 18258      734.0378   122      840.5951      693.3896  4925971   17.51%
  25384 18278      716.2793   141      840.5951      693.4022  4933668   17.51%
  25441 18329      752.6505   110      840.5951      693.4100  4941013   17.51%
  25445 18333      757.3965    96      840.5951      693.4100  4941652   17.51%
  25490 18374      800.7855    71      840.5951      693.4103  4949823   17.51%
Starting limited solution polishing.
  25545 18423      757.3719    62      840.5951      693.4130  4955047   17.51%
  25571 18445      737.7218    95      840.5951      693.4179  4962633   17.51%
  25610 18468      713.5365   119      840.5951      693.4238  4971266   17.51%
  25645 18499      693.6144   208      840.5951      693.4249  4976718   17.51%
Elapsed time = 3270.81 sec. (2910879.23 ticks, tree = 71.26 MB, solutions = 6)
  25700 18554      739.2408    64      840.5951      693.4249  4983361   17.51%
  25748 18592        cutoff            840.5951      693.4281  4990730   17.51%
  25778 18619      740.9996    99      840.5951      693.4292  4997940   17.51%
  25805 18637      776.1426    79      840.5951      693.4316  5005291   17.51%
  25819 18651      783.6545   100      840.5951      693.4316  5013021   17.51%
  25845 18669      724.7815   104      840.5951      693.4438  5019131   17.51%
  25883 18697      697.6335   228      840.5951      693.4466  5027215   17.51%
  25944 18748      697.4877   215      840.5951      693.4482  5034642   17.51%
* 25945+18245                          834.0902      693.4482            16.86%
  25945 18247      697.4882   212      834.0902      693.4482  5034653   16.86%
  26004 18304      819.1320    51      834.0902      693.4482  5041653   16.86%
Elapsed time = 3342.11 sec. (2971450.65 ticks, tree = 70.58 MB, solutions = 7)
  26041 18336      760.9021    65      834.0902      693.4519  5050575   16.86%
  26045 18340      761.7152    65      834.0902      693.4519  5051624   16.86%
  26071 18360      769.6169   101      834.0902      693.4548  5060484   16.86%
  26094 18375      717.5584   130      834.0902      693.4675  5068441   16.86%
  26132 18409      708.4463   102      834.0902      693.4729  5075822   16.86%
* 26145+18333                          832.8350      693.4729            16.73%
  26145 18335      714.1252    82      832.8350      693.4729  5077430   16.73%
  26178 18364      761.5416   104      832.8350      693.4775  5086346   16.73%
  26210 18392      780.7807    95      832.8350      693.4903  5094559   16.73%
* 26245+18054                          829.0899      693.4919            16.36%
  26245 18056      733.1690    88      829.0899      693.4919  5102537   16.36%
  26281 18086      746.6833    88      829.0899      693.5075  5111351   16.35%
Elapsed time = 3405.24 sec. (3030337.69 ticks, tree = 69.81 MB, solutions = 9)
  26338 18131      758.3145    57      829.0899      693.5093  5118802   16.35%
  26345 18138      809.4493    32      829.0899      693.5093  5120013   16.35%
  26394 18177      699.1170   144      829.0899      693.5163  5128157   16.35%
  26442 18219      733.5764   130      829.0899      693.5191  5137045   16.35%
  26445 18222      796.7156    86      829.0899      693.5191  5137765   16.35%
  26464 18241      742.2722   105      829.0899      693.5191  5145787   16.35%
  26525 18294      698.4614   128      829.0899      693.5212  5152186   16.35%
  26545 18314      731.9420   122      829.0899      693.5212  5153881   16.35%
  26598 18361      808.9075    31      829.0899      693.5264  5161876   16.35%
* 26645+18272                          827.6483      693.5507            16.20%
  26645 18274      695.4747   170      827.6483      693.5507  5168045   16.20%
Elapsed time = 3495.35 sec. (3113674.97 ticks, tree = 70.48 MB, solutions = 10)
  26709 18331      763.3312   164      827.6483      693.5599  5178029   16.20%
  26731 18353      809.6984    85      827.6483      693.5599  5186140   16.20%
  26745 18363      701.5845   120      827.6483      693.5612  5188857   16.20%
  26801 18411      720.9328    76      827.6483      693.5669  5196096   16.20%
  26843 18445      699.2747   168      827.6483      693.5714  5206045   16.20%
  26845 18447      699.3450   163      827.6483      693.5714  5206076   16.20%
  26906 18504      703.4590   123      827.6483      693.5717  5213036   16.20%
  26939 18535      819.5225    63      827.6483      693.5717  5222079   16.20%
  26945 18541      794.0614    55      827.6483      693.5717  5223256   16.20%
  26992 18584      770.5394    50      827.6483      693.5816  5231029   16.20%
Elapsed time = 3563.78 sec. (3175591.23 ticks, tree = 71.59 MB, solutions = 10)
  27046 18626      694.0565   176      827.6483      693.5941  5239584   16.20%
  27100 18680      798.1412    51      827.6483      693.5941  5246308   16.20%
* 27145+18656                          826.9451      693.5957            16.13%
* 27145+18566                          825.8117      693.5957            16.01%
  27145 18568      703.0554   152      825.8117      693.5957  5253490   16.01%
  27203 18618      821.8580    42      825.8117      693.5957  5261189   16.01%

GUB cover cuts applied:  107
Clique cuts applied:  45
Cover cuts applied:  31
Implied bound cuts applied:  88
Flow cuts applied:  53
Mixed integer rounding cuts applied:  755
Zero-half cuts applied:  5
Gomory fractional cuts applied:  3

Root node processing (before b&c):
  Real time             =   14.01 sec. (12761.75 ticks)
Sequential b&c:
  Real time             = 3585.99 sec. (3196484.12 ticks)
                          ------------
Total (root+branch&cut) = 3600.00 sec. (3209245.86 ticks)
