Version identifier: 22.1.0.0 | 2022-03-09 | 1a383f8ce
CPXPARAM_Read_DataCheck                          1
CPXPARAM_Threads                                 1
CPXPARAM_TimeLimit                               3600
Tried aggregator 2 times.
MIP Presolve eliminated 2367 rows and 122 columns.
MIP Presolve modified 31983 coefficients.
Aggregator did 150 substitutions.
Reduced MIP has 7244 rows, 708 columns, and 54680 nonzeros.
Reduced MIP has 516 binaries, 0 generals, 0 SOSs, and 0 indicators.
Presolve time = 0.14 sec. (104.20 ticks)
Probing fixed 2 vars, tightened 0 bounds.
Probing time = 0.03 sec. (22.77 ticks)
Tried aggregator 1 time.
Detecting symmetries...
MIP Presolve eliminated 2 rows and 2 columns.
MIP Presolve modified 26 coefficients.
Reduced MIP has 7242 rows, 706 columns, and 54638 nonzeros.
Reduced MIP has 514 binaries, 0 generals, 0 SOSs, and 0 indicators.
Presolve time = 0.04 sec. (23.40 ticks)
Probing time = 0.01 sec. (5.47 ticks)
Clique table members: 1715.
MIP emphasis: balance optimality and feasibility.
MIP search method: dynamic search.
Parallel mode: none, using 1 thread.
Root relaxation solution time = 0.02 sec. (24.79 ticks)

        Nodes                                         Cuts/
   Node  Left     Objective  IInf  Best Integer    Best Bound    ItCnt     Gap

      0     0      140.1208   130                    140.1208      252         
      0     0      140.1208    58                   Cuts: 745      676         
      0     0      140.1208    58                   Cuts: 483     1261         
      0     0      140.1209    50                   Cuts: 125     1728         
      0     0      140.1232    51                   Cuts: 497     1941         
Detecting symmetries...
      0     2      140.1232    51                    140.1236     1941         
Elapsed time = 3.08 sec. (2937.46 ticks, tree = 0.01 MB, solutions = 0)
      7     9      140.1265    82                    140.1269     3685         
     17    19      140.1360    50                    140.1269     5523         
     20    22      140.4266    53                    140.1269     6599         
     30    32      140.1489    57                    140.1269     7500         
     40    42      140.1807    57                    140.1269     8376         
     50    50      140.2437    53                    140.1269     9112         
     69    65      141.8580    41                    140.1269    10907         
     87    79      148.7106    37                    140.1269    13033         
    137   108      153.5341    25                    140.1269    14495         
    199   147    infeasible                          140.1270    21336         
Elapsed time = 6.42 sec. (6754.75 ticks, tree = 0.55 MB, solutions = 0)
    208   154      143.4328    73                    140.1270    26469         
    224   166      155.5673    60                    140.1270    33196         
    254   196      166.3086    48                    140.1270    39467         
    278   220      140.7696    41                    140.1270    44710         
    302   244      141.0189    38                    140.1270    51451         
    336   278      141.2568    37                    140.1270    57837         
    372   308      142.2069    32                    140.1270    64445         
    448   370      140.1389    66                    140.1285    70650         
    494   412      142.4669    75                    140.1294    76668         

Performing restart 1

Repeating presolve.
Tried aggregator 1 time.
MIP Presolve eliminated 2 rows and 1 columns.
Reduced MIP has 7240 rows, 705 columns, and 54593 nonzeros.
Reduced MIP has 513 binaries, 0 generals, 0 SOSs, and 0 indicators.
Presolve time = 0.02 sec. (18.39 ticks)
Tried aggregator 1 time.
Reduced MIP has 7240 rows, 705 columns, and 54593 nonzeros.
Reduced MIP has 513 binaries, 0 generals, 0 SOSs, and 0 indicators.
Presolve time = 0.03 sec. (23.49 ticks)
Represolve time = 0.10 sec. (75.81 ticks)
    497     0      140.1233    65                   Cuts: 479    78247         
    497     0      140.1243    94                   Cuts: 691    78537         
    497     0      140.1245    67                  Cuts: 1246    78780         
    497     0      140.1246   106                   Cuts: 276    79072         
    497     0      140.1250   101                   Cuts: 199    79242         
    497     0      140.1253   106                   Cuts: 374    79478         
    497     0      140.1254    94                   Cuts: 325    79625         
    497     0      140.1257    96                   Cuts: 155    79780         
    497     2      140.1257    70                    140.1294    79780         
Elapsed time = 21.99 sec. (21910.20 ticks, tree = 0.01 MB, solutions = 0)
    503     8      142.3376    71                    140.1294    80393         
    507    12      140.1258    53                    140.1294    80687         
    513    18      140.1451    41                    140.1294    81117         
    520    25      140.6004    64                    140.1294    83068         
    530    35      140.9622    48                    140.1294    83616         
    547    49      140.1445    38                    140.1294    85522         
    567    69      140.1598    37                    140.1294    87661         
    596    96      140.2316    33                    140.1294    91045         
    659   156      156.7465    16                    140.1294    92142         
    678   171      140.8492    49                    140.1294    94175         
Elapsed time = 31.06 sec. (32930.98 ticks, tree = 4.91 MB, solutions = 0)
    737   226      141.9264    27                    140.1294    95796         
    794   274      145.2745    37                    140.1294    98268         
    837   305      144.3126    35                    140.1294   101161         
    897   355      140.2040    52                    140.1294   103594         
    959   411      140.2075    58                    140.1294   106327         
   1017   467      163.9460    18                    140.1294   109149         
   1064   497      140.2513    64                    140.1294   111980         
   1099   532      149.3943    38                    140.1294   114955         
   1124   552      142.3473    70                    140.1294   117308         
   1164   586      142.2661    63                    140.1294   120343         
Elapsed time = 41.23 sec. (42869.62 ticks, tree = 21.55 MB, solutions = 0)
   1196   618      145.5457    38                    140.1294   123754         
   1253   665      173.6691    34                    140.1339   126473         
   1286   692      148.5309    45                    140.1358   129674         
   1337   733      146.3180    48                    140.1376   132356         
   1384   774      143.3775    34                    140.1376   135450         
   1464   844      146.0724    48                    140.1376   138297         

Performing restart 2

Repeating presolve.
Tried aggregator 1 time.
MIP Presolve eliminated 34 rows and 0 columns.
MIP Presolve modified 30 coefficients.
Reduced MIP has 7206 rows, 705 columns, and 57766 nonzeros.
Reduced MIP has 513 binaries, 0 generals, 0 SOSs, and 0 indicators.
Presolve time = 0.05 sec. (30.99 ticks)
Tried aggregator 1 time.
Reduced MIP has 7206 rows, 705 columns, and 57766 nonzeros.
Reduced MIP has 513 binaries, 0 generals, 0 SOSs, and 0 indicators.
Presolve time = 0.04 sec. (25.84 ticks)
Represolve time = 0.16 sec. (99.09 ticks)
   1491     0      140.1258    81                   Cuts: 689   141810         
   1491     0      140.1263    94                   Cuts: 739   142055         
   1491     0      140.1263    89                   Cuts: 234   142183         
   1491     0      140.1264    95                   Cuts: 172   142342         
   1491     0      140.1264    97                   Cuts: 144   142482         
   1491     0      140.1264    83                   Cuts: 515   142609         
   1491     0      140.1264    91                   Cuts: 572   142795         
   1491     0      140.1264    94                   Cuts: 655   142898         
   1491     0      140.1265    95                    Cuts: 84   143063         
   1491     2      140.1265    82                    140.1376   143063         
   1494     5      140.1265    66                    140.1376   143573         
   1498     9      142.3368    61                    140.1376   144511         
   1502    13      140.1265    52                    140.1376   144529         
Elapsed time = 71.15 sec. (72552.80 ticks, tree = 0.08 MB, solutions = 0)
   1510    21      140.1331    47                    140.1376   144985         
   1514    25      140.1346    58                    140.1376   145649         
   1528    39      140.1356    50                    140.1376   145784         
   1531    42      140.1356    46                    140.1376   146064         
   1540    50      140.6968    36                    140.1376   146504         
   1545    55      144.7894    43                    140.1376   146944         
   1554    64      148.2015    30                    140.1376   147577         
   1558    68      151.1138    40                    140.1376   148395         
   1567    77      163.1930    30                    140.1376   149460         
   1579    89      154.4498    28                    140.1376   150062         
Elapsed time = 79.58 sec. (83304.74 ticks, tree = 2.42 MB, solutions = 0)
*  1591    94      integral     0      162.7850      140.1376   150482   13.91%
   1593    96      140.2021    37      162.7850      140.1376   151309   13.91%
   1601   103      143.1209    44      162.7850      140.1376   152237   13.91%
   1609   110      143.1230    50      162.7850      140.1376   153251   13.91%
   1625   125      146.7251    37      162.7850      140.1376   153856   13.91%
   1653   148      161.3884    24      162.7850      140.1376   154846   13.91%
   1665   153      140.6718    59      162.7850      140.1376   155912   13.91%
   1672   160      140.6747    54      162.7850      140.1376   157018   13.91%
   1689   177      140.6934    60      162.7850      140.1376   157897   13.91%
   1716   204      141.0999    37      162.7850      140.1376   158403   13.91%
   1752   232      140.1623    42      162.7850      140.1376   159221   13.91%
Elapsed time = 88.57 sec. (93382.35 ticks, tree = 9.29 MB, solutions = 1)
   1777   256      149.9772    26      162.7850      140.1376   160520   13.91%
*  1811+  273                          154.1968      140.1376             9.12%
   1841   297      140.1372    46      154.1968      140.1376   160904    9.12%
   1876   325      144.9289    58      154.1968      140.1376   162481    9.12%
   1891   340      144.9397    49      154.1968      140.1376   163356    9.12%
   1913   358      149.9136    31      154.1968      140.1376   165269    9.12%
   1968   405      140.7773    36      154.1968      140.1376   166215    9.12%
   2001   433      144.0009    39      154.1968      140.1376   167595    9.12%
   2046   473      140.1668    51      154.1968      140.1376   168791    9.12%
   2091   511      140.1385    44      154.1968      140.1376   169644    9.12%
   2137   549      143.3156    56      154.1968      140.1376   171009    9.12%
Elapsed time = 98.36 sec. (103537.88 ticks, tree = 25.91 MB, solutions = 2)
   2171   574      140.2070    47      154.1968      140.1376   172988    9.12%
   2234   631      140.6401    37      154.1968      140.1376   174208    9.12%
   2285   669      143.6653    45      154.1968      140.1379   175745    9.12%
   2330   710      152.6021    25      154.1968      140.1399   178131    9.12%
   2391   754      143.1641    35      154.1968      140.1400   179893    9.12%
   2464   821      153.8765    16      154.1968      140.1404   181009    9.12%
   2508   846      147.9628    48      154.1968      140.1410   183380    9.12%
*  2531+  799                          153.6505      140.1411             8.79%
   2531   801      144.7931    38      153.6505      140.1411   185048    8.79%
   2560   824      144.0025    57      153.6505      140.1422   186698    8.79%
   2587   847      140.1873    46      153.6505      140.1433   188382    8.79%
Elapsed time = 108.75 sec. (113498.07 ticks, tree = 41.80 MB, solutions = 3)
   2631   887      140.3140    54      153.6505      140.1436   189466    8.79%
   2665   913      142.3101    48      153.6505      140.1436   192561    8.79%
   2686   934      144.0306    34      153.6505      140.1436   194707    8.79%
   2711   953      140.1573    49      153.6505      140.1445   195708    8.79%
   2742   980      143.6405    32      153.6505      140.1454   198096    8.79%
   2791  1019      140.2313    48      153.6505      140.1478   199706    8.79%
   2841  1063      145.7650    24      153.6505      140.1486   202160    8.79%
   2878  1087      144.2210    42      153.6505      140.1492   204736    8.79%
   2927  1126      146.0533    47      153.6505      140.1494   207429    8.79%
   3107  1271        cutoff            153.6505      140.1517   216329    8.79%
Elapsed time = 125.91 sec. (129450.81 ticks, tree = 62.28 MB, solutions = 3)
   3376  1491        cutoff            153.6505      140.1523   223822    8.79%
   3561  1633      143.3056    35      153.6505      140.1575   232400    8.78%
   3756  1789      140.1602    51      153.6505      140.1602   241176    8.78%
   3939  1929      146.2185    39      153.6505      140.1623   250598    8.78%
   4155  2102      140.2470    44      153.6505      140.1656   259295    8.78%
   4372  2271      150.6458    30      153.6505      140.1668   266533    8.78%
   4626  2459        cutoff            153.6505      140.1739   274458    8.77%
   4865  2637      149.2366    38      153.6505      140.1751   284178    8.77%
   5084  2797      144.3801    34      153.6505      140.1856   293857    8.76%
   5304  2970      145.4994    37      153.6505      140.1906   302699    8.76%
Elapsed time = 169.15 sec. (167900.22 ticks, tree = 154.50 MB, solutions = 3)
   5505  3116      140.7493    39      153.6505      140.1948   311969    8.76%
   5710  3279      146.8699    37      153.6505      140.1971   321287    8.76%
   5993  3500      145.7807    34      153.6505      140.2018   330891    8.75%
   6206  3672      151.1366    32      153.6505      140.2066   340382    8.75%
   6464  3878      140.2661    49      153.6505      140.2106   348542    8.75%
   6607  3990      143.1631    36      153.6505      140.2142   355913    8.74%
   6823  4162      140.3720    45      153.6505      140.2177   364889    8.74%
*  7086  4178      integral     0      152.8260      140.2215   373445    8.25%
   7099  4190      141.4031    25      152.8260      140.2222   373692    8.25%
*  7186+ 3633                          150.6371      140.2247             6.91%
   7186  3635      143.1365    36      150.6371      140.2247   376964    6.91%
   7416  3819      141.1182    39      150.6371      140.2301   385173    6.91%
Elapsed time = 213.49 sec. (206692.49 ticks, tree = 176.92 MB, solutions = 5)
   7570  3926      150.4541    22      150.6371      140.2319   393790    6.91%
   7747  4074      149.8899    22      150.6371      140.2321   403167    6.91%
   7970  4239      145.7804    36      150.6371      140.2366   411894    6.90%
   8135  4368      145.7908    27      150.6371      140.2381   420341    6.90%
   8337  4511      140.2890    47      150.6371      140.2444   430527    6.90%
   8486  4625      142.8748    53      150.6371      140.2470   440312    6.90%
   8654  4768      144.1999    42      150.6371      140.2486   448328    6.90%
   8795  4877      150.3840    25      150.6371      140.2496   458261    6.90%
   8928  4972      140.5726    55      150.6371      140.2513   467313    6.89%
   9065  5093      141.0430    46      150.6371      140.2513   472398    6.89%
Elapsed time = 256.35 sec. (245012.68 ticks, tree = 225.91 MB, solutions = 5)
   9210  5210      146.3879    37      150.6371      140.2516   480658    6.89%
   9370  5348      148.0478    26      150.6371      140.2540   491216    6.89%
   9506  5452      148.1872    51      150.6371      140.2547   499976    6.89%
   9629  5544        cutoff            150.6371      140.2554   508871    6.89%
   9774  5658      140.2660    43      150.6371      140.2559   517564    6.89%
   9902  5760      140.2887    63      150.6371      140.2559   526365    6.89%
  10065  5886      140.2619    46      150.6371      140.2559   538030    6.89%
  10183  5980      147.1161    39      150.6371      140.2572   546198    6.89%
  10380  6130      140.6643    58      150.6371      140.2591   556460    6.89%
  10599  6310      143.1619    45      150.6371      140.2610   564982    6.89%
Elapsed time = 298.52 sec. (283332.36 ticks, tree = 282.22 MB, solutions = 5)
  10794  6464      147.4365    36      150.6371      140.2624   573498    6.89%
  10998  6625      140.2638    65      150.6371      140.2638   584085    6.89%
  11160  6754      140.2794    50      150.6371      140.2638   593068    6.89%
  11344  6902      142.5805    50      150.6371      140.2638   602675    6.89%
  11492  7013      140.3048    51      150.6371      140.2646   612572    6.89%
  11617  7113      140.2717    71      150.6371      140.2646   621339    6.89%
  11759  7220      142.9576    39      150.6371      140.2657   628965    6.89%
  11962  7371      140.2660    39      150.6371      140.2660   636724    6.88%
  12142  7516      141.9032    54      150.6371      140.2662   645008    6.88%
  12296  7644      145.1049    34      150.6371      140.2667   653558    6.88%
Elapsed time = 342.17 sec. (321834.14 ticks, tree = 341.56 MB, solutions = 5)
  12478  7790      141.2965    44      150.6371      140.2675   663512    6.88%
  12665  7937      148.6536    42      150.6371      140.2682   672661    6.88%
  12877  8096      149.2523    35      150.6371      140.2686   683014    6.88%
  13116  8292      142.1092    36      150.6371      140.2697   692400    6.88%
  13304  8439      140.3158    54      150.6371      140.2715   702016    6.88%
  13502  8600      145.8226    32      150.6371      140.2717   709842    6.88%
  13730  8777      140.6763    37      150.6371      140.2730   719331    6.88%
  13899  8918      149.8103    33      150.6371      140.2737   727582    6.88%
  14080  9064      144.0600    43      150.6371      140.2740   736438    6.88%
  14247  9202      145.0642    54      150.6371      140.2743   745604    6.88%
Elapsed time = 386.17 sec. (360153.37 ticks, tree = 412.41 MB, solutions = 5)
  14438  9347      140.4539    41      150.6371      140.2750   754105    6.88%
  14585  9471      146.8072    40      150.6371      140.2750   760809    6.88%
  14736  9585      143.8274    45      150.6371      140.2750   770069    6.88%
  14909  9720      147.6516    29      150.6371      140.2752   779634    6.88%
  15091  9863      143.6591    41      150.6371      140.2756   789339    6.88%
  15309 10043      147.8702    31      150.6371      140.2774   797857    6.88%
  15491 10172      142.2865    41      150.6371      140.2786   805310    6.88%
  15664 10303        cutoff            150.6371      140.2794   815358    6.88%
  15911 10498      145.6862    38      150.6371      140.2800   831504    6.88%
  16131 10663      149.8629    41      150.6371      140.2812   844590    6.87%
Elapsed time = 430.83 sec. (398464.92 ticks, tree = 474.56 MB, solutions = 5)
  16316 10806      140.4630    48      150.6371      140.2816   856290    6.87%
  16490 10948      145.5524    38      150.6371      140.2825   870220    6.87%
  16694 11113      147.5366    41      150.6371      140.2832   881011    6.87%
  16905 11283      141.5473    45      150.6371      140.2838   894067    6.87%
  17186 11518      147.1347    41      150.6371      140.2855   906737    6.87%
  17406 11685      141.4684    49      150.6371      140.2862   925062    6.87%
  17671 11909      150.4241    12      150.6371      140.2873   938876    6.87%
  17915 12098      143.7746    40      150.6371      140.2885   955884    6.87%
  18162 12285      141.9109    39      150.6371      140.2899   969680    6.87%
  18368 12435      140.4600    54      150.6371      140.2909   983657    6.87%
Elapsed time = 475.35 sec. (436755.94 ticks, tree = 473.83 MB, solutions = 5)
  18503 12536        cutoff            150.6371      140.2915   994898    6.87%
  18686 12685      140.3977    37      150.6371      140.2916  1008678    6.87%
  18921 12865      140.2984    41      150.6371      140.2922  1020570    6.87%
  19100 12994      149.9566    25      150.6371      140.2936  1035001    6.87%
  19352 13195      140.2993    60      150.6371      140.2945  1049570    6.87%
  19581 13374      141.5848    32      150.6371      140.2950  1068182    6.87%
  19812 13542      146.4092    32      150.6371      140.2955  1085552    6.87%
  19989 13686      140.2961    50      150.6371      140.2961  1101218    6.86%
  20179 13839      143.9213    42      150.6371      140.2961  1115973    6.86%
  20338 13961      140.2961    41      150.6371      140.2961  1130443    6.86%
Elapsed time = 512.55 sec. (475102.53 ticks, tree = 474.38 MB, solutions = 5)
  20550 14137      140.3355    56      150.6371      140.2970  1144499    6.86%
  20742 14293      140.3725    57      150.6371      140.2978  1158442    6.86%
  20967 14467      142.3494    46      150.6371      140.2985  1171959    6.86%
  21160 14607      140.8681    49      150.6371      140.2987  1184811    6.86%
  21390 14787      150.4828    33      150.6371      140.2994  1200914    6.86%
  21645 14985      142.7253    40      150.6371      140.3005  1216598    6.86%
  21910 15200      148.2618    46      150.6371      140.3010  1231781    6.86%
  22131 15377      144.9142    44      150.6371      140.3011  1249625    6.86%
  22375 15562      140.4281    51      150.6371      140.3017  1266742    6.86%
  22588 15742      150.4441    50      150.6371      140.3021  1281937    6.86%
Elapsed time = 552.77 sec. (513317.96 ticks, tree = 475.18 MB, solutions = 5)
  22764 15876      143.9213    31      150.6371      140.3021  1296496    6.86%
  22955 16021      150.6019    60      150.6371      140.3023  1310052    6.86%
  23168 16194      141.9090    54      150.6371      140.3030  1322296    6.86%
  23386 16363      140.3038    52      150.6371      140.3038  1335886    6.86%
  23535 16485      145.3237    40      150.6371      140.3041  1347619    6.86%
  23735 16639      145.6948    37      150.6371      140.3043  1363400    6.86%
  23943 16796      144.7499    44      150.6371      140.3048  1377637    6.86%
  24106 16930      140.3363    58      150.6371      140.3048  1392156    6.86%
  24330 17114      140.3049    46      150.6371      140.3049  1406569    6.86%
  24535 17292      140.4427    53      150.6371      140.3049  1421414    6.86%
Elapsed time = 597.57 sec. (551860.30 ticks, tree = 477.06 MB, solutions = 5)
  24762 17490      144.9776    39      150.6371      140.3050  1439853    6.86%
  24979 17651      143.4898    42      150.6371      140.3057  1457336    6.86%
  25205 17828      147.2570    39      150.6371      140.3064  1473797    6.86%
  25377 17968      149.2109    32      150.6371      140.3066  1490900    6.86%
  25616 18154      147.4600    34      150.6371      140.3073  1505442    6.86%
  25805 18301      147.1193    34      150.6371      140.3077  1518851    6.86%
  25946 18408      142.0519    45      150.6371      140.3084  1533435    6.86%
  26180 18590      144.4307    54      150.6371      140.3091  1547405    6.86%
  26423 18777      148.3443    32      150.6371      140.3095  1564281    6.86%
  26614 18927      142.0782    46      150.6371      140.3097  1580278    6.86%
Elapsed time = 641.69 sec. (590224.34 ticks, tree = 477.69 MB, solutions = 5)
  26848 19116      144.2830    44      150.6371      140.3097  1595717    6.86%
  27066 19292      142.7049    58      150.6371      140.3100  1613676    6.86%
  27260 19447      142.1358    38      150.6371      140.3103  1630753    6.86%
  27521 19648      143.2918    42      150.6371      140.3127  1646964    6.85%
  27789 19868      144.0467    53      150.6371      140.3137  1664212    6.85%
  27992 20018      140.9090    55      150.6371      140.3138  1682048    6.85%
  28288 20268      142.3530    49      150.6371      140.3142  1695383    6.85%
  28484 20429      148.4713    25      150.6371      140.3142  1710511    6.85%
  28653 20556      140.6213    41      150.6371      140.3146  1726044    6.85%
  28816 20678      146.7629    37      150.6371      140.3149  1741269    6.85%
Elapsed time = 684.71 sec. (628732.87 ticks, tree = 479.14 MB, solutions = 5)
  29038 20837      146.4984    37      150.6371      140.3149  1756600    6.85%
  29316 21048      140.5209    48      150.6371      140.3149  1771229    6.85%
  29539 21217      141.5407    33      150.6371      140.3151  1789905    6.85%
  29758 21397      140.4352    40      150.6371      140.3152  1806518    6.85%
  29945 21551      140.4985    40      150.6371      140.3152  1819945    6.85%
  30242 21796      146.7019    33      150.6371      140.3152  1837319    6.85%
  30471 21981      140.8878    39      150.6371      140.3152  1853659    6.85%
  30710 22181      147.7528    48      150.6371      140.3152  1871505    6.85%
  30942 22374      142.1702    42      150.6371      140.3160  1889540    6.85%
  31187 22559      140.3393    52      150.6371      140.3171  1902621    6.85%
Elapsed time = 731.81 sec. (667039.32 ticks, tree = 480.02 MB, solutions = 5)
  31393 22712      140.3729    49      150.6371      140.3178  1917839    6.85%
  31550 22835      148.9025    30      150.6371      140.3183  1930100    6.85%
  31815 23057      149.6202    29      150.6371      140.3185  1943451    6.85%
  32058 23241      140.3191    43      150.6371      140.3193  1958132    6.85%
  32290 23423      140.3201    40      150.6371      140.3201  1974401    6.85%
  32526 23602      140.7140    37      150.6371      140.3207  1991026    6.85%
  32764 23780      141.3072    55      150.6371      140.3213  2007872    6.85%
  33078 24037        cutoff            150.6371      140.3220  2023549    6.85%
  33316 24225      145.1364    42      150.6371      140.3230  2041404    6.85%
  33564 24420      142.1377    42      150.6371      140.3239  2055869    6.85%
Elapsed time = 785.20 sec. (705477.51 ticks, tree = 481.73 MB, solutions = 5)
  33757 24570      140.7041    59      150.6371      140.3240  2074718    6.85%
  33985 24731      148.2023    39      150.6371      140.3245  2090182    6.85%
  34211 24917      149.6019    33      150.6371      140.3248  2102376    6.85%
  34478 25127      140.3398    43      150.6371      140.3254  2115924    6.85%
  34679 25285      142.4800    44      150.6371      140.3263  2130308    6.84%
  34912 25463      141.1439    37      150.6371      140.3277  2146531    6.84%
  35158 25633      140.8932    57      150.6371      140.3284  2162516    6.84%
  35378 25801      144.0002    44      150.6371      140.3295  2178497    6.84%
  35599 25965      143.2918    47      150.6371      140.3305  2193486    6.84%
  35849 26160      148.6119    38      150.6371      140.3312  2209248    6.84%
Elapsed time = 826.08 sec. (743848.18 ticks, tree = 483.16 MB, solutions = 5)
  36066 26323      150.2337    36      150.6371      140.3320  2226405    6.84%
  36378 26558      141.1936    35      150.6371      140.3325  2242745    6.84%
  36582 26706      147.3865    27      150.6371      140.3333  2260447    6.84%
  36830 26897      148.4227    27      150.6371      140.3337  2277747    6.84%
  37031 27055      144.5400    39      150.6371      140.3340  2292460    6.84%
  37242 27214      141.7379    41      150.6371      140.3350  2307808    6.84%
  37400 27312      142.3654    34      150.6371      140.3360  2322933    6.84%
  37613 27481      140.7176    57      150.6371      140.3364  2337362    6.84%
  37833 27657      140.3437    48      150.6371      140.3372  2351403    6.84%
  38018 27797      149.7158    34      150.6371      140.3379  2366971    6.84%
Elapsed time = 872.56 sec. (782071.86 ticks, tree = 484.76 MB, solutions = 5)
  38261 27979      140.6991    49      150.6371      140.3394  2382419    6.84%
  38502 28159      140.3473    49      150.6371      140.3402  2399232    6.84%
  38748 28344      140.8698    39      150.6371      140.3411  2416470    6.83%
  38984 28531      145.7331    33      150.6371      140.3413  2433654    6.83%
  39196 28688      147.3191    45      150.6371      140.3419  2451617    6.83%
  39431 28872      147.5889    32      150.6371      140.3429  2468680    6.83%
  39699 29083      144.5411    33      150.6371      140.3433  2484891    6.83%
  39916 29243      142.6176    26      150.6371      140.3440  2501913    6.83%
  40117 29392      140.6094    37      150.6371      140.3445  2516996    6.83%
  40365 29591      143.7149    41      150.6371      140.3445  2531418    6.83%
Elapsed time = 919.94 sec. (820387.89 ticks, tree = 486.67 MB, solutions = 5)
  40549 29721      144.4385    38      150.6371      140.3451  2546027    6.83%
  40749 29864      150.5696    25      150.6371      140.3457  2561330    6.83%
  40971 30032      141.4688    45      150.6371      140.3466  2576587    6.83%
  41177 30168      140.8931    38      150.6371      140.3479  2593015    6.83%
  41365 30305      140.6077    56      150.6371      140.3485  2610162    6.83%
  41595 30476        cutoff            150.6371      140.3496  2625667    6.83%
  41827 30646      140.7793    56      150.6371      140.3503  2642632    6.83%
  42058 30807      140.3671    70      150.6371      140.3511  2658817    6.83%
  42304 30994      149.0321    36      150.6371      140.3520  2675826    6.83%
  42546 31172      140.4647    45      150.6371      140.3526  2692606    6.83%
Elapsed time = 968.04 sec. (858658.42 ticks, tree = 488.08 MB, solutions = 5)
  42776 31332      140.6113    47      150.6371      140.3526  2710544    6.83%
  43005 31509      140.5619    33      150.6371      140.3526  2726416    6.83%
  43193 31663      150.1050    31      150.6371      140.3526  2741954    6.83%
  43411 31832      147.5652    36      150.6371      140.3534  2756635    6.83%
  43601 31975      143.6948    36      150.6371      140.3547  2772875    6.83%
  43772 32093      148.1751    45      150.6371      140.3552  2788092    6.83%
  43966 32238      142.2913    34      150.6371      140.3558  2802986    6.83%
  44236 32426      142.5067    42      150.6371      140.3569  2819542    6.82%
  44468 32596      140.3720    41      150.6371      140.3575  2836494    6.82%
  44648 32728      149.8088    38      150.6371      140.3580  2851091    6.82%
Elapsed time = 1014.90 sec. (897015.61 ticks, tree = 489.19 MB, solutions = 5)
  44884 32888      140.8003    43      150.6371      140.3595  2869259    6.82%
  45125 33064      149.0841    24      150.6371      140.3607  2885458    6.82%
  45381 33240      140.5787    53      150.6371      140.3621  2902566    6.82%
  45564 33367      141.8596    43      150.6371      140.3629  2915886    6.82%
  45739 33490      140.5276    51      150.6371      140.3636  2932008    6.82%
  45946 33640      140.9312    43      150.6371      140.3639  2947165    6.82%
  46165 33802      145.5700    28      150.6371      140.3658  2963789    6.82%
  46378 33968      145.3147    32      150.6371      140.3667  2980731    6.82%
  46609 34138      142.7848    64      150.6371      140.3674  2996559    6.82%
  46722 34220      144.4435    58      150.6371      140.3674  3010406    6.82%
Elapsed time = 1061.36 sec. (935700.08 ticks, tree = 491.71 MB, solutions = 5)
  46962 34414      146.3677    29      150.6371      140.3680  3026699    6.82%
  47203 34580      145.0164    30      150.6371      140.3694  3043329    6.82%
  47408 34724      149.4201    31      150.6371      140.3707  3057671    6.82%
  47638 34903        cutoff            150.6371      140.3713  3072386    6.81%
  47840 35054      140.5649    47      150.6371      140.3733  3088138    6.81%
  48012 35180      140.4284    44      150.6371      140.3734  3103340    6.81%
  48213 35349      140.5895    39      150.6371      140.3737  3118252    6.81%
  48393 35485      141.0657    39      150.6371      140.3744  3133874    6.81%
  48588 35612      140.3753    58      150.6371      140.3753  3147818    6.81%
  48710 35706      140.6814    49      150.6371      140.3753  3163818    6.81%
Elapsed time = 1107.47 sec. (973916.97 ticks, tree = 492.95 MB, solutions = 5)
  48881 35846      144.6774    32      150.6371      140.3755  3180293    6.81%
  49162 36047      144.1478    28      150.6371      140.3771  3196207    6.81%
  49374 36216      147.8808    41      150.6371      140.3775  3212617    6.81%
  49593 36383      148.7311    44      150.6371      140.3784  3231060    6.81%
  49841 36563      150.4491    35      150.6371      140.3792  3248562    6.81%
  50121 36777      144.8639    39      150.6371      140.3809  3263972    6.81%
  50285 36913      142.3078    57      150.6371      140.3810  3281113    6.81%
  50528 37101      146.9719    23      150.6371      140.3826  3298245    6.81%
  50795 37298      141.1992    57      150.6371      140.3843  3314799    6.81%
  51032 37454      140.4036    64      150.6371      140.3859  3331170    6.81%
Elapsed time = 1154.48 sec. (1012250.35 ticks, tree = 494.63 MB, solutions = 5)
  51233 37609      141.0519    37      150.6371      140.3861  3348432    6.81%
  51469 37786      148.3749    29      150.6371      140.3865  3364450    6.80%
  51685 37933      140.4331    58      150.6371      140.3872  3379616    6.80%
  51836 38040      147.4519    46      150.6371      140.3884  3395458    6.80%
  52048 38194      142.2565    47      150.6371      140.3900  3410207    6.80%
  52274 38336      149.9308    28      150.6371      140.3911  3426475    6.80%
  52522 38515      146.0839    44      150.6371      140.3933  3441569    6.80%
  52746 38667      140.8087    50      150.6371      140.3940  3457832    6.80%
  52946 38792      143.1935    38      150.6371      140.3951  3475448    6.80%
  53185 38949      150.0356    36      150.6371      140.3971  3493252    6.80%
Elapsed time = 1200.75 sec. (1050805.81 ticks, tree = 496.28 MB, solutions = 5)
  53425 39111      143.8263    39      150.6371      140.3990  3510597    6.80%
  53660 39276      140.5106    51      150.6371      140.4005  3527737    6.80%
  53906 39464      140.4475    46      150.6371      140.4014  3544389    6.79%
  54134 39636      140.8570    48      150.6371      140.4023  3561511    6.79%
  54379 39788        cutoff            150.6371      140.4042  3578882    6.79%
  54581 39926      146.0285    29      150.6371      140.4054  3593691    6.79%
  54808 40095      149.5376    36      150.6371      140.4067  3608754    6.79%
  55060 40274      144.3184    45      150.6371      140.4085  3622570    6.79%
  55301 40423      149.9464    29      150.6371      140.4100  3637621    6.79%
  55491 40559      150.2359    26      150.6371      140.4111  3650718    6.79%
Elapsed time = 1247.62 sec. (1089322.50 ticks, tree = 497.45 MB, solutions = 5)
  55672 40688      141.4449    52      150.6371      140.4116  3663351    6.79%
  55880 40838      146.5032    35      150.6371      140.4125  3679940    6.79%
  56098 40994        cutoff            150.6371      140.4133  3695268    6.79%
  56293 41134      140.4138    46      150.6371      140.4138  3709815    6.79%
  56488 41294      147.9922    30      150.6371      140.4143  3725098    6.79%
  56697 41469        cutoff            150.6371      140.4150  3740285    6.79%
  56905 41628      140.5066    54      150.6371      140.4157  3754891    6.79%
  57124 41783      144.6247    46      150.6371      140.4161  3772443    6.79%
  57346 41973      140.4174    54      150.6371      140.4161  3790062    6.79%
  57504 42092      144.4432    46      150.6371      140.4161  3807673    6.79%
Elapsed time = 1294.02 sec. (1127646.71 ticks, tree = 498.63 MB, solutions = 5)
  57651 42207      149.4016    38      150.6371      140.4161  3824974    6.79%
  57882 42381      141.9930    66      150.6371      140.4167  3842729    6.78%
  58126 42566      140.4350    54      150.6371      140.4175  3859574    6.78%
  58355 42756      140.4299    45      150.6371      140.4183  3876709    6.78%
  58599 42926      141.3102    31      150.6371      140.4188  3892408    6.78%
  58841 43101      143.1786    34      150.6371      140.4197  3908661    6.78%
  59047 43240      141.0177    44      150.6371      140.4211  3925034    6.78%
  59285 43415      141.0905    54      150.6371      140.4221  3940894    6.78%
  59438 43523      143.3681    50      150.6371      140.4222  3955315    6.78%
  59610 43638      146.7254    37      150.6371      140.4225  3970915    6.78%
Elapsed time = 1341.60 sec. (1166171.23 ticks, tree = 499.78 MB, solutions = 5)
  59833 43800      150.5105    32      150.6371      140.4229  3986284    6.78%
  60059 43977      149.6959    39      150.6371      140.4236  4000900    6.78%
  60262 44122      140.4241    44      150.6371      140.4241  4016759    6.78%
  60474 44288      140.5289    58      150.6371      140.4242  4032672    6.78%
  60659 44436      145.0227    37      150.6371      140.4244  4048986    6.78%
  60915 44632      140.4309    34      150.6371      140.4249  4064829    6.78%
  61141 44825      144.8945    31      150.6371      140.4250  4081709    6.78%
  61340 44962      150.3943    37      150.6371      140.4260  4098845    6.78%
  61527 45098      141.7969    37      150.6371      140.4263  4113658    6.78%
  61731 45253      147.3772    29      150.6371      140.4275  4130375    6.78%
Elapsed time = 1383.17 sec. (1204431.97 ticks, tree = 501.24 MB, solutions = 5)
  61967 45438      141.0380    42      150.6371      140.4276  4147117    6.78%
  62199 45607      140.5086    53      150.6371      140.4283  4164958    6.78%
  62429 45790      140.4394    54      150.6371      140.4289  4181806    6.78%
  62683 45987      142.2263    37      150.6371      140.4297  4199969    6.78%
  62904 46158      140.6892    50      150.6371      140.4300  4217130    6.78%
  63088 46295      146.6523    35      150.6371      140.4310  4233855    6.78%
  63334 46477      140.6193    61      150.6371      140.4318  4249579    6.77%
  63542 46632      146.4549    40      150.6371      140.4322  4265862    6.77%
  63741 46774      150.1357    25      150.6371      140.4332  4281071    6.77%
  63923 46916      149.6671    53      150.6371      140.4341  4298734    6.77%
Elapsed time = 1422.07 sec. (1242743.22 ticks, tree = 502.93 MB, solutions = 5)
  64119 47062      140.8797    43      150.6371      140.4343  4314978    6.77%
  64329 47234      141.2917    46      150.6371      140.4347  4329847    6.77%
  64551 47397      145.5375    39      150.6371      140.4352  4346995    6.77%
  64813 47607      149.4840    12      150.6371      140.4352  4362138    6.77%
  65122 47826      140.6034    37      150.6371      140.4352  4378690    6.77%
  65393 48020      141.8340    41      150.6371      140.4352  4396345    6.77%
  65586 48160      143.3087    38      150.6371      140.4352  4413032    6.77%
  65879 48371      146.9042    34      150.6371      140.4352  4430120    6.77%
  66133 48575      142.7996    36      150.6371      140.4352  4447642    6.77%
  66408 48769      143.1950    44      150.6371      140.4352  4464714    6.77%
Elapsed time = 1466.50 sec. (1280949.06 ticks, tree = 502.77 MB, solutions = 5)
  66623 48930      141.4123    44      150.6371      140.4352  4480056    6.77%
  66856 49118      140.6046    51      150.6371      140.4352  4498361    6.77%
  67129 49330      144.2420    38      150.6371      140.4352  4515515    6.77%
  67327 49477      141.1623    41      150.6371      140.4353  4532441    6.77%
  67500 49586      141.0065    48      150.6371      140.4355  4549302    6.77%
  67738 49743        cutoff            150.6371      140.4360  4563746    6.77%
  67970 49927      145.0806    38      150.6371      140.4364  4579203    6.77%
  68193 50107      148.0526    36      150.6371      140.4366  4593928    6.77%
  68441 50276      140.6794    38      150.6371      140.4370  4609323    6.77%
  68661 50439      141.7088    41      150.6371      140.4377  4625445    6.77%
Elapsed time = 1510.17 sec. (1319225.14 ticks, tree = 503.34 MB, solutions = 5)
  68878 50599      147.0742    41      150.6371      140.4381  4643111    6.77%
  69091 50756      143.3796    41      150.6371      140.4384  4660095    6.77%
  69324 50911      147.8027    39      150.6371      140.4385  4677073    6.77%
  69483 51015      141.4696    40      150.6371      140.4388  4695809    6.77%
  69671 51159      142.3101    34      150.6371      140.4394  4709504    6.77%
  69895 51321      148.9422    36      150.6371      140.4399  4727868    6.77%
  70159 51529      149.3130    31      150.6371      140.4406  4744677    6.77%
  70427 51726      140.5866    38      150.6371      140.4410  4762069    6.77%
  70654 51883        cutoff            150.6371      140.4414  4774556    6.77%
  70934 52090      140.7463    47      150.6371      140.4420  4791217    6.77%
Elapsed time = 1555.73 sec. (1357631.99 ticks, tree = 505.01 MB, solutions = 5)
  71240 52345      150.0737    27      150.6371      140.4423  4808167    6.77%
  71485 52523      140.9922    53      150.6371      140.4428  4826066    6.77%
  71719 52702      140.6515    50      150.6371      140.4434  4841627    6.77%
  72005 52915      142.7449    34      150.6371      140.4442  4857231    6.77%
  72232 53072      148.2337    28      150.6371      140.4449  4873920    6.77%
  72490 53272      146.8990    37      150.6371      140.4457  4888265    6.77%
  72698 53425      150.5532    16      150.6371      140.4462  4901684    6.77%
  72940 53612      143.8871    26      150.6371      140.4465  4917151    6.76%
  73189 53789      147.8676    28      150.6371      140.4470  4931858    6.76%
  73454 53962      145.5130    36      150.6371      140.4477  4949862    6.76%
Elapsed time = 1599.33 sec. (1395969.70 ticks, tree = 507.08 MB, solutions = 5)
  73687 54109      140.7759    55      150.6371      140.4480  4964247    6.76%
  73964 54318      143.8176    37      150.6371      140.4488  4980459    6.76%
  74189 54494      146.0373    36      150.6371      140.4493  4997315    6.76%
  74475 54700      146.1384    34      150.6371      140.4499  5013570    6.76%
  74712 54872      140.4636    46      150.6371      140.4504  5029056    6.76%
  74947 55046      142.2466    39      150.6371      140.4510  5045618    6.76%
  75170 55214      148.5019    33      150.6371      140.4515  5063545    6.76%
  75392 55374      148.0487    37      150.6371      140.4520  5082422    6.76%
  75583 55505      147.6506    33      150.6371      140.4523  5094925    6.76%
  75849 55693      140.5507    60      150.6371      140.4531  5110946    6.76%
Elapsed time = 1646.83 sec. (1434290.95 ticks, tree = 508.68 MB, solutions = 5)
  76035 55825      141.4742    41      150.6371      140.4535  5128882    6.76%
  76258 55990      140.7796    41      150.6371      140.4544  5145146    6.76%
  76470 56139      143.3230    30      150.6371      140.4548  5161629    6.76%
  76700 56299      148.9587    27      150.6371      140.4555  5177411    6.76%
  76963 56488      149.4058    27      150.6371      140.4563  5192353    6.76%
  77214 56665      145.4267    31      150.6371      140.4569  5207506    6.76%
  77437 56821      149.3790    33      150.6371      140.4572  5224376    6.76%
  77684 57009      149.1513    21      150.6371      140.4576  5238932    6.76%
  77995 57240      141.0715    32      150.6371      140.4584  5254162    6.76%
  78224 57415      140.8603    44      150.6371      140.4589  5270540    6.76%
Elapsed time = 1694.06 sec. (1472542.86 ticks, tree = 510.33 MB, solutions = 5)
  78447 57576      144.8525    39      150.6371      140.4593  5288558    6.76%
  78709 57783      140.5016    46      150.6371      140.4599  5305693    6.76%
  78968 57966      140.8053    54      150.6371      140.4611  5323059    6.76%
  79217 58161      143.5335    33      150.6371      140.4621  5340477    6.75%
  79440 58336      146.9966    46      150.6371      140.4630  5355727    6.75%
  79677 58510      145.0076    37      150.6371      140.4634  5373313    6.75%
  79922 58698      141.8039    40      150.6371      140.4637  5390388    6.75%
  80157 58887      142.2932    39      150.6371      140.4643  5408214    6.75%
  80381 59046      143.6656    34      150.6371      140.4652  5425394    6.75%
  80655 59249      142.0017    42      150.6371      140.4657  5441865    6.75%
Elapsed time = 1741.95 sec. (1510861.26 ticks, tree = 512.29 MB, solutions = 5)
  80893 59427      147.1808    29      150.6371      140.4662  5455762    6.75%
  81175 59638      141.0796    48      150.6371      140.4670  5469583    6.75%
  81346 59760      144.6107    43      150.6371      140.4672  5486106    6.75%
  81656 60015      144.2081    44      150.6371      140.4679  5499939    6.75%
  81904 60208      141.3372    34      150.6371      140.4683  5515420    6.75%
  82128 60366      143.4297    42      150.6371      140.4689  5531350    6.75%
  82355 60537      140.9310    49      150.6371      140.4694  5546813    6.75%
  82614 60726      140.9326    45      150.6371      140.4703  5561840    6.75%
  82889 60932      146.9272    29      150.6371      140.4708  5577351    6.75%
  83157 61134      141.8315    36      150.6371      140.4717  5595345    6.75%
Elapsed time = 1788.55 sec. (1549197.40 ticks, tree = 514.32 MB, solutions = 5)
  83404 61307      141.6313    38      150.6371      140.4724  5612421    6.75%
  83637 61472        cutoff            150.6371      140.4731  5629625    6.75%
  83893 61667      140.5354    30      150.6371      140.4741  5645849    6.75%
  84168 61870      146.7168    31      150.6371      140.4747  5662496    6.75%
  84409 62052      146.9455    37      150.6371      140.4753  5679993    6.75%
  84656 62232      146.5932    39      150.6371      140.4761  5693292    6.75%
  84825 62343      145.4925    32      150.6371      140.4765  5712758    6.75%
  85058 62501      143.7329    39      150.6371      140.4770  5730217    6.74%
  85261 62637      146.9285    28      150.6371      140.4776  5748297    6.74%
  85501 62817      142.8172    35      150.6371      140.4780  5760490    6.74%
Elapsed time = 1836.93 sec. (1587473.20 ticks, tree = 515.93 MB, solutions = 5)
  85750 63007      148.0455    28      150.6371      140.4790  5777165    6.74%
  86012 63203      143.4842    39      150.6371      140.4796  5792311    6.74%
  86236 63358      143.4862    29      150.6371      140.4801  5808152    6.74%
  86446 63495      145.7557    32      150.6371      140.4811  5822682    6.74%
  86706 63674      144.3377    30      150.6371      140.4813  5837659    6.74%
  86909 63810      140.9202    54      150.6371      140.4819  5855093    6.74%
  87126 63964      142.5004    54      150.6371      140.4826  5871100    6.74%
  87379 64154      141.0873    43      150.6371      140.4832  5887832    6.74%
  87579 64306      141.2212    49      150.6371      140.4838  5899236    6.74%
  87831 64492      148.3139    25      150.6371      140.4845  5916099    6.74%
Elapsed time = 1884.17 sec. (1625788.45 ticks, tree = 517.70 MB, solutions = 5)
  88086 64678      146.7454    31      150.6371      140.4851  5932419    6.74%
  88370 64876      143.6079    30      150.6371      140.4863  5949292    6.74%
  88583 65024      140.8554    45      150.6371      140.4868  5967047    6.74%
  88856 65233      140.8697    46      150.6371      140.4874  5983770    6.74%
  89123 65438      141.1627    40      150.6371      140.4883  6001577    6.74%
  89427 65651      141.1875    48      150.6371      140.4900  6018122    6.74%
  89615 65789        cutoff            150.6371      140.4910  6031017    6.74%
  89822 65935      144.8291    31      150.6371      140.4915  6049115    6.74%
  90055 66100      140.6393    53      150.6371      140.4924  6066510    6.73%
  90283 66272      148.3432    33      150.6371      140.4930  6081200    6.73%
Elapsed time = 1931.76 sec. (1664061.13 ticks, tree = 522.54 MB, solutions = 5)
  90491 66406      141.3683    58      150.6371      140.4938  6095004    6.73%
  90721 66572      143.3869    30      150.6371      140.4944  6110099    6.73%
  90942 66730      148.1962    23      150.6371      140.4952  6125065    6.73%
  91170 66894      142.4012    32      150.6371      140.4959  6140852    6.73%
  91365 67008      146.9436    26      150.6371      140.4966  6157051    6.73%
  91491 67097      147.6787    35      150.6371      140.4970  6169184    6.73%
  91694 67234      146.3861    35      150.6371      140.4977  6183956    6.73%
  91966 67439      148.3106    35      150.6371      140.4984  6199435    6.73%
  92215 67608      150.6122    16      150.6371      140.4988  6213444    6.73%
  92447 67781      141.6989    55      150.6371      140.4991  6227315    6.73%
Elapsed time = 1979.68 sec. (1703343.82 ticks, tree = 524.15 MB, solutions = 5)
* 92529 67771      integral     0      150.6065      140.4993  6232765    6.71%
* 92629+67499                          150.5341      140.4996             6.67%
* 92629+67316                          150.4694      140.4996             6.63%
  92748 67386      140.6769    46      150.4694      140.4999  6246380    6.63%
  92995 67569      140.5234    50      150.4694      140.5008  6262231    6.63%
  93261 67775      145.4281    38      150.4694      140.5015  6278893    6.62%
  93462 67907      143.7173    42      150.4694      140.5020  6294966    6.62%
  93760 68113      144.9192    51      150.4694      140.5028  6310098    6.62%
  94012 68299      149.5788    37      150.4694      140.5033  6327108    6.62%
  94301 68522      142.9550    38      150.4694      140.5041  6343958    6.62%
  94587 68732      146.1227    44      150.4694      140.5049  6359618    6.62%
  94846 68932      143.9866    42      150.4694      140.5055  6375758    6.62%
Elapsed time = 2024.46 sec. (1739283.24 ticks, tree = 522.51 MB, solutions = 8)
  95077 69114      149.1321    39      150.4694      140.5059  6394326    6.62%
  95355 69307      140.5096    58      150.4694      140.5068  6411217    6.62%
  95576 69479      146.1059    25      150.4694      140.5073  6427375    6.62%
  95825 69669      143.5141    48      150.4694      140.5082  6443666    6.62%
  96049 69816      144.3899    38      150.4694      140.5087  6459362    6.62%
  96273 69977      146.3224    44      150.4694      140.5092  6476856    6.62%
  96495 70146      148.8330    34      150.4694      140.5099  6491299    6.62%
  96683 70284      140.8410    39      150.4694      140.5106  6506331    6.62%
  96922 70442      143.3763    40      150.4694      140.5116  6522624    6.62%
  97123 70590      146.6055    38      150.4694      140.5125  6538003    6.62%
Elapsed time = 2071.27 sec. (1777571.29 ticks, tree = 524.44 MB, solutions = 8)
  97351 70728      140.9477    37      150.4694      140.5131  6553893    6.62%
  97583 70894      145.2050    36      150.4694      140.5140  6569101    6.62%
  97785 71031      140.7236    43      150.4694      140.5143  6585793    6.62%
  98034 71219      145.8038    32      150.4694      140.5147  6600863    6.62%
  98236 71345      150.3047    32      150.4694      140.5152  6616030    6.62%
  98491 71546      147.7924    26      150.4694      140.5160  6631483    6.61%
  98766 71738      140.5225    52      150.4694      140.5168  6647307    6.61%
  99015 71909      143.4952    46      150.4694      140.5174  6664623    6.61%
  99254 72090      143.1761    37      150.4694      140.5182  6680348    6.61%
  99491 72266      142.4886    33      150.4694      140.5188  6693920    6.61%
Elapsed time = 2118.42 sec. (1816131.11 ticks, tree = 526.38 MB, solutions = 8)
  99752 72454      144.5851    38      150.4694      140.5195  6711404    6.61%
  99964 72589      149.2832    40      150.4694      140.5201  6728544    6.61%
 100250 72803      142.2994    41      150.4694      140.5210  6744481    6.61%
 100488 72975      145.8266    42      150.4694      140.5216  6761630    6.61%
 100731 73153      141.8759    28      150.4694      140.5226  6776262    6.61%
 101018 73366      140.5285    51      150.4694      140.5231  6792163    6.61%
 101241 73539      141.7687    43      150.4694      140.5237  6809920    6.61%
 101453 73695        cutoff            150.4694      140.5241  6827573    6.61%
 101693 73873      142.1649    35      150.4694      140.5241  6845452    6.61%
 101907 74033      150.3433    16      150.4694      140.5241  6862484    6.61%
Elapsed time = 2164.83 sec. (1854437.10 ticks, tree = 528.11 MB, solutions = 8)
 102123 74193      140.9022    64      150.4694      140.5241  6879379    6.61%
 102338 74366      142.3281    43      150.4694      140.5241  6895224    6.61%
 102526 74471      140.9322    43      150.4694      140.5241  6911625    6.61%
 102712 74614      142.5376    46      150.4694      140.5241  6927276    6.61%
 102889 74744      143.0162    39      150.4694      140.5241  6944411    6.61%
 103084 74880      140.8877    40      150.4694      140.5241  6960340    6.61%
 103279 75023      146.6485    34      150.4694      140.5241  6977471    6.61%
 103441 75137      142.7824    35      150.4694      140.5241  6993853    6.61%
 103631 75273      150.1854    27      150.4694      140.5241  7009359    6.61%
 103799 75402      141.7149    36      150.4694      140.5241  7026198    6.61%
Elapsed time = 2203.49 sec. (1892908.20 ticks, tree = 529.21 MB, solutions = 8)
 103964 75519      148.4993    28      150.4694      140.5241  7043606    6.61%
 104167 75661      150.3462    19      150.4694      140.5241  7061340    6.61%
 104349 75785      141.4559    36      150.4694      140.5241  7079412    6.61%
 104491 75889      142.3812    47      150.4694      140.5242  7093199    6.61%
 104705 76029      140.8935    48      150.4694      140.5246  7110887    6.61%
 104936 76203      140.5542    55      150.4694      140.5251  7128624    6.61%
 105179 76379      143.1451    32      150.4694      140.5255  7146873    6.61%
 105455 76576      140.7552    50      150.4694      140.5260  7164718    6.61%
 105678 76722      140.6277    46      150.4694      140.5268  7182284    6.61%
 105945 76909      140.8559    46      150.4694      140.5277  7199239    6.61%
Elapsed time = 2245.19 sec. (1932575.83 ticks, tree = 530.49 MB, solutions = 8)
 106151 77061      141.3796    47      150.4694      140.5280  7214606    6.61%
 106337 77204      141.5793    45      150.4694      140.5285  7233124    6.61%
 106532 77328      145.8072    60      150.4694      140.5294  7251709    6.61%
 106809 77527      144.9526    35      150.4694      140.5300  7268336    6.61%
 107074 77715      143.3960    34      150.4694      140.5306  7286166    6.61%
 107304 77890      141.2420    44      150.4694      140.5310  7301296    6.60%
 107537 78038      140.8356    40      150.4694      140.5314  7317218    6.60%
 107693 78158      149.2821    34      150.4694      140.5314  7333772    6.60%
 107858 78280      140.6741    52      150.4694      140.5315  7351965    6.60%
 108097 78457      141.1925    49      150.4694      140.5323  7367435    6.60%
Elapsed time = 2288.85 sec. (1970885.13 ticks, tree = 532.33 MB, solutions = 8)
 108318 78614      141.9643    36      150.4694      140.5329  7383225    6.60%
 108563 78796      142.2738    40      150.4694      140.5338  7398313    6.60%
 108765 78936      144.2718    35      150.4694      140.5346  7414303    6.60%
 109007 79118      140.7631    44      150.4694      140.5354  7430763    6.60%
 109235 79277      147.6619    27      150.4694      140.5360  7448194    6.60%
 109506 79479      140.6219    53      150.4694      140.5363  7463808    6.60%
 109732 79633      140.5673    52      150.4694      140.5370  7480684    6.60%
 109950 79789      143.2247    70      150.4694      140.5374  7497048    6.60%
 110110 79919      140.7917    59      150.4694      140.5374  7511430    6.60%
 110259 80028      146.6191    30      150.4694      140.5381  7527049    6.60%
Elapsed time = 2333.11 sec. (2009233.11 ticks, tree = 534.14 MB, solutions = 8)
 110532 80217      140.9081    45      150.4694      140.5386  7545350    6.60%
 110799 80414      145.0968    37      150.4694      140.5393  7563315    6.60%
 110981 80555      141.4083    47      150.4694      140.5393  7577576    6.60%
 111189 80725      148.0010    29      150.4694      140.5396  7591876    6.60%
 111444 80899      140.7024    46      150.4694      140.5403  7609559    6.60%
 111718 81104      143.8937    41      150.4694      140.5410  7625514    6.60%
 111984 81293      142.1441    38      150.4694      140.5417  7642944    6.60%
 112252 81489      143.7563    30      150.4694      140.5424  7659717    6.60%
 112491 81653      149.7218    30      150.4694      140.5431  7675329    6.60%
 112790 81868      140.9106    45      150.4694      140.5439  7691986    6.60%
Elapsed time = 2385.23 sec. (2047802.47 ticks, tree = 536.24 MB, solutions = 8)
 113107 82113      148.6248    32      150.4694      140.5446  7708274    6.60%
 113266 82227      142.3356    70      150.4694      140.5450  7721767    6.60%
 113413 82336      140.5450    55      150.4694      140.5450  7734258    6.60%
 113603 82494      141.9410    72      150.4694      140.5451  7750900    6.60%
 113825 82647      146.8545    37      150.4694      140.5456  7767912    6.60%
 114159 82904      141.3814    46      150.4694      140.5462  7783736    6.59%
 114422 83095      140.5784    48      150.4694      140.5468  7799940    6.59%
 114689 83294      142.4898    28      150.4694      140.5476  7817297    6.59%
 114923 83462      149.0802    23      150.4694      140.5482  7834563    6.59%
 115183 83660      142.4622    39      150.4694      140.5485  7852785    6.59%
Elapsed time = 2432.35 sec. (2086053.21 ticks, tree = 537.99 MB, solutions = 8)
 115465 83851      141.8147    49      150.4694      140.5497  7869616    6.59%
 115648 83978      140.7395    36      150.4694      140.5506  7883654    6.59%
 115910 84171      143.1806    33      150.4694      140.5513  7900044    6.59%
 116129 84315      142.8105    38      150.4694      140.5518  7916289    6.59%
 116387 84485      140.7970    43      150.4694      140.5524  7932300    6.59%
 116630 84667      140.6529    46      150.4694      140.5531  7946937    6.59%
 116851 84821      140.5900    43      150.4694      140.5536  7963119    6.59%
 117057 84968      140.7451    34      150.4694      140.5543  7979949    6.59%
 117288 85157      149.4842    23      150.4694      140.5547  7994894    6.59%
 117464 85287      141.3941    64      150.4694      140.5551  8011614    6.59%
Elapsed time = 2482.81 sec. (2124578.17 ticks, tree = 539.48 MB, solutions = 8)
 117675 85437      149.6549    15      150.4694      140.5558  8026990    6.59%
 117928 85599      142.2493    36      150.4694      140.5570  8041027    6.59%
 118188 85791      144.2743    28      150.4694      140.5574  8057523    6.59%
 118442 85966      149.7693    18      150.4694      140.5583  8073334    6.59%
 118734 86179      141.4927    43      150.4694      140.5592  8088897    6.59%
 118997 86387      147.9758    17      150.4694      140.5597  8104798    6.59%
 119203 86524      142.4990    41      150.4694      140.5603  8121238    6.59%
 119460 86707      142.0301    58      150.4694      140.5613  8138235    6.58%
 119732 86903      147.0285    31      150.4694      140.5618  8154601    6.58%
 119976 87065      141.8267    39      150.4694      140.5625  8172549    6.58%
Elapsed time = 2533.23 sec. (2162843.43 ticks, tree = 541.21 MB, solutions = 8)
 120211 87222      142.7338    54      150.4694      140.5637  8189353    6.58%
 120475 87410      147.9611    28      150.4694      140.5645  8206105    6.58%
 120740 87598      140.6226    54      150.4694      140.5655  8221890    6.58%
 120990 87780      144.5218    32      150.4694      140.5659  8239776    6.58%
 121185 87938      143.6699    49      150.4694      140.5659  8256296    6.58%
 121358 88071      140.6158    46      150.4694      140.5659  8273391    6.58%
 121491 88174      140.7194    52      150.4694      140.5659  8284618    6.58%
 121736 88344      140.5728    59      150.4694      140.5664  8302299    6.58%
 121953 88511      146.3001    35      150.4694      140.5670  8321045    6.58%
 122229 88733      140.5941    48      150.4694      140.5679  8337445    6.58%
Elapsed time = 2578.69 sec. (2201346.49 ticks, tree = 543.26 MB, solutions = 8)
 122463 88931      143.3739    42      150.4694      140.5682  8353484    6.58%
 122663 89073      143.1275    36      150.4694      140.5688  8371832    6.58%
 122873 89229      141.0364    43      150.4694      140.5691  8387812    6.58%
 123106 89401      141.3284    36      150.4694      140.5696  8404561    6.58%
 123335 89579      148.8331    26      150.4694      140.5699  8421580    6.58%
 123539 89714      140.8654    53      150.4694      140.5701  8436365    6.58%
 123744 89867      144.1176    37      150.4694      140.5703  8453574    6.58%
 123961 90006      142.2388    34      150.4694      140.5707  8468196    6.58%
 124198 90169      142.7329    54      150.4694      140.5716  8485388    6.58%
 124406 90313      141.1243    35      150.4694      140.5721  8502249    6.58%
Elapsed time = 2625.97 sec. (2240170.68 ticks, tree = 544.97 MB, solutions = 8)
 124632 90487      147.8732    35      150.4694      140.5726  8519227    6.58%
 124822 90625      146.9664    34      150.4694      140.5729  8537047    6.58%
 125051 90771      143.1256    43      150.4694      140.5734  8552538    6.58%
 125262 90925      142.1294    47      150.4694      140.5741  8569448    6.58%
 125424 91039      140.6131    67      150.4694      140.5741  8583849    6.58%
 125646 91208      140.6502    46      150.4694      140.5742  8601713    6.58%
 125813 91347      144.4550    42      150.4694      140.5743  8618375    6.58%
 126022 91486      149.9142    26      150.4694      140.5747  8635478    6.58%
 126262 91635      141.8434    45      150.4694      140.5753  8653821    6.58%
 126509 91793      148.8767    27      150.4694      140.5758  8671072    6.58%
Elapsed time = 2673.16 sec. (2278478.79 ticks, tree = 546.50 MB, solutions = 8)
 126746 91968      146.8716    37      150.4694      140.5761  8687172    6.57%
 126906 92084      149.0370    42      150.4694      140.5761  8702475    6.57%
 127140 92259      140.6151    55      150.4694      140.5765  8718522    6.57%
 127330 92392      141.7015    40      150.4694      140.5769  8736628    6.57%
 127585 92594      149.5734    26      150.4694      140.5771  8754364    6.57%
 127821 92780      150.1822    30      150.4694      140.5772  8771331    6.57%
 128056 92944      142.2199    44      150.4694      140.5779  8789795    6.57%
 128341 93151      147.3484    33      150.4694      140.5782  8806613    6.57%
 128491 93260      143.3943    33      150.4694      140.5782  8820011    6.57%
 128688 93404      148.0695    41      150.4694      140.5783  8837114    6.57%
Elapsed time = 2719.31 sec. (2317031.36 ticks, tree = 548.30 MB, solutions = 8)
 128944 93588      141.7439    31      150.4694      140.5790  8853220    6.57%
 129176 93747      145.4178    33      150.4694      140.5794  8870717    6.57%
 129402 93897      142.5070    33      150.4694      140.5797  8887798    6.57%
 129590 94016      147.8644    34      150.4694      140.5800  8901773    6.57%
 129830 94178      144.4213    35      150.4694      140.5806  8918681    6.57%
 130106 94383      142.8050    27      150.4694      140.5810  8935776    6.57%
 130301 94515      148.3301    32      150.4694      140.5810  8953438    6.57%
 130539 94681      150.2738    32      150.4694      140.5811  8971001    6.57%
 130754 94835      142.3505    41      150.4694      140.5814  8986374    6.57%
 130984 95013      144.3864    35      150.4694      140.5814  9000659    6.57%
Elapsed time = 2766.73 sec. (2355309.56 ticks, tree = 550.10 MB, solutions = 8)
 131195 95170      141.8627    42      150.4694      140.5817  9018853    6.57%
 131401 95339      148.7858    38      150.4694      140.5818  9033910    6.57%
 131596 95478      149.8454    30      150.4694      140.5822  9051097    6.57%
 131784 95600      147.3280    39      150.4694      140.5825  9067436    6.57%
 132009 95757      143.8849    47      150.4694      140.5830  9082868    6.57%
 132250 95928      140.6672    49      150.4694      140.5832  9099616    6.57%
 132461 96077      145.9596    37      150.4694      140.5838  9115733    6.57%
 132668 96239      148.6978    30      150.4694      140.5842  9129572    6.57%
 132960 96452      145.3586    44      150.4694      140.5847  9145310    6.57%
 133201 96608      140.6209    58      150.4694      140.5850  9161801    6.57%
Elapsed time = 2812.72 sec. (2393703.44 ticks, tree = 551.94 MB, solutions = 8)
 133459 96787      140.6780    54      150.4694      140.5854  9177306    6.57%
 133648 96923      144.7123    33      150.4694      140.5859  9191341    6.57%
 133874 97085      144.9751    61      150.4694      140.5862  9209931    6.57%
 134094 97243      142.5142    42      150.4694      140.5867  9226565    6.57%
 134324 97406      140.9680    44      150.4694      140.5870  9243263    6.57%
 134510 97546      140.6831    68      150.4694      140.5872  9255640    6.57%
 134711 97683      144.0033    39      150.4694      140.5873  9274066    6.57%
 134950 97851      140.8631    53      150.4694      140.5875  9292139    6.57%
 135227 98031      148.1917    17      150.4694      140.5881  9308026    6.57%
 135477 98205      149.9058    18      150.4694      140.5883  9325516    6.57%
Elapsed time = 2860.22 sec. (2431986.44 ticks, tree = 553.68 MB, solutions = 8)
 135712 98363        cutoff            150.4694      140.5887  9340992    6.57%
 135963 98540      148.5362    30      150.4694      140.5891  9358722    6.57%
 136180 98680      140.6413    44      150.4694      140.5896  9376321    6.57%
 136393 98826      149.0685    28      150.4694      140.5900  9394227    6.57%
 136650 98993      143.3437    51      150.4694      140.5905  9411651    6.57%
 136839 99132      140.6780    56      150.4694      140.5910  9430003    6.57%
 137043 99289      147.3916    40      150.4694      140.5912  9445883    6.56%
 137210 99403      144.5095    44      150.4694      140.5913  9462615    6.56%
 137411 99541      141.9266    35      150.4694      140.5917  9480742    6.56%
 137563 99634      147.8861    33      150.4694      140.5920  9495594    6.56%
Elapsed time = 2907.30 sec. (2470322.04 ticks, tree = 555.08 MB, solutions = 8)
 137826 99832        cutoff            150.4694      140.5924  9510739    6.56%
 138000 99959      144.6982    37      150.4694      140.5927  9528987    6.56%
 138236 100127      148.3357    31      150.4694      140.5931  9545135    6.56%
 138472 100292      147.1535    32      150.4694      140.5933  9560819    6.56%
 138686 100449      149.4605    29      150.4694      140.5935  9573838    6.56%
 138932 100627      141.2254    46      150.4694      140.5938  9589146    6.56%
 139164 100781      147.1072    35      150.4694      140.5941  9606105    6.56%
 139420 100958      144.3072    30      150.4694      140.5944  9621918    6.56%
 139636 101118      142.2795    39      150.4694      140.5947  9640892    6.56%
 139892 101301        cutoff            150.4694      140.5950  9656728    6.56%
Elapsed time = 2954.13 sec. (2508630.34 ticks, tree = 557.01 MB, solutions = 8)
 140144 101483      140.9375    43      150.4694      140.5951  9673530    6.56%
 140385 101656      140.9085    44      150.4694      140.5956  9689600    6.56%
 140593 101810      140.5966    62      150.4694      140.5960  9703665    6.56%
 140875 102037      149.5614    32      150.4694      140.5963  9720601    6.56%
 141106 102196      144.8678    39      150.4694      140.5967  9739170    6.56%
 141351 102375      142.0840    37      150.4694      140.5970  9756772    6.56%
 141634 102587      149.7024    33      150.4694      140.5973  9772560    6.56%
 141846 102730      142.5801    34      150.4694      140.5976  9790008    6.56%
 142112 102919      146.6779    30      150.4694      140.5980  9807419    6.56%
 142359 103083      140.6163    68      150.4694      140.5984  9824832    6.56%
Elapsed time = 3002.47 sec. (2546953.79 ticks, tree = 559.15 MB, solutions = 8)
 142491 103178      142.8846    36      150.4694      140.5986  9835385    6.56%
 142759 103369      144.5875    45      150.4694      140.5991  9854240    6.56%
 143035 103558      148.2162    30      150.4694      140.5993  9869816    6.56%
 143280 103731      140.7092    40      150.4694      140.5999  9888325    6.56%
 143521 103910      145.3321    25      150.4694      140.6003  9905214    6.56%
 143759 104079      146.7036    32      150.4694      140.6007  9920990    6.56%
 144040 104291      141.9577    37      150.4694      140.6010  9936459    6.56%
 144266 104457      143.3437    38      150.4694      140.6012  9952304    6.56%
 144482 104612      141.5710    34      150.4694      140.6016  9969644    6.56%
 144666 104747      143.0039    35      150.4694      140.6019  9985902    6.56%
Elapsed time = 3050.38 sec. (2586124.00 ticks, tree = 561.25 MB, solutions = 8)
 144900 104910      148.0096    41      150.4694      140.6020 10002946    6.56%
 145104 105049      140.9072    48      150.4694      140.6022 10019473    6.56%
 145324 105198      146.5430    37      150.4694      140.6026 10036895    6.56%
 145598 105386      148.4174    31      150.4694      140.6029 10051390    6.56%
 145812 105533      147.6821    28      150.4694      140.6033 10068640    6.56%
 146079 105716      150.0898    29      150.4694      140.6036 10084830    6.56%
 146292 105858      150.3324    31      150.4694      140.6042 10101242    6.56%
 146491 105993      142.2215    39      150.4694      140.6048 10118780    6.56%
 146734 106163      141.0252    52      150.4694      140.6052 10136823    6.56%
 146954 106326      140.6855    45      150.4694      140.6057 10153104    6.56%
Elapsed time = 3099.16 sec. (2625572.97 ticks, tree = 563.18 MB, solutions = 8)
 147182 106486      140.6060    43      150.4694      140.6061 10170182    6.56%
 147405 106655      149.7665    40      150.4694      140.6061 10186503    6.56%
 147597 106790      143.3231    44      150.4694      140.6063 10201646    6.55%
 147854 106964      145.7831    48      150.4694      140.6069 10218542    6.55%
 148131 107170      142.1872    33      150.4694      140.6073 10235054    6.55%
 148333 107300      143.1745    31      150.4694      140.6076 10253552    6.55%
 148564 107447      141.2303    43      150.4694      140.6079 10271227    6.55%
 148793 107617      142.3902    31      150.4694      140.6081 10287448    6.55%
 149048 107793      145.9802    38      150.4694      140.6087 10305436    6.55%
 149291 107951      150.4033    30      150.4694      140.6091 10322261    6.55%
Elapsed time = 3143.90 sec. (2663906.51 ticks, tree = 565.06 MB, solutions = 8)
 149535 108122      147.0415    26      150.4694      140.6094 10339177    6.55%
 149770 108279      146.8006    37      150.4694      140.6095 10357546    6.55%
 150023 108460        cutoff            150.4694      140.6100 10374429    6.55%
 150278 108641      148.5713    35      150.4694      140.6102 10391171    6.55%
*150491+107980                          150.3980      140.6103             6.51%
 150491 107982      146.3085    33      150.3980      140.6103 10407211    6.51%
 150709 108129      149.4642    33      150.3980      140.6108 10424182    6.51%
 150925 108287      140.9332    43      150.3980      140.6109 10441602    6.51%
 151160 108454      142.2475    41      150.3980      140.6112 10457668    6.51%
 151381 108618      141.9880    46      150.3980      140.6114 10473592    6.51%
 151591 108760      146.1995    24      150.3980      140.6118 10490489    6.51%
Elapsed time = 3182.73 sec. (2702361.27 ticks, tree = 564.90 MB, solutions = 9)
 151824 108928      140.7217    60      150.3980      140.6120 10507051    6.51%
 152052 109101      140.6122    39      150.3980      140.6122 10522817    6.51%
 152291 109270      146.6488    32      150.3980      140.6125 10539211    6.51%
 152514 109425        cutoff            150.3980      140.6128 10554935    6.51%
 152731 109570      140.8974    45      150.3980      140.6133 10570155    6.51%
 152996 109758      147.4050    19      150.3980      140.6134 10586857    6.51%
 153231 109927      146.5873    24      150.3980      140.6137 10603984    6.51%
 153484 110116      142.2691    38      150.3980      140.6142 10620603    6.51%
 153719 110282      140.7734    49      150.3980      140.6144 10638265    6.51%
 153978 110466      140.7334    39      150.3980      140.6148 10656121    6.50%
Elapsed time = 3226.51 sec. (2740594.19 ticks, tree = 566.66 MB, solutions = 9)
 154242 110655      140.6155    46      150.3980      140.6154 10673017    6.50%
 154489 110855      146.0130    43      150.3980      140.6157 10689624    6.50%
 154701 110995      140.6194    42      150.3980      140.6160 10708278    6.50%
 154791 111056      140.6234    47      150.3980      140.6161 10717340    6.50%
 154972 111180      141.7406    45      150.3980      140.6161 10730075    6.50%
*155191+107112                          149.6703      140.6162             6.05%
*155191+102192                          148.8887      140.6162             5.56%
 155191 102194      148.7738    15      148.8887      140.6162 10742385    5.56%
 155291 102265      140.6164    63      148.8887      140.6163 10749084    5.56%
 155391 102335      146.8775    27      148.8887      140.6165 10755848    5.56%
*155491+101285                          148.7277      140.6165             5.45%
 155551 101327      145.6855    37      148.7277      140.6165 10766094    5.45%
 155591 101356      141.3311    45      148.7277      140.6165 10768928    5.45%
Elapsed time = 3281.75 sec. (2791971.13 ticks, tree = 522.30 MB, solutions = 12)
 155691 101422      140.6427    47      148.7277      140.6166 10776750    5.45%
 155864 101546      147.1207    22      148.7277      140.6167 10791673    5.45%
 155891 101559      143.2402    49      148.7277      140.6168 10793754    5.45%
 155991 101614      147.4672    33      148.7277      140.6169 10801196    5.45%
 156091 101670      140.8559    40      148.7277      140.6171 10808904    5.45%
 156191 101737      141.1002    39      148.7277      140.6174 10818050    5.45%
 156291 101806      142.1286    40      148.7277      140.6176 10828632    5.45%
*156391+100929                          148.5770      140.6178             5.36%
 156391 100931      148.0416    27      148.5770      140.6178 10834332    5.36%
 156491 100990      141.1065    42      148.5770      140.6179 10841464    5.36%
 156591 101055      141.1025    54      148.5770      140.6182 10847747    5.36%
Elapsed time = 3343.15 sec. (2849418.20 ticks, tree = 519.67 MB, solutions = 13)
 156691 101125      140.6300    44      148.5770      140.6183 10856118    5.36%
*156791+101057                          148.5550      140.6184             5.34%
 156791 101059      142.6008    37      148.5550      140.6184 10863303    5.34%
 156891 101127      143.7831    30      148.5550      140.6187 10868823    5.34%
*156991+98150                          148.3242      140.6188             5.19%
 156991 98152      142.2034    62      148.3242      140.6188 10875383    5.19%
 157091 98212      140.9648    44      148.3242      140.6189 10882426    5.19%
 157291 98335      144.8399    44      148.3242      140.6194 10898201    5.19%
 157391 98399      142.3678    29      148.3242      140.6194 10906726    5.19%
*157591+98535                          148.3239      140.6198             5.19%
 157591 98537      144.4951    32      148.3239      140.6198 10920975    5.19%
 157691 98598      141.2718    56      148.3239      140.6200 10930562    5.19%
 157885 98708      145.8900    44      148.3239      140.6206 10946235    5.19%
Elapsed time = 3423.25 sec. (2927090.09 ticks, tree = 502.64 MB, solutions = 16)
 158004 98786      141.6202    31      148.3239      140.6209 10953915    5.19%
 158091 98838      140.8403    39      148.3239      140.6212 10961276    5.19%
 158191 98900      142.1781    37      148.3239      140.6212 10972027    5.19%
 158291 98962      141.0785    45      148.3239      140.6212 10980539    5.19%
 158391 99033      140.6212    38      148.3239      140.6212 10988193    5.19%
 158491 99104      146.9762    28      148.3239      140.6212 10995676    5.19%
 158591 99165      146.9719    28      148.3239      140.6212 11007044    5.19%
 158691 99235      141.1561    52      148.3239      140.6212 11015992    5.19%
 158791 99311      144.4241    30      148.3239      140.6213 11023490    5.19%
 158891 99367      142.1052    39      148.3239      140.6214 11032332    5.19%
Elapsed time = 3504.22 sec. (3001546.51 ticks, tree = 503.47 MB, solutions = 16)
 158991 99427      146.9861    34      148.3239      140.6215 11040433    5.19%
 159091 99472      144.8697    45      148.3239      140.6217 11048338    5.19%
 159191 99531      143.5627    36      148.3239      140.6219 11056642    5.19%
 159309 99617      142.3983    32      148.3239      140.6221 11064480    5.19%
 159491 99735      140.7047    44      148.3239      140.6225 11075857    5.19%
 159691 99860      140.6526    45      148.3239      140.6229 11088779    5.19%
 159805 99934      140.8249    51      148.3239      140.6232 11097826    5.19%
 159891 99994      143.0361    38      148.3239      140.6232 11106733    5.19%
 159991 100059      140.7132    50      148.3239      140.6234 11114358    5.19%
 160191 100205      141.0927    46      148.3239      140.6237 11127929    5.19%
Elapsed time = 3568.88 sec. (3059610.62 ticks, tree = 504.42 MB, solutions = 16)
 160291 100271      146.6796    36      148.3239      140.6240 11135184    5.19%
 160391 100344      140.6726    36      148.3239      140.6241 11139908    5.19%
 160591 100482      142.5466    34      148.3239      140.6245 11153321    5.19%
 160791 100599      140.7079    51      148.3239      140.6249 11170647    5.19%

GUB cover cuts applied:  23
Clique cuts applied:  1
Cover cuts applied:  24
Implied bound cuts applied:  25
Flow cuts applied:  8
Mixed integer rounding cuts applied:  240
Zero-half cuts applied:  2
Gomory fractional cuts applied:  2

Root node processing (before b&c):
  Real time             =    3.07 sec. (2919.59 ticks)
Sequential b&c:
  Real time             = 3596.93 sec. (3084316.66 ticks)
                          ------------
Total (root+branch&cut) = 3600.00 sec. (3087236.25 ticks)
