Version identifier: 22.1.0.0 | 2022-03-09 | 1a383f8ce
CPXPARAM_Read_DataCheck                          1
CPXPARAM_Threads                                 1
CPXPARAM_TimeLimit                               3600
Tried aggregator 2 times.
MIP Presolve eliminated 7090 rows and 238 columns.
MIP Presolve modified 104522 coefficients.
Aggregator did 363 substitutions.
Reduced MIP has 23538 rows, 1619 columns, and 194254 nonzeros.
Reduced MIP has 1202 binaries, 0 generals, 0 SOSs, and 0 indicators.
Presolve time = 0.49 sec. (321.62 ticks)
Probing time = 0.01 sec. (8.03 ticks)
Tried aggregator 1 time.
Detecting symmetries...
Reduced MIP has 23538 rows, 1619 columns, and 194254 nonzeros.
Reduced MIP has 1202 binaries, 0 generals, 0 SOSs, and 0 indicators.
Presolve time = 0.15 sec. (79.92 ticks)
Probing time = 0.01 sec. (8.10 ticks)
Clique table members: 371.
MIP emphasis: balance optimality and feasibility.
MIP search method: dynamic search.
Parallel mode: none, using 1 thread.
Root relaxation solution time = 0.10 sec. (94.67 ticks)

        Nodes                                         Cuts/
   Node  Left     Objective  IInf  Best Integer    Best Bound    ItCnt     Gap

      0     0      677.3545   265                    677.3545      693         
      0     0      677.3545    92                  Cuts: 1098     1210         
      0     0      677.3545   111                   Cuts: 684     1617         
      0     0      677.3545   132                   Cuts: 283     2179         
Detecting symmetries...
      0     2      677.3545   101                    677.3545     2179         
Elapsed time = 13.59 sec. (8739.36 ticks, tree = 0.01 MB, solutions = 0)
      4     6      677.3545   114                    677.3545     2893         
      9    11      696.4472   118                    677.3545     3896         
     13    15      677.3545   111                    677.3545     4556         
     17    19      706.8668   113                    677.3545     5535         
     21    23      761.2289   114                    677.3545     6165         
     26    28      677.3545   111                    677.3545     6972         
     30    32      677.3545   108                    677.3545     7424         
     33    35      711.3294   110                    677.3545     8448         
     37    39      677.3545   110                    677.3545     8993         
     50    52      734.8804   115                    677.3545    12806         
Elapsed time = 19.02 sec. (13245.81 ticks, tree = 1.47 MB, solutions = 0)
     60    60      677.3545   104                    677.3545    16203         
     66    66      677.3597    99                    677.3545    18776         
     75    75      721.1375    99                    677.3545    21152         
     80    80      769.7517   105                    677.3545    23022         
     89    89      677.3636    88                    677.3545    26000         
    108   106      722.4414   101                    677.3545    28827         
    127   125      683.1941    77                    677.3545    32418         
    140   138      764.1703    96                    677.3545    35343         
    147   145      678.5401    71                    677.3545    38345         
    163   161      701.9819    83                    677.3545    40503         
Elapsed time = 38.63 sec. (25034.18 ticks, tree = 5.94 MB, solutions = 0)
    174   172      810.6209    93                    677.3545    44033         
    180   178      677.7292    85                    677.3545    45297         
    192   190      680.8344    69                    677.3545    47221         
    203   201      714.0716    65                    677.3545    49982         
    218   216      735.3988    74                    677.3545    53947         
    228   226      715.3929    69                    677.3545    56310         
    242   238      733.0983    49                    677.3545    59532         
    280   272      739.7555    37                    677.3545    61709         
    332   320    infeasible                          677.3545    63113         
    359   340      831.9084   121                    677.3597    66101         
Elapsed time = 56.06 sec. (36263.95 ticks, tree = 7.69 MB, solutions = 0)
    367   348      693.9599   115                    677.3597    66983         
    393   374      693.9599   109                    677.3597    71215         
    408   389      712.7761    96                    677.3618    73416         
    446   421      846.6953    83                    677.3618    76070         
    488   453      716.0028    83                    677.3618    80883         
    504   463    infeasible                          677.3618    84265         
    513   466      795.9391    89                    677.3618    86497         
    526   473      729.6663    81                    677.3636    90568         
    550   493      737.9414    87                    677.3636    94699         
    568   511      730.4950    70                    677.3636    97708         
Elapsed time = 68.53 sec. (46345.29 ticks, tree = 8.30 MB, solutions = 0)
    585   528      840.6737    79                    677.3636   101479         
    597   540      732.5378    66                    677.3636   104988         
    610   553      745.9519    67                    677.3636   107515         
    631   568      823.0937    41                    677.3636   110669         
    676   599    infeasible                          677.3636   112309         
    690   605      732.5351    99                    677.3636   115710         
    695   604      696.3541    94                    677.3636   118855         
    700   609      760.8917    97                    677.3636   121289         
    714   621      844.4882    68                    677.3636   124358         
    720   621      683.5350   107                    677.3636   129118         
Elapsed time = 81.25 sec. (57010.41 ticks, tree = 8.34 MB, solutions = 0)
    761   654      835.2515    80                    677.3636   132223         
    775   662      763.0521    90                    677.3774   136211         
    791   676      788.3410    80                    677.3774   139252         
    800   685      796.9810    82                    677.3774   140690         
    809   692      766.1912    85                    677.3774   144123         
    830   713      764.3191    71                    677.3774   147532         
    844   727      809.6566    74                    677.3774   151040         
    875   752      687.1897   129                    677.3824   154010         
    889   762      678.0422   129                    677.3967   156825         
    914   787      742.3511    74                    677.3967   159995         
Elapsed time = 98.54 sec. (67038.12 ticks, tree = 8.75 MB, solutions = 0)
    927   800      690.5457    71                    677.3967   162980         
    946   817      694.6755    72                    677.3967   165930         
    953   822    infeasible                          677.3967   169127         
    962   829      709.7898    68                    677.3967   171446         
    985   852      740.6327    61                    677.3967   174823         
   1020   883    infeasible                          677.3967   177574         
   1038   897      725.9440   116                    677.4275   180871         
   1081   938      730.9252    76                    677.4275   183036         
   1116   973      785.8031    51                    677.4275   185992         
   1168  1013      802.7316    20                    677.4275   188385         
Elapsed time = 113.19 sec. (77133.44 ticks, tree = 9.56 MB, solutions = 0)
   1188  1019      681.0378    86                    677.4275   191173         
   1200  1031      701.7965    99                    677.4275   192159         
   1226  1053      688.9750    75                    677.4275   194915         
   1252  1075      760.4443    71                    677.4275   197916         
   1272  1095      708.1682    60                    677.4275   200817         
   1304  1123      754.5359    37                    677.4275   203531         
   1331  1144    infeasible                          677.4275   206475         
   1355  1164    infeasible                          677.4275   209576         
   1378  1185      678.2338   101                    677.4558   210513         
   1449  1252      769.3091    43                    677.4558   212507         
Elapsed time = 127.23 sec. (88132.77 ticks, tree = 10.45 MB, solutions = 0)
   1489  1278      681.3443   108                    677.5358   214574         
   1516  1301      686.3694    66                    677.5358   217452         
   1552  1337      742.7494    56                    677.5358   220265         
   1592  1371      736.5881    52                    677.5358   222619         
   1638  1407      678.2092   126                    677.6183   225273         
   1705  1470      704.8062    58                    677.6183   227120         
   1726  1487      678.2795   104                    677.6183   229596         
   1758  1515      680.3568    75                    677.6183   231991         
   1787  1544      693.2934    65                    677.6183   234725         
   1824  1579      734.0555    40                    677.6183   237173         
Elapsed time = 140.11 sec. (98246.93 ticks, tree = 11.43 MB, solutions = 0)
   1862  1609    infeasible                          677.6183   239963         
   1867  1608      682.6364   104                    677.6183   243529         
   1898  1637      699.0380    86                    677.6183   245917         
   1915  1648      713.5283   115                    677.6510   248640         
   1958  1689      779.7669    66                    677.6510   251050         

Performing restart 1

Repeating presolve.
Tried aggregator 1 time.
Reduced MIP has 23538 rows, 1619 columns, and 194254 nonzeros.
Reduced MIP has 1202 binaries, 0 generals, 0 SOSs, and 0 indicators.
Presolve time = 0.15 sec. (62.74 ticks)
Tried aggregator 1 time.
Reduced MIP has 23538 rows, 1619 columns, and 194254 nonzeros.
Reduced MIP has 1202 binaries, 0 generals, 0 SOSs, and 0 indicators.
Presolve time = 0.26 sec. (81.57 ticks)
Represolve time = 0.82 sec. (274.89 ticks)
   1964     0      677.5855   233                  Cuts: 1873   255046         
   1964     0      677.7333   213                  Cuts: 2377   255668         
   1964     0      677.8356   278                  Cuts: 3724   256445         
   1964     0      678.1324   259                  Cuts: 2275   257609         
   1964     0      678.3391   297                  Cuts: 2974   258776         
   1964     0      678.7550   233                  Cuts: 5018   259566         
   1964     0      678.9121   301                  Cuts: 3451   260231         
   1964     0      679.0141   325                   Cuts: 745   260677         
   1964     0      679.0864   333                  Cuts: 3551   260996         
   1964     0      679.1830   380                  Cuts: 4636   261384         
   1964     0      679.2856   309                  Cuts: 2325   261860         
   1964     0      679.3891   348                  Cuts: 5984   262121         
   1964     0      679.5542   380                  Cuts: 1030   262573         
   1964     0      679.6774   353                  Cuts: 3667   262945         
   1964     0      679.7469   336                  Cuts: 3898   263453         
   1964     0      679.7713   378                  Cuts: 3226   263765         
   1964     0      679.8025   297                  Cuts: 1454   264126         
   1964     0      679.8150   292                  Cuts: 5298   264610         
   1964     0      679.8242   295                   Cuts: 365   264785         
   1964     0      679.8242   294                  Cuts: 5984   264903         
   1964     2      679.8242   269                    679.8265   264903         
   1965     3      679.8285   268                    679.8301   264912         
   1966     4      688.5867   186                    679.8301   266378         
   1967     5      688.5867   185                    679.8301   266381         
   1969     7      731.1189   156                    679.8301   267847         
Elapsed time = 337.57 sec. (200676.88 ticks, tree = 0.03 MB, solutions = 0)
   1971     9      764.6204   123                    679.8301   274014         
   1988    26      800.4441   133                    679.8301   274856         
   2014    51      826.7369    89                    679.8301   275905         
   2036    67      827.9219   106                    679.8301   278545         
   2044    74      828.0050    79                    679.8301   279115         
   2057    87      903.5973    72                    679.8301   281517         
   2074   104      862.4787    69                    679.8301   284355         
   2092   122      896.5814    66                    679.8301   288036         
   2145   168      903.4035    42                    679.8301   291649         
   2177   192      679.8456   283                    679.8456   294090         
Elapsed time = 397.14 sec. (252781.99 ticks, tree = 11.41 MB, solutions = 0)
   2183   198      796.0716   174                    679.8456   297951         
   2193   206      908.2437    97                    679.8456   300399         
   2220   231      908.7122    93                    679.8456   304817         
   2247   258      910.5018    82                    679.8456   310410         
   2258   269      938.4228    73                    679.8456   312490         
   2325   323    infeasible                          679.8456   317197         
   2329   325      753.5010   104                    679.8460   320633         
   2334   330      777.2420   106                    679.8460   324121         
   2339   335      794.0071   123                    679.8460   327591         
   2346   342      818.5523   124                    679.8460   330532         
Elapsed time = 452.80 sec. (300333.88 ticks, tree = 16.03 MB, solutions = 0)
   2377   373      681.4387   198                    679.8588   334982         
   2420   416      751.9335    84                    679.8588   340117         
   2458   450      757.9938   167                    679.8707   345769         
   2465   457      762.8483   141                    679.8707   351325         
   2494   484      780.7846    90                    679.8707   357301         
   2542   532      790.6145    67                    679.8707   363453         
   2576   556      701.0314   229                    679.9002   372166         
   2581   561      705.0963   108                    679.9002   375090         
   2607   583      774.8537   111                    679.9002   379035         
   2644   614      738.6299   218                    679.9049   389568         
Elapsed time = 532.75 sec. (348933.71 ticks, tree = 17.76 MB, solutions = 0)
   2651   621      767.7033   120                    679.9049   394031         
   2673   643      777.5733    87                    679.9049   399059         
   2717   687      806.5887    64                    679.9049   405818         
   2764   730      692.1441    98                    679.9808   408435         
   2815   777      774.3547    93                    679.9829   415026         
   2875   829      686.7690    97                    679.9871   421734         
   2945   887      688.0898   101                    680.0066   428506         

Performing restart 2

Repeating presolve.
Tried aggregator 1 time.
MIP Presolve modified 70 coefficients.
Reduced MIP has 23538 rows, 1619 columns, and 201433 nonzeros.
Reduced MIP has 1202 binaries, 0 generals, 0 SOSs, and 0 indicators.
Presolve time = 0.16 sec. (115.98 ticks)
Tried aggregator 1 time.
Reduced MIP has 23538 rows, 1619 columns, and 201433 nonzeros.
Reduced MIP has 1202 binaries, 0 generals, 0 SOSs, and 0 indicators.
Presolve time = 0.16 sec. (88.08 ticks)
Represolve time = 0.82 sec. (454.58 ticks)
   2946     0      679.8242   302                  Cuts: 5984   432077         
   2946     0      679.8299   354                  Cuts: 4110   432380         
   2946     0      679.8402   380                  Cuts: 2935   432619         
   2946     0      679.8438   323                  Cuts: 3352   432861         
   2946     0      679.8438   330                  Cuts: 5984   432993         
   2946     0      679.8462   317                  Cuts: 1787   433215         
   2946     0      679.8511   314                  Cuts: 5838   433366         
   2946     0      679.8551   323                  Cuts: 3180   433547         
   2946     0      679.8560   303                   Cuts: 853   433714         
   2946     0      679.8560   301                  Cuts: 5984   433800         
   2946     2      679.8560   263                    680.0066   433800         
   2947     3      679.8563   262                    680.0066   433802         
   2948     4      679.8716   280                    680.0066   433903         
Elapsed time = 769.21 sec. (516427.48 ticks, tree = 0.01 MB, solutions = 0)
   2950     6      724.8597   209                    680.0066   436738         
   2951     7      724.8597   206                    680.0066   436739         
   2953     8      793.8956   134                    680.0066   449990         
   2961    16      802.8270   127                    680.0066   451227         
   2966    21      861.4085   110                    680.0066   454408         
   2980    35      803.2922   114                    680.0066   458376         
   2990    45      830.4537   105                    680.0066   462452         
   3001    55      803.4089    96                    680.0066   466431         
   3019    73      817.9708    83                    680.0066   469362         
   3045    99      830.7777    62                    680.0066   473610         
Elapsed time = 821.66 sec. (572839.16 ticks, tree = 0.91 MB, solutions = 0)
   3060   110      687.5941   231                    680.0066   477831         
   3068   118      789.5095   113                    680.0066   481089         
   3086   136      795.8597    98                    680.0066   484355         
   3094   143      805.5197    85                    680.0066   486702         
   3106   155      818.2345    84                    680.0066   489851         
   3153   198      936.0221    54                    680.0066   495518         
   3164   201      687.4115   110                    680.0066   501315         
   3171   208      707.9032   108                    680.0066   505241         
   3178   215      712.3831    91                    680.0066   508061         
   3180   217      712.3831    90                    680.0066   510440         
Elapsed time = 885.63 sec. (623128.21 ticks, tree = 1.33 MB, solutions = 0)
   3199   236      716.9627    94                    680.0066   514711         
   3209   246      763.3370    91                    680.0066   517506         
   3225   262      730.0699   106                    680.0066   519644         
   3260   297      754.6889    63                    680.0066   525380         
   3306   339      789.0896    47                    680.0066   530421         
   3353   363      696.9111    88                    680.0066   537627         
   3364   374      718.3052   100                    680.0066   542232         
   3394   398      684.2539   213                    680.0074   547198         
   3410   414      770.7951    94                    680.0074   551220         
   3419   423      776.9087    86                    680.0074   555460         
Elapsed time = 924.66 sec. (665858.15 ticks, tree = 2.06 MB, solutions = 0)
   3426   430      812.8171    86                    680.0074   558769         
   3458   454      681.9336   189                    680.1849   564230         
   3464   460      705.2682   100                    680.1849   569662         
   3506   502      734.3909    82                    680.1849   574710         
   3532   528      746.8494    53                    680.1849   580506         
   3560   553      681.4548   271                    680.2093   585284         
   3568   561      760.6034   117                    680.2093   589760         
   3591   584      773.3272   109                    680.2093   594545         
   3622   612      681.0703   157                    680.2120   600517         
   3690   679      749.1416    53                    680.2120   606828         
Elapsed time = 967.86 sec. (707361.67 ticks, tree = 2.99 MB, solutions = 0)
   3717   702      769.2858    93                    680.2281   613756         
   3768   753      817.3743    69                    680.2281   620405         
   3795   775      761.5412   156                    680.2410   628351         
   3859   835      917.9857    58                    680.2410   634096         
   3897   862      740.0498    83                    680.2632   640466         
   3939   902      825.6565    60                    680.2632   647525         
*  4004   925      integral     0      910.7170      680.2632   653389   25.30%
   4027   946      833.9028   105      910.7170      680.2641   660214   25.30%
   4071   984      737.9493   123      910.7170      680.2648   665406   25.30%
   4122  1029      699.6361    98      910.7170      680.2653   671598   25.30%
Elapsed time = 1010.89 sec. (746343.74 ticks, tree = 4.26 MB, solutions = 1)
   4167  1064      746.6064   161      910.7170      680.2737   683480   25.30%
   4202  1095      725.1849   104      910.7170      680.2802   689432   25.30%
   4237  1130      738.3269    98      910.7170      680.2802   696345   25.30%
   4296  1189      767.7617    62      910.7170      680.2802   703943   25.30%
   4357  1239      751.1066   163      910.7170      680.3433   712815   25.30%
   4385  1264      905.6017    60      910.7170      680.3433   720090   25.30%
   4435  1304      889.3240    72      910.7170      680.4165   728336   25.29%
   4486  1344      820.7946    72      910.7170      680.4523   734802   25.28%
   4540  1393      740.7910   145      910.7170      680.7647   740045   25.25%
   4564  1412      699.2161   105      910.7170      680.8325   746874   25.24%
Elapsed time = 1059.67 sec. (788216.83 ticks, tree = 5.61 MB, solutions = 1)
   4591  1439      833.4445   110      910.7170      680.8325   753799   25.24%
   4623  1471      757.1816    68      910.7170      680.8325   761266   25.24%
   4661  1509      797.8039    52      910.7170      680.8325   770217   25.24%
   4710  1548      740.6492   106      910.7170      680.8334   779527   25.24%
   4753  1587      770.5738   117      910.7170      680.8528   788541   25.24%
   4828  1648      709.0707    94      910.7170      680.8951   796531   25.24%
   4883  1703      796.5624    59      910.7170      680.8951   803615   25.24%
   4917  1723      697.5107   101      910.7170      680.9142   808270   25.23%
   4946  1752      799.1888    60      910.7170      680.9142   813939   25.23%
   4965  1761      761.3822   157      910.7170      680.9153   822892   25.23%
Elapsed time = 1117.77 sec. (842601.34 ticks, tree = 6.84 MB, solutions = 1)
   4988  1783      826.5917    77      910.7170      680.9153   829990   25.23%
   5033  1820      877.7027    74      910.7170      680.9153   839124   25.23%
   5092  1867      836.9366    93      910.7170      680.9153   846106   25.23%
   5136  1903      702.8487   110      910.7170      680.9248   853327   25.23%
   5213  1962      680.9934   216      910.7170      680.9333   859701   25.23%
   5266  2009      723.4291   171      910.7170      680.9597   867768   25.23%
   5304  2039      682.2540   230      910.7170      680.9868   875954   25.23%
   5324  2059      692.6233   106      910.7170      680.9868   884678   25.23%
   5347  2082      750.3928    99      910.7170      680.9868   892959   25.23%
   5387  2120      791.4822    67      910.7170      680.9868   900694   25.23%
Elapsed time = 1165.27 sec. (882899.37 ticks, tree = 8.19 MB, solutions = 1)
   5436  2161      713.3505    85      910.7170      680.9977   909877   25.22%
   5472  2190      727.0705   107      910.7170      680.9998   917840   25.22%
   5501  2215      725.9309   154      910.7170      681.0059   928228   25.22%
   5536  2242      845.0968    52      910.7170      681.0059   935578   25.22%
   5568  2266      736.8291    94      910.7170      681.0072   942803   25.22%
   5594  2288      696.7839   106      910.7170      681.0148   951832   25.22%
   5639  2331      818.1400    55      910.7170      681.0148   958858   25.22%
   5671  2347      690.9733   146      910.7170      681.0248   966332   25.22%
   5735  2407      899.0643    37      910.7170      681.0248   973749   25.22%
   5754  2422      765.5229    93      910.7170      681.0378   979547   25.22%
Elapsed time = 1211.51 sec. (921919.59 ticks, tree = 9.26 MB, solutions = 1)
   5790  2454      702.9892   175      910.7170      681.0794   985774   25.22%
   5829  2488      681.2949   237      910.7170      681.0811   992365   25.21%
   5859  2518      799.9697    73      910.7170      681.0811   999385   25.21%
   5882  2538      691.7916   105      910.7170      681.0898  1009294   25.21%
   5905  2559      742.8546    75      910.7170      681.0898  1016687   25.21%
   5932  2582      729.0709   147      910.7170      681.0942  1024112   25.21%
   5989  2629      681.1147   229      910.7170      681.1062  1030934   25.21%
   6007  2647      711.9825    71      910.7170      681.1062  1038646   25.21%
   6058  2694      686.8904   164      910.7170      681.1079  1045402   25.21%
   6085  2719      821.6532    63      910.7170      681.1079  1054087   25.21%
Elapsed time = 1258.88 sec. (961714.32 ticks, tree = 10.31 MB, solutions = 1)
   6129  2752      796.1208    89      910.7170      681.1220  1062514   25.21%
   6165  2781      749.8307   149      910.7170      681.1339  1070340   25.21%
   6202  2809      716.0912   111      910.7170      681.1386  1080073   25.21%
   6252  2857      901.0268    48      910.7170      681.1386  1086649   25.21%
   6283  2879      756.7882    96      910.7170      681.1427  1097100   25.21%
   6315  2908      697.4451   109      910.7170      681.1497  1100099   25.21%
   6362  2949      686.3050   194      910.7170      681.1739  1107656   25.20%
   6413  2996      724.3292   164      910.7170      681.1800  1115239   25.20%
   6450  3031      765.3448    88      910.7170      681.1800  1124001   25.20%
   6495  3067      724.2952   202      910.7170      681.2313  1130724   25.20%
Elapsed time = 1305.46 sec. (1001252.07 ticks, tree = 11.53 MB, solutions = 1)
   6553  3115      693.4607   184      910.7170      681.2505  1140265   25.20%
   6599  3161      894.6580    38      910.7170      681.2505  1149137   25.20%
   6636  3194      791.0284    67      910.7170      681.2526  1158160   25.20%
   6662  3214      729.0918   128      910.7170      681.2528  1163635   25.20%
   6713  3259      695.1152   225      910.7170      681.3041  1170728   25.19%
   6759  3305      804.7010    86      910.7170      681.3041  1178198   25.19%
   6797  3337      685.2552   174      910.7170      681.3130  1186572   25.19%
   6829  3365      762.9033   180      910.7170      681.3203  1194078   25.19%
   6884  3412      691.1281   217      910.7170      681.3232  1202531   25.19%
   6933  3457      777.2618   115      910.7170      681.3463  1208929   25.19%
Elapsed time = 1351.26 sec. (1040873.23 ticks, tree = 12.91 MB, solutions = 1)
   6946  3470      798.7136   107      910.7170      681.3463  1210045   25.19%
   6985  3501      813.1493   110      910.7170      681.3551  1219345   25.18%
   7026  3542      817.4955    90      910.7170      681.3551  1228314   25.18%
   7059  3570      728.9011   178      910.7170      681.3600  1234888   25.18%
   7105  3607      685.2517   201      910.7170      681.3775  1243427   25.18%
   7156  3653      832.0599    37      910.7170      681.3775  1249938   25.18%
   7181  3670      753.2289    84      910.7170      681.3900  1259702   25.18%
   7223  3707      709.5763    95      910.7170      681.4213  1267715   25.18%
   7249  3729      692.9862   219      910.7170      681.4294  1277273   25.18%
   7271  3750      846.5710    85      910.7170      681.4294  1286358   25.18%
Elapsed time = 1406.23 sec. (1089794.27 ticks, tree = 13.94 MB, solutions = 1)
   7343  3820      842.7395    41      910.7170      681.4294  1294087   25.18%
   7383  3854      804.6178    98      910.7170      681.4338  1301161   25.18%
   7412  3879      810.8588    85      910.7170      681.4408  1310676   25.18%
   7450  3913      834.5283    63      910.7170      681.4444  1318423   25.17%
   7502  3953      822.7908    88      910.7170      681.4606  1326520   25.17%
   7541  3984      734.6270   182      910.7170      681.4726  1334718   25.17%
   7578  4021      853.9513    55      910.7170      681.4726  1343418   25.17%
   7613  4044      772.6347   102      910.7170      681.4807  1352280   25.17%
   7663  4084      740.0510   106      910.7170      681.5198  1359834   25.17%
   7708  4119      766.4366   159      910.7170      681.5328  1368831   25.17%
Elapsed time = 1452.39 sec. (1129372.79 ticks, tree = 15.39 MB, solutions = 1)
   7758  4158      762.9263   162      910.7170      681.5731  1378469   25.16%
   7788  4184      695.4510   187      910.7170      681.5744  1386396   25.16%
   7809  4205      811.0535    89      910.7170      681.5744  1395129   25.16%
   7831  4227      829.3823    97      910.7170      681.5744  1405695   25.16%
   7881  4253      737.1366   103      910.7170      681.5814  1413506   25.16%
   7902  4268      747.1752   135      910.7170      681.5926  1423179   25.16%
   7946  4306      682.6225   228      910.7170      681.6358  1429017   25.15%
   7975  4335      782.6465    77      910.7170      681.6358  1436948   25.15%
   8019  4373      746.6947    89      910.7170      681.6542  1446091   25.15%
   8034  4384      713.0136    85      910.7170      681.6833  1454588   25.15%
Elapsed time = 1499.26 sec. (1170599.24 ticks, tree = 16.32 MB, solutions = 1)
   8074  4424      792.0901    67      910.7170      681.6833  1463970   25.15%
   8132  4462        cutoff            910.7170      681.6833  1472595   25.15%
   8168  4492      700.7371   135      910.7170      681.6840  1476694   25.15%
   8203  4524      739.9592    87      910.7170      681.6907  1485175   25.15%
   8263  4578      707.7504   193      910.7170      681.7043  1491976   25.15%
   8293  4600      798.7890    91      910.7170      681.7447  1501448   25.14%
   8326  4628      719.1279   142      910.7170      681.7462  1510057   25.14%
   8355  4655      751.5204   103      910.7170      681.7462  1518336   25.14%
   8418  4714      864.8372    46      910.7170      681.7462  1526655   25.14%
   8462  4748      793.9953    65      910.7170      681.7478  1534380   25.14%
Elapsed time = 1544.33 sec. (1209532.95 ticks, tree = 17.61 MB, solutions = 1)
   8514  4794      745.9405    85      910.7170      681.7504  1542596   25.14%
   8546  4817      682.1569   241      910.7170      681.7545  1550738   25.14%
   8590  4859      887.5218    47      910.7170      681.7545  1559517   25.14%
   8645  4899      724.2343   109      910.7170      681.7582  1566944   25.14%
   8696  4938      716.8177   164      910.7170      681.7883  1575440   25.14%
   8720  4958      693.4695   200      910.7170      681.8251  1585735   25.13%
   8768  5002      683.7276   219      910.7170      681.8537  1593155   25.13%
   8811  5043      726.5228    68      910.7170      681.8537  1599859   25.13%
   8883  5105      817.1182    66      910.7170      681.8565  1608128   25.13%
   8926  5136      731.0912    85      910.7170      681.8577  1615536   25.13%
Elapsed time = 1589.84 sec. (1249354.86 ticks, tree = 18.98 MB, solutions = 1)
   8946  5150      780.0480    72      910.7170      681.9101  1621049   25.12%
   8989  5189      761.5433    78      910.7170      681.9337  1629189   25.12%
   9049  5241      699.8852   143      910.7170      681.9489  1634435   25.12%
   9097  5285      696.6870   110      910.7170      681.9502  1642219   25.12%
   9142  5324      827.5310    94      910.7170      681.9509  1651061   25.12%
   9200  5359      712.7518   111      910.7170      681.9566  1658384   25.12%
   9246  5396      804.5919   113      910.7170      681.9635  1666707   25.12%
   9293  5439      755.2027    95      910.7170      681.9707  1675608   25.12%
   9331  5471      807.9385   119      910.7170      681.9720  1685195   25.12%
   9351  5485      808.7222    76      910.7170      682.0001  1693815   25.11%
Elapsed time = 1640.14 sec. (1292307.61 ticks, tree = 20.21 MB, solutions = 1)
   9390  5520      774.0924   106      910.7170      682.0236  1702748   25.11%
   9421  5547      834.6736    84      910.7170      682.0277  1712084   25.11%
   9459  5577      691.6482   151      910.7170      682.0295  1719357   25.11%
   9490  5604      746.8351   132      910.7170      682.0298  1727103   25.11%
   9526  5634      852.4200    60      910.7170      682.0298  1735153   25.11%
   9566  5668      816.1064    84      910.7170      682.0405  1742504   25.11%
   9606  5706      900.9490    72      910.7170      682.0405  1751399   25.11%
   9655  5738      708.0141   112      910.7170      682.0490  1760347   25.11%
   9707  5790      786.0558    39      910.7170      682.0490  1767544   25.11%
   9731  5801      683.5787   215      910.7170      682.0779  1775781   25.11%
Elapsed time = 1683.10 sec. (1331056.62 ticks, tree = 21.33 MB, solutions = 1)
   9765  5832      805.7175    60      910.7170      682.0779  1781371   25.11%
   9811  5874      710.7566    85      910.7170      682.0827  1789459   25.10%
   9852  5909      693.4823   208      910.7170      682.0864  1796246   25.10%
   9901  5956      769.6907    75      910.7170      682.0864  1804617   25.10%
   9939  5988      697.9051   182      910.7170      682.0887  1810707   25.10%
   9946  5993      732.9194    87      910.7170      682.0887  1814451   25.10%
   9987  6030      732.6815    80      910.7170      682.0948  1819466   25.10%
  10027  6060      723.6477   122      910.7170      682.1032  1826919   25.10%
  10064  6093      767.8269    94      910.7170      682.1141  1834219   25.10%
  10097  6118      823.8618    82      910.7170      682.1164  1842507   25.10%
Elapsed time = 1728.15 sec. (1378470.41 ticks, tree = 22.45 MB, solutions = 1)
  10137  6152      824.0740   156      910.7170      682.1219  1849798   25.10%
  10162  6173      699.8363    87      910.7170      682.1325  1855335   25.10%
  10214  6217      754.8785   162      910.7170      682.1341  1864598   25.10%
  10259  6258      691.2154   168      910.7170      682.1348  1870652   25.10%
  10311  6304      689.1712   105      910.7170      682.1603  1877827   25.10%
  10333  6322      844.7521   130      910.7170      682.1603  1885783   25.10%
  10382  6354      693.9678   160      910.7170      682.1746  1891808   25.09%
  10433  6401      683.1600   224      910.7170      682.1792  1900630   25.09%
  10474  6438      694.9282   109      910.7170      682.2052  1905915   25.09%
  10524  6482      691.4159   191      910.7170      682.2093  1915718   25.09%
Elapsed time = 1766.83 sec. (1417853.93 ticks, tree = 23.74 MB, solutions = 1)
  10543  6497      726.7013   106      910.7170      682.2127  1926464   25.09%
  10553  6507      738.9432    81      910.7170      682.2127  1932538   25.09%
  10571  6525      783.4892   105      910.7170      682.2127  1942350   25.09%
  10599  6549      696.3947   201      910.7170      682.2220  1950629   25.09%
  10657  6598      684.5404   185      910.7170      682.2260  1957206   25.09%
  10692  6633      713.6568   106      910.7170      682.2260  1966411   25.09%
  10738  6671      742.4842   123      910.7170      682.2344  1973355   25.09%
  10780  6709      769.4274    77      910.7170      682.2387  1981835   25.09%
  10829  6748      811.5538    94      910.7170      682.2399  1990499   25.09%
  10866  6781      738.0504    91      910.7170      682.2506  1997849   25.09%
Elapsed time = 1805.46 sec. (1457973.68 ticks, tree = 24.80 MB, solutions = 1)
  10920  6822      709.0629   142      910.7170      682.2522  2008049   25.09%
  10945  6841      688.4887   121      910.7170      682.2547  2016533   25.09%
  10946  6842      688.5320   127      910.7170      682.2547  2016834   25.09%
  11006  6898      698.5129   149      910.7170      682.2562  2024547   25.09%
  11040  6924      749.9182    82      910.7170      682.2593  2033931   25.09%
  11074  6950      682.5411   198      910.7170      682.2671  2042417   25.08%
  11135  7009      839.1628    43      910.7170      682.2671  2049975   25.08%
  11172  7036      694.9872   192      910.7170      682.2866  2057808   25.08%
  11222  7078      707.6536   140      910.7170      682.3070  2065001   25.08%
  11267  7113      728.5308   111      910.7170      682.3160  2072488   25.08%
Elapsed time = 1850.15 sec. (1505578.45 ticks, tree = 25.97 MB, solutions = 1)
  11301  7147      775.5786    70      910.7170      682.3160  2082453   25.08%
  11349  7189      705.1953   184      910.7170      682.3202  2090606   25.08%
  11382  7220      806.3678    49      910.7170      682.3202  2099579   25.08%
  11408  7240      905.1163    81      910.7170      682.3230  2109408   25.08%
  11447  7273      715.2080   139      910.7170      682.3243  2115686   25.08%
  11494  7316      694.3940   181      910.7170      682.3441  2122717   25.08%
  11533  7355      830.7037    60      910.7170      682.3441  2132535   25.08%
  11571  7385      736.4201    79      910.7170      682.3452  2140199   25.08%
  11599  7413      850.9057    75      910.7170      682.3452  2149990   25.08%
  11679  7475      697.2317   165      910.7170      682.3525  2156844   25.08%
Elapsed time = 1888.84 sec. (1544590.32 ticks, tree = 27.26 MB, solutions = 1)
  11732  7522      857.6648    34      910.7170      682.3525  2164884   25.08%
  11762  7548      720.9019    89      910.7170      682.3559  2168707   25.07%
  11814  7594      707.9737   111      910.7170      682.3627  2174786   25.07%
  11842  7614      688.8538   162      910.7170      682.3739  2184880   25.07%
  11873  7645      713.1159    84      910.7170      682.3739  2193428   25.07%
  11906  7676      823.7521    56      910.7170      682.3739  2201783   25.07%
  11949  7713      702.3331   106      910.7170      682.3916  2210176   25.07%
  12001  7761      685.1803   202      910.7170      682.3936  2217675   25.07%
  12034  7793      896.7370    60      910.7170      682.3936  2226050   25.07%
  12069  7818      692.8076   153      910.7170      682.4068  2234367   25.07%
Elapsed time = 1927.37 sec. (1583708.99 ticks, tree = 28.47 MB, solutions = 1)
  12101  7850      751.1557    68      910.7170      682.4068  2242779   25.07%
  12141  7878      731.1573    92      910.7170      682.4077  2250749   25.07%
  12167  7898      718.9976   148      910.7170      682.4088  2258228   25.07%
  12210  7937      790.8044    90      910.7170      682.4096  2265460   25.07%
  12246  7967      840.0764    85      910.7170      682.4099  2272107   25.07%
  12283  7992      730.0049    93      910.7170      682.4665  2279241   25.06%
  12332  8041      775.0002    55      910.7170      682.4665  2288080   25.06%
  12352  8052      685.3915   155      910.7170      682.4891  2296506   25.06%
  12396  8092      684.6871   170      910.7170      682.4991  2301846   25.06%
  12437  8129      716.6327   117      910.7170      682.4997  2312479   25.06%
Elapsed time = 1965.80 sec. (1622959.73 ticks, tree = 29.57 MB, solutions = 1)
  12461  8149      769.9181    99      910.7170      682.5122  2321963   25.06%
  12491  8173      728.8578   125      910.7170      682.5141  2331753   25.06%
  12548  8226      688.6759   109      910.7170      682.5229  2341012   25.06%
  12585  8257      764.4109    82      910.7170      682.5356  2350383   25.06%
  12613  8281      689.8032   108      910.7170      682.5411  2358559   25.05%
  12634  8298      827.2545    99      910.7170      682.5472  2369103   25.05%
  12672  8322      752.3283   178      910.7170      682.5577  2378633   25.05%
  12711  8355      690.2979   150      910.7170      682.5592  2386984   25.05%
  12742  8386      794.0440    58      910.7170      682.5592  2395110   25.05%
  12772  8408        cutoff            910.7170      682.5623  2403041   25.05%
Elapsed time = 2005.03 sec. (1663700.72 ticks, tree = 30.89 MB, solutions = 1)
  12813  8446      719.0013    69      910.7170      682.5625  2409740   25.05%
  12850  8477      736.8037    81      910.7170      682.5653  2418180   25.05%
  12899  8516      893.5387    64      910.7170      682.5653  2426641   25.05%
  12938  8551      730.2963    99      910.7170      682.5722  2434558   25.05%
  12946  8559      786.3477    69      910.7170      682.5722  2435815   25.05%
  12973  8578      874.0973   104      910.7170      682.5754  2444758   25.05%
  13018  8611      816.9482    89      910.7170      682.5858  2453926   25.05%
  13050  8631      799.5538    83      910.7170      682.5860  2463664   25.05%
  13090  8671      853.5734    71      910.7170      682.5860  2471127   25.05%
  13130  8703      767.9266    76      910.7170      682.5883  2479503   25.05%
Elapsed time = 2051.85 sec. (1705632.08 ticks, tree = 31.93 MB, solutions = 1)
  13191  8758      733.7636    77      910.7170      682.5990  2485411   25.05%
  13247  8808      722.9730    86      910.7170      682.6094  2494183   25.05%
  13310  8865      767.4504    70      910.7170      682.6234  2500272   25.05%
  13357  8904      743.2332   138      910.7170      682.6262  2508365   25.05%
  13393  8930      854.4381    72      910.7170      682.6262  2517845   25.05%
  13450  8965      683.3144   193      910.7170      682.6305  2525281   25.04%
  13491  9001      759.9136    93      910.7170      682.6356  2533132   25.04%
  13517  9021      831.1815    70      910.7170      682.6391  2542105   25.04%
  13565  9057      742.6273   102      910.7170      682.6408  2549999   25.04%
  13604  9091      898.1459    57      910.7170      682.6408  2559883   25.04%
Elapsed time = 2093.83 sec. (1744544.05 ticks, tree = 33.31 MB, solutions = 1)
  13628  9111      716.6295    98      910.7170      682.6449  2568459   25.04%
  13683  9149      699.3291   168      910.7170      682.6487  2576777   25.04%
  13710  9172      711.0227   109      910.7170      682.6590  2585378   25.04%
  13747  9205      719.6334   129      910.7170      682.6695  2593985   25.04%
  13785  9243      840.4298    69      910.7170      682.6695  2603096   25.04%
  13813  9263      726.8860   110      910.7170      682.6709  2612122   25.04%
  13838  9288      701.8262   101      910.7170      682.6709  2620763   25.04%
  13866  9316      794.0268    71      910.7170      682.6709  2630100   25.04%
  13909  9353      744.4966    98      910.7170      682.6730  2638891   25.04%
  13934  9372      690.0252   141      910.7170      682.6827  2648632   25.04%
Elapsed time = 2136.07 sec. (1784022.57 ticks, tree = 34.30 MB, solutions = 1)
  13949  9383      693.7701   172      910.7170      682.6869  2652304   25.04%
  13989  9419      712.3162   177      910.7170      682.6924  2658761   25.04%
  14019  9444      904.9266    56      910.7170      682.6924  2668655   25.04%
  14049  9469      846.7403    94      910.7170      682.7008  2677562   25.04%
  14079  9495      748.0625    80      910.7170      682.7018  2686641   25.04%
  14130  9540      807.1795    86      910.7170      682.7077  2694623   25.04%
  14166  9572      730.5434   143      910.7170      682.7084  2701543   25.04%
  14207  9607    infeasible            910.7170      682.7126  2709974   25.04%
  14231  9629      717.2175   128      910.7170      682.7143  2717992   25.04%
  14267  9665      874.5070    70      910.7170      682.7143  2727014   25.04%
Elapsed time = 2176.75 sec. (1822715.79 ticks, tree = 35.34 MB, solutions = 1)
  14307  9700      697.1229   152      910.7170      682.7147  2735419   25.04%
  14328  9715      687.4007   190      910.7170      682.7147  2743817   25.04%
  14376  9761      870.2983    47      910.7170      682.7147  2750761   25.04%
  14423  9804      708.7617    82      910.7170      682.7186  2757541   25.04%
  14476  9853      690.9255   196      910.7170      682.7215  2762629   25.03%
  14511  9888      873.4139    59      910.7170      682.7215  2771537   25.03%
  14537  9903      755.6325   135      910.7170      682.7222  2778341   25.03%
  14568  9930      809.0102    68      910.7170      682.7222  2785829   25.03%
  14604  9956      739.3619    90      910.7170      682.7226  2792697   25.03%
  14640  9984      786.0686    92      910.7170      682.7247  2800588   25.03%
Elapsed time = 2217.73 sec. (1861411.32 ticks, tree = 36.47 MB, solutions = 1)
  14678 10014      736.8660   150      910.7170      682.7300  2808055   25.03%
  14732 10064      765.0592   134      910.7170      682.7347  2815250   25.03%
  14769 10091      696.6687    88      910.7170      682.7424  2823693   25.03%
  14790 10112      729.1696    87      910.7170      682.7424  2833556   25.03%
  14824 10142      716.8379   198      910.7170      682.7424  2842634   25.03%
  14849 10163      797.6745    84      910.7170      682.7432  2852248   25.03%
  14897 10202    infeasible            910.7170      682.7458  2859296   25.03%
  14920 10221      789.9237   145      910.7170      682.7468  2868692   25.03%
  14940 10235        cutoff            910.7170      682.7478  2877816   25.03%
  14946 10241      805.2532    91      910.7170      682.7478  2881133   25.03%
Elapsed time = 2270.25 sec. (1907269.77 ticks, tree = 37.39 MB, solutions = 1)
  14997 10281      684.5233   222      910.7170      682.7576  2888740   25.03%
  15035 10319      695.1171   133      910.7170      682.7576  2894660   25.03%
  15073 10353      723.9746   108      910.7170      682.7581  2903313   25.03%
  15112 10392      879.9569    56      910.7170      682.7581  2913179   25.03%
  15151 10428      699.4864   194      910.7170      682.7604  2919886   25.03%
  15179 10452      749.1467    78      910.7170      682.7633  2929991   25.03%
  15212 10481      716.9260   112      910.7170      682.7662  2938784   25.03%
  15250 10517      753.2934    71      910.7170      682.7662  2948062   25.03%
  15296 10559      896.2981    43      910.7170      682.7662  2956247   25.03%
  15335 10583    infeasible            910.7170      682.7743  2964055   25.03%
Elapsed time = 2312.44 sec. (1946636.38 ticks, tree = 38.60 MB, solutions = 1)
  15356 10600      764.2074    72      910.7170      682.7761  2971729   25.03%
  15380 10620      805.3980    75      910.7170      682.7811  2981075   25.03%
  15416 10645      737.7484   119      910.7170      682.7816  2989699   25.03%
  15451 10674      725.9860   191      910.7170      682.7852  2998247   25.03%
  15490 10709      741.1152   113      910.7170      682.7895  3006198   25.03%
  15518 10727      695.9538   219      910.7170      682.7917  3014321   25.03%
  15556 10765      819.4763    85      910.7170      682.7917  3023190   25.03%
  15594 10795      686.3842   200      910.7170      682.8089  3031485   25.03%
  15638 10838      830.6055    37      910.7170      682.8089  3040285   25.03%
  15683 10877      763.0576    82      910.7170      682.8102  3047592   25.02%
Elapsed time = 2354.01 sec. (1985726.32 ticks, tree = 39.64 MB, solutions = 1)
  15720 10907      714.6322    89      910.7170      682.8118  3056071   25.02%
  15782 10961      741.0367    82      910.7170      682.8284  3063072   25.02%
  15838 11013      694.2051   218      910.7170      682.8291  3070795   25.02%
  15864 11039      845.7935    86      910.7170      682.8291  3080184   25.02%
  15894 11061      908.2227    64      910.7170      682.8380  3088479   25.02%
  15920 11083      790.9418    95      910.7170      682.8392  3096598   25.02%
  15946 11105      887.8399    76      910.7170      682.8392  3101596   25.02%
  16004 11150      782.4033    68      910.7170      682.8394  3110357   25.02%
  16046 11184      745.8432   107      910.7170      682.8429  3117771   25.02%
  16090 11224      693.6427   198      910.7170      682.8459  3126232   25.02%
Elapsed time = 2405.28 sec. (2032437.05 ticks, tree = 40.87 MB, solutions = 1)
  16127 11261      868.5736    78      910.7170      682.8459  3135720   25.02%
  16148 11279      753.7177    74      910.7170      682.8466  3142312   25.02%
  16174 11301      704.8112   179      910.7170      682.8470  3150237   25.02%
  16209 11332      685.3027   286      910.7170      682.8559  3158767   25.02%
  16229 11350      735.3380   110      910.7170      682.8559  3166634   25.02%
  16268 11383      737.6283   105      910.7170      682.8570  3175551   25.02%
  16317 11428      743.6041   134      910.7170      682.8623  3183489   25.02%
  16365 11471      910.3138    56      910.7170      682.8623  3191535   25.02%
  16395 11492      793.7989    90      910.7170      682.8640  3199234   25.02%
  16446 11537      689.6841   169      910.7170      682.8645  3206253   25.02%
Elapsed time = 2452.86 sec. (2072275.01 ticks, tree = 41.99 MB, solutions = 1)
  16492 11581      794.7755    40      910.7170      682.8645  3214753   25.02%
  16537 11620      735.8947    91      910.7170      682.8773  3221669   25.02%
  16576 11653      692.5642   102      910.7170      682.8808  3230158   25.02%
  16604 11676      741.2843    94      910.7170      682.8978  3238561   25.02%
  16626 11694      698.3756   184      910.7170      682.9068  3247618   25.01%
  16685 11748      803.8937    60      910.7170      682.9068  3254543   25.01%
  16730 11777      747.3728   172      910.7170      682.9218  3264994   25.01%
  16773 11816      722.4104   184      910.7170      682.9219  3272888   25.01%
  16826 11869      801.2547    56      910.7170      682.9219  3281783   25.01%
  16859 11896      867.9486    78      910.7170      682.9382  3289979   25.01%
Elapsed time = 2510.21 sec. (2111583.98 ticks, tree = 43.26 MB, solutions = 1)
  16918 11947      786.5014    45      910.7170      682.9408  3296190   25.01%
  16946 11965      683.6032   220      910.7170      682.9596  3302787   25.01%
  17007 12026      763.0670    63      910.7170      682.9596  3311518   25.01%
  17055 12058      716.5688   175      910.7170      682.9702  3319061   25.01%
  17089 12086      762.5022    73      910.7170      682.9880  3327955   25.01%
  17129 12116      701.0386   173      910.7170      682.9988  3336743   25.00%
  17169 12151      763.9147   113      910.7170      683.0025  3343941   25.00%
  17195 12171      695.5891   222      910.7170      683.0141  3352109   25.00%
  17213 12185      801.2279   112      910.7170      683.0163  3362743   25.00%
  17238 12208      763.8605   127      910.7170      683.0163  3371182   25.00%
Elapsed time = 2565.93 sec. (2151090.03 ticks, tree = 44.37 MB, solutions = 1)
  17276 12242      790.6047    63      910.7170      683.0163  3379947   25.00%
  17319 12277      716.1975    83      910.7170      683.0197  3387058   25.00%
  17359 12313      748.8928    89      910.7170      683.0220  3395656   25.00%
  17422 12365      700.7709    96      910.7170      683.0257  3402729   25.00%
  17481 12412      717.9449    80      910.7170      683.0352  3410961   25.00%
  17505 12433      755.3346   149      910.7170      683.0412  3418938   25.00%
  17550 12474      820.5920    55      910.7170      683.0412  3427983   25.00%
  17616 12534      702.5250   158      910.7170      683.0468  3434171   25.00%
  17675 12589      697.9413   196      910.7170      683.0882  3441106   24.99%
  17708 12622      781.4940    68      910.7170      683.0882  3450575   24.99%
Elapsed time = 2619.22 sec. (2189692.76 ticks, tree = 45.84 MB, solutions = 1)
  17744 12638      683.3295   198      910.7170      683.1004  3459147   24.99%
  17795 12683      889.5140    58      910.7170      683.1004  3465338   24.99%
  17827 12711      740.3002    72      910.7170      683.1030  3473912   24.99%
  17868 12740      721.2611    77      910.7170      683.1034  3481846   24.99%
  17894 12762      751.9326   194      910.7170      683.1060  3490602   24.99%
  17930 12794      698.4631   104      910.7170      683.1112  3498116   24.99%
  17946 12810      727.1449    90      910.7170      683.1112  3501568   24.99%
  17974 12832      738.1667   101      910.7170      683.1122  3511211   24.99%
  17998 12852      724.5405    85      910.7170      683.1164  3520669   24.99%
  18039 12889      701.4584   188      910.7170      683.1187  3528527   24.99%
Elapsed time = 2679.10 sec. (2238401.31 ticks, tree = 46.79 MB, solutions = 1)
  18071 12915      707.1360   111      910.7170      683.1193  3537504   24.99%
  18125 12965      741.0001    92      910.7170      683.1253  3545661   24.99%
  18159 12989      777.2122   168      910.7170      683.1355  3555884   24.99%
  18194 13024      858.0811    70      910.7170      683.1355  3564618   24.99%
  18221 13041      689.9934   182      910.7170      683.1432  3571865   24.99%
  18230 13046      716.9372    74      910.7170      683.1453  3583751   24.99%
  18252 13068      820.9250    91      910.7170      683.1453  3593097   24.99%
  18282 13094      735.0096    98      910.7170      683.1459  3601737   24.99%
  18318 13124      852.0597   101      910.7170      683.1577  3610676   24.99%
  18349 13151      709.9595   123      910.7170      683.1592  3619018   24.99%
Elapsed time = 2736.43 sec. (2278964.46 ticks, tree = 47.72 MB, solutions = 1)
  18374 13176      815.3964    61      910.7170      683.1592  3627346   24.99%
  18401 13197      769.5794    96      910.7170      683.1672  3635929   24.99%
  18435 13225      774.0503    78      910.7170      683.1753  3646097   24.98%
  18474 13256      735.8546    83      910.7170      683.1803  3654207   24.98%
  18510 13286      698.7031   151      910.7170      683.1853  3661647   24.98%
  18542 13310      763.5696   112      910.7170      683.1853  3668956   24.98%
  18577 13337      711.5491   106      910.7170      683.1938  3675533   24.98%
  18615 13369      707.8965   112      910.7170      683.1943  3683861   24.98%
  18670 13414      739.0309   100      910.7170      683.2029  3691734   24.98%
  18714 13452      695.8062   198      910.7170      683.2036  3699998   24.98%
Elapsed time = 2788.25 sec. (2318144.56 ticks, tree = 48.79 MB, solutions = 1)
  18751 13485      754.0089    58      910.7170      683.2036  3709152   24.98%
  18784 13514      836.6486   119      910.7170      683.2040  3717090   24.98%
  18829 13555      716.2279   100      910.7170      683.2068  3724608   24.98%
  18876 13592      703.6784   185      910.7170      683.2147  3732741   24.98%
  18902 13612      731.2552   108      910.7170      683.2178  3742540   24.98%
  18937 13643      793.9149    61      910.7170      683.2178  3751986   24.98%
  18979 13677      716.3152   164      910.7170      683.2203  3757084   24.98%
  19047 13731      720.5913   101      910.7170      683.2243  3765051   24.98%
  19071 13755      783.8377   107      910.7170      683.2243  3775325   24.98%
  19126 13799      689.1468   178      910.7170      683.2262  3782172   24.98%
Elapsed time = 2846.16 sec. (2357938.24 ticks, tree = 50.02 MB, solutions = 1)
  19170 13835      684.3990   182      910.7170      683.2271  3791114   24.98%
  19206 13871      758.2392    81      910.7170      683.2271  3799865   24.98%
  19258 13917      739.9277   107      910.7170      683.2347  3807551   24.98%
  19325 13978      702.4911    80      910.7170      683.2415  3813586   24.98%
  19359 14006      834.3481    89      910.7170      683.2429  3822823   24.98%
  19382 14021      736.2127   107      910.7170      683.2480  3833301   24.98%
  19423 14048      683.2594   207      910.7170      683.2503  3841134   24.98%
  19470 14093      825.9965    55      910.7170      683.2503  3848510   24.98%
  19538 14157      815.6650    62      910.7170      683.2531  3854525   24.98%
  19604 14215      720.1019    80      910.7170      683.2542  3859640   24.98%
Elapsed time = 2908.08 sec. (2396763.62 ticks, tree = 51.50 MB, solutions = 1)
  19647 14250      785.8203    89      910.7170      683.2597  3868399   24.98%
  19697 14292      876.0501    64      910.7170      683.2597  3876630   24.98%
  19734 14311      758.5482   100      910.7170      683.2785  3888431   24.97%
  19790 14361      686.8203   201      910.7170      683.2829  3894309   24.97%
  19828 14391      694.2606   203      910.7170      683.2953  3900642   24.97%
  19857 14416      696.1796   166      910.7170      683.2990  3909130   24.97%
  19881 14430      684.9689   245      910.7170      683.2992  3918057   24.97%
  19931 14480      714.3861    77      910.7170      683.2992  3924878   24.97%
  19946 14493      831.8050    33      910.7170      683.2992  3927397   24.97%
  20000 14543      833.5691    68      910.7170      683.2997  3934450   24.97%
Elapsed time = 2956.05 sec. (2439484.80 ticks, tree = 52.66 MB, solutions = 1)
  20036 14571      718.2531   113      910.7170      683.3082  3944847   24.97%
  20090 14625      804.3170    60      910.7170      683.3082  3952825   24.97%
  20141 14672      700.8520   159      910.7170      683.3109  3959178   24.97%
  20162 14687      695.3839   168      910.7170      683.3170  3968192   24.97%
  20226 14742      683.3563   219      910.7170      683.3243  3974186   24.97%
  20265 14779      748.3634   122      910.7170      683.3243  3982321   24.97%
  20306 14809      747.3514   183      910.7170      683.3278  3991733   24.97%
  20331 14830      780.0934   151      910.7170      683.3278  4000153   24.97%
  20359 14854      800.4634    81      910.7170      683.3333  4008195   24.97%
  20419 14905      704.4668   207      910.7170      683.3404  4017299   24.97%
Elapsed time = 3022.78 sec. (2479260.50 ticks, tree = 53.95 MB, solutions = 1)
  20465 14951      781.1706    50      910.7170      683.3404  4025300   24.97%
  20506 14988      709.7236   126      910.7170      683.3420  4032917   24.97%
  20553 15027      740.1815   201      910.7170      683.3432  4040812   24.97%
  20600 15068      684.9653   152      910.7170      683.3432  4050440   24.97%
  20623 15088      685.3248   145      910.7170      683.3467  4057866   24.97%
  20664 15119      845.4848    87      910.7170      683.3467  4065904   24.97%
  20714 15161      801.6168    72      910.7170      683.3470  4073959   24.97%
  20751 15192      745.4414   101      910.7170      683.3515  4082473   24.97%
  20790 15223      685.3041   289      910.7170      683.3528  4091554   24.97%
  20833 15264      726.3967    99      910.7170      683.3528  4099311   24.97%
Elapsed time = 3100.69 sec. (2517925.15 ticks, tree = 55.23 MB, solutions = 1)
  20879 15306      730.1276   105      910.7170      683.3537  4107394   24.97%
  20898 15321      796.7968   103      910.7170      683.3543  4118372   24.97%
  20923 15340      751.5311    80      910.7170      683.3564  4127464   24.97%
  20946 15361      890.6005    77      910.7170      683.3564  4129897   24.97%
  20984 15391      735.3152   141      910.7170      683.3644  4136880   24.96%
  21055 15445      705.6315   180      910.7170      683.3734  4145498   24.96%
  21071 15457      741.8008   149      910.7170      683.3743  4153617   24.96%
  21138 15524      855.5084    41      910.7170      683.3743  4160874   24.96%
  21160 15538      766.6971   145      910.7170      683.3847  4170831   24.96%
  21208 15582      689.8511   212      910.7170      683.3891  4177881   24.96%
Elapsed time = 3159.46 sec. (2564302.03 ticks, tree = 56.36 MB, solutions = 1)
  21253 15627      718.7977    81      910.7170      683.3891  4183887   24.96%
  21281 15647      711.1551   208      910.7170      683.3928  4192412   24.96%
  21316 15681      784.8185    78      910.7170      683.3928  4201463   24.96%
  21349 15710      805.8941    84      910.7170      683.3968  4209356   24.96%
  21388 15737      690.9851   218      910.7170      683.4004  4217709   24.96%
  21421 15762      754.1471   110      910.7170      683.4012  4225425   24.96%
  21452 15787      729.4391    96      910.7170      683.4117  4233847   24.96%
  21471 15798      760.0977   124      910.7170      683.4154  4242892   24.96%
  21518 15829      728.1534   122      910.7170      683.4173  4250913   24.96%
  21552 15859      719.7433   101      910.7170      683.4194  4258732   24.96%
Elapsed time = 3217.62 sec. (2603234.82 ticks, tree = 57.34 MB, solutions = 1)
  21580 15883      737.9208    86      910.7170      683.4207  4266796   24.96%
  21616 15915      715.9416   132      910.7170      683.4212  4272459   24.96%
  21668 15962      711.5274    90      910.7170      683.4279  4278936   24.96%
  21707 15997      725.9492   141      910.7170      683.4398  4286993   24.96%
  21737 16023      842.7415    73      910.7170      683.4398  4295035   24.96%
  21793 16067      723.4705   141      910.7170      683.4408  4303226   24.96%
  21828 16098      700.1295   137      910.7170      683.4438  4310261   24.96%
  21846 16112      695.1556   192      910.7170      683.4459  4314425   24.96%
  21890 16154      840.6791    33      910.7170      683.4459  4321499   24.96%
  21929 16185      775.5488    81      910.7170      683.4493  4330650   24.95%
Elapsed time = 3283.70 sec. (2658327.11 ticks, tree = 58.50 MB, solutions = 1)
  21946 16198      807.2418    47      910.7170      683.4493  4333720   24.95%
  21986 16224      766.7877    70      910.7170      683.4684  4342679   24.95%
  22041 16273        cutoff            910.7170      683.4684  4351766   24.95%
  22054 16282      688.2695   155      910.7170      683.4715  4360158   24.95%
  22107 16335      792.9938    38      910.7170      683.4715  4367943   24.95%
  22139 16362      724.9398    91      910.7170      683.4716  4376004   24.95%
  22146 16369      730.0449    87      910.7170      683.4716  4376223   24.95%
  22179 16398      769.8180   101      910.7170      683.4777  4383846   24.95%
  22230 16441      811.5999    88      910.7170      683.4801  4391788   24.95%
  22276 16474      683.8539   180      910.7170      683.4806  4398966   24.95%
Elapsed time = 3346.40 sec. (2713050.03 ticks, tree = 60.21 MB, solutions = 1)
  22310 16508      739.4931    73      910.7170      683.4806  4407794   24.95%
  22346 16540      699.7355   133      910.7170      683.4901  4414222   24.95%
  22390 16574      683.7251   207      910.7170      683.4919  4422230   24.95%
  22411 16595      738.9492    86      910.7170      683.4919  4431669   24.95%
* 22446+16592                          909.7624      683.4919            24.87%
  22446 16594      889.5198    35      909.7624      683.4919  4438461   24.87%
  22481 16620      748.5446   200      909.7624      683.4989  4445422   24.87%
  22520 16651      697.4446   189      909.7624      683.5201  4454680   24.87%
  22546 16677      834.6333    92      909.7624      683.5201  4460285   24.87%
  22581 16704      728.6829   166      909.7624      683.5255  4468168   24.87%
  22616 16732      779.8888   122      909.7624      683.5272  4475867   24.87%
Elapsed time = 3417.79 sec. (2781064.08 ticks, tree = 61.12 MB, solutions = 2)
  22646 16758      700.6309    93      909.7624      683.5272  4484548   24.87%
  22691 16797      747.7216   127      909.7624      683.5316  4495394   24.87%
  22729 16831      689.4139   212      909.7624      683.5369  4502281   24.87%
  22746 16848      695.7120   197      909.7624      683.5369  4503662   24.87%
  22797 16893      727.1057    87      909.7624      683.5439  4509333   24.87%
  22834 16924      776.5522   158      909.7624      683.5500  4518682   24.86%
  22846 16933      747.2164   158      909.7624      683.5511  4524104   24.86%
  22879 16954      730.9064    89      909.7624      683.5616  4533849   24.86%
  22911 16976      697.1902   148      909.7624      683.5681  4541074   24.86%
* 22946+16950                          908.0594      683.5745            24.72%
  22946 16952      734.9637   121      908.0594      683.5745  4547272   24.72%
Elapsed time = 3496.61 sec. (2856441.51 ticks, tree = 61.91 MB, solutions = 3)
  22968 16970      877.0998   104      908.0594      683.5753  4557521   24.72%
  23005 17003      793.0070    85      908.0594      683.5759  4566097   24.72%
* 23046+17024                          907.8325      683.5767            24.70%
  23046 17026      722.3551   107      907.8325      683.5767  4572947   24.70%
  23076 17048      694.2689   159      907.8325      683.5862  4581146   24.70%
  23097 17065      727.7992   165      907.8325      683.5912  4589861   24.70%
  23125 17091      798.9383    73      907.8325      683.5912  4598228   24.70%
  23146 17112      849.2756    43      907.8325      683.5912  4600986   24.70%
  23191 17145      709.5230   118      907.8325      683.5924  4610688   24.70%
  23241 17191      684.4484   245      907.8325      683.6011  4617570   24.70%
  23246 17196      684.4497   236      907.8325      683.6011  4617597   24.70%
Elapsed time = 3551.28 sec. (2909331.48 ticks, tree = 62.77 MB, solutions = 4)
  23274 17224      751.6563   104      907.8325      683.6011  4628007   24.70%
  23297 17243      743.6028    96      907.8325      683.6018  4637080   24.70%
  23342 17280      696.7274    94      907.8325      683.6049  4644912   24.70%
  23346 17284      713.4048    94      907.8325      683.6049  4645630   24.70%
  23376 17314      787.4399    69      907.8325      683.6049  4653702   24.70%
  23419 17357      878.7697    47      907.8325      683.6049  4662042   24.70%
* 23446+17088                          899.1171      683.6135            23.97%
  23446 17090      689.7859   206      899.1171      683.6135  4666061   23.97%
  23487 17131      731.3828    76      899.1171      683.6135  4674076   23.97%
  23528 17160      744.7982   109      899.1171      683.6215  4682728   23.97%
* 23546+17167                          898.9460      683.6226            23.95%
  23546 17169      703.0801   171      898.9460      683.6226  4686821   23.95%
Elapsed time = 3599.37 sec. (2954269.06 ticks, tree = 62.68 MB, solutions = 6)

GUB cover cuts applied:  43
Clique cuts applied:  3
Cover cuts applied:  20
Implied bound cuts applied:  63
Flow cuts applied:  27
Mixed integer rounding cuts applied:  515
Gomory fractional cuts applied:  1

Root node processing (before b&c):
  Real time             =   13.54 sec. (8705.56 ticks)
Sequential b&c:
  Real time             = 3586.46 sec. (2946316.32 ticks)
                          ------------
Total (root+branch&cut) = 3600.00 sec. (2955021.88 ticks)
