Version identifier: 22.1.0.0 | 2022-03-09 | 1a383f8ce
CPXPARAM_Read_DataCheck                          1
CPXPARAM_Threads                                 1
CPXPARAM_TimeLimit                               3600
Tried aggregator 2 times.
MIP Presolve eliminated 2060 rows and 93 columns.
MIP Presolve modified 32025 coefficients.
Aggregator did 161 substitutions.
Reduced MIP has 7540 rows, 726 columns, and 58379 nonzeros.
Reduced MIP has 533 binaries, 0 generals, 0 SOSs, and 0 indicators.
Presolve time = 0.10 sec. (90.95 ticks)
Probing time = 0.01 sec. (5.38 ticks)
Tried aggregator 1 time.
Detecting symmetries...
Reduced MIP has 7540 rows, 726 columns, and 58379 nonzeros.
Reduced MIP has 533 binaries, 0 generals, 0 SOSs, and 0 indicators.
Presolve time = 0.04 sec. (24.75 ticks)
Probing time = 0.01 sec. (5.32 ticks)
Clique table members: 283.
MIP emphasis: balance optimality and feasibility.
MIP search method: dynamic search.
Parallel mode: none, using 1 thread.
Root relaxation solution time = 0.03 sec. (30.70 ticks)

        Nodes                                         Cuts/
   Node  Left     Objective  IInf  Best Integer    Best Bound    ItCnt     Gap

      0     0      178.2885   124                    178.2885      322         
      0     0      178.2885    59                   Cuts: 357      675         
      0     0      178.2885    66                   Cuts: 473     1060         
      0     0      178.2885    50                    Cuts: 74     1283         
      0     0      178.2885    62                   Cuts: 390     1801         
Detecting symmetries...
      0     2      178.2885    62                    178.2885     1801         
Elapsed time = 3.45 sec. (3991.75 ticks, tree = 0.01 MB, solutions = 0)
      5     7      178.3703   101                    178.2897     3227         
     11    13      178.3551    90                    178.3244     4511         
     18    20      178.4469    56                    178.3244     6172         
     20    22      183.7203    54                    178.3244     6491         
     39    41      194.9534    36                    178.3244     7961         
     50    52      191.4933    40                    178.3244     8886         
     82    70      178.3268    91                    178.3268    10461         
     92    80      218.1810    60                    178.3354    12293         
    102    88    infeasible                          178.3354    15451         
    127   111      182.5308    63                    178.3354    20027         
Elapsed time = 6.57 sec. (7849.08 ticks, tree = 0.46 MB, solutions = 0)
    160   142      195.2922    77                    178.3354    26176         
    188   168      186.8190    43                    178.3354    32117         
    269   235      204.6174    68                    178.3364    37895         
    306   256      231.4792    48                    178.3364    43434         
    350   292      179.5850    54                    178.3364    48235         
    440   364      198.4729    30                    178.3364    53457         

Performing restart 1

Repeating presolve.
Tried aggregator 1 time.
MIP Presolve modified 19 coefficients.
Reduced MIP has 7540 rows, 726 columns, and 58379 nonzeros.
Reduced MIP has 533 binaries, 0 generals, 0 SOSs, and 0 indicators.
Presolve time = 0.02 sec. (19.76 ticks)
Tried aggregator 1 time.
Reduced MIP has 7540 rows, 726 columns, and 58379 nonzeros.
Reduced MIP has 533 binaries, 0 generals, 0 SOSs, and 0 indicators.
Presolve time = 0.03 sec. (25.25 ticks)
Represolve time = 0.09 sec. (75.68 ticks)
    480     0      178.3407    97                   Cuts: 744    57848         
    480     0      178.3562   130                   Cuts: 706    58124         
    480     0      178.3663   136                  Cuts: 1229    58343         
    480     0      178.3683   127                  Cuts: 1047    58526         
    480     0      178.3860   160                   Cuts: 559    58835         
    480     0      178.4572   232                   Cuts: 760    59091         
    480     0      178.4843   185                  Cuts: 1985    59261         
    480     0      178.4868   230                   Cuts: 734    59425         
    480     0      178.4895   228                  Cuts: 1896    59524         
    480     0      178.5042   231                  Cuts: 1390    59637         
    480     0      178.5239   209                  Cuts: 1194    59787         
    480     0      178.5487   217                   Cuts: 734    59945         
    480     0      178.5572   197                   Cuts: 613    60150         
    480     0      178.5656   218                  Cuts: 1581    60315         
    480     0      178.5842   209                  Cuts: 1520    60452         
    480     0      178.5914   205                  Cuts: 1389    60749         
    480     0      178.5972   164                  Cuts: 1534    60919         
    480     0      178.6525   148                  Cuts: 1576    61064         
    480     0      178.6594   149                   Cuts: 849    61184         
    480     0      178.6643   146                   Cuts: 587    61454         
    480     0      178.6647   151                  Cuts: 1679    61568         
    480     2      178.6647   127                    178.6653    61568         
    483     5      184.5919    74                    178.6662    62756         
    487     9      185.6360    64                    178.6713    63988         
    500    22      178.6802    87                    178.6802    65388         
Elapsed time = 49.91 sec. (50004.17 ticks, tree = 0.39 MB, solutions = 0)
    505    27      180.7180    56                    178.6802    67061         
    524    46      202.9530    47                    178.6802    68842         
    563    84      189.9618    26                    178.6802    70657         
    585   101      211.2415    52                    178.6825    71995         
    598   114      179.3228    33                    178.6825    74290         
    660   166      182.3476    46                    178.6847    77800         
*   680+  179                          200.9090      178.6847            11.06%
    705   198      195.1609    39      200.9090      178.6994    81139   11.05%
    759   245      180.4706    45      200.9090      178.7014    84265   11.05%
    815   300      186.6118    18      200.9090      178.7014    88240   11.05%
    872   339      180.2150    42      200.9090      178.7528    91748   11.03%
Elapsed time = 58.75 sec. (60893.64 ticks, tree = 0.95 MB, solutions = 1)
    942   395      184.7407    54      200.9090      178.7714    94629   11.02%
   1015   461      184.9071    16      200.9090      178.7791    98138   11.01%
*  1080+  505                          200.6448      178.8070            10.88%
   1090   509      186.8542    44      200.6448      178.8134   101720   10.88%
   1125   539      196.2575    29      200.6448      178.8145   105544   10.88%
   1174   577      178.8635    51      200.6448      178.8275   108764   10.87%
   1230   622      180.3715    46      200.6448      178.8974   111921   10.84%
   1289   673      197.0395    24      200.6448      178.8987   115687   10.84%
   1349   717      200.5839    16      200.6448      178.9159   118923   10.83%
   1402   755      182.8429    43      200.6448      178.9360   122931   10.82%
*  1440+  764                          199.1913      178.9615            10.16%
*  1440+  749                          198.1607      178.9615             9.69%
   1440   749        cutoff            198.1607      178.9615   126335    9.69%
Elapsed time = 73.17 sec. (75759.99 ticks, tree = 1.53 MB, solutions = 4)
   1442   751      179.0247    52      198.1607      178.9692   127176    9.68%
   1480   783      180.7689    46      198.1607      178.9883   129054    9.68%
   1532   814      183.1799    47      198.1607      179.0532   133310    9.64%
   1577   845      182.1257    43      198.1607      179.0834   136718    9.63%
   1637   889      182.3813    47      198.1607      179.1168   140821    9.61%
   1691   923      179.6749    42      198.1607      179.1168   145419    9.61%
   1742   956      195.2003    29      198.1607      179.1402   150269    9.60%
   1776   976      181.3086    71      198.1607      179.1525   152271    9.59%
   1840  1034      197.3210    16      198.1607      179.1525   156483    9.59%
*  1920+ 1068                          197.3404      179.1609             9.21%
   1920  1070      186.8402    32      197.3404      179.1609   160512    9.21%
Elapsed time = 84.04 sec. (87950.95 ticks, tree = 1.94 MB, solutions = 5)
   1972  1114      190.0596    32      197.3404      179.1679   164256    9.21%
*  2020+ 1102                          196.6229      179.1700             8.88%
*  2020+ 1078                          196.0379      179.1700             8.60%
   2020  1080      194.4402    18      196.0379      179.1700   166661    8.60%
   2088  1126      179.6608    41      196.0379      179.2001   170725    8.59%
   2162  1177      191.7526    22      196.0379      179.2102   174420    8.58%
   2224  1218      180.5222    38      196.0379      179.2203   178742    8.58%
   2320  1291      193.2068    32      196.0379      179.2318   182587    8.57%
   2367  1327      186.4283    42      196.0379      179.2469   187105    8.57%
   2437  1381      187.2047    43      196.0379      179.2543   190826    8.56%
   2499  1428      179.9874    51      196.0379      179.3031   194847    8.54%
   2554  1461      182.5923    41      196.0379      179.3306   200605    8.52%
Elapsed time = 92.94 sec. (97661.07 ticks, tree = 2.48 MB, solutions = 7)
   2627  1514      188.2984    54      196.0379      179.3412   204811    8.52%
   2670  1547      195.5462    30      196.0379      179.3448   209891    8.52%
   2730  1591      185.4701    35      196.0379      179.3625   213695    8.51%
   2786  1630      181.7635    48      196.0379      179.3770   218175    8.50%
   2851  1673      180.5237    46      196.0379      179.3866   222461    8.49%
   2903  1709      187.5676    34      196.0379      179.3930   227176    8.49%
   2962  1752      193.6910    33      196.0379      179.4060   232182    8.48%
   3021  1785      191.2268    34      196.0379      179.4166   236988    8.48%
   3090  1839      188.2981    39      196.0379      179.4282   241163    8.47%
   3140  1863      193.1338    29      196.0379      179.4469   246333    8.46%
Elapsed time = 101.89 sec. (107407.17 ticks, tree = 2.91 MB, solutions = 7)
   3194  1897      180.0446    52      196.0379      179.4609   251131    8.46%
   3248  1934      186.0955    38      196.0379      179.4777   255599    8.45%
   3299  1966      194.2029    30      196.0379      179.5000   260377    8.44%
   3366  2006      181.9548    52      196.0379      179.5112   264688    8.43%
   3420  2036      193.0667    42      196.0379      179.5112   270214    8.43%
   3478  2076      194.6374    27      196.0379      179.5112   274323    8.43%
   3528  2105      184.2637    38      196.0379      179.5112   278083    8.43%
   3580  2134      179.5836    41      196.0379      179.5177   283028    8.43%
   3645  2187      180.1572    52      196.0379      179.5232   286840    8.42%
   3697  2224      181.5203    42      196.0379      179.5380   292047    8.42%
Elapsed time = 110.81 sec. (117062.89 ticks, tree = 3.48 MB, solutions = 7)
   3741  2257      191.1278    44      196.0379      179.5397   297263    8.42%
   3810  2305      191.4778    37      196.0379      179.5488   302541    8.41%
   3880  2359      191.8701    38      196.0379      179.5723   307113    8.40%
   3970  2422      193.5115    31      196.0379      179.5747   311429    8.40%
   4037  2471      180.7818    35      196.0379      179.5770   315489    8.40%
   4101  2516      181.4819    54      196.0379      179.5970   319775    8.39%
   4170  2568      194.5460    32      196.0379      179.6072   324159    8.38%
   4237  2618      190.5465    36      196.0379      179.6146   327906    8.38%
   4300  2666      182.6869    54      196.0379      179.6226   332325    8.37%
   4353  2697      184.3657    48      196.0379      179.6272   337323    8.37%
Elapsed time = 119.77 sec. (126723.16 ticks, tree = 4.13 MB, solutions = 7)
   4419  2728      182.6163    42      196.0379      179.6367   342723    8.37%
   4472  2766      183.4116    46      196.0379      179.6581   347899    8.36%
   4499  2776      191.6240    35      196.0379      179.6649   350504    8.35%
   4555  2812      180.6461    71      196.0379      179.6685   355224    8.35%
   4628  2867      192.7531    30      196.0379      179.6744   360467    8.35%
   4714  2940      194.7198    24      196.0379      179.6749   364903    8.35%

Performing restart 2

Repeating presolve.
Tried aggregator 1 time.
MIP Presolve eliminated 37 rows and 2 columns.
MIP Presolve modified 2462 coefficients.
Reduced MIP has 7503 rows, 724 columns, and 61472 nonzeros.
Reduced MIP has 531 binaries, 0 generals, 0 SOSs, and 0 indicators.
Presolve time = 0.09 sec. (72.81 ticks)
Tried aggregator 1 time.
MIP Presolve modified 10 coefficients.
Reduced MIP has 7503 rows, 724 columns, and 61472 nonzeros.
Reduced MIP has 531 binaries, 0 generals, 0 SOSs, and 0 indicators.
Presolve time = 0.04 sec. (27.93 ticks)
Represolve time = 0.31 sec. (190.35 ticks)
   4760     0      178.6664   155      196.0379    Cuts: 1882   370088    8.35%
   4760     0      178.6665   137      196.0379     Cuts: 574   370244    8.35%
   4760     0      178.6668   161      196.0379     Cuts: 858   370365    8.35%
   4760     0      178.6668   158      196.0379     Cuts: 861   370540    8.35%
   4760     0      178.6668   158      196.0379     Cuts: 248   370680    8.35%
   4760     0      178.6668   137      196.0379    Cuts: 1248   370820    8.35%
   4760     0      178.6668   156      196.0379    Cuts: 1254   370956    8.35%
   4760     0      178.6668   147      196.0379     Cuts: 876   371064    8.35%
   4760     0      178.6668   154      196.0379    Cuts: 1919   371189    8.35%
   4760     2      178.6668   120      196.0379      179.6749   371189    8.35%
   4761     3      178.6693    95      196.0379      179.6749   371222    8.35%
   4766     8      184.2365    36      196.0379      179.6749   371784    8.35%
   4810    42      179.2637    40      196.0379      179.6749   375382    8.35%
Elapsed time = 144.48 sec. (151670.89 ticks, tree = 0.35 MB, solutions = 7)
   4922   134      194.7320    42      196.0379      179.6749   381934    8.35%
*  5040+  223                          194.8312      179.6749             7.78%
   5054   231      179.3618    50      194.8312      179.6749   391458    7.78%
   5146   300      182.3144    43      194.8312      179.6749   398996    7.78%
   5317   431      187.6393    44      194.8312      179.6749   413198    7.78%
   5473   544      189.6892    34      194.8312      179.6749   427871    7.78%
   5637   648      184.5987    53      194.8312      179.6749   443682    7.78%
   5780   745        cutoff            194.8312      179.6749   461316    7.78%
   5963   866      179.8963    37      194.8312      179.6749   476852    7.78%
   6196  1053      179.8222    41      194.8312      179.6749   492972    7.78%
   6438  1232      192.3896    20      194.8312      179.6749   510364    7.78%
Elapsed time = 177.63 sec. (190307.28 ticks, tree = 2.43 MB, solutions = 8)
   6666  1375        cutoff            194.8312      179.6749   527888    7.78%
*  6866  1488      integral     0      194.5506      179.6749   542825    7.65%
   6874  1494      185.1609    43      194.5506      179.6749   543780    7.65%
   7064  1620      194.3709    22      194.5506      179.6906   559635    7.64%
   7320  1791      181.1066    55      194.5506      179.7459   577913    7.61%
*  7445  1739      integral     0      193.8766      179.7714   585975    7.28%
   7545  1802      193.7680    27      193.8766      179.7827   592620    7.27%
   7745  1952      190.9056    36      193.8766      179.8155   610286    7.25%
   7937  2071      181.2860    47      193.8766      179.8739   628874    7.22%
   8194  2236      193.3625    45      193.8766      179.9179   647009    7.20%
   8410  2393      180.0372    55      193.8766      179.9348   665151    7.19%
   8621  2530      193.0001    49      193.8766      179.9699   683125    7.17%
Elapsed time = 213.49 sec. (229342.37 ticks, tree = 4.26 MB, solutions = 10)
   8820  2671      183.0149    56      193.8766      180.0225   701795    7.15%
   8982  2768      188.1464    57      193.8766      180.0774   722535    7.12%
   9200  2887      189.9599    36      193.8766      180.1695   742066    7.07%
   9407  2994      181.6739    53      193.8766      180.2407   762020    7.03%
   9642  3135      182.9465    56      193.8766      180.3303   781522    6.99%
*  9760+ 3092                          193.6057      180.3539             6.84%
   9841  3142      186.1661    48      193.6057      180.3795   799365    6.83%
   9961  3228      191.1968    43      193.6057      180.4137   811308    6.81%
  10177  3351      193.4262    39      193.6057      180.4800   831266    6.78%
  10422  3514      193.2864    27      193.6057      180.5190   850408    6.76%
  10639  3642      184.7987    57      193.6057      180.5661   869690    6.74%
Elapsed time = 248.79 sec. (267653.87 ticks, tree = 5.88 MB, solutions = 11)
  10817  3744      182.4950    44      193.6057      180.6143   886947    6.71%
  11055  3906      186.6167    40      193.6057      180.6488   907075    6.69%
  11265  4008      186.9070    66      193.6057      180.7026   927769    6.66%
  11473  4119      188.8820    53      193.6057      180.7472   948205    6.64%
  11643  4203      188.0542    75      193.6057      180.7866   969049    6.62%
  11849  4303      191.3863    31      193.6057      180.8509   989342    6.59%
  12037  4396      193.2789    27      193.6057      180.8824  1008642    6.57%
  12270  4534      184.1975    46      193.6057      180.9485  1029451    6.54%
  12443  4615      191.5194    41      193.6057      181.0040  1048989    6.51%
  12672  4729      185.9851    45      193.6057      181.0726  1068253    6.47%
Elapsed time = 283.84 sec. (305886.66 ticks, tree = 7.57 MB, solutions = 11)
  12865  4828      190.9096    31      193.6057      181.1053  1089332    6.46%
  13072  4931      192.1397    39      193.6057      181.1275  1109506    6.45%
  13294  5041      189.5270    40      193.6057      181.1586  1128960    6.43%
  13535  5153      181.7453    42      193.6057      181.2301  1149738    6.39%
  13760  5291      185.7868    44      193.6057      181.2702  1169672    6.37%
  13975  5417      190.4614    45      193.6057      181.2966  1189910    6.36%
  14219  5567      193.4243    35      193.6057      181.3540  1210260    6.33%
  14487  5723      188.4465    47      193.6057      181.3920  1230178    6.31%
  14736  5848      193.4937    39      193.6057      181.4440  1249536    6.28%
  14918  5968      184.5167    51      193.6057      181.4700  1266294    6.27%
Elapsed time = 319.66 sec. (344766.56 ticks, tree = 9.19 MB, solutions = 11)
  15151  6111      192.0163    35      193.6057      181.5112  1286552    6.25%
  15318  6199      184.7920    38      193.6057      181.5471  1304739    6.23%
  15523  6302      191.2614    38      193.6057      181.5921  1323363    6.21%
  15707  6395      184.2521    34      193.6057      181.6164  1342367    6.19%
  15925  6514      182.0053    52      193.6057      181.6607  1362302    6.17%
  16155  6657      189.4835    49      193.6057      181.6903  1382157    6.15%
  16367  6777      188.7857    43      193.6057      181.7150  1400486    6.14%
  16578  6886      189.3507    57      193.6057      181.7731  1419901    6.11%
  16764  6962      182.6922    53      193.6057      181.8157  1436379    6.09%
  16964  7096      182.2719    45      193.6057      181.8351  1448649    6.08%
Elapsed time = 354.82 sec. (383065.30 ticks, tree = 16.78 MB, solutions = 11)
  17175  7257      193.1000    35      193.6057      181.8351  1468428    6.08%
  17385  7358      191.6508    35      193.6057      181.8637  1489409    6.06%
* 17560+ 6460                          192.8475      181.8788             5.69%
  17608  6484      188.2681    39      192.8475      181.8818  1507666    5.69%
  17776  6566      192.8237    53      192.8475      181.9164  1526058    5.67%
  17956  6653      187.3047    65      192.8475      181.9467  1544935    5.65%
  18138  6725      183.0611    41      192.8475      181.9881  1563568    5.63%
  18392  6855      182.5104    45      192.8475      182.0242  1583227    5.61%
  18610  6980      183.6305    43      192.8475      182.0521  1602707    5.60%
  18782  7053      182.3996    70      192.8475      182.0891  1623211    5.58%
  19017  7200      192.2826    25      192.8475      182.1147  1643717    5.57%
Elapsed time = 390.12 sec. (421543.71 ticks, tree = 15.60 MB, solutions = 12)
  19209  7289      183.7795    28      192.8475      182.1355  1663471    5.55%
  19383  7360      185.6684    32      192.8475      182.1728  1683832    5.54%
  19589  7460      190.5835    46      192.8475      182.2140  1703164    5.51%
  19808  7557        cutoff            192.8475      182.2611  1723566    5.49%
  20043  7664      190.4295    44      192.8475      182.2967  1744366    5.47%
  20243  7758      188.4247    56      192.8475      182.3281  1763630    5.45%
  20424  7854      186.9622    31      192.8475      182.3513  1784056    5.44%
  20639  7928      186.7013    74      192.8475      182.3855  1805400    5.43%
  20842  8062      183.6474    38      192.8475      182.3996  1823759    5.42%
  21015  8163      189.5438    53      192.8475      182.4194  1843717    5.41%
Elapsed time = 426.40 sec. (459939.06 ticks, tree = 16.87 MB, solutions = 12)
  21237  8277      184.3363    56      192.8475      182.4543  1862958    5.39%
  21466  8437      188.5006    62      192.8475      182.4668  1883099    5.38%
  21705  8560      191.7358    38      192.8475      182.4976  1903535    5.37%
  21868  8672      191.4888    44      192.8475      182.5095  1920288    5.36%
  22096  8811      190.4737    51      192.8475      182.5330  1939562    5.35%
  22327  8946        cutoff            192.8475      182.5462  1957508    5.34%
  22568  9083      190.1613    46      192.8475      182.5689  1976304    5.33%
  22760  9184      190.8480    50      192.8475      182.5856  1991382    5.32%
  22931  9244      183.9787    43      192.8475      182.5940  2011802    5.32%
  23111  9345      186.2145    69      192.8475      182.6100  2031189    5.31%
Elapsed time = 462.97 sec. (498233.53 ticks, tree = 18.82 MB, solutions = 12)
  23284  9449      185.3875    61      192.8475      182.6131  2051179    5.31%
  23496  9552      186.5280    43      192.8475      182.6343  2070129    5.30%
  23680  9658      191.7362    42      192.8475      182.6475  2089599    5.29%
  23884  9748      185.6048    55      192.8475      182.6703  2109912    5.28%
  24066  9832      187.9582    31      192.8475      182.6922  2127987    5.27%
  24259  9925      185.6576    76      192.8475      182.7151  2147492    5.25%
  24477 10029      183.1095    62      192.8475      182.7425  2165264    5.24%
  24651 10118      183.6888    37      192.8475      182.7551  2184969    5.23%
  24896 10241      183.3688    42      192.8475      182.7741  2202717    5.22%
  25100 10331      192.3533    20      192.8475      182.7924  2222736    5.21%
Elapsed time = 498.29 sec. (536641.93 ticks, tree = 20.37 MB, solutions = 12)
  25300 10446      191.0311    39      192.8475      182.8072  2242508    5.21%
  25543 10586      191.4059    36      192.8475      182.8183  2261136    5.20%
  25763 10723      192.2701    40      192.8475      182.8251  2277951    5.20%
  25957 10814      189.8774    43      192.8475      182.8473  2297349    5.19%
  26151 10917        cutoff            192.8475      182.8583  2317426    5.18%
  26374 11027      184.2335    67      192.8475      182.8743  2336165    5.17%
  26569 11121      184.5278    55      192.8475      182.8902  2356169    5.16%
  26793 11251      184.0721    53      192.8475      182.9074  2374195    5.15%
  26981 11333      192.7409    42      192.8475      182.9289  2394130    5.14%
  27199 11459      190.0517    33      192.8475      182.9470  2413488    5.13%
Elapsed time = 534.69 sec. (574980.10 ticks, tree = 21.99 MB, solutions = 12)
  27448 11602      189.2668    51      192.8475      182.9596  2432321    5.13%
  27678 11702        cutoff            192.8475      182.9735  2449756    5.12%
  27895 11831      189.9509    29      192.8475      182.9916  2467935    5.11%
  28122 11949      187.5482    82      192.8475      183.0077  2486783    5.10%
  28364 12098      191.0504    38      192.8475      183.0189  2505232    5.10%
  28533 12168      192.3609    32      192.8475      183.0392  2524682    5.09%
  28696 12245      192.2150    57      192.8475      183.0491  2545400    5.08%
  28846 12312      183.5521    62      192.8475      183.0615  2563998    5.07%
  29046 12388      191.8130    51      192.8475      183.0850  2584118    5.06%
  29227 12470      185.0481    50      192.8475      183.1011  2603771    5.05%
Elapsed time = 569.95 sec. (613213.12 ticks, tree = 23.39 MB, solutions = 12)
  29395 12530      192.1084    21      192.8475      183.1154  2623970    5.05%
  29599 12611      192.5913    36      192.8475      183.1387  2644264    5.03%
  29782 12683      191.5250    56      192.8475      183.1521  2665133    5.03%
  29951 12767      185.8653    47      192.8475      183.1666  2685704    5.02%
  30104 12840      192.7363    39      192.8475      183.1766  2705674    5.01%
  30295 12929      187.6591    35      192.8475      183.1897  2726353    5.01%
  30489 13015      189.9874    50      192.8475      183.2068  2745993    5.00%
  30752 13157      184.5590    52      192.8475      183.2184  2765190    4.99%
  30940 13226      184.9046    37      192.8475      183.2390  2785630    4.98%
  31112 13299      191.7242    50      192.8475      183.2541  2805982    4.97%
Elapsed time = 605.17 sec. (651571.04 ticks, tree = 24.50 MB, solutions = 12)
  31324 13402      187.7464    54      192.8475      183.2760  2825227    4.96%
  31511 13457      185.7045    41      192.8475      183.2866  2847607    4.96%
  31674 13509      183.9872    60      192.8475      183.3047  2868613    4.95%
  31834 13590      189.3552    54      192.8475      183.3175  2885136    4.94%
  32026 13665        cutoff            192.8475      183.3384  2904805    4.93%
  32228 13758      189.3213    64      192.8475      183.3524  2925643    4.92%
  32416 13846      191.8209    26      192.8475      183.3653  2946002    4.92%
  32628 13928      192.7683    21      192.8475      183.3906  2966874    4.90%
  32829 14011      189.6461    42      192.8475      183.4092  2986185    4.89%
  33042 14068      192.6554    41      192.8475      183.4296  3006951    4.88%
Elapsed time = 640.86 sec. (689829.77 ticks, tree = 25.52 MB, solutions = 12)
  33255 14169      189.4498    45      192.8475      183.4409  3026948    4.88%
  33450 14233      185.6341    59      192.8475      183.4588  3048022    4.87%
  33641 14316      185.8653    51      192.8475      183.4741  3068749    4.86%
  33867 14411        cutoff            192.8475      183.5021  3088860    4.85%
  34106 14535      191.1976    62      192.8475      183.5091  3107990    4.84%
  34346 14644      190.8930    52      192.8475      183.5271  3128510    4.83%
  34571 14730      191.3087    27      192.8475      183.5466  3148589    4.82%
  34841 14870      191.7884    49      192.8475      183.5657  3167131    4.81%
  35061 14952      186.5568    70      192.8475      183.5902  3186631    4.80%
  35265 15032      186.7345    59      192.8475      183.6124  3207148    4.79%
Elapsed time = 675.98 sec. (728141.06 ticks, tree = 26.74 MB, solutions = 12)
  35437 15095      185.1249    48      192.8475      183.6282  3227706    4.78%
  35667 15187      190.4500    47      192.8475      183.6426  3246949    4.77%
  35881 15276      184.0482    57      192.8475      183.6557  3266987    4.77%
  36112 15395      192.6568    46      192.8475      183.6627  3285181    4.76%
  36347 15491        cutoff            192.8475      183.6829  3305257    4.75%
  36534 15553      184.4520    55      192.8475      183.6951  3325133    4.75%
  36771 15665        cutoff            192.8475      183.7091  3344976    4.74%
  36964 15746      184.1604    52      192.8475      183.7272  3366308    4.73%
  37157 15830      185.7296    68      192.8475      183.7476  3388662    4.72%
  37417 15962      189.1716    46      192.8475      183.7641  3409305    4.71%
Elapsed time = 711.09 sec. (766502.72 ticks, tree = 27.91 MB, solutions = 12)
  37646 16088      186.1822    36      192.8475      183.7795  3429241    4.70%
  37763 16134      184.8895    80      192.8475      183.7795  3449342    4.70%
  37966 16220      192.3219    41      192.8475      183.7893  3469459    4.70%
  38164 16308      192.6859    44      192.8475      183.8056  3489819    4.69%
  38376 16406      186.6442    57      192.8475      183.8172  3509677    4.68%
  38626 16521      187.0788    56      192.8475      183.8283  3529325    4.68%
  38830 16625      190.0697    53      192.8475      183.8392  3544412    4.67%
  39017 16707        cutoff            192.8475      183.8509  3565435    4.67%
  39243 16815      184.6017    46      192.8475      183.8593  3584717    4.66%
* 39278 16068      integral     0      192.6307      183.8593  3586589    4.55%
  39409 16108      185.6357    62      192.6307      183.8593  3606901    4.55%
Elapsed time = 746.65 sec. (804815.86 ticks, tree = 28.49 MB, solutions = 13)
  39582 16158        cutoff            192.6307      183.8633  3629221    4.55%
  39773 16252      185.0279    52      192.6307      183.8735  3644066    4.55%
  39997 16323      186.1624    53      192.6307      183.8921  3664706    4.54%
  40226 16404      185.3433    51      192.6307      183.9156  3684226    4.52%
  40466 16488      189.3876    51      192.6307      183.9387  3703902    4.51%
  40695 16595      192.0860    28      192.6307      183.9544  3722530    4.50%
  40888 16654      191.3443    46      192.6307      183.9728  3739820    4.49%
  41095 16726      191.9895    42      192.6307      183.9907  3759063    4.49%
  41286 16778      191.0647    53      192.6307      184.0112  3779346    4.47%
  41531 16899      189.4432    49      192.6307      184.0253  3798040    4.47%
Elapsed time = 782.02 sec. (843112.11 ticks, tree = 29.42 MB, solutions = 13)
  41679 16958      190.0078    33      192.6307      184.0356  3818687    4.46%
  41870 17015      189.0991    51      192.6307      184.0567  3838295    4.45%
  42069 17087      187.9618    48      192.6307      184.0682  3857338    4.45%
  42299 17195      191.6746    37      192.6307      184.0772  3878210    4.44%
  42545 17274      184.3490    54      192.6307      184.0945  3897804    4.43%
  42781 17398      191.5286    45      192.6307      184.1063  3916268    4.43%
* 43003 16589      integral     0      192.3458      184.1117  3932216    4.28%
  43029 16603      191.7288    36      192.3458      184.1123  3934908    4.28%
* 43103+14361                          191.6972      184.1172             3.95%
  43244 14414      190.1547    45      191.6972      184.1240  3953364    3.95%
  43433 14523        cutoff            191.6972      184.1302  3971944    3.95%
  43588 14581      186.7332    40      191.6972      184.1362  3993080    3.94%
Elapsed time = 817.49 sec. (881386.30 ticks, tree = 25.10 MB, solutions = 15)
  43802 14685      186.0145    53      191.6972      184.1501  4011045    3.94%
  44019 14763        cutoff            191.6972      184.1644  4030058    3.93%
  44226 14829      186.3303    49      191.6972      184.1866  4050359    3.92%
  44425 14895      184.3244    39      191.6972      184.1995  4069552    3.91%
  44619 14948      187.1388    35      191.6972      184.2157  4090388    3.90%
  44827 15027      189.2057    45      191.6972      184.2327  4110213    3.89%
  45012 15107      185.3232    52      191.6972      184.2389  4131143    3.89%
  45205 15200      191.3164    30      191.6972      184.2516  4149016    3.88%
  45437 15281      186.2354    46      191.6972      184.2698  4169251    3.87%
  45628 15345      189.5218    62      191.6972      184.2873  4189497    3.87%
Elapsed time = 853.76 sec. (919667.11 ticks, tree = 26.07 MB, solutions = 15)
  45858 15406        cutoff            191.6972      184.3021  4208907    3.86%
  46057 15467      184.3183    30      191.6972      184.3183  4228762    3.85%
  46239 15517      186.1083    76      191.6972      184.3250  4250468    3.85%
  46449 15599      189.1515    34      191.6972      184.3404  4269895    3.84%
  46673 15692      185.7370    42      191.6972      184.3567  4290171    3.83%
  46885 15784      187.6593    47      191.6972      184.3729  4309473    3.82%
  47103 15854      187.5395    55      191.6972      184.3972  4330060    3.81%
  47297 15899        cutoff            191.6972      184.4069  4350990    3.80%
  47535 15986      185.8617    46      191.6972      184.4252  4370598    3.79%
  47772 16099      184.4555    46      191.6972      184.4473  4389859    3.78%
Elapsed time = 891.95 sec. (958007.66 ticks, tree = 26.95 MB, solutions = 15)
  48016 16180      188.8034    41      191.6972      184.4671  4410427    3.77%
  48242 16247        cutoff            191.6972      184.4972  4430269    3.76%
  48504 16371      190.4539    18      191.6972      184.5119  4449168    3.75%
  48747 16486      186.7931    39      191.6972      184.5269  4468192    3.74%
  48945 16545      190.1458    31      191.6972      184.5387  4487963    3.73%
  49164 16635      184.7671    31      191.6972      184.5480  4507393    3.73%
  49373 16698      191.4123    48      191.6972      184.5657  4527206    3.72%
  49586 16736        cutoff            191.6972      184.5791  4547582    3.71%
  49811 16836        cutoff            191.6972      184.5943  4566611    3.71%
  49991 16874      184.6766    52      191.6972      184.6038  4587236    3.70%
Elapsed time = 950.85 sec. (996276.67 ticks, tree = 27.93 MB, solutions = 15)
  50203 16957      185.6684    39      191.6972      184.6180  4606101    3.69%
  50405 17021      190.5969    37      191.6972      184.6327  4625612    3.69%
  50601 17077      189.5784    46      191.6972      184.6488  4645461    3.68%
  50820 17191      191.5835    40      191.6972      184.6548  4663854    3.67%
  51030 17269      189.8508    57      191.6972      184.6758  4683185    3.66%
  51213 17343      185.5114    62      191.6972      184.6789  4703254    3.66%
  51466 17427      190.7861    69      191.6972      184.6950  4722774    3.65%
  51694 17528      188.9494    46      191.6972      184.7077  4742429    3.65%
  51960 17653      189.7377    34      191.6972      184.7228  4762886    3.64%
  52158 17723      190.3979    29      191.6972      184.7340  4781672    3.63%
Elapsed time = 1006.11 sec. (1034649.90 ticks, tree = 29.06 MB, solutions = 15)
  52376 17797      189.7030    47      191.6972      184.7473  4799810    3.63%
  52601 17871        cutoff            191.6972      184.7599  4817878    3.62%
  52818 17947      184.7756    50      191.6972      184.7756  4836819    3.61%
  53032 18017        cutoff            191.6972      184.7842  4857157    3.61%
  53275 18107      191.1131    41      191.6972      184.7967  4876335    3.60%
  53546 18222      190.8480    49      191.6972      184.8102  4895268    3.59%
  53755 18307      186.7423    55      191.6972      184.8233  4914087    3.59%
  53953 18375      190.2246    52      191.6972      184.8392  4933804    3.58%
  54214 18475      191.6168    23      191.6972      184.8531  4951659    3.57%
  54445 18591      186.6500    50      191.6972      184.8610  4970442    3.57%
Elapsed time = 1046.87 sec. (1073034.81 ticks, tree = 30.10 MB, solutions = 15)
  54706 18710      184.8887    55      191.6972      184.8779  4988993    3.56%
  54953 18788      186.0452    29      191.6972      184.8926  5008648    3.55%
  55177 18859      186.0521    49      191.6972      184.9108  5027098    3.54%
  55405 18948        cutoff            191.6972      184.9261  5046677    3.53%
  55613 19011      191.6551    51      191.6972      184.9463  5065516    3.52%
  55817 19098      187.9581    51      191.6972      184.9565  5083042    3.52%
  56037 19219      191.2045    59      191.6972      184.9646  5102022    3.51%
  56236 19272      189.5326    24      191.6972      184.9822  5120929    3.50%
  56460 19330      185.9318    52      191.6972      185.0030  5140119    3.49%
  56649 19359      187.9827    27      191.6972      185.0171  5159333    3.48%
Elapsed time = 1087.00 sec. (1111411.01 ticks, tree = 31.00 MB, solutions = 15)
  56798 19428      191.2649    33      191.6972      185.0279  5172524    3.48%
  57035 19522      191.4713    25      191.6972      185.0447  5191106    3.47%
  57264 19602      185.6989    45      191.6972      185.0594  5209793    3.46%
  57526 19713      191.0289    26      191.6972      185.0751  5228346    3.45%
  57749 19776        cutoff            191.6972      185.0922  5246728    3.45%
  57983 19871      188.2682    52      191.6972      185.1084  5266268    3.44%
  58213 19938      188.5745    27      191.6972      185.1264  5284530    3.43%
  58375 19991        cutoff            191.6972      185.1342  5304460    3.42%
  58575 20065      190.6137    32      191.6972      185.1406  5323978    3.42%
  58775 20131      190.1073    46      191.6972      185.1523  5343499    3.41%
Elapsed time = 1127.73 sec. (1149663.19 ticks, tree = 31.97 MB, solutions = 15)
  59018 20207      191.2931    37      191.6972      185.1697  5362861    3.41%
  59238 20280      185.4377    51      191.6972      185.1817  5381329    3.40%
  59458 20337        cutoff            191.6972      185.2008  5399560    3.39%
  59671 20439      189.0349    26      191.6972      185.2064  5419081    3.39%
  59919 20556      186.4757    34      191.6972      185.2165  5437532    3.38%
  60151 20658      190.8168    50      191.6972      185.2330  5455966    3.37%
  60368 20722      188.0150    51      191.6972      185.2490  5474715    3.36%
  60554 20806      189.2529    48      191.6972      185.2607  5494048    3.36%
  60754 20902      190.9368    53      191.6972      185.2703  5513426    3.35%
  60992 20999      190.6196    39      191.6972      185.2772  5531491    3.35%
Elapsed time = 1167.92 sec. (1187945.84 ticks, tree = 33.13 MB, solutions = 15)
  61233 21096      189.7030    49      191.6972      185.2872  5550936    3.34%
  61463 21174      191.6951    42      191.6972      185.3032  5569564    3.34%
  61667 21253      189.4828    43      191.6972      185.3128  5590162    3.33%
  61894 21325      187.1998    42      191.6972      185.3283  5609384    3.32%
  62218 21487      190.4432    33      191.6972      185.3378  5626994    3.32%
  62465 21587      191.6550    31      191.6972      185.3452  5645939    3.31%
  62683 21638      187.6827    51      191.6972      185.3531  5665284    3.31%
  62924 21749      190.5756    43      191.6972      185.3587  5683306    3.31%
  63135 21828      191.0263    61      191.6972      185.3724  5703031    3.30%
  63386 21899      185.3884    56      191.6972      185.3884  5721602    3.29%
Elapsed time = 1208.88 sec. (1226264.10 ticks, tree = 34.34 MB, solutions = 15)
  63616 21979      186.6805    47      191.6972      185.4026  5741193    3.28%
  63813 22030      188.8706    37      191.6972      185.4155  5761227    3.28%
  64055 22116      190.8150    32      191.6972      185.4276  5780429    3.27%
  64258 22193      186.8578    45      191.6972      185.4378  5801206    3.27%
  64504 22257      191.4331    48      191.6972      185.4588  5821318    3.25%
  64738 22345      190.6805    50      191.6972      185.4725  5840461    3.25%
  64915 22377      188.7428    52      191.6972      185.4878  5859913    3.24%
  65174 22463      187.4895    27      191.6972      185.4995  5878505    3.23%
  65441 22593      189.8822    33      191.6972      185.5111  5897751    3.23%
  65686 22651      185.9205    57      191.6972      185.5255  5917099    3.22%
Elapsed time = 1250.07 sec. (1264727.08 ticks, tree = 35.23 MB, solutions = 15)
  65949 22770      185.5404    49      191.6972      185.5372  5936118    3.21%
  66159 22827      186.4423    49      191.6972      185.5493  5955431    3.21%
  66399 22927      191.3190    39      191.6972      185.5629  5975019    3.20%
  66611 22968      188.8481    51      191.6972      185.5755  5993091    3.19%
  66830 23007      190.6978    26      191.6972      185.5909  6013169    3.19%
  67021 23029        cutoff            191.6972      185.6007  6034068    3.18%
  67225 23089      189.7550    56      191.6972      185.6074  6054173    3.18%
  67428 23150      187.6044    56      191.6972      185.6172  6074137    3.17%
  67670 23248      187.4895    30      191.6972      185.6286  6092206    3.17%
  67863 23295      190.7856    46      191.6972      185.6361  6112370    3.16%
Elapsed time = 1292.09 sec. (1303030.00 ticks, tree = 36.09 MB, solutions = 15)
  68102 23377      191.0033    25      191.6972      185.6441  6131946    3.16%
  68307 23419      190.6742    51      191.6972      185.6529  6153207    3.15%
  68564 23520      188.2404    61      191.6972      185.6630  6171798    3.15%
  68784 23608      188.9273    38      191.6972      185.6684  6189842    3.14%
  68983 23673      185.6778    41      191.6972      185.6778  6211791    3.14%
  69201 23723      188.6829    41      191.6972      185.6894  6233124    3.13%
  69371 23755      186.3797    42      191.6972      185.6980  6254772    3.13%
  69572 23820      186.8437    62      191.6972      185.7042  6274217    3.13%
  69797 23884      185.7158    56      191.6972      185.7158  6292745    3.12%
  70025 23942      185.7258    41      191.6972      185.7258  6312617    3.12%
Elapsed time = 1334.38 sec. (1341451.77 ticks, tree = 36.90 MB, solutions = 15)
  70260 24035      188.9208    50      191.6972      185.7358  6332869    3.11%
  70503 24107      190.1147    50      191.6972      185.7503  6352555    3.10%
  70745 24153      191.3260    43      191.6972      185.7657  6372771    3.09%
  70944 24198      188.9136    34      191.6972      185.7797  6394090    3.09%
  71216 24285      186.0797    71      191.6972      185.7915  6412060    3.08%
  71475 24360      188.6091    52      191.6972      185.8042  6431284    3.07%
  71730 24441      188.5983    47      191.6972      185.8173  6450679    3.07%
  71947 24496      191.6614    42      191.6972      185.8292  6470550    3.06%
  72210 24557      190.3099    42      191.6972      185.8454  6490296    3.05%
  72477 24638      188.9417    40      191.6972      185.8592  6509829    3.05%
Elapsed time = 1377.51 sec. (1379772.95 ticks, tree = 37.77 MB, solutions = 15)
  72730 24676      185.8823    46      191.6972      185.8653  6530203    3.04%
  72981 24725        cutoff            191.6972      185.8771  6548980    3.04%
  73187 24771      189.7638    58      191.6972      185.8847  6570033    3.03%
  73420 24799      186.0148    33      191.6972      185.9033  6590469    3.02%
  73687 24871      191.1201    33      191.6972      185.9143  6610683    3.02%
  73968 24988      189.1595    42      191.6972      185.9237  6629775    3.01%
  74192 25060      188.2707    31      191.6972      185.9357  6649579    3.01%
  74463 25140      191.4184    31      191.6972      185.9467  6668899    3.00%
  74697 25209      187.4179    39      191.6972      185.9582  6688951    2.99%
  74907 25279        cutoff            191.6972      185.9690  6705397    2.99%
Elapsed time = 1419.39 sec. (1417999.88 ticks, tree = 38.57 MB, solutions = 15)
  75128 25325      189.1034    48      191.6972      185.9845  6723253    2.98%
  75343 25382      188.5973    59      191.6972      185.9943  6742526    2.97%
  75547 25411        cutoff            191.6972      186.0039  6761069    2.97%
  75769 25501      190.6255    46      191.6972      186.0151  6777090    2.96%
  75989 25544      189.5694    48      191.6972      186.0322  6796118    2.96%
  76233 25610      190.0627    39      191.6972      186.0432  6814330    2.95%
  76468 25625      189.4081    61      191.6972      186.0534  6834146    2.94%
  76707 25715      191.5276    58      191.6972      186.0635  6853031    2.94%
  76868 25748      187.3653    43      191.6972      186.0720  6871175    2.93%
  77078 25771        cutoff            191.6972      186.0840  6890798    2.93%
Elapsed time = 1466.07 sec. (1456331.10 ticks, tree = 39.11 MB, solutions = 15)
  77300 25819      190.5930    51      191.6972      186.0971  6909073    2.92%
  77544 25904      189.6959    42      191.6972      186.1082  6928376    2.92%
  77784 25950      191.3629    49      191.6972      186.1176  6947613    2.91%
  78048 26038        cutoff            191.6972      186.1349  6966330    2.90%
  78303 26120      190.5175    43      191.6972      186.1477  6986078    2.89%
  78512 26159      186.1587    51      191.6972      186.1587  7006098    2.89%
  78720 26220      191.3217    47      191.6972      186.1637  7026067    2.89%
  78986 26331      189.5877    49      191.6972      186.1734  7044790    2.88%
  79195 26400      190.7439    43      191.6972      186.1834  7063815    2.88%
  79452 26483      189.9591    36      191.6972      186.1944  7082437    2.87%
Elapsed time = 1514.39 sec. (1494598.69 ticks, tree = 40.00 MB, solutions = 15)
  79690 26574      190.1708    43      191.6972      186.2025  7102208    2.87%
  79948 26707      190.3822    42      191.6972      186.2093  7120459    2.86%
  80153 26754      191.5058    47      191.6972      186.2203  7140031    2.86%
  80379 26823      191.4423    26      191.6972      186.2302  7158786    2.85%
  80607 26884      186.3352    25      191.6972      186.2484  7178636    2.84%
  80938 27079      188.7159    29      191.6972      186.2526  7194720    2.84%
  81178 27134      188.4731    42      191.6972      186.2641  7213619    2.83%
  81366 27193      191.4336    30      191.6972      186.2692  7233690    2.83%
  81617 27257      188.7337    50      191.6972      186.2800  7252394    2.83%
  81831 27303      189.6046    43      191.6972      186.2901  7271200    2.82%
Elapsed time = 1558.82 sec. (1532869.32 ticks, tree = 41.04 MB, solutions = 15)
  82027 27333      191.0279    47      191.6972      186.3036  7289822    2.81%
  82315 27444        cutoff            191.6972      186.3188  7308710    2.81%
  82530 27466        cutoff            191.6972      186.3334  7328127    2.80%
  82750 27523      188.4948    62      191.6972      186.3470  7347446    2.79%
  83034 27628      190.6721    47      191.6972      186.3598  7365476    2.78%
  83319 27714        cutoff            191.6972      186.3751  7385076    2.78%
  83568 27795      190.0644    31      191.6972      186.3842  7404068    2.77%
  83853 27885      191.6719    34      191.6972      186.3998  7422616    2.76%
  84099 27929      190.7312    30      191.6972      186.4110  7442098    2.76%
  84324 27982      190.2150    31      191.6972      186.4207  7460667    2.75%
Elapsed time = 1623.45 sec. (1571130.50 ticks, tree = 41.95 MB, solutions = 15)
  84606 28069      191.4950    32      191.6972      186.4312  7477849    2.75%
  84885 28167        cutoff            191.6972      186.4457  7496172    2.74%
  85101 28208      190.8101    38      191.6972      186.4545  7514547    2.73%
  85326 28264      188.9851    43      191.6972      186.4646  7533625    2.73%
  85583 28332      188.6599    60      191.6972      186.4759  7552445    2.72%
  85835 28413      190.4541    38      191.6972      186.4875  7570986    2.72%
  86083 28482      190.8429    49      191.6972      186.5009  7589556    2.71%
  86360 28588        cutoff            191.6972      186.5074  7608376    2.71%
  86624 28721      188.4247    51      191.6972      186.5121  7625943    2.70%
  86841 28758      190.8762    30      191.6972      186.5253  7644704    2.70%
Elapsed time = 1680.45 sec. (1609406.16 ticks, tree = 42.99 MB, solutions = 15)
  87046 28801        cutoff            191.6972      186.5339  7663902    2.69%
  87246 28864      187.4274    43      191.6972      186.5395  7683445    2.69%
  87487 28915        cutoff            191.6972      186.5519  7703069    2.68%
  87763 29008      190.5854    37      191.6972      186.5629  7721491    2.68%
  88032 29076      190.3761    76      191.6972      186.5734  7741033    2.67%
  88263 29129      186.5854    46      191.6972      186.5857  7760068    2.67%
  88505 29203      191.0900    54      191.6972      186.5973  7779462    2.66%
  88740 29259      191.2630    36      191.6972      186.6089  7799390    2.65%
  88975 29336      189.3990    34      191.6972      186.6163  7815600    2.65%
  89202 29414      189.8648    57      191.6972      186.6239  7835576    2.65%
Elapsed time = 1742.45 sec. (1647656.12 ticks, tree = 43.75 MB, solutions = 15)
  89488 29499      187.7513    44      191.6972      186.6353  7854779    2.64%
  89796 29647      191.0552    38      191.6972      186.6415  7872810    2.64%
  90042 29729        cutoff            191.6972      186.6497  7891823    2.63%
  90293 29831      189.4739    52      191.6972      186.6569  7911145    2.63%
  90542 29903      191.0492    37      191.6972      186.6696  7930414    2.62%
  90805 30015      191.2614    36      191.6972      186.6769  7948773    2.62%
  91077 30110      191.5034    34      191.6972      186.6854  7967753    2.61%
  91320 30170      187.4895    23      191.6972      186.6937  7986253    2.61%
  91568 30261      186.7255    60      191.6972      186.7053  8005985    2.60%
* 91833 25145      integral     0      191.2107      186.7163  8024105    2.35%
  91835 25145      186.8334    54      191.2107      186.7163  8024298    2.35%
Elapsed time = 1807.30 sec. (1685908.22 ticks, tree = 37.31 MB, solutions = 16)
  92113 25218      187.5405    50      191.2107      186.7289  8042368    2.34%
  92335 25229      189.6584    44      191.2107      186.7469  8061722    2.33%
  92585 25266      187.3705    43      191.2107      186.7641  8080901    2.33%
  92805 25323      189.7895    30      191.2107      186.7775  8098331    2.32%
  93071 25364      190.5980    52      191.2107      186.7921  8117527    2.31%
  93315 25380        cutoff            191.2107      186.8074  8136817    2.30%
  93521 25390      186.8211    32      191.2107      186.8211  8157101    2.30%
  93787 25443      190.5549    41      191.2107      186.8287  8174800    2.29%
  94018 25483      189.0462    58      191.2107      186.8407  8193440    2.29%
  94301 25558      190.1993    40      191.2107      186.8518  8211875    2.28%
Elapsed time = 1857.10 sec. (1724237.26 ticks, tree = 37.81 MB, solutions = 16)
  94532 25634      190.1426    21      191.2107      186.8564  8231479    2.28%
  94789 25711      190.8246    22      191.2107      186.8654  8251285    2.27%
  95047 25759      190.1554    56      191.2107      186.8772  8270059    2.27%
  95282 25808      190.6480    45      191.2107      186.8890  8289622    2.26%
  95546 25848      189.2110    35      191.2107      186.9007  8307571    2.25%
  95767 25886      187.8906    58      191.2107      186.9120  8328017    2.25%
  96000 25889      189.1415    51      191.2107      186.9227  8347270    2.24%
  96266 25894        cutoff            191.2107      186.9382  8365822    2.23%
  96480 25913        cutoff            191.2107      186.9510  8384655    2.23%
  96733 25949      188.8498    51      191.2107      186.9597  8403589    2.22%
Elapsed time = 1906.76 sec. (1762546.49 ticks, tree = 38.27 MB, solutions = 16)
  96966 25995      190.9014    46      191.2107      186.9691  8422822    2.22%
  97200 26041      190.1648    40      191.2107      186.9826  8442606    2.21%
  97456 26137      187.4374    25      191.2107      186.9885  8461197    2.21%
  97664 26222      189.9224    34      191.2107      186.9938  8479837    2.21%
  97840 26222      190.1675    53      191.2107      187.0080  8498220    2.20%
  98085 26268        cutoff            191.2107      187.0172  8518058    2.19%
  98285 26270      187.8412    47      191.2107      187.0303  8538941    2.19%
  98532 26337      187.9871    44      191.2107      187.0413  8556674    2.18%
  98781 26406      189.3414    45      191.2107      187.0527  8575112    2.17%
  99027 26416      187.8270    41      191.2107      187.0661  8595486    2.17%
Elapsed time = 1962.50 sec. (1800821.78 ticks, tree = 38.90 MB, solutions = 16)
  99244 26430        cutoff            191.2107      187.0820  8615023    2.16%
  99478 26475      189.6482    57      191.2107      187.0948  8633995    2.15%
  99716 26506        cutoff            191.2107      187.1098  8652019    2.14%
  99988 26573      189.0632    44      191.2107      187.1209  8671111    2.14%
 100252 26658        cutoff            191.2107      187.1355  8689483    2.13%
 100473 26686      187.8513    61      191.2107      187.1507  8709142    2.12%
 100704 26725      190.4175    29      191.2107      187.1607  8728772    2.12%
 100929 26755      189.2584    58      191.2107      187.1736  8749322    2.11%
 101154 26800      190.2096    40      191.2107      187.1813  8768852    2.11%
 101391 26831      189.2418    44      191.2107      187.1908  8788548    2.10%
Elapsed time = 2019.64 sec. (1839134.37 ticks, tree = 39.47 MB, solutions = 16)
 101633 26845      190.6320    40      191.2107      187.2031  8808199    2.10%
 101875 26876      190.3673    44      191.2107      187.2136  8827095    2.09%
 102136 26918      190.1985    60      191.2107      187.2295  8845796    2.08%
 102388 26931      188.6535    49      191.2107      187.2504  8866462    2.07%
 102619 26987      189.5842    35      191.2107      187.2574  8886117    2.07%
 102891 27030      187.5308    53      191.2107      187.2699  8906666    2.06%
 103144 27065      190.9512    41      191.2107      187.2850  8925075    2.05%
 103390 27117      190.0220    39      191.2107      187.2967  8943026    2.05%
 103638 27116        cutoff            191.2107      187.3103  8961834    2.04%
 103899 27157        cutoff            191.2107      187.3226  8980707    2.03%
Elapsed time = 2081.26 sec. (1877454.85 ticks, tree = 39.85 MB, solutions = 16)
 104140 27172      191.1682    38      191.2107      187.3414  8999633    2.02%
 104392 27249      188.4422    55      191.2107      187.3583  9018090    2.01%
 104616 27293      191.0274    41      191.2107      187.3692  9036899    2.01%
 104803 27328      189.6501    30      191.2107      187.3770  9055895    2.00%
 105036 27350      188.5326    51      191.2107      187.3891  9076398    2.00%
 105295 27450      190.4941    45      191.2107      187.3965  9095521    1.99%
 105561 27498      191.0560    46      191.2107      187.4125  9113135    1.99%
 105819 27535      190.5556    41      191.2107      187.4231  9131664    1.98%
 106071 27588      189.7500    43      191.2107      187.4336  9151881    1.98%
 106294 27649      190.2937    32      191.2107      187.4415  9171738    1.97%
Elapsed time = 2142.98 sec. (1915775.09 ticks, tree = 40.39 MB, solutions = 16)
 106539 27710      191.1372    48      191.2107      187.4528  9190328    1.97%
 106818 27815      189.0296    24      191.2107      187.4617  9208731    1.96%
 107061 27868      190.9671    57      191.2107      187.4753  9227759    1.95%
 107299 27905      188.4676    38      191.2107      187.4856  9245734    1.95%
 107514 27930      189.5689    53      191.2107      187.4911  9265407    1.95%
 107759 27923      190.1935    52      191.2107      187.5052  9284339    1.94%
 108029 27953      190.7010    46      191.2107      187.5132  9302876    1.93%
 108319 28037        cutoff            191.2107      187.5206  9322124    1.93%
 108621 28133        cutoff            191.2107      187.5312  9341128    1.92%
 108960 28254      190.6535    50      191.2107      187.5417  9359143    1.92%
Elapsed time = 2208.40 sec. (1954157.95 ticks, tree = 41.15 MB, solutions = 16)
 109206 28300      187.6574    58      191.2107      187.5507  9377307    1.91%
 109463 28320      189.6569    63      191.2107      187.5670  9395781    1.91%
 109713 28322      188.9335    37      191.2107      187.5779  9414120    1.90%
 110031 28415      190.8221    36      191.2107      187.5872  9431875    1.90%
 110353 28527      190.7664    31      191.2107      187.5908  9449558    1.89%
 110607 28527      187.6418    45      191.2107      187.6041  9468391    1.89%
 110830 28556      187.8130    57      191.2107      187.6124  9486374    1.88%
 111089 28588        cutoff            191.2107      187.6292  9505725    1.87%
 111354 28648        cutoff            191.2107      187.6387  9525997    1.87%
 111570 28708      190.2744    50      191.2107      187.6418  9546518    1.87%
Elapsed time = 2276.74 sec. (1992438.13 ticks, tree = 41.76 MB, solutions = 16)
 111867 28792      190.9115    28      191.2107      187.6512  9563558    1.86%
 112114 28839      190.8172    64      191.2107      187.6591  9584397    1.86%
 112324 28852      190.5533    39      191.2107      187.6627  9607420    1.86%
 112503 28912      189.4828    42      191.2107      187.6647  9628551    1.85%
 112752 28953      191.0315    25      191.2107      187.6754  9646249    1.85%
 113013 28986      189.4844    31      191.2107      187.6855  9663523    1.84%
 113264 29083        cutoff            191.2107      187.6911  9681571    1.84%
 113653 29269      190.6615    38      191.2107      187.6969  9697217    1.84%
 113873 29300      189.6569    56      191.2107      187.7040  9715333    1.83%
 114254 29476      189.6344    40      191.2107      187.7095  9731533    1.83%
Elapsed time = 2321.30 sec. (2030714.83 ticks, tree = 42.79 MB, solutions = 16)
 114544 29539      187.7197    40      191.2107      187.7201  9749470    1.83%
 114786 29509      188.9776    50      191.2107      187.7321  9769725    1.82%
 114998 29524      188.0205    54      191.2107      187.7400  9790602    1.82%
 115216 29557      187.7633    46      191.2107      187.7505  9808793    1.81%
 115460 29597      190.8244    35      191.2107      187.7618  9826601    1.80%
 115695 29632      190.6382    52      191.2107      187.7694  9846061    1.80%
 115966 29688      189.5800    37      191.2107      187.7798  9864574    1.79%
 116216 29672      190.5308    50      191.2107      187.7933  9883981    1.79%
 116458 29673      190.0532    33      191.2107      187.8079  9903340    1.78%
 116760 29713      188.3976    52      191.2107      187.8150  9921429    1.78%
Elapsed time = 2377.69 sec. (2069123.97 ticks, tree = 43.12 MB, solutions = 16)
 117021 29791      187.8194    51      191.2107      187.8194  9940050    1.77%
 117274 29799      189.1905    37      191.2107      187.8335  9959347    1.77%
 117502 29785      188.2196    46      191.2107      187.8446  9979696    1.76%
 117750 29796      190.9183    42      191.2107      187.8562  9998577    1.75%
 117995 29818      191.0357    37      191.2107      187.8681 10017386    1.75%
 118296 29865      187.9242    54      191.2107      187.8794 10035076    1.74%
 118581 29888      190.0813    34      191.2107      187.8932 10052863    1.74%
 118840 29913      188.5237    42      191.2107      187.9004 10072271    1.73%
 119100 29929      190.8377    38      191.2107      187.9111 10091105    1.73%
 119353 29948      188.6869    61      191.2107      187.9213 10110440    1.72%
Elapsed time = 2439.08 sec. (2107382.74 ticks, tree = 43.38 MB, solutions = 16)
 119591 29927      190.3386    52      191.2107      187.9365 10129607    1.71%
 119782 29929        cutoff            191.2107      187.9462 10146411    1.71%
 120025 29938      190.3471    28      191.2107      187.9584 10166111    1.70%
 120210 29959      191.2044    51      191.2107      187.9618 10185714    1.70%
 120458 29975      188.7584    54      191.2107      187.9737 10205025    1.69%
 120708 29992      190.6166    34      191.2107      187.9827 10224652    1.69%
 121021 30050      191.1576    33      191.2107      187.9872 10241428    1.69%
 121244 30056      190.8780    39      191.2107      187.9979 10262976    1.68%
 121476 30069      190.8340    34      191.2107      188.0061 10282573    1.68%
 121686 30091      191.1329    38      191.2107      188.0161 10303500    1.67%
Elapsed time = 2485.29 sec. (2145725.75 ticks, tree = 43.46 MB, solutions = 16)
 121919 30075      189.1328    38      191.2107      188.0327 10323443    1.66%
 122152 30102      190.8324    30      191.2107      188.0424 10343435    1.66%
 122407 30084      188.0557    26      191.2107      188.0557 10360765    1.65%
 122650 30108      188.7101    48      191.2107      188.0663 10379200    1.64%
 122900 30140      188.1100    49      191.2107      188.0799 10397600    1.64%
 123161 30185      188.6043    61      191.2107      188.0912 10416921    1.63%
 123397 30199        cutoff            191.2107      188.1008 10436950    1.63%
 123642 30202      190.0882    46      191.2107      188.1131 10455273    1.62%
 123843 30223      190.8324    40      191.2107      188.1169 10474802    1.62%
 124088 30229      188.1286    48      191.2107      188.1286 10492869    1.61%
Elapsed time = 2527.16 sec. (2183967.59 ticks, tree = 43.53 MB, solutions = 16)
 124329 30237      190.9045    20      191.2107      188.1442 10512021    1.60%
 124603 30301      190.9529    44      191.2107      188.1527 10528956    1.60%
 124862 30318      188.1611    40      191.2107      188.1612 10547068    1.59%
 125080 30328      191.0818    39      191.2107      188.1703 10565695    1.59%
 125338 30331      190.1625    53      191.2107      188.1809 10584262    1.58%
 125579 30373        cutoff            191.2107      188.1897 10602575    1.58%
 125851 30399      190.0858    68      191.2107      188.1998 10619794    1.57%
 126136 30495      188.2077    50      191.2107      188.2077 10635849    1.57%
 126456 30609      188.2124    26      191.2107      188.2125 10651900    1.57%
 126768 30696      190.0363    46      191.2107      188.2242 10667291    1.56%
Elapsed time = 2584.57 sec. (2222283.36 ticks, tree = 43.98 MB, solutions = 16)
 127045 30729      190.6458    43      191.2107      188.2337 10685945    1.56%
 127342 30811      190.7198    26      191.2107      188.2405 10703634    1.55%
 127655 30919      189.6924    28      191.2107      188.2439 10719504    1.55%
 127932 31047      190.3660    60      191.2107      188.2477 10733766    1.55%
 128195 31087      190.3552    50      191.2107      188.2568 10752232    1.54%
 128529 31220      190.5124    47      191.2107      188.2611 10768345    1.54%
*128760+30456                          191.1423      188.2627             1.51%
 128797 30469      190.1835    77      191.1423      188.2639 10787166    1.51%
 129059 30460      189.2042    66      191.1423      188.2716 10805448    1.50%
 129317 30548      190.6497    25      191.1423      188.2772 10822633    1.50%
 129609 30653      190.9038    27      191.1423      188.2827 10840839    1.50%
Elapsed time = 2636.91 sec. (2260559.07 ticks, tree = 43.51 MB, solutions = 17)
 129905 30713      190.7167    48      191.1423      188.2901 10858488    1.49%
 130161 30767      189.2767    31      191.1423      188.2994 10877873    1.49%
 130430 30787      189.9282    53      191.1423      188.3078 10897850    1.48%
 130682 30851      190.8750    30      191.1423      188.3137 10915077    1.48%
 130947 30918      188.3191    53      191.1423      188.3191 10933088    1.48%
 131204 30952      190.3096    39      191.1423      188.3262 10953188    1.47%
 131461 30980      190.8631    41      191.1423      188.3352 10971271    1.47%
 131732 31021      188.5804    48      191.1423      188.3413 10989542    1.47%
 131987 31081      190.7278    27      191.1423      188.3456 11007896    1.46%
 132304 31181      190.9119    40      191.1423      188.3549 11022910    1.46%
Elapsed time = 2689.21 sec. (2298876.15 ticks, tree = 44.17 MB, solutions = 17)
 132599 31286      190.0540    26      191.1423      188.3620 11039744    1.45%
 132970 31497      189.9076    22      191.1423      188.3620 11054840    1.45%
 133269 31535        cutoff            191.1423      188.3739 11074290    1.45%
 133660 31768      190.3748    26      191.1423      188.3747 11089669    1.45%
 133944 31895      190.1644    15      191.1423      188.3774 11103984    1.45%
 134265 32004        cutoff            191.1423      188.3826 11121430    1.44%
 134532 31999      190.7197    31      191.1423      188.3943 11139847    1.44%
 134764 32000      190.5200    43      191.1423      188.4049 11158230    1.43%
 135001 32062      189.0325    41      191.1423      188.4099 11177131    1.43%
 135324 32160      189.6212    50      191.1423      188.4176 11192907    1.43%
Elapsed time = 2748.15 sec. (2337117.93 ticks, tree = 45.42 MB, solutions = 17)
 135605 32205        cutoff            191.1423      188.4248 11213399    1.42%
 135871 32265        cutoff            191.1423      188.4348 11230355    1.42%
 136128 32296      189.4251    42      191.1423      188.4420 11249261    1.41%
 136407 32354      189.1978    52      191.1423      188.4510 11266136    1.41%
 136707 32474        cutoff            191.1423      188.4530 11281643    1.41%
 136926 32492      191.0537    35      191.1423      188.4586 11301038    1.40%
 137155 32485      189.2117    54      191.1423      188.4676 11320742    1.40%
 137408 32564      190.7328    50      191.1423      188.4722 11337964    1.40%
 137697 32670      190.8300    35      191.1423      188.4761 11355383    1.39%
 138020 32877      189.0144    34      191.1423      188.4761 11371473    1.39%
Elapsed time = 2818.94 sec. (2375384.60 ticks, tree = 47.77 MB, solutions = 17)
 138398 33106      189.9686    39      191.1423      188.4761 11388191    1.39%
 138760 33349      190.7622    30      191.1423      188.4761 11403558    1.39%
 139103 33437      190.9545    49      191.1423      188.4835 11421036    1.39%
 139408 33513      189.9409    40      191.1423      188.4884 11438817    1.39%
 139724 33569      191.1352    31      191.1423      188.5007 11456038    1.38%
 139986 33576      189.7852    53      191.1423      188.5117 11475097    1.38%
 140271 33628        cutoff            191.1423      188.5195 11493702    1.37%
 140536 33707      190.8742    51      191.1423      188.5264 11511249    1.37%
 140797 33706      190.7028    45      191.1423      188.5364 11529472    1.36%
 141043 33715      190.7950    41      191.1423      188.5485 11549995    1.36%
Elapsed time = 2874.01 sec. (2414262.34 ticks, tree = 48.90 MB, solutions = 17)
 141304 33773      190.9264    22      191.1423      188.5549 11566303    1.35%
 141560 33849      190.9989    31      191.1423      188.5603 11583713    1.35%
 141823 33885      190.8939    31      191.1423      188.5670 11602526    1.35%
 142134 34011      190.4666    21      191.1423      188.5728 11619765    1.34%
 142403 34108      189.4894    52      191.1423      188.5760 11637446    1.34%
 142678 34171        cutoff            191.1423      188.5803 11654346    1.34%
 142955 34219      188.8414    51      191.1423      188.5887 11671895    1.34%
 143211 34236      190.5967    39      191.1423      188.5981 11690307    1.33%
 143474 34277        cutoff            191.1423      188.6064 11709304    1.33%
 143758 34352      189.0546    29      191.1423      188.6109 11727513    1.32%
Elapsed time = 2946.65 sec. (2452540.54 ticks, tree = 49.71 MB, solutions = 17)
 144019 34489      191.1384    23      191.1423      188.6110 11740660    1.32%
 144286 34543      189.5526    38      191.1423      188.6170 11760525    1.32%
 144622 34658      190.0869    23      191.1423      188.6245 11776615    1.32%
 144894 34692      191.1121    39      191.1423      188.6355 11795135    1.31%
 145142 34778      189.1946    40      191.1423      188.6379 11813789    1.31%
 145374 34790      190.4819    61      191.1423      188.6483 11831712    1.30%
 145607 34841      189.2082    47      191.1423      188.6543 11850027    1.30%
 145789 34856      189.0998    43      191.1423      188.6585 11871545    1.30%
 146052 34898      189.7030    43      191.1423      188.6643 11890818    1.30%
 146321 34922      188.8697    44      191.1423      188.6720 11908873    1.29%
Elapsed time = 2995.51 sec. (2490858.18 ticks, tree = 50.48 MB, solutions = 17)
 146562 34930        cutoff            191.1423      188.6813 11929280    1.29%
 146760 34947      190.7935    19      191.1423      188.6891 11942157    1.28%
 146998 35011      190.2380    38      191.1423      188.6949 11960697    1.28%
 147250 35065      190.2713    36      191.1423      188.7030 11979035    1.28%
 147559 35163      189.5408    37      191.1423      188.7078 11995340    1.27%
 147850 35300      189.5785    33      191.1423      188.7083 12009565    1.27%
 148097 35300      190.9184    24      191.1423      188.7161 12029724    1.27%
 148382 35395      190.6575    49      191.1423      188.7200 12047438    1.27%
 148660 35441      189.9279    49      191.1423      188.7269 12065948    1.26%
 148942 35493      190.6980    38      191.1423      188.7365 12082618    1.26%
Elapsed time = 3044.15 sec. (2529279.32 ticks, tree = 51.19 MB, solutions = 17)
 149235 35602      191.1092    49      191.1423      188.7420 12098666    1.26%
 149534 35680      189.4401    48      191.1423      188.7493 12115635    1.25%
 149817 35765      190.9337    25      191.1423      188.7527 12131814    1.25%
 150200 35967      189.4384    51      191.1423      188.7557 12146212    1.25%
 150507 36045      189.5367    28      191.1423      188.7620 12163009    1.25%
 150782 36119      190.5597    50      191.1423      188.7667 12180676    1.24%
 151076 36169      189.3206    47      191.1423      188.7720 12197132    1.24%
 151370 36255        cutoff            191.1423      188.7751 12212574    1.24%
 151672 36357      190.2745    29      191.1423      188.7788 12229389    1.24%
 151965 36447      189.7384    34      191.1423      188.7835 12245370    1.23%
Elapsed time = 3091.86 sec. (2567542.46 ticks, tree = 52.47 MB, solutions = 17)
 152243 36472      189.9227    36      191.1423      188.7930 12263444    1.23%
 152527 36522      190.5681    33      191.1423      188.8018 12282030    1.22%
 152821 36607      189.6132    34      191.1423      188.8053 12298902    1.22%
 153106 36673        cutoff            191.1423      188.8110 12316956    1.22%
 153388 36749      190.7123    38      191.1423      188.8142 12332637    1.22%
*153689 35417      integral     0      191.0507      188.8143 12346143    1.17%
 153710 35430      190.3240    41      191.0507      188.8143 12347605    1.17%
 154001 35560      189.6145    47      191.0507      188.8160 12362296    1.17%
 154327 35688      189.2638    48      191.0507      188.8210 12378280    1.17%
 154605 35728      189.4758    29      191.0507      188.8268 12396362    1.16%
 154882 35865      190.2855    34      191.0507      188.8271 12410711    1.16%
Elapsed time = 3138.39 sec. (2605860.34 ticks, tree = 51.47 MB, solutions = 18)
 155208 36034      190.3528    22      191.0507      188.8271 12426500    1.16%
 155504 36091        cutoff            191.0507      188.8301 12444412    1.16%
 155774 36163      190.1357    42      191.0507      188.8367 12461469    1.16%
 156073 36234        cutoff            191.0507      188.8408 12476920    1.16%
 156375 36307      190.1612    54      191.0507      188.8457 12494539    1.15%
 156663 36358      190.9783    24      191.0507      188.8527 12512597    1.15%
 156910 36451      189.5160    33      191.0507      188.8566 12525265    1.15%
 157202 36521      189.2994    40      191.0507      188.8620 12543226    1.15%
 157495 36576      190.2468    63      191.0507      188.8690 12560059    1.14%
 157801 36640      190.5571    46      191.0507      188.8769 12575751    1.14%
Elapsed time = 3182.44 sec. (2644121.77 ticks, tree = 52.45 MB, solutions = 18)
 158176 36792      189.6516    38      191.0507      188.8800 12589199    1.14%
 158560 36947      189.8137    47      191.0507      188.8828 12603345    1.13%
 158921 37085      189.7524    29      191.0507      188.8860 12617547    1.13%
 159202 37132      189.6670    38      191.0507      188.8947 12635032    1.13%
 159471 37198      190.1507    33      191.0507      188.8996 12653097    1.13%
 159761 37303      190.9392    16      191.0507      188.9026 12668709    1.12%
 160151 37458      189.4211    31      191.0507      188.9070 12681684    1.12%
 160467 37446      189.5154    35      191.0507      188.9127 12700615    1.12%
 160790 37515      190.9498    46      191.0507      188.9173 12717509    1.12%
 161085 37557      190.7501    31      191.0507      188.9221 12735483    1.11%
Elapsed time = 3228.11 sec. (2682376.28 ticks, tree = 53.69 MB, solutions = 18)
 161417 37641      190.1208    23      191.0507      188.9266 12752574    1.11%
 161700 37769      189.8500    31      191.0507      188.9273 12766934    1.11%
 162020 37918      189.5824    48      191.0507      188.9287 12781994    1.11%
 162140 37942        cutoff            191.0507      188.9309 12788509    1.11%
 162391 38006      189.7381    50      191.0507      188.9367 12803978    1.11%
 162494 38004      189.0114    35      191.0507      188.9391 12811383    1.11%
 162720 38063      190.2771    26      191.0507      188.9412 12826678    1.10%
 162816 38102      189.9257    40      191.0507      188.9412 12831526    1.10%
 163060 38226      189.8580    31      191.0507      188.9412 12843218    1.10%
 163260 38312      190.5868    21      191.0507      188.9417 12854003    1.10%
Elapsed time = 3280.27 sec. (2722919.36 ticks, tree = 54.64 MB, solutions = 18)
 163595 38410      190.8939    27      191.0507      188.9433 12871729    1.10%
 163830 38491        cutoff            191.0507      188.9433 12877683    1.10%
 164106 38576      190.3345    27      191.0507      188.9444 12888450    1.10%
 164343 38675      190.4382    34      191.0507      188.9456 12899966    1.10%
 164460 38744      190.9641    24      191.0507      188.9456 12905260    1.10%
 164720 38855      190.3763    29      191.0507      188.9485 12914778    1.10%
 164859 38878      189.4211    35      191.0507      188.9513 12921027    1.10%
 164960 38920      190.7095    38      191.0507      188.9532 12925656    1.10%
 165116 38936      190.1073    23      191.0507      188.9558 12933131    1.10%
 165160 38951      190.3618    41      191.0507      188.9569 12934624    1.10%
Elapsed time = 3329.19 sec. (2767116.90 ticks, tree = 55.50 MB, solutions = 18)
 165360 39024      190.6708    31      191.0507      188.9600 12942068    1.09%
 165560 39069      190.7605    16      191.0507      188.9644 12952682    1.09%
 165660 39090      189.9228    36      191.0507      188.9674 12957436    1.09%
 165760 39106      189.1821    38      191.0507      188.9701 12964164    1.09%
 165860 39094      189.0643    43      191.0507      188.9744 12971084    1.09%
 166077 39140      190.6017    45      191.0507      188.9784 12980299    1.08%
 166160 39150      189.0225    29      191.0507      188.9802 12985466    1.08%
 166260 39188      190.8625    32      191.0507      188.9814 12989226    1.08%
 166460 39253      189.9174    21      191.0507      188.9833 12999035    1.08%
 166660 39316      190.2096    44      191.0507      188.9864 13007845    1.08%
Elapsed time = 3384.25 sec. (2818788.82 ticks, tree = 55.99 MB, solutions = 18)
 166760 39339      189.2197    37      191.0507      188.9886 13014212    1.08%
 166860 39351      189.5840    40      191.0507      188.9897 13020020    1.08%
 167060 39380      189.8382    44      191.0507      188.9904 13039727    1.08%
 167161 39408      189.7453    43      191.0507      188.9921 13045166    1.08%
 167260 39464      190.4223    48      191.0507      188.9921 13049351    1.08%
 167360 39492      190.1317    27      191.0507      188.9938 13054229    1.08%
 167660 39578      190.1107    28      191.0507      188.9991 13072294    1.07%
 167775 39614      189.3375    65      191.0507      189.0010 13080095    1.07%
 167860 39620      189.2943    46      191.0507      189.0028 13085301    1.07%
 167960 39628      190.8257    38      191.0507      189.0029 13097649    1.07%
Elapsed time = 3443.05 sec. (2872915.46 ticks, tree = 56.41 MB, solutions = 18)
 168060 39634      189.5652    35      191.0507      189.0049 13103663    1.07%
 168293 39642      190.1822    31      191.0507      189.0093 13124032    1.07%
 168360 39660      189.7896    29      191.0507      189.0107 13127378    1.07%
 168517 39701      190.4155    14      191.0507      189.0119 13133878    1.07%
 168660 39722      189.2430    27      191.0507      189.0144 13140592    1.07%
 168860 39778      189.6507    25      191.0507      189.0152 13147554    1.07%
 168960 39817      189.4801    45      191.0507      189.0155 13153829    1.07%
 169060 39842      190.1137    30      191.0507      189.0161 13163887    1.06%
 169241 39869      189.9259    43      191.0507      189.0191 13173038    1.06%
 169360 39927      190.1643    38      191.0507      189.0193 13178216    1.06%
Elapsed time = 3499.75 sec. (2926785.21 ticks, tree = 56.82 MB, solutions = 18)
 169466 39966      190.1172    26      191.0507      189.0200 13183084    1.06%
 169760 40039      189.6859    48      191.0507      189.0239 13198300    1.06%
 170060 40026      189.5458    28      191.0507      189.0309 13215145    1.06%
 170367 40160      190.8939    33      191.0507      189.0321 13229329    1.06%
 170645 40219      189.3338    47      191.0507      189.0349 13245955    1.06%
 170906 40243      189.4182    43      191.0507      189.0386 13264593    1.05%
 171259 40324      190.6150    30      191.0507      189.0450 13278749    1.05%
 171546 40364      190.0256    35      191.0507      189.0521 13297368    1.05%
 171860 40518      189.5264    37      191.0507      189.0521 13315145    1.05%
 172145 40679      189.0521    35      191.0507      189.0521 13334397    1.05%
Elapsed time = 3547.81 sec. (2969489.24 ticks, tree = 57.83 MB, solutions = 18)
 172447 40843      189.4417    60      191.0507      189.0521 13353713    1.05%
 172754 40973      189.7805    30      191.0507      189.0546 13367491    1.04%
 173068 41053      190.5019    49      191.0507      189.0584 13383772    1.04%
 173399 41120      190.2706    32      191.0507      189.0632 13400496    1.04%
 173698 41207      189.5840    40      191.0507      189.0662 13414732    1.04%
 174021 41286      190.9663    39      191.0507      189.0714 13433064    1.04%
 174290 41344      189.3851    36      191.0507      189.0755 13450807    1.03%
 174586 41451      189.9314    35      191.0507      189.0791 13468197    1.03%
 174860 41503      190.0121    44      191.0507      189.0828 13484326    1.03%
 175185 41584      190.1834    24      191.0507      189.0878 13500392    1.03%
Elapsed time = 3591.41 sec. (3008342.31 ticks, tree = 59.05 MB, solutions = 18)
 175474 41656      190.7411    29      191.0507      189.0916 13517222    1.03%

GUB cover cuts applied:  46
Clique cuts applied:  6
Cover cuts applied:  47
Implied bound cuts applied:  13
Flow cuts applied:  56
Mixed integer rounding cuts applied:  477
Zero-half cuts applied:  5
Gomory fractional cuts applied:  1

Root node processing (before b&c):
  Real time             =    3.44 sec. (3979.32 ticks)
Sequential b&c:
  Real time             = 3596.56 sec. (3012904.82 ticks)
                          ------------
Total (root+branch&cut) = 3600.00 sec. (3016884.14 ticks)
