Version identifier: 22.1.0.0 | 2022-03-09 | 1a383f8ce
CPXPARAM_Read_DataCheck                          1
CPXPARAM_Threads                                 1
CPXPARAM_TimeLimit                               3600
Tried aggregator 2 times.
MIP Presolve eliminated 6993 rows and 268 columns.
MIP Presolve modified 106181 coefficients.
Aggregator did 344 substitutions.
Reduced MIP has 23654 rows, 1608 columns, and 189335 nonzeros.
Reduced MIP has 1186 binaries, 0 generals, 0 SOSs, and 0 indicators.
Presolve time = 0.45 sec. (329.02 ticks)
Probing fixed 1 vars, tightened 0 bounds.
Probing time = 0.04 sec. (31.02 ticks)
Tried aggregator 1 time.
Detecting symmetries...
MIP Presolve eliminated 1 rows and 1 columns.
Reduced MIP has 23653 rows, 1607 columns, and 189303 nonzeros.
Reduced MIP has 1185 binaries, 0 generals, 0 SOSs, and 0 indicators.
Presolve time = 0.18 sec. (78.48 ticks)
Probing time = 0.01 sec. (8.11 ticks)
Clique table members: 2229.
MIP emphasis: balance optimality and feasibility.
MIP search method: dynamic search.
Parallel mode: none, using 1 thread.
Root relaxation solution time = 0.07 sec. (90.10 ticks)

        Nodes                                         Cuts/
   Node  Left     Objective  IInf  Best Integer    Best Bound    ItCnt     Gap

      0     0      240.2008   294                    240.2008      635         
      0     0      240.2008    95                  Cuts: 1170     1525         
      0     0      240.2008   118                   Cuts: 732     2166         
      0     0      240.2008   113                   Cuts: 409     3006         
      0     0      240.2065   155                   Cuts: 845     4467         
Detecting symmetries...
      0     2      240.2065   155                    240.2065     4467         
Elapsed time = 14.66 sec. (12831.21 ticks, tree = 0.01 MB, solutions = 0)
      3     5      240.3036   105                    240.2080     5627         
      6     8      240.3036    99                    240.2080     6474         
      8    10      241.5488   105                    240.2080     7628         
     11    13      240.3772   100                    240.2080     8413         
     13    15      255.5136   104                    240.2080     9687         
     15    17      240.4271    96                    240.2080    10823         
     16    18      240.3218   150                    240.2080    12240         
     17    19      240.4285   115                    240.2080    12809         
     19    21      242.7817    94                    240.2080    13576         
     27    29      245.8651   123                    240.2080    16793         
Elapsed time = 19.26 sec. (17538.38 ticks, tree = 1.05 MB, solutions = 0)
     30    32      240.4300   106                    240.2080    16856         
     42    44      263.5868   123                    240.2080    20672         
     48    49      261.6462   130                    240.2080    24003         
     53    54      243.5004   112                    240.2080    27494         
     57    58      241.3583   123                    240.2080    29751         
     61    62      240.4300   101                    240.2080    31768         
     65    66      256.9478   105                    240.2080    35074         
     69    70      246.8355   108                    240.2080    37391         
     72    73      252.7476   116                    240.2080    42947         
     80    81      240.4304    99                    240.2080    45498         
Elapsed time = 34.69 sec. (32284.36 ticks, tree = 2.46 MB, solutions = 0)
     81    82      249.3511   120                    240.2080    50240         
     90    91      249.8944    95                    240.2080    52579         
     97    98      249.5379   124                    240.2080    55249         
    100   101      240.4304    98                    240.2080    56639         
    103   104      271.3715   168                    240.2080    60462         
    106   107      244.1933   128                    240.2080    63184         
    108   109      256.5942   122                    240.2080    68853         
    116   117      261.6443   142                    240.2080    72741         
    122   123      240.4429   102                    240.2080    76020         
    127   128      240.8606    79                    240.2080    79069         
Elapsed time = 49.26 sec. (45789.16 ticks, tree = 4.32 MB, solutions = 0)
    138   139      244.8616   105                    240.2080    82792         
    140   141      240.8619   108                    240.2080    82965         
    150   151      266.1457   116                    240.2080    88389         
    159   160      249.4260   127                    240.2080    91727         
    171   172      241.7050    87                    240.2080    93716         
    180   181      241.7095    99                    240.2080    95862         
    197   196      262.3515    94                    240.2080    99625         
    203   202      241.8162    96                    240.2080   101493         
    217   216      247.6235    99                    240.2080   106229         
    223   220      277.1915   102                    240.2080   110786         
Elapsed time = 59.91 sec. (57687.54 ticks, tree = 4.65 MB, solutions = 0)
    229   226      296.7508    84                    240.2080   113372         
    238   235      281.6365    83                    240.2080   114358         
    246   243      296.0207    70                    240.2080   116144         
    271   268      296.8577    55                    240.2080   120002         
    299   290    infeasible                          240.2080   123843         
    320   305      240.2168   142                    240.2168   126515         
    327   312      244.3237   136                    240.2168   129659         
    336   321      249.4154   124                    240.2168   132854         
    347   332      240.5914   121                    240.2168   136474         
    349   334      309.1919   180                    240.2168   139337         
Elapsed time = 69.93 sec. (68742.94 ticks, tree = 5.07 MB, solutions = 0)
    353   338      241.4521   100                    240.2168   142666         
    368   353      242.1788   140                    240.2168   147883         
    381   364      241.1700    85                    240.2168   152727         
    390   373      244.5672   100                    240.2168   156185         
    400   381      241.1703    93                    240.2168   159107         
    406   387      244.9898   135                    240.2168   164269         
    415   394      258.7501   108                    240.2168   167898         
    426   405      269.4023   108                    240.2168   171493         
    435   414      241.1728    93                    240.2168   175045         
    440   417      241.1728    88                    240.2168   177879         
Elapsed time = 81.57 sec. (82159.92 ticks, tree = 5.37 MB, solutions = 0)
    442   419      243.4496   102                    240.2168   181446         
    458   435      242.8631    99                    240.2168   185854         
    473   450      247.4030    82                    240.2168   189103         
    480   457      248.0939   109                    240.2168   190113         
    490   467      301.6315   156                    240.2168   197668         
    499   476      253.9482    89                    240.2168   201725         
    516   491      242.9784   107                    240.2168   205644         
    520   495      242.5321    73                    240.2168   206674         
    526   501      256.8918   119                    240.2168   210273         
    539   514      242.7042    73                    240.2168   214372         
Elapsed time = 91.87 sec. (94562.96 ticks, tree = 5.72 MB, solutions = 0)
    547   522      243.4452    95                    240.2168   218394         
    559   534      253.9586   112                    240.2168   222508         
    572   547      246.9413    88                    240.2168   226257         
    585   560      244.2645    65                    240.2168   230397         
    590   563    infeasible                          240.2168   232702         
    596   569      244.2645    60                    240.2168   234588         
    601   574      244.2771    62                    240.2168   236614         
    613   586      256.8210    81                    240.2168   240791         
    626   599      248.3014    52                    240.2168   244921         
    636   609      244.2645    57                    240.2168   248625         
Elapsed time = 100.50 sec. (104923.08 ticks, tree = 6.08 MB, solutions = 0)
    647   617      245.9115    69                    240.2168   253976         
    655   625      265.3310    75                    240.2168   257588         
    666   636      244.2645    59                    240.2168   261540         
    677   647      251.7291    74                    240.2168   265364         
    690   660      244.8645    63                    240.2168   269441         
    697   667      245.9693    63                    240.2168   273672         
    711   681      250.2618    54                    240.2168   277551         
    720   688      244.3222    53                    240.2168   279693         
    734   702      251.6271    55                    240.2168   283749         
    744   712      244.3238    50                    240.2168   287427         
Elapsed time = 111.08 sec. (116185.12 ticks, tree = 6.45 MB, solutions = 0)
    756   722      246.0607    65                    240.2168   291838         
    764   730      252.8066    44                    240.2168   295589         
    771   737      245.6201    54                    240.2168   299510         
    780   742      243.0134   100                    240.2168   303336         
    782   744      249.1519   115                    240.2168   306299         
    795   755      264.6976   123                    240.2168   310766         
    800   760      265.1366    98                    240.2168   312640         
    809   769      244.7210    99                    240.2168   316336         
    817   775      248.5184   115                    240.2168   321116         
    891   837      282.4023    86                    240.2168   335352         
Elapsed time = 125.95 sec. (131360.88 ticks, tree = 6.91 MB, solutions = 0)
    949   894      273.9832    56                    240.2168   346159         
   1004   943      309.1919   140                    240.2168   355517         
   1119  1047      267.0060   101                    240.2212   368723         
   1201  1125      279.5909    65                    240.2212   381690         
   1279  1191      327.8668    65                    240.2242   392565         
   1305  1199      312.2618   114                    240.2242   404475         
   1414  1291      299.4540   175                    240.2242   419712         

Performing restart 1

Repeating presolve.
Tried aggregator 1 time.
MIP Presolve eliminated 2 rows and 1 columns.
Reduced MIP has 23651 rows, 1606 columns, and 189238 nonzeros.
Reduced MIP has 1184 binaries, 0 generals, 0 SOSs, and 0 indicators.
Presolve time = 0.09 sec. (62.66 ticks)
Tried aggregator 1 time.
MIP Presolve eliminated 1 rows and 0 columns.
MIP Presolve modified 132 coefficients.
Reduced MIP has 23650 rows, 1606 columns, and 189235 nonzeros.
Reduced MIP has 1184 binaries, 0 generals, 0 SOSs, and 0 indicators.
Presolve time = 0.15 sec. (82.52 ticks)
Represolve time = 0.46 sec. (312.55 ticks)
   1422     0      240.2140   167                  Cuts: 1726   427816         
   1422     0      240.2283   234                  Cuts: 2834   428153         
   1422     0      240.2339   243                  Cuts: 2442   428669         
   1422     0      240.2366   221                  Cuts: 3156   429117         
   1422     0      240.2384   268                  Cuts: 2748   429381         
   1422     0      240.2404   247                  Cuts: 1342   429602         
   1422     0      240.2417   346                   Cuts: 549   429837         
   1422     0      240.2431   303                  Cuts: 2304   430056         
   1422     0      240.2433   326                  Cuts: 4936   430247         
   1422     0      240.2437   336                  Cuts: 3937   430408         
   1422     0      240.2477   356                  Cuts: 1731   430654         
   1422     0      240.2507   301                  Cuts: 1543   430943         
   1422     0      240.2591   407                  Cuts: 1070   431341         
   1422     0      240.2610   243                  Cuts: 3506   431617         
   1422     0      240.2641   307                   Cuts: 675   431987         
   1422     0      240.2696   236                   Cuts: 857   432659         
   1422     0      240.2712   333                  Cuts: 1833   433052         
   1422     0      240.2718   318                  Cuts: 2494   433333         
   1422     0      240.2728   319                  Cuts: 2244   434120         
   1422     2      240.2728   336                    240.2728   434120         
   1423     3      240.2728   320                    240.2728   434188         
   1424     4      241.9124   196                    240.2728   436209         
Elapsed time = 254.20 sec. (242412.67 ticks, tree = 0.02 MB, solutions = 0)
   1425     5      240.2728   319                    240.2728   436221         
   1426     6      240.2728   318                    240.2728   436222         
   1427     7      250.9189   112                    240.2728   441490         
   1428     8      240.2728   316                    240.2728   441491         
   1429     9      251.3255    93                    240.2728   443905         
   1433    13      257.7117    95                    240.2728   447200         
   1439    19      251.3358   189                    240.2728   450532         
   1440    20      251.3335   148                    240.2728   452423         
   1442    22      251.3358   182                    240.2728   452466         
   1443    23      264.1014    90                    240.2728   456421         
Elapsed time = 337.40 sec. (328158.17 ticks, tree = 0.56 MB, solutions = 0)
   1451    31      255.1582   105                    240.2728   460240         
   1459    39      255.1582    80                    240.2728   461946         
   1467    47      257.2790    86                    240.2728   464103         
   1471    51      256.2333    87                    240.2728   466111         
   1481    60      258.2361    80                    240.2728   467789         
   1495    74      259.6171    66                    240.2728   470751         
   1501    80      260.0230    86                    240.2728   473495         
   1511    90      259.4314    89                    240.2728   475349         
   1519    98      261.0900    81                    240.2728   477778         
   1520    99      261.2873    60                    240.2728   478312         
Elapsed time = 378.64 sec. (372831.77 ticks, tree = 0.84 MB, solutions = 0)
   1530   109      261.4422    84                    240.2728   481214         
   1543   122      263.3240    77                    240.2728   483304         
   1585   163      262.7263    46                    240.2728   487213         
   1600   178      274.8521    49                    240.2728   491150         
   1653   211      240.2784   333                    240.2728   494561         
   1666   224      242.6434   103                    240.2728   499024         
   1672   230      242.9252    78                    240.2728   501245         
   1679   237      244.4825    82                    240.2728   504850         
   1687   245      246.0739    67                    240.2728   508562         
   1690   248      246.1820    78                    240.2728   510945         
Elapsed time = 423.31 sec. (418064.50 ticks, tree = 1.38 MB, solutions = 0)
   1724   282      254.2762    76                    240.2728   517299         
   1753   309      252.2579    58                    240.2728   523432         
   1805   343      240.2736   299                    240.2736   529187         
   1810   348      255.3746    91                    240.2739   533739         
   1829   367      240.2818   220                    240.2752   537164         
   1849   387      240.4314    95                    240.2752   540922         
   1867   404      242.3442    69                    240.2752   545121         
   1954   491      243.7364    80                    240.2752   549518         
   1990   521      244.5250   100                    240.2765   554933         
   1995   526      244.5250    83                    240.2765   557440         
Elapsed time = 471.54 sec. (465530.96 ticks, tree = 2.42 MB, solutions = 0)
   2000   531      246.0083    84                    240.2765   561866         
   2013   544      256.4770    95                    240.2765   567095         
   2022   553      255.7151    72                    240.2765   570946         
   2028   559      255.5883    79                    240.2765   576216         
   2046   577      261.2331    71                    240.2765   581549         
   2068   599      264.2061    85                    240.2765   587893         
   2100   631      255.6937    98                    240.2765   594014         
   2138   669      255.7728    68                    240.2765   600417         
   2188   719      257.9373    45                    240.2765   608391         
   2230   759      249.4937    95                    240.2770   615005         
Elapsed time = 512.16 sec. (506961.34 ticks, tree = 3.28 MB, solutions = 0)
   2262   791      257.5164    68                    240.2770   622809         
   2286   815      257.9397   100                    240.2770   631100         
   2302   831      257.7473    91                    240.2770   634947         
   2346   875      260.2569    61                    240.2770   644638         

Performing restart 2

Repeating presolve.
Tried aggregator 1 time.
MIP Presolve eliminated 13 rows and 0 columns.
MIP Presolve modified 55 coefficients.
Reduced MIP has 23637 rows, 1606 columns, and 197304 nonzeros.
Reduced MIP has 1184 binaries, 0 generals, 0 SOSs, and 0 indicators.
Presolve time = 0.14 sec. (103.71 ticks)
Tried aggregator 1 time.
Reduced MIP has 23637 rows, 1606 columns, and 197304 nonzeros.
Reduced MIP has 1184 binaries, 0 generals, 0 SOSs, and 0 indicators.
Presolve time = 0.21 sec. (86.21 ticks)
Represolve time = 0.81 sec. (389.53 ticks)
   2370     0      240.2730   282                  Cuts: 4893   650867         
   2370     0      240.2741   276                  Cuts: 1690   651888         
   2370     0      240.2741   282                  Cuts: 4094   652638         
   2370     0      240.2742   260                  Cuts: 2002   653613         
   2370     0      240.2742   335                  Cuts: 2914   654382         
   2370     0      240.2743   275                  Cuts: 1976   654936         
   2370     0      240.2743   297                  Cuts: 4634   655549         
   2370     0      240.2743   251                  Cuts: 1880   655951         
   2370     0      240.2744   268                  Cuts: 6009   656327         
   2370     0      240.2757   224                  Cuts: 2241   656774         
   2370     0      240.2759   236                  Cuts: 4582   657319         
   2370     2      240.2759   218                    240.2770   657319         
   2371     3      240.2760   217                    240.2770   657320         
   2373     5      244.4673   117                    240.2770   659745         
   2380    12      246.3323   118                    240.2770   660283         
   2388    20      258.6653   102                    240.2770   661490         
   2398    30      247.9427    90                    240.2770   662541         
Elapsed time = 670.54 sec. (656504.80 ticks, tree = 1.05 MB, solutions = 0)
   2408    40      250.1082    91                    240.2770   663909         
   2414    46      247.9427    60                    240.2770   665451         
   2421    53      247.9427    56                    240.2770   668124         
   2428    60      247.9459    98                    240.2770   671343         
   2439    71      247.9484    72                    240.2770   672202         
   2451    83      247.9491    75                    240.2770   672749         
   2465    97      249.1123    63                    240.2770   675092         
   2479   111      251.1212    43                    240.2770   676793         
   2504   136      251.5657    47                    240.2770   678434         
   2527   159      251.1212    35                    240.2770   682209         
Elapsed time = 704.13 sec. (697455.80 ticks, tree = 5.86 MB, solutions = 0)
   2549   181      251.6502    36                    240.2770   686015         
   2588   220      254.9481    37                    240.2770   687429         
   2626   253      258.6024   104                    240.2770   689921         
   2632   259      281.0589   100                    240.2770   691778         
   2638   265      261.4048    97                    240.2770   694390         
   2643   270      262.1051    98                    240.2770   696831         
   2649   276      272.0304    79                    240.2770   699345         
   2659   286      285.7500    81                    240.2770   700928         
   2670   297      272.0917    76                    240.2770   703200         
   2679   306      275.1175    71                    240.2770   705355         
Elapsed time = 751.25 sec. (738936.05 ticks, tree = 6.40 MB, solutions = 0)
   2706   325      284.4637    67                    240.2770   707824         
   2721   333      261.5859    88                    240.2770   710336         
   2727   339      240.2761   190                    240.2770   712489         
   2730   342      243.5390   101                    240.2770   716143         
   2737   349      243.5390    94                    240.2770   718130         
   2745   357      266.1790   106                    240.2770   721079         
   2758   370      245.4044    82                    240.2770   722857         
   2770   382      245.5965    53                    240.2770   725904         
   2776   388      244.5250    87                    240.2770   728938         
   2794   406      244.5250    73                    240.2770   730570         
Elapsed time = 792.77 sec. (782174.05 ticks, tree = 7.52 MB, solutions = 0)
   2801   413      244.5250    67                    240.2770   733953         
   2816   428      244.8732    67                    240.2770   736812         
   2825   437      265.4586   100                    240.2770   740289         
   2844   456      283.0262    70                    240.2770   742279         
   2872   481      291.5040    43                    240.2770   745535         
   2962   553      240.2767   174                    240.2770   748460         
   2970   561      242.6920    85                    240.2770   753027         
   2986   577      242.6921    85                    240.2770   757510         
   3002   593      247.1538    89                    240.2770   763410         
   3015   606      242.7490   104                    240.2770   767346         
Elapsed time = 830.65 sec. (824915.08 ticks, tree = 8.07 MB, solutions = 0)
   3031   622      243.1211    98                    240.2770   770697         
   3049   639      257.5756    82                    240.2770   775562         
   3090   678      260.2272    45                    240.2770   779604         
   3150   734      272.8020    22                    240.2770   784498         
   3179   763      252.2350    96                    240.2775   788597         
   3191   775      266.8273   109                    240.2775   791803         
   3209   793      257.4889    84                    240.2775   795954         
   3218   802      258.2865    69                    240.2775   800946         
   3246   830      260.8380    58                    240.2775   806605         
   3270   854      268.0142    57                    240.2775   814203         
Elapsed time = 867.18 sec. (865028.11 ticks, tree = 8.78 MB, solutions = 0)
   3302   878      242.8653    83                    240.2776   819803         
   3315   891      242.2618   125                    240.2776   826027         
   3330   906      250.7916    63                    240.2776   829725         
   3380   956      254.6161    40                    240.2776   835433         
   3444  1016      276.8069    16                    240.2776   840174         
*  3469   883      integral     0      277.0054      240.2776   840423   13.26%
   3490   900      240.2863   129      277.0054      240.2778   841034   13.26%
   3510   920      242.4456    75      277.0054      240.2778   845237   13.26%
   3553   963      243.9682    68      277.0054      240.2778   847566   13.26%
   3587   996      257.8331    48      277.0054      240.2778   852591   13.26%
Elapsed time = 898.60 sec. (901180.00 ticks, tree = 9.33 MB, solutions = 1)
   3668  1062      255.2857    92      277.0054      240.2778   857267   13.26%
   3705  1098      264.8553    73      277.0054      240.2778   861233   13.26%
   3739  1120      248.7052   167      277.0054      240.2779   868493   13.26%
   3749  1130      253.5062    83      277.0054      240.2779   871803   13.26%
   3758  1138      257.2454    85      277.0054      240.2779   874626   13.26%
   3789  1165      262.9623    63      277.0054      240.2779   880527   13.26%
   3806  1176      240.2809   126      277.0054      240.2782   886169   13.26%
   3833  1203      249.6934    81      277.0054      240.2782   892646   13.26%
   3870  1240      250.7515    69      277.0054      240.2782   898513   13.26%
   3911  1265      276.9739    52      277.0054      240.2782   902897   13.26%
Elapsed time = 933.84 sec. (940945.91 ticks, tree = 10.30 MB, solutions = 1)
   3936  1275      245.0717   105      277.0054      240.2802   907579   13.26%
   3960  1296      276.8721    77      277.0054      240.2802   911912   13.26%
   3995  1312        cutoff            277.0054      240.2802   915724   13.26%
   4001  1316      241.6549    83      277.0054      240.2802   918990   13.26%
   4015  1330      242.9588    87      277.0054      240.2802   924077   13.26%
   4047  1362      247.3237    51      277.0054      240.2802   927897   13.26%
   4099  1408      240.2802   204      277.0054      240.2804   933766   13.26%
   4160  1469      240.3055   103      277.0054      240.2808   935628   13.26%
   4203  1510      258.0016    68      277.0054      240.2808   942005   13.26%
   4229  1530      249.6726    82      277.0054      240.2809   949946   13.26%
Elapsed time = 970.37 sec. (980522.60 ticks, tree = 11.26 MB, solutions = 1)
   4254  1554      272.0344    92      277.0054      240.2809   955843   13.26%
   4282  1580      256.1669    74      277.0054      240.2809   961560   13.26%
   4308  1606      261.6310    68      277.0054      240.2809   968864   13.26%
   4354  1646      269.7987    39      277.0054      240.2809   975447   13.26%
*  4370+ 1439                          271.8138      240.2809            11.60%
   4370  1439      271.0510    28      271.8138      240.2809   975975   11.60%
   4390  1457      250.5112    73      271.8138      240.2809   981603   11.60%
   4464  1528      268.8035    21      271.8138      240.2809   988006   11.60%
   4533  1586      254.4583    82      271.8138      240.2820   995818   11.60%
   4576  1627      259.4889    60      271.8138      240.2820  1001940   11.60%
   4655  1685      240.2872    91      271.8138      240.2848  1006887   11.60%
Elapsed time = 1012.35 sec. (1021938.35 ticks, tree = 11.82 MB, solutions = 2)
   4680  1710      247.7711    88      271.8138      240.2848  1013811   11.60%
   4737  1765      260.1570    38      271.8138      240.2848  1018596   11.60%
   4745  1769      243.3496    79      271.8138      240.2857  1023541   11.60%
   4770  1794      243.3559   118      271.8138      240.2857  1025975   11.60%
   4802  1826      245.3007    83      271.8138      240.2857  1030145   11.60%
   4881  1900      241.6306   109      271.8138      240.2857  1035076   11.60%
   4893  1912      241.6535   120      271.8138      240.2857  1042693   11.60%
   4908  1927      249.0672    77      271.8138      240.2857  1049699   11.60%
   4924  1943      253.0821   100      271.8138      240.2857  1057111   11.60%
   4959  1973      252.7621    77      271.8138      240.2857  1062931   11.60%
Elapsed time = 1052.80 sec. (1062783.57 ticks, tree = 12.86 MB, solutions = 2)
   4998  2012      264.1410    47      271.8138      240.2857  1070138   11.60%
   5044  2046      270.1692    74      271.8138      240.2870  1076800   11.60%
   5072  2066      246.3423   111      271.8138      240.2872  1083384   11.60%
   5150  2144      261.7050    73      271.8138      240.2872  1087414   11.60%
   5195  2183      240.6995    69      271.8138      240.2877  1093857   11.60%
   5236  2220      268.5810    55      271.8138      240.2877  1101197   11.60%
   5244  2224      242.1822    81      271.8138      240.2881  1105285   11.60%
   5263  2243      242.1944   112      271.8138      240.2881  1110145   11.60%
   5312  2292      243.9526    84      271.8138      240.2881  1115692   11.60%
   5378  2350      248.9969   122      271.8138      240.2887  1123771   11.60%
Elapsed time = 1094.41 sec. (1102527.19 ticks, tree = 14.32 MB, solutions = 2)
   5396  2368      242.2755    87      271.8138      240.2887  1130687   11.60%
   5427  2397      250.3776    84      271.8138      240.2887  1138872   11.60%
   5498  2453      264.5703    25      271.8138      240.2887  1146396   11.60%
   5581  2518      243.0968    77      271.8138      240.2903  1153025   11.60%
   5625  2562      244.7957    70      271.8138      240.2903  1157430   11.60%
   5669  2606      254.9429    39      271.8138      240.2903  1164009   11.60%
   5697  2630      256.2856    69      271.8138      240.2904  1172931   11.60%
   5768  2693      262.2953   102      271.8138      240.2905  1183810   11.60%
   5795  2714      248.8179   107      271.8138      240.2906  1190632   11.60%
   5871  2786      263.5556    52      271.8138      240.2906  1196459   11.60%
Elapsed time = 1136.52 sec. (1141629.91 ticks, tree = 15.90 MB, solutions = 2)
   5899  2806      240.7751    99      271.8138      240.2907  1203782   11.60%
   5907  2814      241.3212    80      271.8138      240.2907  1208627   11.60%
   5919  2826      242.5797    86      271.8138      240.2907  1212931   11.60%
   5934  2839      254.8098    80      271.8138      240.2907  1218020   11.60%
   5959  2864      245.2764    63      271.8138      240.2907  1223949   11.60%
   5982  2887      247.3323    58      271.8138      240.2907  1230039   11.60%
   6027  2931      257.6113    30      271.8138      240.2907  1236380   11.60%
   6084  2976      243.5590   134      271.8138      240.2908  1239217   11.60%
   6162  3049      241.8366   122      271.8138      240.2909  1243518   11.60%
   6224  3110      251.5524    62      271.8138      240.2909  1247944   11.60%
Elapsed time = 1176.10 sec. (1182916.98 ticks, tree = 17.07 MB, solutions = 2)
   6275  3154      243.3871    80      271.8138      240.2914  1253188   11.60%
   6324  3196      252.3943   108      271.8138      240.2918  1260667   11.60%
   6355  3223      271.2667    66      271.8138      240.2918  1266272   11.60%
   6370  3233      271.2684    62      271.8138      240.2918  1267655   11.60%
   6396  3249      245.4843    87      271.8138      240.2920  1273469   11.60%
   6416  3269      250.5202    87      271.8138      240.2920  1279588   11.60%
   6452  3301      253.1639    68      271.8138      240.2920  1287084   11.60%
   6493  3324      241.3115    78      271.8138      240.2922  1293114   11.60%
   6539  3370      242.6642    94      271.8138      240.2922  1299589   11.60%
   6585  3410      243.5511    70      271.8138      240.2926  1306562   11.60%
Elapsed time = 1226.25 sec. (1233504.63 ticks, tree = 18.16 MB, solutions = 2)
   6625  3449      254.9002    78      271.8138      240.2926  1315183   11.60%
   6661  3472      271.6059    71      271.8138      240.2930  1323030   11.60%
   6692  3498      248.9327   129      271.8138      240.2934  1328522   11.60%
   6731  3532      251.9119   141      271.8138      240.2936  1333345   11.60%
   6756  3554      265.1700    81      271.8138      240.2936  1337112   11.60%
   6782  3574      240.6941   118      271.8138      240.2939  1343323   11.60%
   6832  3624      241.3862    92      271.8138      240.2939  1346192   11.60%
   6888  3670      249.5097   140      271.8138      240.2944  1350720   11.60%
   6928  3710      254.9243    87      271.8138      240.2944  1353852   11.60%
   6981  3747      241.3115    78      271.8138      240.2962  1359955   11.60%
Elapsed time = 1267.12 sec. (1273410.56 ticks, tree = 19.38 MB, solutions = 2)
   6993  3759      242.9622   134      271.8138      240.2962  1365496   11.60%
   7051  3817      249.5861    60      271.8138      240.2962  1368495   11.60%
   7069  3829      249.4937    76      271.8138      240.2975  1375318   11.59%
   7093  3853      251.7650    68      271.8138      240.2975  1380334   11.59%
   7119  3879      251.9575    99      271.8138      240.2975  1385084   11.59%
   7169  3925      240.5228    66      271.8138      240.2982  1389889   11.59%
   7184  3940      245.8067    64      271.8138      240.2982  1396563   11.59%
   7205  3959      245.9057    88      271.8138      240.2982  1402726   11.59%
   7246  3991      251.0670    71      271.8138      240.2982  1412197   11.59%
   7301  4029      241.1024   109      271.8138      240.2983  1417294   11.59%
Elapsed time = 1306.75 sec. (1313171.75 ticks, tree = 20.40 MB, solutions = 2)
   7329  4057      250.4551    73      271.8138      240.2983  1424762   11.59%
   7370  4095      240.3952   151      271.8138      240.2995  1427828   11.59%
   7426  4145      245.3099    77      271.8138      240.3013  1433728   11.59%
   7474  4189      267.6587    52      271.8138      240.3013  1439825   11.59%
   7502  4213      249.2041    92      271.8138      240.3019  1445457   11.59%
   7553  4264      254.6977    62      271.8138      240.3019  1449812   11.59%
   7590  4294      243.6440   151      271.8138      240.3020  1454017   11.59%
   7609  4313      250.1836   140      271.8138      240.3020  1457590   11.59%
   7630  4331      255.2510    74      271.8138      240.3020  1463625   11.59%
   7651  4352      261.3599    79      271.8138      240.3020  1471294   11.59%
Elapsed time = 1350.81 sec. (1354030.65 ticks, tree = 21.72 MB, solutions = 2)
   7688  4389      257.5689    59      271.8138      240.3020  1478752   11.59%
   7734  4429      250.5311    72      271.8138      240.3022  1488577   11.59%
   7739  4433      250.5311    76      271.8138      240.3022  1492896   11.59%
   7784  4478      253.9498    90      271.8138      240.3022  1496935   11.59%
   7831  4519      250.7121    92      271.8138      240.3024  1502617   11.59%
   7854  4542      256.2150    88      271.8138      240.3024  1507942   11.59%
   7910  4591      240.5305   140      271.8138      240.3024  1511159   11.59%
   7970  4651      245.7604    78      271.8138      240.3024  1513946   11.59%
   8013  4689      240.6700   135      271.8138      240.3027  1516676   11.59%
   8060  4728      247.2035    81      271.8138      240.3053  1522626   11.59%
Elapsed time = 1399.66 sec. (1394863.71 ticks, tree = 23.09 MB, solutions = 2)
   8066  4733      264.9349    67      271.8138      240.3053  1528324   11.59%
   8093  4755      265.3034    95      271.8138      240.3053  1533330   11.59%
   8120  4772      246.4933    82      271.8138      240.3053  1539984   11.59%
   8143  4795      252.1432    83      271.8138      240.3053  1545004   11.59%
   8170  4813      242.0897   106      271.8138      240.3053  1552253   11.59%
   8178  4821      246.9021    80      271.8138      240.3053  1558924   11.59%
   8220  4863      250.9017    71      271.8138      240.3053  1565596   11.59%
   8278  4917      250.4713    84      271.8138      240.3053  1571360   11.59%
   8308  4946      263.5027    59      271.8138      240.3053  1579404   11.59%
   8335  4968      244.5849    89      271.8138      240.3055  1585789   11.59%
Elapsed time = 1444.50 sec. (1434017.09 ticks, tree = 23.95 MB, solutions = 2)
   8352  4985      247.8657    92      271.8138      240.3055  1592740   11.59%
   8370  5003      249.7308    79      271.8138      240.3055  1597118   11.59%
   8410  5025      240.3119   114      271.8138      240.3060  1603822   11.59%
   8460  5075      248.3581    79      271.8138      240.3060  1608140   11.59%
   8514  5120      256.4174   121      271.8138      240.3105  1615268   11.59%
   8559  5160      255.2974    91      271.8138      240.3105  1621089   11.59%
   8619  5212      240.3193   174      271.8138      240.3115  1627254   11.59%
   8635  5228      253.0888    68      271.8138      240.3115  1636057   11.59%
   8664  5256      261.1500    73      271.8138      240.3115  1642819   11.59%
   8689  5265      240.6348    82      271.8138      240.3115  1649727   11.59%
Elapsed time = 1503.25 sec. (1483128.13 ticks, tree = 25.03 MB, solutions = 2)
   8717  5293      241.4192   127      271.8138      240.3115  1654676   11.59%
   8781  5353      242.1071    78      271.8138      240.3117  1660176   11.59%
   8809  5381      244.1748    95      271.8138      240.3117  1665404   11.59%
   8852  5415      240.3153   137      271.8138      240.3117  1669865   11.59%
   8889  5452      244.1523    95      271.8138      240.3117  1674565   11.59%
   8934  5490      267.1541    81      271.8138      240.3118  1678784   11.59%
   8957  5504      259.9706    87      271.8138      240.3119  1683495   11.59%
   8976  5523      261.3977    87      271.8138      240.3119  1689190   11.59%
   8999  5546      270.1272    67      271.8138      240.3119  1695708   11.59%
   9048  5579      245.3128    80      271.8138      240.3122  1700977   11.59%
Elapsed time = 1554.55 sec. (1522064.36 ticks, tree = 26.18 MB, solutions = 2)
   9068  5595      249.4937    77      271.8138      240.3126  1706051   11.59%
   9086  5613      258.8451    68      271.8138      240.3126  1713212   11.59%
   9153  5676      267.0136    36      271.8138      240.3126  1717516   11.59%
   9211  5725      240.4459   127      271.8138      240.3126  1720003   11.59%
   9259  5768      240.7357   154      271.8138      240.3132  1725982   11.59%
   9312  5812      243.6489   118      271.8138      240.3142  1732707   11.59%
   9335  5833      251.4257    98      271.8138      240.3142  1739191   11.59%
*  9370+ 5776                          271.1632      240.3142            11.38%
*  9370+ 5757                          270.9837      240.3142            11.32%
   9370  5759      266.6456    57      270.9837      240.3142  1745786   11.32%
   9389  5770      269.9218    76      270.9837      240.3144  1753168   11.32%
   9415  5792      240.5744    97      270.9837      240.3146  1758249   11.32%
Elapsed time = 1614.63 sec. (1564989.27 ticks, tree = 26.95 MB, solutions = 4)
   9473  5842      240.6801    97      270.9837      240.3155  1764274   11.32%
   9503  5872      249.0319    84      270.9837      240.3155  1771560   11.32%
   9542  5907      242.7670    72      270.9837      240.3157  1778475   11.32%
   9585  5950      265.2911    71      270.9837      240.3157  1783731   11.32%
   9606  5965      266.8494    76      270.9837      240.3171  1791556   11.32%
   9641  5988      240.4796   119      270.9837      240.3184  1800066   11.32%
   9657  6004      241.9919    71      270.9837      240.3184  1807285   11.32%
   9722  6064      241.3666   149      270.9837      240.3185  1813723   11.32%
   9760  6102      242.3620   119      270.9837      240.3185  1819416   11.32%
   9820  6156      240.4979   138      270.9837      240.3194  1825260   11.32%
Elapsed time = 1672.06 sec. (1605439.36 ticks, tree = 28.46 MB, solutions = 4)
   9870  6202      245.1201    97      270.9837      240.3206  1832709   11.32%
   9941  6261      245.2945   105      270.9837      240.3216  1838750   11.32%
   9967  6280      270.1426    61      270.9837      240.3216  1846462   11.32%
   9984  6286      245.5215    80      270.9837      240.3223  1851823   11.31%
  10006  6308      246.9921    63      270.9837      240.3223  1857159   11.31%
  10034  6328      241.2719    98      270.9837      240.3229  1864028   11.31%
  10067  6357      240.3710   132      270.9837      240.3233  1869281   11.31%
  10109  6396      242.8501   149      270.9837      240.3244  1873682   11.31%
  10135  6422      243.9317    62      270.9837      240.3244  1878687   11.31%
  10169  6456      248.5367    69      270.9837      240.3244  1883367   11.31%
Elapsed time = 1729.03 sec. (1646377.12 ticks, tree = 29.55 MB, solutions = 4)
  10190  6471      251.4027    92      270.9837      240.3254  1887542   11.31%
  10204  6485      259.2676    93      270.9837      240.3254  1893118   11.31%
  10246  6527      260.1747    58      270.9837      240.3254  1901305   11.31%
  10300  6566      243.4159    92      270.9837      240.3264  1907067   11.31%
  10346  6606      241.0895    77      270.9837      240.3267  1913628   11.31%
  10370  6630      243.2114    77      270.9837      240.3267  1915301   11.31%
  10429  6682      240.7348   118      270.9837      240.3268  1920411   11.31%
  10482  6725      267.8854   102      270.9837      240.3270  1926197   11.31%
  10517  6750      243.3374    80      270.9837      240.3270  1933616   11.31%
  10539  6772      244.0167   107      270.9837      240.3270  1940938   11.31%
Elapsed time = 1798.43 sec. (1696301.13 ticks, tree = 31.27 MB, solutions = 4)
  10561  6794      253.1384    60      270.9837      240.3270  1947548   11.31%
  10611  6824      243.2915    73      270.9837      240.3296  1954368   11.31%
  10645  6858      252.2394    80      270.9837      240.3296  1961107   11.31%
  10676  6884      245.3203    99      270.9837      240.3296  1968546   11.31%
  10738  6942      240.5566   123      270.9837      240.3307  1972595   11.31%
  10805  6995      242.1395    89      270.9837      240.3353  1979005   11.31%
  10863  7046      242.2009   116      270.9837      240.3354  1985015   11.31%
  10875  7058      262.1369    74      270.9837      240.3354  1992834   11.31%
  10903  7078      243.2719    84      270.9837      240.3358  2002502   11.31%
  10939  7114      263.1023    94      270.9837      240.3358  2008761   11.31%
Elapsed time = 1855.58 sec. (1735417.91 ticks, tree = 32.52 MB, solutions = 4)
  10998  7167      265.7462    67      270.9837      240.3359  2012570   11.31%
  11012  7177      241.4791    76      270.9837      240.3370  2019131   11.31%
  11037  7202      241.9283    91      270.9837      240.3370  2027504   11.31%
  11103  7261      241.1182    65      270.9837      240.3377  2032397   11.31%
  11158  7315      246.2567    75      270.9837      240.3377  2038868   11.31%
  11169  7321      249.3858    85      270.9837      240.3378  2045790   11.31%
  11199  7351      262.9818    94      270.9837      240.3378  2048723   11.31%
  11239  7372      241.3125   128      270.9837      240.3384  2055677   11.31%
  11270  7403      257.5670    87      270.9837      240.3384  2061178   11.31%
  11303  7428      245.4497    91      270.9837      240.3389  2067221   11.31%
Elapsed time = 1896.27 sec. (1775186.02 ticks, tree = 33.85 MB, solutions = 4)
  11323  7447      248.8025    81      270.9837      240.3389  2072934   11.31%
  11370  7478      241.4911    96      270.9837      240.3389  2076123   11.31%
  11403  7507      249.5350   147      270.9837      240.3400  2082078   11.31%
  11416  7520      250.3581   145      270.9837      240.3400  2087925   11.31%
  11483  7583      250.3364    92      270.9837      240.3400  2092496   11.31%
  11499  7599      255.8929    76      270.9837      240.3400  2098894   11.31%
  11512  7612      255.6256    67      270.9837      240.3400  2104414   11.31%
  11539  7636      258.3939    72      270.9837      240.3400  2110961   11.31%
  11574  7660      247.2476    63      270.9837      240.3406  2118290   11.31%
  11587  7673      255.0832    89      270.9837      240.3406  2125836   11.31%
Elapsed time = 1953.69 sec. (1827946.51 ticks, tree = 34.74 MB, solutions = 4)
  11623  7700      240.3636   173      270.9837      240.3408  2131175   11.31%
  11681  7756      266.4665    60      270.9837      240.3408  2136193   11.31%
  11710  7780      263.2539    74      270.9837      240.3434  2142471   11.31%
  11761  7827      251.1111    78      270.9837      240.3441  2148043   11.31%
  11793  7848      250.0569    69      270.9837      240.3449  2156299   11.31%
  11835  7871      250.3364    88      270.9837      240.3457  2163734   11.31%
  11853  7889      259.4697    90      270.9837      240.3457  2170245   11.31%
  11898  7923      240.7089    88      270.9837      240.3468  2177415   11.31%
  11940  7965      247.2694    70      270.9837      240.3468  2183901   11.31%
  11985  8005      240.6278   158      270.9837      240.3471  2188458   11.31%
Elapsed time = 2000.43 sec. (1867394.35 ticks, tree = 35.94 MB, solutions = 4)
  12049  8069      241.3010   102      270.9837      240.3471  2191086   11.31%
  12087  8101      267.3386    72      270.9837      240.3477  2199295   11.31%
  12127  8132      241.3589    72      270.9837      240.3499  2208893   11.30%
  12162  8161        cutoff            270.9837      240.3499  2217675   11.30%
  12195  8181      241.1760    83      270.9837      240.3520  2225266   11.30%
  12259  8239      240.9525   110      270.9837      240.3532  2233727   11.30%
  12316  8292      243.7804    86      270.9837      240.3538  2239717   11.30%
  12346  8322      244.2831   116      270.9837      240.3538  2244657   11.30%
  12370  8346      244.4374   111      270.9837      240.3538  2246142   11.30%
  12407  8381      267.3395    51      270.9837      240.3538  2252680   11.30%
Elapsed time = 2050.90 sec. (1914030.10 ticks, tree = 37.64 MB, solutions = 4)
  12469  8429      252.3657    83      270.9837      240.3562  2259488   11.30%
  12504  8458      259.6671    74      270.9837      240.3562  2265496   11.30%
  12537  8476      254.3654    71      270.9837      240.3566  2270041   11.30%
  12570  8508      259.2956    68      270.9837      240.3566  2275394   11.30%
  12618  8542        cutoff            270.9837      240.3569  2280706   11.30%
  12660  8573      242.1034    80      270.9837      240.3570  2285836   11.30%
  12679  8591      249.3354    70      270.9837      240.3570  2292054   11.30%
  12726  8634      242.3076    97      270.9837      240.3576  2298503   11.30%
  12755  8654      245.3354    78      270.9837      240.3592  2305252   11.30%
  12804  8701      249.4034    39      270.9837      240.3592  2310875   11.30%
Elapsed time = 2093.13 sec. (1953143.51 ticks, tree = 38.80 MB, solutions = 4)
  12824  8717      256.0371   106      270.9837      240.3592  2318651   11.30%
  12867  8756      241.3513    90      270.9837      240.3599  2321872   11.30%
  12893  8782      247.6833    73      270.9837      240.3599  2329681   11.30%
  12931  8810      249.4937    82      270.9837      240.3599  2336593   11.30%
  12979  8856      252.4286    86      270.9837      240.3599  2341906   11.30%
  13036  8899      268.3605    83      270.9837      240.3608  2348008   11.30%
  13077  8932      254.0738    66      270.9837      240.3610  2353599   11.30%
  13117  8960      256.7709    96      270.9837      240.3613  2361679   11.30%
  13150  8988      240.5506    79      270.9837      240.3636  2366180   11.30%
  13209  9043      240.3972   115      270.9837      240.3658  2371294   11.30%
Elapsed time = 2137.24 sec. (1993262.05 ticks, tree = 40.05 MB, solutions = 4)
  13265  9095      240.4717    77      270.9837      240.3701  2377336   11.30%
  13322  9148        cutoff            270.9837      240.3701  2382994   11.30%
  13363  9181      266.0745    64      270.9837      240.3714  2391650   11.30%
  13370  9184      249.6122    80      270.9837      240.3724  2393593   11.30%
  13408  9214      240.8243   170      270.9837      240.3740  2401048   11.30%
  13464  9266      270.4757    67      270.9837      240.3740  2405455   11.30%
  13514  9309      242.3719   106      270.9837      240.3744  2410470   11.30%
  13559  9348      242.3405   106      270.9837      240.3744  2416587   11.30%
  13612  9401      268.6649    64      270.9837      240.3744  2421513   11.30%
  13647  9433      248.2707    51      270.9837      240.3749  2430875   11.30%
Elapsed time = 2183.86 sec. (2033822.36 ticks, tree = 41.47 MB, solutions = 4)
  13678  9462      245.6597    78      270.9837      240.3749  2440453   11.30%
  13725  9505      249.8973    91      270.9837      240.3751  2446889   11.30%
  13744  9518      240.7533   123      270.9837      240.3754  2453037   11.30%
  13794  9564      269.5036    73      270.9837      240.3754  2459781   11.30%
  13843  9606      267.4229    78      270.9837      240.3755  2466925   11.30%
  13880  9634      262.1030    80      270.9837      240.3765  2474140   11.29%
  13913  9661      247.3639    74      270.9837      240.3770  2481550   11.29%
  13932  9679      265.4134    58      270.9837      240.3770  2486858   11.29%
  13982  9714      240.6114   146      270.9837      240.3770  2491936   11.29%
  14017  9746      259.2719    83      270.9837      240.3770  2496109   11.29%
Elapsed time = 2223.26 sec. (2072376.22 ticks, tree = 42.60 MB, solutions = 4)
  14048  9772      267.9695    75      270.9837      240.3779  2501656   11.29%
  14065  9782      242.1034    72      270.9837      240.3782  2507572   11.29%
  14090  9807      243.6772    96      270.9837      240.3782  2513628   11.29%
  14141  9849      240.3789   152      270.9837      240.3789  2518282   11.29%
  14200  9907      259.5711    64      270.9837      240.3790  2523823   11.29%
  14225  9926      262.6376    93      270.9837      240.3794  2530121   11.29%
  14235  9936      242.6467   126      270.9837      240.3794  2536992   11.29%
  14254  9955      245.5326   104      270.9837      240.3794  2545089   11.29%
  14287  9980        cutoff            270.9837      240.3794  2551894   11.29%
  14298  9989      257.4708    95      270.9837      240.3795  2557428   11.29%
Elapsed time = 2263.10 sec. (2112775.00 ticks, tree = 43.87 MB, solutions = 4)
  14339 10030      266.0795    68      270.9837      240.3795  2561981   11.29%
  14365 10051      243.5619    99      270.9837      240.3797  2568274   11.29%
  14370 10056      243.7140   104      270.9837      240.3797  2568762   11.29%
  14404 10084      240.5796   102      270.9837      240.3797  2574166   11.29%
  14445 10121      241.2136   139      270.9837      240.3802  2580426   11.29%
  14509 10183      270.2143    71      270.9837      240.3802  2584822   11.29%
  14523 10191      245.9206    73      270.9837      240.3816  2591143   11.29%
  14552 10215      269.3429    61      270.9837      240.3816  2599761   11.29%
  14580 10235      240.6451   167      270.9837      240.3819  2603999   11.29%
  14635 10290      246.6320    85      270.9837      240.3819  2609226   11.29%
Elapsed time = 2312.65 sec. (2161655.38 ticks, tree = 44.97 MB, solutions = 4)
  14692 10343      240.7653   122      270.9837      240.3825  2613147   11.29%
  14734 10370      261.9682    84      270.9837      240.3830  2621555   11.29%
  14775 10405      248.8108    86      270.9837      240.3835  2630066   11.29%
  14800 10424      242.6404    84      270.9837      240.3841  2638936   11.29%
  14847 10471      247.8512    86      270.9837      240.3841  2645803   11.29%
  14917 10529      246.1689    85      270.9837      240.3843  2651472   11.29%
  14974 10575      240.4242    93      270.9837      240.3849  2657936   11.29%
  15026 10620      240.9133    93      270.9837      240.3852  2664432   11.29%
  15066 10658      270.0657    58      270.9837      240.3852  2673710   11.29%
  15116 10696      241.3010   164      270.9837      240.3858  2680059   11.29%
Elapsed time = 2356.40 sec. (2201110.83 ticks, tree = 46.45 MB, solutions = 4)
  15162 10735      243.7016    77      270.9837      240.3866  2686198   11.29%
  15211 10784      247.9874    72      270.9837      240.3866  2689834   11.29%
  15264 10821      240.8975    90      270.9837      240.3867  2697304   11.29%
  15300 10857      263.9176    68      270.9837      240.3867  2705674   11.29%
  15340 10886      241.7932   133      270.9837      240.3869  2710823   11.29%
  15393 10939      247.8460    90      270.9837      240.3869  2715334   11.29%
  15447 10989      241.0161   119      270.9837      240.3870  2719609   11.29%
  15484 11017      260.2858    75      270.9837      240.3872  2725372   11.29%
  15517 11040      242.0449    90      270.9837      240.3876  2732254   11.29%
  15531 11052      242.0863   134      270.9837      240.3876  2739843   11.29%
Elapsed time = 2400.36 sec. (2241721.81 ticks, tree = 47.74 MB, solutions = 4)
  15549 11070      245.7767    79      270.9837      240.3876  2745623   11.29%
  15570 11089      252.6447    61      270.9837      240.3876  2751221   11.29%
  15597 11103      241.2204   119      270.9837      240.3876  2756937   11.29%
  15655 11161      247.2595    89      270.9837      240.3876  2761250   11.29%
  15710 11210      242.5071   124      270.9837      240.3876  2765440   11.29%
  15762 11256      240.5049   151      270.9837      240.3888  2771067   11.29%
  15818 11304      240.8610   118      270.9837      240.3909  2775764   11.29%
  15855 11332      247.2759    91      270.9837      240.3917  2782063   11.29%
  15865 11342      249.8581    86      270.9837      240.3917  2787801   11.29%
  15913 11388      256.4828    57      270.9837      240.3917  2797244   11.29%
Elapsed time = 2439.19 sec. (2280935.66 ticks, tree = 48.97 MB, solutions = 4)
  15958 11425      243.0380    84      270.9837      240.3925  2802951   11.29%
  15997 11458      261.6336    50      270.9837      240.3925  2808390   11.29%
  16068 11518      270.5801    53      270.9837      240.3934  2813047   11.29%
  16081 11520      240.4079   154      270.9837      240.3936  2820059   11.29%
  16102 11539      259.9044    87      270.9837      240.3936  2826897   11.29%
  16161 11586      240.8373   119      270.9837      240.3942  2832813   11.29%
  16208 11619      242.4159   109      270.9837      240.3954  2839423   11.29%
  16235 11639      247.2035    64      270.9837      240.3955  2848632   11.29%
  16242 11646      265.1915    68      270.9837      240.3955  2856282   11.29%
  16293 11693      243.1634    76      270.9837      240.3983  2860362   11.29%
Elapsed time = 2481.78 sec. (2321038.98 ticks, tree = 50.27 MB, solutions = 4)
  16312 11704      241.1242    82      270.9837      240.3983  2866905   11.29%
  16331 11721      252.3213    79      270.9837      240.3983  2873788   11.29%
  16365 11746      262.1641    95      270.9837      240.3997  2881690   11.29%
  16370 11751      267.3512    76      270.9837      240.3997  2883404   11.29%
  16424 11790      241.8949   100      270.9837      240.3998  2889588   11.29%
  16469 11831      245.8154    98      270.9837      240.3999  2897116   11.29%
  16530 11885      257.2223    78      270.9837      240.4002  2903204   11.29%
  16546 11897      254.4182   120      270.9837      240.4015  2912241   11.29%
  16580 11928      267.6341    64      270.9837      240.4015  2920257   11.29%
  16631 11965      267.7443   110      270.9837      240.4037  2927872   11.28%
Elapsed time = 2535.51 sec. (2371813.45 ticks, tree = 51.27 MB, solutions = 4)
  16680 12008      270.6382    64      270.9837      240.4037  2934586   11.28%
  16715 12039      243.6999   100      270.9837      240.4044  2940058   11.28%
  16740 12058      241.8692    99      270.9837      240.4048  2949029   11.28%
  16766 12082      264.7049    85      270.9837      240.4048  2957441   11.28%
  16804 12102        cutoff            270.9837      240.4048  2962740   11.28%
  16848 12119      266.9217    54      270.9837      240.4053  2970737   11.28%
  16895 12159      244.1365    71      270.9837      240.4059  2977136   11.28%
  16960 12217      242.1699    94      270.9837      240.4065  2982681   11.28%
  17002 12245      258.4238    81      270.9837      240.4087  2988634   11.28%
  17025 12262      240.5560    70      270.9837      240.4095  2995203   11.28%
Elapsed time = 2583.52 sec. (2411309.90 ticks, tree = 52.35 MB, solutions = 4)
  17049 12286      242.5056    92      270.9837      240.4095  3001510   11.28%
  17084 12317      243.2024   107      270.9837      240.4097  3007738   11.28%
  17126 12359      249.7510    96      270.9837      240.4097  3011688   11.28%
  17170 12389      258.6354    69      270.9837      240.4103  3017395   11.28%
  17232 12446      241.7193   101      270.9837      240.4124  3020147   11.28%
  17264 12469      255.5864    72      270.9837      240.4126  3027360   11.28%
  17309 12497      242.6505   115      270.9837      240.4128  3034420   11.28%
  17363 12546      241.9954   117      270.9837      240.4141  3038193   11.28%
  17414 12592      241.4280    96      270.9837      240.4141  3043612   11.28%
  17465 12635      243.3990    86      270.9837      240.4144  3049515   11.28%
Elapsed time = 2637.90 sec. (2450109.19 ticks, tree = 53.70 MB, solutions = 4)
  17475 12645      243.8151    59      270.9837      240.4144  3056712   11.28%
  17489 12659      244.1013    86      270.9837      240.4144  3064498   11.28%
  17509 12679      252.0322    63      270.9837      240.4144  3071608   11.28%
  17565 12718      243.9763   118      270.9837      240.4144  3077914   11.28%
  17603 12756      256.9197    68      270.9837      240.4144  3083600   11.28%
  17633 12782      241.2033   116      270.9837      240.4148  3088989   11.28%
  17683 12821      240.6909    88      270.9837      240.4149  3095240   11.28%
  17717 12851      260.6972    95      270.9837      240.4152  3102281   11.28%
  17755 12883      267.5932    69      270.9837      240.4160  3108673   11.28%
  17777 12901      267.5779    74      270.9837      240.4166  3116400   11.28%
Elapsed time = 2686.33 sec. (2488748.08 ticks, tree = 54.67 MB, solutions = 4)
  17816 12932      262.8956    68      270.9837      240.4173  3122902   11.28%
  17868 12976      257.0676    82      270.9837      240.4174  3129110   11.28%
  17906 13005      254.0728    71      270.9837      240.4204  3136193   11.28%
  17953 13046      250.2534    87      270.9837      240.4206  3143740   11.28%
  18016 13103        cutoff            270.9837      240.4208  3150645   11.28%
  18073 13148      240.5481   124      270.9837      240.4208  3154191   11.28%
  18123 13189      240.9938   109      270.9837      240.4212  3160201   11.28%
  18174 13240      243.6933   105      270.9837      240.4212  3165563   11.28%
  18230 13290      241.0960    75      270.9837      240.4220  3173186   11.28%
  18293 13349      241.2062   111      270.9837      240.4230  3179148   11.28%
Elapsed time = 2740.01 sec. (2527372.31 ticks, tree = 56.31 MB, solutions = 4)
  18354 13403      241.0006   122      270.9837      240.4238  3184134   11.28%
  18370 13419      266.0645    82      270.9837      240.4238  3186607   11.28%
  18434 13475      258.5990    83      270.9837      240.4242  3192808   11.28%
  18502 13527      240.6814   156      270.9837      240.4248  3198891   11.28%
  18536 13558      257.8282    75      270.9837      240.4248  3208544   11.28%
  18582 13592      240.6558   165      270.9837      240.4257  3216910   11.28%
  18624 13634      262.5809    86      270.9837      240.4257  3224534   11.28%
  18681 13687      245.7647   101      270.9837      240.4266  3228812   11.28%
  18731 13727      269.4636    60      270.9837      240.4266  3234519   11.28%
  18783 13753      249.0295    70      270.9837      240.4267  3241351   11.28%
Elapsed time = 2798.11 sec. (2572281.25 ticks, tree = 57.78 MB, solutions = 4)
  18815 13780      242.3298    78      270.9837      240.4269  3246050   11.28%
  18846 13798      240.8936   122      270.9837      240.4272  3252856   11.28%
  18887 13835      251.9956   100      270.9837      240.4272  3258786   11.28%
  18931 13877      267.2709    66      270.9837      240.4272  3263699   11.28%
  18962 13899      240.7476   118      270.9837      240.4288  3270612   11.28%
  19000 13928      264.0458    60      270.9837      240.4288  3277612   11.28%
  19071 13980      270.8425    66      270.9837      240.4293  3281216   11.28%
  19116 14020      240.9838   103      270.9837      240.4301  3283647   11.28%
  19168 14063      242.5179   108      270.9837      240.4304  3289132   11.27%
  19217 14106      245.9124    87      270.9837      240.4311  3294466   11.27%
Elapsed time = 2855.05 sec. (2612125.52 ticks, tree = 59.07 MB, solutions = 4)
  19256 14134      244.4683   111      270.9837      240.4314  3301549   11.27%
  19281 14159      259.1022    67      270.9837      240.4314  3309741   11.27%
  19328 14189      241.4533   101      270.9837      240.4316  3316360   11.27%
  19383 14244      251.7692    75      270.9837      240.4316  3321732   11.27%
  19433 14287      248.2215    95      270.9837      240.4320  3327709   11.27%
  19470 14320      262.1168    66      270.9837      240.4320  3334395   11.27%
  19521 14360      240.4544   141      270.9837      240.4328  3341576   11.27%
  19542 14381      241.7031    78      270.9837      240.4328  3349836   11.27%
  19570 14407      257.2849    88      270.9837      240.4328  3357975   11.27%
  19615 14436      270.0723    59      270.9837      240.4328  3365772   11.27%
Elapsed time = 2914.76 sec. (2652866.70 ticks, tree = 60.27 MB, solutions = 4)
  19674 14487      247.5561    77      270.9837      240.4331  3370626   11.27%
  19737 14542      241.2979    84      270.9837      240.4334  3376101   11.27%
  19804 14600      240.4488   119      270.9837      240.4349  3381463   11.27%
  19820 14616      243.6505    73      270.9837      240.4349  3389220   11.27%
  19831 14627      252.4026    85      270.9837      240.4349  3396670   11.27%
  19862 14654      264.7639    91      270.9837      240.4349  3406867   11.27%
  19908 14686      242.5763    92      270.9837      240.4354  3417377   11.27%
  19943 14720      260.3546    90      270.9837      240.4354  3425060   11.27%
  19970 14741      248.5424    84      270.9837      240.4360  3428170   11.27%
  20009 14780      252.4021    86      270.9837      240.4360  3434035   11.27%
Elapsed time = 2979.47 sec. (2694667.44 ticks, tree = 61.52 MB, solutions = 4)
  20070 14831      240.7701   145      270.9837      240.4365  3437581   11.27%
  20130 14887      240.5926   157      270.9837      240.4369  3442326   11.27%
  20176 14929      248.0283    80      270.9837      240.4372  3450837   11.27%
  20228 14972      241.4426    79      270.9837      240.4379  3458278   11.27%
  20285 15023      240.4379   114      270.9837      240.4379  3463392   11.27%
  20342 15073      270.5027    65      270.9837      240.4379  3470805   11.27%
  20370 15094      249.8172    84      270.9837      240.4382  3473636   11.27%
  20395 15115      248.8361    74      270.9837      240.4392  3483269   11.27%
  20444 15149      240.4392   125      270.9837      240.4392  3491383   11.27%
  20490 15195      252.8872    90      270.9837      240.4393  3498904   11.27%
Elapsed time = 3038.48 sec. (2734948.16 ticks, tree = 63.23 MB, solutions = 4)
  20553 15250      241.0324    68      270.9837      240.4394  3504265   11.27%
  20601 15294      240.5419   154      270.9837      240.4394  3508007   11.27%
  20656 15347      270.7191    53      270.9837      240.4394  3512518   11.27%
  20674 15359      244.5272    58      270.9837      240.4397  3519739   11.27%
  20721 15397      240.5372   139      270.9837      240.4400  3525869   11.27%
  20732 15408      244.7261    88      270.9837      240.4400  3532637   11.27%
  20761 15431      268.7431    55      270.9837      240.4400  3540394   11.27%
  20807 15465      266.7036    71      270.9837      240.4400  3546133   11.27%
  20843 15494        cutoff            270.9837      240.4404  3552968   11.27%
  20903 15539      240.4539    99      270.9837      240.4409  3558157   11.27%
Elapsed time = 3100.27 sec. (2774513.05 ticks, tree = 64.86 MB, solutions = 4)
  20968 15590      242.7045   110      270.9837      240.4411  3563485   11.27%
  20999 15621      264.3619    72      270.9837      240.4411  3572914   11.27%
  21042 15650      241.6607   103      270.9837      240.4417  3580509   11.27%
  21085 15681      240.4481   100      270.9837      240.4417  3586122   11.27%
  21141 15737      257.2489    70      270.9837      240.4417  3590586   11.27%
  21195 15787      242.0303   105      270.9837      240.4417  3593622   11.27%
  21233 15821      244.0935    81      270.9837      240.4425  3600903   11.27%
  21269 15852      258.5583    62      270.9837      240.4425  3607756   11.27%
  21305 15878      244.5858    89      270.9837      240.4429  3617349   11.27%
  21346 15915      246.9000   104      270.9837      240.4430  3624830   11.27%
Elapsed time = 3164.02 sec. (2813750.16 ticks, tree = 66.23 MB, solutions = 4)
  21370 15938      248.6380    92      270.9837      240.4430  3628109   11.27%
  21406 15968        cutoff            270.9837      240.4431  3635545   11.27%
  21447 16006      268.6157    48      270.9837      240.4431  3643620   11.27%
  21490 16041      241.0304   126      270.9837      240.4436  3648252   11.27%
  21553 16098      240.9490   118      270.9837      240.4441  3654652   11.27%
  21594 16134      256.8520    88      270.9837      240.4442  3660913   11.27%
  21633 16165      247.4356    95      270.9837      240.4443  3667708   11.27%
  21680 16208      246.6305    91      270.9837      240.4446  3675530   11.27%
  21743 16246      240.5039   104      270.9837      240.4453  3682878   11.27%
  21802 16301      241.3607    94      270.9837      240.4453  3687568   11.27%
Elapsed time = 3234.63 sec. (2860604.39 ticks, tree = 67.64 MB, solutions = 4)
  21828 16324      248.6644   122      270.9837      240.4457  3695080   11.27%
  21860 16347      245.5513    95      270.9837      240.4459  3702726   11.27%
* 21870+16335                          270.9427      240.4459            11.26%
  21870 16337      262.0118    66      270.9427      240.4459  3703712   11.26%
  21908 16365      268.2003    77      270.9427      240.4463  3711246   11.26%
  21951 16391      242.7948    58      270.9427      240.4467  3718714   11.26%
  21970 16410      246.8374    94      270.9427      240.4467  3722475   11.26%
  22040 16474      270.8425    61      270.9427      240.4471  3728120   11.26%
  22077 16499      243.6626    93      270.9427      240.4473  3735061   11.26%
  22132 16537      241.0172   121      270.9427      240.4475  3741579   11.26%
* 22170+16517                          270.8522      240.4477            11.23%
  22170 16519      258.3793   109      270.8522      240.4477  3746331   11.23%
Elapsed time = 3330.26 sec. (2932206.16 ticks, tree = 69.11 MB, solutions = 6)
  22240 16573      240.4679   125      270.8522      240.4483  3752274   11.23%
* 22270+15098                          267.0352      240.4483             9.96%
* 22270+15088                          267.0086      240.4483             9.95%
  22270 15090      242.6170    90      267.0086      240.4483  3753968    9.95%
  22302 15110      243.7178    75      267.0086      240.4483  3760158    9.95%
  22326 15132      258.2775    61      267.0086      240.4483  3769063    9.95%
* 22370+15113                          266.7851      240.4483             9.87%
* 22370+15075                          266.5762      240.4483             9.80%
  22370 15077      263.4078    46      266.5762      240.4483  3773374    9.80%
  22405 15099      241.2374   104      266.5762      240.4485  3780455    9.80%
  22456 15143      240.6723   130      266.5762      240.4491  3784870    9.80%
* 22470+15121                          266.4446      240.4491             9.76%
  22481 15134      260.4153    74      266.4446      240.4491  3787258    9.76%
  22536 15186      255.8940    72      266.4446      240.4501  3792106    9.76%
* 22570+15212                          266.4444      240.4504             9.76%
  22570 15214      248.6155    73      266.4444      240.4504  3799317    9.76%
Elapsed time = 3390.56 sec. (2987273.30 ticks, tree = 63.99 MB, solutions = 12)
  22609 15245      240.4758   105      266.4444      240.4504  3805424    9.76%
  22657 15293      248.0087    89      266.4444      240.4504  3809912    9.76%
* 22670+15296                          266.4210      240.4505             9.75%
  22670 15298      244.0561   108      266.4210      240.4505  3813783    9.75%
  22716 15339      242.2849   120      266.4210      240.4506  3818485    9.75%
  22769 15384      240.4980   147      266.4210      240.4512  3822853    9.75%
* 22770+15382                          266.4208      240.4512             9.75%
  22770 15384      240.4988   145      266.4208      240.4512  3822856    9.75%
  22806 15415      255.8395    98      266.4208      240.4512  3829916    9.75%
  22854 15452      240.5984   115      266.4208      240.4518  3835101    9.75%
  22870 15468      242.6505    90      266.4208      240.4518  3836103    9.75%
  22916 15503      244.0081   103      266.4208      240.4520  3842290    9.75%
Elapsed time = 3447.67 sec. (3039835.00 ticks, tree = 65.04 MB, solutions = 14)
  22967 15550      240.8975    86      266.4208      240.4523  3847352    9.75%
* 22970+15431                          265.9852      240.4523             9.60%
* 22970+15422                          265.9031      240.4523             9.57%
  22985 15436      240.4942   149      265.9031      240.4525  3852804    9.57%
  23020 15461      249.3078    74      265.9031      240.4526  3859331    9.57%
  23070 15507      249.6853    89      265.9031      240.4527  3864014    9.57%
  23110 15537      240.6148   113      265.9031      240.4529  3871008    9.57%
  23170 15587      240.7043   102      265.9031      240.4533  3875074    9.57%
  23187 15604      246.1784   110      265.9031      240.4533  3884423    9.57%
  23237 15645      249.4535    74      265.9031      240.4536  3891462    9.57%
* 23270+15663                          265.8495      240.4537             9.55%
  23270 15665      240.7054    81      265.8495      240.4537  3895891    9.55%
  23290 15685      242.4135    88      265.8495      240.4537  3903258    9.55%
Elapsed time = 3515.14 sec. (3100814.40 ticks, tree = 65.71 MB, solutions = 17)
  23345 15734      246.0757    89      265.8495      240.4537  3909684    9.55%
* 23370+15590                          265.2624      240.4539             9.35%
  23370 15592      240.7863    90      265.2624      240.4539  3915522    9.35%
  23406 15624      240.4592   126      265.2624      240.4540  3922504    9.35%
  23446 15663      250.0003   121      265.2624      240.4540  3931011    9.35%
* 23470+15648                          265.1287      240.4540             9.31%
  23470 15650      260.1045    51      265.1287      240.4540  3936631    9.31%
  23511 15681      241.4668   107      265.1287      240.4541  3943757    9.31%
  23540 15704      241.3034   125      265.1287      240.4543  3950709    9.31%
* 23570+15731                          265.1257      240.4543             9.31%
* 23570+15720                          265.1031      240.4543             9.30%
* 23570+15718                          265.1017      240.4543             9.30%
* 23570+15715                          265.0877      240.4543             9.29%
  23570 15717      242.0890    91      265.0877      240.4543  3951865    9.29%
  23606 15748      248.5793   113      265.0877      240.4543  3958493    9.29%
  23646 15782        cutoff            265.0877      240.4543  3964464    9.29%
Elapsed time = 3568.61 sec. (3148974.66 ticks, tree = 65.87 MB, solutions = 23)
* 23670+15802                          265.0801      240.4546             9.29%
* 23670+15802                          265.0754      240.4546             9.29%
  23670 15804      259.5800    57      265.0754      240.4546  3970666    9.29%
  23686 15814      261.2133    62      265.0754      240.4546  3978141    9.29%
  23750 15870      242.5345    89      265.0754      240.4546  3983613    9.29%
Advanced basis not built.

GUB cover cuts applied:  70
Clique cuts applied:  18
Cover cuts applied:  19
Implied bound cuts applied:  57
Flow cuts applied:  60
Mixed integer rounding cuts applied:  1162
Zero-half cuts applied:  8
Gomory fractional cuts applied:  6

Root node processing (before b&c):
  Real time             =   14.59 sec. (12755.06 ticks)
Sequential b&c:
  Real time             = 3585.42 sec. (3165400.52 ticks)
                          ------------
Total (root+branch&cut) = 3600.02 sec. (3178155.58 ticks)
