Version identifier: 22.1.0.0 | 2022-03-09 | 1a383f8ce
CPXPARAM_Read_DataCheck                          1
CPXPARAM_Threads                                 1
CPXPARAM_TimeLimit                               3600
Tried aggregator 2 times.
MIP Presolve eliminated 12236 rows and 582 columns.
MIP Presolve modified 94410 coefficients.
Aggregator did 253 substitutions.
Reduced MIP has 18502 rows, 1385 columns, and 135709 nonzeros.
Reduced MIP has 992 binaries, 0 generals, 0 SOSs, and 0 indicators.
Presolve time = 0.36 sec. (262.29 ticks)
Probing fixed 10 vars, tightened 99 bounds.
Probing time = 0.23 sec. (142.22 ticks)
Tried aggregator 1 time.
Detecting symmetries...
MIP Presolve eliminated 116 rows and 10 columns.
MIP Presolve modified 2048 coefficients.
Reduced MIP has 18386 rows, 1375 columns, and 134989 nonzeros.
Reduced MIP has 982 binaries, 0 generals, 0 SOSs, and 0 indicators.
Presolve time = 0.12 sec. (74.22 ticks)
Probing time = 0.01 sec. (7.73 ticks)
Clique table members: 11647.
MIP emphasis: balance optimality and feasibility.
MIP search method: dynamic search.
Parallel mode: none, using 1 thread.
Root relaxation solution time = 0.12 sec. (93.35 ticks)

        Nodes                                         Cuts/
   Node  Left     Objective  IInf  Best Integer    Best Bound    ItCnt     Gap

      0     0      159.2844   270                    159.2844      716         
      0     0      159.2844   118                  Cuts: 1348     1577         
      0     0      159.2844   122                  Cuts: 1173     3379         
      0     0      159.2858   134                   Cuts: 957     5618         
Detecting symmetries...
      0     2      159.2858   134                    159.2858     5618         
Elapsed time = 14.98 sec. (13903.89 ticks, tree = 0.01 MB, solutions = 0)
      2     4      159.3121    93                    159.2858     7271         
      4     6      159.3121    83                    159.2858     9394         
      5     7      161.7091    95                    159.2858    10793         
      6     8      159.3121    82                    159.2858    12114         
      7     9      159.3260    89                    159.2858    13681         
      8    10      159.3132   101                    159.2858    15012         
     12    14      160.7866    84                    159.2858    16109         
     14    16      159.3634    78                    159.2858    17186         
     15    17      160.6946   100                    159.2858    18465         
     20    22      159.5537    75                    159.2858    21393         
Elapsed time = 20.16 sec. (19072.33 ticks, tree = 0.66 MB, solutions = 0)
     30    32      159.5537    80                    159.2858    24208         
     39    41      161.6480    74                    159.2858    28203         
     46    46      159.5537    73                    159.2858    31152         
     53    51      159.5537    75                    159.2858    33798         
     59    57      160.2529    69                    159.2858    37438         
     75    71      163.7260    76                    159.2858    43035         
     80    76      160.2537    70                    159.2858    45697         
     88    84      160.8996    65                    159.2858    49269         
     99    93      160.2537    66                    159.2858    52201         
    104    98      161.9833    60                    159.2858    54329         
Elapsed time = 31.79 sec. (30690.93 ticks, tree = 4.90 MB, solutions = 0)
    120   112      160.2557    57                    159.2858    57130         
    140   132      160.3539    46                    159.2858    60636         
    160   148    infeasible                          159.2858    64603         
    177   165      169.0512    35                    159.2858    69019         
    208   194    infeasible                          159.2858    73814         
    236   218      165.7187    27                    159.2858    78301         
    267   233      159.2863   131                    159.2863    82145         
    270   236      159.4943    78                    159.2872    85542         
    279   245      159.4943    79                    159.2872    89485         
    285   251      159.4943    79                    159.2872    93009         
Elapsed time = 41.92 sec. (41376.24 ticks, tree = 5.35 MB, solutions = 0)
    290   256      159.4943    70                    159.2872    96840         
    295   261      160.1357   108                    159.2872   100462         
    300   266      161.6916    92                    159.2872   104034         
    307   273      164.1626   130                    159.2872   107751         
    319   283      163.4986    82                    159.2872   111937         
    320   284      159.9070    76                    159.2872   112162         
    329   293      159.9072    84                    159.2872   115998         
    339   303      164.5171    95                    159.2872   120928         
    352   314      161.1985   102                    159.2872   125775         
    368   326      161.6052    95                    159.2872   130020         
Elapsed time = 52.99 sec. (53081.93 ticks, tree = 5.58 MB, solutions = 0)
    379   335      167.7060   104                    159.2872   134491         
    389   343      171.4428   116                    159.2872   139776         
    397   349    infeasible                          159.2872   144344         
    400   350      159.9075    65                    159.2872   145360         
    404   350    infeasible                          159.2872   148696         
    406   352      171.7557   107                    159.2872   152509         
    410   356      172.6853   101                    159.2872   155596         
    419   365      164.4888    73                    159.2872   160042         
    434   380      160.3270    65                    159.2872   164700         
    444   388    infeasible                          159.2872   168945         
Elapsed time = 62.76 sec. (64296.47 ticks, tree = 5.76 MB, solutions = 0)
    458   402      160.2894    64                    159.2872   173821         
    470   414      160.0930    57                    159.2872   177793         
    482   426      163.4321    77                    159.2872   182912         
    499   437      163.4218    59                    159.2872   187603         
    511   449      160.3317    57                    159.2872   192260         
    518   456      161.1681    51                    159.2872   197509         
    520   458      160.1713    43                    159.2872   198119         
    529   467      160.5859    44                    159.2872   201956         
    549   487      160.6692    57                    159.2872   206058         
    569   507      161.5321    54                    159.2872   211292         
Elapsed time = 72.03 sec. (75307.74 ticks, tree = 6.11 MB, solutions = 0)
    587   525      160.9727    53                    159.2872   215352         
    604   542      161.8964    41                    159.2872   218982         
    623   561      161.5093    50                    159.2872   223139         
    641   577      163.3615    36                    159.2872   227199         
    672   606      165.3964    28                    159.2872   231359         
    698   628    infeasible                          159.2872   235250         
    704   634      162.7618   114                    159.2886   238158         
    716   644    infeasible                          159.2886   245258         
    722   648      159.3031   108                    159.2886   246220         
    733   657      170.5149    84                    159.2886   251408         
Elapsed time = 81.65 sec. (86753.37 ticks, tree = 6.56 MB, solutions = 0)
    737   657    infeasible                          159.2886   256015         
    742   662      159.5053    97                    159.2886   258246         
    746   666      164.9310   143                    159.2886   260905         
    754   672      159.5253    86                    159.2886   264647         
    760   678      159.5448    81                    159.2886   267301         
    775   693      159.6196    80                    159.2886   271264         
    796   712      169.0060   104                    159.2886   276473         
    825   739      168.0808    96                    159.2890   281314         
    834   748      160.5326    87                    159.2890   284572         
    845   759      160.1236    93                    159.2890   288684         
Elapsed time = 92.08 sec. (98745.28 ticks, tree = 6.86 MB, solutions = 0)
    851   765      172.8019   100                    159.2890   292895         
    863   777      159.9847    73                    159.2890   297196         
    876   790      160.2129    84                    159.2890   302285         
    880   794      160.4137    81                    159.2890   306102         
    887   801      159.6008    54                    159.2890   310022         
    895   807      159.6787    77                    159.2890   313941         
    902   814      162.0491    97                    159.2890   318135         
    910   822      159.7563    78                    159.2890   322725         
    914   826      167.4779    87                    159.2890   326034         
    954   866      160.0426    76                    159.2890   330301         
Elapsed time = 100.72 sec. (109220.44 ticks, tree = 7.17 MB, solutions = 0)
    982   892      159.9102    55                    159.2890   332245         
   1002   910      162.1592    92                    159.2890   337138         
   1012   920      162.8383   132                    159.2890   341160         
   1015   923      162.1592    80                    159.2890   344564         
   1022   930      163.1012   117                    159.2890   348208         
   1026   934      162.1592    86                    159.2890   351331         
   1030   938      165.9462   121                    159.2890   354821         
   1040   948      162.1592    83                    159.2890   357674         
   1047   955      162.3224    79                    159.2890   361799         
   1068   976      162.3224    77                    159.2890   375798         
Elapsed time = 112.07 sec. (122723.42 ticks, tree = 7.49 MB, solutions = 0)
   1088   996      163.5702   105                    159.2890   389296         
   1119  1027      163.0029   103                    159.2890   403917         
   1160  1068      167.5704    56                    159.2890   419296         
   1232  1140      189.2649    68                    159.2890   435490         
   1350  1254      163.4981    67                    159.2890   450945         
   1423  1319      159.6840    63                    159.2890   467414         

Performing restart 1

Repeating presolve.
Tried aggregator 1 time.
MIP Presolve eliminated 8 rows and 4 columns.
Reduced MIP has 18378 rows, 1371 columns, and 134769 nonzeros.
Reduced MIP has 978 binaries, 0 generals, 0 SOSs, and 0 indicators.
Presolve time = 0.05 sec. (44.70 ticks)
Tried aggregator 1 time.
Reduced MIP has 18378 rows, 1371 columns, and 134769 nonzeros.
Reduced MIP has 978 binaries, 0 generals, 0 SOSs, and 0 indicators.
Presolve time = 0.08 sec. (57.06 ticks)
Represolve time = 0.28 sec. (229.82 ticks)
   1425     0      159.2876   160                  Cuts: 1158   471168         
   1425     0      159.2888    82                   Cuts: 866   471916         
   1425     0      159.2894    80                   Cuts: 654   472558         
   1425     0      159.2899    89                   Cuts: 704   473043         
   1425     0      159.2899    80                   Cuts: 695   473524         
   1425     0      159.2900    77                   Cuts: 731   473907         
   1425     0      159.2900    81                   Cuts: 744   474202         
   1425     0      159.2900    75                    Cuts: 89   474434         
   1425     0      159.2902   124                    Cuts: 71   474748         
   1425     0      159.2908   122                   Cuts: 837   475161         
   1425     0      159.2930   123                   Cuts: 767   475572         
   1425     0      159.2935    79                  Cuts: 1136   476028         
   1425     0      159.2951   120                   Cuts: 285   476597         
   1425     0      159.2963   126                   Cuts: 998   477766         
*  1425+    0                          197.4203      159.2963            19.31%
   1425     2      159.2963   101      197.4203      159.2963   477766   19.31%
   1433    10      159.3634    69      197.4203      159.2964   479760   19.31%
   1438    15      159.3634    63      197.4203      159.2964   482064   19.31%
   1443    20      159.4029    90      197.4203      159.2964   486569   19.31%
Elapsed time = 154.77 sec. (172408.86 ticks, tree = 0.50 MB, solutions = 1)
   1458    35      159.3757    76      197.4203      159.2964   490001   19.31%
   1480    57      161.0842    72      197.4203      159.2964   492551   19.31%
   1525   102      159.9454    49      197.4203      159.2964   497163   19.31%
   1592   161      163.7373    83      197.4203      159.2964   504826   19.31%
   1600   169      164.4451   101      197.4203      159.2964   509693   19.31%
   1611   180      163.8800    82      197.4203      159.2964   518495   19.31%
   1645   214      165.2666    55      197.4203      159.2964   524693   19.31%
   1713   277    infeasible            197.4203      159.2964   532983   19.31%
   1725   287      166.8691    96      197.4203      159.2964   537835   19.31%
   1765   327      168.5925    56      197.4203      159.2964   542762   19.31%
Elapsed time = 195.35 sec. (214604.01 ticks, tree = 1.55 MB, solutions = 1)
   1806   364      166.8809    90      197.4203      159.2965   550669   19.31%
   1862   416      159.3996   105      197.4203      159.2967   560385   19.31%
   1928   482      160.3738    56      197.4203      159.2967   564943   19.31%
   1989   539      159.3921    51      197.4203      159.2970   574195   19.31%
   2054   604      160.6395    51      197.4203      159.2970   584722   19.31%
   2126   670      162.2087    64      197.4203      159.2970   596487   19.31%
   2168   712      166.3651    69      197.4203      159.2970   605526   19.31%
   2238   776      164.4334    47      197.4203      159.2982   613989   19.31%
   2292   824      163.6107    86      197.4203      159.2989   624578   19.31%
   2346   878      173.8045    44      197.4203      159.2989   636277   19.31%
Elapsed time = 230.82 sec. (254651.41 ticks, tree = 3.17 MB, solutions = 1)
*  2375+  901                          196.9113      159.2989            19.10%
   2375   903      159.4677    81      196.9113      159.2990   639368   19.10%
   2488  1006      159.3808   107      196.9113      159.3003   648952   19.10%
   2636  1146      168.5699    45      196.9113      159.3003   659496   19.10%
   2665  1171      164.3860    63      196.9113      159.3003   668189   19.10%
   2762  1256      159.3069   107      196.9113      159.3003   678440   19.10%
   2835  1325      166.0155    94      196.9113      159.3004   686617   19.10%
   2891  1375      166.0492    89      196.9113      159.3005   696257   19.10%
   2945  1423      159.3109    99      196.9113      159.3005   705879   19.10%
   3015  1488      159.3204   103      196.9113      159.3010   713788   19.10%
   3030  1503      160.6706    67      196.9113      159.3010   721339   19.10%
Elapsed time = 295.58 sec. (331287.24 ticks, tree = 5.03 MB, solutions = 2)
   3054  1527      160.7295    52      196.9113      159.3010   730739   19.10%
   3115  1585      163.1769    50      196.9113      159.3010   742202   19.10%
   3183  1643      159.3512    65      196.9113      159.3019   752409   19.10%
   3269  1721      167.3222    76      196.9113      159.3019   762068   19.10%
   3315  1763      167.4742    70      196.9113      159.3020   773386   19.10%
   3417  1849      166.6665    77      196.9113      159.3031   782722   19.10%
   3455  1887      173.5291    54      196.9113      159.3031   792322   19.10%

Performing restart 2

Repeating presolve.
Tried aggregator 1 time.
MIP Presolve eliminated 9 rows and 1 columns.
MIP Presolve modified 53 coefficients.
Reduced MIP has 18369 rows, 1370 columns, and 141321 nonzeros.
Reduced MIP has 977 binaries, 0 generals, 0 SOSs, and 0 indicators.
Presolve time = 0.13 sec. (108.40 ticks)
Tried aggregator 1 time.
Reduced MIP has 18369 rows, 1370 columns, and 141321 nonzeros.
Reduced MIP has 977 binaries, 0 generals, 0 SOSs, and 0 indicators.
Presolve time = 0.09 sec. (61.40 ticks)
Represolve time = 0.45 sec. (323.83 ticks)
   3545     0      159.2965   115      196.9113    Cuts: 1405   804796   19.10%
   3545     0      159.2966   132      196.9113     Cuts: 468   805242   19.10%
   3545     0      159.2966   105      196.9113     Cuts: 805   805820   19.10%
   3545     0      159.2968    98      196.9113    Cuts: 1248   806711   19.10%
   3545     0      159.2968    85      196.9113     Cuts: 693   807261   19.10%
   3545     0      159.2969   149      196.9113     Cuts: 652   807750   19.10%
   3545     0      159.2970    86      196.9113    Cuts: 1022   808035   19.10%
   3545     0      159.2971    72      196.9113     Cuts: 477   808293   19.10%
   3545     0      159.2972   143      196.9113    Cuts: 1148   808740   19.10%
   3545     0      159.2972   118      196.9113     Cuts: 396   810213   19.10%
   3545     0      159.2972    79      196.9113    Cuts: 1992   810699   19.10%
   3545     0      159.2973    77      196.9113     Cuts: 419   811364   19.10%
   3545     0      159.2975    76      196.9113     Cuts: 489   811829   19.10%
   3545     2      159.2975    61      196.9113      159.3034   811829   19.10%
   3550     7      159.5717    74      196.9113      159.3034   813365   19.10%
   3555    12      159.5717    74      196.9113      159.3034   815275   19.10%
Elapsed time = 344.74 sec. (386701.91 ticks, tree = 0.46 MB, solutions = 2)
   3561    18      159.5717    77      196.9113      159.3034   816762   19.10%
   3566    23      159.5717    68      196.9113      159.3034   818700   19.10%
   3574    31      160.4801    77      196.9113      159.3034   821778   19.10%
   3581    38      159.6111    59      196.9113      159.3034   823365   19.10%
   3587    44      159.6573    63      196.9113      159.3034   825820   19.10%
   3595    52      159.6573    58      196.9113      159.3034   827043   19.10%
   3605    62      159.6578    52      196.9113      159.3034   828600   19.10%
   3614    71      159.9821    86      196.9113      159.3034   830527   19.10%
   3622    79      165.3200    83      196.9113      159.3034   831896   19.10%
   3628    85      161.7160    69      196.9113      159.3034   833588   19.10%
Elapsed time = 375.86 sec. (429428.28 ticks, tree = 0.67 MB, solutions = 2)
   3634    91      164.5189    56      196.9113      159.3034   835104   19.10%
   3644   101      164.6649    57      196.9113      159.3034   839356   19.10%
   3665   118      159.2985    67      196.9113      159.3034   841280   19.10%
   3678   131      159.3003    63      196.9113      159.3034   843330   19.10%
   3697   150      159.3361    67      196.9113      159.3034   845735   19.10%
   3720   173      166.7801    83      196.9113      159.3034   849009   19.10%
   3736   189      159.5669    69      196.9113      159.3034   851266   19.10%
   3757   210      159.5984    57      196.9113      159.3034   854527   19.10%
   3790   243      162.4309    33      196.9113      159.3034   859705   19.10%
   3809   256      159.5897    71      196.9113      159.3034   862103   19.10%
Elapsed time = 405.99 sec. (470438.01 ticks, tree = 1.15 MB, solutions = 2)
   3820   267      159.5897    66      196.9113      159.3034   865275   19.10%
   3826   273      159.5897    61      196.9113      159.3034   867233   19.10%
   3841   288      159.6337    60      196.9113      159.3034   870504   19.10%
   3871   318      159.6707    59      196.9113      159.3034   872342   19.10%
   3917   356      160.8166   115      196.9113      159.3034   875510   19.10%
   3957   396      161.3098    58      196.9113      159.3034   877615   19.10%
   3987   426      163.0166    54      196.9113      159.3034   882570   19.10%
   4011   443      159.5010    73      196.9113      159.3034   885713   19.10%
   4036   468      162.1739    67      196.9113      159.3034   889356   19.10%
   4073   505      166.2450    54      196.9113      159.3034   892435   19.10%
Elapsed time = 436.33 sec. (511041.21 ticks, tree = 1.85 MB, solutions = 2)
   4102   529      160.2634    65      196.9113      159.3034   897714   19.10%
   4117   544      162.3862    72      196.9113      159.3034   903259   19.10%
   4142   569      162.3312    64      196.9113      159.3034   908714   19.10%
   4158   585      166.8697    60      196.9113      159.3034   914143   19.10%
   4198   619      159.3504    55      196.9113      159.3039   921167   19.10%
   4224   645      159.3935    65      196.9113      159.3039   924949   19.10%
   4285   702      159.3290    70      196.9113      159.3040   930121   19.10%
   4321   738      159.3470    68      196.9113      159.3040   933252   19.10%
   4395   808      159.7222    67      196.9113      159.3068   939920   19.10%
   4450   859      163.7626    67      196.9113      159.3068   946423   19.10%
Elapsed time = 467.86 sec. (550181.70 ticks, tree = 2.88 MB, solutions = 2)
   4508   913      176.5775    74      196.9113      159.3068   953177   19.10%
   4523   928      173.3885    63      196.9113      159.3068   957968   19.10%
   4548   953      177.4805    70      196.9113      159.3068   964227   19.10%
   4587   988      162.8496    81      196.9113      159.3069   970311   19.10%
   4611  1012      162.8573    63      196.9113      159.3069   975685   19.10%
   4660  1057      163.4067    81      196.9113      159.3098   981276   19.10%
   4730  1121      159.4668    64      196.9113      159.3121   990219   19.09%
   4811  1198      159.5079    67      196.9113      159.3163   996773   19.09%
   4880  1263      159.5083    58      196.9113      159.3199  1004822   19.09%
   4923  1306      169.8069    59      196.9113      159.3199  1014890   19.09%
Elapsed time = 501.39 sec. (590164.00 ticks, tree = 4.18 MB, solutions = 2)
   4982  1361      160.1497    65      196.9113      159.3201  1024714   19.09%
   5097  1472      160.9504    43      196.9113      159.3218  1030811   19.09%
   5129  1498      186.3594    66      196.9113      159.3224  1036284   19.09%
   5153  1517      161.5718    86      196.9113      159.3234  1042761   19.09%
   5223  1583      167.3117    88      196.9113      159.3282  1049252   19.09%
   5277  1637      160.9874    47      196.9113      159.3282  1059600   19.09%
   5399  1749      159.3301    69      196.9113      159.3290  1067567   19.09%
   5481  1825      183.2593    73      196.9113      159.3295  1075568   19.09%
   5581  1913      160.9795    65      196.9113      159.3299  1082235   19.09%
   5678  2002      164.1581    48      196.9113      159.3301  1091343   19.09%
Elapsed time = 538.27 sec. (629441.02 ticks, tree = 6.15 MB, solutions = 2)
   5754  2068        cutoff            196.9113      159.3304  1102999   19.09%
   5816  2126      169.9384    38      196.9113      159.3327  1110883   19.08%
   5910  2200      159.3591   105      196.9113      159.3351  1120303   19.08%
   6028  2312        cutoff            196.9113      159.3365  1127851   19.08%
   6097  2375      169.9921    64      196.9113      159.3365  1137787   19.08%
   6148  2422      159.5551    64      196.9113      159.3366  1149202   19.08%
   6201  2471      174.5506    88      196.9113      159.3368  1158207   19.08%
   6234  2498      160.7808    54      196.9113      159.3368  1165371   19.08%
   6303  2561      165.5516    40      196.9113      159.3377  1172579   19.08%
   6329  2577      173.8031    73      196.9113      159.3384  1178756   19.08%
Elapsed time = 573.71 sec. (669120.01 ticks, tree = 8.15 MB, solutions = 2)
   6360  2608      171.1231    60      196.9113      159.3384  1185951   19.08%
   6409  2649      159.4026    77      196.9113      159.3384  1192996   19.08%
   6482  2717      161.1008    94      196.9113      159.3392  1200102   19.08%
   6588  2815      159.4142    72      196.9113      159.3427  1208345   19.08%
   6660  2869      159.3727   101      196.9113      159.3435  1217434   19.08%
   6731  2932      159.3595    77      196.9113      159.3449  1225685   19.08%
   6823  3010      162.0287    58      196.9113      159.3470  1234912   19.08%
   6912  3085      160.0200    85      196.9113      159.3477  1245596   19.08%
   6996  3153      164.0637    66      196.9113      159.3479  1256634   19.08%
   7077  3224      162.1985    61      196.9113      159.3483  1266802   19.08%
Elapsed time = 611.47 sec. (708417.26 ticks, tree = 10.27 MB, solutions = 2)
   7155  3292      161.1077    52      196.9113      159.3504  1275217   19.08%
   7213  3342      163.5182    70      196.9113      159.3505  1286051   19.07%
   7286  3405      159.3759    84      196.9113      159.3505  1296733   19.07%
   7352  3465      161.3070    76      196.9113      159.3506  1307120   19.07%
   7437  3538      159.7130    61      196.9113      159.3512  1317845   19.07%
   7535  3611      161.2194    64      196.9113      159.3523  1328077   19.07%
   7609  3675      166.6170    49      196.9113      159.3551  1339119   19.07%
   7696  3744      159.3554    72      196.9113      159.3554  1345660   19.07%
   7718  3766      165.8783    84      196.9113      159.3554  1351246   19.07%
   7763  3807      161.3154    80      196.9113      159.3554  1357189   19.07%
Elapsed time = 647.43 sec. (747388.93 ticks, tree = 11.92 MB, solutions = 2)
   7802  3842      164.5485    89      196.9113      159.3554  1364521   19.07%
   7833  3867      160.7661   104      196.9113      159.3554  1371845   19.07%
   7853  3887      160.5444   113      196.9113      159.3554  1379660   19.07%
   7887  3921      170.1191    71      196.9113      159.3554  1389844   19.07%
   7930  3960      159.3634    68      196.9113      159.3554  1401690   19.07%
   7995  4021      167.6764    83      196.9113      159.3554  1412140   19.07%
   8062  4082      159.3683    85      196.9113      159.3557  1424023   19.07%
   8087  4107      165.3205    77      196.9113      159.3557  1430823   19.07%
   8147  4159      160.3756    60      196.9113      159.3563  1439789   19.07%
   8219  4225      159.5316    99      196.9113      159.3563  1453965   19.07%
Elapsed time = 681.91 sec. (786482.73 ticks, tree = 13.66 MB, solutions = 2)
   8298  4300      162.3164    63      196.9113      159.3563  1465103   19.07%
   8363  4357      161.0799    64      196.9113      159.3563  1475212   19.07%
   8437  4419      159.3884    60      196.9113      159.3564  1486700   19.07%
   8508  4482      170.7540    70      196.9113      159.3570  1497482   19.07%
   8541  4511      163.0615    84      196.9113      159.3570  1504256   19.07%
   8592  4558      172.5318    90      196.9113      159.3570  1511624   19.07%
   8615  4581      172.8135    60      196.9113      159.3570  1516101   19.07%
   8684  4638      161.7935    77      196.9113      159.3574  1525365   19.07%
   8753  4703      169.2745    65      196.9113      159.3575  1535351   19.07%
   8896  4820      161.5160    85      196.9113      159.3578  1545435   19.07%
Elapsed time = 717.25 sec. (825559.98 ticks, tree = 15.62 MB, solutions = 2)
   8955  4875      159.8179    67      196.9113      159.3578  1558256   19.07%
   9057  4963      164.7003    74      196.9113      159.3584  1568549   19.07%
   9113  5011      160.2423    75      196.9113      159.3588  1577801   19.07%
   9154  5052      167.8246    65      196.9113      159.3588  1589942   19.07%
   9252  5134      159.3725    65      196.9113      159.3594  1601660   19.07%
   9321  5195      160.6815    79      196.9113      159.3603  1614972   19.07%
   9392  5260      165.4511    58      196.9113      159.3604  1627979   19.07%
   9444  5298      161.7535    73      196.9113      159.3608  1636527   19.07%
   9552  5396      159.3870    65      196.9113      159.3619  1646280   19.07%
   9617  5453      160.5204    63      196.9113      159.3620  1656263   19.07%
Elapsed time = 753.73 sec. (864183.51 ticks, tree = 17.40 MB, solutions = 2)
   9715  5541      162.3974    69      196.9113      159.3625  1663173   19.07%
   9752  5574      159.3625    72      196.9113      159.3626  1671248   19.07%
   9842  5658      160.0162    59      196.9113      159.3626  1678230   19.07%
   9889  5701    infeasible            196.9113      159.3626  1688613   19.07%
   9925  5729      164.2960    60      196.9113      159.3634  1697936   19.07%
   9984  5780      159.9741    59      196.9113      159.3634  1706415   19.07%
  10031  5817      161.6213    79      196.9113      159.3634  1715143   19.07%
  10056  5838      170.4690    58      196.9113      159.3634  1725670   19.07%
  10075  5852      161.1642    80      196.9113      159.3634  1733916   19.07%
  10158  5915      161.5474    76      196.9113      159.3641  1746407   19.07%
Elapsed time = 787.58 sec. (903647.49 ticks, tree = 18.71 MB, solutions = 2)
  10210  5963      169.1191    59      196.9113      159.3646  1756936   19.07%
  10306  6043      159.7738    66      196.9113      159.3650  1767174   19.07%
  10434  6147      165.3005    51      196.9113      159.3668  1777572   19.07%
  10502  6207      168.4838    64      196.9113      159.3674  1788860   19.07%
  10600  6276      166.7096    51      196.9113      159.3683  1799694   19.07%
  10672  6338      162.2421    70      196.9113      159.3683  1811075   19.07%
  10705  6367      162.4951    79      196.9113      159.3683  1822003   19.07%
  10765  6427      162.6852    43      196.9113      159.3683  1833022   19.07%
  10798  6455      160.3147    73      196.9113      159.3683  1839140   19.07%
  10839  6492      166.0970    98      196.9113      159.3683  1847694   19.07%
Elapsed time = 823.44 sec. (942294.94 ticks, tree = 20.90 MB, solutions = 2)
  10890  6539      159.3683    73      196.9113      159.3683  1854716   19.07%
  10927  6572      162.1219    90      196.9113      159.3683  1864163   19.07%
  10966  6607      160.6348    89      196.9113      159.3683  1872898   19.07%
  10999  6636      159.3684    67      196.9113      159.3684  1883995   19.07%
  11014  6651      161.2560    72      196.9113      159.3684  1889686   19.07%
  11049  6682      161.6340    65      196.9113      159.3684  1896766   19.07%
  11095  6724      159.4237    64      196.9113      159.3684  1903221   19.07%
  11166  6789      159.3795    76      196.9113      159.3685  1910232   19.07%
  11235  6850      173.7133    64      196.9113      159.3689  1919036   19.07%
  11302  6903      159.5323    89      196.9113      159.3697  1928834   19.07%
Elapsed time = 859.07 sec. (983129.16 ticks, tree = 22.05 MB, solutions = 2)
  11346  6942      161.6791    69      196.9113      159.3701  1939265   19.07%
  11415  7007      166.2464    67      196.9113      159.3704  1948113   19.06%
  11465  7053      160.8699    65      196.9113      159.3705  1958882   19.06%
  11529  7105      162.8030    66      196.9113      159.3711  1971222   19.06%
  11607  7167      161.6882    70      196.9113      159.3717  1981699   19.06%
  11684  7229      162.6498    54      196.9113      159.3721  1993369   19.06%
  11743  7278      159.3819    87      196.9113      159.3727  2002634   19.06%
  11809  7338      163.1363    76      196.9113      159.3730  2012761   19.06%
  11880  7401      164.5266    83      196.9113      159.3735  2022775   19.06%
  11945  7454      165.3099    68      196.9113      159.3737  2036178   19.06%
Elapsed time = 895.58 sec. (1022045.14 ticks, tree = 23.61 MB, solutions = 2)
  12028  7526      166.1330    84      196.9113      159.3743  2047213   19.06%
  12139  7627      160.5167    66      196.9113      159.3746  2057738   19.06%
  12246  7720      162.0677    81      196.9113      159.3750  2067596   19.06%
  12304  7770      163.7023    53      196.9113      159.3753  2076548   19.06%
  12333  7795      163.7023    58      196.9113      159.3754  2084890   19.06%
  12372  7830      164.6947    53      196.9113      159.3758  2094607   19.06%
  12455  7903      164.1896    36      196.9113      159.3762  2102305   19.06%
  12478  7922      164.9316    78      196.9113      159.3763  2110670   19.06%
  12521  7961      164.5672    71      196.9113      159.3763  2119091   19.06%
  12565  8005      165.7539    58      196.9113      159.3763  2127400   19.06%
Elapsed time = 931.47 sec. (1061851.17 ticks, tree = 25.32 MB, solutions = 2)
  12612  8037      170.5189    77      196.9113      159.3764  2135268   19.06%
  12657  8078      161.7672    75      196.9113      159.3764  2144107   19.06%
  12757  8165      161.2923    78      196.9113      159.3766  2152599   19.06%
  12833  8233      159.6823    71      196.9113      159.3770  2162168   19.06%
  12888  8280      160.8656    66      196.9113      159.3770  2172194   19.06%
  12975  8357      175.0200    67      196.9113      159.3771  2182170   19.06%
  13037  8403    infeasible            196.9113      159.3772  2191878   19.06%
  13080  8436      173.1155    65      196.9113      159.3776  2203872   19.06%
  13134  8482      164.6150    63      196.9113      159.3780  2216428   19.06%
  13217  8553      159.5189    76      196.9113      159.3785  2227474   19.06%
Elapsed time = 967.67 sec. (1100506.83 ticks, tree = 27.20 MB, solutions = 2)
  13289  8617      162.6515    63      196.9113      159.3789  2240145   19.06%
  13349  8671      165.8867    94      196.9113      159.3791  2253111   19.06%
  13419  8723      159.4106    75      196.9113      159.3802  2265125   19.06%
  13477  8773      169.1830    61      196.9113      159.3802  2276241   19.06%
* 13545+ 8825                          195.9711      159.3803            18.67%
  13545  8827      177.9913    10      195.9711      159.3803  2282186   18.67%
  13631  8897      161.9739    70      195.9711      159.3804  2292879   18.67%
  13678  8934      161.1563    64      195.9711      159.3806  2304007   18.67%
  13735  8979      159.5604    71      195.9711      159.3806  2312607   18.67%
  13792  9025      159.3811    77      195.9711      159.3810  2322231   18.67%
  13829  9058      162.2699    54      195.9711      159.3811  2331540   18.67%
Elapsed time = 1004.82 sec. (1141053.85 ticks, tree = 28.63 MB, solutions = 3)
  13869  9092      169.2699    75      195.9711      159.3811  2341030   18.67%
  13962  9167      165.5120    46      195.9711      159.3815  2348104   18.67%
  13995  9192      164.0521   101      195.9711      159.3819  2354285   18.67%
  14035  9228      163.7902    53      195.9711      159.3819  2362140   18.67%
  14071  9258      167.4472    79      195.9711      159.3819  2371334   18.67%
  14135  9318      167.4079    34      195.9711      159.3821  2382758   18.67%
  14214  9389      171.0928    62      195.9711      159.3823  2393559   18.67%
  14263  9434      170.4927    65      195.9711      159.3829  2403874   18.67%
  14311  9474      159.7955    73      195.9711      159.3829  2413998   18.67%
  14378  9529      159.6905    72      195.9711      159.3831  2424703   18.67%
Elapsed time = 1039.22 sec. (1180551.01 ticks, tree = 29.95 MB, solutions = 3)
  14453  9600      168.3557    50      195.9711      159.3831  2436423   18.67%
  14536  9672      162.4550    66      195.9711      159.3831  2446319   18.67%
  14611  9733      161.3715    77      195.9711      159.3836  2457472   18.67%
  14667  9785      160.0640    58      195.9711      159.3837  2469476   18.67%
  14718  9822      165.3892    78      195.9711      159.3838  2481850   18.67%
  14823  9917      159.8392    70      195.9711      159.3840  2491620   18.67%
  14928 10014      171.9907    54      195.9711      159.3843  2503260   18.67%
  14991 10063      160.1009    64      195.9711      159.3850  2515173   18.67%
  15063 10125      169.2923    60      195.9711      159.3855  2529068   18.67%
  15196 10246      175.8148    11      195.9711      159.3874  2538914   18.67%
Elapsed time = 1075.78 sec. (1219273.72 ticks, tree = 31.99 MB, solutions = 3)
  15269 10301      161.9163   121      195.9711      159.3879  2545776   18.67%
  15296 10328      166.2932    66      195.9711      159.3879  2554352   18.67%
  15373 10391      161.5040    63      195.9711      159.3884  2566923   18.67%
  15459 10467      165.0438    78      195.9711      159.3886  2579472   18.67%
  15513 10509      173.7812    65      195.9711      159.3886  2590776   18.67%
  15584 10564      163.5008    72      195.9711      159.3887  2599936   18.67%
  15619 10591      161.3054    61      195.9711      159.3887  2611021   18.67%
  15695 10659      164.3727    54      195.9711      159.3889  2620189   18.67%
  15778 10724      159.3900    97      195.9711      159.3895  2627239   18.67%
  15833 10773      160.4800    71      195.9711      159.3895  2637043   18.67%
Elapsed time = 1111.79 sec. (1258423.33 ticks, tree = 33.48 MB, solutions = 3)
  15930 10860      160.7708    54      195.9711      159.3904  2645732   18.67%
  15957 10881      168.0714    84      195.9711      159.3904  2651065   18.67%
  16013 10926      163.1072    69      195.9711      159.3906  2661637   18.67%
  16088 10989      160.0208    75      195.9711      159.3915  2672917   18.67%
  16144 11041      172.2496    75      195.9711      159.3917  2682119   18.67%
  16225 11108      159.3989    87      195.9711      159.3917  2693052   18.67%
  16294 11169      160.6494    79      195.9711      159.3920  2701028   18.67%
  16369 11236      160.3414    65      195.9711      159.3922  2708622   18.67%
  16446 11303      168.2459    59      195.9711      159.3923  2720243   18.67%
  16543 11392      177.3840    15      195.9711      159.3928  2730723   18.67%
Elapsed time = 1176.85 sec. (1297054.95 ticks, tree = 35.10 MB, solutions = 3)
  16625 11464      169.7604    86      195.9711      159.3935  2742385   18.66%
  16693 11518      159.5959    57      195.9711      159.3937  2753357   18.66%
  16754 11569      159.8251    71      195.9711      159.3937  2764801   18.66%
  16851 11652        cutoff            195.9711      159.3938  2777121   18.66%
  16921 11709      163.9525    86      195.9711      159.3942  2787308   18.66%
  17021 11797      163.4943    57      195.9711      159.3944  2798134   18.66%
  17090 11852      163.0289    67      195.9711      159.3948  2810612   18.66%
  17170 11920      160.2808    66      195.9711      159.3949  2822761   18.66%
  17243 11985      166.5325    50      195.9711      159.3950  2835184   18.66%
  17329 12055      160.7962    70      195.9711      159.3954  2847723   18.66%
Elapsed time = 1246.71 sec. (1336058.51 ticks, tree = 37.40 MB, solutions = 3)
  17391 12107      160.8050    60      195.9711      159.3955  2856235   18.66%
  17464 12158      161.9377    58      195.9711      159.3960  2865703   18.66%
  17533 12221      178.5295    31      195.9711      159.3961  2873534   18.66%
  17631 12303      170.1540    48      195.9711      159.3968  2882519   18.66%
  17723 12377      164.9666    55      195.9711      159.3971  2891410   18.66%
  17772 12418      160.2768    82      195.9711      159.3972  2898587   18.66%
  17819 12465      171.5402    50      195.9711      159.3972  2909016   18.66%
  17899 12534      160.2693    64      195.9711      159.3973  2918973   18.66%
  17992 12615      159.4416    70      195.9711      159.3976  2929858   18.66%
  18058 12667      159.9306    88      195.9711      159.3977  2937775   18.66%
Elapsed time = 1287.42 sec. (1375037.86 ticks, tree = 39.14 MB, solutions = 3)
  18169 12764    infeasible            195.9711      159.3980  2945859   18.66%
  18236 12827      162.4714    65      195.9711      159.3983  2955753   18.66%
  18296 12877      168.1275    61      195.9711      159.3985  2966398   18.66%
  18365 12936      177.5100    34      195.9711      159.3985  2973813   18.66%
  18414 12973      160.9468    61      195.9711      159.3986  2982425   18.66%
  18494 13045      159.7263    73      195.9711      159.3988  2993879   18.66%
  18601 13128      160.0674    71      195.9711      159.3990  3004692   18.66%
  18701 13218      167.2082    63      195.9711      159.3992  3015560   18.66%
  18797 13298      159.4239    83      195.9711      159.3996  3026097   18.66%
  18886 13369      159.4153    65      195.9711      159.4003  3039180   18.66%
Elapsed time = 1328.86 sec. (1413558.62 ticks, tree = 41.13 MB, solutions = 3)
  18977 13449      164.9073    71      195.9711      159.4011  3050276   18.66%
  19041 13499      167.7051    53      195.9711      159.4014  3064629   18.66%
  19109 13555      161.1203    68      195.9711      159.4014  3076467   18.66%
  19156 13598      170.8715    72      195.9711      159.4015  3088642   18.66%
  19223 13655      160.2296    80      195.9711      159.4015  3100154   18.66%
  19322 13744      161.4706    50      195.9711      159.4015  3109939   18.66%
  19373 13787      159.6858    75      195.9711      159.4015  3119955   18.66%
  19414 13828      162.6472    49      195.9711      159.4015  3129847   18.66%
  19491 13897      161.1289    85      195.9711      159.4015  3140587   18.66%
  19571 13967      159.6788    71      195.9711      159.4015  3150313   18.66%
Elapsed time = 1369.14 sec. (1452855.19 ticks, tree = 42.82 MB, solutions = 3)
  19636 14024      162.1507    70      195.9711      159.4015  3159552   18.66%
  19673 14061      164.8349    43      195.9711      159.4015  3170990   18.66%
  19738 14108      160.3432    63      195.9711      159.4015  3179804   18.66%
  19872 14230      159.6708    94      195.9711      159.4015  3188062   18.66%
  19882 14240      161.0958    88      195.9711      159.4015  3191091   18.66%
  19933 14287      159.6378    86      195.9711      159.4017  3199012   18.66%
  20018 14366      162.8777    65      195.9711      159.4017  3207558   18.66%
  20075 14417      172.7853    68      195.9711      159.4018  3219846   18.66%
  20155 14471      159.4537    94      195.9711      159.4022  3231898   18.66%
  20215 14525      161.9107    82      195.9711      159.4025  3241375   18.66%
Elapsed time = 1409.57 sec. (1492782.77 ticks, tree = 44.40 MB, solutions = 3)
  20276 14578      164.3698    85      195.9711      159.4025  3249766   18.66%
  20332 14626      166.4259    73      195.9711      159.4025  3259462   18.66%
  20370 14658      159.6050    84      195.9711      159.4025  3268047   18.66%
  20450 14728      163.2168    71      195.9711      159.4028  3277332   18.66%
  20510 14770      163.5099    59      195.9711      159.4029  3285911   18.66%
  20584 14836      159.4213    82      195.9711      159.4030  3295821   18.66%
  20670 14912      170.9687    68      195.9711      159.4035  3306311   18.66%
  20754 14980      163.8832    81      195.9711      159.4041  3316458   18.66%
  20836 15050      159.8556    67      195.9711      159.4046  3326792   18.66%
  20924 15128      159.6753   103      195.9711      159.4047  3337414   18.66%
Elapsed time = 1451.04 sec. (1531838.15 ticks, tree = 46.11 MB, solutions = 3)
  21000 15194      163.9383    60      195.9711      159.4048  3347380   18.66%
  21063 15247      172.2129    50      195.9711      159.4052  3360071   18.66%
  21135 15307      164.8669    66      195.9711      159.4058  3369116   18.66%
  21228 15386      159.6053    81      195.9711      159.4059  3379050   18.66%
  21306 15454      167.2964    70      195.9711      159.4059  3389278   18.66%
  21383 15524      164.2917    63      195.9711      159.4064  3398687   18.66%
  21458 15587      161.3662    62      195.9711      159.4066  3411534   18.66%
  21539 15654      159.5818    62      195.9711      159.4067  3422759   18.66%
  21599 15708      168.5618    69      195.9711      159.4067  3437222   18.66%
  21683 15774      160.1852    60      195.9711      159.4069  3448019   18.66%
Elapsed time = 1494.19 sec. (1570517.94 ticks, tree = 48.08 MB, solutions = 3)
  21783 15862      159.4685    55      195.9711      159.4070  3460622   18.66%
  21861 15924      160.6519    59      195.9711      159.4073  3474099   18.66%
  21946 15997      159.4240    81      195.9711      159.4075  3483940   18.66%
  22039 16082      170.8034    51      195.9711      159.4077  3493682   18.66%
  22133 16160      167.3917    74      195.9711      159.4092  3505280   18.66%
  22202 16221      170.3851    86      195.9711      159.4097  3513753   18.66%
  22246 16261      166.2974    52      195.9711      159.4097  3521345   18.66%
  22305 16312      172.1008    88      195.9711      159.4102  3529882   18.66%
  22388 16385      161.7991    76      195.9711      159.4102  3539738   18.66%
  22428 16421      171.2184    83      195.9711      159.4104  3549972   18.66%
Elapsed time = 1537.79 sec. (1609278.24 ticks, tree = 53.59 MB, solutions = 3)
  22453 16446      171.6635    61      195.9711      159.4104  3560419   18.66%
  22536 16519      169.1767    58      195.9711      159.4105  3571688   18.66%
  22590 16565      174.8961    64      195.9711      159.4105  3579862   18.66%
  22663 16624      160.5477    67      195.9711      159.4109  3588336   18.66%
  22735 16688      166.1033    75      195.9711      159.4110  3596267   18.66%
  22794 16733      159.6285    87      195.9711      159.4110  3609235   18.66%
  22861 16796      167.5526    64      195.9711      159.4110  3618502   18.66%
  22918 16849      175.2806    55      195.9711      159.4110  3628769   18.66%
  22972 16899      164.4265    66      195.9711      159.4110  3637583   18.66%
  23003 16924      160.8280    77      195.9711      159.4111  3644141   18.66%
Elapsed time = 1580.99 sec. (1648924.28 ticks, tree = 55.01 MB, solutions = 3)
  23039 16960      161.5239    62      195.9711      159.4111  3653020   18.66%
  23108 17023      170.3674    68      195.9711      159.4112  3664717   18.66%
  23206 17110      164.0200    67      195.9711      159.4118  3673762   18.66%
  23283 17171      159.9489    62      195.9711      159.4122  3686105   18.66%
  23366 17246      160.6761    80      195.9711      159.4124  3696209   18.66%
  23422 17290      159.9052    73      195.9711      159.4130  3708270   18.65%
  23540 17392      159.4292    91      195.9711      159.4134  3717214   18.65%
  23629 17471      159.4362    91      195.9711      159.4139  3729515   18.65%
  23709 17539      164.3291    64      195.9711      159.4139  3735214   18.65%
  23786 17604      160.4364    55      195.9711      159.4140  3740128   18.65%
Elapsed time = 1627.27 sec. (1687398.14 ticks, tree = 75.05 MB, solutions = 3)
  23862 17674      164.4418    60      195.9711      159.4140  3747321   18.65%
  23939 17741      166.8017    51      195.9711      159.4143  3754253   18.65%
  23988 17782      165.5354    72      195.9711      159.4146  3763399   18.65%
  24074 17856      166.1254    58      195.9711      159.4148  3775667   18.65%
  24162 17932      164.6429    71      195.9711      159.4152  3784749   18.65%
  24253 18012      159.4828    76      195.9711      159.4154  3795850   18.65%
  24346 18093      164.4267    54      195.9711      159.4154  3807217   18.65%
  24444 18171      159.7390    83      195.9711      159.4157  3817614   18.65%
  24511 18228      159.6873    56      195.9711      159.4158  3827009   18.65%
  24587 18288      164.2882    60      195.9711      159.4169  3835532   18.65%
Elapsed time = 1675.74 sec. (1726124.92 ticks, tree = 85.41 MB, solutions = 3)
  24694 18377      159.4293    74      195.9711      159.4173  3846019   18.65%
  24791 18462      160.6146    56      195.9711      159.4177  3856521   18.65%
  24875 18528    infeasible            195.9711      159.4179  3864823   18.65%
  24938 18581      161.0050    74      195.9711      159.4190  3871958   18.65%
  25028 18656      174.4003    56      195.9711      159.4195  3882685   18.65%
  25084 18701      160.5770    74      195.9711      159.4197  3891847   18.65%
  25167 18776      159.9236    64      195.9711      159.4201  3899807   18.65%
  25223 18822      159.4263   109      195.9711      159.4201  3907809   18.65%
  25298 18879    infeasible            195.9711      159.4201  3917423   18.65%
  25388 18957      159.7737    70      195.9711      159.4206  3925613   18.65%
Elapsed time = 1720.84 sec. (1764801.75 ticks, tree = 87.31 MB, solutions = 3)
  25483 19044      173.2469    60      195.9711      159.4207  3934100   18.65%
  25560 19107      159.9588    59      195.9711      159.4209  3943402   18.65%
  25685 19214      160.6078    63      195.9711      159.4211  3951969   18.65%
  25775 19280      160.0159    71      195.9711      159.4213  3961998   18.65%
  25886 19377      159.5472    74      195.9711      159.4216  3971705   18.65%
  25945 19426      159.4939    89      195.9711      159.4216  3981665   18.65%
  26025 19496      162.0540    66      195.9711      159.4218  3992814   18.65%
  26116 19571      159.8525    76      195.9711      159.4220  4004750   18.65%
  26212 19655      160.4658    78      195.9711      159.4225  4014734   18.65%
  26288 19722    infeasible            195.9711      159.4226  4026312   18.65%
Elapsed time = 1774.24 sec. (1803667.29 ticks, tree = 89.49 MB, solutions = 3)
  26413 19827      167.5525    53      195.9711      159.4230  4036386   18.65%
  26465 19869    infeasible            195.9711      159.4231  4044063   18.65%
  26552 19942      159.8804    76      195.9711      159.4232  4051905   18.65%
  26629 20003      168.5305    35      195.9711      159.4232  4062661   18.65%
  26741 20088      159.4980    96      195.9711      159.4241  4074280   18.65%
  26827 20160      165.1427    57      195.9711      159.4242  4084746   18.65%
  26923 20238    infeasible            195.9711      159.4244  4095272   18.65%
  27017 20316      171.9583    70      195.9711      159.4244  4105171   18.65%
  27093 20384      159.7280    66      195.9711      159.4244  4115838   18.65%
  27116 20407      168.5196    79      195.9711      159.4244  4122799   18.65%
Elapsed time = 1832.15 sec. (1842272.09 ticks, tree = 91.43 MB, solutions = 3)
  27188 20471      159.4663    91      195.9711      159.4245  4132152   18.65%
  27273 20538      160.1051    88      195.9711      159.4245  4144372   18.65%
  27360 20613      163.2830    59      195.9711      159.4246  4156351   18.65%
  27445 20680      159.6006    54      195.9711      159.4247  4165890   18.65%
  27531 20750      170.6003    63      195.9711      159.4248  4178098   18.65%
  27603 20798      159.6044    59      195.9711      159.4252  4189952   18.65%
  27692 20873      160.7622    69      195.9711      159.4254  4198435   18.65%
  27748 20909      159.9740    68      195.9711      159.4254  4208732   18.65%
  27810 20955      159.7124    88      195.9711      159.4255  4214960   18.65%
  27826 20971      159.7509    74      195.9711      159.4255  4221287   18.65%
Elapsed time = 1892.71 sec. (1880826.34 ticks, tree = 93.03 MB, solutions = 3)
  27872 21009      160.2998    91      195.9711      159.4255  4225976   18.65%
  27881 21018      161.9124    83      195.9711      159.4255  4228925   18.65%
  27909 21046      169.8256    60      195.9711      159.4255  4234764   18.65%
  27966 21097    infeasible            195.9711      159.4255  4246059   18.65%
  27979 21108      160.4600   113      195.9711      159.4255  4251868   18.65%
  28034 21155      159.8578    85      195.9711      159.4258  4259545   18.65%
  28109 21216      161.1387    50      195.9711      159.4260  4272104   18.65%
  28190 21285      160.6347    62      195.9711      159.4260  4286505   18.65%
  28280 21367      160.7482    61      195.9711      159.4260  4300404   18.65%
  28347 21424      160.7354    58      195.9711      159.4260  4314286   18.65%
Elapsed time = 1935.87 sec. (1920470.49 ticks, tree = 94.32 MB, solutions = 3)
  28405 21474      163.4001    84      195.9711      159.4260  4327970   18.65%
  28473 21531      160.1576    83      195.9711      159.4260  4339460   18.65%
  28531 21585      159.8706    71      195.9711      159.4261  4349742   18.65%
  28623 21657      166.1788    64      195.9711      159.4262  4359034   18.65%
  28710 21728      159.4323    96      195.9711      159.4264  4368002   18.65%
  28809 21815      159.4264   107      195.9711      159.4264  4373548   18.65%
  28911 21901      164.8789    65      195.9711      159.4269  4383066   18.65%
  29011 21991      162.8945    54      195.9711      159.4275  4391696   18.65%
  29071 22039      166.8892    61      195.9711      159.4276  4399744   18.65%
  29154 22108      165.7828    63      195.9711      159.4278  4408236   18.65%
Elapsed time = 2039.67 sec. (1959363.95 ticks, tree = 96.25 MB, solutions = 3)
  29237 22175        cutoff            195.9711      159.4278  4420328   18.65%
  29326 22252      159.4491    96      195.9711      159.4280  4429066   18.65%
  29376 22296      171.4244    77      195.9711      159.4280  4440828   18.65%
  29473 22377      160.5474    52      195.9711      159.4284  4451109   18.65%
  29557 22453      162.0551    55      195.9711      159.4285  4458092   18.65%
  29662 22538      159.6343    70      195.9711      159.4286  4469158   18.65%
  29777 22639      160.0646    69      195.9711      159.4291  4479652   18.65%
  29865 22713      159.5299    68      195.9711      159.4294  4491790   18.65%
  29964 22798      159.4735    70      195.9711      159.4297  4502497   18.65%
  30043 22869      165.5497    71      195.9711      159.4299  4514568   18.65%
Elapsed time = 2106.56 sec. (1997964.32 ticks, tree = 98.42 MB, solutions = 3)
  30135 22945      160.1486    71      195.9711      159.4302  4525435   18.65%
  30235 23031      167.5530    52      195.9711      159.4302  4536501   18.65%
  30310 23096      165.6875    58      195.9711      159.4303  4547075   18.65%
  30414 23178      159.4306    73      195.9711      159.4307  4557693   18.65%
  30476 23236      167.0063    51      195.9711      159.4307  4571673   18.65%
  30537 23285      165.9371    81      195.9711      159.4308  4581736   18.65%
  30607 23347      167.9401    65      195.9711      159.4311  4593504   18.65%
  30717 23435        cutoff            195.9711      159.4312  4602323   18.65%
  30764 23472      159.4364    96      195.9711      159.4313  4614226   18.65%
  30853 23551      173.1844    63      195.9711      159.4313  4626160   18.65%
Elapsed time = 2156.65 sec. (2036381.53 ticks, tree = 100.36 MB, solutions = 3)
  30959 23639      159.6840    60      195.9711      159.4316  4637335   18.65%
  31041 23713      174.9213    59      195.9711      159.4317  4647104   18.65%
  31136 23794      165.6784    64      195.9711      159.4321  4658213   18.65%
  31210 23853      159.5645    67      195.9711      159.4321  4669204   18.65%
  31295 23922      160.5098    79      195.9711      159.4322  4678123   18.65%
  31393 24008      163.1609    55      195.9711      159.4324  4686749   18.64%
  31457 24054      159.4328    75      195.9711      159.4325  4696647   18.64%
  31551 24136        cutoff            195.9711      159.4326  4705018   18.64%
  31620 24195      159.4787    74      195.9711      159.4327  4714056   18.64%
  31707 24268        cutoff            195.9711      159.4329  4724297   18.64%
Elapsed time = 2244.34 sec. (2074748.18 ticks, tree = 102.40 MB, solutions = 3)
  31733 24294      164.1199    61      195.9711      159.4329  4733763   18.64%
  31822 24367      161.7157    62      195.9711      159.4331  4744166   18.64%
  31903 24438      163.3693    71      195.9711      159.4332  4752809   18.64%
  31971 24496      160.0301    54      195.9711      159.4334  4759984   18.64%
  32059 24572      164.3371    61      195.9711      159.4334  4770863   18.64%
  32124 24629      165.9894    56      195.9711      159.4335  4780181   18.64%
  32171 24666      167.1980    77      195.9711      159.4335  4788369   18.64%
  32206 24695      159.7711    96      195.9711      159.4335  4795005   18.64%
  32225 24714      161.7268    69      195.9711      159.4335  4802148   18.64%
  32271 24760      167.7796    46      195.9711      159.4335  4813805   18.64%
Elapsed time = 2311.37 sec. (2113894.50 ticks, tree = 103.79 MB, solutions = 3)
  32315 24788      165.3382   111      195.9711      159.4335  4821042   18.64%
  32369 24832      162.7580    79      195.9711      159.4335  4831508   18.64%
  32476 24930        cutoff            195.9711      159.4335  4842922   18.64%
  32520 24964      161.9161    70      195.9711      159.4335  4856057   18.64%
  32576 25016      161.2832    68      195.9711      159.4335  4865467   18.64%
  32660 25087      163.0380    70      195.9711      159.4337  4876369   18.64%
  32742 25153      161.1539    46      195.9711      159.4338  4887598   18.64%
  32833 25232      159.6127   101      195.9711      159.4338  4898241   18.64%
  32927 25318      163.2595    72      195.9711      159.4338  4907528   18.64%
  33013 25388      161.2693    68      195.9711      159.4338  4919869   18.64%
Elapsed time = 2378.70 sec. (2152668.47 ticks, tree = 105.57 MB, solutions = 3)
  33083 25448      159.5715    82      195.9711      159.4338  4929684   18.64%
  33179 25532      162.0600    69      195.9711      159.4340  4939644   18.64%
  33295 25626      159.4490    79      195.9711      159.4343  4949052   18.64%
  33379 25696      171.4076    78      195.9711      159.4345  4959707   18.64%
  33477 25782      159.6763    68      195.9711      159.4349  4970345   18.64%
  33573 25868      166.7316    49      195.9711      159.4353  4980763   18.64%
  33655 25932      160.4383    50      195.9711      159.4355  4993185   18.64%
  33768 26025      161.4975    72      195.9711      159.4359  5003010   18.64%
  33863 26106      168.6323    57      195.9711      159.4360  5014342   18.64%
  33956 26177      163.1798    74      195.9711      159.4362  5025278   18.64%
Elapsed time = 2450.29 sec. (2191305.68 ticks, tree = 107.81 MB, solutions = 3)
  34024 26236      176.5786    58      195.9711      159.4363  5036998   18.64%
  34114 26308      160.3844    58      195.9711      159.4366  5048908   18.64%
  34222 26398      171.9379    57      195.9711      159.4370  5060540   18.64%
  34324 26470    infeasible            195.9711      159.4371  5071105   18.64%
  34431 26555      159.5769    67      195.9711      159.4376  5083680   18.64%
  34514 26626      163.0632    57      195.9711      159.4379  5094618   18.64%
  34610 26696      159.6916    72      195.9711      159.4382  5107628   18.64%
  34695 26765      161.4188    80      195.9711      159.4384  5118902   18.64%
  34763 26825      166.8548    58      195.9711      159.4385  5126438   18.64%
  34829 26881      165.3393    58      195.9711      159.4387  5137134   18.64%
Elapsed time = 2512.61 sec. (2229879.04 ticks, tree = 109.81 MB, solutions = 3)
  34938 26972      160.3749    73      195.9711      159.4389  5146558   18.64%
  35029 27045      160.4813    68      195.9711      159.4393  5153842   18.64%
  35119 27117      160.6411    62      195.9711      159.4397  5164141   18.64%
  35176 27170      162.0473    61      195.9711      159.4399  5172403   18.64%
  35263 27241      173.9990    58      195.9711      159.4401  5183972   18.64%
  35344 27302      159.6354   103      195.9711      159.4405  5193142   18.64%
  35360 27318      167.1581    87      195.9711      159.4405  5199354   18.64%
  35440 27386      159.4406    75      195.9711      159.4406  5207347   18.64%
  35500 27442      175.2697    58      195.9711      159.4406  5217638   18.64%
  35554 27488      160.0506    75      195.9711      159.4407  5223269   18.64%
Elapsed time = 2578.10 sec. (2268865.40 ticks, tree = 111.52 MB, solutions = 3)
  35627 27541      161.9389    70      195.9711      159.4409  5235683   18.64%
  35720 27618      170.5728    45      195.9711      159.4411  5247708   18.64%
  35787 27667      174.8803    58      195.9711      159.4415  5257171   18.64%
  35890 27740    infeasible            195.9711      159.4416  5267564   18.64%
  35992 27824      168.6751    55      195.9711      159.4420  5277569   18.64%
  36063 27881      159.4557    90      195.9711      159.4422  5287521   18.64%
  36166 27970      160.2438    69      195.9711      159.4425  5296979   18.64%
  36255 28037      164.5716    59      195.9711      159.4427  5309440   18.64%
  36345 28101      161.8218    59      195.9711      159.4429  5321308   18.64%
  36432 28178      170.5109    62      195.9711      159.4430  5331722   18.64%
Elapsed time = 2622.75 sec. (2308128.23 ticks, tree = 113.48 MB, solutions = 3)
  36512 28244      159.5863    58      195.9711      159.4433  5342678   18.64%
  36605 28323      159.6254    74      195.9711      159.4438  5352155   18.64%
  36692 28396      172.7800    63      195.9711      159.4439  5364244   18.64%
  36784 28476      166.5584    56      195.9711      159.4440  5375300   18.64%
  36882 28552      160.3102    48      195.9711      159.4441  5386919   18.64%
  36987 28639      162.1674    61      195.9711      159.4443  5396696   18.64%
  37085 28713      159.6484    87      195.9711      159.4446  5408251   18.64%
  37191 28787      160.1806    70      195.9711      159.4449  5419193   18.64%
  37236 28826      168.0659    78      195.9711      159.4450  5424622   18.64%
  37333 28909      164.9483    71      195.9711      159.4451  5433690   18.64%
Elapsed time = 2675.18 sec. (2346800.10 ticks, tree = 115.56 MB, solutions = 3)
  37418 28972      160.7165    64      195.9711      159.4455  5445394   18.64%
  37503 29042      159.5017    78      195.9711      159.4457  5458038   18.64%
  37603 29126      160.9677    51      195.9711      159.4459  5468444   18.64%
  37701 29210        cutoff            195.9711      159.4461  5478312   18.64%
  37823 29310      160.6496    53      195.9711      159.4462  5490382   18.64%
  37935 29398      160.4342    61      195.9711      159.4462  5502826   18.64%
  38040 29487      162.0712    59      195.9711      159.4462  5512869   18.64%
  38129 29566      167.6297    55      195.9711      159.4462  5521456   18.64%
  38225 29646    infeasible            195.9711      159.4462  5531209   18.64%
  38328 29739      165.3652    46      195.9711      159.4462  5541604   18.64%
Elapsed time = 2744.68 sec. (2385369.87 ticks, tree = 117.91 MB, solutions = 3)
  38404 29799      159.9708    59      195.9711      159.4462  5550670   18.64%
  38478 29863      161.2059    44      195.9711      159.4462  5562855   18.64%
  38536 29911      159.9666    67      195.9711      159.4462  5573495   18.64%
  38613 29980      159.9248    62      195.9711      159.4462  5581039   18.64%
  38709 30066      160.2809    74      195.9711      159.4462  5591008   18.64%
  38824 30169      165.5792    54      195.9711      159.4462  5600811   18.64%
  38886 30221      162.2162    62      195.9711      159.4462  5612001   18.64%
  38951 30276      159.9565    55      195.9711      159.4462  5620601   18.64%
  39025 30336      159.9410    65      195.9711      159.4462  5632119   18.64%
  39082 30385      167.0103    61      195.9711      159.4462  5643736   18.64%
Elapsed time = 2799.84 sec. (2424884.49 ticks, tree = 119.75 MB, solutions = 3)
  39156 30455      175.5447    53      195.9711      159.4462  5654327   18.64%
  39234 30521      162.9060    62      195.9711      159.4462  5667578   18.64%
  39308 30587        cutoff            195.9711      159.4462  5678384   18.64%
  39419 30684      163.6349    65      195.9711      159.4462  5686950   18.64%
  39516 30763      173.3136    54      195.9711      159.4462  5699115   18.64%
  39605 30836      160.0187    73      195.9711      159.4462  5709283   18.64%
  39717 30936      159.9207    69      195.9711      159.4462  5719317   18.64%
  39811 31022      162.8534    56      195.9711      159.4462  5731488   18.64%
  39919 31110      167.7481    67      195.9711      159.4462  5743127   18.64%
  40006 31183      167.7802    72      195.9711      159.4463  5752571   18.64%
Elapsed time = 2848.38 sec. (2463499.85 ticks, tree = 122.02 MB, solutions = 3)
  40068 31235      163.8890    71      195.9711      159.4463  5765665   18.64%
  40160 31312      159.6463    65      195.9711      159.4466  5776004   18.64%
  40269 31409      170.0210    70      195.9711      159.4470  5784983   18.64%
  40381 31501      159.7023    59      195.9711      159.4473  5795719   18.64%
  40483 31585      161.6013    52      195.9711      159.4475  5807273   18.64%
  40585 31667      169.7960    71      195.9711      159.4478  5818680   18.64%
  40640 31708      160.7015    90      195.9711      159.4481  5826892   18.64%
  40677 31745      169.9247    56      195.9711      159.4481  5833932   18.64%
  40748 31798      159.9782   108      195.9711      159.4481  5842262   18.64%
  40787 31833      159.6368    76      195.9711      159.4481  5851504   18.64%
Elapsed time = 2894.25 sec. (2502639.19 ticks, tree = 123.86 MB, solutions = 3)
  40836 31874      166.3842    92      195.9711      159.4481  5859533   18.64%
  40890 31922      160.5558    55      195.9711      159.4481  5868957   18.64%
  40981 31997      163.4644    52      195.9711      159.4483  5879861   18.64%
  41054 32058      160.9579    88      195.9711      159.4483  5891874   18.64%
  41130 32120      167.7717    71      195.9711      159.4488  5903858   18.64%
  41209 32183      161.2737    53      195.9711      159.4491  5916193   18.64%
  41312 32264      163.2168    54      195.9711      159.4493  5928635   18.64%
  41384 32322      160.1702    73      195.9711      159.4494  5939622   18.64%
  41452 32390      170.7170    53      195.9711      159.4494  5952543   18.64%
  41546 32464      160.3507    63      195.9711      159.4495  5962758   18.64%
Elapsed time = 2938.56 sec. (2541176.48 ticks, tree = 125.65 MB, solutions = 3)
  41637 32539      159.4789    67      195.9711      159.4499  5974729   18.64%
  41718 32604      171.5379    61      195.9711      159.4501  5987139   18.64%
  41796 32671      169.1031    59      195.9711      159.4501  5998071   18.64%
  41881 32744      164.6661    91      195.9711      159.4502  6007901   18.64%
  41937 32788      159.7086    82      195.9711      159.4503  6017763   18.64%
  41993 32836      167.5381    71      195.9711      159.4503  6027203   18.64%
  42059 32894      167.6851    55      195.9711      159.4504  6038350   18.64%
  42154 32967        cutoff            195.9711      159.4506  6048025   18.64%
  42253 33048      160.6857    77      195.9711      159.4508  6057812   18.64%
  42303 33088      159.6235    73      195.9711      159.4513  6067375   18.64%
Elapsed time = 2983.12 sec. (2580380.28 ticks, tree = 128.81 MB, solutions = 3)
  42334 33119      160.5263    68      195.9711      159.4513  6080243   18.64%
  42419 33190      163.9816    59      195.9711      159.4514  6089909   18.64%
  42473 33234    infeasible            195.9711      159.4515  6101060   18.64%
  42550 33295      162.3572    59      195.9711      159.4516  6111983   18.64%
  42632 33355      159.4773    77      195.9711      159.4517  6122172   18.64%
  42727 33432      159.4727    80      195.9711      159.4522  6132761   18.63%
  42825 33514      162.5699    55      195.9711      159.4523  6144280   18.63%
  42879 33560      160.8642    69      195.9711      159.4523  6153582   18.63%
  42912 33593      161.7037    73      195.9711      159.4523  6161150   18.63%
  42980 33655      160.3368    71      195.9711      159.4524  6171471   18.63%
Elapsed time = 3027.69 sec. (2618939.01 ticks, tree = 130.42 MB, solutions = 3)
  43070 33737      159.8118    70      195.9711      159.4526  6180101   18.63%
  43152 33809      160.3573    67      195.9711      159.4527  6191297   18.63%
  43274 33917      160.0818    73      195.9711      159.4528  6201955   18.63%
  43363 33994      160.4024    66      195.9711      159.4529  6211998   18.63%
  43464 34075      159.9782    74      195.9711      159.4531  6222751   18.63%
  43569 34161      164.5928    60      195.9711      159.4534  6233448   18.63%
  43661 34239      159.9614    79      195.9711      159.4538  6243355   18.63%
  43692 34266      163.0332    99      195.9711      159.4539  6249602   18.63%
  43756 34322      159.6389    49      195.9711      159.4539  6260918   18.63%
  43869 34423      160.7766    67      195.9711      159.4539  6271542   18.63%
Elapsed time = 3070.92 sec. (2658401.53 ticks, tree = 132.59 MB, solutions = 3)
  43962 34494      164.6526    62      195.9711      159.4547  6283373   18.63%
  44021 34547      160.6342    60      195.9711      159.4548  6296009   18.63%
  44071 34593      168.4181    62      195.9711      159.4549  6307022   18.63%
  44210 34718      163.8872    64      195.9711      159.4549  6317846   18.63%
  44289 34779      162.2473    86      195.9711      159.4551  6330219   18.63%
  44385 34865      160.0900    72      195.9711      159.4554  6340124   18.63%
  44501 34960      159.4636    70      195.9711      159.4556  6351494   18.63%
  44562 35017      166.7571    73      195.9711      159.4556  6360888   18.63%
  44606 35047      159.4777    75      195.9711      159.4556  6372012   18.63%
  44664 35101      166.2344    66      195.9711      159.4556  6384325   18.63%
Elapsed time = 3112.09 sec. (2697142.48 ticks, tree = 134.51 MB, solutions = 3)
  44770 35189      159.8435    74      195.9711      159.4558  6395772   18.63%
  44882 35285      159.5811    71      195.9711      159.4561  6406242   18.63%
  44950 35343      169.2982    76      195.9711      159.4561  6419070   18.63%
  45010 35395      161.5833    79      195.9711      159.4563  6428884   18.63%
  45115 35488      161.8001    72      195.9711      159.4563  6438566   18.63%
  45205 35560      159.6947    59      195.9711      159.4567  6451106   18.63%
  45312 35651      174.0369    45      195.9711      159.4567  6462242   18.63%
  45404 35727      165.8581    60      195.9711      159.4569  6475097   18.63%
  45494 35805      159.4907    79      195.9711      159.4573  6486274   18.63%
  45559 35860    infeasible            195.9711      159.4575  6498855   18.63%
Elapsed time = 3156.42 sec. (2735915.61 ticks, tree = 136.66 MB, solutions = 3)
  45681 35948      159.5162    74      195.9711      159.4581  6509848   18.63%
  45768 36020      159.9973    59      195.9711      159.4582  6518624   18.63%
  45855 36091      160.5463    66      195.9711      159.4585  6527894   18.63%
  45920 36142      161.7229    63      195.9711      159.4586  6538423   18.63%
  46002 36208      159.6497    71      195.9711      159.4588  6547127   18.63%
  46074 36274        cutoff            195.9711      159.4592  6556703   18.63%
  46148 36338      160.7497    61      195.9711      159.4594  6564631   18.63%
  46213 36391      169.5284    66      195.9711      159.4595  6573983   18.63%
  46297 36451    infeasible            195.9711      159.4597  6585306   18.63%
  46385 36512      171.7434    58      195.9711      159.4597  6597318   18.63%
Elapsed time = 3195.87 sec. (2774825.16 ticks, tree = 138.51 MB, solutions = 3)
  46483 36588      165.7644    62      195.9711      159.4597  6610382   18.63%
  46616 36695      159.8705    69      195.9711      159.4597  6620524   18.63%
  46732 36781      160.2392    62      195.9711      159.4597  6631591   18.63%
  46842 36861    infeasible            195.9711      159.4597  6641533   18.63%
  46947 36944      164.2525    60      195.9711      159.4597  6651870   18.63%
  47030 37005      159.4601    82      195.9711      159.4601  6662068   18.63%
  47122 37083      160.4191    71      195.9711      159.4603  6672632   18.63%
  47145 37104      166.9128    52      195.9711      159.4603  6674246   18.63%
  47225 37172      172.1868    75      195.9711      159.4606  6683323   18.63%
  47338 37267      160.2099   101      195.9711      159.4608  6694083   18.63%
Elapsed time = 3282.25 sec. (2818130.59 ticks, tree = 140.66 MB, solutions = 3)
* 47345+37271                          194.6351      159.4608            18.07%
  47434 37350      164.2667    57      194.6351      159.4609  6703566   18.07%
* 47445+37355                          194.4464      159.4610            17.99%
  47487 37395      159.5473    93      194.4464      159.4610  6706578   17.99%
  47545 37446      160.1576    89      194.4464      159.4614  6713619   17.99%
  47616 37513      166.3952    73      194.4464      159.4615  6723780   17.99%
  47645 37538      162.0847    73      194.4464      159.4615  6731956   17.99%
  47703 37591      164.8046    76      194.4464      159.4615  6744019   17.99%
* 47745+37599                          193.6630      159.4616            17.66%
  47745 37601      161.0046    61      193.6630      159.4616  6753126   17.66%
  47841 37682      165.1851    51      193.6630      159.4620  6764257   17.66%
  47935 37756      160.2667    70      193.6630      159.4620  6775834   17.66%
  47945 37762      159.4620    77      193.6630      159.4620  6776581   17.66%
Elapsed time = 3451.32 sec. (2950282.11 ticks, tree = 142.06 MB, solutions = 6)
  48021 37826      162.6946    54      193.6630      159.4621  6788833   17.66%
  48045 37846      164.3127    63      193.6630      159.4621  6790873   17.66%
  48145 37926      167.0541    62      193.6630      159.4622  6800458   17.66%
  48232 37995      159.7777    49      193.6630      159.4628  6812201   17.66%
* 48245+38000                          192.8217      159.4628            17.30%
  48282 38029      165.5578    94      192.8217      159.4629  6821378   17.30%
* 48345+38080                          192.5941      159.4630            17.20%
  48351 38088      164.0152    53      192.5941      159.4630  6831112   17.20%
* 48445+38145                          190.7578      159.4635            16.41%
  48445 38147      159.7751    65      190.7578      159.4635  6841725   16.41%

GUB cover cuts applied:  11
Clique cuts applied:  12
Cover cuts applied:  4
Implied bound cuts applied:  49
Flow cuts applied:  12
Mixed integer rounding cuts applied:  208
Zero-half cuts applied:  4
Gomory fractional cuts applied:  16

Root node processing (before b&c):
  Real time             =   14.87 sec. (13794.72 ticks)
Sequential b&c:
  Real time             = 3585.13 sec. (3042678.03 ticks)
                          ------------
Total (root+branch&cut) = 3600.00 sec. (3056472.74 ticks)
